0.902703
0.839606
0.969508
1.13491
0.984193
1.1099
0.964795
0.933126
1.07888
0.979357
1.17432
1.17713
1.00961
1.03155
1.04648
1.01394
0.903237
1.00391
0.949815
0.998437
0.873528
1.15239
1.10912
1.0599
1.01082
0.971685
1.00678
0.936886
1.0633
1.12839
0.977389
1.01467
1.14346
0.989025
0.842138
0.994424
1.08176
0.930613
1.16387
0.780232
1.00434
0.863157
1.10775
0.936664
1.01491
1.08327
1.14786
0.921804
0.925215
0.877888
1.07095
0.97067
1.03422
0.858392
0.991144
0.968943
1.0891
1.00637
1.11343
1.05679
1.07572
0.883181
0.969016
0.868442
0.918132
1.2333
1.18232
1.0913
0.838243
1.07308
1.00557
1.00153
1.00829
0.979342
0.982363
0.904225
0.94933
0.939342
1.01981
1.01202
1.04282
0.959223
0.965189
1.11215
0.869507
1.07458
0.894966
1.1009
0.973605
1.14447
1.02696
0.899371
0.989556
0.87419
1.04441
0.988945
1.00674
1.02136
0.947394
0.975294
1.01222
0.854224
1.04148
0.885161
0.893936
0.778977
0.836616
0.971472
0.983484
0.929598
1.08484
1.03731
0.904605
1.18058
0.875574
0.962132
1.16715
1.15858
0.938455
0.92465
0.931008
1.26652
1.0997
0.943451
0.927687
1.12149
1.01994
0.961938
1.04045
0.948609
1.25929
1.09535
0.93088
0.971507
1.27227
0.890413
1.05525
0.912529
0.958432
1.13346
0.952993
0.991666
1.02966
0.969495
0.936757
1.01859
1.02254
0.975015
1.00359
0.811055
0.993855
1.17092
1.03434
1.10062
1.22769
1.04789
0.961348
0.843533
1.1904
1.12083
1.00967
1.11332
1.23955
1.15199
1.09126
1.15104
1.10152
1.08703
1.1342
0.876961
0.872932
1.14244
0.922501
0.992039
1.17667
0.900856
1.05159
1.06847
1.00827
1.11038
1.05014
0.94054
1.06239
0.939486
0.892806
0.879211
1.12827
0.789752
0.750294
1.06828
0.943398
1.02733
1.03288
0.897422
0.990463
1.00661
0.998373
0.957168
0.948544
0.966668
0.967327
0.952552
0.852113
0.946272
0.880331
0.955358
0.964713
0.936898
0.902082
1.07411
1.0411
1.14378
1.02455
1.02383
0.995336
1.00194
1.01437
0.879187
1.16233
0.897521
1.06301
0.936636
0.900109
1.13041
0.96275
0.972128
0.810584
1.01632
0.905468
0.863094
1.17159
1.13281
0.995514
0.910925
1.03819
0.833287
0.950088
0.83822
0.963408
1.12955
0.894545
1.0507
0.888806
0.888741
1.02333
0.90204
0.897871
0.992293
0.91129
0.9689
0.950211
1.10405
0.970135
0.861734
0.974875
0.874594
0.868129
0.985183
1.02956
0.994031
1.12648
1.01075
0.876071
0.861188
0.898915
1.08652
0.888972
0.959597
0.99376
1.26317
0.896169
0.869304
1.05366
1.0945
1.06096
0.974419
1.00388
0.82857
1.03356
1.19126
1.02115
1.04716
1.06531
0.938776
1.12973
1.17635
0.988047
1.06422
0.961764
1.00548
0.952791
0.936305
0.918782
1.15163
1.11706
0.832939
1.01971
0.853599
0.928795
1.10814
0.877813
1.08258
0.893009
1.15663
1.0788
1.02362
1.10143
1.01536
1.07159
0.937499
1.05098
1.09026
1.1297
0.962988
1.09627
1.0672
0.991497
1.081
0.812218
0.931482
1.1456
1.03669
1.18776
0.902065
1.02702
1.18778
1.07188
0.981999
0.837538
1.02283
1.04421
0.838804
0.938656
1.12593
1.06035
0.964066
0.812865
0.912724
0.911825
1.01624
0.941667
0.977324
1.07328
1.02917
0.902484
0.974625
1.03528
1.07601
0.781394
1.18062
0.971651
0.988978
1.12807
0.973505
0.879648
1.08161
1.11064
1.06759
0.980903
1.12388
0.970244
0.912989
0.922506
0.859617
0.959025
0.951485
1.00815
0.866067
1.08109
0.957119
1.07221
0.972942
1.19279
1.06416
1.0179
0.980052
1.22649
0.984021
1.03863
1.04951
0.951418
1.07566
0.948029
1.05801
0.930054
0.976273
1.07281
1.01531
0.974521
1.14609
0.833477
1.15447
0.846586
1.15112
0.944982
1.03223
0.925264
0.984299
1.08043
0.952611
1.01148
0.8532
1.10591
0.975011
0.967832
1.06478
0.85616
1.17279
0.902968
0.906338
0.901544
0.834401
1.04673
1.00107
0.929187
1.02754
0.840221
1.03039
0.755693
0.957157
1.10715
0.882845
0.951403
0.924418
1.18654
0.889247
1.04946
0.914495
0.926752
1.11107
0.891967
0.983588
1.22543
1.16542
1.00574
1.11743
0.976689
0.936555
0.928727
0.80871
0.998005
1.0403
1.096
0.970999
0.969376
1.03867
0.977887
1.02928
1.05808
1.06092
0.934319
0.980607
1.10034
1.00368
1.03891
0.97494
1.05495
0.833111
0.834624
0.815529
0.813222
1.04845
0.913936
1.21563
0.731291
0.946756
0.958739
0.97371
0.979271
0.947269
1.00548
1.03815
0.872651
0.978676
0.97534
1.14774
0.972462
1.02029
1.12083
0.911051
0.938035
1.1398
1.05929
0.960547
0.970392
0.963273
0.881446
1.03365
1.00551
0.954399
1.0988
0.96819
1.03338
1.08868
1.03353
1.0192
1.01097
0.939418
0.919114
1.08687
1.10731
1.10186
0.816714
0.910333
1.18253
0.917157
1.13758
0.981508
0.954203
0.799618
1.02865
0.974894
1.24245
1.07155
0.997274
0.88681
0.897894
1.13996
0.986077
0.953988
1.10844
1.0869
1.12715
0.864264
0.957241
0.885943
1.06151
0.970968
1.06318
0.93737
0.920618
0.953885
0.985092
1.11732
0.97227
1.13619
0.924804
0.969053
1.03998
1.00538
1.0656
0.948425
0.887564
1.01943
0.998323
1.05477
1.11443
0.945298
0.91814
1.03396
1.1889
1.18922
0.972287
0.922376
1.10613
1.11345
0.872629
0.886353
0.993956
0.741369
1.02465
0.958555
0.933215
0.953532
0.905792
0.96491
1.02693
0.925733
1.08048
0.916344
1.08122
1.07828
1.03521
0.95351
1.11866
0.967678
0.882707
1.1429
0.959693
0.963942
0.92607
0.992585
0.845065
0.885702
1.16756
0.897065
1.03682
1.09626
1.03903
1.02522
1.09178
0.894677
0.964411
0.904114
0.791121
1.00944
1.10935
0.966486
1.04864
1.06007
0.950515
1.01135
0.983843
0.923555
1.19857
1.11066
0.7599
1.04836
1.01942
0.928709
0.9196
1.08642
1.21493
0.957147
1.06835
0.893888
0.988116
1.03946
0.918052
0.944506
1.02532
1.04277
0.980736
0.936218
1.02202
0.858214
0.924018
1.11127
1.08281
1.18746
1.15811
1.03863
0.958946
0.838627
0.975085
0.714715
0.929804
1.14586
1.14145
1.01505
1.1179
1.1706
0.832549
1.12348
0.869219
1.07347
0.998048
0.975706
0.976358
1.28615
1.12031
1.0657
0.962848
0.907092
0.937528
1.06488
1.08648
1.01505
0.90524
0.994232
0.994485
0.945043
0.937661
0.906886
1.10924
0.77216
0.988008
0.964111
0.846723
1.01724
1.0583
1.02174
1.18268
1.01482
1.07482
0.978921
1.02715
1.07002
1.02708
1.03764
0.863622
0.919817
0.921446
0.883564
1.09613
0.969595
0.86552
0.939514
0.913127
1.03312
1.11275
1.11736
1.03413
0.963469
0.973841
1.21227
1.23711
1.08461
0.970457
0.981887
1.05791
0.981498
0.964219
1.08724
1.11919
0.964176
0.966733
1.01071
0.917004
0.935287
0.907157
1.08154
0.910583
0.95092
1.13431
0.997875
0.961532
0.945726
1.05947
0.949943
0.897793
1.06916
1.01454
0.973495
1.04586
0.922347
1.03232
0.974875
1.03399
0.79363
0.944254
0.876095
0.994797
1.11976
1.06973
1.02673
0.914511
0.98919
0.830561
0.996253
0.967008
0.909968
1.0643
0.939451
0.985967
1.06828
0.874187
0.896871
1.02938
0.978355
1.19435
0.95992
1.01787
1.06223
1.08729
0.881914
0.966631
0.793276
1.01962
0.984198
1.13735
1.09639
0.904786
1.02589
1.0265
0.89822
1.04914
0.958911
0.943925
0.989415
0.934189
0.998751
1.08643
0.886414
0.951697
0.926278
1.03939
1.08773
0.858834
1.02293
0.914495
1.10905
0.882017
0.916588
1.05916
1.0574
1.13609
0.987669
1.20344
1.08243
1.00415
0.830177
1.03168
1.00072
1.0067
0.869945
1.00062
1.04367
0.898184
0.998136
1.02041
0.904361
1.08614
0.837429
1.17928
0.945875
1.07811
1.12862
0.962971
0.838635
1.15958
1.06292
1.18173
0.893263
0.921379
1.16239
1.01242
0.897189
0.991424
0.955528
1.15286
0.838734
1.14905
0.904329
1.03798
1.07846
0.91002
1.01467
0.88364
1.01455
0.947069
0.936838
0.820906
0.924358
1.04897
0.931681
1.02992
0.994811
1.02078
0.970541
0.953048
0.993843
0.878809
0.935057
0.995686
1.02371
0.830873
0.909881
1.02186
1.08296
0.969342
0.906438
1.01007
0.879274
0.979062
0.976238
0.945306
0.888618
0.961826
0.969726
1.10173
0.965901
1.06134
1.00314
1.2485
1.00782
0.914479
0.925726
0.983928
0.955098
1.03645
1.04917
1.053
0.83711
1.01702
1.13978
1.00309
0.942193
1.10075
1.06257
0.920239
1.11279
1.09156
0.863539
0.895462
1.11404
1.04782
0.903851
0.87448
0.919377
0.909181
1.00495
1.08453
0.992295
1.09747
1.1562
1.04535
1.09425
1.13504
0.97662
1.01241
0.93577
1.07537
0.910698
1.04291
1.06617
1.1812
1.16745
1.02474
0.863763
0.919424
0.814709
0.952787
0.959926
0.964272
0.924133
1.22646
0.985486
1.06091
1.02062
0.929784
0.939004
0.925783
0.866278
0.929328
1.04906
1.13165
0.945036
0.788052
0.818401
1.03794
1.2049
0.873475
0.974372
1.07555
0.966965
1.13025
0.954056
1.10724
1.10703
0.934559
0.961726
1.08472
0.94189
0.875048
0.9262
0.986272
1.02672
1.02596
1.04228
0.910491
1.11616
1.02272
0.905144
1.07883
1.08733
0.824336
1.03767
1.04647
1.07708
1.17795
1.06958
1.04845
0.883176
0.875882
0.932973
0.95597
0.83686
1.1636
0.980743
0.892857
1.19734
0.939873
0.964345
0.979393
0.928493
0.934392
0.946202
0.990472
1.04729
0.904775
0.889483
1.09368
0.797275
1.04573
0.805796
0.913998
1.02495
0.976868
1.06596
1.0318
1.22587
0.950487
0.848216
1.06045
1.0276
1.02637
1.04427
0.979533
0.805915
1.16234
0.998852
0.898453
0.85812
0.945837
0.922276
0.982788
1.01375
0.929861
1.03498
0.98249
1.12038
1.18139
1.06667
1.08461
0.9191
0.859932
0.989952
1.22072
0.980866
1.10175
1.09653
0.941376
0.976782
1.2132
0.878041
1.08105
0.9572
0.974138
0.981711
1.16496
0.868442
1.01044
0.816638
1.06703
1.07487
1.17941
0.875119
0.863539
1.00907
0.952248
1.01464
1.22292
0.955742
1.10409
1.02692
0.980034
1.40275
1.01117
0.973997
1.13908
0.988473
1.01067
1.02252
1.07671
0.987746
0.809654
0.80175
1.06773
0.898351
0.998328
0.983039
0.959246
0.97231
0.966762
1.09483
0.849494
0.88884
0.892593
0.764312
1.03282
1.14199
0.90913
0.979537
1.06046
1.02771
0.959848
0.965542
1.07503
0.939126
0.898278
0.901038
0.958406
1.08461
0.936991
0.934917
0.922471
0.844902
0.915609
0.938778
1.07556
0.9755
1.16254
1.04226
0.867124
1.03888
1.06606
1.06847
1.06375
1.12335
0.968726
0.983848
0.901362
1.1657
0.921242
1.11313
1.09862
0.952536
1.05114
0.998197
1.08706
0.926048
0.886309
1.09121
0.933508
1.00566
0.858011
0.964069
0.956635
1.0534
1.10113
1.09712
1.02913
1.17743
0.921492
1.13424
0.969702
0.983614
1.00751
0.872138
1.01405
0.775087
0.875916
1.11686
1.12937
0.943473
1.00247
1.00821
1.1592
0.96141
0.926759
0.98622
0.956915
1.03047
1.09378
1.00778
1.06345
1.1313
0.815621
1.00196
0.971751
1.02563
0.950457
1.05414
1.03468
1.23372
1.0652
1.05406
1.05257
1.05337
0.977986
1.06243
1.11677
0.881969
1.06722
0.943891
1.11774
0.980468
0.966709
0.981228
0.844349
0.96135
0.921826
1.01058
0.962219
0.983381
1.13982
0.968335
0.893927
0.994813
1.0201
0.950074
0.912121
1.00754
0.832695
0.961942
1.00202
0.946816
1.11363
0.812284
1.05315
0.949562
0.874006
1.08681
1.21967
1.03712
0.891561
1.12076
1.15828
0.934372
1.14809
1.1778
0.915974
1.09805
0.971427
0.909128
1.10731
0.939797
1.14779
0.949125
0.871919
1.03913
0.904312
0.994287
1.05741
1.20092
0.868095
0.975192
1.25956
1.00315
1.05385
0.91975
1.07111
0.986298
1.07597
0.942563
1.21197
1.01642
0.907586
0.855778
1.00356
0.898634
0.986756
1.08693
1.07402
1.01049
0.965157
1.04682
1.09333
0.934454
0.78882
0.940124
0.895965
0.975927
1.06401
1.09187
1.04742
0.898862
0.886316
1.01517
0.997234
1.00152
0.97426
0.975
1.13056
0.828094
0.936815
1.0632
1.04931
0.93462
1.02313
0.838266
0.986804
0.983428
0.903663
0.977412
0.848906
1.02833
0.994042
1.14386
1.04813
0.775666
1.06553
0.997555
1.0503
1.09947
0.976806
0.828558
0.996596
1.13352
0.89145
0.914211
0.965511
1.1368
0.979226
1.1272
1.20564
1.12538
1.07379
1.041
1.10979
0.933467
1.02013
1.03135
0.865446
0.915858
1.12767
1.21928
0.79065
0.938629
1.01318
1.01311
0.833753
0.98963
0.975311
1.04912
1.07281
1.02083
1.12791
1.10764
0.982689
0.916364
1.08716
1.00588
1.08163
0.931715
0.793434
0.965104
0.950234
0.918115
1.07016
0.935564
1.09698
0.995146
1.04011
1.09621
1.09063
1.083
0.820092
1.06651
1.18628
0.816845
1.01809
1.05861
1.02392
0.996298
0.964718
1.08906
0.965814
0.988208
0.869657
0.943823
1.00955
1.02159
0.90861
0.933457
0.938984
0.800532
0.787456
0.921193
0.980352
0.871361
1.00564
1.15003
0.965829
0.996985
1.02327
1.01784
1.03919
1.01958
1.06787
1.08806
1.04184
1.14858
0.894155
1.05213
0.948188
0.996069
1.14507
0.878229
1.00066
0.989804
1.02324
1.04005
0.899671
0.892445
1.09125
1.13221
0.988065
0.953465
1.16269
0.902614
0.901023
0.858412
1.01264
0.917741
0.927631
1.01799
0.924345
1.01039
0.983045
0.730006
1.03908
0.895185
1.13648
0.987485
0.982792
1.08081
1.03004
0.987942
1.11954
1.05289
1.07205
1.11554
0.762775
1.05366
1.00604
0.966852
1.02576
1.08929
1.03513
0.97839
1.03374
0.899268
1.02793
1.0703
0.981878
0.920985
0.97915
0.942736
0.933566
0.864572
0.973214
0.836198
0.944275
0.97107
1.09653
0.91888
1.10382
0.858903
0.878705
1.05841
1.08073
1.12675
1.04644
1.123
1.05211
0.99313
1.00372
0.906496
1.06394
0.866129
1.07243
0.918312
1.00898
1.06047
1.05445
1.1105
1.0747
1.04194
1.05983
0.832064
0.931186
0.904557
0.998806
1.12174
0.928905
0.966185
0.874868
0.982843
0.925378
0.828618
0.912167
0.785973
0.870458
0.963872
1.09018
0.720982
0.971606
1.00191
1.01882
1.0553
1.02544
0.919625
0.966722
1.11097
1.02839
1.10131
1.07221
0.867791
0.931454
0.873324
1.02723
0.911132
0.992618
1.06044
0.907192
1.00916
0.943304
0.917613
0.978879
0.843726
0.869803
0.988263
1.21446
1.06669
0.985455
0.838631
1.05485
0.960588
0.845319
0.932418
1.07799
1.0575
1.09701
1.09309
0.891113
1.00204
0.900528
0.897526
0.831603
1.11132
1.06378
1.0105
0.919472
1.19649
0.907883
1.00417
0.902026
1.04978
0.919417
1.08692
1.16905
0.996978
0.959561
0.987217
0.922223
0.790275
0.851834
1.01839
1.0586
0.690625
1.07888
0.926192
1.15152
1.10763
1.00914
1.05095
0.955777
0.879705
1.01511
0.915592
1.03091
1.06451
1.01759
1.02954
0.924909
1.09403
0.989879
0.756419
0.92058
0.973971
1.00711
1.0195
1.09414
1.01423
0.879122
1.0145
1.0159
0.9355
1.06866
1.19644
1.22991
1.05824
0.775114
0.933746
0.948992
0.98562
0.846278
0.913448
1.27446
0.975102
1.16802
0.987085
0.955421
1.10988
1.10156
1.00714
1.04785
0.893845
0.855863
1.00539
1.20554
1.07903
0.864928
1.22115
1.06639
1.01274
0.96089
1.07758
1.02433
1.14582
1.0765
1.10541
0.964409
1.04303
0.889311
0.951135
1.00303
0.97639
0.856024
0.977066
1.00673
0.935843
1.04681
0.909231
0.864868
0.823969
0.948878
0.750264
1.00996
1.01111
0.840062
0.991567
0.991408
1.05679
0.975115
0.857544
1.06474
1.00936
0.936038
1.08564
1.02237
1.08272
0.998511
1.27242
0.982496
0.920921
1.06613
1.04899
1.01049
0.879975
1.03531
0.868384
0.835476
0.861653
0.826889
0.915623
0.995559
1.23507
0.8912
0.953727
1.06573
1.03974
1.01872
1.11786
1.078
0.96523
1.03495
1.12818
1.05392
1.16921
0.943996
0.998207
0.87703
1.00702
1.03737
0.967985
1.07105
0.976429
1.31144
0.961106
1.08997
1.11422
0.919166
0.919352
0.927029
1.13859
0.902273
1.16616
0.999637
0.998511
1.0307
1.02594
0.853175
1.04559
1.08014
0.88346
0.918284
1.10236
1.02347
1.08581
1.10237
0.950787
0.835032
1.1317
1.14572
1.11087
1.06837
1.02782
0.823484
0.899692
1.00121
1.1704
0.9773
0.922179
1.20091
0.978473
1.03857
0.937006
0.942319
1.06809
0.94533
0.852494
0.961254
0.944915
0.965898
0.783269
1.11631
0.903753
0.885162
0.970989
1.01025
1.07729
0.793432
0.81298
0.901421
0.912543
0.986708
1.0367
1.02478
1.03086
1.06144
0.922945
1.04653
1.09381
0.944536
0.870252
1.30542
0.992031
1.07107
0.936005
0.987741
0.99674
0.904538
0.918819
0.920667
1.25769
1.06896
1.0189
0.807071
1.09049
0.90408
0.942074
1.13022
1.02019
0.947068
1.01186
1.02902
1.14931
0.987758
0.880446
0.859172
1.01429
1.06284
0.961847
0.886734
1.09398
1.20641
0.849337
0.776656
1.06232
0.841134
1.08552
1.08823
1.0626
0.983452
0.984216
1.23681
0.959156
1.13461
1.0195
0.9954
0.949057
0.955518
0.900344
1.02717
0.989797
0.910154
0.98024
0.967363
0.939445
1.03563
0.754821
0.972412
0.981648
0.988299
1.03355
1.06726
0.928417
0.968305
1.10004
0.965865
0.844446
0.862295
1.08624
1.0989
1.01501
1.10814
1.00475
0.828687
0.832622
0.986561
1.1352
0.937073
1.07556
1.20618
1.04905
0.932067
0.938435
0.949052
0.980508
1.07634
0.941793
1.28523
0.998406
1.15005
1.07968
1.05633
1.08221
0.960827
0.935959
1.1011
0.989114
1.09167
0.926017
0.93237
1.04834
1.05679
1.05484
0.976181
0.886131
0.944153
0.99863
1.01276
1.11188
0.956429
0.92177
1.06074
0.958009
0.995903
0.836499
1.13733
0.815483
1.03205
0.750542
0.959645
1.18298
0.977776
1.05202
0.931312
0.835098
0.911658
0.909926
0.969676
1.15168
0.971292
1.05179
0.976337
1.05845
0.892234
1.08766
0.97468
0.866574
0.861431
1.11638
1.07751
1.13027
1.03468
1.13976
1.03927
0.927322
0.934183
0.921151
0.906436
1.01528
1.0154
0.992708
0.870639
0.979179
0.873363
1.17816
0.92863
1.01907
1.20148
1.01564
0.885672
0.938245
1.01712
0.828166
0.881555
1.07402
1.09986
0.942074
1.02094
0.909108
0.981043
0.96329
0.99656
0.973128
1.2535
0.971939
1.0215
0.930653
1.08213
1.0567
0.882681
0.99779
1.0662
0.91279
0.981231
0.998246
0.99824
0.948445
0.912615
0.987923
1.11099
0.903647
1.1077
0.847036
0.949997
1.04586
1.01545
0.93502
0.952298
0.889859
1.01532
1.0519
0.975593
0.906964
1.13745
1.03661
1.00509
0.762804
1.24648
1.01231
1.06571
0.995551
1.05855
0.954858
0.937323
1.02987
0.991965
1.13628
1.09271
0.937038
0.914874
0.909202
1.01272
1.10935
0.900693
1.15054
1.10205
1.0117
0.886382
0.829522
1.07431
0.983037
1.0396
0.939609
0.855552
1.11865
0.921399
0.975247
1.05701
0.978091
1.04918
1.02181
0.804916
0.992688
0.898346
0.953005
0.998761
0.791903
0.846516
1.0477
1.04963
0.976532
1.04915
1.02548
0.82132
0.885378
1.19066
0.994153
0.882726
0.727949
0.934572
0.972353
1.01694
0.969051
0.983265
0.914874
1.01616
1.12428
1.074
1.01147
0.977699
1.02272
0.850897
1.01673
0.938306
1.17419
1.01923
1.00258
0.900828
1.08113
0.981071
1.0058
1.1137
0.980241
1.04473
1.00408
1.08112
0.997197
1.04714
1.05937
0.712541
0.837005
0.953955
1.1454
1.03728
0.945517
1.07214
1.01239
1.04405
0.957717
0.965101
0.858655
1.01746
1.02044
1.01245
1.20986
1.12903
1.02705
1.12048
1.10622
0.979065
0.968741
0.930421
1.04213
1.15599
1.03985
0.884677
1.32933
0.94915
1.04227
1.21885
0.988871
1.07794
1.02618
0.994668
1.14796
0.858052
1.03053
0.876268
1.15193
1.05051
0.911769
1.15178
0.896216
0.936737
0.954748
1.03153
1.06512
0.822026
0.851153
1.09762
0.733105
0.862959
1.05817
0.840534
1.19433
1.19351
0.948581
1.04553
0.845269
0.97105
0.889489
0.947727
1.13583
0.870075
1.16233
0.834472
0.988703
1.07506
1.03808
1.11403
0.875018
1.04376
1.13112
0.956978
0.992513
1.00939
1.01394
0.808088
1.04314
0.906416
1.13383
0.947166
1.08272
0.988694
1.13567
1.05575
0.895131
1.11031
0.944196
0.994533
1.04011
0.925234
0.909112
1.00299
0.977462
0.906671
0.928221
1.06383
1.02573
1.0695
0.923675
0.86211
1.01472
1.10408
0.986912
0.97446
0.979074
0.920854
0.984763
0.9706
0.8557
0.888551
0.954611
0.843257
0.950926
1.03797
1.03563
0.876879
0.946876
0.833253
0.854628
0.952793
1.02937
1.10131
0.898602
1.16803
0.90779
1.13024
1.05143
0.944898
0.924464
0.920004
1.06441
0.984775
0.965761
1.01043
0.962732
1.06479
0.824823
0.949098
0.836577
0.970316
0.997554
0.844809
1.17477
1.0263
0.920674
1.15327
1.02515
1.0593
0.87431
0.890147
1.07288
1.03044
0.972434
1.08961
1.07771
1.16067
1.15014
1.08059
1.24209
0.753019
1.03004
0.968114
1.01346
0.958711
0.883155
1.03443
1.11346
1.08645
0.89302
1.19278
0.940985
0.907257
0.880736
0.995358
0.920022
0.862257
1.17381
0.987036
0.903021
0.990567
0.94119
0.827128
1.02139
1.03625
0.929101
0.91111
0.913159
0.942923
0.850802
1.03506
0.923076
0.979266
1.13142
0.906988
1.11821
1.1816
0.942085
0.785069
0.771568
1.03826
1.19974
0.986835
1.109
0.802575
0.910456
1.08574
1.0263
0.938067
0.928684
0.872416
1.00774
0.99984
0.927316
0.860863
0.991012
1.04036
1.00551
0.897717
0.875381
0.865643
1.04933
0.90567
1.06021
0.944351
0.96943
0.985539
0.914612
1.10778
0.768119
1.11224
1.11504
1.02636
1.12275
0.942346
0.896555
0.953175
0.894724
0.957477
0.935103
1.08812
0.947283
1.06716
0.873993
0.956514
1.02723
1.15252
0.940521
0.997132
0.963884
1.14251
1.02532
0.982855
1.06556
1.04201
0.956953
1.02494
0.990575
1.00192
1.13602
0.89965
1.07495
0.900832
0.970785
1.0262
1.04651
0.897892
1.104
1.00438
1.0606
1.03199
0.890879
0.830704
0.936338
0.787062
0.823485
0.953916
1.13824
1.32636
0.977837
0.948106
1.03975
1.06922
0.914514
0.965343
0.984398
0.989701
1.02764
1.00601
0.990462
0.919917
1.1331
1.11541
1.13011
0.865
0.954444
0.918465
1.15265
1.06223
1.10126
1.07482
0.885963
1.02207
1.01591
1.08119
0.923288
1.05334
0.967018
1.09388
1.06215
1.00879
1.02668
1.02545
0.858841
0.861139
0.955539
1.11146
1.064
0.848265
0.88686
0.999224
0.973277
0.914687
0.862154
0.98385
1.03035
0.921137
0.917283
1.13376
1.03972
1.11538
1.04836
0.96891
1.03243
1.10103
1.1495
1.01581
0.952909
1.05855
0.943466
1.04544
0.963484
0.85677
0.866359
1.10264
0.914389
1.11199
0.96768
1.03306
1.04448
0.947602
0.991736
1.15361
0.982133
0.948608
1.02864
0.947327
0.920859
0.744026
1.01204
1.08063
1.10574
1.08806
0.885683
0.973676
0.813099
1.11079
0.929327
0.941855
0.993673
1.17973
0.864065
1.05473
0.941455
1.14592
1.05516
1.10324
0.949621
0.992637
0.965827
1.07364
1.00219
0.88593
1.11108
0.96108
1.17842
0.93204
1.066
0.83596
1.14132
0.936068
0.969291
1.09498
1.00364
1.05272
1.06703
1.19395
1.07518
1.03847
0.872801
1.04298
1.03862
1.11289
0.868491
0.943866
0.924844
1.0348
1.07313
0.945148
0.941866
0.941555
0.809506
0.895362
0.831555
1.125
1.06709
1.07822
0.915352
0.986946
1.01526
1.03179
1.01471
1.11299
1.13147
1.09166
1.01814
0.976568
1.14455
0.861323
0.967198
0.962942
0.878422
1.06532
1.03584
1.02463
1.09098
0.990731
1.03123
0.909539
0.986228
1.03684
1.09193
1.0165
0.971292
0.812854
1.01914
1.08443
0.905986
0.868567
0.962915
0.903867
1.02789
0.989859
0.891401
1.04476
1.03445
1.03961
1.03445
0.944411
0.899178
0.856665
0.967898
1.01213
0.878931
0.992302
0.968799
0.899081
1.00282
0.948153
1.23109
1.08424
1.18376
1.01815
0.852802
0.980154
1.09874
1.00779
1.15983
1.01446
1.04337
0.993929
0.956132
0.967188
0.984673
0.86787
1.1773
1.08991
1.07612
0.934601
1.06366
1.08229
0.861162
1.0979
0.957419
1.0341
1.00035
1.0157
0.914309
1.0631
0.906107
0.95738
1.1703
1.04076
0.96993
0.905662
0.992441
0.910798
1.0103
1.00657
0.95812
1.03478
1.09472
1.24127
1.18981
1.00543
0.834286
0.807692
1.04478
1.05878
1.17941
0.997396
0.88225
0.962527
0.886827
0.906344
1.11151
1.15175
1.21971
1.16192
0.931602
1.04764
0.966706
1.04995
0.848092
0.944958
1.07722
1.06371
1.03733
0.996262
0.903093
1.11284
1.1365
0.908206
1.09725
0.957974
1.02003
0.876124
1.0972
1.01287
0.854733
1.12919
1.15063
0.928613
1.06201
0.918609
0.857501
1.04723
0.882428
0.841138
1.07091
0.945853
1.16955
1.15114
1.07852
0.952409
0.830953
0.960194
0.905973
1.1738
1.13776
1.00533
1.0825
1.2341
1.01559
1.09082
1.03285
1.16508
1.0513
0.851202
1.02215
1.03594
0.824285
0.945334
1.16975
0.90277
1.13659
0.911405
0.877155
0.960688
1.07372
0.967567
1.15305
1.04226
0.858542
0.995239
0.99035
0.828662
1.0455
0.990787
0.894149
1.08268
1.2557
0.903406
1.08592
1.07387
1.11893
0.895166
0.861871
1.01028
0.839225
1.001
0.824299
1.10445
1.06684
0.846232
0.921187
0.979475
0.848265
0.94108
1.10822
0.894646
1.10066
1.15347
1.06129
0.991379
1.11789
0.930858
0.928774
1.07003
1.06011
0.96569
0.951319
1.09518
0.922231
1.02208
1.01604
0.969787
0.924287
1.02075
1.09375
1.18105
1.1271
0.763906
0.975149
0.92316
0.953025
0.853134
1.04288
1.08112
0.850069
1.0502
1.16247
0.817221
0.962179
1.00683
1.1558
0.951115
0.903162
1.01644
0.854138
0.999723
0.886921
1.10709
0.975849
1.07236
0.941413
1.02326
1.0486
0.906668
1.33837
1.02121
0.860709
1.02847
0.997386
1.02071
1.10857
1.016
0.895207
0.899961
0.989198
1.07509
0.859458
1.04094
0.955464
1.21836
0.936715
1.17558
0.90967
1.1347
0.937495
0.929202
0.896007
1.13173
1.1196
0.987728
0.934392
0.977397
0.976302
1.00264
1.02036
1.07773
0.875234
1.0977
1.21597
1.01344
0.993349
1.07424
0.984441
0.755611
0.922042
1.26135
1.11381
0.918722
0.955631
1.04168
1.06159
1.01061
0.914706
0.880527
0.881625
0.964067
1.03982
0.925459
1.03243
0.948137
1.00915
1.03962
0.990281
0.814467
1.03626
0.841327
0.823225
0.913326
1.03192
1.08987
0.977069
1.05247
0.981303
1.17317
1.33522
0.967786
1.20372
0.967349
1.05312
1.08118
1.13719
0.931266
1.1124
0.8062
0.930852
0.933713
1.00662
0.975567
1.07525
0.912456
1.06521
0.964224
1.01652
0.975975
1.21525
0.940356
0.938935
1.01606
1.08748
0.900586
1.17001
1.03392
1.21978
0.998787
1.11802
0.89174
1.06927
1.02747
0.968369
0.82091
0.87829
0.98974
1.1265
0.877965
1.26033
0.901386
1.10253
0.950063
0.921302
0.969221
0.940838
1.13954
1.07588
0.892803
0.846516
0.787828
1.03367
1.16986
1.07636
0.89239
0.927301
0.944822
1.02626
0.925591
1.02025
0.876099
0.877838
0.867015
1.16026
1.07219
0.946977
0.881898
1.18898
0.888589
1.0377
0.855475
0.9041
0.903987
1.00129
0.848546
0.933044
1.01316
1.1424
0.890046
1.06042
0.982936
0.837427
0.976129
1.0524
1.122
0.975591
1.07897
1.09454
1.04889
1.15216
0.981079
0.988021
0.954478
1.13327
0.948793
1.14987
1.12614
1.17144
1.00343
0.910189
0.897867
0.949642
1.12765
0.863601
0.946993
1.045
0.791148
0.902745
0.933745
0.779662
0.927369
0.837924
0.950183
1.17639
1.02446
0.846465
1.05952
1.0888
0.847063
0.890805
1.03744
0.842548
1.15785
0.847629
1.02474
0.8854
0.907555
0.961115
1.13001
1.09192
0.944532
0.960761
1.01369
0.78672
1.03029
0.896318
0.943612
1.27788
1.0692
1.00813
1.18365
0.998498
1.1647
1.17262
1.04921
0.951569
1.03579
1.20449
0.832687
1.04833
1.00735
0.919855
0.987715
0.96149
0.967856
0.874181
1.04252
1.12325
0.906833
1.04979
1.0824
0.886892
0.907569
0.937057
1.01697
1.05289
1.00887
1.10239
0.94916
1.10476
1.04398
0.968773
0.988456
1.09076
0.892405
1.10376
0.952515
0.766163
0.919209
0.984227
1.02717
0.813798
0.971456
0.955834
1.02066
1.12745
0.948044
0.844513
1.07164
1.03393
0.989143
0.994519
1.07183
0.980527
1.05985
0.847745
1.00669
1.03982
0.944558
0.990474
1.06174
1.01066
0.952893
1.00083
1.14827
0.867765
0.84776
1.21538
0.970326
1.03507
1.02309
1.04276
0.864633
1.13781
1.00444
0.849713
1.03268
0.931477
1.21633
1.15632
1.04203
1.00003
1.05539
1.12737
1.04637
1.18642
1.09083
1.01482
1.1606
0.846806
1.00407
0.943322
1.24524
0.880206
0.967125
0.926487
1.04287
1.02818
0.977499
1.07534
0.869487
1.08978
1.01797
1.12619
0.98132
0.993689
1.01289
0.981658
1.09164
0.946458
0.903697
0.769804
0.994896
1.09001
0.937249
1.01868
0.975537
0.981296
1.04271
0.987489
0.907041
0.881286
0.986247
1.06674
0.933595
1.09115
1.05612
1.11142
1.04941
1.00045
0.893093
0.95594
1.01178
1.00583
1.02132
0.945566
1.02549
0.852205
1.03525
1.03652
1.06559
0.900391
0.970392
0.963577
1.20645
1.0188
0.775387
0.863318
1.11883
0.934555
1.05774
0.986919
0.904825
1.00214
0.871964
1.18346
0.939948
1.10569
1.14088
1.05755
1.0962
1.03909
0.947976
1.0076
0.953038
1.11449
1.09166
0.890218
0.961476
1.14089
0.99588
1.08021
1.03883
0.91459
0.974616
1.00869
0.948856
1.06829
0.960693
1.02575
1.1888
1.02585
1.04695
0.975319
0.958578
0.974142
0.937816
1.03161
1.01709
0.969357
0.848686
1.01427
0.980719
1.08979
1.07939
0.980076
0.999042
0.944569
0.977057
1.12167
0.877721
0.958002
0.943678
0.975855
0.972228
0.906362
0.945722
0.875539
1.11617
0.984769
1.05656
0.81036
1.08365
0.984092
0.912487
0.861065
1.11372
0.867726
1.08224
1.00184
1.01774
0.91811
0.895344
0.906326
1.05313
0.884068
1.11639
0.87267
0.9343
1.01106
1.12676
1.00088
1.00873
0.815254
0.952383
1.03339
1.01234
0.967769
1.07997
1.0659
1.01463
0.878172
1.01338
0.952362
0.82135
0.947318
0.871538
1.07485
0.873094
1.08456
1.05314
0.968304
0.947424
1.01619
0.923529
1.03074
0.980935
0.959089
1.13019
0.988528
0.837257
1.15326
0.987682
1.07104
1.12516
0.926582
0.936635
1.11373
1.10842
1.0201
1.03224
1.00993
0.95752
0.960041
0.970528
0.932908
1.00078
0.908755
0.989012
1.05364
0.878952
0.892411
0.918746
1.13947
1.00918
1.09188
1.05891
0.943285
1.12756
1.06849
0.920551
1.05562
0.992167
0.974644
1.00053
0.920671
0.950048
1.13437
1.01948
1.04015
1.04373
0.961274
0.836733
1.07977
0.941492
0.921876
0.990336
0.864215
0.977118
1.17166
1.00218
0.809386
0.953508
0.896599
0.758232
0.796331
0.918798
0.944352
0.945711
0.98766
0.907467
1.10847
1.01227
0.936446
1.09072
0.947287
1.25678
1.054
0.90562
1.09522
0.898639
1.21392
0.932063
0.999559
1.24603
1.08052
1.00523
1.00668
1.16163
0.786306
0.870398
0.97638
0.931624
1.11352
1.05067
1.13434
0.929654
0.92585
0.949875
0.98236
0.982178
1.02843
1.11194
0.895687
1.06041
1.09925
1.04914
0.937145
0.945115
1.05057
1.05172
0.968122
0.987668
0.932615
1.07415
0.969296
0.867556
1.12452
1.22957
0.941139
0.867967
0.848294
0.957502
1.07771
0.999348
1.10392
0.967652
0.909613
0.886011
0.872066
1.02521
1.11441
1.04176
1.04395
1.32215
0.948897
0.918219
0.994218
1.08374
1.03852
1.02157
1.02898
1.04651
1.1398
0.966075
0.855966
0.885852
1.02874
1.00218
0.976295
0.95929
0.950325
1.1317
0.926619
0.942005
0.980846
0.983978
1.06668
1.2077
1.15173
0.954016
1.05123
1.01016
0.917484
0.999766
0.968978
1.05569
0.93966
1.04165
0.966624
1.05164
1.01763
0.899425
1.05889
0.887075
0.889605
1.10347
0.950946
0.839515
1.23871
0.875504
0.92671
0.860684
1.00718
1.13996
1.12386
0.954394
1.04107
1.014
1.02901
0.977112
0.922558
0.843537
0.981976
0.940803
0.921706
0.970846
0.884882
1.09641
1.08439
0.997224
1.01506
1.17185
0.950408
1.01193
0.844323
1.06149
0.861776
1.047
0.912347
0.77913
0.977151
0.810815
1.03352
0.990614
0.91047
1.07299
0.942095
0.923726
0.996756
0.93909
1.10752
0.962587
0.913971
1.14397
1.097
0.903335
0.903121
0.965047
1.29542
1.03247
1.01296
0.897803
1.13681
1.11966
0.829359
1.03119
1.08302
1.06563
1.02105
0.83506
0.895498
0.841742
0.975225
1.05999
1.05087
0.876877
0.981877
0.870229
1.12806
0.990997
1.02007
0.923184
0.992016
0.883951
0.824324
1.08029
1.21046
1.01411
0.776294
0.713107
0.885973
0.962323
1.08446
0.960637
0.926137
1.10504
0.926128
0.961692
1.14215
0.959843
1.04124
1.04463
0.855947
0.93483
1.1365
0.738366
1.04421
0.962587
0.956934
1.07161
1.05105
0.949174
1.08596
1.08562
0.867384
1.06115
0.832893
1.04988
0.870776
0.971992
1.00064
0.98663
0.912174
1.03146
1.011
0.936065
1.00666
0.995242
1.09095
0.790617
0.9495
0.981299
1.11399
0.845143
0.968331
1.0677
1.17268
1.13792
0.886683
0.98274
1.15542
0.883821
1.07839
1.03019
1.01496
1.05048
1.02068
0.942701
0.92457
1.02336
1.0876
1.01234
1.09351
1.02079
1.04164
0.914009
0.999921
0.928922
1.00518
1.00008
0.987339
0.979099
0.867281
0.882012
0.922274
1.12057
0.812444
0.992376
1.09379
0.96442
0.960979
1.0059
0.926475
0.920298
1.01704
1.07864
1.07156
0.962343
1.06571
1.04163
1.06813
0.81873
0.99069
1.02053
1.01409
0.804546
1.09524
1.12232
0.970579
1.10389
0.929497
1.18166
0.780719
0.990042
1.03238
0.973332
1.05803
0.921273
1.12451
0.779842
1.01865
1.09222
0.945405
1.12585
0.957043
0.878868
1.03612
0.954725
1.06069
1.00627
1.0413
0.803584
0.96995
1.13135
1.12012
1.04223
0.745927
0.987692
1.0463
0.990013
0.926814
1.12073
1.01788
1.0329
0.971875
1.0066
1.00326
1.09038
0.921968
1.17405
1.09118
1.06022
0.970786
1.16747
0.958272
1.09326
0.954736
1.06549
0.989552
0.890573
0.758633
0.940314
1.09751
0.873534
1.00381
1.04939
0.933582
1.02842
0.846648
1.13972
0.861936
0.880283
0.942218
1.08841
0.926535
1.00956
0.844701
0.959395
0.93481
0.853272
0.994762
1.07459
1.03926
0.878423
0.943271
0.989923
0.960451
1.00498
1.03871
1.00492
0.944809
0.853388
0.906244
1.02457
0.972347
1.19659
1.05054
0.97224
0.911272
1.11205
0.976736
0.992992
1.04327
0.935729
0.916991
0.981744
1.01429
0.956998
0.952913
0.934821
0.992569
0.964276
0.917598
1.0753
0.914854
0.923524
0.982948
1.00236
0.979005
0.864997
0.912631
0.992611
0.918705
1.13614
0.979084
1.11102
0.984144
1.05327
1.21062
0.920476
1.05941
1.09058
0.94353
0.94105
1.01106
0.897763
0.977696
1.12843
1.1593
1.20055
1.09166
0.834363
1.0333
0.884572
1.01869
1.15375
0.869554
1.0731
0.933919
1.11444
0.92238
0.929273
0.924288
0.856369
0.935539
1.05606
0.969388
0.989118
1.00338
1.006
0.825847
0.933344
1.04497
0.958784
1.14377
0.948855
1.05475
0.972221
1.0059
1.02792
1.15027
0.919239
1.10107
0.951097
1.03536
0.87764
1.01931
1.17364
1.03249
0.992789
0.969214
1.02975
1.01021
0.963821
0.96354
1.01202
1.06955
0.98185
1.03752
0.995428
1.02583
1.00676
1.03991
0.898177
1.0815
0.926493
0.929226
1.09611
0.811232
0.802617
1.03936
0.990671
1.21244
0.928177
0.859274
0.994892
1.03511
0.912939
0.769203
1.12568
1.10432
0.882761
1.03241
1.02631
0.974451
1.00285
0.862845
0.924721
0.976001
1.0423
1.15346
0.938415
1.02659
1.14832
0.98588
1.00891
0.925934
1.19857
0.900799
1.08578
0.9527
1.10831
0.92412
0.941628
0.897704
0.867937
0.965812
0.917326
1.05392
1.05987
1.06395
0.858222
0.880159
0.974442
0.973238
1.12403
0.874177
1.05568
1.08293
0.975786
0.984134
0.979682
0.925791
0.868853
1.02762
0.967966
0.968861
1.01881
1.04906
1.03524
0.917515
0.941829
1.03308
0.843684
1.26275
1.02127
1.07359
1.02573
1.11435
0.88711
1.00074
0.933328
1.08355
1.1769
1.04252
1.07768
1.0073
1.1671
1.02454
0.910627
0.899876
1.12204
1.18613
1.24773
0.946167
0.842519
1.01961
1.0882
1.21268
0.967194
1.05105
0.969779
0.980168
0.963939
1.04975
1.14474
0.905226
1.01202
0.93438
1.08111
1.0596
0.881544
1.01779
0.977278
0.919574
1.02072
1.06788
0.873587
0.791135
1.14309
0.859235
1.01889
1.03548
1.04096
1.01348
0.991566
0.977192
0.855589
0.826406
0.897217
0.952608
1.05275
1.12475
0.959555
1.09281
1.03216
0.915676
0.932336
1.08593
0.833337
1.06805
1.10708
0.89374
1.0529
0.816817
0.927144
0.866183
0.993225
1.14238
0.918257
1.13286
1.00616
1.18991
1.13439
0.897487
1.02275
1.03389
0.888461
1.04892
0.942562
0.850037
0.888451
0.995366
1.18479
1.05053
0.991182
1.13554
1.05905
1.06203
0.991281
0.953527
0.901919
0.968786
1.05
0.938604
0.866368
1.17486
1.12513
1.13312
0.911395
1.08531
1.11214
0.932274
0.843953
1.03974
1.14678
0.862693
0.992772
0.9699
1.17892
1.16036
0.804223
0.795411
0.990239
1.02581
1.12346
1.06637
1.0063
1.08201
1.1499
0.877672
1.03143
0.922878
1.08683
1.11345
1.03059
0.962432
1.0107
1.07276
1.12394
1.00236
0.983308
1.12347
1.03416
0.843835
1.14097
0.976073
0.979203
1.06068
1.07278
1.10555
1.15503
0.998557
1.01323
1.00954
0.848936
0.998743
0.79114
0.928402
1.08874
1.0345
0.964301
1.05805
1.0969
0.903699
0.946697
1.06227
1.0595
0.946035
1.08308
0.809764
0.937992
0.890746
1.00192
0.975298
0.999731
0.992965
0.893598
1.12286
0.972678
1.11921
1.13548
0.989986
0.916195
1.09608
1.0489
1.07047
0.890174
0.965817
0.87584
1.01235
0.943686
1.03267
0.93382
1.1224
1.06896
1.03593
0.930787
1.00504
1.07137
1.02617
0.996907
1.15398
1.02044
0.901571
1.17391
1.06931
1.16682
0.932885
1.07913
1.10556
0.956272
1.04592
1.0783
0.825104
1.01579
1.15934
0.913666
1.02348
0.804843
1.06834
1.0861
1.1415
0.988575
0.937437
0.945701
0.966683
1.11323
0.999057
1.40417
0.901621
1.14764
0.978295
0.933093
0.918598
0.893729
0.920236
1.04059
1.30016
1.09687
0.922759
1.06164
1.19249
0.870591
0.807855
1.06659
1.01356
1.00397
1.06734
0.954998
1.01516
0.992973
1.0521
1.01256
0.994451
0.998405
1.05532
0.9507
1.12153
0.810973
0.953509
0.866327
1.29665
1.115
0.92677
1.10928
0.951453
1.18485
0.997591
0.940891
0.99906
0.862285
0.93978
0.77306
1.15451
0.881984
0.867998
1.08523
0.912174
0.953232
1.14482
0.827755
0.827715
1.1379
1.01581
0.99505
0.898043
0.887859
0.907475
0.932814
0.918272
0.849965
0.977256
1.00246
0.85136
1.0021
0.865362
1.00245
1.00977
1.09301
0.972915
1.01503
1.11407
1.07119
0.87492
1.09428
0.890035
0.781448
1.11768
1.06497
0.973885
0.908345
0.969347
1.02565
1.02482
0.979058
1.16
0.848329
0.899387
1.29377
0.953604
0.906241
1.07656
1.11456
0.855618
1.05255
0.962608
1.08565
0.929499
0.966496
1.11544
1.08141
1.10777
1.05932
0.960546
0.899889
0.872398
0.995528
0.870593
0.974115
0.801799
0.833397
0.843504
0.927691
0.943267
0.879185
1.05184
1.09995
1.02485
0.91437
1.05269
0.963241
1.01366
0.883758
1.16304
1.08839
1.00829
0.948396
0.844293
1.05347
1.20351
0.968323
0.936095
0.932898
1.01041
1.15732
0.953901
0.924732
0.973651
1.33553
1.1093
0.96457
0.976708
0.935092
0.958058
1.2031
1.01212
1.06297
1.08185
0.986558
1.01216
0.90262
1.05089
1.11387
0.970737
0.984572
1.07263
1.02567
0.93779
1.08771
0.889208
0.95761
0.701261
1.13574
1.01
1.00344
0.947704
0.934293
1.13099
1.07526
1.00554
0.929137
0.91529
0.958705
0.885196
0.920156
0.985748
1.11549
0.890757
0.983324
0.817305
1.04173
0.840508
0.967429
0.89899
1.07882
1.02163
0.955131
0.95888
0.89072
0.894681
1.02095
1.31009
0.84117
0.90399
0.947833
1.07103
0.827901
1.09612
0.93611
0.964927
0.991076
1.12955
1.04245
0.927948
0.868908
0.998048
0.984781
0.87735
1.08642
0.879645
1.09026
1.05077
0.903161
0.972425
0.95266
0.891505
0.99134
1.00736
1.05912
0.836504
0.859496
0.906209
0.904441
0.886785
0.953736
1.05817
0.923003
1.20085
1.01973
0.951764
1.14396
1.07541
0.790935
0.827056
0.887636
1.03631
1.00117
0.943534
1.12675
1.02365
1.05208
1.00341
0.898007
0.993543
0.865729
1.13089
1.18653
1.04584
0.922884
1.10595
0.861945
0.960774
1.04258
0.917689
0.995636
1.06947
1.04008
1.06885
0.897894
0.819306
0.964406
1.10492
0.918584
0.945375
1.04248
0.867595
0.861038
0.907039
0.828156
0.9008
1.18057
0.883391
0.892812
0.892434
1.0317
1.10502
0.97481
1.1301
0.994617
0.981381
0.892971
0.974606
1.14732
1.02354
0.762738
1.18414
0.955939
0.914991
0.943825
0.987516
1.12003
1.01348
0.940281
0.950438
1.27082
0.838246
1.11799
1.01193
0.951769
1.02658
1.03962
0.993523
1.07054
1.03825
0.912364
0.901182
0.994833
1.17558
1.14766
1.18223
0.894289
1.06291
1.05329
0.889247
0.980539
1.22725
1.09241
0.867391
0.934346
0.971588
1.02276
0.935637
1.1012
0.951021
0.941253
0.936635
1.08535
1.00087
0.937556
0.800037
1.01605
0.946154
1.03445
1.12021
1.06616
0.954507
1.00986
0.913719
0.980867
0.906203
1.05601
1.28051
0.996835
0.821917
0.964257
1.17854
1.07145
0.985373
1.00135
0.919411
0.911919
0.945154
0.926329
1.162
1.08221
1.08071
1.06183
0.968244
1.04911
1.03783
0.936525
0.922613
1.03235
1.21581
0.780137
0.822286
0.924462
1.03399
1.1156
1.14841
0.862002
1.06127
1.01124
1.06838
0.929879
0.980373
0.917134
1.05178
0.930245
0.954481
0.936076
0.847055
0.966153
0.914939
0.942921
1.04922
1.22922
1.14955
1.03538
0.935801
1.1131
1.10167
0.900631
1.17026
1.00957
1.0973
1.18096
1.15677
0.962024
0.912174
0.833338
0.928121
0.967698
1.04767
1.01174
1.18494
1.0053
1.01743
0.974092
0.984394
0.95465
1.01502
1.18342
1.07377
1.1994
0.974158
1.01966
0.87557
0.987434
0.934683
1.04325
1.06773
0.97798
0.96096
1.18014
0.906815
0.939778
0.928528
0.917386
0.999832
0.980294
0.888721
0.90214
0.995371
1.11708
0.999992
0.916974
0.878646
1.08013
1.11718
0.920282
0.968499
0.942803
1.06951
1.19662
1.02231
0.946677
1.05609
1.0802
1.00338
1.06602
0.792487
1.20285
0.934313
0.966299
0.937117
0.975571
1.0592
0.93185
1.0904
0.93742
1.06645
0.996506
1.05106
0.950971
0.943277
1.01478
1.11153
1.24176
0.930229
1.0183
1.05065
1.00137
1.23411
0.828574
1.00415
0.824987
1.04685
1.00267
1.12021
0.959237
1.01012
0.938949
1.09759
0.95481
0.949711
0.98833
0.968956
0.941944
0.909877
1.15266
1.02228
1.05471
0.932257
1.0881
0.940615
1.10608
1.03752
1.04891
1.02335
1.08324
0.963445
1.23543
0.930695
0.920578
1.14139
0.854782
1.13527
1.10603
1.02532
0.900809
1.04895
1.09254
0.967136
0.878429
1.05252
1.05516
0.952018
0.913594
1.06116
0.91167
1.01181
1.00333
1.00269
0.922047
1.01602
0.985052
0.930706
1.00859
1.10133
0.668959
0.950972
0.898328
0.933714
1.07195
0.951659
1.09663
1.23194
1.06704
0.90294
0.965228
0.908306
0.977949
1.07515
0.973712
0.978196
1.01499
1.0507
1.13039
1.02124
1.03055
0.965782
0.948925
0.899042
0.899176
0.948409
1.04805
0.965668
1.04971
0.997065
1.14808
0.963496
0.925497
0.902727
0.92282
1.10453
0.956522
0.952029
0.847614
0.948236
0.99431
1.22437
1.13329
0.966026
0.840689
1.17077
1.06668
0.858451
1.12558
1.09989
1.04366
0.972891
0.948619
0.97764
0.970949
1.08929
1.03448
1.04488
1.4339
1.2102
0.788385
0.904218
1.05579
0.783109
1.04316
1.00771
0.944521
0.987114
1.05535
1.06593
1.07604
1.06375
1.01996
0.943539
0.962783
0.865705
1.17859
1.01469
1.02664
0.822887
1.10363
1.0529
1.03577
1.08901
0.975282
1.07284
1.09646
0.83802
0.940793
0.860868
0.964425
0.982189
1.1333
1.15762
1.01623
1.12481
1.1178
1.02376
0.821011
1.08303
1.08642
0.927863
1.17358
0.965612
0.961224
1.08718
0.884678
1.00479
1.11662
1.14734
0.950306
1.00105
1.03929
0.989849
0.945639
0.892121
1.16321
0.87806
0.893471
0.857611
1.05889
1.02151
0.894209
0.948898
0.899772
1.07794
1.09264
0.958115
1.01167
1.01582
0.940982
0.930831
0.958611
0.970563
0.926159
1.06599
0.985464
1.08533
0.878607
1.04385
1.11908
0.994854
0.865455
1.03009
0.845724
1.22674
0.948159
1.03273
1.15693
0.947493
0.935884
1.04627
0.943666
0.964239
1.01391
0.798222
1.03264
0.970642
1.1188
1.05401
0.987117
1.01899
0.869821
0.923232
0.953836
1.10509
0.924687
1.13928
0.997825
1.0004
1.0275
0.78665
1.06743
1.00744
1.1466
1.07465
1.03072
0.88953
1.11153
1.17777
0.873432
0.920269
1.06418
1.08316
0.951117
1.124
0.849141
0.975679
0.920571
0.973602
1.10513
0.924866
0.854273
0.882158
0.988449
0.975497
0.869493
0.983152
1.23063
1.03708
0.865157
1.15894
1.07073
1.0126
1.00764
0.832259
1.07628
1.0229
1.07593
0.986677
0.914002
0.8436
0.83905
1.11689
0.930626
0.915903
1.37449
0.95624
0.934013
0.989155
1.03714
1.0989
0.871226
0.975284
0.808341
1.01506
1.1062
1.01545
0.92506
0.979717
1.04975
1.17465
1.15214
0.99733
1.04381
0.831655
1.1449
1.09688
1.00077
0.982621
0.894194
1.02642
0.940543
0.857255
0.955599
0.909843
1.17587
0.974856
1.14904
0.841593
1.1136
0.942977
0.931315
1.08446
1.02545
0.843517
0.810507
0.955369
0.938181
1.10902
0.851837
0.87864
1.20304
1.16224
1.21896
0.925786
0.943715
1.05342
1.0481
0.892411
1.01762
0.863503
0.980156
0.990885
0.989371
0.935866
0.921472
0.901485
0.958303
1.02681
0.945681
1.10004
0.967818
1.09365
1.05651
1.17665
0.85602
0.980512
1.01873
0.999948
0.971304
1.05488
1.04879
0.979229
0.915621
1.02131
0.968643
0.984146
0.921362
1.05268
0.930936
1.00749
0.956296
1.03979
1.03283
0.859313
0.98755
1.19265
0.964827
0.798167
1.17379
1.12435
0.892218
0.982782
1.01008
1.05643
1.07293
1.07766
1.08206
0.994863
1.06037
0.888214
1.01147
1.05152
0.962655
1.03829
1.02582
0.813256
1.0877
0.953101
0.938569
0.949757
1.03648
1.03878
0.978941
0.966524
0.990882
1.18018
1.12772
1.01603
0.955458
0.94135
1.02459
1.07371
1.10073
1.09046
1.04595
1.00943
1.14639
0.952737
1.17653
1.20207
1.10373
0.892137
0.998288
0.90574
1.01186
0.980356
0.980048
0.891553
1.10653
1.04995
0.949934
1.02042
0.980065
0.972241
1.19463
0.983995
1.10957
0.876875
1.01274
1.04142
1.14304
0.999255
0.991484
0.781466
0.933555
1.05236
1.00279
1.08047
1.00134
1.03165
0.963339
1.0082
0.991972
0.853909
0.884678
1.2283
1.10808
0.897189
1.01438
0.981849
1.0927
1.07514
0.967412
0.9572
1.05549
0.964554
1.02022
0.945884
0.870335
1.08005
1.0903
1.06885
1.03565
0.995352
0.869854
0.855514
1.02379
0.951459
1.02528
1.28242
1.0842
0.995902
0.992111
1.05824
1.10505
0.793484
1.06149
1.04615
0.942881
0.994124
1.04067
0.956244
1.08645
1.15231
0.950126
1.14694
1.03464
0.892965
1.17114
0.900871
1.00184
1.0185
0.965302
0.95635
0.994402
0.880831
1.03898
0.876044
0.917382
1.01091
0.960311
0.916922
1.03565
0.959678
0.91804
1.18172
1.19738
0.753996
1.04669
0.979812
0.973857
0.83661
1.16369
1.04474
1.0398
1.16285
1.00706
1.02065
0.896813
0.864889
1.08286
1.03891
0.963733
1.02375
1.1052
0.890752
0.966949
1.00506
0.991125
1.0075
1.05659
0.859466
1.08237
0.925759
0.996264
0.982922
0.890379
1.12668
0.862973
0.920608
0.987409
1.00554
0.992839
0.935173
1.04222
1.03651
0.886897
0.943017
1.03457
0.991164
1.1187
1.00114
0.913502
0.984687
1.06216
0.979957
1.03843
0.811183
0.896283
1.00117
0.911251
0.969399
0.883716
1.06741
1.03656
1.21665
0.998398
1.06031
0.830741
1.16573
1.01883
0.984273
0.845633
1.01656
1.08772
0.93189
0.938959
0.913446
0.898935
1.10362
0.929172
0.943227
1.0101
0.806886
0.909758
1.06144
0.952553
0.977656
0.978525
1.00253
0.915506
1.12097
0.934029
0.800084
1.12353
1.00248
0.797069
0.972633
0.971072
0.988018
0.908741
0.944372
0.860851
0.852563
1.01145
1.10468
1.02095
1.01264
0.973688
1.04524
1.04255
0.831559
0.916585
0.910545
0.977472
1.12365
0.868575
1.08252
0.897047
0.885759
1.06844
1.01951
0.993486
0.791702
0.986678
0.945592
1.0119
0.930173
0.917518
1.063
0.950784
1.0447
0.973937
1.00692
0.935649
1.06395
1.10499
0.946744
1.11887
0.967138
1.04144
1.06105
1.191
0.809456
1.05672
0.890657
0.874926
0.93787
0.896729
1.08581
0.975491
0.88753
0.949407
0.878646
1.13453
1.11896
1.00926
0.961581
1.04037
1.12566
1.11979
1.09632
0.94225
1.02517
0.855589
1.07927
1.22212
0.829319
0.838024
0.932445
0.946083
0.900487
0.830832
1.03533
1.15068
1.18378
0.95843
0.943517
1.02491
1.14501
1.02979
0.944794
1.02521
0.91822
1.04031
1.03903
1.27603
1.05554
0.873917
1.00424
0.857371
0.881525
0.94605
1.07885
1.0122
0.915207
1.11905
0.935214
0.970396
0.943116
0.916824
1.02333
1.17558
1.03772
1.21371
1.04892
1.00014
1.14596
0.856638
1.13372
0.975738
1.07504
0.876156
0.937728
1.2353
1.03678
1.02312
0.923489
1.1347
1.02347
0.833209
0.924695
0.987771
1.08315
1.08348
0.859738
1.10907
0.937973
1.17671
1.0394
0.982407
0.865483
0.947479
1.06056
1.02357
0.867481
0.904578
0.833973
0.995066
0.869428
0.953655
0.890425
1.01433
1.09574
1.00598
0.982481
0.96467
0.946339
0.889925
0.987023
0.909539
1.06061
1.06736
0.877049
1.08148
0.849607
0.991574
1.03461
1.02953
1.04616
0.760442
1.02859
0.932788
0.788946
1.18654
0.984297
1.00083
1.20238
1.09601
1.04869
1.02074
0.961047
1.04683
1.06748
1.03121
0.838264
1.07853
1.19977
1.11004
0.829569
1.04472
1.02338
1.049
0.906407
0.996795
0.95323
1.00308
0.93684
1.11349
0.917475
0.917928
0.860014
0.916957
1.03107
0.990447
1.0724
1.10904
0.921314
1.07953
1.14134
1.06199
0.892448
0.844653
0.961116
0.996193
1.08186
0.881536
1.27776
1.06732
0.882614
1.25313
0.964381
1.14917
0.964113
1.06806
1.16979
1.0547
0.988083
1.12731
1.1278
0.974468
0.963724
1.05439
0.980486
0.877454
1.13577
1.06214
1.13111
1.0718
1.26442
1.02134
1.02031
1.05454
1.12516
0.958965
1.04811
0.963767
1.13328
1.0806
0.932232
1.01262
1.1184
0.743827
1.01774
1.29357
0.976261
1.0294
1.11208
0.949359
1.20492
1.02141
0.953363
0.986898
1.08609
1.07344
1.14567
0.78056
0.888706
1.04539
1.0022
0.998064
0.97685
0.892521
1.07999
0.989369
0.937911
0.954456
1.02423
0.973172
0.962261
1.14279
0.933415
1.29259
1.13168
1.02589
1.06642
0.935324
0.973456
1.15533
0.90727
0.853217
0.98284
0.928522
0.85268
0.966716
1.1433
0.976631
0.933053
1.24917
1.14555
0.991123
1.03352
0.946813
0.944686
1.00549
0.786433
0.889763
1.07849
0.976938
0.971484
0.974066
1.03919
1.00512
0.910343
0.921539
1.03275
1.02596
1.04679
0.991773
1.04979
1.05132
0.96306
0.925411
1.11522
0.908873
0.888008
0.945228
0.977086
1.20389
0.947206
0.901684
0.920061
0.901375
1.01925
1.0113
1.10684
1.07238
1.12117
1.05047
0.938392
0.990997
1.01934
0.865935
0.85633
1.19948
0.883509
1.00394
1.10074
1.06531
0.824037
1.02782
1.13592
1.08822
0.979964
1.01219
1.00595
0.833054
0.972202
0.776572
1.06822
1.17014
0.752368
0.963184
0.858289
1.01893
1.04656
0.750041
1.02247
0.894517
1.04837
0.850106
0.943648
1.05397
1.04089
1.06978
0.910737
0.76059
0.963499
1.09204
0.803272
1.0053
0.714974
1.08982
1.00369
1.09912
1.04947
0.960108
1.01201
1.00923
0.916927
1.27896
0.901138
0.963501
1.075
0.983259
1.21936
1.11005
0.852941
1.0245
0.890204
1.05269
0.882821
0.821731
1.0446
1.00389
0.931529
1.1477
1.12451
0.986531
0.863719
0.906292
1.07082
1.05919
0.922573
0.828752
0.987079
0.934495
1.10497
0.981028
0.917425
0.936851
0.950602
0.840065
0.998374
0.996738
0.878364
0.928877
1.06273
0.841221
0.89113
0.968397
1.09999
0.998953
0.991821
0.988978
1.04607
0.937923
1.06806
0.930625
0.881539
1.00317
0.900248
1.07743
1.03141
1.0334
1.01718
1.04665
1.15505
0.973416
0.967532
1.11906
1.0937
0.862022
1.13365
0.885449
1.09455
0.889801
0.961482
0.866963
0.863089
1.01897
1.06995
1.04856
0.918143
0.969437
1.00224
1.02764
0.892534
1.14866
0.852958
1.01707
0.906681
1.08247
1.06921
0.919069
1.11664
1.06385
1.04994
1.12084
0.887811
1.03503
1.05892
0.885931
1.02358
0.949992
0.951434
1.02922
1.05363
0.963526
1.03367
0.974728
0.957586
1.19121
1.1351
0.896918
0.963272
0.967301
0.861138
0.945378
1.11978
1.02862
1.0821
0.845652
1.14454
0.993121
1.12901
0.960151
1.12789
1.21594
0.965357
0.968594
0.916251
0.987321
0.930502
0.922884
0.960277
0.973511
1.06812
0.933139
0.993288
1.08404
0.980353
1.01157
0.945135
1.01067
1.16418
1.20042
0.969726
1.15446
1.09744
0.978577
1.02946
0.941939
1.01628
1.03304
0.811823
0.858383
1.02836
1.02984
0.812401
1.07558
0.875617
1.11019
1.0293
0.970687
0.983122
0.930995
0.992946
0.876663
0.947848
1.04007
1.07919
0.911422
1.01694
0.923773
1.03134
0.891264
0.892575
0.899946
1.04076
0.896557
1.08477
0.826853
1.17136
1.08618
0.928086
0.99203
1.05669
0.883345
0.963608
1.0039
0.915589
0.903083
0.976465
0.873853
0.844377
0.971634
1.12341
1.06692
0.93879
0.897689
1.10858
1.07277
0.912551
0.959764
1.05774
0.847997
0.821269
0.939852
0.840346
1.03451
1.05948
1.16026
1.17553
1.0221
0.939537
1.01262
1.04529
0.90885
1.07651
1.17339
0.936369
0.954426
0.927748
1.06468
1.1534
1.07203
1.04717
1.06176
1.09907
0.994085
0.814935
0.918981
0.99159
0.919263
1.05378
0.988262
1.052
1.10901
1.04728
0.905586
0.972133
1.02004
0.863682
1.04975
1.21413
1.06449
1.23522
0.844683
0.858597
0.964395
0.950034
0.916521
0.959862
0.930515
0.974863
0.99616
0.796524
1.07138
1.045
0.876112
1.06098
0.916607
0.969999
0.840814
0.96319
1.06762
0.980094
1.00137
0.978816
1.06059
0.942528
0.980433
1.01186
0.956923
0.98457
1.15828
0.909154
1.01043
0.93793
0.923018
0.998323
0.957799
1.10303
1.11951
1.00937
1.15115
1.07885
1.11803
0.94559
1.11811
1.15834
1.11005
0.977854
1.0018
1.11657
0.999569
0.927416
1.06501
1.09535
0.977238
0.903629
1.04908
0.957177
1.17718
1.03783
1.08865
0.931112
0.963851
0.974614
1.01952
1.01206
0.943499
1.15486
1.09263
0.923289
1.10254
0.923921
0.977578
1.19965
1.16376
0.854396
0.994216
0.924125
0.950353
1.01822
0.82755
0.884837
0.962899
0.760226
0.987068
1.11721
1.11314
1.11355
0.944851
0.907345
0.970642
1.23328
0.764333
1.10737
0.877882
1.14654
1.15932
0.944036
0.935384
1.12191
0.994909
1.09373
0.890421
0.958687
0.915571
0.931258
1.08653
1.02305
1.01746
0.970419
1.18948
0.954214
0.978053
1.06674
1.10072
1.00522
1.12414
1.05639
0.810868
1.08186
0.848881
0.969679
1.00807
0.936875
1.04553
1.19774
1.15048
0.982277
1.09518
0.963831
0.97625
0.96253
1.08967
0.995602
1.078
0.990965
1.01608
1.09552
0.821469
1.0424
1.20574
1.03423
1.06163
0.84416
0.886671
0.875285
1.06429
1.02721
1.10144
0.922598
0.90748
1.04003
0.857739
0.998281
1.10835
1.03055
1.05186
1.00944
0.894889
0.981646
1.04786
1.07093
0.97734
1.02649
0.98044
1.0489
0.890156
0.969524
1.01386
0.898341
0.942695
1.16096
1.05621
1.09361
0.900795
1.02304
0.996548
1.00722
1.0503
0.897911
1.02651
0.973655
0.845487
1.089
1.03967
1.07889
0.955417
0.919392
1.03362
1.03875
1.02836
0.985194
1.0414
0.972354
1.04776
1.10389
0.832929
0.997185
1.20191
1.0866
1.04657
0.849209
0.935995
0.974435
1.09538
0.97173
1.14552
0.964902
0.954162
0.844922
1.19899
1.00289
0.958318
0.909372
1.16707
1.0158
1.02683
0.974305
0.763588
1.03485
1.00171
0.857319
1.18581
0.98031
0.792228
0.960371
0.959165
1.02454
0.946425
1.05975
0.921721
0.953208
0.853026
1.05312
0.939574
0.987786
0.926157
0.897694
0.986843
0.957435
0.971677
1.06956
0.978594
1.10358
1.00462
0.969691
0.96626
1.02193
1.12379
1.21521
1.05346
1.09278
0.998659
1.02218
0.952446
0.965568
0.924162
1.02371
1.06362
1.0803
0.934461
1.04042
0.979758
1.00657
1.02013
1.11077
1.00955
1.00748
1.02154
0.889243
0.900578
0.756271
0.936764
1.08446
1.096
0.832508
1.00698
0.960315
1.07543
0.867518
1.12183
0.996001
0.863578
0.906786
1.01126
1.01936
0.788133
1.0934
0.981986
1.0364
0.968681
0.838629
1.04076
1.09753
1.07645
1.0159
0.928182
0.80588
0.812753
0.987476
1.09648
0.980637
1.13038
0.988365
1.10212
1.17894
1.01429
1.04215
0.966866
0.989014
0.794087
0.923233
0.732187
0.836349
0.944923
1.08863
0.961892
0.895971
0.958438
0.897752
1.0822
0.798087
0.994727
1.0368
0.920635
1.1203
1.03652
1.19727
1.07813
1.19179
0.863054
0.90654
1.07733
1.06801
0.882028
1.05669
0.930888
1.09781
0.96179
1.02813
0.966641
0.920387
1.06736
0.891148
1.04863
0.933285
1.05055
0.905009
0.833476
0.834765
0.954756
1.12376
1.0489
0.996761
1.07893
1.27075
1.02514
0.980146
0.842805
1.06091
1.06224
1.11816
1.04497
1.01474
0.937752
0.826272
0.829257
0.991948
0.924139
1.14418
1.09119
1.01481
0.879186
0.885619
0.996088
1.06088
1.01089
0.983594
1.13393
0.895652
1.02195
1.12474
1.01665
1.05206
1.10388
0.966431
1.00442
0.846279
0.851689
0.857686
1.0711
1.11391
1.12631
1.00911
1.17823
0.922159
1.05638
0.898915
1.00957
0.849141
1.00786
0.993132
0.893847
1.18124
1.03759
1.18462
0.977137
1.02777
1.05551
0.969117
1.07368
1.04398
1.13724
0.898947
1.0544
0.909199
0.868897
1.04985
0.857027
0.957612
0.998471
0.904088
1.03215
0.929479
0.985775
0.903009
1.07517
0.965494
1.10125
0.935462
1.01289
0.949404
1.03471
0.919839
0.807542
0.959879
0.81608
0.984197
0.917713
1.18121
1.13857
0.884932
1.11076
1.09315
1.10552
1.04731
1.01872
1.04726
0.954503
1.09866
1.02243
1.2413
1.12833
0.994839
0.895756
1.0063
1.0421
1.06125
1.21912
0.962432
0.902138
0.932957
0.999466
1.01766
0.954357
0.934401
0.950964
1.28284
1.10553
1.09526
1.02773
0.986036
0.938456
0.988182
1.1966
1.15687
1.11501
1.01078
1.06497
1.03587
1.03637
1.08084
1.00354
0.8979
0.87079
0.956695
0.896929
0.977221
1.08707
1.16991
0.914606
0.899572
0.973026
1.01286
1.13811
1.00271
0.972985
1.01895
1.05627
0.884216
1.10424
1.09757
1.24087
1.04541
1.00517
0.991311
0.911284
0.81429
0.852316
0.865294
1.02679
0.884493
1.07554
0.873494
1.10144
1.01018
1.05111
0.95975
1.17701
0.972747
1.07863
0.995741
0.927307
0.814718
1.10958
0.937815
1.02
0.915455
1.08137
0.844979
0.873931
0.896017
1.05491
0.92428
0.935036
0.867437
1.09329
0.866
0.917244
0.799937
0.916045
0.946561
0.970047
0.980585
1.17922
1.07194
0.877571
1.01852
0.953771
1.0017
0.992411
0.881522
1.02974
1.13085
0.992972
1.11715
1.08443
0.967225
1.1065
1.09594
1.07079
0.947505
1.04953
0.994143
0.997481
1.04697
1.12714
1.02934
0.997816
1.11747
0.934414
1.16765
1.12651
0.952661
0.987632
0.966864
0.926405
1.01759
0.726573
0.923579
0.811396
1.08376
0.914223
0.844807
1.00599
0.900994
0.862622
1.05631
1.18883
0.877673
0.904456
1.12081
0.957475
1.01004
1.02129
0.991153
1.08538
1.10698
0.991774
0.844481
1.02911
1.1577
0.922055
1.14787
1.07539
0.974778
0.898744
0.950764
1.07048
1.07118
0.924275
0.838802
1.09553
1.07869
1.01743
0.955485
1.03673
1.14498
1.09227
0.959858
1.10007
0.990232
1.14633
1.06461
0.911369
0.923218
0.966899
1.12316
1.16201
0.888297
0.884754
1.0194
1.00596
0.940783
0.967834
0.846641
0.844391
0.910004
0.881833
0.992794
0.894797
1.15415
0.942208
1.05639
0.966647
1.0071
0.994425
0.840134
0.813952
0.900484
0.987475
1.02871
1.05041
1.15108
1.13105
0.83938
1.29867
0.840436
0.864771
0.99813
0.96298
1.04181
1.1056
1.09344
0.968849
0.918419
1.01453
0.992324
0.875463
1.06461
1.03952
0.945048
0.927199
0.971429
1.05727
1.14001
1.00545
0.943736
0.972126
1.03093
1.15957
0.920349
1.21474
0.836211
0.881188
0.876765
1.09213
1.05345
1.05464
1.13894
1.14917
0.813549
1.07486
1.08771
0.870752
1.05135
1.11439
1.02999
0.899835
1.01796
0.944953
0.868007
0.878019
0.928385
1.00125
1.03529
1.02772
0.837738
1.22198
0.968554
0.938711
0.870342
1.15312
1.01944
1.17876
1.10379
1.03967
1.26355
1.01707
0.99111
0.873149
1.2179
1.07817
0.939785
1.14721
1.18948
1.04861
1.11723
0.931422
0.967596
1.04776
0.853439
0.940131
0.916529
0.99245
1.02036
1.02166
0.884976
0.860217
0.997798
0.849148
1.05102
0.89276
0.969892
0.882063
0.994538
1.02153
0.941381
0.889875
1.05431
1.12146
0.844699
0.993026
0.856154
1.13077
1.02967
1.0005
1.2672
1.02687
1.00564
0.871394
0.834531
1.03556
0.721359
1.03776
0.980785
0.937639
0.823513
1.04612
0.944315
0.998809
1.11902
0.936217
1.09784
0.906945
0.857053
1.04835
0.856405
0.897313
0.884972
0.948167
1.00828
1.07916
1.04723
1.03869
1.06006
0.990185
1.04083
0.877724
0.925988
0.993926
1.14444
1.03113
1.08202
0.781567
0.945801
1.04543
1.13291
1.09373
0.908421
1.06785
1.02837
1.03865
1.00291
0.940067
0.989326
1.20587
1.10102
0.894625
0.816144
1.1295
1.11441
0.940887
1.07703
0.958155
0.819516
0.985464
1.12999
0.914028
1.05798
0.979522
0.885106
1.03813
0.755921
1.1399
0.83854
0.902548
1.02024
0.954292
1.02633
0.813746
1.03364
0.779852
0.900411
1.2154
1.00653
1.09708
0.814973
1.11539
1.18099
1.00336
0.908014
0.947398
1.03876
1.02469
0.907869
1.04363
1.17081
0.920342
1.17617
0.957104
1.12709
1.00095
1.05713
1.03568
0.957202
1.18235
1.06993
0.932476
1.08242
1.05885
1.07028
1.14112
1.14635
1.07098
1.00568
0.835236
1.09562
0.93197
1.06249
0.876499
0.94698
0.923567
1.19236
1.02717
1.03038
0.925472
1.04795
0.901047
1.01508
0.940845
1.01311
0.980492
1.07489
1.15318
0.897991
1.20409
1.12588
0.964533
0.933301
1.04031
0.898901
0.973466
0.889543
1.20774
1.01795
1.0734
1.07728
0.972741
0.85254
1.25774
1.24362
0.937015
0.924542
0.897413
1.08134
1.03514
0.964089
0.906351
0.989909
0.942092
0.883968
1.07497
0.952141
0.899863
1.14866
0.927553
0.97703
1.07969
1.12587
0.989874
0.969975
1.00663
0.936279
0.997048
0.863457
1.17563
1.11702
0.987165
1.03024
0.941834
0.826883
1.16393
0.986472
1.06368
1.12024
1.17295
0.83785
1.06063
1.06282
1.05295
0.930641
0.866963
0.962618
0.836648
0.757445
1.03917
0.916747
1.03698
1.0305
1.07693
1.16323
1.15494
0.982429
1.01851
1.1784
0.973026
1.11702
0.852253
0.820073
0.892274
0.960221
0.943773
1.21866
0.967416
0.968063
1.0326
0.998536
0.839689
1.10053
1.03441
1.09371
0.801195
1.10252
1.08837
0.978905
0.988983
0.908835
1.1028
1.14115
1.04637
1.09682
0.939284
0.974015
0.987348
1.04882
0.910498
0.990094
0.98334
0.962265
0.955344
1.1256
0.959978
0.982739
1.18699
0.878994
0.783424
1.12599
0.994352
1.11683
0.922082
1.07558
0.856873
0.942609
1.00165
0.945324
0.93832
0.83193
0.841149
0.888602
0.771405
1.08035
1.02779
0.934816
1.23968
0.915207
0.98621
1.04377
0.994439
0.954821
0.901972
1.07666
0.91869
1.08918
0.817778
1.12784
1.10007
0.819872
1.02861
0.950596
0.921734
0.92467
1.16875
1.07774
1.11769
0.976311
0.916842
0.940551
1.04863
0.937245
1.13222
0.958538
1.07749
0.868448
0.822803
0.985558
1.09468
0.809309
1.04808
0.977188
0.865858
1.02444
0.944366
1.17243
1.17448
1.03716
1.07415
0.907168
0.999305
1.1078
0.891725
1.11407
1.05178
0.921617
1.02057
0.755744
1.00752
1.02555
0.954646
1.0366
0.942233
1.04104
1.19196
0.952637
1.09555
0.787211
1.21378
0.967247
0.978838
1.15871
1.0126
0.98201
0.943109
0.881368
0.992163
1.08691
0.788255
1.00787
0.921904
0.916937
1.03212
1.0045
1.03502
1.09173
0.980313
1.15156
0.772728
0.93122
0.932675
0.882239
0.995314
0.93059
0.994292
0.88994
0.887232
1.01755
0.961206
1.00226
0.828224
0.94674
0.892192
0.938431
1.05625
0.993491
1.11242
0.924032
0.962787
0.967637
0.894878
0.929816
0.855898
1.21956
1.17558
1.0345
0.992201
0.965211
1.127
0.924197
0.984323
0.994689
0.899585
1.02651
1.02715
1.08843
0.924803
1.11357
0.898738
1.09425
0.904198
1.14861
1.15991
0.947619
0.809617
0.909416
0.927976
0.905463
0.968572
0.952593
0.92878
1.01764
0.950403
1.02014
0.774876
0.925241
0.937628
0.910353
0.872564
0.983875
0.797086
1.02565
1.00776
0.860581
1.02677
1.03919
1.03597
0.795478
1.0283
1.24473
1.08824
1.05835
0.892173
1.02539
1.08545
1.13899
0.963424
1.02472
0.994666
1.02388
0.869508
1.04092
0.731848
1.02028
0.95539
0.984167
1.11728
0.82927
1.12861
0.923001
1.05805
0.950671
1.01955
1.00928
1.00128
0.965996
0.838283
1.29035
1.00147
0.950798
0.921969
1.04491
0.94847
1.03228
0.947002
1.01043
1.00417
0.950756
1.05225
1.02825
1.05209
0.957511
1.1417
1.05303
0.855087
1.10779
1.05453
0.972892
0.910756
0.902149
1.18319
0.87234
1.10022
0.992238
1.10755
0.812663
0.989782
0.99738
0.869707
0.868547
1.03492
0.940817
0.997715
0.804358
0.907472
0.888831
0.941806
0.886139
0.996229
1.06041
0.967058
1.10524
0.86722
1.1233
1.06007
0.891989
0.99002
1.06409
1.16954
1.12821
1.05554
0.947047
1.0439
0.836035
1.08181
0.867945
1.11391
1.06328
1.00802
1.10236
1.09433
1.17315
0.831639
0.989805
0.91433
0.984543
1.08927
0.99686
0.982583
1.18246
0.936276
1.23004
0.860164
1.01191
0.856527
1.39915
1.02963
0.920978
1.03179
0.963975
1.06412
0.887267
1.04736
1.07632
1.07198
0.990305
0.965531
1.0478
1.00254
0.863566
1.15114
1.16928
0.998194
1.15184
1.02284
0.900397
0.885857
0.981045
1.09746
0.987308
1.02188
0.946757
0.973658
1.09935
0.9472
1.02329
1.0804
1.2763
0.843575
1.18102
1.00467
1.05886
1.2468
0.991538
0.93893
0.898707
1.03891
0.929315
1.15698
0.987114
0.899225
1.02015
0.926322
1.07397
0.983279
1.02557
1.03364
1.06283
1.01778
0.887846
0.914299
0.876938
0.915827
0.94639
0.88043
0.923877
0.878296
1.11331
1.07762
0.952221
1.135
1.0607
1.14317
1.15816
0.971597
1.05091
0.976565
0.93544
0.95168
1.08832
1.18586
0.832776
1.0478
1.04836
0.946414
1.0426
1.14306
0.886136
0.964309
0.981381
1.04077
1.08437
1.08843
0.81527
1.17799
0.939961
1.08333
0.853829
1.0108
0.967676
0.966735
1.02134
1.14197
1.15695
0.920189
0.895703
0.986257
0.950413
1.1363
0.983289
0.952789
0.901916
1.04244
0.930512
1.13365
1.15833
1.03978
0.984174
1.01435
1.18482
0.960578
1.07832
1.02315
1.01895
1.11428
0.774247
0.853244
1.07277
1.00208
1.05811
0.963584
0.976144
0.894408
0.821879
1.08961
0.998557
0.982367
1.0277
0.918857
1.10512
1.04098
0.959662
1.16948
0.807497
1.00828
1.07326
1.00429
1.08116
0.941736
1.24966
0.950787
1.07027
0.915177
1.07004
0.995688
0.990784
0.984263
0.981285
0.90918
0.939416
1.08431
1.10069
0.883471
1.20349
1.10847
1.07945
0.869322
0.929398
0.927794
1.06282
0.932416
0.866004
1.19433
0.872943
0.984716
0.949573
0.979073
1.10862
0.972798
0.926728
1.05075
1.10995
0.934537
0.982949
0.942245
0.810942
0.855812
0.934468
1.01662
1.16457
0.976214
0.8731
0.984918
1.15765
1.04918
0.885735
0.921646
0.929502
0.836844
0.937031
0.978776
1.03858
1.06809
1.0651
1.042
1.20679
0.927575
0.962661
1.17606
0.989928
1.12234
1.07654
1.00857
0.764126
0.87995
0.848943
1.07658
1.131
0.961611
0.999096
1.07611
0.922045
0.939272
0.958966
0.94164
0.892895
0.866808
0.858601
0.837807
1.09594
1.09045
0.982992
1.12829
1.01892
0.911797
0.985103
1.01308
0.924499
1.04086
0.939821
0.973957
0.911586
0.93747
1.10797
1.06909
1.06792
1.08504
0.890625
1.0215
1.00202
0.87262
1.40844
1.01612
0.977395
1.00847
0.85057
0.941822
1.02126
1.01114
0.856878
0.940136
0.913738
0.890709
0.973884
0.896301
0.937777
1.0753
1.16302
1.16751
1.01499
1.31934
0.970266
0.950159
1.06889
0.827633
0.837283
0.888824
1.10261
1.10755
1.00299
0.869388
0.984963
1.09873
1.32667
1.03021
1.08772
0.851212
0.929582
1.23719
0.950635
0.857505
0.837737
1.04398
1.07066
1.02666
1.12899
0.995261
1.05981
0.927903
0.973073
0.929778
1.06462
1.18727
1.12359
1.17305
0.891291
0.776023
0.985708
0.989241
0.963387
0.9834
1.04829
1.07502
0.851156
0.99796
0.876581
1.11637
0.871351
1.05275
0.94293
1.0645
0.862008
0.844978
0.995712
0.912834
0.782739
1.04821
0.815698
1.07978
0.981867
1.0403
1.05165
0.882849
1.14037
0.998962
0.977082
0.899252
1.06811
0.898251
0.993868
1.08178
1.03459
1.02743
1.07526
1.04292
0.985257
0.948038
1.16301
0.84827
0.949829
1.03829
0.979672
0.991148
0.885567
0.87856
1.13059
0.981264
1.0435
1.01431
0.954242
0.916754
1.01459
0.971873
0.965473
0.957007
1.09684
1.00628
1.04052
0.917489
0.996121
1.04974
0.98202
1.04364
0.894626
0.933763
0.993458
1.15834
0.997887
0.985017
0.981188
0.996361
0.839602
0.961121
0.989959
1.03936
1.02083
1.03734
0.995334
1.09437
0.897991
1.08098
0.925607
0.880656
0.891268
0.969889
0.928043
1.06303
1.07889
0.976031
1.02496
0.996932
1.0732
0.937239
1.07433
1.10646
1.05239
0.947644
0.909916
0.886179
1.07234
0.952427
1.06125
1.00185
0.992281
1.00249
0.851248
0.882054
1.10243
0.921763
1.04213
1.06739
0.909298
0.990558
1.01676
1.0625
1.14006
0.976828
1.07395
1.06064
0.857448
0.908796
1.19936
1.07802
1.06339
0.954418
0.872609
1.09136
0.93333
1.05799
1.10042
0.968335
1.02439
0.944553
1.0134
1.21378
0.982965
1.04654
0.999437
0.971593
0.917732
1.01636
0.955977
0.963464
0.885875
1.1551
0.953187
1.09976
0.957935
1.13859
1.0446
0.877737
0.924231
1.17005
0.85447
1.11765
1.19504
0.916794
1.13763
1.06244
1.04652
1.15965
0.952315
0.962987
0.959885
0.98855
0.820216
0.956463
0.857359
1.12358
1.08696
1.12655
0.913835
0.932547
0.931083
1.0115
1.05233
1.02587
1.00536
0.983054
1.01422
1.05919
0.957796
1.0508
1.10836
0.916934
1.00217
1.02262
0.907561
0.845599
1.11383
1.03406
1.18925
0.821542
0.915929
0.914331
1.05032
1.01802
1.04537
0.977394
0.88223
1.02132
1.20392
0.977286
1.262
0.974135
1.17021
1.10292
1.21488
0.978442
1.01137
0.84684
1.17715
1.03401
1.25558
1.09641
1.14787
1.12175
0.881234
0.945365
0.962052
0.925005
1.0521
0.97037
1.11029
0.90977
0.855738
0.861116
0.967208
0.805376
1.18777
0.984822
1.00306
1.00403
0.969891
0.950545
1.09039
0.870645
0.885827
0.943843
1.15214
1.00831
0.797636
1.13629
1.00684
0.870263
1.08073
1.05107
0.878945
1.12068
0.929908
1.01726
1.03936
1.00597
1.06987
1.07339
0.844498
1.03671
1.16701
0.954779
0.905066
1.04591
0.930594
1.1063
0.937354
1.0685
0.996988
1.02796
0.946434
1.12404
0.891687
0.965968
1.03909
0.964248
1.07157
0.9997
0.97741
0.909608
0.90013
1.0545
0.915886
1.04505
1.00427
1.11529
1.21775
0.915193
1.04104
0.894511
1.05343
1.09789
1.00522
0.945507
0.972972
1.04236
0.962776
0.884053
0.945869
0.879524
0.932726
0.953772
0.812146
0.976062
1.04741
1.09451
1.03166
1.10194
0.927955
0.861842
0.919637
1.10001
1.10372
1.0346
1.05286
0.956826
1.06335
1.11318
1.065
0.943931
1.08046
1.19662
0.95609
0.940167
1.33268
1.01579
0.963347
1.05342
0.890711
0.900239
1.14066
1.0122
1.03608
0.827937
0.904395
1.02851
1.01295
0.857111
0.803563
1.18293
0.778808
1.06978
0.932092
1.03762
0.98698
1.01222
0.873075
1.04476
1.0298
1.04123
1.03792
1.08506
1.2307
0.863607
1.09053
1.01406
1.05451
0.979098
1.09021
1.07503
1.09121
0.816955
0.976314
1.05751
1.13697
1.0694
1.00015
0.988504
0.79688
1.1046
0.780014
1.16076
1.04601
0.878046
0.939116
0.984016
0.933183
1.04977
1.05594
1.05636
0.780496
1.02284
0.913133
0.872135
1.0402
0.957072
1.02176
1.09991
0.995595
1.06648
0.874505
0.888724
0.812058
1.11833
1.0106
0.994116
1.11486
1.08803
1.09487
1.21006
0.815833
1.0354
0.954378
0.941375
0.995072
0.940508
1.09597
0.851141
0.905219
1.04228
0.867843
0.946026
0.906515
0.988391
0.876322
0.946303
1.0592
1.03235
1.09054
1.07881
1.01668
1.08869
0.884459
1.06221
0.978822
0.924715
0.842588
0.896817
1.13132
1.00294
0.958741
1.03805
0.875998
0.902551
0.833035
0.859275
0.904347
0.967243
1.08931
0.883604
0.897191
0.988458
0.90124
1.09781
1.12431
0.899105
0.947577
0.979109
1.10245
1.07613
0.87399
0.951448
0.875577
1.02471
0.942726
1.07723
0.976565
1.00996
1.04492
1.20412
1.07262
1.05865
0.894943
1.01447
1.03433
0.909214
1.18576
0.928258
0.939451
1.10175
1.12511
0.848494
0.916063
0.958875
1.09053
1.10718
1.03724
1.00724
0.915026
0.959832
1.07734
0.827897
1.12238
0.995867
1.04976
0.958385
0.977701
1.03184
1.07264
0.945463
0.969811
0.818919
0.899859
1.00906
1.11636
0.969609
0.736881
0.94905
1.01969
0.996564
1.09657
1.11975
1.0446
0.940539
1.0744
1.0029
0.913852
0.944893
1.0479
0.948927
1.01179
0.900081
1.1202
1.02541
0.943663
1.13372
1.059
1.06531
1.16101
0.893915
0.908276
0.793995
1.00943
1.10626
0.924495
1.03559
0.990508
0.955346
1.13805
0.957147
1.09139
1.04105
0.951729
0.822144
0.873628
0.966392
0.939841
0.927453
1.28615
0.793508
0.941915
0.932932
0.973751
0.983599
0.991475
0.853778
0.926294
1.04191
0.980127
0.92335
0.894231
0.899194
1.13524
1.14847
1.19006
0.77639
0.789035
0.944893
1.23775
1.21573
0.87181
1.1343
0.849354
1.12556
1.02008
0.968479
1.04324
1.07003
0.980363
1.07242
0.996227
0.940709
1.01998
0.834839
0.888655
1.06829
0.938099
0.989327
1.05325
1.20592
0.965529
1.11816
0.946241
1.05165
1.056
1.05035
1.07211
0.830707
0.92307
1.04367
0.887155
1.10598
0.972235
0.886785
1.21215
0.981542
1.14321
1.05444
1.15326
1.00473
1.13647
1.07081
1.05388
0.980266
1.03375
1.01086
0.985968
0.931904
1.10067
0.8832
0.984517
1.12894
0.968018
0.989687
1.02149
0.779562
1.10675
0.98858
1.22685
0.927947
1.07601
0.931091
0.802995
1.01883
1.12776
0.889274
1.0595
0.904219
0.831968
1.16483
1.01497
1.27553
1.03589
0.946252
1.09155
1.03169
0.99922
0.949559
0.829733
0.997028
0.885158
0.987758
1.13358
0.986756
0.911764
1.03255
0.975753
1.02822
0.881685
0.917344
0.928352
1.14561
1.12573
1.01535
1.07628
1.07986
1.27336
1.04988
1.00722
0.914231
0.917447
0.916518
0.88617
1.01447
0.977949
1.01365
1.13885
0.93304
0.9442
1.04424
0.911825
1.0483
0.932558
1.23332
1.05597
0.856958
1.03278
0.948407
1.18091
0.954267
1.20278
0.818034
0.899227
0.977747
1.08199
1.04879
1.17654
0.939704
0.995185
0.871625
1.14739
1.08478
1.07905
0.979645
1.16533
0.900443
1.06004
0.979427
0.995196
0.937124
0.975845
1.18576
0.938498
0.943413
0.868033
0.906977
1.15054
1.0243
0.890973
0.995592
1.04147
1.12163
0.951293
0.856426
0.995584
1.17509
0.909328
0.983862
0.867604
1.06596
0.984165
1.16803
0.96093
0.882318
0.964623
0.987604
1.0264
1.0824
0.873256
1.1261
0.957259
0.926417
1.06253
1.04255
1.04028
1.07535
1.08451
1.02638
0.972767
1.10729
0.89883
1.07537
1.03829
0.962267
0.91117
1.07728
0.977789
1.03328
1.01846
1.03066
1.26531
1.15521
0.924869
0.984272
0.875029
0.793897
0.883656
1.05206
0.929078
0.759628
0.96765
0.95349
0.872537
1.16714
0.931065
0.836656
1.14253
1.03122
1.06241
0.940456
0.942954
0.938105
0.908513
0.998447
1.00477
0.837056
0.868896
1.14915
1.08369
0.970216
1.08387
1.13614
1.16807
1.05546
1.12542
0.996604
1.03427
0.993793
1.0153
1.0729
0.937805
0.963764
0.895671
0.889102
0.928245
0.990433
1.12502
0.911354
1.25253
0.994878
0.98114
0.854929
1.12204
1.15702
0.98165
1.04775
1.00899
1.24786
0.853791
1.08908
0.823808
1.07821
0.883378
1.03946
0.812889
1.01331
1.0476
1.0986
1.10477
0.984348
1.34031
0.906821
1.04039
1.02697
1.09097
0.95434
0.967856
1.07147
0.946568
0.919272
0.982806
0.989347
1.06269
1.06346
0.885836
0.84479
1.05687
1.13188
0.906861
1.05775
0.850761
1.01236
0.983233
1.05787
0.869591
1.04378
0.963961
0.83776
1.15667
1.03737
1.07877
0.849941
0.871029
0.992366
1.01585
1.0384
1.15587
1.11537
0.900346
0.888315
0.966815
0.939386
1.04343
1.12238
0.916215
0.990437
1.13216
0.987796
0.996303
0.987039
1.13779
0.989623
1.08052
1.17786
1.06518
0.946246
1.14227
1.10788
0.906571
0.926136
0.907321
0.880719
1.02618
0.869906
0.894916
0.77632
0.928027
1.12089
1.10574
0.842743
0.986828
1.01013
0.857618
0.864925
1.17474
1.01024
1.14632
0.997513
1.07282
0.955832
0.987957
0.980147
0.847632
0.870926
0.917984
0.965183
0.905564
0.957471
0.951335
1.07386
1.03622
0.999045
1.20109
0.853779
1.09521
0.895931
0.910716
0.974822
0.954887
0.990448
0.99099
1.02349
1.1239
0.942661
1.0958
0.909258
0.944787
0.970125
1.08613
0.98085
1.00744
0.960052
0.935131
1.20169
0.85476
1.13625
0.890583
0.943476
0.895014
0.910647
0.996612
0.83085
1.00303
1.00181
1.11217
1.18203
1.13618
1.09919
0.961012
1.08892
0.906915
0.966357
0.989489
1.17919
1.1811
1.01089
1.00674
1.00139
0.883985
0.91966
1.20063
1.03051
1.13043
1.04574
1.04164
1.11377
1.06425
0.9603
0.924744
1.01651
0.986938
1.11658
1.08726
0.928906
0.969575
1.12946
0.892004
0.951545
0.870919
1.00313
0.92957
1.04825
0.863866
0.943122
1.17997
1.07132
0.879415
1.12048
1.06662
0.974377
1.15671
1.08349
0.827255
1.02849
0.96007
1.15293
0.944354
0.973499
1.10094
1.07584
0.944753
0.919068
0.992093
0.961536
1.04204
0.9572
1.01108
0.951941
0.895899
1.02829
0.897391
0.966947
1.03773
1.20746
1.08207
1.07326
1.06942
1.02038
0.935077
0.954808
1.0877
1.05134
0.925715
0.911205
0.90101
1.02675
1.06909
1.00304
1.02027
0.84309
1.09424
0.890703
1.03271
0.985879
0.991002
0.932086
1.09017
0.897105
1.06259
0.986499
1.12673
1.02379
1.08609
1.17991
0.933535
0.964576
0.944102
1.09784
1.14227
1.11423
0.911872
1.00649
1.03778
0.928229
1.10266
1.06856
0.977692
1.07707
1.03495
0.897379
1.00103
0.87847
1.17217
1.00565
1.14505
1.10822
1.04244
0.903006
0.999463
0.953152
1.12354
1.10941
0.982342
1.14516
0.970769
1.02413
0.969576
0.995517
1.16985
0.923247
1.00343
1.05869
0.969488
0.869414
0.9547
1.09254
1.17782
0.976061
1.01296
0.958342
0.946795
0.963496
0.921302
1.0452
0.995009
0.993868
1.19995
1.23356
0.988904
1.11553
1.1609
1.01582
1.08267
1.00887
1.06427
0.858133
1.08654
1.09558
1.01598
0.796657
1.1136
0.941107
0.988455
0.947279
1.01553
0.980406
1.05698
0.929504
1.04299
0.883113
0.882041
1.03375
1.15891
1.08003
0.89769
1.02799
0.888882
0.979708
0.936064
1.12635
0.928691
1.16129
0.976977
1.05504
0.930577
1.11923
1.00199
1.05619
1.08082
0.917193
0.997058
0.934054
1.09534
0.943276
1.09332
0.92282
0.944107
0.945909
1.13198
1.01271
0.986685
1.05151
1.1033
1.04618
1.0884
1.00076
1.05193
0.986564
1.0424
0.95035
1.06949
0.869163
1.06363
0.963124
1.15991
0.96097
0.983905
1.15349
1.00604
1.21259
1.0502
0.950975
1.03931
1.15212
1.0422
0.997347
0.893577
1.03881
1.01724
1.09613
0.917056
0.898996
1.08203
0.967819
0.976445
1.0512
0.900042
1.05814
0.890272
1.05882
0.904731
0.886533
0.914006
1.03872
1.0645
1.00104
1.03457
1.07359
0.952862
1.13735
1.23938
1.01344
1.10627
1.02328
0.998338
0.987278
1.02138
0.996982
1.00891
0.975795
0.773487
0.980336
0.976298
0.902925
1.19771
0.898806
1.12118
0.897778
1.05512
1.20626
0.905565
0.870348
0.86507
1.01215
1.10063
1.02367
0.970101
0.870315
0.991667
0.829578
1.00153
1.07794
0.861694
0.981296
1.04585
1.15171
1.25217
0.900212
1.15538
0.910342
1.05751
1.07757
1.02688
1.01744
1.00619
1.03632
1.06514
1.00304
0.993613
0.989539
0.941658
0.99381
0.926546
0.915146
0.967729
0.898482
0.995312
0.920658
0.876704
0.862929
0.83829
0.962021
0.865444
0.727096
1.15357
0.993739
0.859949
1.00543
0.980474
1.1209
1.03846
0.998605
0.867513
0.854239
1.04758
1.08261
0.823108
0.852937
0.914136
1.04907
0.820952
1.01009
1.02915
0.817183
0.941768
1.00436
0.897241
0.933434
0.930872
1.16771
0.863015
0.832228
1.03197
0.945896
1.10807
0.854602
0.996435
1.04287
1.02398
1.00538
0.788405
0.862601
1.09617
0.994192
0.930569
1.08632
1.11353
1.14448
0.901096
1.12861
1.04123
1.09057
0.916627
0.940758
0.919382
0.998172
0.938091
0.887485
1.19578
0.949824
0.995845
1.03836
1.04768
1.03129
1.10265
1.03854
0.895952
0.917646
1.04794
1.14477
0.991428
1.23854
0.917253
1.04401
1.03264
0.95605
1.02707
0.886218
0.940481
0.82058
1.17734
0.91381
0.990586
1.00781
1.03041
0.960873
0.801013
0.892095
0.986916
0.924842
1.06388
0.958882
1.19693
1.04542
0.990388
1.14391
0.946099
1.27613
0.966798
0.946936
0.855214
0.973987
0.961885
1.07796
0.892195
1.08824
1.02606
0.878483
1.08078
1.18017
1.17629
0.862792
0.997834
1.17103
1.05599
0.898634
0.882121
0.945618
0.85715
1.05701
1.13002
0.996264
0.967741
1.13948
0.853986
1.09419
1.12451
1.07425
1.01888
0.908914
1.05839
1.0721
0.948297
0.956341
0.993491
1.00871
0.90754
0.999148
0.969888
0.90904
1.09331
0.852301
0.782038
1.25835
1.05813
1.01275
1.02328
1.24607
1.02191
1.03131
0.900456
1.15788
0.833424
1.03419
0.736656
1.10719
0.908219
1.02733
0.881191
0.921657
0.907415
0.790338
0.87839
1.06947
0.88485
0.856554
0.980348
1.08546
0.668182
1.07821
1.13314
0.988638
1.01288
0.929328
1.04157
0.990501
0.914181
0.994619
0.850217
0.964022
0.903715
0.812272
0.987506
1.07238
0.962337
0.968801
0.90122
0.79972
0.852004
0.924388
1.05528
0.994679
0.808559
0.783049
1.07776
1.05482
1.056
0.960928
1.20225
1.07505
0.925124
0.970805
0.918562
0.878073
1.123
0.971399
1.03118
0.988122
0.954755
0.950969
1.10626
1.00506
1.11111
0.894094
0.785349
0.908307
1.1496
0.903271
0.922461
1.13467
0.801145
1.04237
1.10852
1.14381
1.01557
0.990302
1.21477
1.1123
1.11974
0.891898
0.921059
1.01271
0.937446
1.09998
0.885136
1.13213
1.06845
1.05241
0.95044
0.855798
1.09532
1.2046
1.07294
0.95995
0.902502
1.00339
0.99058
1.16167
1.10499
0.980765
1.14628
0.945574
0.931273
0.900087
0.995215
0.957131
1.1329
1.22535
0.921435
0.905559
1.00384
1.02042
0.994189
0.883457
1.01703
0.869785
1.03317
1.15484
1.09442
0.847246
0.830141
0.951004
0.969612
0.99524
1.10467
1.07717
0.841438
1.05184
1.05878
0.979151
1.05832
0.904692
1.07928
0.983718
0.904363
0.970966
1.06553
0.906944
0.873867
1.08467
0.883516
0.966271
1.02499
0.863761
0.993419
1.01159
0.978056
1.19582
0.943562
1.01829
0.956394
0.917618
0.970929
0.976104
1.21927
0.905656
1.03958
0.943417
1.23246
0.989294
1.0309
1.16236
1.07223
1.04445
1.10843
0.896768
1.06238
1.06411
1.09784
1.06453
0.853307
1.03758
0.984406
1.01034
0.953059
0.943829
0.95491
0.719945
0.989378
0.939293
1.02907
1.05725
0.893403
1.00129
1.09484
1.01035
0.925457
0.980183
0.971066
1.00254
0.975858
0.999993
1.0894
0.988211
0.879302
0.788132
1.14793
1.03901
0.998623
1.03599
1.06031
1.10988
1.05807
0.924907
1.10112
1.02473
1.06766
0.99379
0.861062
1.09018
1.00643
0.998487
1.06436
1.14819
1.05326
0.854592
0.85146
1.03529
0.869181
0.905789
1.05162
0.934427
1.04207
0.952975
0.903925
0.97669
1.11579
0.960195
1.09885
1.07925
1.0264
1.17044
1.02682
0.895386
0.93377
0.942503
1.04066
0.889794
1.06896
0.900107
0.886114
1.06106
0.922423
0.802781
0.972867
0.937183
0.835672
0.9981
1.08022
1.00999
0.948319
0.938004
1.01469
0.872352
0.796204
0.955157
1.27415
0.950416
1.12409
1.18735
0.885053
1.00917
0.815503
1.07112
1.02485
1.09311
0.96017
0.935507
1.0452
0.943976
0.995517
0.987907
0.878744
0.850586
1.16466
1.05661
0.978264
0.907667
1.05
0.893815
0.990424
1.00095
0.996334
1.07374
1.02009
1.14996
0.994939
1.07502
0.924454
0.861412
0.925273
0.96989
1.16658
0.839254
1.02573
1.00993
1.0554
0.907285
0.991592
1.04086
1.0847
0.908864
0.915289
1.17752
1.03872
0.861041
1.21487
0.992607
1.15525
1.08609
0.909124
0.862328
1.01843
1.03184
0.965565
0.80996
1.13027
1.06617
1.09424
1.15236
0.824539
0.959298
0.887846
0.808549
1.13624
1.05876
1.11817
1.03707
0.964951
0.826849
1.1705
0.938608
0.926028
1.23472
1.0023
1.07688
1.12948
0.953481
1.02198
0.964483
0.921966
1.06662
1.02781
1.11073
1.0421
0.98359
0.998657
0.798596
0.941048
0.826279
1.0881
1.00219
1.09261
0.950016
0.890822
1.03664
1.00861
1.03216
1.07551
0.966218
1.10448
0.893321
0.975656
1.03729
0.929788
1.02815
1.01568
1.09022
0.916581
0.891077
1.13459
1.02471
0.959283
0.899696
1.04208
1.02055
0.931897
1.24333
1.1608
1.00318
1.07716
1.03686
1.02278
1.10176
1.13431
0.937692
1.01688
1.02277
1.00445
0.874156
0.825037
0.9985
1.1379
0.974686
0.934986
0.969842
1.18875
1.02427
1.07641
1.08827
1.06737
1.0919
1.01839
0.856356
0.968313
1.04765
1.07628
1.00363
1.02433
0.970975
1.03468
0.951927
1.05256
1.11247
0.957427
0.947486
0.97912
1.14296
0.996257
1.00399
1.08665
0.869224
0.893769
1.14437
0.918617
0.961282
0.911605
0.845323
1.06213
0.814701
0.943525
1.01365
0.999633
0.959387
0.865535
0.927721
0.979785
1.02532
1.12724
1.04555
0.914868
1.05923
1.17367
1.05542
1.03409
0.848957
1.09442
1.12215
0.990431
1.03969
0.868172
0.994142
1.07665
1.07491
0.883894
0.871638
1.07236
1.06501
0.98325
1.10081
0.967408
0.89845
1.13114
0.92709
0.937617
1.16986
1.08656
0.943997
0.842054
0.933331
1.12057
0.914037
0.994011
0.920146
0.976986
1.04909
0.986623
0.999194
0.899296
0.892533
0.932404
1.12391
0.974687
1.04955
1.13302
0.971018
0.874887
0.822703
1.0185
0.944219
1.04121
1.13379
0.949728
1.17267
1.03585
0.991497
0.936907
1.05363
1.08849
0.806035
1.00877
0.868528
0.988523
1.10376
0.969832
1.02022
0.878179
0.944587
0.88439
1.00763
0.889617
1.06698
0.90003
1.03999
1.33454
1.03304
0.901448
0.967466
0.858976
0.988308
1.00761
0.941827
1.09914
0.895483
1.06313
1.08854
1.27194
1.15635
1.14302
1.02112
1.04816
0.942598
1.03509
0.912908
1.16459
1.05657
0.878265
1.02462
0.8884
1.18271
1.10931
0.985674
0.913254
1.1054
1.09225
0.969482
1.03741
0.983988
0.980794
0.935254
1.11889
1.0414
1.04073
1.07075
1.01504
0.851172
1.08476
1.03667
1.00799
1.01356
1.27166
1.00172
0.934037
0.91105
0.828554
0.959653
0.915977
1.09328
1.02242
0.990169
0.978275
1.01814
1.11687
1.04879
0.836263
1.09576
0.936447
1.00368
0.809499
0.9676
0.952126
0.92046
0.940599
1.03408
1.07195
0.898333
0.936467
1.04259
1.11656
1.10505
0.975
0.985494
1.09849
1.05898
1.10437
1.10976
1.08553
0.979198
0.99739
1.02997
1.16535
0.746633
0.981572
0.872809
1.19099
0.888043
1.15314
0.966042
1.0348
0.780687
0.945361
0.993134
0.814432
1.02912
0.98089
1.00064
1.00171
0.991931
1.26152
1.0857
0.921071
1.05294
0.851249
0.899325
0.89985
0.968631
1.01188
0.980826
0.779853
1.01772
1.01079
1.02509
0.957349
1.07765
1.00628
1.16129
1.08551
1.12152
0.960263
1.04648
1.11369
1.10951
1.15762
1.08138
0.913626
1.0136
1.09632
1.13506
0.983346
0.919081
1.24567
0.877402
0.941314
0.925361
0.965329
1.27752
0.897508
0.984579
1.13395
1.09414
0.865079
0.927102
0.907184
1.09853
0.845123
1.2207
1.04124
0.8681
0.998823
0.802951
1.02229
1.07369
1.07925
0.96996
1.19735
0.894641
0.877711
0.999016
1.08488
0.936962
0.946545
0.992949
1.01678
1.00964
1.08493
0.98373
1.04016
0.926199
1.0293
1.00627
0.991771
1.05162
0.860358
1.04288
1.03571
1.18653
1.03981
1.03047
0.80073
1.00038
1.11155
0.932025
1.00118
0.972791
0.915798
0.97798
0.999292
1.05568
1.33667
1.02453
1.16774
1.14272
1.04669
0.973844
1.1136
0.939705
0.972147
0.936012
1.09786
1.03731
0.891696
1.21338
1.07676
0.820013
0.870684
1.15095
0.784507
1.07978
0.783305
1.03742
0.951149
0.888095
0.934044
1.04396
1.10184
0.872436
0.985506
0.947266
1.10964
1.01114
0.863435
1.18957
0.952846
0.909197
0.966388
1.00278
1.03392
0.811445
0.79371
1.00452
1.17435
1.05936
1.17515
1.04043
1.0391
1.0625
1.1174
0.991214
0.896679
0.780321
0.918113
1.05323
1.01382
1.02054
1.13673
0.978851
1.05694
1.0474
0.92532
1.0135
1.02423
0.989219
0.923042
0.890685
0.964877
1.02632
1.0211
1.06715
1.04162
1.23416
0.922741
0.961164
0.902903
0.856741
0.974865
1.11769
0.996931
1.01296
0.939732
0.975675
1.00873
0.903738
1.0458
0.978079
1.02939
0.975139
1.05034
1.02244
1.0712
1.09182
1.00269
0.956065
0.991831
0.962424
1.07067
1.09547
0.86618
1.04225
0.925648
1.02746
0.981147
1.01853
0.997414
1.11897
0.981305
0.953841
1.08622
0.920413
1.00149
0.895126
0.82772
1.14092
0.940078
1.2273
0.957426
0.841173
1.06962
1.10638
1.17169
0.977487
0.950278
0.944027
1.31034
1.1762
1.0886
0.95785
1.00891
1.03368
1.08145
1.06636
1.07715
1.05276
1.14993
0.920825
1.14266
0.870383
0.957533
0.963367
1.02361
1.02845
1.01412
0.988004
0.821438
0.863514
1.07755
0.979348
0.867975
1.06145
0.925954
1.02505
1.03038
0.889752
0.878717
0.983195
1.08044
1.07996
1.00998
1.14989
1.01386
1.04418
0.983324
0.984625
1.05539
0.905207
1.02124
0.894693
0.940007
0.839399
1.00466
0.901686
0.924152
1.19243
1.00521
1.09605
1.20437
0.970098
0.922016
0.913996
0.916353
0.879057
1.01509
1.09782
0.840779
0.981975
1.01043
1.13197
1.00029
0.937479
0.998518
0.877028
0.789449
0.86556
1.25505
0.9501
0.822824
0.871964
0.853573
0.951115
1.07138
1.2571
0.984251
0.938651
0.973799
0.894315
0.927264
1.08315
1.03145
0.999117
1.14807
0.868977
0.843589
0.992768
1.14219
1.01842
1.01483
1.10607
0.941786
0.8818
1.01302
0.838092
0.98799
0.905053
0.823822
0.933936
0.990405
1.00534
1.00181
0.797966
1.09149
0.928264
1.02186
0.824183
0.969649
0.911973
0.983878
0.984148
0.94667
0.981764
0.846371
1.03315
0.84573
1.11576
1.10595
0.995759
0.865868
1.05569
0.992951
0.80875
0.880242
1.25503
1.10022
1.00198
1.04562
0.93457
0.987454
0.777828
1.00799
0.903114
0.936198
1.05034
0.97616
1.01178
0.921598
0.942491
0.869857
1.06263
1.17312
0.993465
0.947003
0.931593
0.942593
1.07844
0.940835
0.816266
0.89675
0.901708
0.916948
1.19409
1.14006
1.0521
1.04148
0.847382
0.802525
1.02397
0.848552
1.01566
0.993719
1.26347
1.10407
0.93902
1.05778
1.03692
0.936219
1.08292
1.15481
0.956085
1.17278
0.969952
0.911508
0.916832
0.950864
0.873024
1.00475
1.02789
1.01757
1.05773
1.03687
0.965605
0.995511
1.18364
0.958548
0.921733
0.879505
1.11281
0.970618
0.938612
0.970623
0.861069
0.966884
0.930552
1.0531
0.945942
0.976325
0.821859
1.00349
0.802597
0.956908
1.06247
1.17651
1.19145
1.10888
0.987358
0.772463
1.03583
1.00491
0.959241
0.924442
1.02376
0.751612
0.933201
1.02032
1.10231
0.948221
1.11618
1.24632
0.894367
1.13151
0.890729
1.04069
1.0392
0.833579
0.964152
1.03895
0.837815
1.002
0.869518
0.99543
1.0403
1.11903
1.11996
0.899078
0.954846
0.987407
0.935682
0.982444
0.93486
1.20197
1.02481
1.07354
1.04879
0.867588
1.02274
0.933918
1.10755
0.916037
1.04982
1.00814
0.812548
0.969224
1.09984
1.09575
1.04675
1.06099
0.890548
0.940691
0.895011
0.951608
0.798264
0.966115
1.20338
1.03924
1.00259
1.04621
1.08443
1.14289
0.937591
1.01894
0.884035
1.01238
0.921729
0.891012
0.937415
1.03112
0.962606
1.16734
0.938774
1.17819
0.955767
1.03117
0.946121
1.047
0.817276
1.01046
1.03372
0.97617
0.926781
1.11975
0.952932
0.996153
0.880192
1.01697
1.00598
1.00613
1.131
0.947851
0.843589
1.03439
1.17818
0.994279
0.898015
1.03598
1.00603
1.09969
0.974306
1.03376
0.944876
1.14738
0.900508
0.999817
0.99672
1.00564
0.875444
1.05439
1.23428
0.863823
0.863806
1.02784
0.922837
0.881567
0.984287
1.03467
0.929785
1.12285
0.976616
1.06198
1.05067
0.960412
1.00013
1.05935
1.13604
1.13166
1.15637
1.08382
1.04245
0.873233
0.757554
1.00096
0.901141
1.00913
0.921226
0.842923
1.1184
0.955031
0.879247
1.07907
1.11321
0.930255
0.952819
1.04606
1.12891
0.925434
0.912761
0.918777
1.03214
0.924328
0.971046
1.00077
1.03118
0.888668
0.884039
1.23192
0.921233
1.15904
0.871408
0.937431
1.01115
1.01041
0.853265
1.12639
1.11518
0.877481
1.06244
1.08609
1.00473
0.904229
0.905413
0.807574
0.994933
1.21222
1.1634
1.04502
1.17242
1.00769
1.27965
1.05283
0.953762
0.974983
0.931228
0.91043
1.00624
0.894007
0.957656
1.02448
1.12323
1.16255
0.974822
1.11225
1.05061
1.10374
0.982395
0.916111
0.879578
1.02922
0.794056
0.901069
0.98824
0.904494
1.13268
1.10163
1.35805
1.05616
0.974793
1.09336
0.969699
0.933232
1.02337
0.899069
1.08601
1.06753
1.00652
1.10388
1.03255
1.07379
0.948611
0.899822
1.11942
0.874752
0.87759
1.026
1.0064
1.07527
0.987261
1.05169
1.0361
1.03518
0.823577
1.13945
0.968428
1.01969
0.997344
0.92128
0.817697
0.946008
1.07007
1.1139
1.01624
0.929013
0.939972
1.20644
1.08594
1.04507
0.931752
0.99078
1.06259
0.988462
0.973662
1.07572
0.784673
0.912321
1.06579
0.916426
0.812897
0.926776
0.889831
0.874773
1.02305
0.916717
1.12467
1.13076
0.948742
0.915705
0.930375
1.0507
0.942115
0.959056
1.14833
1.0046
1.13603
0.979164
0.983623
0.844688
1.00399
0.899919
0.869951
0.868824
0.899784
0.982053
1.16179
0.939817
0.913273
0.86168
1.09701
0.904908
1.05188
0.983649
1.14365
1.0172
