0.186231
0.648393
0.0899326
0.464413
0.0213642
0.327439
0.875098
0.265473
1.41078
0.298263
0.879277
0.0876886
1.40263
1.15838
0.24061
0.128925
1.83261
1.45143
5.22329
1.67817
0.0549627
4.2319
0.289504
0.656872
0.121327
0.151377
0.273905
1.01919
1.12372
0.395799
0.0291159
0.858075
1.88426
3.03198
0.343082
1.77329
0.15639
0.793632
0.977176
0.417997
0.948839
1.82326
0.0909209
0.115288
0.582574
0.0504079
2.32664
1.03883
0.061966
0.475173
1.73707
2.22354
0.912317
0.596703
0.444726
0.331077
1.19834
1.03975
1.0757
0.117002
2.89651
2.15794
0.290718
1.60095
0.162167
0.776863
0.180066
0.555085
0.0331522
0.718757
0.924513
2.3409
0.901895
0.0786891
0.541567
0.423809
0.0228029
1.39207
0.624193
0.521997
2.82011
1.58972
0.380926
0.323588
1.43617
0.212107
0.137599
0.777363
0.707627
0.115074
0.589726
0.5238
1.0803
0.12239
0.492372
1.36288
0.792314
0.309808
3.12654
0.0663184
0.51745
0.178286
0.154573
1.29638
1.91768
0.193579
2.08691
0.0353417
1.89772
0.26683
2.37746
0.325973
1.57934
1.75932
0.278419
2.0575
1.2927
0.328351
2.99728
0.405237
1.88272
2.58117
0.123158
3.55706
3.01768
0.109391
0.102001
0.713568
2.49491
0.42217
4.2627
2.3751
0.101084
1.82515
0.43496
1.11753
0.0766335
0.881701
6.01582
0.122259
0.148597
0.147735
0.0794044
1.4136
1.09677
0.281881
0.680397
1.81172
0.332005
0.49685
3.75808
0.910988
0.124748
0.520738
0.683017
0.143015
0.988265
0.701963
1.47933
1.31278
0.107456
1.0337
1.19126
0.253144
1.54828
0.16544
0.531653
1.71907
1.67427
0.414037
1.08862
0.618558
0.0791726
1.03514
0.154336
0.774022
0.428529
0.246089
0.000519761
0.541443
0.845132
2.96694
0.0680066
1.03051
0.444702
0.0787444
0.766628
0.597348
0.109511
0.126655
0.945118
0.105561
1.5877
0.742005
0.715939
1.59482
0.475007
4.79905
0.194332
0.318421
0.560684
1.35121
0.518798
0.789433
0.365017
0.166111
1.48118
0.465514
0.564421
0.677185
0.0589467
0.426595
0.806954
0.191241
0.84599
1.96223
2.36948
1.7102
0.374461
1.18011
0.0745759
2.12318
1.22683
0.324718
1.51926
1.38467
0.352263
1.36593
0.131034
0.0210583
0.950912
0.506265
0.445147
0.180271
0.147428
1.4259
0.42101
0.113649
0.0543276
0.0785431
2.35899
0.812109
0.37232
0.870374
0.279678
4.29268
1.12793
1.28476
0.122657
1.31731
2.81819
0.17583
1.17987
0.0270754
2.38489
0.626616
0.0818088
1.72365
0.176734
0.377107
1.29209
2.14914
0.0829595
0.640768
0.302742
3.19866
0.993549
2.25619
2.02187
0.291641
1.13698
0.271967
1.2046
0.64107
0.951052
1.97255
0.663127
0.853633
1.72498
0.295034
0.196497
2.93956
0.67418
0.980567
0.563953
1.34091
0.689001
2.25327
3.51948
2.00971
0.892121
0.41379
0.839665
0.334786
0.703574
2.49573
2.17972
0.271033
0.411694
0.172033
0.948209
0.439926
1.64607
2.213
2.6065
3.882
2.05286
1.51851
2.00863
1.90317
0.46236
0.193142
1.02861
0.0347978
0.571255
0.509048
0.0971545
0.457563
0.228147
0.401089
1.04839
0.909968
0.0625665
0.452299
0.510881
0.415293
5.86035
0.189506
0.838369
1.18747
0.986725
0.328635
0.878697
1.70983
1.51826
0.277286
0.927954
1.55269
0.912558
3.38576
1.2644
1.12
1.87472
2.1726
0.268147
2.02163
2.19199
2.32185
4.37359
0.0512972
1.70923
0.00035801
0.604881
1.8182
0.119757
0.948108
0.210466
0.432
2.03884
0.169235
1.98782
0.471908
0.102751
2.60469
0.654398
1.42543
0.893441
0.00550251
0.659656
0.256909
0.540823
2.20525
0.958309
0.287921
0.579239
1.51568
1.07187
0.613413
0.801845
2.81611
0.119068
0.0536701
0.937291
1.14419
0.88745
2.1447
4.85145
1.34538
0.310831
0.0418302
0.387221
0.940456
2.97333
1.67212
1.0157
0.248242
2.50207
2.64771
1.15868
0.994278
0.508216
0.521668
0.989312
0.812702
1.72541
0.87784
0.284497
2.56981
0.485573
5.00124
1.08013
0.761613
0.496848
0.521862
0.937673
1.40104
0.458355
0.0843091
0.216287
0.0157802
1.05168
0.299002
0.746792
0.239451
1.03014
0.0607323
0.156827
2.85065
0.155682
0.229511
0.649911
0.149608
1.59232
0.748787
0.726011
2.34089
0.448437
0.272092
0.581694
0.272167
1.23655
0.326829
0.71273
0.821676
1.87171
1.41334
1.05644
0.00540007
0.200032
0.0195498
3.03937
0.185672
0.31817
0.446006
0.126772
1.47475
1.73209
0.968961
0.213748
0.415178
0.0862848
1.24685
1.06273
0.0668455
1.23584
0.26366
0.740051
0.129571
0.0609306
0.0202951
0.321374
1.16282
0.411791
1.57228
0.538479
0.353539
0.451116
0.526672
0.0455772
3.69016
0.251578
0.646289
0.142018
2.87489
0.171067
0.110113
0.516751
3.24975
0.748073
0.268858
0.0265591
0.105355
1.22258
0.786375
0.720461
1.26007
0.828121
1.97761
1.15199
3.45695
3.3847
0.114274
0.209061
0.39588
0.211902
2.96485
0.651632
1.64958
1.51783
0.811532
2.03734
0.396974
0.199401
5.01621
3.84135
1.6148
0.719213
0.293093
2.16015
0.394856
0.863903
0.928232
2.00514
0.175039
0.0988589
0.128394
0.382956
1.14744
0.651079
0.80862
0.12167
0.805076
0.580723
1.87426
0.114041
0.202356
0.421652
0.267396
1.57579
0.104075
0.76105
2.48834
1.07973
0.80466
0.64272
0.427862
0.325071
0.549199
0.286636
0.653643
2.87813
1.49624
1.65124
0.571374
2.34064
1.45254
0.167046
1.27101
0.465351
0.410878
1.64826
0.559017
1.80083
1.14713
1.21048
0.954449
0.622649
0.153941
0.429146
0.092225
0.84263
0.135108
5.1241
0.500224
0.690033
1.06463
0.181568
0.206191
1.59841
2.48732
0.0954113
0.0026198
0.57602
1.58634
0.757356
1.09831
0.644915
1.58151
2.65035
1.32819
0.0678568
0.282741
1.8854
0.457412
0.13246
1.74382
1.64492
2.05383
1.3599
0.178388
0.772839
0.169286
0.760948
1.60563
0.77965
0.183644
1.85318
1.86304
0.420328
1.97783
1.10481
1.53105
2.06142
0.1687
0.915451
0.437543
4.95263
0.715795
0.470371
0.47331
1.99717
0.403473
0.490622
1.03144
1.02501
2.27328
0.0310506
0.025414
6.62167
0.189245
0.594643
1.4311
0.959706
1.04105
0.226055
1.37806
2.51787
0.487252
0.595795
1.77247
1.42537
0.947288
1.68679
0.477736
0.727303
0.372733
0.106873
0.0304168
0.0291434
2.96269
0.797647
2.64742
0.01185
1.24307
0.817178
1.52536
0.121256
0.0424002
0.236935
0.393119
0.749302
0.306615
1.6212
1.42842
0.12282
0.608724
0.723036
1.00508
0.39129
1.19021
0.285696
2.26444
0.0704095
0.0332143
0.217388
1.04027
0.0733308
0.553895
0.293893
1.1962
1.82637
0.207774
0.260444
2.49334
4.13246
0.093235
0.218076
0.46173
0.340159
1.06089
0.257453
1.46995
2.74125
1.5484
0.455493
1.19178
2.05616
0.716554
0.569697
0.72461
0.352215
0.184907
1.65085
2.10418
0.00667033
0.339044
0.00993754
0.502584
2.04061
0.239407
0.0884372
0.685036
0.682559
1.54133
1.68693
0.767917
1.49686
0.798274
0.283872
0.163474
1.20736
0.0770178
0.811371
0.214168
3.19327
1.19837
0.0603097
0.126947
0.856049
0.859772
1.01665
0.65369
0.628009
4.56675
0.634358
0.350663
0.657705
0.0708476
0.885892
1.02794
1.26833
2.99751
0.0795777
0.271866
0.429293
0.640241
0.1929
0.0422889
1.31556
1.3976
0.607534
0.727444
1.9693
0.210481
0.897413
0.281432
0.569166
0.0526948
0.473548
1.40677
0.00653212
0.297568
0.590262
3.51309
0.409299
1.10122
0.0453132
3.87518
0.207256
0.730153
0.234312
1.32458
0.112534
2.42529
0.603442
0.00975982
0.596074
0.394421
0.85555
0.753637
0.0381522
0.759797
3.8811
0.47912
3.25458
1.11055
0.612847
0.948954
0.0250192
0.417856
0.175545
0.0079723
1.22221
0.417166
0.621134
1.10782
3.62566
1.25292
0.70215
0.477398
0.441564
2.00837
1.32194
0.162386
2.9981
3.23575
0.149251
0.661407
5.23202
0.4137
2.36117
0.446015
2.12376
0.456049
2.19336
1.03142
0.938731
0.406962
3.63158
1.32507
1.24924
0.448522
0.152308
0.382068
1.16963
1.69907
1.13624
3.38946
0.823656
0.204122
1.205
0.863482
0.876033
0.718122
0.136181
0.136115
0.315749
0.220764
1.49329
0.552059
2.31937
0.79772
0.0330512
1.64352
2.00976
1.62393
1.43228
1.29343
0.584292
0.146733
3.52341
0.95506
2.40708
1.06214
2.10604
1.18409
0.0683343
0.148963
1.81487
0.632787
0.342075
0.0781141
0.11298
0.889161
0.816902
1.09419
0.183239
1.34101
2.62805
0.610239
1.0949
0.772213
0.224778
0.523088
1.04978
0.15507
0.720294
0.973333
0.488641
1.03675
2.63711
0.743152
3.06164
0.441436
0.0578889
1.17966
0.240773
2.9608
1.20622
0.933103
3.83328
0.782712
1.91721
0.873297
0.416005
0.507871
0.0251693
1.66513
2.69604
1.771
0.384708
0.0145524
0.487594
1.42278
0.378593
1.79358
2.10539
1.26613
0.0631743
1.84646
3.89343
1.54201
1.32848
2.46082
1.27704
0.118303
0.0205551
0.747329
0.0551763
0.204552
0.559975
0.130929
1.31739
0.710244
1.54448
1.4084
1.26109
0.65652
0.629439
1.22924
1.30677
0.853072
2.39678
0.90689
0.0772871
2.03461
0.362082
1.15694
1.54928
0.399632
0.3733
0.998048
0.262056
1.48384
0.14895
0.826505
0.620073
0.746456
3.7818
0.85228
1.02105
0.662582
0.224326
0.197948
0.268847
1.52672
1.88851
0.356426
0.633906
0.312515
0.0181298
1.37476
0.159614
2.07482
0.559578
0.16475
2.30725
1.47333
1.52134
0.671052
0.293934
0.210794
0.347723
0.187151
1.26646
0.975453
0.72718
0.990541
2.6278
2.35869
0.812056
1.57053
2.10609
0.305991
0.0585375
0.00202723
0.393169
0.103869
0.946414
0.0809572
0.535927
0.183171
0.33392
0.214158
0.0743069
1.7807
0.456589
1.99722
1.47968
0.0342779
0.141883
0.273665
0.650156
1.51568
1.19129
0.236235
1.41292
2.56909
1.28261
3.09655
2.08582
1.327
0.403615
0.0730643
0.978488
0.00402427
0.935038
0.563822
0.798433
0.218883
1.83761
0.113512
0.0885648
0.14339
0.120166
0.986971
0.0658438
0.527729
0.240689
0.843954
2.29408
3.15918
0.265391
0.315114
3.58053
1.63357
0.87665
0.331775
0.549373
1.11014
0.0783437
0.754697
2.20104
0.0593981
2.63464
1.24265
1.72267
0.103812
3.06932
0.484311
0.00973089
1.843
0.0743852
0.514116
0.0712789
0.664895
0.117101
1.5348
2.94207
3.49239
0.0151473
3.2811
0.687061
1.13779
1.09448
0.0417102
1.14947
0.0181561
0.565651
0.670284
0.32013
1.61365
1.37542
1.75587
0.248756
0.613454
2.24824
0.0731649
0.212825
1.23697
0.194233
2.50958
1.04304
2.20071
1.36669
0.607702
0.0820874
0.0915905
0.0125473
0.602383
0.375863
0.0441693
0.820734
0.032955
0.0942237
1.95816
0.0544531
0.199162
0.181884
0.178417
1.96558
0.0444857
0.32607
1.9701
1.24864
0.508171
0.961529
0.480755
1.43952
0.876142
0.173456
0.133936
0.0254434
0.872764
0.0920108
1.09143
0.416593
0.0585166
2.98995
1.85818
1.27655
0.141338
0.157593
0.360595
0.324633
1.4019
0.444115
0.0972814
0.353615
1.3659
0.454985
1.37782
5.06285
0.144708
0.493414
0.16496
0.928231
0.403325
0.617275
0.0929057
0.989622
2.08093
0.536577
0.422872
2.02141
1.48035
1.02291
0.887315
0.537834
0.830908
1.3585
0.456335
0.786342
1.29555
0.127456
1.28859
4.40578
0.121952
0.549753
1.16282
0.29629
0.0738968
0.254127
0.43984
0.658455
2.0645
0.546096
0.132739
0.284244
0.500387
2.19018
0.095466
1.5412
1.99403
0.459736
1.07393
0.53437
0.390921
1.04933
4.80699
0.0454444
2.70707
0.090505
0.252867
0.984584
0.0550815
0.586605
0.288204
2.14863
1.41459
0.978456
0.233295
0.57035
0.640299
5.88366
0.403368
2.11645
3.33675
0.572676
0.343059
1.44036
0.459807
1.00701
0.145961
0.849898
0.0928136
0.566367
2.41869
0.750348
1.62981
0.669096
0.596746
0.543672
0.800674
0.318061
3.11054
0.0367791
2.78754
1.23428
0.154019
1.36344
0.231283
0.411822
1.60564
2.2654
0.745788
0.392146
0.0390464
0.382686
0.106116
0.39918
1.42314
3.31182
0.117959
1.81826
0.209538
1.29013
0.0297844
0.471924
0.223924
0.9023
0.784849
0.929334
0.526852
0.140053
0.280144
2.54085
0.0734682
0.165521
1.73514
0.439867
0.397797
0.629425
0.239283
0.633897
0.599547
0.403318
0.763775
0.00458555
0.369202
1.35382
1.0175
0.352765
0.4856
1.30122
2.56374
0.965167
5.14402
1.03578
0.800907
2.58616
0.30651
1.26619
0.192248
0.0755679
0.840858
0.58454
0.0717533
0.832156
0.819514
0.714717
2.74581
1.11942
0.386385
0.0947715
1.28539
0.441509
0.845066
1.0794
1.98263
1.52633
0.847199
1.56537
0.418327
0.691392
1.43659
0.601726
0.091824
0.106485
0.924052
0.729355
0.0501531
1.81801
0.602794
1.48606
0.239512
0.1305
2.13176
0.713094
1.1582
0.353189
1.04888
1.07394
0.146236
0.107218
0.745945
0.368597
0.132101
0.049546
0.360433
2.28863
1.04988
1.43654
0.133638
1.53745
0.202727
3.51701
1.72921
2.08856
0.0737812
2.55186
0.677882
1.63325
0.0792598
0.42153
0.23147
0.416349
0.867469
0.899661
2.65913
0.95084
0.706487
1.11621
1.63142
0.256995
1.93265
0.106966
1.08188
1.51018
2.68593
0.582751
0.112387
2.10764
1.03539
2.62828
0.170136
1.6417
3.17665
1.41557
4.22492
0.624014
0.509704
0.403902
1.1349
1.51827
1.31887
0.74809
0.248854
0.841496
0.0850393
2.14229
0.691321
2.44272
0.20762
1.32462
0.896535
0.0212441
0.970494
0.578317
1.04435
0.546981
1.72911
0.205586
0.61321
0.257951
0.306908
2.13496
0.483261
0.846807
3.09743
0.287994
0.309153
0.39536
0.353315
2.44136
1.84117
2.08052
0.0711745
0.834385
2.93798
0.377643
0.335778
1.00533
0.781316
0.614956
0.0247058
0.622186
0.865461
3.11094
0.0597695
0.306138
0.823757
0.545789
0.603984
2.57532
0.0488105
1.43344
0.264487
0.387298
1.32857
0.838717
0.30194
1.50592
0.99804
0.497555
0.125015
0.170692
3.64134
0.130907
0.466149
0.713757
1.45237
0.404111
0.123399
3.1033
1.54667
0.176953
0.0553272
1.21841
0.254827
1.02641
0.275429
1.6873
0.118538
1.17869
2.03916
0.198074
1.53556
0.36634
0.191381
1.68867
1.20614
0.661863
0.688917
4.47356
0.81028
0.221928
0.871165
0.859583
0.234174
0.386029
0.0349006
0.185064
0.0982646
2.69438
0.297502
0.126963
1.12764
1.11349
0.0262304
0.314778
0.0110865
0.417404
0.33896
0.0567471
0.702772
1.43441
0.242439
1.13611
0.653697
0.239678
0.450665
0.032904
3.63144
0.362204
0.0617882
1.58826
0.157866
0.149959
0.922604
0.0654324
0.976015
0.561824
2.49282
4.0709
1.24293
4.4342
0.356391
2.38378
0.834809
2.13019
0.82422
2.33837
1.03173
0.622112
4.66944
0.0233046
2.78276
0.497653
2.2779
0.36922
0.486806
0.0395397
1.16894
1.20309
1.34461
1.63711
0.502311
0.752656
1.04678
0.800817
0.472156
3.03335
0.707013
0.420574
0.303632
0.616658
0.0224259
0.129532
0.993664
1.43298
1.27234
0.27427
3.50639
0.157158
2.53858
0.12413
2.82775
0.332656
1.70504
0.253369
0.979134
2.01652
0.59702
0.165082
0.294726
0.656156
0.136044
0.319785
0.0328993
0.475323
2.43702
0.0897836
0.735323
0.209984
1.04624
0.180466
1.11983
0.44545
0.321333
0.756656
0.170151
2.25135
1.49906
2.01777
2.01371
0.550507
0.953357
1.74193
0.974366
0.6922
1.9383
1.87291
0.275948
0.12608
0.520427
0.523486
0.610002
1.35718
1.42086
0.756488
2.39289
2.1322
2.77701
0.198943
0.473634
0.18464
0.806996
1.31672
0.123599
1.27092
0.055366
0.132478
4.38775
0.155861
1.30513
2.07899
0.0306393
1.07788
1.50045
0.376219
0.940657
1.76065
0.153337
3.02356
1.52293
0.636844
1.13332
1.23472
1.18346
3.10324
1.29887
0.0259948
0.234346
0.681032
0.315736
0.777381
0.15025
0.582318
0.587712
0.124341
0.370575
2.02201
0.379454
0.493357
0.490212
0.0527828
1.75804
0.00761754
0.559356
2.04714
1.14704
0.516726
1.17663
1.40043
1.59608
2.54091
1.68055
0.379407
1.08308
2.24189
1.66181
0.0546379
1.13678
3.23547
0.242306
0.0264944
0.445651
1.27287
0.183522
0.076097
0.611639
3.85394
1.16871
0.174546
1.62591
0.348004
0.399235
0.913037
1.05802
1.77127
1.7152
0.883424
1.52149
0.0049339
0.998028
0.0831728
0.946173
0.722814
0.068277
0.513889
0.79911
1.29557
0.574433
0.140737
0.247579
0.539912
0.130923
0.521048
0.93096
0.666963
0.123028
0.724752
0.23757
0.135192
0.898687
0.307666
0.355833
0.0828859
0.81562
1.49175
1.2575
0.518324
1.85097
2.03446
1.92217
0.0865281
0.0431645
2.19776
1.45459
0.841974
0.450689
0.626812
0.014543
0.598918
0.369037
0.866558
0.157857
0.679095
0.68602
0.492832
1.63949
0.600965
0.99479
1.44536
0.346111
0.19633
0.186399
0.0287623
0.641506
0.244693
0.936045
0.560523
2.52683
1.49844
0.432271
0.393526
2.76281
2.44333
0.677377
0.129626
0.139912
1.01716
2.56886
4.20351
3.18457
0.944184
2.40082
1.19249
0.649345
0.641059
0.158347
1.76219
0.11258
0.100617
0.312581
1.66325
0.526264
0.535192
2.09084
1.02578
0.432887
0.234789
0.890453
0.291027
0.421354
1.64813
2.47549
0.725475
2.03101
0.226728
0.368644
2.30806
0.00426413
2.63588
1.36393
0.0421043
0.417898
0.364171
0.626656
2.01975
0.51323
0.562032
1.65764
0.201392
1.90109
2.76235
2.30515
0.142353
0.358908
0.506337
0.304661
1.95429
0.8897
2.99673
0.173961
0.731704
0.20364
0.853946
0.367611
0.141793
2.23992
2.25839
0.552149
0.273486
0.285423
0.0440861
0.558576
0.565951
0.68822
1.37865
1.67066
0.0390737
0.482213
0.476122
0.358906
1.1617
1.66882
0.187109
0.103121
1.15239
0.0950089
0.955084
0.322978
1.84107
2.18276
0.453082
2.59836
0.0614028
2.84578
0.668987
1.54385
0.113656
0.767823
0.413017
0.0533278
2.28535
1.03192
0.439763
0.0401517
0.726835
1.63927
0.0272548
0.0964931
0.389041
0.33797
3.22988
1.41281
0.0311519
0.655272
0.0292647
3.41049
0.227094
2.36408
1.0283
0.217014
3.4915
0.223594
2.70576
0.10207
0.26483
0.00431484
2.65648
0.349833
0.0160581
0.703016
0.31363
1.46502
0.959385
0.51625
0.908654
0.00388392
1.54744
1.58018
1.73299
0.0777221
1.54006
0.151757
0.489758
1.67563
0.12868
0.927352
0.666067
1.0275
5.95877
0.30903
0.944611
0.373851
4.8669
0.452644
0.470812
0.110626
5.00122
0.578717
0.509524
1.34931
0.294436
0.0977791
0.712588
0.865689
0.0495425
1.26813
0.0531437
0.198084
0.2662
1.33035
0.97923
0.0252636
1.31115
0.793663
1.65779
0.246239
0.0842858
0.492511
0.498642
1.24852
0.0659666
0.959129
2.06665
0.795251
0.771775
0.574072
0.0924634
2.10491
2.18076
0.301098
0.119307
1.25233
2.16807
0.22871
0.394161
2.95286
0.369749
2.00333
0.510094
1.67904
0.799513
2.44963
1.63592
0.184538
0.595991
1.28185
0.910245
0.282799
0.181711
0.0120558
2.15898
0.530807
0.325702
1.05251
1.13571
2.2679
0.604458
5.35265
1.88067
0.159971
0.505897
1.0304
1.86904
0.177114
0.553835
0.20505
0.143395
4.49207
0.878213
2.16224
0.423053
1.37663
1.06917
1.01859
0.813673
2.10991
2.51957
0.30786
0.0918534
0.883467
0.56448
0.181404
0.747404
0.89659
3.42095
0.602946
0.0783915
0.490473
0.879756
0.293661
0.00639856
0.168234
0.677442
0.5647
2.36724
0.935881
2.6597
2.32233
0.296132
0.193321
0.87291
1.3294
0.0849476
0.0889696
0.112331
0.0798811
1.2884
0.355434
0.319426
1.14959
0.354194
0.0934754
0.547834
0.533013
0.373385
0.476027
0.0501349
0.588003
0.81094
3.79467
1.0939
0.0729352
0.14151
0.0890898
0.706261
0.579818
0.515497
0.360029
0.842716
2.54448
0.312008
2.56719
1.35641
0.110421
1.40106
0.258167
0.115164
0.281562
2.33603
0.0800063
2.98125
1.64107
0.535919
1.18725
1.64913
0.648732
0.00155742
2.01043
0.271295
2.26189
0.880266
2.54751
1.33272
0.560422
0.389219
1.14847
1.23836
2.12845
0.147448
0.239353
1.26394
1.3663
0.117148
0.418182
0.991458
0.292962
0.0299889
1.25743
0.329304
2.73491
2.40706
1.05841
0.170435
2.37005
2.51329
0.0731466
1.64451
1.1662
0.721383
0.412446
0.498776
0.810982
0.556679
0.436196
0.801748
2.44084
0.764986
1.68818
0.279094
5.273
0.712804
0.371944
2.58832
6.14582
1.31746
0.488415
0.526621
0.174016
0.540541
1.77889
0.650858
0.452033
2.02589
2.16742
0.965078
0.932795
1.10252
0.806599
0.455627
1.01485
0.528003
0.586934
0.43874
1.26709
3.3413
0.138456
0.390304
1.28245
0.849745
0.990798
0.668851
0.899983
0.362219
1.33946
1.53753
2.23308
0.158139
0.280041
1.26649
0.660964
2.41475
2.34164
0.718011
1.51108
0.515932
0.255073
0.248709
0.464698
0.169494
1.05446
1.17025
0.637919
1.53446
1.33239
1.00622
3.1398
1.66328
1.42242
0.98555
1.21773
1.37497
3.35277
0.457653
0.804201
0.189878
2.89832
0.387735
0.549516
0.706978
0.353906
1.80609
1.39297
1.50718
3.06707
0.179583
2.14082
1.0341
0.267777
0.151036
0.00779064
0.108384
0.736367
1.24165
0.424871
0.0740208
1.14348
0.353897
0.0169675
1.4738
1.00493
0.0482249
0.727492
2.33641
2.31307
0.905819
0.973897
0.408381
1.52485
0.998747
6.38864
0.127042
0.0624946
0.778711
1.22808
3.01597
1.21123
1.02629
1.77428
0.0967114
3.5309
0.985355
4.43474
0.0392086
1.73109
0.901901
1.63909
0.900594
0.339711
0.980314
1.17029
2.15347
1.26978
0.828227
1.05789
1.51251
0.0907043
2.32286
0.671947
0.996911
3.02602
0.131742
1.78439
0.574586
0.543624
0.26706
0.393052
0.0591593
2.31616
1.90205
0.528333
0.0855799
0.372093
0.706202
0.335075
2.64084
0.579387
0.406531
1.09091
0.349353
1.03157
0.596112
0.124538
0.449159
1.08241
4.75098
1.40895
0.259227
0.0690386
0.501819
2.11256
0.481296
2.1995
0.892067
0.0687665
1.61751
0.40596
0.673289
0.737702
0.00754174
0.072549
0.988463
1.31215
1.41129
0.406954
0.877687
0.418609
1.47758
1.93169
0.305449
0.679908
1.03824
0.146614
0.249723
0.544196
0.399323
0.400516
0.244632
0.876096
0.0986187
1.97747
0.0940875
0.514126
0.889426
1.58413
1.48342
0.733183
1.32078
1.06223
1.60214
0.29418
1.04918
1.7154
0.077779
3.09987
1.3074
0.623287
1.17784
0.71632
0.317243
1.82604
0.00833217
0.367661
1.65885
0.982498
0.585823
3.13358
0.818781
0.563743
0.378024
0.465688
0.115891
0.377649
0.527977
0.828901
4.04863
1.11529
1.44988
1.28075
0.906374
0.484003
3.36471
0.506319
0.407483
0.376382
0.458469
1.7113
0.638821
0.281915
0.931267
1.09635
1.25363
0.340349
2.29648
1.6295
0.840294
0.189422
2.60773
1.86423
0.524347
0.834403
1.04712
0.0371347
0.214472
4.27166
1.204
0.0308883
1.34442
1.36934
0.0420494
0.598632
5.92672
0.292376
0.0853267
0.373319
0.213507
0.234648
0.292887
0.646908
2.36541
0.150631
0.136998
0.840745
0.690724
0.922851
1.78543
0.112935
0.187939
0.825798
0.971008
0.676444
1.41592
2.25956
1.17138
0.0358189
0.0131041
0.88555
0.17262
2.76357
0.546487
4.44442
1.79655
0.639347
1.56451
1.30316
2.23353
0.0393874
0.5573
0.867369
0.34659
0.279184
1.2887
0.249909
0.271741
0.0251151
1.2549
1.23886
3.93181
1.53362
0.320588
0.976079
2.47109
0.150046
0.036218
1.22393
3.07527
0.751681
0.18349
0.708448
0.35844
0.348635
0.34528
0.0149403
1.94935
2.08807
1.26611
1.41939
0.704201
1.96602
0.051251
1.96481
0.265906
0.197664
0.826943
0.278538
0.0233695
1.28261
0.912218
3.01858
0.261491
2.65389
2.61249
0.567679
0.146688
0.210062
0.545033
0.734584
0.615248
0.523676
2.57147
0.484181
0.0304244
0.151125
0.310943
0.000738034
0.647093
0.270671
0.0684572
0.150419
0.756418
0.0300989
1.1275
0.578712
0.244541
0.467674
0.0655885
0.540622
0.700338
0.113849
0.880684
1.01512
1.02422
0.540292
0.422693
6.1774
1.13799
1.67821
3.51815
1.74671
0.285133
0.0337314
0.246764
0.138016
0.63292
0.660196
0.404145
1.10584
0.735213
0.387999
1.64309
0.185357
0.274274
1.94866
0.229613
0.345097
0.903859
0.373192
1.48971
1.69217
0.407705
0.68044
0.0910927
3.73968
0.602551
1.28565
0.338946
0.348971
0.653989
0.511799
2.59648
1.28461
0.604313
1.30545
0.314706
2.47098
0.146771
1.33332
0.527714
0.00607193
0.461363
2.39586
1.34135
1.34126
0.767706
0.632221
2.23805
0.144064
0.714578
5.0662
0.907167
0.508992
0.234102
0.137073
1.19357
0.460017
0.232192
0.571824
0.119823
1.14842
1.60041
2.03524
0.209795
2.74164
0.360655
0.188472
0.894741
0.536989
0.291865
0.0742084
0.619059
0.745541
0.0147554
0.193829
1.73508
1.01489
0.108715
1.08199
2.74478
0.781297
0.375058
0.77605
0.059474
0.263039
1.43827
0.128595
0.693565
2.64358
0.629925
0.697711
0.259644
1.64226
4.66428
3.18209
0.774887
1.27468
0.484671
0.35541
1.06389
0.294306
1.53337
0.412602
1.046
0.1394
1.23446
0.072635
1.10744
0.52635
2.41041
0.313437
0.370224
1.20221
1.85675
0.154549
0.189733
1.31919
0.739783
2.64488
0.100666
1.67016
0.572718
2.79872
0.71292
1.11468
0.288134
0.669611
1.1155
0.174334
1.56327
1.62381
5.64146
1.10581
1.36558
4.02562
0.616953
0.58094
2.15146
0.515598
2.26118
0.672965
0.272539
0.0651447
0.319916
0.202046
0.70271
1.59318
2.04525
0.0367255
2.0542
1.80049
0.334347
1.89595
0.20241
0.489574
0.314843
4.0068
4.28404
0.158122
1.40519
1.70298
2.92135
0.166273
0.438709
2.87605
1.11236
0.198459
0.497688
0.261336
5.56498
0.0225457
0.0462322
0.358949
1.4314
0.843753
2.15176
0.470772
0.302417
2.2366
0.517885
0.496733
0.953621
0.950757
1.90989
0.239034
0.648394
1.33366
0.0406299
2.31647
0.35626
1.4088
1.4847
0.0429151
2.55524
0.213075
3.46868
0.786389
0.105417
0.636549
1.27141
0.00939172
1.44537
3.59952
4.46377
0.994944
1.43751
1.18854
1.68739
1.40615
0.89841
2.01223
2.79088
0.000112093
0.819637
0.374057
0.741866
0.754346
1.7793
2.19086
1.10761
0.605331
0.421995
2.08991
0.0166209
2.43093
0.349754
0.253759
2.24969
0.305908
0.376057
1.37518
3.14762
2.17357
0.182425
4.7772
0.52359
1.04804
0.178149
0.0991025
0.0713907
0.659471
0.107892
0.80573
0.496293
0.224456
1.35468
1.9506
1.6063
0.569635
0.0687575
0.144994
1.24239
0.126711
0.160722
1.09241
0.353063
0.448012
1.65462
1.7719
0.24325
2.15971
0.71821
2.82072
1.40412
2.1598
1.05436
1.25022
0.110981
0.68252
0.544603
0.00497917
2.62606
1.37692
0.601282
1.37767
0.561439
1.3576
0.11443
1.60619
0.474592
0.753196
0.265564
0.551447
0.147981
5.27794
1.048
2.50079
1.86787
0.725244
2.77597
1.8725
0.222969
0.242913
2.32533
0.211024
0.390104
0.0338312
0.283033
0.770161
0.330873
0.968798
1.02289
1.36355
0.0044174
1.12852
0.846182
0.985648
0.84365
0.422249
0.602387
0.101253
0.554298
1.41119
0.974194
5.67792
0.187078
0.133542
0.36685
0.247549
0.424895
1.16354
0.25758
0.280126
0.481287
0.611676
0.00353411
0.628116
0.324066
0.503783
1.00844
1.92662
0.737562
0.0809425
0.429384
0.176121
2.32398
1.06444
0.540086
3.53652
0.312423
0.438729
0.0410416
0.32972
0.626189
0.400103
0.153447
0.400646
1.23994
0.840902
1.38144
2.84668
0.466138
0.796629
0.42457
2.85658
2.55454
0.855544
1.86505
1.31947
2.67451
1.52325
1.66271
0.491346
0.517511
1.74831
4.47151
0.698167
1.18925
0.445196
0.126901
3.31089
0.118146
0.119228
0.828271
3.22492
0.184952
0.666309
0.847902
2.97238
0.390811
0.0419624
0.45049
0.255683
1.01157
1.71822
0.0952757
1.5718
0.953996
0.0383612
0.398014
0.468317
0.0509709
0.541381
0.829287
0.692489
1.16824
0.998116
0.274153
0.36129
0.648841
0.0732349
0.82163
0.984422
0.566029
0.498387
0.307866
0.0292425
0.356148
0.983351
1.69608
2.72722
2.1229
1.09976
1.86007
0.0697879
0.765013
0.324423
2.80101
0.281335
0.481221
0.34355
3.67966
1.19361
0.0359482
0.539859
0.593951
0.956724
0.412414
1.56712
0.0741874
0.585482
0.179359
0.550134
1.30637
1.21574
0.671337
0.844125
1.22913
0.249326
0.599885
1.2756
0.131827
1.10975
0.275113
0.175041
0.748648
0.276155
1.22918
0.585759
0.637344
0.989471
0.661999
1.21483
0.806677
0.049883
0.450538
0.221312
1.17174
0.651334
0.487769
0.304249
0.514447
1.25969
0.737789
0.264382
1.68663
0.505028
1.2975
0.980078
0.276029
0.403625
3.00476
2.64215
1.03581
1.1125
0.634531
1.06396
0.533625
0.0643859
1.27728
0.452891
0.2521
0.944263
1.69329
0.210417
0.49914
0.398486
1.38227
0.924665
1.55593
0.402111
0.0464965
0.940208
0.399402
0.673986
0.0933095
0.0362143
0.294948
0.23745
1.08981
1.10515
0.269545
0.0521867
0.12467
0.435928
0.362587
3.45949
5.06231
0.167303
1.29279
3.45131
1.18086
1.69847
1.69288
0.00930958
1.0054
0.181925
0.023072
0.746196
0.179348
0.0981044
0.48521
0.305961
2.76313
0.483201
1.49487
2.38847
0.304471
2.404
1.07623
0.0453928
1.67798
0.710955
2.03139
0.141701
0.849329
0.0325292
0.215421
1.0099
1.51437
0.355571
0.117822
0.345617
0.389501
1.07859
0.409407
0.335099
0.216847
0.0345468
0.277951
0.239127
1.41731
0.244012
0.693323
0.0551754
0.108114
0.111187
0.0618692
0.0498812
4.49299
0.706888
1.55804
0.599074
0.512999
2.1451
0.610169
1.36217
0.544665
1.71366
2.29981
0.731609
0.822094
1.42574
0.027162
0.0748896
0.266553
1.62482
0.902517
0.178157
0.909207
2.01047
0.239978
0.752529
0.858261
0.84084
2.74197
0.252395
0.39333
2.18225
0.989606
0.310412
0.14233
0.408919
0.228031
0.043896
0.977851
0.460507
2.98604
0.239806
0.752573
0.592658
0.165592
1.45943
0.168609
1.27228
0.611628
0.41646
0.0958275
2.96393
0.0214392
0.326418
0.234825
2.03818
0.302281
2.17528
0.46199
2.48222
2.17667
0.497647
0.652989
5.60043
0.87918
1.35646
3.3453
0.392979
0.558265
1.43407
0.096705
1.27103
0.316507
0.142855
0.0473716
0.651988
0.0811883
1.12991
0.133649
0.729003
0.306643
0.160647
0.659209
0.381737
0.459866
0.245546
0.797095
3.58465
0.801775
0.0516064
0.867776
1.90992
0.273027
0.209029
0.628665
2.81255
3.31233
0.750612
1.89712
0.643245
0.634314
0.820496
0.677023
2.90471
0.373452
3.34528
0.141054
1.91227
0.072124
4.24123
0.03397
2.56691
0.348747
0.130572
0.942808
0.853968
0.106542
0.473438
0.351569
1.17867
0.20063
1.12845
0.413737
0.141407
0.0714838
0.465881
1.24011
0.0552241
0.656983
0.14825
1.69105
0.202106
0.567795
0.515146
1.76168
1.41214
0.917444
1.93109
0.411157
0.485724
1.0492
0.175569
0.768902
0.909715
1.05967
1.65328
2.67615
1.19093
0.247607
1.31558
0.167947
0.46614
0.850777
1.04891
1.43027
2.1172
0.399865
0.8163
2.81204
0.432668
0.0795131
2.05829
0.201975
0.00123595
1.89201
2.00206
0.94638
1.07616
0.076849
0.492364
0.93424
0.920012
0.207088
1.56661
0.811069
0.671651
1.71849
0.397194
0.0700953
2.35012
1.28465
0.580506
0.441893
0.515949
0.331943
1.32925
0.142619
2.67312
0.163398
0.401633
0.286641
0.158268
1.52411
0.0339104
0.547515
1.18281
0.142288
0.360061
2.4378
0.461262
0.0306381
0.858269
0.869354
1.55036
0.208124
1.77783
2.13164
0.564451
0.126632
0.587131
0.10498
0.968522
1.0811
2.36994
0.771781
0.0583408
3.59858
1.295
1.58391
0.324946
0.0100762
0.160585
0.454138
0.0284039
0.0967829
3.3354
0.219506
0.906724
0.639914
1.08547
1.32984
0.373686
0.254098
0.190487
0.519234
0.476925
0.532414
0.334673
0.0734638
0.0551446
1.64051
2.22936
0.276718
2.1552
0.44531
0.377685
1.1886
1.81364
0.37079
0.441198
1.06804
3.27438
0.495642
0.516143
0.0358242
1.58034
0.150227
1.5352
4.16611
0.0588104
1.12522
0.899259
1.29164
5.53083
1.59781
0.0200992
0.0202552
3.01409
0.0336716
0.959109
0.696279
1.77338
4.61481
3.8649
0.444237
3.11326
3.31938
2.30302
0.0216443
1.52422
0.402114
0.70967
0.482553
0.367771
0.00567048
1.28912
0.316836
0.809356
0.62469
0.132512
0.271161
0.0938299
0.2015
0.471511
0.173747
2.73986
0.342961
0.646283
3.33654
0.852392
0.385576
0.906545
1.69617
0.251315
2.18517
0.808777
1.09372
2.22828
2.18451
1.13416
0.980825
0.219022
0.465456
2.39189
0.790662
0.038243
0.29742
1.05633
0.343433
1.33038
1.23321
2.12933
2.18857
0.396243
2.60946
0.788105
0.436938
0.171603
1.02056
0.480154
0.328864
0.168917
0.238407
0.682787
0.255355
2.38289
2.96457
0.26237
0.399268
1.32472
1.23821
0.494959
0.14078
0.304333
0.545207
2.73997
0.244232
0.689541
0.898772
0.201843
0.746076
0.0807515
0.133936
1.43185
0.0822572
0.237876
1.17564
0.466399
1.51093
0.892818
0.845479
0.608954
1.74882
0.264744
0.412366
0.720645
0.0785455
1.16565
2.75818
0.0694913
0.277056
0.00216029
1.39386
0.160477
2.07893
0.0132767
0.767516
0.0209467
3.00437
3.56668
3.26447
0.261326
0.0158632
0.229971
1.53236
1.48164
0.196086
0.0119651
1.05588
0.0653727
2.43943
0.266659
0.680333
0.0294344
0.0314659
1.08621
1.3682
0.0557082
0.716712
0.730146
0.623221
1.02489
0.157404
2.01539
2.64253
0.81907
0.709718
0.664366
2.25246
1.77052
1.43041
0.68853
2.10434
2.43524
0.339911
1.00747
0.329512
0.104406
2.09775
0.928737
1.19097
0.849258
2.34403
1.0089
0.316739
0.0572201
0.522853
1.13699
1.46341
0.87205
0.31081
1.00162
1.09192
0.973631
1.12519
0.699422
0.329335
1.20591
0.888606
1.33012
0.250094
1.622
1.98648
1.6069
0.813264
0.137368
1.81358
0.824411
0.181813
0.318111
1.19941
1.83689
0.687597
0.553373
0.411331
0.142725
0.103515
1.39129
0.931913
1.15495
0.0733248
0.536219
0.0995739
2.08188
0.518861
2.64086
0.87857
0.641458
0.411272
0.356973
0.028813
0.229295
1.02268
0.246314
0.484967
0.882448
0.59872
0.406924
1.15843
0.0992619
1.0633
3.02677
0.916958
2.89586
0.718379
0.340715
0.321266
0.540154
0.382202
2.31388
0.797799
1.8366
0.0847332
1.50064
0.894482
0.421539
0.105076
0.698113
2.73575
6.34749
1.69523
1.89619
0.219859
1.41172
1.45793
1.37328
2.20132
0.492812
0.922743
0.043691
0.789989
0.474463
1.91033
0.978167
0.359915
0.867577
0.162188
2.34141
1.53049
0.564749
1.68422
0.423635
2.9251
2.70303
2.40478
0.0391979
2.62364
2.30473
0.472948
0.335539
0.0438008
0.417836
0.904945
0.260933
1.51033
0.265819
3.14115
0.0228778
0.348346
0.887007
0.406972
0.0333622
0.435849
0.783818
0.751452
0.223792
0.110936
0.139977
0.980208
1.51333
0.660625
1.71326
0.270847
0.0740913
0.503616
2.28773
1.08313
4.67877
0.00127271
1.26962
0.0210904
0.0525877
0.2942
1.82199
1.97985
0.4145
0.0517578
0.0231428
0.925391
2.83904
0.422408
0.44003
0.987426
0.836121
1.57722
0.523584
0.279594
1.59725
1.58369
0.164354
3.28797
0.747128
0.0420937
1.82083
0.339061
0.734462
0.519534
1.21971
0.547025
1.08431
1.38002
0.219998
2.26765
0.664469
0.0758556
0.206535
0.770334
2.48502
0.412535
0.0236483
0.177019
0.421846
1.82375
1.23049
0.832318
0.659311
2.49804
1.5262
1.80753
0.476301
2.17301
1.55536
0.265562
0.104528
3.33965
0.132942
1.08015
0.905684
0.882178
0.375888
2.39074
0.987614
2.40557
0.474609
0.844382
1.85141
0.626859
0.0240473
1.53849
1.5894
1.21107
0.656256
0.584345
0.133906
0.226987
0.447065
0.373629
2.4831
0.768707
4.72613
1.82181
1.0827
0.293937
0.128965
0.628492
1.30064
0.447151
0.240635
1.31602
0.0533027
0.817437
0.033957
1.30004
0.360927
0.711851
1.81053
0.94109
0.201808
2.25716
2.20653
0.919166
1.23748
0.412782
0.595269
0.22048
0.382745
0.827113
1.60904
2.79319
0.457462
1.48313
1.13159
0.404985
0.0444372
0.0498128
0.0423754
1.47617
0.121835
1.59499
1.24885
2.12772
0.0441036
0.663667
0.654169
1.84078
0.809628
0.74681
0.777482
1.64415
0.874628
0.29014
1.35357
0.641268
1.14589
1.54566
0.271773
0.660154
8.73753
0.0693189
0.259828
1.53547
0.283483
0.048232
0.0281905
1.5541
0.574926
2.09303
0.00219347
2.03958
0.443888
0.472931
2.4431
1.31071
1.38354
1.75691
2.21511
1.7021
0.629127
0.861268
2.851
0.63277
2.43669
2.67504
0.623971
3.70145
0.793471
0.176544
2.41282
0.295249
0.379017
0.326583
0.541428
0.409502
0.695462
1.0773
3.49622
0.10162
0.380773
0.100757
0.464423
0.984049
0.0204862
1.67548
0.0278155
0.828797
0.547691
0.208547
2.99877
1.165
0.443301
0.155405
1.09805
0.10428
0.393323
0.485719
0.434855
0.0871847
0.77761
0.0927156
0.926482
0.511947
2.28713
0.632458
0.431065
0.667688
0.978512
0.557148
0.567916
0.0117418
3.69225
1.48158
1.99742
0.497707
0.887208
0.0955041
0.803671
0.122268
0.683455
0.123781
2.28259
2.51527
0.474022
0.861145
1.54068
1.19103
0.242445
0.0843686
1.08959
0.105492
0.651774
0.195827
0.275338
1.29522
1.49991
1.34663
0.298435
2.29193
0.243262
0.0119821
0.533305
1.72065
0.587034
2.38283
0.1939
0.578635
1.16316
0.589921
0.645388
2.74638
0.335167
1.25871
0.414664
0.553267
3.05007
2.21947
0.0190248
0.0879618
3.28162
2.25374
0.136308
0.839204
1.14074
0.223031
0.388431
1.63637
1.02291
0.720224
0.18048
4.23927
0.0360594
2.23029
0.563654
0.163323
0.939601
0.578942
0.431112
0.385386
0.0107211
1.17807
0.179901
0.454389
0.879723
1.23314
2.0026
1.43787
0.42655
0.511877
0.270728
0.101594
0.699437
0.524086
1.57361
1.08243
1.53259
0.0957881
0.224951
1.96412
1.42572
0.52315
1.35408
0.135483
0.398738
0.295595
2.98879
0.92742
0.027712
0.0750892
0.8499
0.163357
1.21227
0.106958
2.24553
1.59328
0.316927
0.314922
0.244791
2.03428
0.570557
2.26525
1.48535
0.0029074
4.54398
0.450269
0.565296
0.65289
1.69457
0.245153
0.92603
0.897355
1.32932
3.65112
0.46565
0.257599
1.12124
1.20197
0.507495
0.208478
0.410634
1.3801
0.237207
0.302389
0.0603154
1.39245
0.924652
0.109108
3.08622
0.329681
0.116326
1.42823
1.2089
1.38422
0.623287
1.89708
0.198023
2.11068
5.48479
0.0211187
1.34842
1.27151
1.38416
1.35615
0.105834
0.129469
2.19888
0.179949
1.28595
0.0164984
1.65783
0.0994416
0.721879
0.950233
0.616533
0.202017
0.116246
0.238016
1.30939
0.0540514
0.96238
4.86987
4.68264
2.57901
0.312157
0.66658
1.05912
0.360512
0.529285
1.09251
0.100542
0.935382
0.0472749
0.889798
0.339753
0.510644
0.919553
0.018736
0.0616134
0.341831
0.810582
0.404486
0.96314
0.426481
0.756034
1.29197
0.0243221
0.630478
0.957177
0.137758
0.326663
0.298304
0.417709
3.35596
1.54303
1.34917
0.815897
0.869181
0.358879
1.22115
0.466291
0.176559
1.53767
1.09118
1.0059
3.24053
1.15218
6.24682
0.192248
1.80536
0.461838
0.408308
0.252758
0.170306
0.0846859
1.38092
2.35371
2.67801
0.672874
0.904908
0.985541
0.0745431
1.08633
0.409473
0.175897
1.5172
2.54211
0.13472
0.336596
0.0693815
3.89331
0.371174
0.250801
1.62945
0.474593
2.94968
1.20012
0.0777537
0.848944
1.24898
0.285769
0.238472
0.144154
0.0466419
0.851296
0.388711
0.250945
0.215175
0.597227
0.675539
0.56047
0.981421
0.0579794
0.367884
1.2398
3.61703
3.63814
1.01699
0.159558
0.85551
0.485529
4.43248
0.797421
0.270996
0.712783
2.50843
1.26507
0.522027
0.132121
1.04249
0.68575
2.32048
0.569503
0.251275
0.747578
1.51635
1.56523
0.920265
0.664353
0.98902
1.24033
0.110869
0.0654185
0.12397
1.3568
2.09258
1.79105
0.605658
1.36737
0.988153
0.679222
0.838439
0.890303
5.1402
1.35396
0.78665
2.89869
0.819116
1.18486
0.966237
0.131458
0.145249
2.38566
0.373711
0.785125
0.642087
3.36653
0.366426
0.706374
0.29986
0.804278
0.820367
0.105475
2.24088
0.103747
0.751257
0.336966
0.478348
0.00244676
0.174867
0.200762
3.30959
5.00052
0.39642
0.358218
2.80234
0.48438
0.341425
0.31232
2.56807
0.419178
0.444463
1.14017
0.165373
0.20693
1.2839
0.0187353
0.0631097
0.174519
0.973384
0.789158
0.466402
1.08302
0.425159
0.668994
0.126692
0.556551
0.07864
0.348594
3.49664
0.331662
2.57756
0.315691
1.45501
3.49736
0.217362
0.263012
2.56965
0.415391
0.888667
0.686613
1.75831
0.0920986
0.27766
4.17439
0.489397
0.307246
1.36895
2.7532
0.547228
2.06349
0.376503
0.192576
4.46271
0.0424393
0.200522
0.236569
1.46282
0.246826
0.552825
1.19372
1.59017
0.276164
1.9829
0.208274
0.85714
0.9123
1.68072
0.769746
0.52427
1.12019
0.622832
0.15492
0.485204
0.00909436
0.894378
3.31112
0.481314
4.27705
0.557613
0.262717
0.660714
3.97449
0.287671
0.200124
1.02203
0.667204
0.118149
2.77492
0.528893
1.63253
1.24956
1.38241
0.0431206
1.78121
1.08087
0.921549
0.691293
0.0462226
1.72801
0.266058
0.717752
0.0307732
0.536534
0.73283
1.28753
0.612035
1.70022
1.49319
1.24284
0.124461
0.852337
1.42311
0.551622
2.39881
0.124974
0.104203
0.658643
0.272383
0.519426
2.13431
0.13494
0.343014
2.43431
0.713468
0.536635
1.16336
1.31366
0.511188
1.6737
0.0704233
0.257019
0.260761
0.615693
0.668124
1.42754
0.354024
0.679164
0.120196
0.225962
0.0467394
0.713463
0.73804
1.09401
0.228357
2.73097
1.36344
0.452115
1.21469
0.406066
2.51528
0.760232
2.48319
1.61213
0.753849
0.897482
1.20613
0.100881
0.517068
0.666037
2.11101
0.361451
0.391866
0.563165
0.263215
0.0514729
1.11757
2.42974
2.66324
1.48402
0.284029
0.187785
2.13209
1.27561
0.667493
1.39127
0.204578
0.284324
0.289814
1.57311
0.666789
0.347515
2.41567
0.301293
0.167677
1.89072
0.499048
1.8417
0.0357366
0.294989
0.104471
0.48119
0.386592
1.30368
0.018487
0.141428
0.275935
0.430106
0.665658
0.245073
1.06365
0.787466
2.54835
0.788188
0.138091
2.52775
0.0209764
1.4451
0.97468
3.69368
2.62267
1.84159
0.0896643
0.887078
0.316312
0.224398
0.403615
0.47599
0.0547433
0.317771
1.03322
0.141415
0.295026
0.585773
0.148375
0.37358
0.59162
2.92701
1.20156
0.385088
0.315116
2.14691
2.48394
0.0323725
0.661246
0.572371
0.878329
0.520194
3.02051
0.0545169
1.77281
0.146057
4.91281
2.14822
1.25931
0.413458
1.5154
0.432419
0.953191
0.247558
2.68384
0.68081
2.37701
1.0364
1.43841
0.337551
0.540474
1.03599
0.277278
0.304907
0.959851
1.00444
2.01741
1.08414
0.3627
1.65903
3.23316
0.142346
0.460939
1.33261
1.00914
1.10804
3.83179
2.23603
1.17027
0.0411032
1.80993
0.163312
1.03391
0.980302
0.434593
1.0188
0.290542
0.176303
0.331803
0.200001
0.503408
0.718506
1.00188
2.42333
0.834185
0.222511
0.0568818
2.62346
0.363138
0.504463
0.740605
0.447328
2.23918
1.60881
0.757838
1.6764
1.67975
0.499943
0.598995
0.399976
0.706571
0.118236
0.149367
0.554985
1.04862
1.07584
0.26958
1.06282
0.349086
1.23554
1.22008
1.31592
0.476938
0.303146
0.376397
0.000504922
1.41898
0.625491
0.374187
0.110018
3.65547
0.136232
2.46082
1.81259
0.252025
1.38651
1.75096
0.393344
2.12035
0.443718
0.235605
0.388126
0.0832061
0.659848
0.529678
3.23913
0.84091
0.449041
0.85853
1.02603
0.052781
1.01661
1.22882
0.176873
0.46645
0.206597
0.728169
0.672833
2.51557
0.175326
1.0092
0.99177
0.96369
1.35617
0.286526
0.692218
1.18382
5.82131
1.39022
0.351002
1.44907
0.809631
0.67141
0.617959
0.227228
2.36449
1.00664
0.143052
0.298989
1.41892
0.439428
0.473428
0.99512
2.70653
0.983834
2.46921
0.420586
0.573641
0.262864
0.57768
0.972933
3.24325
0.0781077
2.94045
2.52067
0.744058
1.80727
0.486462
0.586002
0.13867
3.97704
1.74061
0.526913
0.0846981
0.66973
1.00584
0.636385
2.71927
0.0139424
1.28065
0.673488
1.32321
0.0164889
2.43158
1.26501
0.613852
1.06847
0.22336
0.574201
0.689796
1.27482
3.55486
1.15632
5.06512
1.80196
0.216602
1.11397
0.612659
2.55586
2.27097
1.18776
0.132477
2.5528
0.785836
1.51345
0.818395
0.175459
2.12992
0.604814
1.04431
0.317803
0.98764
0.316886
0.889414
0.0367613
0.662273
0.0450972
0.359678
0.259454
2.43917
0.380204
2.62215
2.87883
0.297141
2.28528
1.334
1.99132
0.0195489
1.94433
1.66174
0.760004
0.373893
0.903613
1.06415
0.625175
0.0956778
0.570084
1.23788
0.343233
0.926193
0.19834
2.0578
0.896653
0.0299781
0.0349024
0.502398
0.981785
0.811678
0.0402369
0.296019
0.386491
0.227097
0.485885
0.300297
1.04507
0.50856
4.02414
0.695231
0.127004
3.09475
0.0629694
0.616732
1.40281
0.794869
1.09375
0.775943
0.650998
0.149345
1.18968
0.946059
1.34253
0.00977384
1.20006
0.716581
0.150884
1.54918
0.196433
3.84827
0.764236
1.59795
0.341549
0.918698
0.198782
0.990763
0.548861
0.153426
0.426766
0.291472
1.40744
0.375374
1.8155
2.64661
1.10801
1.43724
1.70036
2.90325
0.560527
0.0135799
0.144656
0.061753
0.0880382
1.13057
0.142875
0.209287
1.60899
0.0365894
1.36041
0.120494
0.0556471
1.40549
0.519019
0.291857
0.380733
0.133207
0.220035
0.602009
0.51581
0.96692
0.925029
0.854324
2.26725
2.37261
0.547663
0.0545798
0.63568
0.0268831
0.633351
2.71199
0.69808
0.846118
0.945261
1.34496
1.8533
0.44586
0.306227
2.5096
0.352758
0.346333
0.898665
0.803709
2.46229
0.228574
1.93544
1.49465
2.12141
0.666929
1.09921
1.63604
0.469279
0.623229
0.979881
0.486629
0.1966
0.182127
0.774714
1.16855
0.525349
1.1681
3.95847
0.449562
1.08798
0.35378
1.04978
1.55263
0.761258
0.371232
1.9573
0.906876
1.95155
2.29798
1.23498
0.109646
0.174158
3.79462
0.117415
0.183102
0.238322
0.120087
2.03529
0.403035
0.276899
0.708894
1.42209
1.64842
3.11279
0.0202633
0.502828
0.681902
1.35781
0.0923893
2.06643
0.193462
1.07463
0.678395
1.45782
0.769938
1.04113
0.723167
0.111066
1.15583
0.448432
1.5384
0.582034
0.847646
1.76322
0.531585
0.169673
0.22992
0.43483
0.05033
0.0860204
0.101593
0.730128
1.02722
1.56406
1.47567
0.965349
0.477899
0.682041
0.213384
1.34298
0.377575
1.10618
1.11694
0.0787334
0.120809
0.183691
0.717688
0.0815201
2.91837
1.48187
0.229461
0.82595
0.110591
0.0736354
0.749586
1.79276
0.12715
0.907723
1.73812
2.38939
0.728889
1.86836
0.935445
0.143008
0.449839
0.230804
2.01219
0.909605
0.495572
0.507216
0.846193
0.557854
2.27992
0.74765
1.57182
1.31432
1.39524
0.646156
2.49254
1.30624
0.353249
0.325267
0.955161
2.69459
0.40751
1.04566
1.65274
1.36118
1.4938
0.097115
0.048528
0.0770447
1.78918
6.1604
0.642994
0.680862
0.327818
1.40241
1.05714
1.73493
0.303541
0.585988
0.21836
3.37275
1.06685
0.695712
0.727802
0.295938
0.0917519
0.887602
0.0158495
1.93428
0.985715
1.20078
2.7187
0.369442
0.16241
0.922208
2.15285
1.54055
0.70733
0.0394048
0.119503
1.01218
0.908783
2.86121
0.359921
0.748596
3.17586
0.103992
0.652199
2.93684
2.11653
0.156535
0.654014
0.452474
4.03196
0.171007
0.0730993
0.357609
0.336704
0.915446
1.00155
0.577581
0.0194916
0.0480317
0.118373
0.159292
0.116894
2.07377
0.649706
0.952647
0.509999
0.838443
0.658461
0.407097
1.74542
2.24617
0.408473
2.60062
1.28583
0.922177
1.16867
0.505873
0.557288
0.0791709
0.0525662
1.32468
0.212252
0.177419
2.35638
0.0124896
0.0950351
0.641062
0.881434
0.265486
0.930111
0.0971074
0.655445
0.0581583
0.0743961
0.421869
1.77936
6.1333
0.0816538
0.154623
1.04329
0.833611
2.8231
0.0950177
0.214913
0.717923
0.70115
0.0119948
1.19506
0.0251699
0.496927
2.59804
0.254981
0.292116
0.262156
0.376433
1.01773
0.15363
2.87327
0.477633
0.106301
0.769577
1.65849
0.450581
1.73862
1.84736
0.0307104
1.46642
0.795517
0.722821
0.291427
0.0154927
1.16407
1.9623
1.03994
2.08165
0.143438
0.781436
0.0114298
0.371034
0.836793
0.321136
0.950622
1.48548
2.94713
0.666563
0.381715
0.159027
1.75469
1.2682
0.252604
1.29245
0.656625
0.678752
0.347281
0.462385
0.983335
0.391968
0.420387
1.6195
0.164763
0.23403
0.125685
0.738756
0.0586026
0.370647
0.261833
0.218494
0.137038
0.000882324
1.82159
0.546874
0.139297
2.32314
0.729501
0.342084
0.961738
0.19404
1.55314
3.31328
0.713573
1.8024
1.26695
0.0824213
1.12561
0.083402
1.60197
0.758722
2.62299
0.844726
1.33075
0.58992
0.0606186
0.0710793
0.26596
0.386622
0.888759
0.149382
1.05662
1.93092
1.01933
0.171281
1.06937
0.783643
0.946419
1.48618
0.32357
0.269131
0.0848994
2.47304
1.38322
0.438756
0.675111
1.20122
1.70839
4.63924
1.45523
0.306669
0.337613
0.506333
0.242051
0.161164
0.278302
2.32974
0.50147
1.40923
2.64562
0.577518
2.10783
0.855575
0.235498
0.128429
1.3176
0.776106
0.518337
1.83222
0.276931
1.33105
0.300735
0.565551
0.446126
1.75638
2.5186
0.388362
0.903369
1.11907
0.654929
0.587031
0.468548
0.807236
0.482052
0.0212338
0.419106
2.49268
1.3055
0.484624
4.01532
2.17745
0.0953492
1.66282
0.814948
2.06006
0.466665
0.638676
1.84759
0.18826
1.21208
0.587742
1.73987
0.298888
2.97285
3.71325
1.70902
0.271564
1.06717
1.59272
0.403508
0.243267
0.0623233
1.66324
2.21548
0.266458
0.0416222
2.21133
2.2265
2.74495
1.5777
0.412896
0.552219
1.63222
1.03306
0.279454
0.305332
0.0180392
0.37042
0.6349
4.81718
0.16883
0.501487
2.10804
0.566805
0.605899
1.65186
0.625738
1.19489
0.432147
0.648069
0.0625245
1.1818
0.0236141
0.641004
1.99444
2.37256
2.16912
1.1365
0.34226
0.119469
0.343534
0.0498473
1.95989
0.258381
0.0882667
1.00888
1.31646
1.29186
0.747187
0.377523
1.26472
0.453059
0.297459
0.5188
0.456487
0.678322
3.48567
0.942942
1.28016
1.13022
0.691688
1.45155
1.29064
0.632028
4.61616
3.45118
0.390301
0.0378974
2.18135
0.942126
4.13751
0.125847
0.197835
3.62114
0.149306
0.190205
0.835722
0.988671
1.76817
0.358708
0.727095
3.75046
0.0266109
0.772633
0.21405
0.329114
0.0476647
3.47876
1.89835
1.26509
1.67935
0.761742
0.300404
1.0672
0.666135
0.645518
1.0098
0.0574539
1.67682
0.649142
0.188846
1.23857
0.362421
0.332513
1.62163
0.581359
0.806286
0.187706
0.0584742
1.82757
0.443884
1.22914
0.558149
0.577272
0.832407
2.09827
2.59092
0.863554
0.0322746
1.85748
1.6431
0.721876
0.0576274
0.165466
3.15692
0.00892463
1.85166
2.14833
0.474634
0.829534
1.89702
2.05317
1.88049
1.92852
0.381702
2.87968
1.46637
0.52003
0.279937
2.63608
0.0447451
0.9285
0.0364342
0.253172
2.17412
1.09533
3.23722
0.77127
1.22649
0.264537
2.69288
0.850646
0.569982
1.11173
0.189534
0.769488
0.117444
1.48853
0.237212
0.0729833
0.681325
0.631137
0.00744109
0.32808
1.58865
0.564273
2.89338
0.940405
0.400274
2.72328
0.550588
3.44581
1.56512
0.545259
0.357208
0.0900846
0.661296
0.475768
2.33403
0.155907
1.49397
0.537826
0.221823
0.570876
0.420235
0.280707
1.10837
1.08589
0.103344
1.15953
0.248851
0.88038
1.60399
0.351803
1.52297
4.34929
0.0156901
0.57224
1.11923
1.21482
0.167937
0.0786366
0.518937
1.36595
0.307739
0.963293
1.85203
0.17348
1.73737
0.101665
0.480803
2.28552
1.05706
0.658888
0.985003
0.609928
1.38007
0.645351
0.290968
0.076995
1.73587
0.617389
0.0813276
0.475981
2.6177
0.545448
1.31483
0.631435
1.60456
0.568849
2.69963
1.65597
0.533703
0.291542
0.457914
0.0723254
5.49343
0.358359
0.457431
0.366684
0.0643237
0.502697
0.509486
3.01928
0.250826
1.33046
2.54771
1.16652
4.01866
0.977475
0.548582
1.51899
0.233391
0.0953054
0.0704125
2.42503
0.309562
1.54936
0.249036
0.302345
0.31538
0.738359
1.16858
0.423816
1.44614
0.491522
4.13994
1.93817
0.79974
1.21107
0.0570021
1.67565
0.124876
0.387442
0.48011
1.10505
0.206987
0.909998
0.0623552
1.51041
3.20724
1.60521
1.70036
0.694832
3.14697
5.44248
0.755535
1.28119
1.13365
0.460332
0.235322
0.104635
0.75834
0.511705
1.15292
1.75256
0.982306
0.303427
0.915645
1.79354
1.246
0.125885
3.18054
2.13964
0.861758
1.64422
0.271295
0.0647895
0.684915
1.42443
0.612203
1.34854
1.43344
0.575132
1.09598
2.948
0.986686
1.02449
1.5509
0.860353
1.49246
0.932624
0.294803
0.361046
0.503644
4.70113
0.158461
2.46384
0.510585
1.7701
1.24101
0.518543
1.4038
3.39199
0.329735
1.02365
0.789793
2.3261
2.79575
0.541938
0.668093
0.815057
0.591765
3.87732
0.128044
0.119896
0.448968
0.383892
0.110846
0.564712
1.90834
0.796679
0.618291
4.05149
0.305474
1.54842
0.533452
1.22344
0.255269
0.252218
0.186446
1.22218
0.0682972
1.06555
0.337721
0.688899
0.133464
0.804702
1.02936
0.0534157
0.834725
3.17903
0.0607855
2.39383
0.469772
5.82882
0.531535
0.0162883
0.0957172
0.95209
0.18072
1.78349
0.987268
0.0994544
0.739172
2.91777
0.360906
0.124829
0.185299
1.0818
0.590264
0.088533
0.854697
0.351841
2.53411
0.618896
0.165115
0.870597
0.750159
0.294945
1.75677
0.646148
0.0326606
1.3998
0.868887
1.16091
0.00964975
0.087604
1.34755
1.31073
0.505225
1.08917
2.58661
0.389164
0.378329
0.73361
0.288337
0.394781
1.29084
0.947191
0.657527
0.34503
1.12956
3.33202
1.0141
2.60913
0.351912
0.402805
0.263046
0.599994
2.60871
2.07633
0.217456
2.2806
0.858085
0.131435
0.535766
0.286926
1.73318
0.199669
2.03087
0.186431
0.608911
0.407292
0.751698
0.187301
0.532061
0.101729
2.28357
0.212036
0.368531
1.43068
0.0791306
0.138303
0.511805
0.200016
1.83936
0.522866
0.0540265
0.837177
0.179553
0.546383
0.499686
0.37091
0.0391238
0.0861905
0.228348
0.526163
0.16188
1.03283
0.358493
3.10193
3.92437
1.52742
0.229835
3.22177
0.0766261
0.259464
0.121951
1.52809
0.753603
0.2658
1.19041
0.37072
1.17825
0.510268
0.645975
0.43687
1.04866
0.828705
1.38482
0.0830065
0.672855
0.211012
0.0498566
0.853409
0.00519985
0.547503
2.20434
0.453041
1.20067
2.00086
0.571908
2.19271
0.585907
0.000102619
1.35768
0.035516
1.16898
0.103815
0.901528
0.28972
1.92363
1.74151
1.56766
1.59856
2.00906
1.3013
0.0828433
1.19206
0.32313
0.313873
0.130343
2.50176
0.73179
2.0787
0.0466691
0.278023
0.0716663
0.127192
0.918455
1.00322
8.23054
2.51259
0.986156
0.258813
1.8669
1.67855
0.0953287
0.513113
1.75971
4.2236
0.605584
2.65865
0.580742
0.113206
1.10623
0.691398
0.55965
0.704339
0.457005
0.477919
1.32566
0.19898
0.0133966
0.17522
0.762797
1.59924
0.425424
3.10428
1.88523
0.602442
0.681571
0.596598
1.65104
3.06457
0.0117593
2.50438
0.0589205
0.659472
0.589546
0.479653
0.226582
0.321877
1.42507
0.768956
0.0183446
0.380442
0.356415
0.617574
1.29903
1.01604
0.990618
0.557617
1.05657
1.7777
1.11629
0.470341
0.878764
1.19034
0.727904
1.95214
1.14252
0.906758
0.529971
1.69186
1.36492
0.173213
1.28663
1.23495
0.358465
0.372219
1.9524
2.21193
1.1023
0.371163
2.91514
2.52225
2.53279
0.452047
2.99506
1.18289
2.54001
4.40801
1.05298
1.01173
0.186715
2.3186
0.200723
1.30971
1.36805
0.0362701
0.047608
1.32949
0.566441
1.29783
0.420575
0.544806
1.05757
1.0867
0.561683
0.305498
0.513378
2.042
0.717398
0.13207
0.211071
0.492215
3.26347
0.677009
1.35187
0.181172
0.412161
1.01975
0.113515
0.03492
1.53526
0.905468
0.195473
0.437422
1.74083
0.20797
0.958488
1.19044
1.05698
0.0487083
0.378091
0.985444
0.59801
0.934172
1.4564
1.19439
0.703565
1.0368
0.739726
1.3396
0.0418365
0.381292
0.336515
2.0259
0.976325
0.0856471
0.465769
0.902272
0.28707
0.318972
0.427364
0.198234
0.163897
1.93407
0.478942
0.224144
0.130736
0.00405471
1.35289
2.03348
1.11241
0.293958
2.13382
1.49633
3.68207
0.814225
0.348762
0.861416
2.52291
0.202939
1.11079
0.775579
0.198832
1.9769
0.586383
1.22366
0.783088
0.170978
0.473253
1.02862
0.468757
1.60164
0.280171
1.6021
0.685177
0.47794
2.18364
0.255483
0.324889
1.83866
0.805747
0.350048
0.156412
1.94219
0.425255
1.41864
0.246282
0.00620894
0.129787
0.273304
1.86644
1.32814
0.179785
0.843464
0.882126
1.45631
0.477073
0.216023
0.553303
0.0638761
0.490854
0.174771
0.0171299
0.217308
2.99686
0.280909
1.68148
0.261258
2.03578
0.144342
1.17035
0.21858
0.99127
2.18745
0.170339
0.344713
0.608668
2.04359
0.0214723
0.0708752
0.10963
0.167252
0.649509
0.649253
1.56749
1.39495
0.148774
0.107197
0.0433289
0.0580526
1.20701
0.483007
0.451881
0.303785
0.59275
0.471063
1.25275
1.19879
2.03734
1.11871
0.547706
0.445699
0.590065
0.464533
0.313093
0.268512
1.09752
1.11551
0.368865
1.2445
0.205117
1.4665
0.0832201
0.854497
0.896277
0.315271
0.149328
0.349358
1.9873
1.17032
1.10198
0.60533
0.617135
1.2816
0.250937
1.66815
0.574376
0.671925
1.01258
0.209378
0.0790935
1.14736
0.432884
0.0772804
2.04457
0.584522
2.65725
0.483163
1.52292
1.32678
0.112111
0.53003
0.0673061
1.72587
0.192189
1.36621
0.118715
0.414469
0.334963
1.13741
0.702548
0.834657
0.649295
0.919955
0.375581
1.5058
0.298623
0.526649
0.973319
0.52888
0.429734
1.17717
0.376377
0.65856
0.15271
0.66007
1.17626
0.0383908
0.499329
0.0620338
0.0477599
1.87924
3.12253
1.18539
0.873397
0.360576
2.03575
0.573985
0.132226
0.305051
3.17543
2.89131
0.0147778
2.25569
0.26973
1.57998
0.642609
0.623655
0.215063
0.433853
0.906816
1.10029
1.22358
0.300351
0.0224541
0.161307
0.960573
0.0121807
2.8392
1.89806
0.0609842
0.51845
0.861634
2.03488
1.00072
0.334614
1.82056
0.562577
1.23993
0.659598
1.2321
0.522306
0.915165
0.434916
1.16774
0.167699
0.161942
0.170286
1.51122
0.866038
0.199176
1.91666
0.452784
0.414108
1.5645
2.31919
0.168927
0.107262
0.963795
0.714225
0.0303365
2.26679
3.10249
0.331286
2.04308
0.742073
0.612246
0.215318
0.385212
0.00302136
0.688872
0.820026
0.542045
0.560496
1.22117
0.900205
1.45372
0.131117
0.0524545
1.04641
5.86093
0.119756
1.59839
0.22784
1.27715
2.16505
0.974208
0.0343671
0.458847
0.970327
0.670577
0.484084
1.53232
0.064561
1.13021
3.70845
1.43466
2.23332
0.957496
0.471981
0.84846
1.17809
1.56417
1.60888
0.951232
2.91047
1.27557
0.383564
0.962744
0.381051
0.789346
1.64454
0.631429
0.22194
0.103245
1.14945
0.874471
1.36468
0.456258
0.308198
0.167826
3.05596
1.19045
1.06999
1.24267
0.231197
0.0618549
0.0834102
0.780822
0.127651
0.418092
1.3102
1.00866
0.51685
0.258162
0.0453386
0.700575
2.12784
0.201505
2.32565
0.408174
3.68187
1.52149
0.685734
0.184166
1.76471
1.33196
0.845118
0.0473293
0.630541
0.100356
0.390072
1.22938
1.45304
0.416051
0.346801
0.0198437
0.995336
0.118915
1.42883
0.779623
1.91852
1.25889
3.30892
0.521307
0.942185
0.587188
0.0448608
0.554686
0.557095
0.571607
0.397616
0.0598816
0.0680752
0.456436
0.390865
1.72132
1.00987
0.845149
2.04095
3.50661
1.36027
2.45724
0.57613
1.11089
0.314438
0.412271
1.07056
0.415903
1.55123
0.00217332
0.266972
3.04759
0.075228
0.353993
1.73884
0.583599
0.201258
0.748413
0.0962397
0.903582
0.0116175
0.343976
0.00819031
0.374254
0.525359
2.02823
0.739626
1.37656
1.88491
0.0121164
2.08057
2.11127
0.0647395
0.468927
0.413674
0.158018
1.51244
0.053548
0.0914694
2.3405
3.14489
0.082706
0.121682
0.501972
1.56565
0.399155
0.348557
0.942682
0.714802
0.00700222
0.0881986
0.408397
0.499762
1.85329
0.00541373
0.416515
0.983986
5.53389
2.14373
3.33056
0.516783
0.491432
0.358605
1.19647
0.918887
0.41327
0.841526
2.02928
0.130998
3.20832
0.445782
0.283177
1.14462
0.43301
1.54195
0.0236912
0.727167
1.42689
0.383831
1.59577
2.17363
0.0107772
1.26037
2.61698
0.781613
0.851717
3.87242
1.83378
0.826496
0.173568
0.084211
0.839134
0.147237
2.37356
4.10418
0.593133
0.633402
0.447197
2.39442
1.15954
0.468081
0.824276
2.14542
0.421726
3.35308
3.55314
0.0991572
2.34694
1.26618
0.253022
3.16743
1.06918
2.22119
2.54174
1.22152
1.29674
2.43654
0.3788
2.21859
0.291523
0.0569794
0.698754
1.71246
0.743224
0.411178
1.86381
2.23756
1.33503
0.592279
2.6082
0.302942
2.3702
1.90872
1.39238
0.316814
0.667202
0.955664
2.82862
0.574553
1.87079
0.630299
0.573808
3.36622
0.945793
0.308854
0.0491616
1.1488
0.286305
0.211298
0.444237
0.578094
0.809163
0.264991
1.54492
0.036698
0.123522
0.21852
0.784664
0.434725
0.601945
0.54518
2.35641
1.59785
0.570661
0.875194
0.676962
0.583612
1.35051
0.892242
0.726893
0.269427
0.270429
3.4076
0.508856
0.648213
0.249364
0.143276
0.565098
0.203084
2.05729
0.154801
1.99555
0.0486326
1.56909
0.133945
1.48126
0.145021
0.628492
2.84646
0.386393
0.291268
0.537954
0.0939902
2.70671
2.33965
1.55225
0.0429734
0.12307
0.493469
2.31272
0.449206
1.58876
0.465981
0.0115951
1.43348
0.289552
0.814156
0.577534
5.61448
0.452609
2.02299
0.153484
0.132204
0.227899
0.900675
0.000956993
0.878366
1.02277
0.118684
0.448101
0.111402
0.15007
0.00755459
1.41208
0.143591
1.39023
1.24541
3.20839
0.44498
0.319367
0.379885
0.502997
1.09881
0.0148446
0.663058
0.962599
0.278685
0.148911
0.233378
0.324907
1.88532
0.0865325
0.11558
0.62662
1.48957
1.69489
1.59009
0.549202
1.16204
1.6027
0.0333128
0.399061
1.3384
0.34588
0.595021
1.25729
0.313184
0.434475
4.23782
0.261225
0.470082
1.52747
0.139514
0.740611
0.966104
0.630676
0.553529
0.606904
1.10668
3.37787
0.0353379
1.04677
0.948435
0.423157
0.815312
0.508184
0.981797
2.41786
0.472143
0.634028
0.0152694
0.522769
1.17063
0.343983
1.62281
0.960503
0.655014
2.83882
0.948754
1.55186
0.368817
0.0812773
0.511708
0.357299
0.63079
1.1449
0.232137
0.158695
1.34353
1.30756
0.277863
0.465346
0.0018135
0.875341
0.470009
1.27816
1.1779
1.29033
0.445278
1.01052
2.57143
0.641541
1.27813
2.62893
1.44606
0.120949
0.670232
4.80694
0.370857
3.83591
0.880157
2.11037
0.968351
2.36375
1.11496
0.0758575
1.78369
1.42325
1.4197
0.386678
0.736976
1.06208
0.0434821
0.227199
0.606868
2.42903
0.294787
0.496695
0.679031
0.433938
3.43622
1.24753
0.0289987
0.468281
2.99801
1.66319
1.42341
0.337154
0.146669
3.28767
0.347337
1.80195
0.345099
0.972038
0.762259
0.469679
0.135124
0.28245
1.37599
0.306104
0.901211
1.70289
0.755882
0.189001
1.72813
0.387279
0.7967
0.976509
0.865644
0.990376
0.174236
0.708596
0.851451
0.504169
0.113172
0.0263916
0.0786092
0.446019
2.71906
1.26579
0.37424
0.00399295
0.251526
0.441856
0.6758
0.00579707
6.22785
1.17575
0.00543727
1.41656
1.17567
0.996438
1.38018
0.134119
2.14124
1.00095
0.285032
0.618492
0.118462
5.48775
1.25763
1.15985
0.865887
0.888853
0.906437
0.67899
0.359978
0.533641
1.90654
1.28185
1.93426
0.430508
0.359627
1.28168
0.23905
0.829978
1.42819
1.34165
0.426981
0.401665
0.722469
0.793824
0.657921
0.721214
1.07762
1.69349
0.542395
0.700045
1.22429
1.97757
2.36222
0.215128
1.2638
0.674404
0.745145
1.25825
0.877191
0.243697
0.184791
2.56937
4.24234
1.21792
0.796116
1.23347
0.0142403
0.0207733
0.0303717
0.296462
0.996003
0.572263
0.717132
0.720702
0.235798
0.94514
1.35108
1.36992
0.0854718
1.14538
0.524029
0.446678
0.776505
1.35164
0.678
0.839147
0.267734
0.792298
0.509998
1.75778
0.494148
2.65631
0.0533883
2.89537
0.685062
1.61921
0.0382319
0.0358887
0.299563
0.946223
1.54299
0.351922
0.8115
0.646889
0.31539
0.169823
0.105588
1.9358
0.885147
0.190452
0.810621
1.59399
1.56545
3.02993
0.0355196
0.122186
2.12211
1.50766
4.85465
0.511345
2.3215
1.5344
0.429691
0.418396
0.109157
0.0744798
1.10112
0.444543
1.05195
1.36025
0.0679196
2.92141
1.02995
3.16106
0.291749
0.837595
0.180649
0.778097
0.29614
0.101527
0.537065
0.220352
2.74868
0.535439
2.04917
0.796518
0.409463
0.511853
0.824907
0.691376
1.6816
0.266615
3.70885
1.76567
0.954947
1.54832
0.39517
4.49924
5.27907
2.11309
1.27324
0.741336
0.227224
0.0335999
1.0321
1.45563
0.45936
0.886576
1.18181
2.12639
0.253882
0.398804
0.242302
2.75697
1.4625
2.16394
1.80991
0.354143
0.681345
2.83157
0.143868
0.563357
0.841365
0.02302
2.0571
0.120367
0.729101
0.78663
0.368605
0.510296
0.979355
0.512347
0.474349
1.07214
1.02502
1.38856
0.0387565
1.21065
0.923173
1.26394
0.20601
0.00618256
0.589684
0.795946
0.860948
2.44913
0.472248
0.635903
1.22558
0.650725
1.54869
0.170911
0.150684
2.08512
0.663085
0.412775
0.271807
0.555814
1.80655
0.204232
0.732469
0.335033
0.91186
0.716937
0.590141
0.325464
0.429839
2.38147
0.732944
1.0915
4.75787
0.242551
0.0886696
0.777062
0.465528
0.853704
2.49542
6.09205
3.63468
1.88909
1.65062
0.0744393
0.559463
1.49235
0.144357
0.0522642
0.934239
1.23235
0.830776
0.396395
1.06042
0.404001
0.210896
3.98733
1.97791
0.0742274
1.24764
0.721016
0.0857674
2.29358
1.9022
0.230272
0.938857
0.847664
0.75636
0.963937
0.772786
0.719915
0.160142
1.15544
0.810306
0.282851
0.328482
0.130964
0.272643
0.44288
0.851766
0.0154886
0.180125
0.706592
1.62246
0.210943
0.923849
0.355203
0.0962162
2.09806
1.22799
0.256789
0.0114088
6.01269
0.14056
1.43738
0.255991
1.56873
0.0814963
0.328189
0.373416
0.21305
0.458806
1.1107
0.113381
0.0387581
0.495791
0.336349
0.833556
0.337583
1.18528
0.572841
3.97308
0.750394
0.708073
1.4477
0.347425
0.141714
1.15328
2.02757
2.36335
0.388727
1.33141
1.45889
0.493669
1.62946
0.307448
0.600277
0.744584
0.631278
0.598251
0.298002
1.25151
0.718943
1.06464
0.71039
0.0857785
0.670295
1.85169
1.25998
0.791312
1.04621
0.113519
2.00893
0.42209
0.593882
1.02925
0.52434
0.130785
1.2706
0.09519
0.68113
1.47506
5.39596
0.0631867
1.59131
0.563565
1.51776
1.2244
0.0588942
1.83017
0.265067
0.743361
1.50871
0.727064
1.27271
0.899239
0.631766
0.39786
0.904696
0.235864
0.0663564
0.377417
0.502145
0.222426
0.248709
2.80545
0.088915
0.840723
0.326551
0.247936
0.168461
0.226287
0.831555
0.244269
2.8274
1.69914
0.372539
0.11188
0.454486
0.662876
0.371113
6.48364
0.165189
1.53336
1.3932
1.24478
2.80987
0.804834
0.382464
0.110883
2.29436
1.2922
1.95469
0.024657
0.363406
1.19914
0.687071
0.802223
1.42656
1.44675
0.13308
0.62698
1.35442
0.854969
0.963582
3.59204
3.29979
1.20869
2.39462
2.73246
2.89721
1.06977
1.8978
0.598254
0.376215
0.484341
1.74106
0.398611
1.6828
0.176437
2.07116
0.280817
0.308747
0.450402
1.25126
0.628751
0.986483
0.512916
0.482824
0.206951
2.08161
0.0883038
1.71544
1.45629
1.21254
0.206397
0.287661
1.23107
0.113969
3.42488
0.31093
3.58879
0.0436718
0.350822
0.414949
0.477862
1.70306
0.930938
2.16349
0.368786
2.84976
0.57173
0.0639926
0.0068878
0.575045
0.427896
0.210599
0.961413
0.456628
0.204255
0.383798
1.85034
0.952081
3.96723
1.47777
0.208395
0.619721
0.498722
0.265636
0.392403
1.57138
4.7223
2.44193
0.0998899
0.000373527
3.73107
0.503851
1.14212
0.394802
1.44218
0.629288
0.297652
1.2332
0.583366
1.82891
2.81038
0.632134
0.469395
0.550374
4.00161
0.588294
0.364269
0.766652
1.90029
0.577802
1.19152
0.1251
0.52091
0.325707
2.24032
4.06745
1.80164
0.544335
2.32979
0.682166
0.113551
2.33151
1.75892
0.784488
0.860647
0.162253
1.71579
0.452865
0.0999582
0.127469
0.202184
0.544304
0.379867
2.58694
0.297741
0.211587
0.634637
1.48069
0.690363
0.574654
1.07885
0.142332
0.412351
0.906255
0.496349
1.09854
0.0953466
3.38055
0.488657
1.11477
0.416457
1.29653
0.521654
1.23039
0.538592
0.741299
0.778028
0.626723
0.313691
0.139268
1.71723
1.48241
0.169834
1.43361
1.35551
0.608313
0.0107787
0.109734
1.9505
0.513214
0.825452
0.721687
1.04969
3.02245
0.760154
0.930926
2.05882
0.343023
0.517659
0.448388
0.00654806
8.5541
0.0907624
1.39984
1.62742
1.51212
0.924383
1.44466
0.90982
0.829749
1.90719
1.18818
0.614556
0.032909
0.363708
0.260267
1.65984
1.23713
0.734603
0.111002
3.62188
0.389698
0.570222
1.75252
1.57668
0.829718
0.530428
1.00237
0.154451
0.718825
0.240232
2.34115
1.07938
0.211065
0.412963
0.50172
0.327987
1.5393
1.69708
1.0897
2.90964
0.218556
0.985449
0.132536
0.351753
1.84762
1.17468
0.615437
0.179958
1.76474
0.0267273
0.807796
1.45693
3.16777
0.417078
2.42236
0.0881236
1.03979
0.692014
3.13219
0.482904
0.4591
1.57848
0.412368
0.78117
1.65052
0.474519
2.84358
2.51452
1.01794
0.559674
1.57313
0.195944
1.18898
0.23464
0.897852
0.362833
0.819349
0.249998
0.0524755
2.44192
0.612972
1.83097
1.45786
0.65423
0.103078
0.325121
0.813948
2.7726
1.48915
0.268875
0.338264
0.0396926
0.034537
0.0824277
0.428472
0.0168598
0.284719
0.385278
0.610458
0.539541
0.331236
0.675662
0.378931
0.546427
0.561099
2.93786
0.403132
0.452134
2.14391
2.62141
1.54564
0.15797
0.187817
0.724736
1.22018
2.39021
0.140358
0.224095
0.840559
0.984914
0.567125
0.249481
0.638121
0.880843
0.398551
0.232091
0.0820886
0.633813
2.54762
1.69569
1.03484
1.19302
0.710094
1.28946
0.631818
0.434885
1.58528
0.454635
0.242749
0.661277
1.64045
0.330635
3.38182
0.953579
1.55752
1.28591
0.213942
0.327558
0.710908
0.0683232
0.387411
0.538409
0.00721189
0.37288
0.823317
1.16154
1.17148
0.188108
1.23977
1.09625
0.105509
0.463384
4.39317
1.80923
0.532767
0.605102
0.548884
0.271287
0.119669
1.37266
1.47772
0.212098
1.73818
0.83035
0.745812
2.44282
0.596337
0.41527
0.904557
0.0726699
1.85753
0.264505
0.523104
2.12737
1.47193
1.72922
0.02021
0.906074
3.75776
1.26998
1.1341
1.90676
0.546548
2.5936
0.0190161
0.190016
0.0195642
0.654838
0.691593
2.10437
0.227119
1.09581
0.0975064
1.51089
0.153421
0.818087
2.03483
1.70801
4.21058
0.28286
1.34942
0.444915
2.87902
3.58723
1.88212
0.0345027
1.28934
0.0206452
0.208865
0.54937
1.05885
0.616488
0.0445911
0.484666
0.0274371
2.46945
0.475811
0.866096
1.06773
0.398391
0.0121373
2.08901
0.40937
7.38695
0.259414
0.193449
3.43706
1.92377
0.571276
0.512919
0.298668
0.671042
0.149234
0.614597
0.163708
1.24108
0.155293
2.4795
0.48537
0.541311
0.965407
1.38988
0.700588
0.258494
0.164209
0.152964
0.282381
0.56079
1.35157
5.40678
0.0937817
2.42041
2.57944
0.482584
1.49578
1.17004
2.20237
1.32286
0.480292
1.0182
0.107169
0.547092
1.64428
1.62426
0.00315155
0.0570996
2.51246
0.206463
1.65978
0.901831
1.31987
1.41799
1.69369
0.526229
1.73506
0.100588
0.0888154
0.22498
0.149601
1.62746
0.0159861
0.476426
2.81403
0.79997
1.5728
0.564103
1.97943
0.644646
2.65051
0.731011
0.722041
0.295708
0.289195
0.833849
1.28245
2.32551
0.460854
0.104403
0.334374
5.45444
1.19354
1.37657
0.297343
1.04651
0.526329
0.0932941
3.02896
1.20362
5.01153
1.25704
0.534839
0.150074
0.852709
0.106503
0.950156
0.00777366
0.123282
2.25181
0.987684
0.04489
0.0165944
0.159365
1.40071
0.123038
1.8132
0.16666
0.25355
0.953416
0.700162
1.0027
0.30208
0.0287125
0.85931
0.527933
1.05778
0.680401
1.015
0.0773721
0.366071
0.25083
1.50444
0.654928
0.767437
0.0119159
1.02021
1.75521
0.388543
2.81616
0.881298
0.298766
0.341376
0.624562
0.998528
1.31785
0.746068
0.271409
0.0437632
1.76575
0.180276
0.00167309
0.324458
1.21957
0.213602
0.50506
1.10448
0.933341
1.8734
1.91887
0.0141057
0.142937
0.0989148
0.0563888
0.353624
3.01913
0.420401
0.255564
0.873559
0.521802
0.520417
2.35785
1.37462
1.79396
3.8414
0.0549162
0.280237
2.08523
0.87017
3.85958
2.07095
0.55942
0.610748
0.157748
1.76338
1.11953
0.404666
0.130879
1.14886
0.111861
0.190079
0.382539
0.0576649
2.19255
1.55024
0.139138
0.136374
5.87445
0.901148
0.44556
1.93841
0.669142
1.80867
0.799826
1.81641
0.718066
1.19574
0.0125785
0.926572
0.127134
1.5971
0.0873494
0.0760422
1.61052
1.1802
0.908345
0.455419
0.0741065
1.30484
1.00576
0.151799
0.527281
1.18987
0.808568
0.789148
1.65824
0.454299
0.0412095
1.09215
0.425513
1.16211
0.245103
0.0954624
1.41485
3.44584
0.115419
0.677694
1.87943
0.133231
0.191636
0.18407
2.94002
1.20696
0.271449
0.704357
0.236092
2.86438
0.802573
0.87453
1.18416
0.285413
0.352767
0.184571
0.44562
1.40451
1.30189
0.00622851
1.22743
2.51289
0.136699
0.0592026
0.188823
0.672188
0.512402
0.994543
1.48161
0.549002
0.0203434
0.540456
0.0452918
0.328776
0.388461
0.0123979
0.320574
0.583466
0.00246814
0.26426
0.359826
1.1672
0.340282
0.248689
0.0340305
0.695389
0.390024
0.860982
0.312906
1.07712
0.13667
0.168144
0.67112
0.20655
0.0634174
3.70124
0.840763
1.44848
0.048312
0.108624
1.79694
0.236878
0.910798
1.7968
1.08854
0.167473
0.828575
0.619381
0.394129
0.470334
2.62279
0.369994
2.13265
2.68055
3.43461
0.564553
0.991576
0.231547
1.59573
1.77538
4.23783
0.642416
0.216094
0.361549
0.0164145
1.45422
1.90608
2.18764
1.24907
0.413564
0.114678
0.0516119
0.329752
1.29166
0.602928
0.0115491
1.41313
0.500103
2.56293
1.74148
0.211618
2.83689
0.0420013
2.65084
0.950451
0.810152
1.50598
0.99059
0.96257
3.17852
0.838139
0.130163
1.59065
0.851712
0.0410805
0.992212
2.97184
0.140655
0.124786
0.945414
0.173811
0.0856162
0.504089
2.68472
0.452272
1.57581
0.186081
0.0804949
2.78056
1.08039
0.300903
0.623797
2.63713
0.937957
0.250209
3.16686
2.24683
0.882128
0.180775
0.19258
0.223314
0.666564
1.69624
1.50699
0.201536
0.83013
1.24218
0.577669
0.531245
0.367263
0.166955
0.0390408
2.14263
0.807342
0.273095
1.79329
0.262591
0.365769
0.470906
0.178533
0.145951
0.0914871
0.859865
0.941639
0.0287771
0.387268
2.00971
0.542113
0.178935
1.20883
0.474047
0.826246
0.512182
0.945305
1.6311
0.375712
0.998778
3.85157
0.162566
1.6483
0.070541
0.875868
0.783659
0.284026
1.43923
0.473048
0.407952
0.140633
1.36686
1.26412
0.00523877
1.78911
0.726276
1.85523
1.02204
1.7689
0.402634
0.769434
0.0683342
2.19565
0.10448
0.599867
0.270578
0.213888
0.0282868
1.60088
1.34123
1.64378
1.14158
0.618101
1.74476
0.082002
3.55285
1.55199
0.314945
1.93053
0.141201
0.861289
0.548263
0.163636
1.80939
2.5237
0.455386
1.57998
0.639084
0.533343
0.365314
2.58872
0.582621
0.174142
0.285132
1.66343
0.430195
0.753224
0.312173
0.70707
0.327847
1.12825
0.685232
0.143183
0.207601
0.406241
1.09716
0.182767
0.0206149
1.01063
1.32215
2.05956
0.414261
0.752973
1.07307
0.156536
0.276391
0.398485
0.658773
0.628859
0.794101
0.031439
0.696224
0.0290871
0.202708
0.0187796
0.916168
0.441365
0.185136
0.714698
1.0859
0.257093
6.3022
2.1082
0.0680665
0.442608
1.2379
1.85499
0.302217
1.55215
1.66471
0.360165
3.91664
2.49167
2.78881
0.53384
0.116727
0.273916
0.652335
1.10079
1.45004
0.410557
0.0514829
0.255856
0.486132
0.173936
0.974816
0.266248
0.295886
1.37251
0.620095
0.543782
0.190503
1.02165
0.898286
2.78738
1.61993
0.0322656
0.449425
1.98817
0.619025
0.499074
0.300676
0.255296
0.989739
0.926503
0.659782
0.382246
0.728076
1.04561
0.00980413
1.32707
0.103763
0.310913
6.00257
0.0607254
0.231673
1.62318
0.189637
0.340565
1.39623
0.235972
0.173556
0.195014
0.167014
0.0327549
0.283225
0.175804
0.0194365
0.488961
0.46733
0.0503815
1.81918
1.54609
1.3436
0.122483
0.439732
0.225853
1.31663
1.14613
1.33095
0.223968
0.239685
0.118113
0.243441
0.750488
1.31848
1.51177
0.544495
0.0299687
0.229818
3.3042
1.30561
0.918812
2.07739
0.613757
0.168691
1.3203
0.0796071
0.722649
0.281172
0.418093
0.149586
0.858776
3.8368
1.41101
0.822295
0.166281
0.00848213
0.0323129
3.04775
0.848355
0.675222
3.05899
1.58101
1.06999
0.125371
0.161705
0.200075
1.02114
1.09536
1.05098
0.740865
0.976428
0.909881
0.0747027
2.10098
1.3263
0.0305686
0.169052
0.216768
0.234786
0.0846265
1.58393
0.680966
0.935861
0.601349
7.44428
0.47035
0.0151855
0.131646
0.451729
0.563511
0.529365
0.888019
1.59609
0.221243
1.2119
0.801008
0.203066
2.94826
2.45106
0.438293
0.76098
0.370251
0.276753
0.210633
0.354168
0.150014
0.955042
0.011846
0.204998
0.373311
0.449645
0.0866731
0.374514
0.569608
4.68231
0.803224
1.21372
3.18761
0.0553044
2.60306
0.487013
1.69223
1.76058
0.816952
2.15361
1.24108
1.36634
1.27506
1.51513
0.800492
1.08416
0.397278
2.82651
1.1371
0.0725422
0.572115
1.35004
0.505548
0.102063
0.793216
1.68845
1.28848
1.87948
0.122506
0.804774
0.135111
0.0464688
0.248308
0.0778302
0.841451
1.73759
1.90114
0.150628
0.633116
0.673125
1.79385
0.000178108
1.18906
0.0343524
1.07128
0.854095
1.84141
1.98001
0.141432
0.186908
0.341699
3.74406
0.226435
0.111148
0.843824
0.128941
0.168071
0.817913
0.78595
0.584505
2.25804
0.0322124
1.56135
0.542335
1.05825
2.49335
2.29045
0.394361
0.0879534
0.773999
0.355343
1.31378
2.58267
0.0779705
1.13702
0.607434
0.805821
0.104071
0.663288
0.706708
0.670745
3.43005
0.978108
0.959187
0.33301
0.637946
0.121995
0.637646
1.16534
0.47818
0.866122
0.686988
0.727099
1.21057
0.267305
0.326772
0.344839
0.604507
0.335958
0.339589
0.833489
1.68272
1.24742
1.07117
0.640266
0.0388914
0.932113
0.150402
0.691952
1.09766
0.0793714
0.285417
0.485407
0.961947
0.433166
0.132846
0.0903969
0.105147
0.802006
4.86925
1.99305
1.84502
1.34268
1.72749
0.849243
0.985604
0.234237
0.298321
0.0974119
0.396387
1.57812
1.55777
1.8589
0.463158
0.704184
5.61858
3.08018
3.76248
0.781678
0.204871
0.534291
1.99545
0.629805
1.02275
0.225053
0.166782
1.54075
0.220125
1.6376
3.47934
0.755706
2.62163
0.859126
0.138486
0.210235
0.622643
3.59342
0.196424
0.0578157
0.385142
0.834605
0.194078
1.81145
0.491498
0.256414
0.244169
0.461728
0.0679145
0.684352
2.08675
2.72583
0.99433
0.826584
0.260061
0.667611
0.957272
2.34592
0.0281912
0.828167
1.81852
4.41545
2.2719
0.338967
0.894557
0.849891
2.98233
1.76256
0.0793604
0.441598
0.540018
0.0531371
2.32847
0.944796
0.358501
2.29714
0.0210198
1.89778
0.0123625
1.97473
4.18594
0.843271
4.43429
3.5519
0.679065
1.84821
0.0554599
0.744761
0.826047
0.650386
1.03904
0.223514
0.732511
2.15222
0.240865
1.4445
1.97644
0.0302237
1.10739
0.560262
5.24864
0.179285
3.10671
2.94929
1.6392
0.100448
0.53696
0.195811
1.95802
2.85425
2.91354
2.40994
2.69121
0.603472
1.14242
0.144599
0.476025
4.56316
0.397866
0.151683
0.138174
0.854793
2.48908
0.920866
0.29815
5.21107
1.29475
0.555575
0.0599322
1.13756
0.170303
0.189268
0.160526
0.252969
0.335138
0.0644618
0.400454
1.49965
1.97649
0.489739
0.0561534
0.598899
0.165156
2.65493
3.74675
0.469172
0.481387
0.260717
0.582988
1.13929
0.810185
1.45904
1.9799
0.816614
1.48359
0.228768
0.775799
0.488192
1.2215
0.990087
0.442392
0.481899
0.851464
0.31145
3.32274
0.613282
1.13768
0.916812
0.106935
0.335911
0.311453
1.06138
0.0542258
2.8503
3.06676
0.800864
0.33528
0.431676
1.58797
0.30274
1.48024
1.12909
0.0464274
0.80398
4.03652
1.0339
1.63176
2.10791
0.517898
3.34002
1.25159
0.76477
0.324856
0.212642
0.360453
1.05211
0.775915
0.672799
0.675794
0.816136
0.439632
1.59781
0.0782154
0.754354
0.287699
0.252235
1.20718
0.19971
0.272442
1.11956
0.138933
0.514433
1.1783
0.399682
0.739434
0.0867054
0.0261013
1.43158
1.32194
2.98051
0.3028
0.384359
4.00185
0.0741
1.36063
0.476874
0.69194
0.405648
0.567393
0.403193
0.182975
0.310703
0.615443
0.07086
1.26546
1.36989
3.41649
1.58642
1.32227
0.280058
0.783108
0.276884
0.613196
2.63199
1.77638
1.20822
1.30705
0.51064
0.383819
0.342657
0.235882
0.555285
0.0313372
0.803185
0.288264
0.592694
0.725396
0.812893
0.288862
0.36061
2.0736
0.0729513
0.385359
0.756964
0.0959849
0.457595
0.211048
2.85947
0.0759445
0.123013
0.680776
0.325095
0.549248
0.270953
2.06558
2.04244
1.93568
0.799404
3.07913
0.435503
1.27981
0.212766
0.911965
0.12252
4.15416
1.63301
0.0627331
1.0944
1.03572
0.0733594
0.0192791
1.17911
1.14625
1.32512
0.389872
2.9675
0.6375
0.522321
0.71616
2.05535
0.0258518
0.424169
0.636479
2.4827
0.748624
0.622075
0.362036
3.01452
0.111339
0.0818083
1.52429
2.50533
2.28057
0.792804
0.433374
1.02907
0.946483
1.41107
0.22352
0.9209
0.357834
0.779798
0.792415
0.54848
0.331121
0.0549392
0.133748
0.614858
0.269291
1.31106
0.528697
0.222498
2.07207
0.477872
0.0256815
0.39398
0.268421
0.635049
2.29905
0.771305
8.18379
0.570139
0.258376
2.27912
0.16923
7.21741
0.512853
0.343227
0.267688
0.457854
0.495035
0.1723
0.0323327
1.53176
0.40612
0.00748591
0.650436
0.624337
0.28404
0.245545
0.0111231
0.187576
0.0971988
1.31726
0.679238
0.855594
0.264227
0.736011
0.405465
1.82349
0.371548
2.55652
4.11084
0.116165
0.808593
0.980744
0.227149
0.776967
0.872043
0.131579
0.521622
0.448945
0.20878
1.67027
1.26432
3.91273
2.52478
1.37348
0.00309752
0.151929
0.0803023
1.14623
1.4651
0.340947
1.14055
0.606762
0.47297
1.19326
0.189984
1.13217
1.95843
0.285704
0.157361
0.587108
0.115287
0.166867
0.180357
0.619308
0.174658
0.409833
0.728697
0.614886
4.41185
0.493197
0.531438
0.650347
0.244386
1.13277
1.98752
0.0224019
0.00970188
0.166911
0.559979
2.48682
1.7002
2.23522
0.175396
0.226331
3.01772
1.08859
2.50418
0.237168
0.0900715
0.0842201
0.209916
0.00315411
0.337576
1.78522
0.889379
1.10056
1.00628
0.825257
0.772618
1.54522
0.447774
2.79819
0.409796
0.00423633
0.342168
1.3869
0.17229
0.391967
0.0589897
2.00643
2.01503
0.897173
1.01485
2.07711
0.0223892
0.463275
1.49519
0.167469
0.2679
4.6986
1.74793
0.664911
0.196565
1.41589
2.33803
0.852576
1.71959
0.500501
0.147664
0.0867317
0.396116
0.00788518
1.46365
0.58125
1.17854
1.22762
1.53798
0.901826
0.795095
0.00234571
0.296121
0.381005
0.255116
0.198733
0.464467
0.927692
0.82561
0.12041
1.00105
1.2978
0.677796
0.470808
1.40917
0.271833
3.90014
0.201854
0.242774
0.0680086
0.294459
1.26046
0.543534
0.107195
1.55563
0.087348
0.179061
0.152289
1.63908
0.143346
0.0626901
1.10736
1.47629
1.71646
1.11928
2.84902
0.656216
0.156154
1.52752
1.30732
1.11529
1.75534
0.0138109
0.345504
2.36273
0.100335
0.390123
0.752584
2.05357
0.965608
2.1915
2.41914
4.11306
0.000165415
3.71189
0.946841
0.0394332
0.0604338
0.0700123
0.243635
0.401153
0.215247
0.552402
0.382922
1.01066
0.716135
0.360648
0.21331
0.323769
0.491477
0.134739
0.260637
0.673337
0.335587
0.285155
2.77155
1.62446
0.815463
1.43772
0.954008
0.314832
1.56221
1.06678
0.260345
0.39153
1.85415
3.61118
0.112431
2.27066
0.942576
1.5174
0.415253
0.916152
1.28016
0.586631
0.205788
1.42236
0.123335
5.62914
0.554165
0.249345
1.13094
0.133712
0.170757
0.00369888
0.259799
1.96281
0.961442
3.51613
1.26647
1.96392
6.10337
2.39917
1.56169
1.89669
2.38248
0.149438
1.46825
0.0524789
5.11789
0.113703
1.72577
0.998641
0.256125
0.395526
0.101369
1.98825
0.392972
0.173288
1.13129
0.18104
0.651614
0.678148
2.41558
0.00877975
0.189908
2.20828
1.06787
0.022767
0.0363896
0.653239
1.63014
0.499541
2.83535
1.30072
0.569728
0.547801
0.98842
2.08605
4.18849
0.541995
0.121674
0.911758
0.111761
0.612069
0.0640459
0.245379
0.156482
0.161387
1.20341
0.389578
1.41291
1.9416
0.359236
0.000889765
0.714491
1.49962
1.03673
0.218239
2.02335
0.132644
0.153055
0.215606
2.09773
0.861989
2.0583
0.401645
0.584375
0.0596986
0.291113
0.76648
0.673082
0.783684
0.15567
0.203833
1.41413
0.45374
2.48436
0.758268
0.11313
1.60739
1.81787
0.159625
0.0231961
1.07429
0.0158137
0.254622
0.0982315
1.13459
1.5348
0.277287
0.442798
0.368326
0.0468826
1.36448
0.329989
0.563602
0.898968
0.515826
1.37334
0.717218
0.147331
2.74453
0.746054
0.0688713
1.78546
0.288038
1.56421
0.200841
0.0494302
2.01238
0.670648
1.89338
1.79722
1.69333
0.351414
1.12093
1.8621
1.84448
1.43279
0.373472
2.57581
1.01052
4.6244
0.346866
0.58849
0.104034
2.09781
0.106229
1.22872
0.483446
0.603934
0.783782
1.31446
0.855126
0.426284
0.215956
1.79843
0.147518
0.0528342
0.51404
2.09527
0.0732064
1.32598
3.16647
1.89621
1.05415
1.21661
0.724493
3.41379
1.63016
0.208905
0.236417
1.12298
1.30845
0.976708
1.03666
1.3099
0.0848854
2.97075
1.228
0.428806
0.581793
0.00790701
1.60543
0.888064
0.613243
0.610327
0.171258
0.393111
0.539264
0.387238
0.0712678
0.498269
1.79871
1.52273
0.290076
0.450273
0.115785
0.916234
0.0618608
1.92514
0.366829
3.39443
1.36084
0.568383
0.997988
0.908136
3.64086
0.560325
0.0630602
3.30335
2.47128
0.43896
1.27204
0.0279383
0.762202
0.451446
0.435211
0.82844
0.0507612
0.315136
1.18329
0.181153
0.586231
1.35552
0.291771
0.843788
0.210117
1.37528
0.01065
0.233107
1.93789
4.4877
0.822494
0.78839
0.147913
0.236807
2.33478
0.771249
0.821218
0.32267
0.923333
0.654584
1.90994
2.50019
0.857562
0.863259
2.56081
7.52255
0.205179
1.95815
0.010351
1.28397
1.46708
0.576037
0.419479
0.49797
0.0894552
0.930315
0.663871
0.149111
3.11083
2.07316
0.0267408
2.0598
1.06692
0.428581
0.706554
0.257759
0.234784
1.21375
0.10644
2.05747
0.0971585
3.40199
0.85811
0.551554
0.585388
1.3687
0.177024
0.389843
1.41784
0.221414
0.128438
1.91873
1.52059
2.51201
0.254788
1.1125
1.89548
0.0386054
0.926251
4.57651
0.867691
0.205417
0.49471
0.154114
0.272615
0.623726
0.151616
0.613232
0.265468
0.0867196
1.06531
0.280821
0.731673
0.697845
0.207969
0.035387
3.03278
4.95574
0.0597845
0.000920231
0.132601
1.08718
0.245922
0.485166
0.639599
1.58429
1.00906
1.50665
0.961047
1.2864
1.07353
0.69589
1.6732
0.326487
0.314744
1.08522
3.09476
0.248776
0.404406
0.0184724
0.231103
0.438639
0.813241
0.364898
0.313582
0.619101
0.110177
0.622151
0.0150254
0.0728697
0.0700204
2.99001
0.243637
1.0796
3.14504
0.551302
1.10375
0.994929
1.23927
1.31628
0.888111
1.16933
0.042856
0.855868
2.35398
2.29872
0.154987
1.43469
0.245583
0.564281
0.365225
1.04117
0.0148205
0.664059
1.05057
3.06202
0.39624
0.0162832
0.150461
0.257251
0.36507
0.625098
0.11272
0.158311
2.83875
1.96895
0.680809
2.68159
0.925623
0.0431144
0.661672
0.40393
1.01365
0.572027
0.364649
0.609406
0.790473
1.04623
0.890559
0.489133
0.119763
4.51351
0.308715
1.58059
0.317176
2.2369
2.45572
0.0903771
0.251524
0.121242
1.23693
0.914024
1.37388
1.16379
1.07845
0.434875
0.329889
2.24871
0.813764
0.763603
0.214986
0.286362
0.788533
0.0902021
1.0983
2.97639
0.378113
0.830656
1.04114
0.545806
0.765592
3.50054
0.811693
1.95912
0.636727
2.25964
1.41236
0.670288
2.11349
1.01651
0.883955
2.95223
2.66875
0.175925
2.44921
0.637
0.742819
0.0187725
0.139908
0.716332
0.918754
0.70476
2.24598
2.61788
0.166686
0.186952
0.723276
1.25308
2.15197
1.708
1.08385
0.279033
1.30079
0.119143
1.62018
0.85245
0.29392
0.569424
0.217388
4.13304
1.18135
0.688297
0.314269
0.989821
1.12732
0.0895877
0.987273
0.81418
0.267093
0.677725
1.14227
1.84739
0.550497
2.57251
0.164522
0.0730644
0.196399
0.401061
3.99034
0.455746
0.320896
1.18041
0.988742
0.428685
0.680828
0.150908
0.296385
0.016163
0.459249
2.89873
0.445644
0.0843629
1.45606
1.61767
0.0869775
0.522924
0.178699
2.5167
0.719777
2.39974
0.0788733
0.223814
0.852889
0.898051
0.0248345
2.21994
0.616694
1.61897
0.761799
0.535375
0.380043
1.29784
0.0704831
1.86832
1.0404
2.61949
0.242644
1.30477
0.335151
0.279481
1.14485
0.990796
0.764775
3.02678
1.40964
3.04483
0.200721
1.82347
0.836423
6.59855
0.319232
3.396
0.362405
0.131312
0.402916
1.25624
0.888123
0.0855836
0.0456717
0.96591
0.415602
1.24018
1.8245
1.1174
2.75721
1.65154
0.840665
0.0162295
1.83761
0.311791
0.286451
2.21714
0.371269
2.41203
2.21263
0.792218
1.15205
1.00855
0.958166
0.472537
0.149757
0.0116995
0.416658
0.441232
0.0159634
0.87327
0.426668
0.185625
2.10122
0.486418
0.8489
1.98069
0.92183
0.912258
1.12071
0.255247
4.09366
0.0562921
3.02215
0.222423
1.27917
0.758336
1.15733
0.725495
0.215322
0.352028
2.0959
1.42204
0.141828
0.0811173
2.06878
0.399648
0.176718
0.369885
1.8473
0.0631201
0.0568308
1.30094
0.106188
0.00419611
0.491815
1.7742
0.266605
0.156654
3.58791
1.21968
1.63813
0.501364
1.22918
1.71804
3.83516
0.423645
0.377213
1.10208
0.0883927
0.277335
0.418548
3.2773
0.21641
2.16132
1.88579
2.14765
0.446661
0.00867101
0.0199182
2.94973
0.0408495
1.31773
0.402719
1.17962
1.16345
1.75863
0.0818211
0.278179
0.353521
0.0290792
0.0205475
1.17977
0.0104768
0.878672
0.677554
2.039
0.924194
1.8964
1.09598
2.46744
0.0629993
0.656464
1.91919
0.336837
0.0943127
1.2938
2.42173
0.162861
0.453141
0.237256
1.16904
0.458994
1.10063
0.0992714
0.529637
0.241205
0.119085
0.893517
0.310547
0.706971
0.350549
0.816887
1.09765
0.578079
0.521493
0.179942
0.179692
0.979666
0.949316
0.0442062
0.137577
0.0318382
0.315282
0.198571
0.383154
0.325942
0.401785
0.64824
0.203358
0.468172
0.0127085
2.2661
0.523509
0.490499
0.0864837
0.309465
0.872039
0.71176
0.590241
1.01535
0.485098
0.210474
0.401526
1.00187
0.825596
0.181804
0.229919
1.44196
0.501227
0.186683
1.51499
0.152491
2.09565
2.92766
0.00625868
0.502012
0.00628717
0.182991
2.68699
1.19006
0.704926
0.203882
0.673743
0.590061
2.43991
2.69135
1.63684
2.28079
1.68908
0.282532
0.220697
0.744805
0.571836
0.423707
1.28752
0.875446
1.72491
0.100388
0.727241
0.914651
0.343333
0.223616
0.408834
0.883684
0.0415732
1.80332
0.235727
3.11933
0.126659
0.00890567
1.45911
0.407014
0.199845
0.960743
0.403632
3.20007
0.323059
0.967248
3.87333
1.30447
1.05988
1.72574
3.15669
0.444273
0.364237
0.934684
3.53201
3.19166
0.700439
1.25702
0.254743
0.66629
0.483005
0.430381
0.794891
0.445699
3.54097
2.64333
1.21558
0.866851
1.75685
0.713542
1.70176
0.272507
0.494965
0.0334114
0.0283609
1.09214
0.694364
0.245567
0.673944
1.22044
0.954457
0.27726
0.144848
3.07095
0.957349
1.09292
0.577865
3.10145
0.76703
1.85011
0.283276
0.791091
0.0762391
0.0492725
1.27603
0.231395
0.928852
0.378414
0.324084
2.00914
0.331891
0.483433
1.8024
4.15973
0.550033
1.08645
2.33389
1.65668
0.728181
2.30404
0.240586
0.0862787
2.96478
0.0317919
0.724266
3.68807
0.12955
0.732917
0.233741
0.0354031
1.39231
0.100752
0.246651
2.64033
0.0307679
1.47863
0.907659
0.690917
0.208603
0.731541
0.805015
0.681204
0.0807115
0.377373
1.63688
0.513255
1.6674
1.0204
0.620056
2.07068
1.58793
1.84143
0.344562
1.38638
0.577766
0.655394
1.06668
0.364851
1.73578
0.198811
0.0343728
0.747737
0.291239
0.521786
1.42959
0.665023
0.0332871
1.87078
0.114272
1.11894
0.792892
1.74311
0.286077
2.41783
0.884593
1.61251
0.0601301
0.829832
0.32316
0.00796143
0.790069
1.00486
0.882783
0.80472
0.432184
0.185411
0.449723
1.2507
2.74794
1.26164
1.097
0.0710474
0.836337
0.490296
2.25201
1.92394
2.43733
2.21594
4.37008
0.269734
0.20397
1.18974
1.49895
2.70861
0.661866
0.902912
0.516603
1.81799
1.6277
0.535719
0.17666
0.544967
0.863717
1.07493
0.313487
0.128847
0.63896
0.594888
0.108674
0.8454
0.200875
0.593817
0.416448
0.176902
0.533163
0.445148
0.242001
0.761683
0.128696
0.273453
1.23944
0.901687
0.00760809
0.817153
3.18051
1.47776
0.696562
0.698999
1.5053
0.110125
1.27302
0.00295463
2.72197
0.224189
0.606577
4.9187
1.46319
1.60065
0.973189
0.0965141
1.81836
0.0844994
1.27129
0.0690561
0.211721
0.815068
3.42883
0.761527
0.711014
0.767329
0.63092
0.52465
1.46023
0.18095
1.16079
0.367094
1.40381
0.917543
1.0157
1.23259
1.22951
0.263207
0.0109008
0.796681
1.66917
2.98099
0.0513935
1.269
2.00751
0.100111
1.44494
0.543406
1.43239
2.29421
1.31487
1.38148
0.434605
1.57958
1.21498
0.369887
1.513
1.31905
2.32239
1.37915
0.829299
0.593166
0.723872
0.80938
0.000803488
0.141151
1.28869
0.185182
0.15832
0.166307
1.02112
0.920915
0.587631
1.24744
2.05423
1.54884
1.42356
1.01515
2.808
0.326906
3.61162
0.330397
0.267173
0.912516
1.02152
0.719124
0.534946
0.925695
0.373257
1.11399
1.87677
0.435024
0.0860181
0.769953
2.07317
0.658329
0.295089
0.916986
0.402182
0.258293
4.56762
1.43315
1.21565
1.07048
1.476
0.0322517
0.182097
2.06563
0.846113
4.7276
1.1839
0.392011
0.978793
0.613275
0.0819047
0.602591
0.352264
1.24562
0.829674
0.843059
0.212256
0.243752
0.325704
0.121498
1.44602
0.795443
0.424509
0.894741
1.53258
1.62593
0.0575723
3.76141
3.53353
1.14663
2.16037
0.133356
0.735608
0.32698
1.24827
0.127022
2.25621
0.412041
0.111964
0.0890817
0.554368
2.1424
0.066672
0.772712
2.08239
0.975855
0.109782
0.613089
0.061715
0.261462
0.942826
0.308809
3.17587
1.00695
0.291304
3.03237
2.15632
0.23665
1.15588
0.200181
1.46741
0.399697
0.43327
0.788016
0.57343
1.46152
1.54749
1.92788
3.37359
0.311711
0.201601
1.64392
0.794087
0.902495
0.196146
1.31164
0.36263
0.257464
0.0273226
0.262187
0.366915
1.55994
0.78821
0.435137
0.329827
0.263248
1.90845
0.960917
0.309996
2.88361
0.0418792
0.703808
2.45663
0.384814
0.158793
1.9327
0.415906
0.899238
0.754317
0.945467
0.183553
0.232208
0.216329
2.26733
1.55969
0.111959
1.41663
0.803051
0.747244
0.627699
2.64953
0.561436
2.59033
2.32004
0.265275
0.69159
0.193837
0.128298
0.237088
1.04812
0.983506
0.251855
0.385667
0.428719
0.385242
0.84479
3.7411
0.367156
4.24988
0.928519
0.619643
0.25158
2.90185
1.30683
0.652237
0.872342
0.155183
2.13844
1.05324
0.64109
0.442977
0.930483
5.74383
0.184288
0.0953366
0.0584318
2.19332
2.17988
1.23906
1.27766
3.58145
0.170912
2.05215
1.16254
0.58359
0.445869
0.992875
1.30558
0.92821
1.45627
0.213775
0.845693
0.259611
0.249961
1.88272
0.464968
0.470303
1.5324
3.56461
0.569141
0.853495
0.859086
0.655061
0.748966
2.30997
1.14427
1.69492
0.109562
7.43551
0.823576
0.316481
0.657857
2.02892
1.66452
1.7034
0.206911
0.675442
0.262105
1.35646
1.66693
0.869869
1.57725
0.486005
1.11061
3.6074
2.9759
1.18929
0.00470244
0.207977
0.797496
2.26864
0.392194
1.26022
0.646187
0.113264
0.029421
2.44477
0.229015
0.175977
1.01859
0.0204917
1.25865
0.0897712
2.45859
1.45075
0.956971
0.215235
0.858894
0.276755
1.16261
0.448376
0.100889
2.50836
0.164743
1.3277
1.06004
0.332152
0.77953
1.84108
1.11885
0.38179
0.473229
0.0266336
0.171832
0.121014
0.242564
0.669898
0.0774837
1.48699
1.76604
0.97449
0.543688
1.67094
0.196233
0.0177142
0.640847
0.545599
1.13722
1.55719
1.84858
0.0440386
0.177868
0.888209
1.67855
0.135199
0.0359566
0.307873
0.963245
2.11841
0.0129804
1.39568
1.46387
0.408828
0.69527
1.16075
1.17511
0.49698
0.989519
0.0556916
1.68673
0.735676
0.42397
0.110852
0.252055
4.41179
0.0524599
0.738003
0.727987
0.00280586
0.194617
0.106868
0.653681
1.69805
0.776398
1.35912
3.88561
1.39842
1.10557
0.182671
0.118666
0.281533
0.0230369
3.43646
0.0332973
0.869494
0.829922
0.0422172
1.98745
2.06653
0.410392
0.0402946
0.328188
0.806985
7.68855
2.1132
0.318625
0.508958
0.0293871
0.726955
0.0633062
1.22586
1.56967
0.974685
1.24491
0.0731669
1.0589
1.99566
1.43586
2.19694
1.22159
0.667672
2.61389
0.0388864
1.36045
1.22328
