1.09912
1.0823
0.748836
1.21121
0.635186
1.20877
1.42159
0.569259
0.596939
1.24108
1.61145
1.17064
0.92715
1.0442
1.15725
1.40276
0.863581
0.699455
0.925527
0.800134
1.50918
0.939247
0.965384
1.39195
1.39322
1.1932
1.07656
1.20584
1.30528
0.907492
1.04292
0.978871
0.902071
1.67219
0.778405
0.990094
1.44768
1.95394
0.995543
0.675703
0.688036
0.880268
1.1009
1.04306
0.94671
0.695567
0.980547
1.48401
0.825437
0.856936
0.628741
1.79185
0.957526
0.563705
0.793858
0.777238
1.41658
1.12327
0.914401
1.02832
0.730121
0.932592
0.812534
1.30375
0.771907
0.530488
1.61821
0.984248
1.02688
0.636844
0.759783
0.912885
1.55232
1.07451
0.505901
0.67714
0.617677
0.954003
0.972024
0.988859
1.56346
1.31858
0.963788
0.816154
0.5126
0.703658
1.54313
1.28334
0.750216
0.583191
1.0678
0.704496
1.28923
0.979475
0.650645
0.534988
0.960141
1.25805
0.701262
0.817381
1.73572
1.19545
1.05223
1.37371
1.12689
1.20281
1.19609
0.643928
1.14464
0.870924
0.916287
0.57962
1.19296
0.472645
0.746198
0.570156
1.14454
1.36127
0.616264
0.746805
0.982471
0.591076
1.01527
0.945689
1.2116
0.664918
0.897111
0.708374
1.05893
0.730921
0.716041
0.599551
1.07518
1.35243
1.05188
0.965879
0.953725
0.799626
0.800022
0.495688
1.30389
0.996965
0.969862
0.576956
1.80695
0.893555
0.91057
0.665059
1.12374
0.909107
0.851752
0.994687
0.805143
1.59361
1.22161
0.778897
0.879266
1.19114
0.608874
0.932858
1.0665
0.554728
1.17696
0.251752
1.7216
1.0178
1.07567
1.67367
1.01879
1.06504
0.426404
0.923843
0.587545
0.524388
1.27651
1.29198
0.757177
1.41994
1.02515
0.798042
1.46683
1.08593
0.481911
1.13683
0.642708
0.741574
1.39414
0.869785
0.976621
1.42273
0.805034
1.58525
1.11385
0.982691
1.02413
1.5735
0.765094
1.20673
1.06558
1.08158
1.10373
0.837679
1.25449
1.18075
0.948696
0.954242
0.973841
1.0337
0.673408
1.13349
1.65945
0.942122
1.01085
1.33286
0.791908
1.20349
0.532858
0.633296
0.999036
0.68293
1.08317
1.63872
0.852256
1.10429
0.927732
0.884079
1.15205
0.614334
0.633249
0.558921
1.41086
0.642756
1.50666
1.78593
0.899431
1.29912
0.606678
0.88017
0.526312
0.736468
0.620463
0.7303
0.684547
0.633777
0.944932
0.767278
0.67199
0.644911
0.766269
1.24966
1.52561
1.08611
1.02972
1.30414
0.594429
1.71446
1.25169
0.796551
0.557506
0.615246
0.710943
0.794849
1.69484
0.867376
1.09735
1.08173
0.972092
0.646217
1.43288
0.937566
1.09434
1.29312
0.613642
1.11343
1.47568
0.885832
0.814855
1.12936
1.0468
0.870836
1.07868
1.1385
0.971035
0.467694
0.662361
1.10189
1.5127
0.720299
0.888986
1.5994
0.9835
0.581423
0.827402
1.06256
0.906113
0.89236
1.19066
0.635935
0.765708
0.992029
0.976015
1.16554
1.14583
0.851414
0.764918
0.803347
1.18642
0.678354
1.1707
1.01837
1.10961
1.23086
0.223479
0.629809
1.1316
1.1478
0.937729
1.32735
1.04816
1.86833
1.47745
0.595692
0.644113
0.996519
1.11044
0.841828
0.852278
0.984197
0.616092
1.26995
0.914365
0.643014
0.780042
0.873129
1.30634
1.38166
0.746259
0.861798
0.990449
0.756948
0.712994
0.546894
0.942828
1.44317
1.07726
0.94467
0.784717
1.13958
0.587512
1.39029
0.831307
0.392304
0.797331
0.578975
1.50812
0.895251
0.350521
1.16186
0.696771
0.647977
1.14973
0.864728
1.41563
1.2686
0.471807
0.76776
0.738047
1.338
0.895099
0.896504
0.780219
0.653357
0.923436
0.848333
1.23183
0.672143
0.978851
0.447415
1.01397
1.27918
1.62745
0.739745
0.819584
1.15578
1.44129
0.859145
1.19215
1.23491
0.924721
1.32936
1.08857
0.830893
1.20354
1.18688
1.00781
0.847666
1.0098
0.675275
0.800687
1.9609
1.08242
1.14133
1.59676
1.52016
0.935365
0.856537
1.16135
1.08447
0.679381
0.985456
1.30456
0.696685
0.826331
1.1065
0.76975
0.664563
0.790717
1.15401
0.791477
1.44558
1.56744
0.974108
1.0358
0.483161
1.01384
1.0916
0.750678
0.81415
1.60239
1.02598
0.947511
1.17018
0.722465
0.789523
1.22308
0.472862
1.17907
2.35657
1.49815
1.26764
0.787494
0.730172
1.28338
0.730021
1.3697
1.03177
1.30212
0.778087
1.17909
0.753606
0.705718
0.804749
1.28564
1.139
0.660435
0.703667
0.754143
0.630145
1.26665
0.643717
1.39838
0.869208
1.66536
0.52472
0.646909
0.579681
1.19836
0.523486
1.04451
0.985926
1.10328
1.21676
1.01334
0.638784
1.00472
1.11268
0.906347
1.35947
0.377362
1.31812
0.756077
1.4189
0.846598
1.29623
1.0509
0.698336
1.4345
1.48675
1.02941
1.82926
0.783643
1.18828
1.23179
0.971558
0.903032
2.02461
0.915341
1.46022
0.697143
0.296817
1.12663
0.671594
0.703174
0.801657
1.16671
1.24393
0.976306
0.807011
1.19749
1.06047
1.05097
0.892051
0.712122
0.891476
0.953395
1.62609
1.05998
0.629891
1.70339
0.614593
0.79913
0.880829
1.3049
1.26839
0.898437
0.69721
0.916449
0.960008
0.80527
0.823484
1.14947
1.35066
1.31976
1.14131
0.766746
0.740276
0.934218
1.05076
2.43243
0.795275
1.60225
0.70643
1.27739
1.19124
1.00392
1.10256
1.34138
1.03121
0.508553
0.963997
0.539216
0.97595
1.01366
0.53129
1.09955
1.417
1.34538
0.976329
0.584192
1.23165
1.10248
1.21736
1.38411
1.36658
0.858384
0.977947
1.22706
0.621902
0.96002
1.41908
0.89388
0.855171
1.83838
1.16308
2.00293
1.20556
1.65073
0.988483
1.09914
0.256186
0.903756
0.506575
1.01088
0.850751
1.11086
1.08468
0.689336
0.937146
1.02808
0.669274
0.537724
0.915603
1.27744
0.662937
0.771423
0.858448
0.933957
1.63378
0.991308
1.1087
1.37819
0.925338
1.42073
0.823562
0.658
1.01767
1.23038
0.800956
1.03949
0.422755
1.30949
1.02979
0.881544
1.72081
1.32027
0.923643
0.559469
0.856108
0.755977
0.531185
0.644714
0.572733
0.830681
1.19736
1.0356
0.536434
0.766274
1.53974
1.40734
0.898722
1.20674
1.06952
1.20476
0.587968
0.863146
0.64418
0.921313
0.923601
0.717462
0.988859
1.04841
1.34745
0.779156
1.03931
0.534393
1.07477
1.30721
1.12434
0.584933
0.723433
0.633862
1.5638
1.03622
0.918337
1.02119
0.608194
0.778409
0.926721
0.72064
1.71599
0.925897
1.04024
1.10976
1.03622
0.637702
1.4167
0.767133
1.03769
0.889982
1.5458
1.03031
1.20809
1.1409
1.00626
0.737883
0.751834
0.788763
1.01825
1.35444
0.969015
0.641539
0.973578
0.742805
1.15413
1.46592
0.820368
1.01963
2.30578
0.859508
1.33499
0.563964
1.25202
0.636327
1.14296
1.40084
0.863847
0.886909
0.892433
1.02626
1.19896
1.05212
0.697121
0.872423
1.00532
0.902489
0.954565
0.72244
1.2268
1.38131
1.59036
1.02802
1.07603
0.973039
1.07008
0.58091
0.708544
0.550179
1.15918
1.07695
0.647992
0.902864
0.398092
0.462485
1.21898
0.849167
1.15992
1.02193
1.10223
0.703797
1.1389
0.744862
1.07563
0.440621
0.707062
0.725848
1.45444
0.658507
0.957333
0.829651
1.43219
1.04664
1.04082
1.01472
0.950064
0.709794
1.42142
0.727012
0.80764
0.221999
0.837039
0.664308
1.02867
1.03374
0.496287
0.972035
1.14547
1.11635
0.907361
0.571159
1.21396
0.889248
1.18909
1.46341
0.566012
0.53052
0.953167
1.01067
0.728209
0.6353
0.854781
1.08189
0.87831
0.499641
1.41338
0.914548
0.788116
1.0923
0.783828
0.401072
1.15791
1.44058
1.00289
0.958592
1.07762
1.53085
0.461326
0.615348
0.649019
1.0697
1.1085
1.18459
1.26766
1.53967
1.51586
0.755935
0.784369
1.465
1.04167
0.827206
1.1166
1.02491
1.1096
1.01019
1.69143
0.685727
1.38873
1.20961
1.07994
0.49692
1.05215
0.868143
1.39973
1.56373
1.1453
0.777654
1.21317
1.13431
0.857528
0.715455
0.741337
1.00999
0.581386
1.04198
1.83033
0.914963
1.27756
0.401771
0.819768
1.27942
0.538743
0.919928
0.873158
1.2333
0.896157
1.34852
1.18123
1.04924
1.15127
0.994895
1.54309
0.697963
1.31662
0.898612
1.21176
0.747603
0.849922
0.674863
0.940309
0.981068
0.42723
1.01842
1.35933
0.493526
1.65197
1.20733
1.42678
0.6269
0.681065
0.981977
1.12595
0.459963
0.65818
1.05148
1.50613
1.12094
0.980321
1.44695
1.20885
1.28252
1.16074
1.14126
1.00392
1.05418
1.59604
0.449527
1.06107
0.591348
0.998072
1.16364
0.451021
1.27028
1.1244
1.10291
0.821672
0.621478
0.481946
0.594292
0.565443
1.24034
1.06509
0.985182
1.23237
0.782138
0.776273
0.722669
0.892145
1.11395
0.708481
0.645843
0.864881
0.836402
0.939674
0.727713
1.20089
0.895908
1.17044
1.36164
0.820875
1.47183
0.846156
1.11341
1.04
0.927493
1.24273
1.08554
0.95318
0.947606
0.909747
1.15742
1.0387
0.872098
1.32902
0.923127
1.25927
0.679392
0.759442
1.12134
1.03398
1.00685
1.14021
0.823016
0.66128
0.904312
0.636366
0.775832
0.870722
1.47284
1.26753
1.16925
0.679463
0.854772
0.900926
1.08958
1.13472
1.2242
0.841699
0.85348
1.28648
1.02346
1.03379
1.33629
1.09758
0.721144
1.09789
1.23459
0.910897
0.845794
1.12355
1.09933
2.03225
1.06362
0.914124
0.530041
0.950181
0.770668
0.73829
1.26288
1.33061
0.858051
0.819036
0.799209
1.00928
1.54523
1.15383
0.718457
0.767134
1.13897
0.844072
1.04383
0.648118
1.30006
0.890905
1.53905
0.623197
1.32943
1.09816
0.966997
0.845747
1.36092
1.33705
1.31225
0.479835
0.571702
0.828713
0.909628
1.30143
1.64624
0.317023
0.945562
1.04479
0.534496
1.42582
1.80915
0.872793
1.54938
0.874303
1.01097
1.01301
0.743928
0.979804
0.875018
1.30851
0.830656
1.21722
0.495986
1.06633
0.948491
0.613197
0.801179
1.97729
0.935225
0.481805
1.05116
0.694545
1.31711
1.1962
1.25312
1.48338
1.09667
0.881301
1.24743
0.879433
0.679175
0.634209
1.24318
1.1706
1.64507
0.918768
0.676618
0.475589
0.588899
0.582999
0.724534
1.2349
1.2681
0.497284
0.934013
0.960023
0.552562
1.54992
0.689537
1.24307
0.961576
0.726372
0.92601
1.17518
0.66533
1.16195
0.577914
0.905362
1.11188
0.77069
0.505165
0.597991
1.31942
0.782826
0.883725
0.849084
1.49978
1.13067
1.50527
1.04309
0.576776
0.842471
1.19867
0.926532
0.898068
1.5078
0.576394
1.59245
0.747262
0.985793
0.987298
0.801177
0.969896
0.578491
1.51363
0.634223
0.971052
1.08217
1.79498
1.28806
0.524748
0.934368
0.609089
1.11038
1.27516
0.877758
0.950276
1.32386
0.518526
0.76487
1.13479
1.44568
0.741313
1.12853
0.929211
0.840365
0.516595
0.541985
0.463609
0.806445
1.05581
0.932372
1.78036
1.05114
0.947642
1.50339
1.91386
1.0005
1.22155
1.11471
1.25977
0.842702
1.12682
0.832279
0.801781
0.679688
1.19267
0.87909
0.787646
0.62056
0.844555
0.798813
0.811019
1.5894
1.33659
1.60875
0.676095
1.5141
1.05463
0.829442
1.05274
1.10311
1.41343
0.75455
1.10869
1.18277
1.02228
1.63747
1.35728
1.139
0.861491
2.48215
0.511147
1.37181
0.590985
0.980314
0.965216
0.975141
0.902121
0.946686
1.00281
0.957215
0.923751
0.973682
1.00994
0.91043
1.15436
0.696754
1.12273
0.597168
1.34116
1.74166
1.26966
0.983767
0.592035
0.932057
1.42543
0.631466
1.17353
0.986595
0.919143
1.22083
0.611522
1.16784
1.33348
0.941642
0.714648
1.39538
1.41168
0.807271
1.09924
0.750605
0.541571
1.06306
0.557377
1.06756
0.961055
1.2962
1.58563
0.730162
0.818797
1.78331
1.34127
0.933392
1.03329
1.11492
1.02477
1.18462
1.12301
1.23571
1.47133
0.814088
0.994072
0.864807
1.87077
1.10075
0.834996
0.755055
1.13762
0.828075
0.738933
0.699717
0.908135
0.663886
0.881939
1.04363
0.748231
1.24295
0.795397
0.87225
0.795781
0.680828
0.854212
0.760372
0.911683
0.696181
1.03304
1.5229
1.54135
0.687312
0.980586
0.542212
0.583646
0.990825
0.985395
1.29002
1.32855
0.894045
0.637226
1.32004
1.00748
1.99731
0.671124
0.945477
0.843003
0.842566
0.707123
0.630112
0.840215
0.886462
1.16776
1.25349
0.794771
1.75488
1.6701
1.02689
1.21485
1.02768
0.52403
1.73328
0.591676
0.400953
1.44276
1.14474
0.719128
0.950558
1.13116
0.980928
0.787542
0.823807
0.548679
0.654141
1.48805
0.818124
0.637596
0.632857
1.77761
1.47929
0.947703
1.02099
1.8741
1.18818
0.343584
1.33642
1.78288
1.14849
0.818086
1.05327
0.381676
1.41053
0.862325
0.843842
0.609786
1.30969
0.855207
1.16347
0.842871
0.94755
1.03911
1.39223
0.950851
0.619307
0.746006
1.17095
1.22669
0.488018
0.527058
1.30748
1.15161
0.862843
0.698984
0.981507
0.863743
0.979816
1.19096
0.739784
1.37579
0.923079
0.507772
1.07292
0.97009
1.29438
1.06109
0.775775
0.751019
1.00961
0.912446
1.06819
1.07654
0.86772
1.14446
0.992743
1.51851
1.101
0.775526
0.933275
1.02555
0.808324
0.748399
0.698116
1.0126
0.928605
1.18277
1.16463
0.958589
0.876356
0.979334
0.703672
0.899845
0.652499
0.943942
0.996703
1.39356
1.31236
1.03778
1.09037
0.84186
1.0325
0.527397
0.797618
1.22431
1.26139
0.90998
1.47129
0.96986
0.584638
0.768681
0.765445
0.900194
0.880614
0.962903
0.718747
0.7222
0.571955
1.14372
1.05733
0.800046
1.4929
0.886976
1.05393
0.969739
0.947206
0.895742
1.5264
1.54493
0.949634
1.2555
1.34176
0.688387
0.945117
1.00428
0.969579
0.730179
1.97766
0.734174
0.807089
1.01619
0.925604
0.919279
1.06403
1.30688
0.639166
0.705176
0.3276
1.36668
1.16271
1.0667
0.806898
1.03957
1.25263
1.29366
1.22402
0.558553
1.27243
0.507041
0.898971
0.917016
0.737106
1.12604
0.73053
0.560748
1.40623
0.626092
0.748727
0.841012
0.773452
0.547649
0.972867
0.584531
0.631493
0.595778
0.929174
0.375556
0.697824
0.847268
1.07183
1.48122
0.474541
0.76763
1.19791
1.34418
0.891578
0.678638
1.30096
0.81488
0.600206
0.903676
0.955722
0.468373
0.735628
0.852675
1.48364
2.2165
0.980949
0.803699
0.871722
0.804157
0.515207
0.647056
1.38001
0.792457
1.27778
1.01875
1.09718
1.15069
1.11445
0.687851
1.09041
1.2082
1.69512
1.02056
0.648423
1.56198
1.01011
1.20697
1.04537
1.45694
1.28014
1.3102
0.792106
0.703068
1.08834
0.886117
0.514444
1.40987
1.5381
1.15786
1.1002
0.667606
0.841491
0.999466
0.600418
0.76588
0.689334
0.679767
0.598246
1.19391
1.19312
2.23631
0.498131
1.21544
0.618541
0.700439
0.970223
0.999081
1.02259
0.898974
0.710152
0.842303
0.911926
0.85903
1.09979
1.02201
1.42155
1.80655
0.612019
1.33813
0.764212
0.927699
0.906972
0.879849
0.732591
1.08548
1.17309
0.635629
0.908647
0.887627
1.1655
0.577359
1.06259
1.39399
0.574024
0.589682
0.918763
0.543062
0.646023
0.892951
0.692894
1.1667
0.500505
1.04478
0.668281
0.639201
0.593449
2.00692
1.15487
0.873349
1.05504
1.11018
1.11777
0.770907
0.86147
0.660525
0.765896
1.30315
1.19482
1.42286
1.436
1.06368
1.02297
1.00836
0.831599
1.15287
0.971424
1.25458
1.354
0.695913
1.30499
0.952362
1.00195
1.25006
0.820457
1.08863
0.937653
1.24706
0.799214
0.687245
0.895177
0.866209
0.586105
0.838565
0.845611
1.06252
1.07409
1.49895
1.11923
1.0061
1.59344
0.641107
1.51542
1.60612
0.899865
1.37113
1.35285
0.697804
0.897589
1.26602
1.26157
0.841777
0.567656
0.716721
1.57621
1.14752
0.599501
0.763609
1.1103
0.604647
0.755553
0.907704
1.44943
1.19865
1.61083
0.851661
0.963845
1.7074
1.1322
0.552789
0.81877
1.38534
1.00231
1.15424
1.79422
1.26115
0.953168
0.864101
1.24115
0.876109
0.874732
0.894184
1.54101
1.05405
1.14551
1.48114
0.765068
1.19923
1.45228
1.09636
0.736298
1.43643
0.799643
0.950281
0.985664
1.19053
0.870394
0.827507
1.62626
0.823832
1.03238
0.609345
0.874972
1.67768
0.902129
1.08365
0.519491
1.16034
0.747098
0.659469
0.778696
0.751447
0.698415
0.865803
0.989989
1.14596
0.85757
0.919639
0.553522
1.38973
1.61217
0.421433
1.02076
0.759695
1.7367
1.44209
0.40231
0.487298
0.465152
1.20488
0.560674
0.870166
1.34787
0.741374
1.24092
0.95321
0.321224
0.734895
0.901101
1.43223
1.05143
1.036
1.21132
0.586945
1.70628
1.14507
1.59784
1.18757
1.67563
1.0337
1.02488
0.662687
0.988199
1.07421
0.851862
0.843042
1.20349
1.24595
0.737118
1.02488
0.967744
1.61399
0.51927
0.996803
0.975245
0.899186
0.883802
1.23227
0.853578
1.54465
0.950588
0.708644
1.19624
0.798812
0.838095
0.686863
1.60704
1.13548
0.658262
1.25665
0.948807
0.673306
0.617964
1.14871
0.465
1.35381
1.12302
1.11077
1.26761
0.850931
1.30522
0.679875
1.74208
0.728489
1.0695
0.442696
1.1609
0.747645
0.97563
1.04065
0.740352
0.71547
1.32396
0.903405
1.07682
0.481521
1.64652
1.02946
1.06686
0.972496
0.612206
0.904494
1.51997
0.760694
0.835197
1.51349
1.1935
1.07882
0.999005
0.658503
0.649593
1.4073
0.922038
0.817122
0.71547
1.42416
1.64527
0.866019
0.816788
1.12898
1.28197
0.990484
0.483758
0.575375
0.460668
0.874596
0.92237
1.11792
1.2612
1.56376
1.02639
0.974342
1.01024
1.09297
1.01828
1.29221
1.49015
0.778934
1.06342
1.33826
0.587741
1.05147
0.318281
1.64788
0.448097
0.656811
0.594393
0.500539
1.094
1.33651
0.777576
1.33698
1.31531
0.871761
0.964078
0.780152
0.556831
0.923106
0.977344
0.574927
1.3787
1.52422
1.62829
0.919484
0.433777
1.23437
0.786257
1.51352
1.02092
0.985601
1.45992
0.714837
0.824407
1.60603
1.21997
1.64124
0.896117
0.577273
0.850698
0.994137
1.31741
0.80393
1.13478
0.506235
0.729765
1.08488
0.811135
0.660429
1.49283
1.39572
0.638632
1.12354
1.1003
0.868809
1.00511
0.790095
0.753347
0.50183
1.07722
1.89167
0.830173
1.64594
0.915145
1.12024
1.17375
1.41841
1.15658
1.13777
1.11679
1.08545
1.293
0.986969
0.99564
0.916795
0.440198
1.12663
0.863254
0.804753
0.829229
0.982574
0.527261
1.14287
1.13387
0.742341
0.678995
1.07775
0.991275
0.891714
1.22479
0.966555
1.3786
0.591847
0.801832
0.854707
0.950461
0.809703
1.16554
1.96534
0.933106
1.00613
1.048
0.627255
0.746476
0.404935
1.35343
0.86845
1.43583
1.7938
0.619036
0.892496
1.21121
1.30438
0.91352
0.903382
1.12756
0.981541
0.864132
1.07147
1.22247
0.952993
0.967514
0.620646
0.719102
0.447779
1.16381
1.00854
1.49563
1.17297
1.25932
0.674033
0.858552
0.601124
0.920515
0.55044
0.899651
0.404073
0.69044
1.91595
1.37047
1.02215
0.643541
1.11753
1.16092
0.859894
0.90959
0.624764
1.11955
1.25895
0.806312
0.469259
1.06762
0.723702
1.07165
1.66668
1.08497
0.301228
0.659688
1.03446
0.690235
1.4138
1.19966
1.52563
1.08897
1.04584
1.27541
1.31629
0.957511
1.23324
0.953572
1.36255
0.905756
0.894993
1.23218
0.497607
0.924745
0.658547
0.598848
1.12285
0.683955
1.29234
1.35374
0.580462
0.657384
1.26936
1.3
0.694673
1.44413
1.1117
1.20229
0.792613
1.00334
1.21264
0.830461
0.60214
0.817843
1.26338
0.888478
1.40641
0.947996
1.00177
0.963644
1.03046
0.997277
1.02714
1.23306
0.985684
1.20426
0.559519
1.31376
0.996567
1.15699
1.16198
1.9992
0.92106
1.22173
0.549886
1.82258
1.95355
1.53782
1.85201
0.747302
0.427041
1.18335
1.08843
0.874442
0.724373
0.754304
1.43816
0.556316
0.705361
0.870391
1.34136
0.934336
0.766583
0.94552
0.772512
0.810049
1.83329
0.564463
0.646423
1.54617
1.26981
1.67452
1.10267
0.746042
1.11766
1.03155
1.08815
1.12938
0.845095
0.915441
0.93198
0.794833
1.10106
1.38742
0.872301
0.50242
1.63017
1.37303
0.997613
0.984433
0.498134
0.961062
0.79827
1.01713
1.1445
1.38914
0.4722
0.788188
0.718917
1.16703
0.962576
0.501506
0.767482
1.20874
1.49031
1.06692
0.148644
0.833812
1.71843
0.891769
0.821606
0.883409
1.15706
0.928815
1.12088
0.638406
1.32786
1.12554
0.73398
0.999127
0.807748
0.740045
0.947629
1.78406
0.726099
0.901429
0.66072
0.700866
1.08128
1.2521
1.12843
0.705175
1.37013
1.36616
1.16534
1.13105
0.895917
1.0047
0.922749
0.880516
1.11249
0.875241
0.538681
0.63188
1.17181
1.09077
1.1794
1.06356
0.626759
0.67999
0.773844
1.01777
0.725647
1.28564
0.65948
0.888119
0.541314
0.937541
0.840609
0.769796
0.663324
1.42403
1.09822
0.763635
0.93554
1.33836
0.744862
1.03384
1.06455
1.61631
1.15219
1.24012
0.749224
0.912788
0.61656
1.45267
0.773968
1.07577
0.676904
0.985432
1.0051
0.585529
1.49559
0.546296
1.05634
0.843622
0.933358
0.730387
1.70571
1.30632
1.37725
0.782732
0.9937
0.526362
1.45354
1.45873
0.670545
1.56747
1.03638
0.721222
0.765242
1.29938
1.41671
0.892023
0.735695
1.45118
1.34497
0.73733
1.04144
0.727982
1.22026
0.600631
0.552731
1.82823
1.28716
1.38905
1.18075
0.949226
1.06455
0.471932
0.712689
0.858021
1.03642
1.27892
0.829221
1.66403
0.520716
1.26691
0.965518
0.781731
1.4423
1.56372
1.19103
0.829551
1.15621
1.02291
1.33054
1.0935
1.51583
0.578739
1.14327
1.27423
1.27507
1.0622
0.657281
0.998168
1.12055
1.18676
0.851875
1.19655
0.827954
0.914822
0.979228
0.553829
0.928044
1.56695
1.16269
1.72677
1.42955
1.44603
0.758553
1.27702
0.670863
1.39484
0.644111
0.999178
1.01675
0.997153
1.36603
1.17781
1.11159
0.485935
0.955006
1.24128
0.695645
1.20902
1.55454
1.16929
1.29537
0.48898
1.09643
0.48368
1.36963
1.24527
0.518304
1.00656
1.41797
1.05404
1.80223
0.910422
0.950537
1.07313
1.14996
0.787986
0.434194
1.02717
1.80928
0.806373
0.773829
2.27122
0.946255
0.769908
0.586639
1.15464
1.40132
0.814424
1.13353
0.779224
0.617169
0.516446
0.780647
1.11719
0.800707
1.33706
1.02037
0.421521
1.19108
0.69819
1.2897
0.679865
1.64884
0.843991
0.593956
1.93914
0.909429
1.64483
1.04768
1.05065
0.690968
0.808136
0.641788
0.775269
0.875967
0.686185
0.659247
0.568212
0.921256
1.36159
0.728968
1.06451
1.04328
0.498718
0.935701
0.797149
0.945605
1.74968
1.02633
1.10496
0.938328
0.906149
0.910557
0.999624
1.34988
0.508219
1.26385
0.939073
0.923204
0.616623
0.566598
0.626334
1.01332
1.1361
1.16245
0.46309
0.749933
1.12178
0.624283
0.889642
0.956376
1.57076
0.864769
0.822428
1.69891
0.72356
1.06687
1.16687
1.14813
1.05311
0.618968
1.57184
0.754674
0.502128
1.11954
0.905331
0.874008
1.14362
0.984675
1.32623
1.04118
0.715647
1.02819
0.881636
0.53711
1.23483
1.09106
0.732882
1.20339
0.856215
0.818766
1.12732
1.40151
1.13287
1.11167
0.971447
1.1674
0.637328
0.515423
1.02889
0.912895
0.761259
0.811858
0.80526
0.598434
0.638875
0.989536
0.653662
0.620005
1.64265
1.00742
0.886413
0.948291
0.948948
0.571922
0.816555
1.05379
1.85477
0.751076
0.860053
1.25584
1.61253
0.580291
1.49288
0.813805
1.42862
0.981828
1.09236
1.03428
1.77441
0.963446
0.997826
0.55928
0.787912
0.929288
0.709707
1.20977
1.20216
1.21346
1.37846
0.860603
1.22278
1.3313
0.965036
0.465162
0.700267
0.675257
1.13561
1.34019
1.03818
0.57835
1.20808
1.03621
0.831083
1.38456
0.50554
1.00783
1.14219
1.17136
1.45578
0.86332
0.881914
0.554494
0.738268
0.284886
1.25939
0.906972
1.19537
0.938949
1.26032
0.879679
1.03333
1.02904
0.809238
1.70788
0.893165
1.16114
1.08718
1.12885
0.984997
0.559989
0.55107
1.76114
0.770295
0.973502
0.765979
0.662515
0.705726
1.52675
0.979144
1.14554
0.635252
1.52479
0.712188
1.24944
1.31853
0.950585
0.840793
0.674701
1.25516
0.941316
1.12741
0.756356
0.982864
1.45727
1.0599
0.969473
1.13984
1.35252
0.743245
1.30147
1.24106
0.78586
0.866179
1.35233
0.687254
0.856803
0.774911
1.25114
0.41226
1.20267
1.09277
1.29753
1.31626
0.504805
1.00495
0.7948
1.02623
1.6274
1.15594
0.807724
0.667212
0.750095
0.64111
0.63093
1.6169
1.03022
1.57488
1.54661
1.02611
1.34565
0.924022
1.72608
0.697653
0.882925
0.949328
0.621799
1.44409
1.39631
1.32593
1.24396
0.853367
1.66448
0.724173
1.13224
1.12438
1.00897
0.723757
1.34498
0.822415
0.677493
0.77803
1.03318
1.10419
0.480929
1.15309
1.21218
1.57842
1.00439
1.19904
0.441286
1.25585
0.834199
0.669068
1.01151
1.159
0.632745
1.60996
0.525263
0.341913
1.12058
1.1264
1.03156
2.10677
0.850727
0.83435
0.640432
1.06752
1.35438
0.993658
1.36692
1.41027
0.943507
1.46385
1.07964
0.802069
1.07928
0.538533
0.967897
0.811338
1.07735
0.752241
0.749737
1.1697
1.15535
0.770256
0.937897
0.620339
0.945035
0.542337
1.46803
0.623641
0.832973
1.09037
0.646613
0.79763
1.19236
1.00739
1.24434
0.907074
1.1566
0.50911
1.71798
0.76141
1.29433
0.804592
1.07035
0.455482
1.21156
0.600358
1.3082
0.563323
0.888217
0.615259
0.880603
0.628855
0.408318
0.817137
1.33856
0.73474
0.817018
0.513585
0.856271
1.18536
0.836766
0.650127
1.32069
0.469141
1.36499
0.560945
1.09377
1.15091
1.24834
0.964567
0.754365
1.45739
1.20636
1.20368
1.05976
0.758368
0.992306
1.34429
0.75571
0.671362
0.763624
0.424675
0.601988
0.656813
1.38128
0.774885
0.857284
1.28902
1.69935
1.38825
0.704069
0.509086
1.19379
1.32947
1.19107
0.694574
0.568027
0.998888
1.82454
0.616207
1.52175
1.00986
1.04855
0.840995
1.12971
1.06493
1.32195
0.382116
1.20848
0.842162
0.835259
1.396
1.15538
0.689196
0.625085
1.62217
1.04505
1.02798
1.26092
0.866352
1.47922
0.911886
0.917261
0.846362
1.37792
1.35311
1.26733
1.48277
0.733873
1.03634
0.576218
0.884259
0.89498
0.421092
1.09085
1.75621
0.932343
1.24381
0.85615
0.597911
1.33637
0.737229
0.461316
0.978741
0.631895
0.979543
1.12597
0.769746
0.887368
0.656455
0.909256
1.61721
0.841102
0.788285
0.572154
1.10635
1.248
0.774694
1.18815
0.904712
0.789174
0.924987
0.733213
0.715269
0.852575
0.551748
1.69367
1.15079
0.579256
0.962338
0.875093
1.08807
1.13307
1.38512
0.995903
0.921219
0.712793
0.542764
1.4413
0.850086
1.16777
0.855392
0.977649
0.344246
0.906857
1.1645
0.871624
0.896644
1.61297
0.549805
0.714167
0.910676
0.852553
0.869395
0.83342
1.21815
0.964739
0.792303
1.33562
0.660085
1.22163
1.06037
0.961407
0.844974
1.09455
0.948498
0.594853
0.695268
2.29594
1.25449
1.20273
0.887266
1.27241
1.55534
0.963012
0.673666
1.13987
0.948055
1.33719
0.941418
0.873741
1.22658
0.530106
1.13324
0.354155
0.532875
1.01863
0.651939
1.2718
1.20211
0.948116
1.30862
1.14399
1.17531
0.963783
0.670987
1.74247
1.07537
0.758049
1.27887
1.74387
0.761295
0.859457
0.377609
1.86832
1.0533
0.660653
0.73462
1.04987
1.58282
0.615766
0.973502
1.51667
0.765598
0.669258
0.772335
1.41139
1.51111
1.0154
1.94273
0.759015
0.510928
0.833462
0.621126
0.986684
0.979297
0.693858
1.31054
1.60066
1.49427
1.18247
1.79226
1.5544
1.30599
0.947968
1.37252
0.854696
1.24463
0.970949
0.921293
0.783907
1.14755
0.923056
0.74454
1.94856
0.846373
0.734441
1.29552
0.763198
1.30326
1.02653
0.60228
1.41774
0.971392
0.670818
0.574882
1.36649
1.10627
1.78242
1.00566
0.722472
1.13685
1.69486
0.682571
0.925506
1.03955
1.01741
0.645426
1.10024
1.11154
0.744417
0.466744
1.14535
1.02342
0.947497
1.1141
1.08219
1.29571
1.18388
0.680274
0.994027
0.61484
0.415653
1.27492
0.833423
0.719477
0.752205
1.40394
1.16127
0.721765
0.772378
0.864729
1.19068
1.0447
1.25354
1.39168
1.09251
0.868213
1.262
1.21322
1.14862
1.14651
0.536696
0.950743
1.00867
0.731642
0.821298
1.34414
1.71944
0.627702
0.835924
0.284656
1.20061
1.0973
0.719309
0.756322
1.73212
1.26161
0.771435
0.918411
0.755363
1.44658
1.17774
0.834992
0.834986
1.31774
0.527007
1.28674
0.520685
0.837816
1.26169
1.48514
1.01699
1.53601
0.7548
0.601082
0.503029
1.35501
1.28524
1.30248
0.721154
0.569868
1.04775
0.896124
1.66043
1.18064
0.595183
0.862529
0.989349
1.06461
1.13094
0.823839
1.43019
1.31758
0.631549
1.11499
0.925482
0.811199
0.659565
0.668478
1.04199
1.03555
1.09769
1.11539
1.06597
1.33561
0.545529
1.35407
0.713954
1.0011
0.618443
1.39679
1.25327
0.738635
0.72485
0.725787
0.81606
0.944625
0.93115
0.879013
0.989872
1.27873
1.35443
1.1986
0.738503
0.634445
1.32134
0.97202
0.929061
1.14407
1.09146
1.10794
0.957452
1.05247
0.539277
0.998619
0.742201
1.02427
0.924607
0.924291
1.34617
1.05196
1.41795
0.914169
0.929561
0.623498
0.932819
1.05226
1.35242
1.37175
0.725584
0.893937
1.3
0.991652
0.859716
1.2326
1.01974
1.19262
0.39514
0.662887
1.20607
1.20812
0.602135
1.03874
0.657549
0.459232
0.940986
1.55414
0.792648
0.927427
1.12814
0.681119
0.686256
0.675938
1.07955
1.21214
1.74027
0.796092
1.10122
0.891836
1.22728
0.703979
1.33922
0.563444
1.46503
0.646897
1.30493
0.635786
1.3266
0.554214
0.592638
1.20615
1.25211
0.899394
0.723206
0.958876
1.11577
1.51729
1.25249
0.894629
0.66559
0.70671
1.00196
0.83144
1.29673
1.10234
0.979234
0.961127
1.29
0.999416
0.590295
1.06202
1.28214
1.25967
1.07944
0.608961
2.06112
0.730433
1.28013
0.592574
1.35376
0.642168
1.15802
0.795742
0.673842
1.24932
1.10416
1.33592
1.11832
1.62572
0.765766
0.803876
0.887296
1.03877
1.19211
0.905471
1.23881
0.986051
0.80618
0.784986
0.787628
1.14907
0.879771
1.71059
0.712809
0.566508
0.652638
1.04375
1.07294
0.551032
0.77158
0.678839
1.3378
0.795848
0.797606
0.553808
0.813015
1.34452
0.557671
0.749664
1.06217
0.788488
0.663021
1.00821
0.747993
0.907821
1.49832
0.604568
0.66179
0.999448
1.11389
1.13999
0.5856
1.22614
0.78222
1.03594
1.11133
1.29996
0.731652
0.644723
0.964331
0.992128
1.07704
1.0266
0.972278
0.907618
1.35921
1.40204
0.703351
1.55544
0.964691
1.16423
1.36923
1.29715
1.40123
1.39055
0.588075
0.688978
1.0116
1.27794
0.957929
1.10897
1.59087
0.751868
0.89144
0.852197
1.46656
1.02848
1.25791
0.415283
1.04038
0.9961
0.788396
1.09826
0.873689
1.45561
0.772364
0.939232
0.634629
1.15803
0.79519
0.823671
1.02379
1.3391
0.778191
0.969378
1.19246
0.746921
1.12376
0.950886
1.20349
0.986253
1.26052
0.937308
1.24702
1.64129
1.74595
0.866771
0.6143
0.612886
1.37186
0.929271
1.81721
0.942322
0.822911
0.86974
0.834446
1.62029
0.921235
1.21187
1.02999
1.04392
1.56362
1.24361
1.38434
1.44889
0.70107
1.17135
1.38325
0.746127
1.1404
1.72809
0.603861
0.882375
0.904215
1.11345
0.751066
1.01548
0.755358
0.630594
0.724184
1.00652
0.919216
0.950714
0.973885
0.895019
0.68199
1.53078
0.883163
0.972084
0.868745
0.872809
1.32271
1.58953
1.22108
0.687597
1.01928
1.13673
0.852996
1.5095
1.15694
1.35924
1.19349
1.45907
1.11394
0.877525
0.842945
1.23405
1.56153
1.08107
0.847857
0.814122
1.2816
0.938827
1.41872
0.998058
0.650597
1.22527
0.968016
1.13531
0.621797
1.03095
1.0762
0.821073
1.03702
0.845776
0.804524
0.771733
0.66315
0.722197
0.818478
1.21415
1.93193
1.56019
1.0611
1.23765
1.2397
1.44888
1.24509
0.699738
0.864365
1.2499
1.02982
1.19989
1.12231
1.09994
1.24065
0.844799
1.15764
0.865396
1.14836
1.05414
1.09546
0.807699
1.29258
0.65039
0.720465
0.782424
0.765969
0.960479
0.82124
1.25767
0.995039
0.702727
1.14263
0.929895
1.37147
0.754653
0.466883
0.751403
0.886085
0.924194
0.679484
0.892173
0.626919
1.31817
1.04934
1.14231
0.770983
1.00899
1.33926
1.00741
0.959836
1.94001
0.936254
0.910719
1.03651
1.26995
0.886692
0.818021
0.681545
1.50617
0.865433
0.422401
1.08625
1.26764
1.38127
0.826397
1.08247
0.905519
1.19221
1.39971
1.56292
1.13121
0.917714
0.80015
0.883083
0.942908
1.10928
0.776179
0.996115
0.892611
0.522677
0.770582
1.05824
1.20816
1.40118
1.49366
1.3812
0.556511
0.750676
0.536655
0.644202
0.88673
0.992465
1.11584
1.28929
1.07169
0.757363
1.23004
1.12286
0.643208
1.03014
0.835596
0.933964
0.98774
1.0176
0.644936
0.872503
0.846511
1.33556
1.61128
0.977165
1.39879
0.671699
1.05969
0.937412
1.56998
0.947432
0.723286
1.58803
0.839878
0.574936
0.676669
0.703205
1.3471
1.27422
2.03244
0.792625
0.924931
1.74288
0.930966
1.38359
0.899962
1.27682
0.645141
1.14102
0.838211
1.15349
0.883663
1.52897
0.538449
0.453044
0.813795
0.932913
1.58326
0.749301
0.995432
1.52981
1.55235
0.800554
0.818205
0.740445
0.626572
1.4853
1.38736
1.00251
1.15204
1.38769
1.435
1.19669
0.962525
1.01179
0.645098
0.748822
0.876759
1.63911
1.08139
1.14546
1.2142
0.859291
0.633494
0.893531
1.04322
1.13766
0.539793
0.581748
0.796714
1.22215
0.68009
1.16982
0.734973
1.00983
1.48289
1.23644
0.874927
1.08802
0.863073
1.23497
0.613707
1.24648
1.19968
1.37942
0.707636
0.894939
0.786628
0.815954
0.527131
1.18175
0.944614
1.17543
1.59588
0.874172
1.27963
1.34318
1.35409
1.22486
0.897712
0.775362
0.744077
0.967505
0.917052
0.569391
1.5904
0.522794
1.22528
1.14283
0.594688
1.34059
0.866122
0.841902
1.21921
0.873371
1.38539
0.847995
0.751806
0.784144
0.696158
0.884789
1.12311
0.551382
0.776333
1.10647
0.513486
1.33378
0.676514
0.749417
0.932938
0.795446
1.78917
1.18811
0.447057
0.959772
1.32073
0.695845
0.732135
0.614911
0.82336
0.888543
0.726174
1.0093
0.766226
0.679934
1.37894
0.555287
0.709848
1.62726
0.483909
1.12706
0.526077
0.697344
0.97076
0.981834
0.788988
1.40265
0.740578
0.925469
0.764582
0.866519
1.3033
1.06631
1.08791
1.05523
1.3858
1.00102
0.98715
1.21126
1.56714
0.5746
0.991223
0.828122
0.79638
0.629838
0.716836
0.687869
1.64364
1.48755
1.07076
1.457
0.847225
0.919553
1.08012
0.648914
1.61437
0.671854
0.90515
1.45666
0.866356
0.649893
1.5893
1.51169
1.29902
0.966866
1.36669
0.755276
0.324082
0.842856
0.77695
0.778922
1.0098
1.02721
1.10165
0.964159
0.787258
1.1954
0.77146
1.08246
1.65176
0.999319
1.37266
0.963959
1.00934
1.31955
1.03627
0.730235
0.554608
0.555412
1.07946
0.923835
0.68762
1.17028
1.33809
1.40373
1.17803
0.897407
0.785133
1.15538
0.674536
0.957191
0.520986
1.3233
0.841955
1.00804
1.47484
0.887189
1.32141
1.27518
0.722825
2.14152
1.2867
0.757089
0.933027
0.637021
1.45749
1.14612
0.976449
1.21504
0.781772
0.674105
0.621363
1.09555
0.449289
1.36807
0.667697
0.371987
0.555403
0.793427
1.03118
0.756101
0.59782
0.990886
1.46212
1.02554
0.687623
0.958132
0.710662
0.667352
0.623238
0.816884
1.04273
0.740636
0.792451
1.44572
1.19208
1.50414
0.668138
0.388352
0.856947
2.31471
1.04226
1.05633
0.98958
0.793539
1.01954
1.23681
0.94768
0.995998
1.11126
1.58722
0.689194
0.854641
1.08427
0.945686
0.811524
1.12492
1.35154
1.06284
0.569212
0.979588
1.08765
0.664919
1.02148
1.1618
0.787288
0.661346
0.913665
0.855945
0.787672
0.683852
0.740095
1.09443
0.528097
0.966799
0.665255
0.844341
0.607003
1.94784
1.04306
0.574781
0.907356
0.544933
0.814934
1.37933
0.955863
0.920374
1.56394
1.23051
1.32193
1.0407
1.30165
0.640305
0.894949
1.56439
1.08212
0.86907
1.17297
1.75237
1.0123
0.977031
0.965013
1.27387
1.73558
0.637724
1.36175
0.977125
1.11387
1.47374
1.07838
1.08875
0.925104
0.899428
0.949123
1.12987
0.627391
1.07467
0.666238
0.900166
0.80469
1.66633
1.1839
1.03249
1.22654
1.06881
0.592182
1.05115
0.949602
1.33044
1.16955
1.11108
1.10877
0.97902
1.49547
0.940792
1.40837
0.960475
1.64863
1.06792
0.902163
1.29611
0.530708
0.926204
1.54479
0.848495
0.893598
0.468825
0.912799
1.42167
1.47189
0.987021
1.13945
1.07865
0.945321
0.878921
0.997945
1.08705
0.890668
0.712863
1.71024
0.965423
1.29892
0.873113
1.40708
0.891071
1.01913
0.550822
0.983737
1.32169
0.590287
0.895348
0.892545
0.541
0.746932
0.840011
1.42731
1.51882
0.957043
1.06901
1.65233
0.62902
0.850511
1.1906
1.17487
1.03636
1.01146
0.848958
1.0563
1.28688
1.28239
1.79916
1.84338
0.950691
1.19194
1.18573
1.08122
0.839183
0.598342
0.840705
1.84903
0.658865
0.831773
0.869649
0.866005
0.7542
0.697106
0.756455
0.737318
0.441947
0.794254
1.30054
2.5082
1.18799
0.805178
1.20158
1.26096
1.17802
0.790271
1.00704
2.0986
1.42409
1.0121
1.23489
0.442388
1.00498
0.860813
0.613282
0.622611
0.927434
0.785099
0.769515
0.907272
1.65687
0.969631
1.30809
0.696458
1.07585
0.901176
0.540929
1.02576
0.799422
1.78967
0.377635
1.04324
1.40836
1.07636
0.898981
1.53446
1.32117
1.28179
0.604059
0.670588
0.749772
1.47941
0.382489
0.655809
0.922507
1.00298
1.01157
1.56777
1.09176
0.969865
0.544471
1.6365
1.3718
0.888404
1.08546
0.767105
0.651345
1.05115
0.646005
0.585567
1.1311
1.35955
0.910981
0.977511
0.672267
1.37738
0.95741
0.842979
1.09982
0.795582
1.31925
1.12432
1.05454
1.13281
1.03801
0.349717
1.24701
1.11496
1.63249
1.31306
0.947056
1.78024
1.35988
0.731461
0.623911
1.51406
1.59762
1.16062
1.48886
1.35049
0.467144
1.2895
0.825863
0.716145
1.19102
0.735415
0.746112
0.673374
1.0022
1.14897
0.83408
0.837464
0.46165
1.01666
1.08363
0.92633
1.91995
0.85234
1.09535
1.14459
0.995825
0.978183
0.592211
0.422276
1.00949
1.47093
1.13624
1.10407
0.503403
0.851003
0.733422
0.711979
1.18761
1.1798
1.09222
0.862963
0.527126
0.444175
0.925159
1.70526
0.611819
0.919898
2.11975
1.01436
1.74063
1.04089
1.0023
1.31143
0.971803
1.00458
0.969362
0.939039
0.574124
0.865284
0.633611
0.533687
1.35958
1.35617
0.768573
0.818108
1.14626
0.709787
1.07348
1.2624
0.639481
1.22172
0.66728
0.914565
0.578416
0.967313
0.711105
1.11112
0.749284
0.838809
1.16441
0.73543
0.696072
0.708185
1.58489
1.36283
1.35937
0.633688
0.652572
0.951644
1.13117
1.27671
0.797054
0.425123
1.1293
0.925426
1.20327
0.83921
1.04075
0.872161
1.26914
1.34053
0.544108
0.702661
0.971542
0.846234
0.798567
1.336
0.909859
0.379241
0.80119
0.823624
1.08471
0.853938
1.45376
0.584543
0.894369
1.46836
0.688634
0.747894
1.61032
1.01515
1.25606
1.28671
0.699294
1.23072
1.20673
0.781015
1.42812
1.10261
0.954391
0.818351
1.06946
1.48894
0.853688
0.608279
1.3387
0.937922
1.00447
0.626879
0.991706
1.27976
1.11859
0.975778
0.93922
0.766289
1.23188
1.09662
0.947425
0.417329
1.31072
0.699886
0.87942
1.00266
0.78616
1.79691
1.27067
2.24514
1.24267
0.649318
0.961086
0.840311
1.92053
0.858984
1.20665
1.40398
0.986211
1.11969
1.08558
0.954333
0.82012
0.622051
0.792332
1.04746
1.20189
0.656333
1.40036
1.24253
1.40934
0.9557
0.653887
0.790861
0.440702
1.10988
1.43395
1.01898
0.810513
0.652293
0.808761
0.906544
1.00194
0.887044
0.707578
1.02017
0.92416
0.689706
1.07348
1.81331
1.36427
0.966693
0.688673
1.16686
1.46451
1.51604
0.829801
0.779166
0.900682
1.40349
0.713051
0.6062
0.748582
1.15445
0.47522
0.767785
0.964213
0.472568
0.963855
1.18714
1.00141
1.06564
0.909443
0.627446
1.09991
0.85005
0.851938
0.966493
1.24819
0.932877
1.52949
0.948249
0.887035
0.901371
0.468629
0.735033
0.920192
0.671804
1.06884
0.74074
1.66151
2.33294
1.3008
0.560445
1.12511
1.49668
0.784829
0.838048
1.16219
0.954791
1.37059
0.602544
0.648431
0.918158
0.91628
1.05173
0.871354
0.437844
0.858502
0.968378
0.955611
1.0973
0.411406
1.041
0.947144
0.795568
1.42164
0.850278
0.72675
1.55457
1.19814
1.07386
1.12383
0.848522
0.997175
0.796122
0.854479
0.741898
1.0241
0.955548
1.68214
0.799474
0.998665
1.34878
0.605035
0.462793
0.808606
1.11764
0.797715
1.2167
0.925277
0.897799
1.3001
0.68156
0.877265
1.61628
1.24061
1.34124
0.475352
0.947986
1.69717
0.66991
1.03453
1.03528
0.91046
0.847678
1.16701
0.685763
1.24894
1.01229
1.25984
0.897092
0.874843
0.578549
1.10291
1.40121
1.13329
1.01039
0.947529
1.22233
0.900311
0.955938
1.09992
1.1685
0.827478
0.985049
0.820273
0.762622
0.829703
0.792775
0.826744
0.580039
0.952649
1.69305
0.78475
0.769288
1.40365
0.867757
1.08497
1.3209
1.33897
1.37197
1.35767
1.03274
1.13649
0.628091
0.619217
1.53841
0.701014
1.43853
1.20435
1.17821
1.07938
0.753375
1.10688
0.492321
0.860796
0.995978
1.20199
1.15658
1.1997
1.3944
0.817549
0.513766
0.745078
0.919147
1.28608
1.47472
1.02955
1.27124
0.713842
1.04807
1.30765
0.595817
1.15557
0.899684
0.520934
0.810413
1.09329
1.06654
1.31534
0.874313
0.682818
0.818705
1.24071
1.32131
0.623374
0.974508
1.25968
1.58697
1.24714
1.34616
0.910632
1.23645
0.645998
0.639423
1.03338
0.889423
0.741237
0.954366
0.91558
1.24298
0.977771
1.21776
0.717696
0.71181
0.826111
2.2555
0.787958
0.325776
0.852594
0.511319
1.34924
0.407962
1.33698
1.425
1.46628
0.79785
0.476677
0.573019
1.24651
1.13172
0.613618
0.95162
1.36939
0.787298
1.59537
1.36125
0.917735
0.988547
0.793831
1.25033
0.786775
0.793114
1.6883
0.502886
1.25606
0.779793
1.60494
1.07832
1.54425
0.843567
0.44693
1.24633
1.4653
0.695569
0.626024
1.18186
1.11489
1.25322
0.57903
1.02272
0.920494
1.20691
0.904508
1.17294
0.716615
0.655566
0.615798
1.06424
0.756292
0.824318
1.10051
1.4355
1.15846
0.96955
1.07857
0.937455
1.26272
0.898967
0.738208
0.741679
0.670276
0.879216
1.34591
1.30065
0.807564
1.18034
1.11472
0.716653
1.2969
1.13708
0.742872
0.555655
0.762595
1.23993
1.21169
1.01995
1.06155
0.698249
1.06481
0.566963
2.06164
0.73079
0.987998
0.994462
0.721773
0.706158
1.15653
1.06339
0.564489
0.946227
0.655673
0.858058
0.732546
0.482901
0.606385
0.867449
1.43535
1.29301
1.31407
0.708657
0.635558
0.907292
1.38955
1.41229
0.829253
1.34631
0.614629
0.599741
1.55624
1.21814
0.710182
1.00976
0.650496
0.733627
1.34153
1.43951
0.982158
1.05133
1.21989
1.11623
0.67395
0.92086
0.581614
0.921552
0.689082
0.749203
0.82382
1.93291
0.579304
0.669203
1.17939
0.542673
1.32068
0.690218
0.752079
0.971279
0.516943
0.865715
0.958852
0.740096
1.08551
0.406783
1.08035
0.877668
0.660013
0.906853
0.930567
1.05581
0.956881
1.29957
0.889422
0.756302
1.07793
0.887783
0.741899
0.973085
0.930068
1.89715
1.38143
0.623159
1.63709
0.698434
0.514085
1.08293
0.729179
1.24999
1.2162
1.08817
0.893825
1.25964
1.11231
0.780727
1.16756
1.12462
1.13687
1.07213
1.40403
1.36785
1.4294
1.01197
1.77475
0.622735
0.94856
0.779737
0.893848
1.2476
1.04344
0.903201
1.06408
1.00269
0.809587
0.667192
1.12385
1.6221
0.667972
0.577154
0.920423
0.990154
0.911204
1.25685
1.34579
1.04368
1.26614
0.924176
0.75217
0.774051
1.41148
0.775967
1.40897
0.797708
1.34186
0.660917
0.909688
1.53666
1.49083
1.14941
0.781828
0.911779
0.982303
1.27811
1.32558
1.02531
1.09588
1.62774
1.33075
0.595653
0.591363
1.30894
0.857103
1.32875
0.343402
0.93963
0.656293
1.12887
1.17973
0.642855
0.960135
0.684877
1.25243
0.603604
1.00852
0.568875
0.925844
0.494741
1.12734
0.364362
0.749223
1.60612
1.17817
0.796916
1.15327
0.524875
0.925215
0.656706
0.33186
0.692624
1.5235
0.964151
1.38982
0.576553
0.741173
0.79014
1.03843
1.20376
0.607145
1.07002
1.67052
0.754089
1.24004
0.615784
0.935626
0.720856
0.803472
1.30616
0.947312
1.1531
0.578681
0.922443
1.29369
0.446257
0.951793
0.795202
0.441284
1.10329
1.06235
0.852578
1.13548
1.27108
0.596441
0.893518
0.506491
1.16722
0.945462
0.484752
0.730482
0.956792
0.837384
0.888625
0.997262
1.07584
1.3136
0.678834
0.874718
1.05294
1.19437
1.4987
0.587259
0.830898
1.11371
0.850594
0.951673
0.512059
0.965106
1.07802
1.08799
1.03685
0.582078
1.44653
1.22732
0.986156
1.4723
0.797567
1.59467
1.23125
0.751063
1.23584
0.478284
0.789987
0.70341
1.11651
1.06185
0.863228
0.950961
0.828761
0.71094
0.74713
1.35213
0.56291
0.913377
1.30537
0.76099
0.800396
1.50927
0.902558
1.04173
1.80672
1.04281
0.966198
0.636386
0.89414
0.801322
0.857376
0.533022
0.772071
0.81329
0.985519
0.910137
0.674939
0.888363
0.725256
1.02447
0.530983
0.762918
0.82922
0.915719
1.00087
0.286477
1.75681
0.588403
2.16369
0.64744
0.764823
0.636563
0.576767
0.982882
0.685921
0.927231
1.76909
1.08961
1.63895
1.05617
1.85287
0.789413
0.52141
1.02686
0.691645
0.764249
1.38006
1.13612
1.29904
0.995603
1.12306
1.30242
1.11404
1.10207
1.00592
0.913071
0.679982
1.46422
1.71287
0.928517
0.916315
1.16282
2.00005
0.658014
0.364092
0.866865
0.85435
0.928556
1.54099
0.986375
0.680457
0.609311
1.03545
1.7537
1.10649
1.14028
0.985508
0.743871
0.764211
0.863015
0.868108
1.12836
1.17898
0.455448
1.12067
0.940079
0.968238
1.0487
1.42694
0.549135
1.144
1.47467
1.62722
0.807181
1.32489
0.907021
0.576491
1.17175
0.959327
0.623474
0.580838
1.0113
0.872294
0.551465
0.948017
0.683414
1.2805
1.38273
1.19483
0.650303
1.03108
1.05915
1.2182
0.758653
1.44138
1.25786
1.09069
0.955536
0.616727
1.24704
1.41177
1.0733
0.729607
1.30275
1.42589
0.938524
1.01015
0.854805
0.499629
0.992262
1.03427
1.17276
0.933758
0.666288
0.85861
0.632834
0.773645
0.864348
0.922733
1.33313
1.71257
0.491372
1.19909
1.50987
0.999126
1.1706
1.33727
0.748935
0.658812
1.76326
1.21315
0.933926
0.993461
1.01798
0.755321
1.1002
0.730455
1.21134
0.776334
0.947194
0.548215
1.08233
0.575107
1.01099
0.929593
0.855814
1.63122
0.960349
1.45073
0.636778
1.07695
1.24179
0.925954
0.876723
0.702987
0.980388
1.24647
1.08822
0.929403
1.12066
1.09949
0.558369
0.831648
0.749644
1.27838
0.962929
0.758269
0.805591
0.614001
1.30931
1.50911
0.633267
0.96516
1.19708
1.00718
1.72611
1.79682
0.823681
1.579
1.12475
1.03469
0.315326
1.17943
0.828411
1.14315
1.33895
0.719713
1.50447
1.14754
1.31374
0.842711
0.710097
0.737564
1.01249
0.52277
1.08839
1.16394
1.08191
1.12616
1.45824
0.880286
0.784291
0.507671
0.818903
0.77605
0.637843
1.40837
0.792619
0.573923
0.990855
1.06949
0.819759
0.748499
1.07139
1.06009
0.621007
1.00617
1.0343
1.13871
0.351062
1.14626
1.02621
0.398202
0.875892
0.710275
0.731217
1.14248
0.822939
0.524964
1.14398
0.732632
0.471884
1.17429
0.777763
0.871213
1.48096
1.06917
0.86859
1.00871
0.935988
0.728675
1.20338
1.21473
0.902857
0.757109
0.752032
1.56242
0.869552
0.785069
0.938826
1.00575
1.14173
1.18847
1.29874
1.49266
0.903471
0.833626
1.44692
1.40618
1.3024
0.886148
1.03863
1.05586
0.955942
1.50065
1.20323
0.622803
0.909613
0.877431
0.622272
0.721141
0.90634
1.33952
1.06171
0.862187
1.08058
0.603987
1.46091
1.53361
1.86073
1.26545
1.02588
1.49246
1.16491
1.47753
0.920447
0.820195
1.44734
0.783305
0.835364
1.51379
0.598856
0.860458
1.3355
1.39293
1.69143
0.96739
1.37329
1.21982
1.26213
1.17163
1.09166
0.869187
0.973484
1.11437
1.17025
1.04491
0.950557
0.944246
1.54795
1.20801
0.6718
0.951394
0.78833
1.22758
0.830354
0.649673
0.538611
1.11035
0.765629
0.908395
0.644253
0.946524
0.795971
0.820782
1.41673
0.54782
1.22816
1.24615
1.11209
1.18043
1.44746
1.0275
1.15542
0.650802
0.918775
0.602761
1.04907
0.88317
1.26875
1.11037
0.824501
0.996986
1.63908
1.6617
0.994288
1.5195
0.933239
1.21547
1.48896
1.16179
0.504033
0.470971
1.16719
1.81883
0.778032
0.843248
1.18471
1.05826
0.686291
0.519904
0.74938
1.15864
1.11004
0.496475
0.498123
0.748292
0.69273
1.2204
0.947019
1.12882
1.12808
0.690213
0.643581
0.600719
0.923442
0.884029
0.537325
0.573118
1.20492
1.00696
0.981059
1.0858
1.91826
1.03583
0.974209
1.10736
1.00937
0.747339
0.912337
0.82502
1.06124
0.844073
0.777627
0.936252
1.18993
1.16048
0.439954
0.864302
1.26836
0.828934
0.697813
1.32208
0.770857
1.10705
1.22205
0.721153
0.520257
0.952181
1.00214
0.976121
0.420049
1.32888
0.644888
0.850924
0.58706
1.08211
0.790889
1.02774
0.77921
1.42671
1.38915
0.829803
0.716894
1.70078
1.22673
0.644546
0.938505
1.31872
1.22796
0.784425
1.10568
0.77041
0.983376
1.24062
0.494692
0.883911
1.09437
0.828561
1.30766
0.671061
0.914128
1.13044
1.25187
0.90094
0.674206
0.841823
1.05579
0.914223
0.670491
1.51921
0.850506
0.574789
1.27422
1.04317
0.720913
0.872897
0.946531
1.26068
0.926668
1.02537
1.02458
1.22216
0.641711
1.39359
0.826621
1.27159
0.847463
1.03051
1.34427
1.40153
0.979113
0.84492
1.18063
0.883307
0.62271
1.10869
1.075
1.10425
0.501291
1.15213
1.32788
1.2431
0.481244
1.19824
0.769083
1.31048
0.802398
1.26776
1.96252
0.703421
0.785797
0.847724
0.913691
0.906944
0.85703
1.27353
1.64171
1.17994
0.942026
0.964291
1.35536
0.606619
0.923411
1.76329
1.32672
0.86708
0.890372
1.14443
1.07646
0.68018
0.926005
0.673943
0.789525
0.718317
0.534688
1.24944
1.14065
0.917453
0.794462
1.00471
0.456231
1.55982
1.24243
1.03075
1.26643
0.911215
1.53076
1.26137
0.940817
1.15461
1.23396
0.877852
1.06632
1.06489
0.843388
1.18143
0.731319
1.01758
0.806809
0.768696
1.07752
0.724661
1.31527
0.894598
1.00812
0.444725
1.00972
0.717317
0.842263
0.760117
1.53411
0.700591
0.878549
1.29029
0.427277
0.923435
1.47334
0.938801
1.30226
0.773071
1.08659
0.953108
1.19453
0.891083
1.08293
0.651978
0.991989
1.65121
0.896162
1.12558
1.3452
0.739256
0.729848
1.46843
0.453495
0.906794
0.822684
1.10116
1.32537
0.967663
0.447243
1.14407
0.620125
0.91286
0.966781
0.839003
0.769689
0.892515
0.896937
0.774792
1.22565
0.612353
1.31231
0.861307
0.957081
0.703629
0.738318
0.821092
1.07044
0.62029
1.08311
0.953373
1.21671
1.00193
1.21242
1.00223
0.954732
0.549969
1.07192
0.886888
1.3968
0.69393
1.21701
1.6119
1.38834
1.49435
1.47073
0.933046
1.19403
0.959677
0.379236
0.952642
0.570103
1.57704
1.04071
1.08311
1.79515
0.592616
1.43971
0.807414
0.807255
0.849717
1.09975
0.836845
0.576314
0.477425
1.60506
1.62473
0.984984
0.708504
0.966952
0.764205
0.69103
1.22374
1.01725
0.862318
1.06706
1.00833
0.911869
1.10058
0.663841
1.16402
1.00985
0.575685
0.752284
1.4858
0.794063
1.43327
1.11541
0.873636
0.778422
1.0683
0.552734
1.48247
0.644887
0.572639
0.831241
0.565732
1.22371
0.780108
1.23486
1.27117
0.61719
0.858871
0.871708
1.18415
1.1048
0.574168
0.800904
0.951721
0.684234
0.81473
0.905921
1.04185
1.00214
0.951154
0.858603
0.913201
1.08286
1.21468
1.14714
1.13271
0.554988
0.940175
0.553857
0.858769
1.25947
1.28192
0.771322
1.05236
1.21207
1.81836
0.862349
1.12926
0.875792
0.744739
0.650384
0.538789
1.22575
0.754846
1.04438
0.77383
0.542137
1.78521
0.68503
0.985054
1.07962
0.801143
1.16682
1.21215
0.768902
0.567522
1.25761
0.990229
0.918805
1.06166
0.683595
1.36592
0.747447
1.37092
1.51135
0.976108
1.51503
0.833724
0.468518
0.926152
0.480003
0.630187
1.01143
1.38691
1.20728
0.976743
1.04803
0.905715
1.52008
0.953467
0.633303
0.717407
1.27978
0.974817
1.12678
1.1398
1.18906
0.812811
0.462397
1.87289
0.973388
0.605839
0.975522
0.553509
0.816589
1.46102
1.27398
1.32598
1.07702
0.477368
1.02925
0.254085
0.786665
1.26615
0.84872
1.25296
0.882615
0.759339
1.00719
1.18448
1.29686
1.13555
1.5804
0.640681
0.884345
0.715687
1.35499
0.476688
1.39226
1.14203
0.837784
1.49882
1.41757
0.865609
0.908803
1.21637
0.805954
0.758354
1.22829
1.42915
1.17877
1.47488
1.07205
0.787219
0.951678
1.21475
0.68014
0.712577
1.11527
1.67374
0.741008
0.445671
0.677048
0.848207
0.76382
0.558318
0.960475
0.8494
1.21316
0.43482
1.19094
0.958805
0.734954
0.522405
0.693235
0.624381
0.887676
1.64456
1.1243
0.96284
0.917542
1.0099
0.995895
1.05271
1.22301
1.22579
0.976149
0.811483
0.96004
0.918751
0.73206
1.78968
1.42703
0.585472
1.23682
1.01856
0.62884
0.546645
1.13511
0.984517
1.45809
0.801205
1.07627
1.4785
0.808773
0.980448
1.24871
1.599
0.895183
1.30729
0.486565
0.906868
0.734215
0.911682
1.46285
1.15218
0.853584
0.952579
0.785642
0.827193
1.16193
1.83847
0.637923
0.831704
1.425
1.00521
0.947456
0.79164
1.18769
1.02957
1.1016
0.63099
0.800724
0.762435
0.89197
0.744147
0.884978
0.938973
1.12922
1.01536
2.35715
0.853751
0.958799
1.41634
0.814235
0.876838
1.05625
0.80804
0.794997
0.986191
1.22118
1.07517
1.37737
0.92908
0.985442
0.746303
0.986272
1.13743
0.802808
0.585493
1.02001
0.886324
1.11833
0.574477
1.01757
0.769352
0.9062
0.612176
1.52963
1.29736
0.883578
0.708024
1.41292
0.815836
0.621267
0.988127
1.33182
1.26189
1.02195
1.00408
1.20252
0.964979
1.07711
1.05504
0.908766
0.861072
0.611787
1.44623
1.45304
1.3852
0.589759
0.486855
1.10354
0.827317
0.900243
1.30649
0.896916
0.672791
1.15656
0.74439
0.982551
0.840322
1.12147
0.443913
0.840834
0.470114
0.647293
1.01325
0.981675
1.52163
1.05734
1.27868
0.560444
1.17388
0.622814
1.36615
1.83036
1.48898
1.06626
1.10696
0.95702
0.823406
1.78694
0.806549
1.01339
0.842364
1.5629
1.79698
0.65305
2.68009
0.866988
0.472466
0.636182
1.03721
0.965464
0.57282
0.811701
0.855484
1.55718
0.958332
0.582114
0.563611
0.917207
1.39599
1.57581
1.21287
0.822914
1.00843
1.00165
0.883336
1.00076
0.925036
1.10321
0.879955
0.770779
1.61751
1.59358
0.978484
1.0824
0.65801
0.824563
1.37747
0.853476
1.09255
1.27783
0.465903
1.20682
1.69212
1.2982
0.931362
0.621696
0.941277
0.633689
1.31082
0.718701
1.5765
0.81505
0.982904
0.920952
1.29367
1.27688
1.20252
0.507217
1.11728
1.10409
0.944124
1.3139
1.42833
1.05526
1.5386
0.809341
1.46384
1.15474
0.803112
0.537708
0.805356
0.899347
1.14333
1.19646
0.790278
1.25135
2.10947
0.596968
0.549821
1.54519
0.921503
1.23225
0.725321
1.25309
1.09792
0.843167
0.496541
0.913418
1.16834
0.837471
1.2744
0.982699
0.925829
1.15688
1.07153
0.983364
1.38027
0.657056
0.907885
0.958755
1.03138
1.24364
1.50051
0.742479
0.913214
1.12541
1.45545
1.17889
0.595851
1.33878
0.666043
1.18868
0.907372
0.960988
1.13219
1.10777
1.04327
0.894706
1.09394
0.520599
0.960572
0.414006
0.77087
0.665175
0.847544
0.929494
0.624553
0.745896
0.744147
0.836144
0.56141
0.570521
1.13925
0.706805
1.09067
1.09116
1.07845
0.861599
0.843908
1.17203
0.798533
1.65224
1.14256
1.0253
1.01121
0.841646
1.73358
1.56468
0.770928
0.734267
0.69555
0.761187
0.540986
1.23496
0.993623
0.735867
0.638162
1.24638
0.785033
0.749427
0.900405
1.06399
1.28195
1.52824
0.903105
0.747825
1.05701
0.859264
0.484238
0.81015
0.92242
0.54781
0.712077
0.499396
0.598255
1.42494
1.90134
1.03426
1.23099
0.900206
1.22951
1.83638
0.69855
0.627412
1.54758
0.647357
0.932041
1.05171
0.729677
1.35645
1.50732
0.945703
1.19259
0.627501
0.751689
1.10932
1.7613
0.535035
1.70261
1.18789
1.09271
0.5921
1.10001
1.304
1.7237
1.81835
1.03923
0.781642
1.23014
1.53146
1.48061
0.687419
1.03501
0.83056
0.996876
1.28547
0.535003
1.09221
2.50123
0.741003
0.519732
0.945308
1.06896
0.848036
0.826298
0.975004
0.748662
1.21469
0.771091
1.22348
0.643014
0.659254
1.56357
0.828395
1.05715
0.899889
0.827678
1.01681
1.0804
0.888256
1.20021
2.128
1.0421
1.16708
1.14242
0.932767
1.02696
0.886203
0.822582
1.34123
0.93759
0.846609
1.60994
0.628248
0.701778
1.72193
1.10767
1.44564
0.491746
0.918615
1.29085
0.640186
1.33359
1.27859
1.11155
1.38131
0.476023
1.24293
0.862386
0.820442
1.37622
1.05813
1.21914
0.626674
0.727671
1.13604
0.936031
0.69341
0.938422
0.633349
0.466303
1.12012
0.720562
0.756316
0.81578
0.927103
0.552764
0.843868
1.16252
1.04725
1.33558
0.583089
0.822532
1.55522
0.829628
1.0236
1.0424
1.55867
1.24508
0.996748
1.05208
0.99808
1.0891
1.25665
0.801159
1.35306
1.05012
1.05199
1.07335
1.61664
0.817043
0.721667
0.862411
1.25136
0.981295
1.49465
0.729082
1.03585
0.821945
1.67854
0.65576
0.465989
1.60594
0.766338
0.91976
0.764846
0.818796
0.96766
1.17121
1.35213
0.711772
0.392206
0.988171
0.908769
1.57454
1.13401
0.9978
0.732425
0.924563
0.978933
0.865734
0.73525
1.10361
1.32759
1.35304
1.11031
1.072
1.1009
1.03767
0.674208
0.358907
1.47628
0.784523
1.05494
0.535975
0.935035
0.596752
0.953156
1.54241
1.43961
0.618712
1.54369
0.427872
1.21587
1.71711
0.83014
1.69028
0.718933
1.49914
0.979861
0.602036
0.534261
1.20478
1.24755
0.800175
0.820312
1.15728
1.08708
0.741504
1.70482
1.49942
0.555923
0.851479
1.13896
1.15981
1.5849
1.1712
1.19652
0.771644
0.722892
1.2191
1.64891
0.822442
0.971661
0.550112
1.59261
1.0816
1.17739
0.716471
0.904165
1.04033
0.890509
1.01511
1.22586
1.05759
2.38725
0.982966
1.72342
0.779114
0.939666
1.1709
0.625358
1.03598
0.728273
1.03107
1.17072
1.24795
0.635644
1.24286
0.877733
1.00807
0.746089
0.647055
0.909571
0.757561
1.36188
0.606074
1.13579
0.602672
1.47302
1.02915
1.14557
1.17155
1.14796
0.682899
1.36022
0.664609
0.851243
1.08121
0.753594
1.34488
0.876382
1.35243
0.716847
0.78456
0.69
1.42815
1.35622
0.800971
1.12043
1.01544
0.878786
1.04438
0.700963
0.870683
1.13284
0.990305
0.603433
0.788756
0.551399
0.818141
1.03937
1.03304
1.31954
0.894169
1.4334
1.7536
1.38486
0.735587
0.594593
1.12407
0.731847
0.993962
1.1676
0.816771
1.01939
1.0238
0.747061
1.24318
1.19578
0.565281
1.0711
0.776827
0.702939
1.23395
0.856359
1.06045
1.00171
1.49824
1.54183
0.800994
1.39969
1.15592
1.08576
0.818857
1.25754
0.609375
0.89874
1.07859
0.670896
0.438789
1.06213
1.09293
0.629923
0.631967
1.29802
0.755062
0.704373
0.746873
1.3142
0.817152
0.450081
0.711076
1.17173
1.11603
0.773069
0.85385
0.62911
1.09189
1.24878
0.932759
0.596399
0.997111
1.46964
1.14713
0.919893
0.556454
1.82638
1.02971
0.883935
1.25902
1.0029
1.09719
1.01601
1.03661
0.931257
1.09742
0.458536
0.835755
1.58126
0.606323
1.13417
0.706033
1.01921
1.04282
0.979072
0.83474
1.71439
1.5468
0.593526
0.940919
0.678047
0.496121
0.594444
1.11984
1.01298
1.80212
1.28702
1.4288
1.22898
1.53549
0.880421
1.0234
0.534434
1.60008
0.975259
1.37839
0.930828
0.654991
0.944752
1.00275
0.539842
1.01814
0.92221
1.09985
1.81105
0.672782
1.09117
0.33573
0.755355
0.41888
1.04448
1.0203
1.0978
1.29745
0.849581
1.27188
1.05768
1.22185
1.23157
1.48548
1.31504
1.43601
0.62634
0.913014
0.58274
0.633827
0.613222
1.45735
1.08303
0.918154
1.32032
0.577196
1.76887
0.763031
0.81697
1.14964
0.7442
0.774514
0.823375
1.39426
0.672271
1.57268
1.08612
1.36713
1.05292
1.20073
0.75266
1.36578
0.869813
1.73163
0.859235
0.717495
0.819797
0.857742
1.11213
0.826998
0.836338
1.342
0.410138
1.34846
1.21968
1.01241
0.848982
1.24755
1.10378
1.35399
2.51204
1.28297
1.07166
0.50934
1.36531
1.14657
0.956881
0.890986
1.37264
1.0542
0.80827
0.678453
0.843684
1.28085
1.86977
1.4694
0.476514
0.714698
1.13386
1.05626
0.936376
0.589832
1.2348
0.555512
1.33209
0.887155
0.73034
1.61998
1.31143
1.11643
1.03337
0.741923
0.85397
0.708659
0.740236
1.05544
1.08312
0.497491
0.881552
1.04706
1.41055
0.909873
1.36951
1.56531
0.762951
1.01381
0.759065
1.03489
0.92206
0.776827
1.09417
1.01935
0.702234
1.04915
0.538645
1.16092
0.656698
0.634146
0.463359
0.744076
0.864384
0.789133
0.801064
1.15305
0.389139
0.952836
1.4288
1.39205
1.17603
1.16015
0.840624
0.652124
1.7535
0.901859
0.942545
0.974991
0.74843
1.15635
1.14497
0.867536
0.664035
0.733443
1.37423
1.29793
1.01043
0.972246
1.46494
1.39161
0.934336
1.00587
0.673595
0.705086
1.25487
0.660486
1.01081
0.627889
1.84926
0.629477
1.448
0.703083
0.926622
0.976732
1.34648
1.04637
1.12324
0.576873
1.77261
0.783549
0.922265
0.950859
1.0067
0.730549
1.28693
0.882649
0.96459
0.998309
0.643512
0.566381
0.871102
1.15012
1.1877
1.08616
1.0769
1.06337
0.922132
1.6799
1.25724
1.79317
0.647672
0.822466
0.709639
0.811827
0.746396
1.01047
1.10689
0.576312
1.16409
0.76196
0.855732
0.920961
0.7034
1.08041
0.552841
1.21339
0.726498
0.709414
0.782533
0.548163
1.02981
1.15939
0.666151
0.947391
0.623585
0.931524
0.780216
0.648548
0.672949
1.37437
0.961717
1.01418
0.610981
0.960706
1.19722
0.871899
0.753437
1.42382
1.16613
1.32214
0.438166
1.0671
0.833948
1.01197
1.47282
1.1283
0.858917
1.27368
1.25316
0.919148
0.430471
0.782235
1.11183
0.977169
0.697772
0.951723
0.632197
0.916146
0.702678
0.622462
0.873827
1.29865
0.884144
0.883041
1.02726
0.721708
1.14229
0.635441
0.475357
1.29276
1.59898
1.6743
1.20536
1.02949
1.02667
0.992884
1.25518
0.784018
1.45244
0.716612
1.14102
0.77325
0.9736
0.85642
0.90585
1.23025
0.216056
1.41687
0.721583
0.840982
0.990749
1.41764
1.03426
0.99538
1.31584
0.816491
1.35291
0.902399
0.944189
0.616879
0.959299
0.926575
0.884902
1.25109
1.13347
1.13312
1.20845
0.793702
1.04463
0.835713
1.56484
0.661007
0.473344
1.44219
1.38035
0.719993
0.792469
1.2577
0.751588
0.791071
0.658609
1.00209
0.989961
1.19054
1.08242
0.5168
1.35991
1.11983
1.80608
1.05127
1.18245
1.50536
0.677549
1.29475
0.565215
0.582545
1.36785
0.753082
1.1908
1.12111
0.893715
1.1268
1.16686
1.35016
0.856002
1.40346
1.42941
1.11661
1.28154
0.897356
0.935529
0.852206
1.28409
0.684892
1.37363
0.815681
0.91301
1.26158
0.946653
0.770755
1.01138
1.59109
1.29012
0.800202
0.943231
1.51835
1.85765
0.722668
1.33337
1.27809
1.12493
0.784079
0.755592
0.659167
1.4121
0.641663
0.548369
0.644982
0.927136
1.12428
0.979672
1.27425
1.29118
1.14438
0.727551
1.45055
0.80906
0.861721
0.643854
0.493509
1.50602
0.848536
1.1882
0.760016
0.773007
1.10123
0.8593
1.80933
1.22086
0.676843
1.35013
1.36282
1.39656
1.09205
0.932069
0.683338
0.759101
1.67247
1.01888
1.70319
1.18749
0.888328
0.793517
0.758577
0.810936
1.21255
0.821218
1.92138
0.711919
0.874886
1.05317
1.04042
1.67828
0.944382
0.740885
1.09314
0.995275
0.873363
1.41835
1.03744
0.658514
0.638717
0.914003
0.966864
0.716578
1.02881
1.13075
0.751247
1.00418
1.08343
0.696611
0.786883
1.1096
0.663628
0.478433
0.656855
0.663352
1.18812
1.11993
0.638521
1.01116
0.690671
0.955584
0.775768
0.61438
1.12094
0.781371
0.822819
1.10434
1.02945
0.869753
0.761012
0.756439
0.966581
1.03952
0.800852
1.0625
0.730871
0.514051
0.334204
0.666219
0.777999
0.946114
0.819029
1.08388
0.85155
0.767943
0.754621
1.35822
0.841633
0.687737
0.62337
0.54229
0.905071
1.18121
1.20283
1.53693
1.83806
1.25187
0.960421
1.74267
0.976257
1.10582
1.16271
0.996789
0.720954
1.36985
0.599272
1.14188
0.373789
0.696562
1.13985
1.03416
0.926777
0.696035
0.822984
0.493196
1.03033
1.12765
0.954776
1.11757
1.40136
1.27099
1.17646
1.302
1.28915
0.921468
1.21063
0.947898
0.913042
2.1259
0.831146
0.949741
0.765935
0.575607
0.851246
0.885664
1.29922
0.738919
1.61056
0.983452
1.35103
1.20332
1.36843
0.568358
0.753134
0.625264
0.969116
1.71846
0.684353
0.713718
0.715006
1.33759
0.545111
0.93923
0.969104
0.967613
0.712451
0.677678
1.13381
1.1725
0.777462
0.920759
1.02736
1.59464
0.821529
0.754269
0.589555
0.887472
1.415
1.05268
0.705467
1.20644
0.694182
0.689491
1.09651
0.676228
0.910204
0.987835
0.765589
1.29877
1.24538
0.798191
0.876878
0.785939
0.920652
1.3004
0.92533
0.683046
0.906051
0.63484
0.489995
0.878255
0.776446
0.707876
0.900561
0.658952
1.17618
1.46542
1.27776
1.09191
0.816532
0.977679
1.11133
0.95482
1.47582
1.28776
1.59885
1.46205
0.38117
0.759269
1.2107
0.65404
1.09738
0.795517
0.535714
0.871752
0.804952
1.47512
1.41733
1.05931
1.09285
0.816775
0.550473
0.59215
0.663568
1.20372
1.05486
1.14349
1.12892
1.39688
0.918046
0.839178
1.97062
0.622449
1.20494
1.15399
0.856571
1.09248
1.17831
1.05927
0.813082
1.0442
0.537645
1.24492
1.40731
0.777395
0.842938
1.13588
0.800291
0.39459
1.11913
1.22082
1.0629
0.427485
1.07348
0.922941
1.25304
1.39564
0.956023
0.954938
0.892073
0.659358
1.03163
1.02728
0.972951
0.982491
0.569845
1.12413
1.20039
0.939143
0.54162
1.07195
0.670151
0.828654
0.82493
0.81599
1.5622
0.93363
1.4199
0.464751
0.980378
0.815615
2.03535
0.853761
1.21152
1.14372
0.923037
1.05783
1.5086
0.983872
0.525694
0.996016
0.888736
0.686545
0.700883
0.4553
0.38081
0.518275
1.36366
0.837645
0.977858
0.882348
1.17595
0.676259
1.31045
0.695935
0.78512
1.21534
1.48219
0.469803
0.83187
0.944255
0.817159
0.517542
0.782467
1.11142
0.982602
1.43721
0.9193
1.18646
0.916205
1.21567
0.840563
0.754399
1.23637
0.781206
1.27523
0.493906
0.854116
1.38239
0.523284
1.13498
0.874117
0.405664
1.50354
1.14689
1.17553
0.920247
1.12594
1.09923
0.977164
1.23337
0.711714
1.19921
0.619439
0.877219
1.21043
1.11797
0.819762
0.895944
0.910376
2.01597
1.02459
1.54299
0.744443
1.18918
1.28231
0.826252
1.53117
1.15235
0.940711
0.589935
0.521199
1.29568
1.38622
0.290657
1.17794
0.783754
1.2727
0.685511
0.803836
0.978514
1.10622
1.37672
0.787082
0.909789
0.75312
0.736598
1.12706
0.757859
1.25355
1.28375
1.07367
1.34852
1.77452
0.478033
1.28097
1.02755
0.993445
0.848796
0.976369
0.772959
0.775229
1.21515
0.796402
1.39141
2.04713
0.798284
0.836962
0.772264
0.820388
0.422431
0.764614
0.57432
1.08529
1.09597
1.17549
1.09976
1.12122
0.800727
1.15083
2.07013
0.6875
0.987987
0.856686
0.596148
1.0024
1.12748
0.72795
1.04158
0.738087
0.699061
0.885222
1.45586
0.824626
1.72067
0.987116
0.948403
1.6923
0.888624
1.09926
0.747588
0.683907
0.771882
0.750409
0.846306
0.880624
0.971116
1.27822
0.693079
1.35935
0.943449
1.37949
1.11678
1.64595
0.909138
0.611255
0.647996
1.04713
1.08182
0.429657
0.629844
0.695382
0.600076
1.91642
1.00115
0.768891
0.998921
0.706875
0.758908
1.33465
1.08573
0.654377
1.55274
1.39132
1.38993
1.07594
0.603666
1.06198
1.0584
0.786672
0.92907
1.18049
1.36907
0.895377
0.927405
0.927046
0.92551
0.760822
2.20589
0.926439
1.48522
0.709348
0.688936
0.713114
0.816717
0.953099
0.59601
0.962161
0.869166
0.768422
0.72533
0.8184
0.694658
1.13041
0.943027
1.33179
0.718896
1.51779
0.837313
1.17102
1.09866
1.1235
0.404741
1.04027
1.35613
1.02201
0.769581
0.931017
0.728028
0.862103
1.53025
0.792737
1.51299
1.27951
0.67892
0.858449
1.01762
0.838355
0.648751
0.778408
0.975175
1.18988
1.32772
0.858636
1.11026
0.818976
1.05918
0.920184
1.2412
0.718542
1.10499
1.10477
0.872047
0.642959
0.678235
1.07554
0.664502
1.50219
1.55067
1.3408
0.809707
0.950933
1.3267
1.50053
1.05649
1.02593
1.67109
1.45306
0.546527
1.82379
0.651011
0.824171
1.0379
1.19176
0.55752
1.83081
0.747408
0.910387
1.21428
0.745517
0.895266
0.555245
1.04291
0.674415
0.66981
1.59841
1.50855
1.10242
1.24878
0.721845
1.19176
0.787914
0.82081
0.78529
0.592877
0.733952
0.842015
0.705216
0.808223
1.49517
0.683856
0.765908
0.571077
0.630658
1.19663
0.472651
1.52815
1.32528
0.995334
1.4094
0.603885
0.918442
0.670681
0.369007
0.653223
0.879868
1.15007
1.19882
0.869426
0.584636
1.59045
0.527655
0.664633
0.714928
0.769573
1.18123
0.72305
1.17663
1.0001
0.586833
0.762179
1.28097
1.22043
0.830136
0.950488
0.809925
0.722758
0.693189
0.716386
0.951331
2.10642
1.19398
1.28493
0.961935
1.49827
0.734588
0.529811
0.526979
1.18447
0.407114
0.958738
1.07893
1.17922
0.528465
1.42701
0.891673
0.73252
0.745373
1.26831
1.00295
0.921098
0.958233
1.55025
1.17103
0.460957
0.819019
0.673275
0.649194
0.569925
0.816239
0.56213
0.785292
0.707633
1.18762
0.949861
0.565909
1.17543
1.37749
1.16617
0.729825
0.957649
1.41688
1.33725
1.45638
0.722338
1.18235
1.89213
0.798615
0.681973
0.850335
0.983307
1.33207
0.721355
1.74651
0.885053
0.730666
1.48602
0.503465
1.13345
0.884603
1.20619
0.673744
0.816893
1.06934
1.452
0.95119
0.411152
1.10711
0.755418
0.933882
0.617515
0.744517
1.11406
0.929059
1.17852
1.3975
1.35716
0.869173
0.926329
0.926693
0.874914
0.86683
0.429083
0.706413
0.969232
1.02895
1.12604
0.369023
0.909223
1.07663
0.593459
0.888806
1.37572
0.864586
1.28184
1.04285
1.24657
0.634838
0.657514
0.898518
0.923878
0.889489
0.529236
0.423607
0.959218
1.04005
0.60879
0.745126
0.883986
0.93124
0.576714
0.977262
1.1345
1.08681
0.873159
0.537131
0.746559
0.941316
0.855188
0.457943
1.37046
0.824674
0.944302
0.930207
0.965575
0.958312
1.02093
1.5089
1.12801
0.687738
1.08363
1.03466
1.09417
0.833057
0.761601
1.27261
0.744119
0.590192
0.632457
1.67933
0.989501
1.07718
1.07863
0.94923
0.502352
1.65804
0.779519
0.73127
1.00959
0.645758
0.857548
1.18135
0.725028
0.999041
0.535363
0.847912
0.755617
1.46152
1.39044
0.683097
0.733306
1.25536
0.753582
1.07639
0.874109
1.80719
0.344038
0.749349
1.08853
0.364046
1.39981
0.584825
1.69367
0.85893
0.524975
1.23004
0.591068
1.58315
0.818817
1.76982
0.613345
0.821444
1.25829
0.722832
1.16473
0.938099
0.674088
0.994771
0.597525
0.718875
1.33215
0.682445
1.00176
2.17088
0.914836
1.09659
1.21517
0.856435
1.02433
0.987064
1.43947
1.15161
0.490236
0.738469
0.929278
0.763673
1.31878
1.2395
1.04416
1.36028
1.09862
1.05136
0.922329
0.627725
0.99862
1.05342
1.15428
0.522927
0.661782
0.736774
0.919218
0.439454
1.29615
1.46004
0.833154
0.76318
1.08344
1.00949
1.1156
1.77236
1.05422
0.89136
0.772971
1.27844
1.39702
1.36075
1.05428
0.746399
0.648197
1.10904
0.638641
0.828374
0.625451
0.797105
0.987183
0.833367
0.799821
1.06136
0.734783
0.816376
1.00019
0.61892
0.660134
0.774961
1.21935
1.72396
1.64168
0.5374
0.895963
0.998515
1.05522
0.463951
0.787804
0.903015
0.752687
0.577233
0.773361
0.770149
0.769137
0.973962
1.2381
1.06687
1.20623
1.50659
1.35773
0.590406
0.916489
0.756754
1.58443
1.24009
1.05541
1.33119
1.03584
1.19673
1.06794
1.36111
0.732946
1.41927
1.07531
1.14179
0.436893
0.701323
1.38966
1.81762
1.31516
0.755333
0.589892
1.08005
0.526939
1.02319
1.22919
0.661332
1.1397
1.1605
1.42827
0.776389
0.645781
1.43913
0.752071
1.32797
0.782999
1.38083
0.84731
0.948133
0.91048
0.633074
1.09835
1.30507
0.613767
0.901193
0.870558
0.893983
0.788278
0.351164
0.768059
1.52201
0.993712
0.903341
1.01564
1.03718
1.18509
0.91133
1.06542
0.358476
0.941022
0.840059
0.857222
0.869455
0.440345
0.704778
0.585071
0.645396
0.838001
1.42369
0.886748
0.536231
0.923022
1.36348
0.763339
0.651753
0.809749
1.53777
0.912292
0.787276
0.756054
1.40955
0.930172
0.952555
1.35305
1.20167
0.986677
0.935391
0.649175
0.621482
0.839505
0.546839
0.680403
1.39525
1.40881
1.1932
0.696811
1.69815
1.53644
1.1382
0.615596
1.10091
0.868411
1.43567
1.42651
1.09248
1.20864
1.26982
0.600014
0.695476
0.837913
0.870472
0.653682
1.25902
0.501429
2.0175
0.802916
1.02953
0.976734
0.559378
0.966975
1.23667
1.25691
1.12424
0.880899
0.662491
1.56705
0.87826
1.34576
0.753298
1.08989
0.927719
0.887921
0.878821
1.14504
1.1725
0.782815
0.988893
0.79578
0.681042
1.20474
1.25613
0.771988
0.848665
1.32237
0.826262
0.645642
1.25249
0.979506
0.530951
0.527469
0.638908
0.479405
1.33844
0.83326
1.13351
0.75288
1.14631
0.942604
0.634889
0.691757
1.24773
1.19425
1.00392
0.973385
0.691234
0.697454
1.03285
0.877009
0.961358
0.786869
1.20451
1.44458
0.645928
1.00892
0.595476
0.776629
0.88432
0.840184
1.11624
1.54283
1.0983
0.845531
0.40107
1.05047
1.1799
0.581627
0.443246
0.942085
1.35013
0.920284
1.21033
1.1119
0.806815
0.918378
0.737371
1.32278
0.805435
1.10059
1.27466
0.976514
0.785793
1.01488
0.78425
0.993977
1.4231
1.26124
0.605834
0.569596
1.22191
1.17995
0.753983
1.01311
0.79126
0.961923
0.994279
1.43096
0.762598
1.19986
1.23921
0.945079
1.26515
1.48098
0.784968
1.03548
0.927056
0.949103
0.753614
1.08961
0.919471
0.711891
0.467782
0.84103
0.962318
0.815487
1.04933
1.09392
1.18843
1.42668
1.5979
1.08301
1.05488
0.861168
1.05634
0.841793
0.961365
0.845407
0.766543
0.647548
1.00706
1.26945
0.989401
0.706075
0.353364
0.53088
0.857145
0.436983
1.07577
1.1893
1.30476
0.93313
0.894694
0.770547
0.733896
1.11571
0.774906
0.968248
1.1009
0.803293
1.16555
0.821061
1.48904
1.27571
0.526074
1.07999
1.11036
1.12896
0.791022
0.97906
1.34036
1.10488
1.57348
0.627489
1.20107
0.908944
1.09926
0.945203
1.0762
0.443947
1.56122
0.843464
1.05965
0.588368
0.885102
0.702616
0.897182
1.17609
1.44306
0.613376
0.705561
0.942411
1.13485
1.20575
1.07498
1.32871
0.535503
0.886381
0.794694
1.12998
0.669315
0.410608
1.40845
1.41542
1.07293
0.602866
1.08412
1.38738
1.1426
1.05043
1.14147
1.37577
0.543121
0.966924
1.48651
1.08258
1.39745
0.723139
0.661255
0.71049
0.72499
1.40143
1.48719
1.01496
0.70599
1.07913
0.905781
0.588659
1.00929
2.04376
1.56229
1.46615
1.50701
0.568011
0.984142
1.46462
1.78527
1.25019
2.30659
1.03746
0.767004
0.898901
0.802478
1.34236
0.950126
1.14701
0.484376
0.799903
0.66445
0.985897
0.93845
1.11972
0.838332
0.791413
0.907809
1.13923
1.33441
1.11001
1.25793
1.52254
0.874928
0.707086
0.472388
0.788834
0.940844
1.20743
1.14694
0.660691
0.78149
1.29831
1.11897
1.2873
0.564232
1.14702
0.407313
0.901763
0.68575
1.12597
1.15586
1.04301
0.803977
1.54385
1.13361
0.290294
1.21144
0.961994
0.730591
0.650818
0.813983
0.728286
1.20358
0.869876
1.5665
1.17797
1.18795
1.28026
1.74001
0.610092
1.38858
0.752678
1.31767
0.895938
0.615438
1.17256
1.03254
0.529987
1.19119
0.494776
1.34942
0.970632
1.30634
1.03276
1.20881
1.15018
0.634309
0.84422
0.976585
0.664982
0.674708
0.931198
1.19461
1.06392
1.07872
1.11268
1.04088
1.76987
1.32721
0.795694
1.48792
0.966164
1.04961
1.12249
0.971836
1.26027
0.59725
0.825525
0.695526
0.341746
1.72946
0.915233
0.87203
1.20975
0.483737
1.09449
1.04529
0.918353
1.30406
1.35233
0.64815
1.17835
0.925928
0.889804
0.731128
0.990726
1.07317
1.3248
1.75457
0.913768
0.627998
1.16502
0.69973
0.880518
0.994413
1.6996
0.736126
0.558114
0.978661
0.500305
1.22395
1.05666
1.07697
0.750203
1.00115
0.849432
1.28553
0.75172
1.12904
0.447008
0.783145
0.383789
1.24823
0.852828
1.62597
1.43775
1.48916
1.44273
0.966194
1.17393
0.707981
1.31634
0.919345
0.751437
0.473128
0.577721
1.66656
0.627462
0.901272
0.922898
1.7999
1.42094
1.19938
0.947569
1.0449
0.674394
0.657669
0.839858
0.742154
1.19837
0.907822
1.18958
1.95235
1.34299
1.08668
0.790533
0.704645
1.06645
1.05848
1.30571
1.464
1.59164
0.766063
1.13027
1.10263
1.23796
1.51354
1.11499
1.10388
0.85265
0.836883
0.886298
0.796439
0.77979
1.24314
1.02761
0.551775
0.863946
0.82046
0.852903
1.79884
0.935904
1.26082
1.5166
1.49251
1.69008
0.867518
0.822729
1.3055
1.22177
0.888959
0.466168
0.925631
0.950196
0.996615
1.05993
0.697128
0.996833
0.736516
1.63616
1.21719
0.994553
0.833024
1.39929
0.928879
0.79956
1.36118
0.835809
1.0943
1.17293
1.33815
0.905964
1.35567
1.30863
0.72001
1.1162
0.84841
0.560671
1.99118
0.357692
0.981979
0.333775
0.903301
0.694845
0.820814
0.82603
1.03428
1.39079
0.832463
0.395453
1.38426
0.75107
1.01252
0.751567
1.23315
0.935088
0.795802
1.63169
0.985238
0.545763
0.433874
2.14117
0.977941
1.24402
1.00633
0.683878
0.849681
1.35102
1.56694
1.46529
1.43281
0.618359
0.823128
0.396805
0.539071
0.903311
1.66381
0.407947
1.36064
0.963293
0.758711
0.999246
0.931362
0.927696
0.440262
1.14982
0.825807
0.706602
0.805661
0.773828
0.781918
0.584948
0.85202
1.19856
1.04019
0.864338
1.05972
1.0414
1.0152
0.642342
0.605825
0.661177
0.497814
0.588722
0.934986
1.15053
0.788449
0.702485
1.15678
1.08319
0.620117
0.704877
0.630592
2.74966
0.624407
0.580292
0.705422
1.33116
1.3477
1.24674
1.01382
0.527039
1.31705
0.657978
0.761273
1.64505
1.24682
0.930753
0.962808
0.819907
0.900823
1.02263
1.03085
0.622162
0.988647
1.22804
0.991607
0.98479
1.28619
0.910771
0.879386
0.688571
0.641701
1.01893
0.574948
0.871251
1.04886
0.899041
0.622895
0.97816
1.14952
0.912895
1.03296
0.504513
0.342258
0.685508
0.752381
1.10866
0.860836
0.890523
1.30794
0.79646
0.650112
1.08011
0.832369
1.11406
1.57108
0.669224
0.449828
0.947348
1.19171
1.01824
1.17463
1.12006
0.729767
1.35524
1.34165
1.11824
0.946769
0.732881
1.29164
1.069
1.28139
0.807325
1.14553
1.28664
0.740312
1.34207
0.879071
0.775402
1.35916
0.801013
1.04638
0.520797
0.849576
1.25851
0.892329
0.785435
0.980571
0.78459
1.10739
0.492393
1.03289
1.12183
0.796559
0.854772
1.06417
0.653223
2.21034
0.90185
0.946647
1.14866
1.27357
1.04387
0.992254
1.47667
1.40942
1.05962
0.880666
0.71363
0.722919
1.04829
1.23219
1.26917
0.83549
1.15781
1.46719
0.663852
1.30668
1.00243
1.12145
1.07115
0.92838
1.51955
0.866428
1.1173
1.02004
0.812874
0.886177
0.844792
0.53798
1.33598
0.91126
0.713174
1.21834
0.812211
0.758332
1.13085
1.03071
1.13541
0.754909
0.744148
1.10737
1.10178
1.42499
1.08869
1.16971
1.34478
1.04135
0.682829
0.674153
1.28622
1.33703
1.15577
0.877817
0.796552
0.861799
0.658082
1.50787
0.634876
1.65709
0.790593
0.538958
1.85498
1.06942
0.648772
1.03623
1.12776
0.904867
0.820282
0.798727
0.729129
0.647981
0.583651
1.15541
0.810823
0.730374
0.967233
0.989952
0.806103
0.672273
1.40738
1.07605
0.57489
1.21467
1.37764
0.625942
1.39603
1.36465
0.905753
0.701964
0.871794
1.00442
0.965331
0.912905
1.03632
0.532504
0.373199
1.13035
1.1637
0.795863
0.617379
1.22245
0.873434
0.849153
1.11752
0.70355
1.50035
1.02761
0.570602
0.574968
1.04341
1.23378
0.756232
1.10576
0.949509
0.650606
0.990467
0.902647
1.28537
0.564809
0.645271
0.715733
1.14726
0.87812
1.26068
0.631678
0.834332
1.07361
0.784738
0.997779
0.815166
0.870779
1.34764
0.810548
0.908136
1.17146
1.14035
0.928817
1.05733
0.8081
1.96816
0.890795
0.777137
1.05931
1.15903
0.70212
0.946144
0.98795
1.12124
0.796242
1.06289
1.0082
0.957271
0.79241
1.23847
1.4821
1.31383
0.976499
1.0602
0.697116
1.27612
0.717781
1.06067
0.848293
0.471456
0.708907
0.634228
1.35323
0.821555
1.62187
0.885231
1.16123
1.34971
1.24262
0.952287
1.04433
0.562376
1.38095
1.32334
0.513858
0.982097
0.59257
0.904161
1.09703
0.609965
0.832952
0.909119
0.717801
0.654742
1.17115
0.56313
0.913992
0.794559
1.54359
1.11952
0.514437
0.706717
1.21578
1.09279
0.377533
1.25732
1.00703
1.11173
0.68891
1.7043
1.48691
0.963667
1.71615
1.1292
0.556405
0.975294
0.631173
0.65716
1.16496
1.05589
1.02944
1.06005
1.00192
0.989302
0.43508
0.888069
0.709504
0.739542
0.774648
0.798543
1.03175
1.77079
1.29938
0.562021
0.962976
0.562302
0.867131
0.548692
1.32126
1.11397
0.739528
1.63444
1.66413
0.722572
1.32539
0.901668
0.838053
1.5752
1.09819
0.983519
1.00796
1.16599
0.682921
0.91107
0.850314
0.758984
0.994248
0.657917
0.737116
0.952237
0.998455
0.774927
0.654657
1.20372
0.789395
0.613333
1.24342
0.962267
0.864503
0.933418
0.899801
0.701738
1.15264
1.01934
1.46774
1.34082
0.611251
0.662904
0.994284
0.483175
1.08817
1.30308
1.30222
0.543575
1.2575
1.43172
0.975414
1.00405
1.2629
0.925873
1.01767
1.11513
1.40318
0.882633
0.514191
0.843475
0.85247
0.615996
0.991804
0.784237
0.972364
1.01517
1.18287
0.845249
0.584105
0.726275
0.720115
0.511966
1.24862
1.30651
1.32643
0.628955
0.556871
1.27475
1.19283
1.11725
0.707167
0.827927
1.24419
1.05177
1.2728
0.903234
0.47916
0.966112
0.516411
1.05861
1.27507
1.69311
1.07936
1.16653
0.709425
1.06389
1.08334
0.656162
0.872897
1.21519
0.914983
1.62336
1.03896
0.916326
1.33118
0.898872
0.745254
0.818532
0.687004
0.822905
0.535602
1.51152
0.826121
1.14466
0.779777
1.08927
0.790616
1.25714
1.24945
1.066
1.23863
1.72449
1.03861
1.08858
0.757632
0.744422
0.702885
1.87708
1.25298
0.699104
0.964349
1.16072
0.864176
1.53922
1.33073
0.667944
0.950725
0.842162
1.15045
1.31036
1.17207
1.067
0.9655
0.548872
1.1457
1.14965
1.34089
0.509871
1.04493
1.50634
0.711501
0.936622
0.968726
0.606165
1.3227
1.30363
0.936882
0.932378
1.17783
0.730515
0.97867
0.857726
1.17322
0.602355
1.32374
1.18817
0.663661
0.872282
1.27286
0.734013
0.64285
1.26068
1.20431
0.802055
0.917765
1.16788
0.608037
0.689566
1.08892
1.08115
2.34369
1.17629
0.773797
0.558248
1.47944
1.21313
1.04306
0.865455
1.59737
0.857532
1.20384
1.23243
0.990716
1.03824
1.12108
1.21107
0.658764
1.27375
0.747426
0.95766
1.03175
0.560274
0.897824
1.18985
0.524109
0.77459
0.821962
0.947388
1.45547
0.977654
0.628639
0.93741
1.25168
1.04404
1.19986
1.03048
0.981234
1.12867
0.80727
1.25142
1.10851
0.913057
1.23789
1.30765
0.693391
1.07464
0.655982
1.22046
0.878039
1.06548
0.666114
1.07856
0.361377
1.28426
0.839126
1.66203
0.659655
0.966686
1.41803
0.936521
0.905714
1.08427
0.673026
1.15541
0.965727
1.15248
0.637933
0.812086
0.853587
0.771203
1.24776
0.787257
0.919624
0.854002
1.0862
0.600008
1.36325
1.0863
1.12283
1.4865
1.04406
1.54772
0.642214
1.13713
0.860698
1.11147
1.26918
0.618916
1.37299
0.96664
1.11566
1.43207
1.08392
0.425009
1.7649
0.671373
1.27086
1.20861
0.682179
0.808251
1.17657
1.1019
1.03686
0.903503
0.727241
1.56531
1.0675
0.842278
0.59155
0.959207
1.03521
0.893023
0.978598
0.644619
1.2029
0.923651
1.72706
0.718702
0.821171
0.809731
1.02828
0.965157
0.744312
0.712802
0.791803
1.35012
0.409525
0.774938
0.517986
1.09529
0.903757
0.554829
0.815708
1.66753
1.07338
0.986661
1.31247
1.32974
0.744982
1.34956
0.950372
0.726963
0.727515
1.17868
0.58101
1.69494
0.612058
0.818945
0.510114
1.1997
1.3521
1.01469
0.618678
0.612572
1.4002
1.31075
1.42137
0.763148
0.90239
0.887946
0.665598
1.05154
1.07646
0.823434
1.15709
1.07737
1.05669
1.20821
1.59042
1.23837
0.951454
0.599539
0.562881
0.897603
1.64389
0.661319
1.03916
1.02631
1.18396
0.719251
1.20397
1.45689
1.11909
0.962155
1.37245
1.01312
0.712612
1.00055
0.964455
0.883958
0.72643
0.90749
0.648803
0.591588
1.52366
0.374201
0.586372
1.04507
0.770877
1.01495
0.91169
1.66156
1.08891
1.2861
1.66166
1.04457
0.910892
0.922098
0.542562
0.799198
0.837866
0.907787
0.994699
0.890444
1.02097
0.375729
1.36193
1.27325
1.07608
0.942812
1.41634
0.733293
0.824309
1.3012
0.878118
1.41204
0.971937
1.28899
1.52979
0.740506
0.848756
0.611186
0.853769
1.51696
0.894228
0.506766
0.792615
1.73387
0.658072
0.786062
0.66384
0.921611
0.960923
1.15175
0.702766
0.584201
1.23446
1.09268
1.40823
0.520476
0.579797
1.36607
0.684329
0.806552
0.853381
0.787114
1.20569
0.680019
1.10465
0.864152
0.829101
0.986031
0.696835
0.919413
0.745867
0.630647
0.737172
0.456938
0.614558
0.3832
0.716472
1.09761
1.04052
0.928712
1.07545
1.6731
1.64186
1.2614
0.664666
0.902917
0.591267
1.35169
1.3113
1.13324
0.766485
0.686982
1.27064
0.739939
1.55171
1.1127
1.1948
1.18692
0.758066
0.374853
1.48299
1.10777
0.562903
0.967497
0.783973
1.59736
2.03142
1.03498
1.03098
1.72923
1.08634
0.745553
0.892968
0.793929
0.780121
0.914773
1.01108
1.14764
1.07525
1.11461
1.18524
0.811065
0.651548
1.32452
0.832476
1.34964
0.63842
1.90452
1.1894
0.526647
0.754443
0.825085
0.992949
0.871757
0.89009
0.901383
1.0395
0.864999
1.22611
1.54415
0.715265
1.37562
1.62437
0.84585
1.12022
0.353096
0.70114
1.16275
0.71312
1.21384
1.47261
1.21446
0.915541
0.695248
1.06976
1.14517
1.24824
1.38335
1.08181
1.38498
1.19551
1.20612
0.826383
0.596915
1.46842
0.934967
1.09563
1.00578
1.39832
1.02955
1.29036
1.66949
1.77624
1.59769
0.692453
0.648744
1.29756
1.15272
1.22688
0.733156
0.615041
0.918835
0.705775
1.69536
0.978764
1.02265
1.36228
0.584364
0.926042
1.02697
0.979282
1.27396
0.675282
0.705082
1.31266
0.421291
1.1122
0.59435
0.666298
0.973575
0.937542
0.878078
1.18026
1.19861
1.11114
0.726911
1.23254
1.02371
1.07279
0.457578
0.959869
1.01334
1.1025
1.07756
1.26117
1.00088
0.61307
1.52953
0.732457
1.83994
1.17244
0.374338
0.64173
0.536921
0.784756
1.15719
0.722601
0.612749
0.880646
1.191
1.00719
1.1548
1.09789
2.03603
0.737648
0.611004
0.589549
0.490298
1.18899
0.701403
1.15294
1.16297
0.632889
0.901529
0.717432
1.09314
0.771697
0.774084
1.13187
0.791709
1.04437
0.613071
1.11333
1.36599
0.966475
0.639889
0.952962
0.540591
1.57994
0.841984
1.21967
1.12838
0.921555
0.619549
0.788471
1.4371
1.0279
1.06373
0.654595
1.24578
0.918277
1.07873
1.32233
1.57143
1.66489
1.05271
0.908704
1.40419
1.12335
1.16122
1.05841
0.979855
0.385356
0.787771
0.754362
1.4641
0.549871
0.732297
1.11757
1.74874
0.891235
0.692261
0.956103
0.865217
0.970183
0.638589
0.659563
0.703631
0.891298
1.40485
1.67653
1.55707
0.895073
1.26336
0.60928
0.501039
1.52067
1.2064
0.829876
1.10172
0.733729
0.685548
1.26338
0.958872
0.825091
1.14744
0.629571
1.27337
0.66218
0.896481
1.00128
0.892981
0.629403
1.31204
0.879638
0.915098
0.915348
1.1559
0.854453
1.13416
1.25883
0.639511
0.680013
1.1585
0.695566
0.505001
0.777045
1.10699
1.10106
0.66182
0.779477
0.714597
1.0851
0.972153
0.831791
1.30253
1.26781
1.03787
1.37842
1.32645
1.18785
1.20671
1.35241
1.12073
0.835339
0.689316
0.340048
0.844719
0.577419
1.23524
1.35995
1.31714
0.742786
1.18562
1.17522
1.59448
1.24322
0.997488
1.156
0.744834
1.03933
1.31929
0.531811
1.14308
0.932832
1.18914
1.18129
0.545021
1.28227
0.917301
1.35749
0.937304
1.49865
1.28515
0.950089
0.630919
1.13941
1.06106
0.788109
0.634626
0.551923
1.2598
1.23875
0.811646
1.00169
0.831871
0.670935
1.23498
1.03248
1.25416
0.937809
1.06421
1.05316
1.05076
1.23202
1.03878
1.36988
1.55093
0.965701
1.28835
1.17381
0.543295
1.38403
0.780544
0.701233
1.4187
0.663195
1.03917
0.922548
0.977529
0.662191
1.47136
0.408621
0.827234
0.98586
0.831473
1.59536
1.35031
0.743407
0.959828
1.56261
1.20569
0.922397
1.2347
0.751161
1.06844
0.840704
0.793069
0.762246
0.726498
0.935672
0.847376
0.558861
0.973672
1.38715
0.818398
0.989656
0.614153
0.86981
0.811793
1.16766
0.56218
1.51506
0.96358
0.866047
1.02088
1.23273
0.896282
0.935228
0.610766
1.42441
1.55282
1.19505
0.669115
0.947892
0.596414
1.42451
0.797704
0.78889
1.25672
0.655399
0.626681
0.833804
1.35318
0.699331
1.02978
0.554697
1.06518
0.658884
0.350945
0.981877
0.560539
1.57252
1.35651
1.71793
1.27445
0.913539
1.628
1.25116
0.979532
0.846177
1.67517
0.962422
0.8414
1.20242
0.960979
0.856151
1.0434
0.828003
1.0488
0.898685
0.398164
0.927317
0.975602
0.854317
1.09201
1.31281
0.402711
1.11076
0.985496
0.830432
0.790636
0.893372
1.4624
1.768
0.873774
0.757437
1.14951
0.89866
0.941792
0.931822
0.844373
1.69928
1.31887
1.77401
1.39326
1.36637
1.00509
1.12421
1.42212
1.29697
0.567511
1.52087
0.826888
1.20858
0.623078
0.956834
0.817812
1.41572
1.02221
1.48977
0.574461
0.975272
0.851934
0.808611
1.17256
1.31887
0.65668
1.06164
1.21648
1.06511
1.24502
0.590384
0.73017
1.09407
0.72217
0.912447
1.20828
1.49871
0.739909
0.957815
0.850826
1.20798
0.732343
0.821799
0.789646
0.960109
1.40837
0.642103
1.18329
1.44961
1.12752
1.26921
1.16049
1.02297
0.630156
1.20405
1.1984
1.56959
1.25338
1.12421
0.627828
1.18252
0.592613
0.788433
0.897157
1.1511
1.3341
0.930899
1.05516
1.00734
0.862779
0.936327
1.69632
0.869177
0.971286
1.3583
0.97191
1.33993
0.426079
0.978176
0.727481
1.02361
1.21031
0.837304
1.43182
0.647426
1.33021
1.15759
0.94946
1.66526
1.12374
0.849178
2.125
0.836725
1.20073
0.898992
1.13813
0.829817
0.606639
1.34048
1.40889
1.1493
0.586537
0.839253
1.17949
0.885476
0.523183
1.2704
0.630796
1.15213
0.815319
0.659071
0.916134
1.28776
0.810781
1.10218
0.82246
0.594979
1.17511
0.82105
1.29207
1.23687
1.37241
0.795689
1.17532
1.27928
0.779869
0.714577
1.48175
0.567475
0.953306
0.691991
1.373
1.31363
1.27242
1.02659
1.27759
1.09712
0.933227
1.38764
1.43271
0.476392
0.758367
0.875079
0.981641
0.875405
1.2563
0.887937
1.03088
0.577832
1.10168
0.78118
1.41657
1.64199
0.528207
1.54443
1.77948
1.29436
1.04193
1.18018
1.47437
1.82423
1.36651
1.02506
0.684526
0.657294
0.808105
0.843878
0.537978
1.85205
0.791997
0.97189
1.30816
0.807496
0.698549
1.05127
1.22366
0.685554
0.790361
1.41577
1.39565
1.48959
0.757845
0.500424
1.29853
0.803971
0.716864
0.896916
1.10434
0.949077
0.940628
1.29324
1.01255
1.18411
1.70291
1.07407
1.20367
1.83653
0.805553
0.730981
0.77338
0.730312
0.760982
0.76954
1.1901
0.485327
0.873371
0.893041
1.17964
0.701371
1.44507
0.919369
0.856406
0.7413
0.924422
0.857739
1.15931
0.857349
1.53241
1.15708
1.12464
0.995518
1.37947
1.12371
1.05667
1.35627
1.12253
0.901645
0.527605
0.87451
1.37678
0.924959
0.582875
1.17109
1.20367
1.16103
1.04548
0.595771
1.59092
0.930233
0.553973
0.664193
1.47474
0.872709
0.927478
0.766679
0.904367
1.61001
0.881247
0.597153
1.28553
0.942408
1.12833
1.09351
1.41762
0.75099
0.908559
1.04962
0.922374
0.892866
0.977907
0.538063
1.03438
0.63343
1.19838
0.967612
0.599796
0.956469
1.33684
1.46392
0.770882
1.0339
0.682065
0.762843
1.02837
1.35733
1.36988
1.09703
1.70516
0.974145
1.03711
0.726323
0.700199
1.0713
1.32605
1.05737
0.957033
0.839219
0.773445
1.07553
0.905989
1.38785
1.19231
1.36509
0.607136
0.688815
1.08673
0.700538
0.937317
0.983854
1.48374
0.859758
1.42416
0.896882
0.835159
1.39396
0.921739
1.01671
1.466
1.31632
0.65957
0.82786
1.0123
0.851456
0.867398
0.844468
0.439873
0.891491
1.30661
1.17592
1.12949
0.745155
0.976912
0.673432
1.4186
1.39646
0.68934
1.46135
0.522811
1.34597
1.72961
0.747688
1.10388
1.41228
1.02645
1.37474
0.864675
1.11342
0.792943
1.20933
1.08852
1.00741
0.736451
0.758436
0.786758
0.935211
1.05188
1.53474
1.15574
1.2068
0.906821
0.425668
0.775105
1.37368
1.28183
0.970757
1.26951
1.63199
0.981353
0.988846
1.0617
1.08116
1.05403
0.964383
1.20064
0.809043
1.1249
0.838531
1.31741
0.841126
0.933105
1.15623
0.639404
1.13685
0.920869
1.34859
0.551912
0.773851
1.12404
0.842933
1.11358
1.10035
1.1264
1.13248
1.18843
1.05534
1.02983
0.886464
1.29904
0.733621
1.80225
1.30043
0.797295
0.722217
0.810887
0.894642
0.761751
0.86127
0.906413
0.648056
0.720754
1.33822
1.19987
0.699018
1.00321
1.10327
1.09049
1.1949
1.17055
0.936723
0.781054
0.594633
1.20986
1.45179
0.878962
0.938057
0.930939
0.882942
1.18829
0.770892
1.13893
0.556133
1.07163
0.90233
0.635285
1.03842
0.872914
1.38313
0.93817
0.520845
1.16156
1.50605
0.635419
1.49084
0.696004
1.51611
1.4022
1.08451
1.15406
0.605876
0.671284
1.09861
0.849728
0.717187
1.38739
0.573702
0.706342
1.65038
0.635261
1.51955
0.988948
1.19297
1.15361
1.02089
1.02117
1.2674
1.20546
0.719325
0.89245
0.668909
1.24874
0.691925
0.624778
0.790287
0.900361
1.06612
1.20432
0.826785
0.985049
0.977074
1.149
1.23652
0.631443
0.712822
1.2742
0.928786
0.869808
0.733514
0.73615
0.9881
1.38606
0.722384
1.10675
0.85
0.887991
0.871241
0.94407
1.06688
1.26857
0.97074
0.4608
0.564007
1.25873
0.512758
1.43435
1.54693
0.910578
1.07527
1.11615
1.46706
0.460569
0.615334
1.13097
1.12556
1.41876
0.942358
0.464903
0.729915
0.524933
0.787042
1.15109
0.823993
0.63791
1.29372
0.793868
1.36353
1.10903
0.441596
1.2509
0.935516
0.840336
1.18593
1.16561
0.823526
0.743146
0.911606
0.671082
0.788878
1.49775
0.873564
0.801338
0.474144
0.542077
0.996535
1.67308
1.12867
0.775778
0.999653
0.802829
1.22054
0.659803
1.14231
0.679916
0.802632
1.48975
1.0755
1.00089
1.42093
1.01167
0.572254
0.974096
1.52038
0.526766
1.77687
0.799335
0.95586
0.885331
0.429646
1.17064
1.38067
1.0435
0.80975
1.29215
0.509377
1.16188
0.610802
1.70791
0.645788
1.2023
1.32179
1.24569
1.20961
0.828358
0.908166
0.784925
0.866116
0.746275
1.26557
0.910622
1.11131
1.21751
0.984089
1.00193
0.929033
0.915747
1.72024
