0.492939
1.12236
0.792327
1.19835
2.71585
1.26025
0.703185
0.626515
0.44263
4.2128
0.528365
1.17782
0.76952
2.22036
1.00932
1.59218
0.167205
2.15739
0.343165
0.915466
0.456466
1.39519
1.50202
0.994627
1.23465
0.095164
1.44389
0.640793
0.622762
1.70567
1.22187
1.37267
1.06734
0.510133
0.371023
0.917615
0.523294
0.490383
0.163874
1.0203
2.60259
1.71277
0.23589
0.605728
0.528879
0.87973
1.18754
1.23487
0.617565
1.67201
2.22455
1.54596
0.990515
1.41263
2.11873
0.964643
0.915367
0.66599
1.05778
0.770929
3.72759
1.11488
0.446402
1.07292
0.604558
0.183717
0.839188
0.589705
0.618729
3.44914
0.540539
1.15957
2.19722
0.532048
1.39158
1.35391
0.34516
1.82317
0.269601
0.675933
1.35723
0.942822
1.0257
0.560437
0.983445
0.583632
0.324645
1.34406
1.05938
1.20193
1.81623
0.369136
0.350305
1.59029
1.05749
1.85265
0.282258
1.3615
0.708124
1.0313
1.12238
1.60389
1.08256
1.42163
1.32219
1.78989
1.10041
0.459569
0.37086
0.125433
0.0681604
0.037684
0.677284
2.45856
0.528164
1.77815
0.883093
0.166137
1.50147
0.994884
1.77563
1.57893
0.854843
0.728065
0.863222
1.29451
2.54913
0.252741
2.21978
0.902197
0.276608
1.26451
0.607883
2.65508
1.26849
0.6386
0.283335
1.2441
0.518121
0.798081
0.870996
1.12797
0.42385
0.100416
0.624465
1.30054
0.814393
0.495797
1.46194
0.810335
0.920364
0.164295
3.06557
1.36825
0.18955
0.877965
0.606157
0.320782
1.0852
0.955645
0.774174
1.73771
0.221368
1.54179
0.744071
0.687978
0.416125
0.781341
0.283731
1.31899
0.853109
0.918983
0.35744
2.2434
0.786932
1.09619
1.63359
1.83788
1.52923
1.46859
0.562385
0.821702
1.96013
1.00695
0.665096
0.175735
1.42323
0.50029
0.932623
2.0447
0.373415
1.41213
0.752426
1.13724
0.22611
1.73904
1.21516
1.16245
2.54036
2.99086
1.61981
0.530425
0.459211
0.413342
0.727116
0.722061
0.796253
1.61952
0.816091
0.167363
1.11189
0.76761
0.783316
0.457553
1.07907
0.146409
1.68982
1.28211
0.470183
2.98504
1.92396
0.458713
3.71663
0.467843
0.398431
0.273991
0.52738
0.964115
1.13753
0.186966
1.53252
0.576674
1.30365
0.325979
0.627889
0.330635
0.196236
0.37699
0.485325
3.85334
0.343001
1.03043
0.927471
2.43812
0.721949
0.206274
0.881018
0.917351
0.808069
1.90738
1.98408
2.74052
1.2369
0.925736
1.02592
0.990654
0.3946
1.63157
1.41123
1.23128
1.35057
1.825
0.229964
1.84294
1.24342
1.01481
0.505184
0.915001
1.01197
0.410199
1.47101
0.664815
0.284702
1.61475
3.6131
0.950206
0.974353
0.248433
0.18684
0.940862
0.129847
1.41164
1.09847
0.429009
0.843702
1.13814
3.21446
0.811669
1.32306
0.349132
0.672877
0.474553
0.425849
1.81911
1.10405
0.979147
0.548487
1.30508
0.46491
0.600174
1.17373
3.68549
2.13639
0.821144
0.253637
0.502497
0.377916
0.288671
1.29595
0.393372
0.510711
0.712449
0.764489
1.05505
0.440837
1.23222
0.511295
0.165667
1.78001
0.328047
0.87715
0.382401
1.69222
1.13048
0.743412
1.28021
0.767731
1.17681
1.68236
0.33104
1.20342
0.373802
0.892661
0.902916
0.824605
0.300364
0.101181
0.306695
1.17972
0.889978
0.759968
0.501479
1.10353
0.585273
1.45767
2.54894
0.764168
0.505534
0.944626
0.755083
0.469533
0.793495
0.361452
0.586014
1.46059
1.1648
1.02069
0.469183
1.35729
0.141532
0.567668
0.0940963
0.398978
1.40059
1.20615
0.526212
0.357644
1.11339
1.07239
0.701293
0.367803
1.2687
0.481199
1.91037
1.22015
0.274159
0.858939
0.102853
0.510856
0.265478
0.920382
0.447976
0.768349
0.1668
0.480992
1.15618
2.45258
1.40782
0.171487
2.9646
1.27641
0.506227
0.59552
0.816589
2.20509
0.250511
0.701286
1.29529
0.142313
0.649778
0.581993
1.23867
0.714196
0.865423
0.871335
1.13168
0.840971
0.405355
2.62841
0.674321
0.794123
0.383744
0.851339
0.444592
1.30216
0.422117
1.23475
1.8884
0.839589
1.37309
0.945822
0.66826
1.68183
0.687689
2.14009
1.58083
0.20407
2.02819
0.185501
1.6558
0.306535
0.502874
2.15168
0.665108
1.74924
0.429148
2.82579
0.550365
0.641165
1.83418
0.334584
0.597329
1.74062
1.43306
0.760411
0.964592
1.01464
2.24592
2.79614
0.415216
1.09012
0.341156
1.09982
0.266358
2.32288
0.154344
1.44832
1.18621
2.90399
0.34514
0.796729
0.567365
0.602601
0.471472
0.750881
2.90692
0.893392
1.37148
1.4744
1.51255
0.819213
0.644851
0.785997
0.100391
1.30913
0.434185
0.858428
0.549503
0.547406
0.944265
2.8319
0.445784
0.30046
0.278311
1.5094
1.07959
0.705526
1.63967
0.128213
1.66286
0.105558
1.65953
1.29328
0.145544
0.354947
0.818677
0.509687
1.82608
0.451033
0.512675
2.22239
0.446546
0.952069
0.200276
0.503208
0.517169
0.337581
1.47788
0.588673
1.37038
0.731218
2.2203
2.73511
0.591048
0.795705
0.438089
1.13479
0.0372033
0.382098
0.968836
1.53585
1.82121
0.407747
0.743696
0.654531
1.28958
0.545367
0.692859
0.7218
0.259056
2.17361
0.938139
0.420264
0.553083
0.519076
1.42948
0.63713
0.889097
0.992476
0.167366
0.727626
0.842067
0.119282
0.801283
1.08391
1.6186
2.9401
0.887926
0.680248
0.50246
0.544407
1.88306
0.494751
0.871824
0.681747
0.887326
0.924987
0.75442
0.5873
0.0954898
0.333871
0.341135
2.04727
0.737527
0.642947
1.65643
2.36473
0.537409
0.0534946
0.544909
0.905213
2.43004
1.77549
1.12776
0.146216
0.494087
0.577921
1.49784
0.410814
1.53239
0.758874
0.47288
0.76648
1.28362
1.71757
0.376346
0.282076
0.563442
0.792006
0.452308
0.951138
0.940178
0.627727
1.18367
1.27693
0.475857
0.250663
1.74222
0.261906
1.03589
0.253973
1.18538
1.59636
0.069013
0.658204
1.75493
0.296066
0.552775
0.493111
2.08123
0.511085
0.631116
2.3831
0.954385
3.42887
1.20265
0.141381
2.14301
0.481971
1.25396
0.485273
1.65669
0.337628
1.79339
0.214753
1.66059
0.850164
0.462403
0.148749
0.227517
1.81195
1.16398
0.743165
1.95753
0.358368
0.829277
0.751892
1.08151
2.04213
0.743002
0.986366
0.119625
0.204777
3.64604
0.977912
0.339223
1.08699
0.573191
0.62631
1.43123
0.667617
0.379309
1.95931
0.43884
0.877258
0.524362
1.95443
1.0539
2.26353
1.00028
1.56668
0.982377
0.560456
0.216244
1.00757
2.00544
1.40018
1.13696
0.135666
1.64373
2.10104
1.85548
1.11047
0.967461
0.235937
0.410083
0.300995
0.131122
2.14764
3.14421
1.23261
1.32053
0.926711
0.650421
0.739662
0.910101
1.3241
0.986303
0.502516
0.848664
0.475746
0.663722
1.84547
0.867167
0.837478
1.23505
0.519224
0.301412
1.62507
2.21298
0.384885
0.743265
1.91853
0.76603
1.32614
0.242672
0.957448
2.45179
0.819088
0.100325
1.20533
0.12724
1.63368
0.520168
0.238632
0.460739
0.873119
0.755165
0.307853
1.06022
0.235924
1.08683
1.90448
0.723386
1.73591
1.3024
1.04324
0.8912
0.848123
0.279014
1.87056
0.182705
1.00201
2.20994
0.73147
1.53815
2.07622
0.631499
0.714402
0.880701
1.28924
0.540985
0.918452
0.449327
2.04276
0.127977
1.0972
0.810637
1.35956
0.567253
0.457048
1.65692
0.728773
1.19485
1.72712
0.303777
2.58554
0.710046
0.678654
0.9241
1.29946
0.826198
1.22282
0.367753
1.69984
0.113813
1.01404
0.704742
0.426976
0.133899
1.10139
0.154629
2.46156
0.773139
1.05099
0.829993
2.25438
0.314216
0.979027
0.585211
0.957498
0.22384
0.408523
1.36486
0.327899
0.672433
0.727501
1.35327
0.294653
1.60047
0.47938
0.406029
0.499768
0.61912
0.696601
0.446406
1.71552
1.20768
1.12575
0.306687
1.41768
0.732048
0.894809
0.487784
0.820966
1.8014
0.701775
0.566775
1.36324
1.62098
2.13567
0.0497146
1.14714
0.552478
0.417902
0.213776
0.470455
2.19475
1.1496
0.626552
1.99845
0.649188
0.729982
1.02741
1.91915
1.01554
1.57276
2.74332
0.686123
0.303084
0.460132
0.30134
0.447816
1.69029
1.25594
0.893434
1.6569
1.34958
0.861506
1.4275
0.783714
0.0465157
1.20072
1.47235
0.906207
0.996286
1.25543
0.813473
0.940952
0.206407
1.37991
0.31254
0.498958
0.684272
1.74012
0.15689
0.704353
0.626335
0.784001
0.850109
1.858
1.31622
1.41252
0.806265
1.02724
0.542875
1.31416
0.392985
1.04024
0.883445
0.391842
0.120639
3.70463
0.981971
1.57887
0.833331
0.379491
0.676395
1.58929
0.966266
0.495919
0.399547
0.502497
1.00813
0.773554
0.535301
1.78727
1.73291
5.83864
0.730382
2.19646
1.74701
0.270809
1.43429
0.326717
0.782312
0.61042
0.153916
0.0846613
0.119445
0.141086
0.958848
0.483842
1.50655
0.828216
0.52933
0.225365
0.331728
0.53268
0.515876
0.480915
0.603075
0.590737
0.627789
0.945555
0.759371
1.06202
1.71204
0.323952
0.730354
1.07143
0.706673
0.164384
2.61601
0.263549
0.84734
1.18024
0.832078
1.17899
1.42026
0.497981
0.136438
0.327419
0.0985684
1.67511
0.87697
0.806044
0.527707
0.447522
0.776879
2.66302
0.998528
0.482219
1.77984
0.158801
1.76167
0.518044
1.28519
1.85727
0.495391
1.90565
0.521926
1.27464
1.63837
0.745886
0.435021
0.195867
0.211611
0.965201
1.37412
0.196996
0.755019
0.757808
0.972017
1.57002
1.55553
0.599872
0.284647
0.317674
2.80622
0.384267
0.438122
0.937082
1.17638
0.361408
0.742373
0.493913
0.143397
1.32181
1.24736
0.892786
1.08621
0.282938
2.02072
0.716353
1.31817
1.50135
2.34417
0.475332
0.306426
1.18321
0.471971
0.212834
0.47665
2.74707
0.462783
1.01457
0.427399
1.21139
1.48755
0.376334
1.58686
1.40611
0.274568
1.19678
3.02557
0.724765
0.648538
1.5189
1.21285
0.742117
0.619552
3.20344
2.28749
1.93808
1.25858
0.330125
3.14526
2.30729
0.694547
0.673352
0.395208
1.08437
0.627401
1.12188
0.611066
0.596799
0.590165
3.61303
0.64705
2.21309
0.351707
0.106297
0.861538
1.20349
0.706319
0.669837
1.38111
2.87897
1.0938
0.613811
2.76372
1.69138
0.969537
1.81503
1.21898
1.71299
1.05776
2.56452
0.41134
1.00638
0.680557
0.408647
0.354885
0.453806
1.29871
1.17153
1.26734
0.456479
0.268663
0.478174
1.1337
1.22137
1.28574
1.30193
0.506306
0.883308
1.25467
0.750418
0.351722
0.240283
1.01534
0.694028
0.915042
1.81243
0.482483
0.979212
1.31264
0.762486
1.52584
1.39566
0.339068
1.47562
0.242898
1.9509
0.500677
1.04309
0.679254
1.36405
1.23298
1.58458
0.906996
0.499534
1.31621
0.772443
1.11722
3.74209
1.53441
0.462781
1.48903
1.47648
0.156412
0.958303
0.961988
1.54709
1.42202
0.243465
1.76808
2.59082
0.714854
1.44598
0.742531
1.07336
0.545134
0.268961
0.650418
0.266981
1.26365
1.33147
0.745979
1.54128
0.645125
1.224
0.0603551
1.24392
1.14697
0.350119
0.750365
1.68938
0.626915
3.08945
0.973895
0.593201
0.43174
1.00941
1.23204
2.11292
1.15819
0.58248
2.57694
0.998474
0.957274
0.918414
0.0649382
0.254819
0.378272
1.79471
1.46913
1.46503
1.63501
0.550529
1.94708
0.687369
1.35774
0.632053
1.76802
1.00113
0.283479
1.59916
0.424247
0.354679
0.0854799
0.0655162
0.457706
0.863625
0.185095
0.561319
1.90821
1.44777
0.355426
0.723904
0.782474
2.51196
1.05881
0.263825
0.403687
0.295653
0.859276
0.473339
0.846098
0.681876
1.27918
1.25612
1.43082
1.19662
0.835918
0.969214
0.295821
1.49182
0.270819
0.471283
1.50741
1.15222
0.967179
0.0872323
0.122256
1.28673
0.532366
0.470185
1.17172
0.651017
0.247597
0.786477
1.38434
2.12155
0.494405
2.86946
2.31073
0.511403
1.33008
0.507887
0.983671
0.954167
0.70492
1.19617
0.287303
0.945504
1.14383
0.720539
0.413619
1.19188
1.11657
0.41092
1.16909
1.55201
0.831639
2.41304
1.38214
0.236697
0.262864
0.553204
1.81507
0.372248
2.00681
0.932731
2.48266
0.844739
0.389138
0.663544
2.37766
2.00061
0.42951
1.22203
2.47406
0.735866
0.915597
1.45281
0.36541
0.538556
1.10031
0.211219
0.592555
0.704629
1.21092
0.367697
0.397822
0.559531
0.885787
0.430775
0.403136
0.344072
1.06147
1.05659
0.965938
0.180375
1.07297
1.32414
1.59902
0.445909
0.399085
1.1064
0.39763
0.391654
1.92178
0.365577
1.42486
0.127415
0.806691
0.505644
0.29735
0.316657
0.33072
1.04708
0.735032
1.88488
0.55813
2.30265
0.142169
0.315828
1.76465
1.06237
0.993596
0.711342
2.4626
0.862502
0.351246
1.44908
3.59495
5.09426
0.216159
1.14503
1.66577
1.02024
0.819227
1.33743
0.714261
1.02037
0.17279
1.98399
0.418884
0.927934
0.764534
0.363635
1.32648
1.38784
0.448872
0.0985628
0.543114
0.856111
0.505595
0.994355
0.55297
0.566854
0.458179
2.55795
0.329972
0.439761
1.72476
0.741801
0.438051
0.419179
0.799796
1.03014
1.09971
1.32077
0.43517
1.62018
1.11197
1.25954
0.135061
0.604059
0.745402
0.222939
0.265233
1.05373
2.73461
0.710984
0.83587
0.747474
0.730735
1.1398
1.1259
2.00651
1.03605
1.63625
0.577037
1.29084
1.06905
1.16657
2.34454
0.509398
0.253665
0.764038
1.15548
0.370724
1.5272
0.19409
1.33667
0.843168
0.867797
0.438652
1.1491
0.257266
1.29336
0.836588
1.76763
0.58678
1.33977
1.31333
1.57926
1.10416
0.97151
0.801025
1.16554
0.433493
0.753525
1.4185
0.826815
1.01092
1.51856
0.918097
1.32492
1.87756
1.7716
0.342913
0.952493
1.02768
0.585912
0.476107
1.22762
0.491725
2.70232
0.163096
1.73626
1.14741
0.757006
0.541126
0.141763
0.423912
2.71716
1.95643
0.514165
1.18191
2.90142
0.509328
0.623599
0.652416
0.804442
1.15976
0.709113
0.182572
0.43593
1.06598
0.818501
1.64441
0.542071
1.12668
1.04341
0.881438
0.264683
1.29033
0.445476
0.922909
1.27138
1.41897
0.134819
0.181959
0.382019
0.609969
0.694215
2.89475
1.15308
0.312213
2.58846
1.33369
0.828959
1.14209
0.798367
0.864754
2.0399
1.08006
0.509443
1.72707
1.30457
2.50237
0.730023
0.436548
2.25492
1.00915
1.01516
2.34721
0.322343
0.514442
1.56182
1.27834
2.11484
2.24175
1.66514
0.72968
0.515014
0.23339
1.40106
0.408993
0.528759
0.726904
1.68753
1.48992
0.113948
0.437641
0.368383
0.839527
1.53656
0.513055
1.22596
0.441674
0.995268
0.48093
1.52888
0.487781
1.07514
1.39275
0.192818
0.360644
0.716063
0.652558
0.841849
0.455984
0.64232
0.305054
0.402784
0.167006
0.647579
0.481232
0.788234
1.81329
0.661575
0.409692
2.01003
0.993888
0.459766
0.585476
0.768925
1.27266
0.599637
0.686375
0.490786
1.96412
0.15881
0.529853
1.70025
1.52458
0.335311
1.24283
2.28597
0.957172
0.594818
1.76611
0.947614
2.42969
0.269744
0.560326
3.85296
0.506466
0.428345
0.951537
0.646474
3.01712
0.60575
1.7364
2.11618
0.848541
1.38544
2.09777
1.05542
0.310284
3.67056
0.38246
0.491895
0.307346
1.43354
0.350716
0.162923
2.44474
0.838923
2.10428
0.654367
0.704722
0.833824
0.12686
0.669307
0.849953
0.870493
4.30013
0.843968
0.39316
1.05506
2.49146
0.654926
0.577886
0.509603
1.86751
0.740618
0.669817
2.55009
0.997632
1.98063
0.463039
1.62176
1.58906
0.172089
2.2928
1.51769
0.998963
0.106325
0.99074
0.271761
1.83545
0.460787
1.51987
0.348776
0.784979
1.03354
0.304112
1.24836
0.534487
1.52944
1.09002
0.904473
1.0301
0.164518
0.856914
0.409388
0.543639
0.782753
0.279173
0.624837
0.338917
1.02545
2.85224
0.920808
0.875484
0.67449
0.970798
0.814028
0.513969
1.89259
0.237411
1.64383
1.21231
0.439583
0.43975
1.201
0.556401
0.343487
0.335779
1.96571
1.12123
0.34122
1.24065
1.88832
0.390585
0.969868
0.703906
0.752906
2.31562
3.84609
1.79803
0.268161
0.178891
1.11461
0.630399
0.40412
1.16359
2.20971
0.309474
0.074599
0.513467
2.96846
1.30384
0.487802
1.10287
0.0343487
2.28011
1.65721
0.241477
0.99424
0.305643
1.03085
2.22745
3.63266
1.97345
0.669739
0.869807
0.607229
1.47389
0.615231
1.96789
0.135927
1.91592
0.953977
0.762686
0.522825
2.66149
1.50879
1.13569
1.78234
0.70958
0.8174
0.327497
0.589154
0.557747
0.720616
0.565306
1.5909
0.724804
0.439257
0.23499
0.557584
0.49208
3.02481
0.4651
0.381385
0.720418
0.320022
1.06497
1.81164
0.645586
0.562972
0.924322
0.908686
1.34908
1.08414
0.449615
0.920758
1.7783
0.523233
0.993516
0.552619
0.614457
0.518852
0.544447
0.689577
1.53188
1.4261
1.62486
0.699358
0.38658
0.245357
1.2134
0.187564
1.02561
1.72541
1.71246
0.744148
0.398249
0.692765
0.898304
0.550977
0.232124
0.203677
1.16993
0.0227052
0.226533
0.518304
0.814022
0.342332
1.33922
1.11799
0.732572
0.375825
0.968375
1.4123
2.45835
0.851454
0.348263
0.661249
0.567596
1.89972
1.78666
1.10236
1.18442
3.65097
0.893201
0.561206
2.4741
1.27262
0.783627
0.532363
0.915197
0.959176
0.655709
0.923623
3.44154
0.633686
0.883483
2.94096
0.665962
2.1808
0.787121
1.3769
2.20652
2.2566
1.92697
0.423852
0.886065
3.82981
1.44042
1.43111
2.37341
2.15692
1.61936
1.19573
1.25952
1.24863
0.623577
0.301083
0.358649
0.60123
0.439919
1.20387
0.562048
0.152723
1.27589
1.81837
1.12395
0.628656
0.734483
0.853161
0.783999
1.47203
0.686219
0.912546
0.352936
1.61614
0.380473
0.279624
1.02121
0.713391
0.311201
0.850062
0.481182
0.820551
0.281186
1.11651
0.26812
1.05354
1.44403
0.528261
2.9497
0.922925
0.0858927
0.633422
2.15411
0.527592
0.306314
0.366666
0.279317
0.208518
0.701915
1.77896
0.946862
0.681806
2.13301
0.699387
0.338008
0.0262418
0.43647
1.24044
0.455207
1.20126
0.516224
0.468532
0.70036
1.36315
0.285332
2.22091
0.332753
0.675269
0.781753
0.594849
1.12287
1.38269
1.45126
1.34778
1.5284
0.547507
0.26927
2.9015
2.17464
1.48347
0.670176
1.98027
2.36336
0.304465
1.59633
2.08959
0.819711
1.30628
0.732679
0.510291
0.886028
0.539709
1.24401
0.708572
1.37143
0.855747
2.31367
0.812221
3.54159
0.274683
0.615641
0.203441
1.75461
2.24797
0.816548
4.14194
0.32766
0.926411
0.487254
2.09441
1.24636
0.575658
1.06327
0.464798
1.91972
0.761772
0.462875
2.22654
0.787817
0.0527923
0.423144
0.625559
0.971797
0.765766
1.4912
2.50778
1.16764
0.1733
0.288898
0.24851
0.253525
0.890637
3.05605
1.26668
0.0847124
0.990185
1.37905
0.604029
1.56688
1.91895
0.250352
0.609395
1.08016
4.53294
0.656249
0.19619
0.389416
0.324646
1.14729
0.486793
3.29671
0.904008
1.29966
0.968676
1.92396
0.247048
0.305362
1.9549
0.526209
0.724587
0.669956
3.16758
1.54217
0.526947
0.21651
1.27408
0.253349
0.0927567
1.4348
0.556127
0.523622
1.66865
1.47916
1.05665
0.151628
2.42552
0.915175
1.79821
1.40047
0.833213
0.739293
0.761439
0.30353
1.47609
2.28034
0.920374
1.09607
0.532158
1.41413
1.60407
0.445472
1.26872
0.197718
1.95519
0.724335
1.84972
1.16305
1.88304
1.17104
0.846048
1.60102
0.21927
0.524356
1.18691
2.99353
1.14996
1.4437
0.484688
0.292448
0.36333
0.692108
1.79123
0.158401
0.829984
0.54942
0.873102
1.90044
0.759206
0.591796
0.485292
0.713942
1.34569
1.01341
0.393786
0.38209
0.593343
0.301681
1.47962
0.80714
1.52138
0.458067
0.922521
0.49416
1.17522
1.32545
1.7726
0.715461
0.585718
0.963895
2.21434
1.44862
0.365655
1.95641
1.36328
2.20154
1.30656
0.384887
0.468719
0.287529
2.13486
0.901388
0.42942
0.109242
2.11346
0.604716
2.11089
0.508589
1.17377
0.811671
0.8519
0.742735
0.694939
0.104886
0.802169
1.21909
0.997987
1.66677
0.542658
2.19756
2.4132
0.609261
1.42299
0.616635
0.9086
1.14079
0.215936
2.70167
0.301339
1.56379
0.362131
0.405221
0.0586385
1.07639
1.08754
0.808681
3.0813
1.39123
0.784221
0.833547
1.55104
2.20571
1.68823
0.781441
1.05315
0.909342
1.98479
2.20691
0.823212
0.597237
1.39298
0.575843
0.135958
2.0045
2.00653
0.903573
1.26197
3.20865
1.02188
1.18235
0.223582
1.21136
0.173908
0.554569
0.0447515
0.82823
0.34412
0.726231
2.27701
0.531703
1.01062
0.0574994
0.99143
0.994202
1.16517
0.734728
0.766256
1.10942
1.54723
0.354073
2.00721
1.07277
0.365784
1.88259
0.14936
0.741149
1.18553
0.557494
1.12299
0.164343
2.12594
0.583598
0.348025
0.748353
0.324467
0.924036
1.0737
0.644094
2.04778
0.281535
0.261192
2.68311
0.9983
0.747235
0.940309
0.314358
2.49539
0.501793
0.603307
0.791821
0.528424
0.132692
0.831716
0.963269
0.37276
1.56099
1.13465
0.548379
1.58729
0.328834
0.772243
2.45294
1.32759
0.281353
1.66825
3.71162
0.774822
1.49418
0.408263
2.24896
2.20909
3.99532
1.38232
0.815667
0.0704936
1.05989
1.06161
0.611872
1.06539
0.683998
1.97344
1.20254
0.607236
1.46122
2.41628
1.68497
1.48483
0.844599
0.495415
1.1066
0.775708
0.799194
1.21101
0.417113
0.39601
0.974981
0.241345
0.906681
3.29784
0.171391
0.271637
1.03984
0.483797
0.53624
2.1131
2.515
0.908042
0.22906
1.43423
1.91967
0.053432
0.803582
0.322749
2.56732
0.277414
0.49592
0.265951
0.776694
0.757911
0.526484
0.286332
0.904244
2.42023
0.21035
0.615194
2.00882
1.76307
1.86954
1.05236
1.38683
0.698248
0.79754
4.20193
1.28841
1.201
0.575666
1.02359
0.141151
1.78361
1.59178
0.166978
0.693554
0.488399
0.613116
0.534883
0.120449
1.1767
1.30177
0.576517
0.304817
0.574414
0.994011
0.970983
1.54658
0.862171
1.0504
1.17051
2.12505
0.547493
1.04496
1.27867
0.949038
0.786806
0.825287
1.76784
2.10779
0.796465
1.0569
0.17924
0.280364
1.04589
2.27716
0.636603
0.656183
0.505043
2.20551
1.8884
1.88878
0.898462
0.834094
1.18244
0.81607
1.69789
1.17343
0.335296
0.59301
1.0113
1.72659
0.69417
2.24317
0.100599
0.724742
0.0255106
0.785516
0.791344
2.52958
0.695759
0.343416
2.25975
0.557602
1.62921
0.595547
0.864957
2.07133
0.533357
0.349096
1.01066
0.186116
1.16434
1.59781
1.68575
0.461962
1.97786
2.0695
2.6275
0.521963
2.72932
2.90118
0.437238
1.31454
0.900714
1.43083
0.793822
0.285454
0.283779
0.608622
1.81412
0.137534
0.464345
0.349862
1.71865
0.14991
0.910694
0.615876
1.43481
0.334843
1.49959
1.28813
0.984996
0.612398
1.98492
1.89444
0.756913
0.448445
0.65003
0.620181
0.799064
0.880674
0.5478
1.8213
1.26721
0.437861
2.87448
0.815612
1.39812
0.299458
1.48357
0.82627
0.18765
1.54123
0.808768
2.26113
1.6225
1.00321
0.202931
2.18124
1.2789
2.08142
1.47584
0.0490565
1.89682
0.528648
0.968528
0.948596
0.29928
0.811567
1.8063
2.38452
1.53069
1.26221
2.13112
0.941555
0.652921
0.954429
0.465634
1.11074
0.94472
0.951775
2.80721
0.720126
1.52551
1.00602
0.974574
1.14259
0.582725
0.943437
0.536616
0.186003
0.839756
1.53603
1.7037
0.339469
0.443089
1.17802
0.548448
0.835708
1.3897
2.18434
0.757172
0.947528
1.72201
0.432841
0.532593
1.75371
1.06597
1.34003
1.58904
1.5944
0.511077
0.293164
0.745661
1.99017
0.673094
2.38554
0.658389
1.42774
0.79534
2.2047
2.30721
0.686076
0.361356
0.985896
1.27165
0.776387
0.798534
0.568754
0.231663
1.16855
0.667571
2.48465
1.48887
1.08703
0.659932
0.745427
0.759933
0.279321
1.71268
0.46745
1.33032
0.698967
0.832056
0.393204
0.431107
0.700598
0.63049
0.922717
0.760135
0.128069
0.399108
1.89776
1.89881
0.92222
0.885751
0.673608
1.67357
0.89403
0.272121
0.378127
1.26265
0.418998
1.5508
2.4741
1.20127
2.41459
1.69499
0.622087
1.06259
0.616126
0.789502
0.550719
2.18426
0.603261
0.925443
2.18125
1.30596
0.49488
1.10531
0.766618
0.629539
0.879964
1.27159
1.39137
1.36523
1.14438
0.333093
1.30014
0.839821
0.302404
0.503379
0.779557
0.358151
1.50958
0.633543
0.638231
0.294307
2.06251
0.456576
0.503781
2.73202
0.39657
0.594023
0.818546
0.509322
0.499769
0.203136
0.443423
0.358783
0.865216
1.8925
0.183295
1.43112
0.629173
0.787929
1.40035
0.886282
1.52054
0.736917
0.784419
1.40156
0.828618
0.585885
1.11731
1.14201
1.20089
0.783807
0.252336
1.07781
0.841891
0.630452
0.850989
0.852491
0.992744
0.778811
1.29395
0.497153
0.596598
0.71165
0.28352
2.93622
0.270815
1.59326
1.36863
2.04095
1.19826
0.970967
0.784126
0.536487
2.71744
1.13286
3.47806
0.329162
1.27516
0.630989
0.638332
0.574276
0.494606
1.08414
0.525772
3.04007
1.20985
0.350621
2.66867
1.38846
0.596873
2.32806
1.55669
1.6069
1.73842
1.29447
0.214237
0.548052
1.84412
1.65247
1.05031
1.7552
0.234924
0.898305
0.587846
0.255526
0.729781
1.1527
0.0712891
1.50053
1.40088
1.85618
2.13054
0.547127
0.464509
1.64574
0.334465
0.775664
0.372655
0.913494
0.312746
3.55547
0.489496
0.28019
1.26151
0.667876
0.0275839
1.47449
0.541095
2.58485
1.17384
0.989759
1.24917
0.698654
0.718207
0.31547
1.46145
0.576261
0.436775
0.699613
0.337103
1.02034
0.88496
0.408439
0.589295
1.08114
1.15511
1.28811
1.12526
0.251783
1.51951
0.890366
1.23474
0.670514
0.894763
1.04429
1.36144
0.81794
0.601355
1.10588
0.27205
1.88472
1.59076
0.255356
2.50026
1.00496
1.43775
0.568026
1.1006
3.91906
2.39341
0.37359
0.585855
3.7767
1.14579
0.777163
0.389792
4.28372
2.14471
0.78561
1.16638
0.378627
1.16589
0.556427
1.29999
0.416695
0.484029
2.35187
1.28339
3.22357
0.891147
1.60401
1.00085
0.197585
0.661485
0.323285
2.17977
0.872564
0.210435
1.90648
0.840994
1.04907
0.649987
1.97664
0.637608
0.885439
0.535428
0.644809
0.717693
0.388858
1.82512
1.13028
1.54117
0.61279
0.538973
1.06925
0.794579
0.752041
0.0617129
0.897304
1.56812
0.678283
0.387014
3.34551
0.110058
0.503968
1.85547
2.33878
1.37775
0.695034
1.543
1.60171
0.985013
0.455547
2.36656
2.49974
1.10799
0.30959
0.40622
0.882191
0.975957
1.27518
0.459033
0.803929
1.85884
0.75525
1.5563
1.04656
0.97516
0.56521
0.765837
0.30212
0.545905
1.78542
0.398194
1.09663
1.59053
1.88394
0.83006
0.405905
0.778054
2.47517
0.299693
2.18216
0.38986
0.462415
2.19793
0.540333
1.99394
2.1152
1.41854
0.786271
1.05713
1.16231
2.00636
1.3687
1.11491
0.362202
1.2937
0.907864
1.45881
0.764721
1.93691
1.10484
0.143093
1.11259
0.203241
4.33457
2.1741
0.376669
1.01354
2.64797
0.457481
1.07753
0.921385
1.38112
0.753484
1.54846
1.72716
1.23924
0.225401
0.367623
2.0711
0.286644
1.12201
1.29855
0.96253
0.515533
0.285717
0.916877
0.472859
0.608204
2.31895
0.665765
1.76162
1.01619
0.524816
2.85019
1.01997
1.0177
0.272944
0.880524
0.825066
0.635452
0.287068
2.45814
0.987799
2.2952
0.209563
1.91531
1.40573
1.26876
0.686372
1.14565
0.992575
2.1732
0.403086
1.06982
1.82206
0.27224
0.539786
0.839593
1.79577
0.933875
1.29886
2.57537
0.0913123
1.18286
1.24442
0.732663
1.09594
1.24489
1.25372
1.1437
1.55433
3.16418
2.69743
0.126311
0.789212
1.132
0.346976
1.30472
0.24142
2.07532
0.96297
0.257567
1.64915
0.120586
1.15952
1.59287
3.13423
0.740984
1.06035
0.819913
0.375498
1.18234
0.587177
1.37939
1.33583
1.7647
0.457519
1.88678
1.5241
0.0723251
2.02767
0.623888
0.470024
0.862909
1.48656
0.397613
0.175336
0.352665
1.00381
0.0755888
1.60744
1.79344
0.853726
0.6902
1.45265
1.57109
1.18911
3.65773
0.927725
1.15812
0.377395
0.160563
0.314996
1.37654
0.468207
0.270235
0.342056
0.901121
0.373125
0.7152
1.84419
1.31634
1.77779
0.68569
1.97818
1.03465
1.23252
0.191683
0.803849
1.12965
1.47112
1.38372
0.791083
0.924123
0.12047
1.1525
0.755519
0.770522
2.11709
0.639953
1.07547
1.68259
0.631265
1.54853
0.708048
0.24393
0.355116
0.661161
0.582598
1.07376
0.876465
2.41144
0.66518
3.24682
1.04281
2.68875
0.131348
0.321673
1.36153
1.86595
1.13119
0.894636
0.76853
0.630307
1.68727
0.528477
0.398096
0.625078
1.36013
0.079828
0.127116
2.07514
0.260648
1.50508
0.960976
0.603002
0.429245
0.245264
0.690876
0.105814
0.625976
0.378017
1.16186
1.47903
0.366208
0.235324
1.17719
1.29224
0.283385
0.752296
0.737621
1.907
1.28666
1.36525
1.32316
0.503396
1.08775
0.778804
0.361061
0.425797
0.967856
2.72819
1.85042
1.22994
0.282458
0.295068
3.75054
0.435784
1.51271
0.746387
0.253513
0.245861
0.996511
1.20018
0.455882
3.20001
2.19157
1.09485
1.02028
0.132568
0.682303
2.10889
1.14887
1.73125
2.46415
0.680166
0.751325
1.39832
0.211287
2.08512
1.08979
0.619494
1.44673
1.04475
1.79708
0.208516
0.622162
0.358632
1.84534
0.412093
0.244789
2.00917
0.595697
1.00824
0.754021
0.641266
0.679308
1.56809
3.21062
0.544286
0.550625
0.456216
1.21321
0.213161
0.64027
0.287168
0.396738
0.477565
0.275314
1.62503
1.05887
0.161854
0.839361
1.60938
1.18812
0.972222
0.324814
0.569835
0.60786
0.303292
2.37885
0.905528
0.558683
1.26264
0.622259
0.742052
2.60828
1.87891
0.601121
0.947776
0.227392
0.65043
1.66244
0.608603
0.455514
0.399021
1.89697
0.332828
1.42755
2.60157
1.24245
1.58056
0.448477
0.510198
1.96732
0.777351
1.95362
0.355288
1.56352
0.411696
0.51996
1.43384
1.54604
0.996081
1.03273
0.718399
0.792119
0.918661
0.420491
0.295239
0.123576
0.493886
3.91882
0.437082
0.540024
0.189874
2.17106
2.57672
2.36583
0.182661
2.13619
0.69987
0.617852
0.718153
1.1917
0.177815
2.66173
2.35132
0.680234
0.844042
1.60714
2.55839
1.27293
1.04581
1.32883
0.417933
1.75276
0.830321
2.12008
0.612482
1.51701
0.80704
0.765887
0.525732
1.13922
1.424
0.696639
1.81423
1.24004
0.841013
1.56849
0.723937
0.57042
1.04044
0.904954
0.414805
0.691399
0.275122
1.24589
2.09522
1.09941
0.983263
1.20315
0.747093
0.537223
0.232389
1.09523
1.84512
1.2782
0.638938
0.233547
1.62423
0.123154
0.800735
0.406148
0.477276
0.480538
0.814539
3.66274
0.875407
0.565108
0.444826
0.411708
0.343446
0.661886
1.25511
0.452459
0.846093
1.58876
0.386636
0.501021
1.68381
0.683751
1.54924
0.930721
1.03228
0.363913
0.270309
0.338494
0.460582
0.612478
0.207177
3.16766
1.13121
3.00993
0.291784
2.74465
0.266841
3.13426
0.818252
0.665336
0.868037
0.929259
0.769524
3.03288
0.800703
1.14609
0.593239
0.976946
1.21839
0.967888
0.504236
1.17834
1.42888
0.478979
1.63051
0.700843
1.04143
1.13409
0.473458
0.842838
0.408212
0.0610664
1.05342
0.896212
0.638175
2.6823
0.483143
0.935907
0.57977
1.21739
1.32449
0.272926
1.49464
0.632682
1.55875
0.69537
1.34862
0.57617
0.864311
1.18061
0.508561
0.374837
0.760604
2.34739
0.318211
0.368584
0.608168
1.28771
0.488108
0.913889
1.42135
2.2278
1.07253
1.54131
2.20507
1.56268
1.63998
1.04803
0.487193
1.04461
0.805314
2.26579
2.87978
0.954329
1.64613
1.55395
0.774931
1.78678
0.519711
1.95233
1.36763
1.60744
0.385411
0.37829
0.903897
1.80917
0.374063
2.08675
1.33166
0.828627
0.798864
0.441455
0.7355
0.839671
0.949263
0.725703
1.04207
1.07712
2.54268
1.78452
1.90962
0.304004
1.35513
1.07615
0.994442
0.397668
0.947531
0.811863
1.69597
0.462404
0.712492
2.83969
1.37469
0.0605662
0.78338
2.55938
2.02198
2.55976
0.740476
1.30224
0.930943
0.621206
0.875625
0.823057
0.515472
0.505243
0.95904
0.491148
0.395151
0.405486
1.149
0.339742
0.405474
0.0505992
0.612245
1.62337
0.408549
0.44425
0.155753
0.70799
0.716207
0.595002
0.343723
1.94426
0.431878
1.37084
0.469527
1.26786
1.61254
2.39517
0.638055
0.621613
1.19208
0.693717
1.21121
1.61211
1.70695
0.586665
1.63016
1.06845
1.67817
1.08016
0.686894
3.03852
0.94068
0.852444
0.333688
0.878528
1.5941
0.110093
0.77277
0.62573
2.31749
3.77269
0.444379
0.582447
1.1586
0.325056
0.724859
0.611122
1.39586
0.821201
0.372391
0.177651
1.41928
0.67436
0.208339
0.00831414
2.61309
2.70137
0.301895
1.28981
0.808153
3.31735
1.55301
1.90095
1.09223
0.83696
0.468509
0.467469
0.803829
1.14429
1.69813
0.919668
0.522829
0.1399
0.458401
0.47305
1.16492
1.15395
0.838683
1.96556
1.91883
0.430325
0.117338
0.278142
0.71972
1.69932
0.357061
1.0975
0.851634
0.150451
2.76616
1.27022
0.536366
1.32652
0.860622
0.633102
0.643466
0.988727
0.614999
0.74066
0.476072
2.13337
0.229021
0.649998
2.07344
1.84751
1.77447
2.57719
2.30567
1.6682
0.756479
2.6495
0.532032
0.418916
1.40403
1.10239
0.755482
0.130143
0.141082
0.903843
1.3493
1.74521
0.581166
1.75822
0.810161
0.444617
0.522481
0.519607
0.268008
1.63108
1.22789
0.191444
1.74641
0.302439
1.40305
1.16477
0.563913
0.552391
1.24088
0.400864
1.06916
0.428052
3.48547
0.377566
0.821196
1.48896
0.98094
1.27248
0.896109
0.327487
0.620286
1.40807
0.841142
1.57766
0.558537
1.18576
3.81872
0.552948
0.369771
0.486477
0.340529
0.797965
0.569043
0.67574
1.79352
0.316881
1.63588
2.39117
0.310222
0.128245
0.369676
1.05731
0.35844
1.77825
0.702785
0.142452
0.804142
0.346376
0.755972
1.23887
0.894821
0.400704
0.386118
1.17066
0.150758
1.20785
0.74482
0.491863
1.04473
0.808567
0.212295
1.23828
0.423416
2.26692
0.384091
0.2123
1.97436
1.6068
0.572261
0.706307
0.571514
1.17775
1.29344
1.35891
0.383233
1.65373
0.986249
1.19062
1.61601
0.876034
0.356618
0.115396
0.554232
0.301941
2.58458
1.26622
0.307598
0.714386
1.62208
2.39307
1.55588
1.17037
0.673367
0.367986
0.291189
0.297935
1.52176
0.547574
2.24188
4.89092
2.00689
2.00031
1.49917
1.03986
0.743884
1.64406
0.796053
0.451775
0.659859
1.98301
0.456035
0.490555
0.509833
0.430463
0.791729
0.691276
1.27455
0.385294
1.36567
0.823258
0.634243
0.863525
0.273767
1.42055
2.08001
0.386839
0.375285
2.22211
2.6175
0.662787
1.14331
1.5795
2.20726
1.10972
0.688488
0.234306
0.821295
0.60664
0.201217
1.09428
0.854664
0.884025
0.772432
3.65429
2.91368
1.04665
0.32715
0.576339
0.619682
0.471746
0.578178
1.79664
0.822262
1.05791
0.412674
1.03073
0.459146
1.29381
1.82107
0.235688
2.56673
0.846164
0.206631
0.596078
2.42739
0.773348
0.149343
1.42051
1.23742
1.06192
0.12341
0.635548
0.538103
1.05981
0.286235
0.225982
0.810531
2.74664
0.230826
0.331716
0.685286
1.64495
0.951293
0.155619
1.38214
0.816726
0.466055
1.37508
0.641573
0.513705
0.86014
1.03974
1.82907
0.537453
1.03989
2.79384
0.664197
1.5722
0.542967
0.999187
1.48128
0.578192
0.487699
1.61297
0.35202
0.775683
1.15601
0.436638
1.29285
0.633716
0.125994
0.580646
0.375699
1.3236
2.38283
2.82986
1.03687
1.11903
0.0518605
0.521112
0.852189
0.834466
0.467804
0.325467
1.17316
1.54663
0.224934
0.139235
1.51718
1.36169
3.8716
0.657391
0.597759
1.21924
0.398307
0.228381
0.559867
0.591743
0.377155
0.372934
0.383693
1.58613
0.860202
0.896777
0.836784
0.347706
2.6615
0.402996
2.1525
1.78587
0.112383
1.48342
0.896355
1.15354
0.733512
0.252495
0.707908
1.32625
0.984707
1.24001
2.80687
1.29931
0.47728
1.24925
2.18928
1.21306
0.937152
0.71879
0.897447
1.11048
0.580176
0.232189
0.525539
1.2961
0.534372
0.201402
1.0366
2.77618
1.15791
0.426046
0.103941
1.71867
0.755038
0.372355
0.249539
0.240442
0.598336
1.38062
3.13478
0.50546
0.603817
1.61104
0.910549
1.23325
1.37106
2.32551
0.445262
0.795259
0.466636
2.20626
1.75062
0.902462
1.36991
1.17993
0.864291
0.720855
0.246533
0.612152
0.374444
1.96061
1.37168
1.05777
0.327187
0.4771
0.965704
0.171962
0.301845
1.33205
0.60425
0.730231
1.44348
0.205349
1.89057
1.69396
1.24863
2.03752
0.185368
0.381036
1.84221
0.395244
1.60083
2.92249
2.29353
0.454018
0.997223
0.556503
1.63877
0.493969
1.41559
0.77796
0.725605
3.01658
2.32822
0.494067
1.45395
0.752867
1.30198
0.625877
0.0393659
1.17585
1.11159
0.733044
0.880361
0.902331
0.917438
0.297089
0.219232
0.66591
3.26416
0.339527
1.04273
0.531117
0.747418
0.724583
0.875664
0.652827
2.62685
0.706555
1.31564
0.8729
0.203619
0.321965
0.736502
1.16254
0.715931
0.532073
1.61788
0.0827488
1.62883
1.09518
0.23019
0.91691
1.96811
3.74946
0.977065
0.39561
1.58486
1.42598
0.397295
1.20217
1.08371
2.5123
0.320937
0.706674
0.405529
0.875987
1.47027
1.84352
0.92772
0.308565
0.28331
0.609755
1.77722
0.546962
2.55782
0.592928
0.724476
0.999453
2.44153
0.518828
0.898189
1.01102
1.28505
0.833648
1.05045
0.402042
0.382717
1.2891
0.361928
0.233279
0.548826
0.464314
1.75728
0.956278
0.289968
1.97393
0.363626
2.13366
0.605621
1.0288
0.647308
0.318442
0.270216
1.22662
1.6289
0.83384
0.800288
0.609009
2.44694
0.254556
0.646062
0.330622
0.769404
3.27544
0.398922
0.406719
0.939014
1.05806
1.20422
0.557206
0.159012
1.09795
0.602855
0.180944
0.833762
0.301757
1.98946
0.951216
0.192882
0.946698
0.471631
1.10623
3.29316
0.432296
0.450449
1.58533
1.13871
0.193482
0.969137
0.341448
0.290424
0.784404
3.66606
0.50077
0.320747
0.927616
1.29997
1.56266
1.24651
1.76219
0.870428
1.07913
1.81407
0.333885
2.18245
5.31787
1.33438
0.874425
0.841717
0.338627
1.18041
1.72265
0.680544
3.09466
0.0607528
0.537231
2.16734
0.946515
0.613231
0.55633
0.491694
2.05754
0.550609
0.209402
0.144602
0.59846
0.7361
0.190908
1.55828
2.98841
1.62137
2.15187
2.73118
0.201963
0.808852
2.28001
0.778646
1.06957
0.510221
0.67054
0.595123
1.40176
0.516166
0.708874
2.72157
1.26856
0.12459
0.299788
0.321789
0.743399
1.04651
1.0049
0.605939
0.838775
0.87025
0.653226
0.192641
1.14571
1.12296
0.444867
0.643286
0.215967
1.339
0.361563
0.83615
0.477181
1.13268
1.3214
0.140405
0.302816
2.52374
0.312714
1.41077
0.310221
1.4466
0.0608196
1.30035
0.529174
0.558537
0.585499
0.835031
1.32865
0.753484
0.720962
0.266051
0.532052
0.29338
1.3782
1.07914
2.15595
1.56835
0.253856
1.90846
0.648611
0.548551
0.594032
0.386665
1.01596
1.48042
1.63361
2.21189
2.37717
1.38044
0.299414
0.696906
0.466904
1.25724
2.41499
1.58862
1.61965
0.728918
3.26854
0.448571
0.787126
0.512785
0.612102
1.40643
1.30676
1.0373
0.695958
0.81954
0.865656
0.800165
0.798742
0.10507
0.608779
0.694275
2.51623
1.05081
1.39683
1.17712
2.75101
0.450397
2.92971
1.23982
0.466516
0.867338
1.37473
0.822979
0.0758405
0.344941
0.830424
0.803836
0.359199
1.20279
0.106045
0.225038
1.81563
0.291946
0.449066
0.403946
1.61057
0.39897
0.374417
1.38464
2.07258
2.99285
1.39301
1.61483
0.185075
0.678059
0.316816
0.935617
0.741714
0.503426
0.512626
2.33526
1.52991
0.216552
1.90422
2.42149
0.398685
0.135991
1.2533
0.186304
1.32353
0.809388
0.792484
1.80132
1.1556
0.50281
0.290866
0.893075
2.16341
0.633567
0.685271
1.08348
0.321115
1.86616
0.534133
0.897859
0.773305
0.455272
0.147904
3.14486
0.2157
0.965334
1.47486
0.92717
1.7411
1.01898
2.58146
0.272582
0.923204
0.531692
1.12755
0.744834
0.976422
1.55038
0.493332
0.929722
1.65842
0.2737
0.539378
2.01123
1.64412
1.12042
1.35409
1.29202
0.541559
0.150833
1.4097
0.234661
2.13077
0.239458
0.296881
1.05366
0.810887
2.11807
1.96069
0.613459
1.26778
0.115013
0.357462
1.10262
1.34514
0.676725
0.295783
0.592467
1.2313
1.07372
0.400422
0.793176
1.16884
1.3033
0.752506
1.06543
0.224437
0.535891
0.568538
0.994673
0.230519
0.575958
1.10998
0.584995
1.02172
0.638353
0.939215
1.44013
0.492049
0.985722
1.50536
1.58041
0.606592
0.766801
1.68229
0.64863
1.84601
1.07219
0.144143
0.73433
1.77166
4.00456
0.639984
1.2645
0.828821
1.49641
2.30833
0.976914
0.655624
1.76932
0.70282
0.347759
0.820783
2.15005
2.24568
1.09566
1.59221
1.58657
0.707579
2.12898
1.20611
0.0594032
1.10646
0.917606
1.86354
0.509302
0.606973
1.15584
1.53396
0.400107
0.265478
0.201925
0.38756
1.5646
1.00692
0.376758
2.10385
1.59711
0.752263
0.162854
1.2568
2.67417
0.646815
2.48434
1.22785
1.79357
1.30483
0.806644
1.75525
0.800396
1.64853
0.528083
1.03599
1.05077
0.30345
1.10384
1.50634
1.25527
1.32921
2.23019
2.39542
1.53952
0.386698
0.469514
1.69767
1.08351
3.87168
0.83654
0.0926283
0.474227
0.246165
1.40447
0.357256
1.00717
0.622928
0.365798
1.50548
1.11076
2.13705
1.38268
0.344165
1.32115
1.66559
0.190988
0.266253
0.484089
1.94855
1.198
2.43333
0.386382
1.86491
1.25824
0.282839
0.587464
1.45428
0.455484
0.254663
0.444559
0.800669
0.34115
0.160494
0.616254
0.143305
0.140663
0.0995668
1.1192
0.48361
3.06573
0.16862
5.27905
0.708132
0.799137
0.604495
2.65019
1.34503
0.663798
0.765005
1.44538
1.03183
0.420046
1.37802
0.878996
2.24245
1.5745
1.19699
0.708179
2.22046
1.49502
1.88494
0.904951
1.32135
1.13705
1.04422
0.954077
0.115038
0.250963
0.776992
1.02475
0.317404
2.06313
1.63818
0.856139
1.3533
0.506425
2.35221
3.62619
0.551701
1.56284
0.32005
2.21386
0.708281
0.836906
1.06912
1.26859
0.860908
1.03951
1.18124
2.13682
0.827728
0.651835
1.06418
0.285428
0.573791
0.760535
0.507989
1.5015
1.35456
0.38098
1.21734
0.604853
1.18923
0.94825
2.0276
0.533365
1.18022
0.417223
1.02013
2.37526
3.30274
0.177491
0.061241
0.818219
1.29962
0.250514
1.64071
0.309935
0.237571
0.773075
0.237534
0.543331
1.10608
0.833631
1.91666
0.714344
0.593047
0.719338
1.47853
0.70837
0.482025
0.998787
0.813947
1.01885
0.884374
1.18466
0.88339
1.81055
1.59528
0.127219
1.08273
0.596071
1.39146
0.609743
1.38398
0.509662
0.30212
0.403241
1.38912
0.885313
0.565334
1.16973
1.54205
0.923736
1.83232
0.185484
0.628194
1.22821
1.88684
0.388784
0.42396
0.815716
1.16602
0.424251
0.227022
0.490549
0.425355
1.24199
0.747908
1.03828
1.95741
0.10735
0.949722
0.689297
0.515817
0.0384021
1.72
0.627161
1.08695
1.7033
1.38192
1.30633
2.00441
2.95504
0.395998
2.4557
0.495526
2.95344
1.03878
0.695794
0.614725
0.434753
1.14512
0.629212
0.769082
0.198909
0.621719
0.089863
0.624475
0.809968
1.04476
1.59805
0.24457
2.15912
0.96043
1.85972
0.931782
0.736198
0.219592
1.7559
0.688353
0.279826
0.862877
1.75861
3.44547
1.87058
1.0717
1.5526
1.33649
0.330551
0.888042
0.470362
2.48321
1.65991
1.02705
1.52239
1.57142
0.40523
1.05084
2.21297
0.84205
0.299624
0.818808
0.443402
0.13764
2.37624
1.11362
2.00156
0.634086
1.18657
0.526531
0.396148
0.673474
0.339845
1.70365
4.75209
1.08427
0.459576
1.67325
1.56104
1.12627
2.3233
0.923268
0.837632
0.296162
0.752557
2.91707
1.5537
0.961518
0.550602
0.501366
0.543844
1.74246
0.675161
0.582593
0.955888
2.35103
0.322873
0.857337
0.267525
0.264768
0.0739494
0.284902
1.66606
1.66565
1.99742
1.86058
1.1474
0.456488
2.43054
0.527383
0.541484
0.660512
1.03136
0.735013
0.320141
0.874604
0.970674
2.74135
0.63439
0.630093
1.069
0.812793
0.29242
0.451908
1.13992
2.41337
0.848418
0.973377
0.620998
0.907899
2.8692
1.23109
1.78221
2.03834
0.33725
0.800989
0.398373
0.468042
1.69161
1.53669
0.455972
1.07896
0.80511
0.570581
0.528712
0.433251
0.132891
0.424287
0.47918
0.74685
0.825011
1.67255
2.29293
2.19849
2.65489
1.99513
0.678742
0.719749
1.90665
0.455399
0.455637
0.650207
0.66608
0.113933
0.197303
0.390045
1.08563
0.496055
0.233954
0.954317
0.523522
0.441705
1.02502
0.796608
0.605598
2.15723
1.04036
1.31466
0.175644
0.522992
1.60665
0.644662
1.24061
0.497048
1.19277
0.708872
0.357299
0.591509
2.69257
1.72078
1.1413
2.25025
1.55675
0.340459
1.57861
1.52017
0.79282
0.266484
3.56598
0.126581
1.19073
0.374019
0.933186
0.879677
4.86439
0.525401
0.479754
1.26117
1.54169
0.925422
0.737179
0.399521
3.71329
1.70208
0.475526
1.22574
0.276464
2.45465
1.47361
1.69109
1.18325
0.175425
0.918472
1.05533
1.00797
1.24865
0.271069
0.945842
1.23085
0.775391
1.62487
0.719797
3.2156
1.21212
1.0313
1.85545
0.502633
0.805897
3.13931
0.233645
0.873441
0.961403
0.0812728
0.77714
0.741124
0.387448
0.978222
0.387236
1.02003
0.734408
1.12136
0.522451
1.54129
0.705783
1.0401
0.774619
0.326613
2.09922
0.684331
0.288514
0.924085
0.938872
1.46461
0.0364542
2.33269
1.95417
1.28063
0.589891
0.330846
0.659886
1.83775
1.05794
0.415419
0.665095
1.20668
1.27075
1.05486
1.00459
1.80986
1.00851
1.17937
0.986585
0.762655
1.00017
0.668592
0.585002
0.783215
0.378371
0.179363
0.957305
0.326051
0.0425901
1.08881
3.32419
3.20732
0.142935
0.668838
1.49374
1.44787
0.524435
0.978846
1.50637
1.37178
2.52343
0.552324
2.34521
0.598951
1.51623
0.175326
0.14035
0.0296464
0.836677
1.00883
1.14639
0.806886
1.2767
1.61181
1.17512
0.0672654
1.61458
0.634718
0.0873425
1.68329
0.994215
0.815588
5.49576
0.38719
0.401683
1.94194
2.17653
1.60259
0.0737836
1.02502
1.82389
0.116008
0.20959
0.832576
0.54811
0.730225
0.54562
0.300818
0.905411
0.213589
0.614674
0.549151
1.61342
0.784775
0.891535
0.531245
0.296159
0.663412
1.00356
0.805907
2.19026
1.3161
0.884386
1.04762
0.13601
0.862574
2.35492
2.3934
1.03025
0.717429
0.672032
0.651773
0.328651
1.36305
0.83672
0.547415
2.63965
0.780767
0.878512
1.71063
0.266114
0.899061
0.641871
0.561315
0.431599
1.7427
1.14234
0.970798
1.05776
2.19395
0.16823
1.10609
0.850235
0.426502
1.11212
0.619364
0.265704
0.732357
1.78269
0.549384
0.68107
1.37662
0.264111
0.58841
3.51989
2.4839
3.56469
0.762857
0.751809
1.05898
0.56019
0.432468
0.479514
0.530955
0.608417
0.529258
0.549073
0.520488
1.0121
0.326488
0.551195
1.58547
0.336438
3.41564
1.16235
0.258115
1.15944
0.182629
1.38835
2.22808
1.10402
2.44262
1.47599
0.924282
1.10798
0.273365
0.724385
0.304027
1.15891
0.207394
0.306752
2.23464
0.465339
0.51314
0.774547
1.54838
0.734078
1.5672
0.582388
2.48817
0.928004
0.677006
0.0397325
0.706339
1.45293
2.41682
0.29228
0.687785
0.395921
1.34734
0.557146
1.60992
2.08961
0.47727
0.317362
2.89626
0.547897
0.221536
0.508275
0.397747
2.24884
0.792279
1.5424
1.66043
0.974796
1.0665
0.912847
1.11729
0.248329
0.0941849
0.24413
0.687654
0.135908
0.846733
1.3476
0.993402
2.22586
1.45679
0.333407
1.75027
0.940853
0.813974
0.613003
0.355525
1.11377
0.695286
1.47328
0.289766
0.51007
0.468713
0.232662
1.47941
0.842398
1.02566
0.488049
0.788351
0.147086
1.2264
1.92583
1.14615
1.55594
2.06397
0.935271
0.608996
1.06895
1.09602
1.29268
0.357252
2.23468
0.50644
1.88613
0.690207
0.88908
1.18522
0.815087
0.760801
0.896574
0.358576
0.167742
0.198947
0.664382
0.298421
1.98562
0.550802
1.18475
0.667366
1.58125
1.26527
1.85714
1.55542
0.153225
0.375498
0.302978
3.99507
0.318382
2.15492
1.09103
0.733758
0.838951
0.435764
1.0685
2.4575
2.00399
0.866084
0.747962
0.642893
1.10617
1.68451
2.02505
0.817374
0.658741
0.882781
1.29445
1.27896
0.73447
0.228041
1.09872
0.486971
0.388234
1.00341
2.24177
1.37157
0.360869
0.0382285
0.810587
0.557731
0.798424
0.517275
0.506447
1.05501
0.827411
0.821364
0.874758
0.0765508
1.93056
0.335639
1.89341
0.659469
1.85391
0.310326
1.18573
1.06089
0.394547
0.841885
0.134235
0.821686
0.758087
0.551241
1.27638
2.26456
0.439681
1.18731
1.83638
1.92472
1.94161
1.01697
2.17466
2.11827
1.04154
1.70771
1.04461
0.255772
0.262759
1.03866
0.571175
1.76221
0.029537
1.30589
0.911583
1.98034
1.12321
2.70311
1.9616
1.32678
2.99391
0.875171
1.87114
0.866326
2.27046
0.514986
0.583575
1.67637
0.513913
2.92755
0.856762
1.01531
2.71157
0.600218
1.9808
0.483409
0.506842
0.735423
0.236162
1.46804
0.723894
2.35907
1.54251
1.58746
0.852337
0.604181
0.467251
0.11616
0.547208
0.262369
1.10137
1.35171
0.676097
0.153903
2.33198
1.34071
0.184843
0.73849
2.39296
1.5377
1.21854
0.0195226
2.30137
2.15808
1.272
0.650251
1.73689
0.614775
0.184324
1.88026
0.839891
2.21988
0.852871
0.112078
0.340794
1.45847
0.655197
0.172889
0.293054
2.52337
2.68621
0.419031
2.36305
0.756142
1.32337
0.41879
0.912984
0.999797
2.55882
0.643504
1.53969
0.314124
1.26604
0.861146
0.160999
0.32109
0.187626
1.38891
0.909915
0.819995
0.645063
1.64112
0.151836
1.50958
2.14832
1.62784
0.665269
1.48915
2.17538
0.896495
1.9023
0.92945
0.684157
1.53874
1.00984
1.12719
0.509608
2.03926
0.270025
0.213095
0.23951
0.704722
0.425152
0.121175
1.07572
0.897403
1.9034
0.60132
0.3763
1.02197
0.860525
0.478222
0.946791
0.50038
1.37225
1.46519
0.994434
0.732664
1.03129
0.0640404
2.36617
0.275683
0.918422
1.04072
0.220353
0.747462
0.329882
0.953517
1.70116
0.390374
0.616198
0.791126
0.324225
1.73014
0.108047
0.350301
1.24556
0.517431
0.157669
0.507357
1.94159
0.53434
1.02791
1.44945
0.639965
2.50264
3.13199
0.626317
0.907093
1.66349
0.653316
2.18487
0.527052
0.393168
0.266708
2.1701
0.839141
1.6285
0.298692
0.51648
1.66166
0.327659
1.31917
1.68285
0.5128
2.65676
0.951312
1.80204
1.08351
0.512167
1.03065
0.690306
0.0633643
0.433332
0.49351
0.141282
1.38211
1.82548
0.673199
2.26456
0.571642
0.252132
0.959794
1.67043
1.67223
0.828759
1.0769
0.31016
2.48016
1.139
0.640275
1.20632
0.348143
0.850099
2.24931
0.487862
2.53639
0.367329
1.64596
0.481153
0.927631
1.70105
1.34308
0.961061
0.480786
1.6449
1.05422
0.110884
0.881891
0.0998502
0.356763
1.47909
1.73909
1.71589
0.523075
2.04529
0.955993
2.63214
0.668867
0.596807
1.19324
0.839385
0.863179
0.772364
0.637711
0.187945
1.45857
0.108963
0.817569
0.0630006
1.44282
0.952404
4.75319
1.60472
0.201629
1.62922
1.35131
1.29863
1.71223
0.2588
0.615295
1.2972
2.77278
1.00406
0.996041
1.30707
0.718119
0.14986
0.815001
0.304453
0.193447
2.16981
0.534148
0.714236
0.350994
1.31378
0.21249
0.710846
1.18266
0.74703
0.392846
2.68461
0.578299
0.583497
0.143458
1.08525
3.08334
1.64868
1.78272
1.29205
0.0559283
1.01817
1.81356
0.989128
0.948763
0.457971
1.08885
0.987516
0.599769
0.205763
0.8394
0.973609
0.272661
0.13548
1.92673
0.766309
0.727075
1.4092
1.39552
1.63076
0.266678
1.22911
0.110656
0.521862
1.03308
0.156532
0.0729558
0.589785
1.72906
0.356048
1.03195
0.157852
1.16323
2.20362
0.939198
1.22085
0.589087
0.284983
2.04553
2.41823
1.18421
0.643434
0.675348
0.574369
0.648792
0.951091
0.66131
0.913075
1.36706
0.0797148
0.34696
1.66438
0.312985
0.740725
2.41323
0.279875
1.26839
2.59578
2.11372
0.284651
0.637106
0.151822
0.907111
0.881232
0.864814
0.416766
0.863286
0.857253
0.497008
2.59966
1.13208
2.43591
0.387949
0.903645
0.361564
1.81189
0.731175
0.543169
0.266822
1.71862
1.19513
1.82772
1.18017
1.87135
1.21821
0.244793
0.408808
1.11097
0.562097
1.1817
0.452259
0.370784
0.243402
1.29893
2.61636
1.40038
3.18251
0.997757
0.137386
1.26367
1.42549
1.44586
0.718491
0.879083
0.594362
0.5592
0.381478
2.29661
0.348879
0.457776
1.63027
0.473038
1.53066
0.905718
0.220332
0.176075
0.296381
0.468165
2.21608
0.93873
0.474138
0.222089
0.287498
0.758421
0.908422
0.554597
0.134734
1.64413
1.81293
1.06857
0.723797
0.385383
1.23741
1.21253
0.332486
0.289966
1.77447
0.510295
1.77452
1.66804
1.89181
2.11825
0.902992
1.73862
1.28631
0.543714
1.11505
1.94961
0.736302
1.83512
0.31085
1.18744
1.27376
1.41817
1.31953
0.493415
0.720064
0.197936
0.615998
0.569692
0.197567
0.331774
1.62295
0.401901
1.70837
0.873744
0.978028
1.04162
1.13486
0.671856
3.06168
0.254179
0.259335
4.02246
1.05526
2.3401
0.9982
0.204919
1.18502
1.2999
0.212873
0.522294
0.629948
1.04347
0.0863147
0.503168
0.147523
2.2293
0.884425
0.208765
0.806578
1.19021
1.48018
1.32356
1.20762
1.12822
2.77469
1.33358
0.561986
1.16778
1.92585
1.77865
0.867474
0.496214
0.668023
0.586107
0.221596
2.01327
1.16484
0.322048
2.31072
0.481319
1.00735
1.37221
0.299128
1.14625
0.423052
0.298198
0.19784
1.94548
1.35881
1.13907
0.81856
0.463262
0.341916
1.96783
2.79292
0.600164
1.00208
0.321064
0.484795
0.361546
0.40932
0.45709
0.411297
0.719113
0.153308
0.670517
1.83233
1.09855
0.508301
0.409462
1.04413
0.568712
0.593232
0.258591
0.90225
1.10552
0.151769
0.397267
1.65913
0.559389
1.49529
0.384828
0.585785
0.556963
0.224897
0.109372
0.663186
0.371984
2.08749
0.1763
0.971968
0.841567
0.167362
3.19837
1.47971
0.819888
1.3248
1.56363
0.965128
0.430512
1.76781
0.672468
1.76612
1.41534
0.329554
0.83706
2.13094
1.16895
1.3331
0.471874
0.311472
0.79068
0.374163
0.77827
0.172066
0.025609
1.6031
1.24119
0.523012
1.00162
0.656897
1.82444
1.57279
0.233586
2.64899
0.559825
0.997997
1.22875
0.169137
0.34035
1.16909
0.944652
0.525172
1.35498
2.3882
2.02472
2.75747
1.07459
2.32186
0.793207
0.54656
0.186774
0.430584
0.777286
0.169276
0.893153
0.958911
0.574764
0.574306
1.09356
0.228507
0.571672
1.06104
0.941208
0.731607
1.09538
0.114011
1.8482
0.0648309
0.686741
0.11044
0.665105
0.453804
0.420926
0.618549
1.01857
0.401254
0.178549
2.04676
3.26552
0.440786
0.687165
0.678563
1.21807
3.30208
1.86898
0.423949
0.199595
1.17036
0.273659
0.278772
0.640607
0.850689
1.17526
2.03687
1.16737
2.10463
0.3192
0.862486
0.918807
1.49666
0.701662
0.833519
1.70366
1.72406
0.638821
0.657087
1.39428
0.921803
1.33176
1.00318
0.293442
1.0176
0.148942
0.898669
1.36414
2.48896
0.50351
0.95832
0.356719
2.02075
0.266482
0.54412
0.0886305
2.00567
0.622638
0.177761
0.772865
0.895705
1.99443
0.985289
1.73179
0.739802
2.06182
0.925339
0.98168
1.42941
0.252581
0.233854
0.0133666
0.421404
1.39937
2.74943
1.65514
0.759638
1.7259
1.59441
0.928033
0.511207
1.08406
0.490295
3.13352
0.711237
1.34164
2.66344
0.889304
0.862267
1.14956
1.39497
1.36853
0.21444
0.256135
1.28995
1.36023
3.75838
0.533931
0.462057
0.747716
0.377265
1.75891
0.600566
0.963133
1.35409
0.687115
1.54585
2.5532
1.44468
1.18903
0.0413407
0.782919
1.19414
1.62389
1.37296
1.30108
2.2006
1.09935
1.19715
1.93635
0.438866
1.23491
0.869858
1.28834
1.213
0.901562
0.223734
0.732746
1.81235
1.00591
0.178776
1.39031
0.143652
0.323945
0.516165
1.80262
0.798811
0.281267
0.45081
0.903788
0.679515
0.491271
0.77521
0.145392
1.33958
0.830652
2.04747
1.02159
0.54348
0.480229
1.07408
1.23619
2.32891
1.12871
0.608934
0.215422
0.614427
0.456406
0.708277
0.888509
0.685145
2.29388
1.53126
2.9436
0.102043
0.519345
0.33859
0.394311
0.444425
0.208647
1.49003
0.849584
0.45268
0.606466
1.5255
1.06932
2.12222
1.92797
1.2387
1.32125
0.914608
1.28893
0.89283
2.08544
1.17283
1.26666
3.57497
0.0794473
0.634438
1.62584
0.93521
0.383941
1.15293
0.599798
1.63294
2.04053
1.97821
1.55278
0.970296
0.87241
0.842229
1.01366
1.0665
0.155933
1.85499
1.99368
0.544484
0.218107
1.21735
1.16502
0.665983
0.3124
0.727489
0.301688
2.18126
0.151173
0.794193
1.15948
0.512208
0.647193
3.43929
1.92708
3.09967
3.3727
1.17403
1.05383
4.31236
0.876708
0.128496
1.57188
0.888395
0.950572
0.611954
0.797048
0.456266
2.01445
2.98687
2.61986
0.866221
1.09189
0.319083
1.41894
2.67026
0.583279
0.634074
1.4381
1.38758
0.644458
0.325056
0.672164
2.32359
0.0442559
0.675341
2.47359
0.158997
0.293316
0.492241
0.669138
0.616313
1.07086
0.710623
0.631186
0.82337
0.979405
1.37131
0.717471
0.896176
0.851643
1.10511
0.484749
0.649332
0.635774
0.35059
0.973209
1.48696
1.38216
2.31741
1.42426
3.83496
1.5456
1.25527
0.501803
0.406358
0.275139
0.116429
0.440759
2.09186
0.985688
0.835217
0.894342
0.226632
2.4733
1.93715
0.537631
0.251355
0.278069
0.947346
1.46707
1.04054
0.575978
0.537739
0.370505
0.873919
0.077822
0.581664
0.519096
0.648566
2.12821
0.213749
1.35301
0.105621
0.16586
1.02723
0.642535
0.49175
0.839139
0.438626
0.556935
0.350554
0.963992
1.77589
1.07471
0.173451
0.479483
0.982208
1.02584
0.460563
2.56004
3.91113
1.0896
0.352114
1.14183
2.03889
1.30519
0.220147
0.775531
0.933541
1.04299
0.296156
0.324723
1.18257
0.273592
1.50337
0.809969
1.44699
1.23151
0.51902
0.192542
1.34353
0.256362
0.622434
2.40233
0.454631
1.11846
0.15008
0.0825723
0.451098
1.06769
1.03054
1.28103
0.968767
1.42778
0.481741
0.107065
0.268395
0.574213
0.185592
0.602783
1.09126
0.268807
0.24263
0.300681
0.937365
1.8574
0.376562
0.0602333
0.447007
0.908825
1.1412
0.300031
1.5582
0.817524
0.430223
0.211233
0.218023
1.63103
0.259794
0.847504
0.752009
1.13458
0.477794
0.533858
0.222244
0.47976
0.792145
0.443741
0.455235
0.471482
1.10435
0.351057
1.80016
0.0898972
0.785519
0.262843
1.55112
0.2129
1.1311
0.562484
0.249495
1.25118
0.852046
1.22306
0.506076
0.56882
0.202511
0.637221
0.965562
1.40419
1.60615
0.802849
2.32525
0.776188
1.05695
1.09036
1.9261
3.01491
1.42073
0.164256
1.49181
1.89669
0.254456
0.271776
0.517456
0.281124
1.19983
0.469374
0.850941
0.715838
2.23712
1.2566
1.48398
0.745113
1.03095
0.372358
0.421809
0.0569734
2.17722
1.28065
0.739276
0.842395
0.252519
1.70619
1.25288
0.382502
1.0995
2.17253
0.744084
0.356953
0.916601
0.768857
0.342095
0.686499
0.915536
0.342905
0.429279
0.555792
1.0433
1.78773
0.514761
0.443258
0.42966
1.4713
1.0088
0.574651
0.86616
0.17382
2.81683
1.22326
0.123702
0.512821
0.222914
1.00345
2.05309
0.470396
3.45125
0.24657
1.42414
0.251072
1.47081
1.21305
2.58242
1.983
0.386908
1.93697
0.688574
1.86805
0.686702
1.02476
2.44946
0.0684819
0.351338
0.122557
0.707013
2.51307
3.17975
0.0624333
1.47138
1.84763
0.0887382
1.4807
1.25778
0.530807
0.571973
0.864844
0.685793
0.945315
2.61393
0.601757
0.714682
0.24729
0.323351
1.9276
0.335003
1.21921
0.727947
0.729225
0.617508
0.400579
0.143653
0.173553
1.66151
1.38415
0.258936
1.00086
0.653924
0.641449
0.734587
2.65203
1.56048
0.799719
0.817176
0.29248
0.957513
0.0581665
0.881636
0.199967
1.68382
0.765084
0.329621
0.327016
2.20493
2.3406
3.51412
2.43852
0.153977
0.0539762
0.491356
0.155174
1.32155
0.52668
1.59731
0.700507
0.549772
0.37153
0.144488
1.92658
1.13013
0.264931
0.692847
0.454045
1.03536
1.30923
0.271864
0.333469
0.392729
1.6708
0.482336
1.25866
0.720506
0.719298
0.595943
0.168984
2.09642
1.11333
0.949576
0.558907
0.805457
0.691877
1.10025
2.66706
0.161538
1.03027
0.666211
1.74329
0.224916
0.600604
0.649455
0.633291
0.64509
2.37544
1.13437
0.861547
0.771328
0.586337
0.320402
0.994875
0.452461
0.169181
0.749002
0.641356
0.866485
0.687968
2.57245
0.358258
0.711352
1.50439
0.310763
0.185813
1.60342
0.13404
0.822652
3.16145
1.68985
0.224188
0.14075
1.19129
1.30945
0.459824
0.569336
2.1766
1.1019
2.19855
0.826568
2.62126
0.64867
0.821167
2.61854
2.89376
0.728198
0.327774
0.852664
0.594849
0.96065
0.848848
0.695354
1.17985
0.262086
0.64661
0.765241
1.79805
0.12462
1.0118
0.202922
0.96153
1.35903
0.161089
0.584802
0.509743
0.663491
0.287979
0.997052
0.572586
0.244548
1.24475
0.317569
1.31653
0.484992
1.12857
4.09961
0.846644
0.874227
1.80695
0.852912
1.58565
1.37055
0.87181
0.394167
1.00458
0.596477
0.407462
0.844589
0.96422
0.983826
0.836474
0.479031
0.558483
0.593424
0.343196
0.617106
0.589101
1.04954
0.639983
0.867429
0.141853
0.914877
1.19768
2.48469
0.680031
0.434869
0.996227
1.61178
0.163305
0.450056
1.08606
1.16122
1.89146
0.613587
1.84015
0.388729
2.40978
2.84225
0.933365
2.02272
1.22892
0.605398
0.171563
0.711804
1.67331
0.544331
0.746856
0.892284
0.866666
0.514299
1.1545
0.456368
0.801124
1.98863
3.11316
0.323216
0.643821
0.576288
0.583459
0.367335
0.590661
1.39313
0.863076
2.69032
0.492501
0.737707
1.25897
0.736401
1.93909
1.27719
0.102787
0.512416
0.475563
0.507195
0.453505
0.535011
1.10791
0.463108
0.224035
2.52131
0.661765
1.08547
0.151091
0.177884
0.405794
2.38883
0.405556
0.901364
1.21729
0.17275
0.82816
0.212585
1.42721
0.831091
0.55249
0.427832
0.673912
2.64892
2.27765
0.34175
0.421293
0.203087
0.562916
3.45775
0.535905
0.819258
0.999207
0.173769
0.446544
1.27476
0.647555
0.206081
0.253198
0.830928
0.705501
1.52298
0.79441
0.269553
0.322398
2.47689
1.43287
0.385901
1.5314
0.27476
0.695298
1.18126
1.29707
1.06827
1.25116
0.620903
0.748488
0.132751
0.613443
1.97468
2.45011
1.15633
0.277767
1.23582
1.04802
0.0615923
0.970211
2.12141
1.25359
3.03651
0.588925
1.65912
0.709884
0.534194
0.190672
3.00526
0.378043
0.450256
0.112344
0.477038
1.66368
0.0790468
0.88854
2.2502
0.591683
0.305678
0.0559965
1.55354
0.292833
0.940882
1.01259
1.82128
1.73647
1.72106
0.839877
0.955508
0.502015
1.76431
2.71583
1.44705
0.695068
0.8716
0.510162
0.150277
1.99638
0.566908
1.04637
2.12163
2.20157
0.540553
0.813797
1.98133
0.545553
0.949336
1.35348
1.71591
0.0964276
1.97811
1.54769
0.355202
0.840164
1.16163
0.83056
1.34697
1.57181
0.798146
0.742561
0.527612
1.37094
0.619393
0.956501
0.81616
0.919789
0.760239
0.642165
0.523665
0.622644
0.52494
0.729248
2.73999
1.16717
1.08289
3.22779
1.38608
0.6507
0.605094
0.221721
0.452369
0.575857
1.71635
1.61169
0.821662
0.958187
0.563175
0.708163
0.190963
0.677944
1.84024
0.698652
1.21628
0.940222
1.24945
2.17299
0.532944
0.0332627
0.559635
1.28226
0.224639
0.694134
0.368045
0.264524
2.04422
0.0529994
1.30823
1.18097
0.469497
2.40491
2.00286
0.451795
0.259471
0.765661
1.45022
1.75577
1.08126
1.28297
1.19677
0.466843
0.561924
2.14297
0.751476
1.13755
0.346357
1.31013
0.358534
1.1456
0.686146
0.818423
0.216752
2.92185
0.699885
1.29571
1.3582
0.210005
0.441511
0.57456
0.970403
0.215066
0.801271
0.228999
0.270681
0.28932
1.00593
0.877032
0.301227
1.92518
0.60042
0.728496
0.027431
2.03825
0.29589
0.983876
0.0795973
0.70239
0.327862
0.350434
1.49559
1.0983
0.707489
0.422572
1.05647
1.60588
0.263745
0.964322
0.414761
1.05972
0.52504
0.88321
0.416504
0.965959
0.138623
0.887005
0.373745
0.399974
0.507243
1.22383
0.418046
0.61911
0.724558
2.35812
0.330969
1.63353
0.940076
0.676721
1.17862
0.794564
0.414964
0.551064
0.369757
0.335906
1.36355
0.197679
0.922416
0.398797
1.86921
1.04343
1.45309
1.37683
0.671943
0.328987
0.95942
1.75074
0.90747
0.578316
0.390843
0.775669
0.805809
0.481947
0.427715
0.465682
0.819564
1.27551
0.930756
0.446979
0.900949
0.263264
0.195023
1.09914
0.555307
2.6556
1.20229
0.68752
0.449257
0.598971
0.975046
0.403174
0.0451928
1.08678
0.518576
0.718873
0.247131
0.881628
0.449473
1.15111
0.399755
0.121168
1.07876
0.469625
1.02556
3.04167
0.663608
0.231386
0.231085
0.23038
3.75855
2.69754
0.627527
0.901297
2.45843
0.48479
0.306399
1.55445
2.77826
0.618229
0.602455
1.50954
0.557835
0.284972
1.7812
0.964868
1.09147
2.67615
0.744726
0.672983
1.33623
0.207529
1.32254
0.465803
0.360294
0.519699
2.23036
0.635729
0.799258
1.64655
0.111921
0.963071
0.225406
0.827319
0.548814
0.450868
0.807296
1.79281
1.02836
0.189319
1.44325
0.194319
1.09571
1.32673
2.28392
0.504912
0.255726
2.74636
0.68715
1.12463
0.240572
0.777247
1.86007
1.99306
0.653182
3.14791
0.717822
0.258607
1.99598
1.06937
0.567268
0.432031
1.54959
0.158893
0.891621
0.427521
1.59034
0.671752
0.998256
2.48427
0.869612
3.60487
0.476625
2.10459
1.31699
0.945446
0.287344
0.611432
0.928899
0.596539
0.801742
0.692576
0.634974
1.92703
1.21579
1.32746
1.46377
0.314086
0.537011
1.02423
0.132769
0.855344
0.564018
1.18885
1.24039
0.748548
0.36503
0.871585
0.583073
1.36788
1.10705
0.561804
1.96158
0.516455
0.121301
1.31103
0.944082
1.31007
1.06816
0.45611
1.0107
0.52083
1.04686
0.424938
2.4587
0.798275
0.834345
0.986382
0.216655
1.89322
0.781085
2.93007
0.726184
0.426536
0.863901
1.1189
0.963323
0.18848
0.35649
1.75167
1.21689
0.259309
0.180614
0.738356
2.04692
1.03002
0.236035
0.231297
0.395243
0.03278
0.684143
1.02993
0.701796
0.542713
0.356496
0.674167
0.457791
0.152503
0.812509
1.2358
1.21436
1.16589
0.808401
0.855779
0.0675696
0.178549
0.51288
1.21536
2.71995
0.132282
0.583219
0.535885
1.61059
1.33532
0.771283
0.703136
1.84918
0.173776
0.668754
1.44489
0.267675
0.77504
2.2753
4.48258
0.552085
2.06284
0.978112
0.523539
0.397497
0.950285
0.438322
1.27496
1.10153
0.526386
1.00757
0.178302
0.244608
1.14209
0.692826
1.0377
0.568366
0.455546
0.208735
0.72325
0.912625
3.13832
0.869272
0.734457
0.364932
0.651215
1.43218
1.46114
1.28221
1.92874
0.423231
3.66945
0.479834
0.477339
2.51344
0.69768
2.23872
0.909517
2.0192
1.17357
0.657578
1.04809
0.63324
1.30496
1.06882
0.866106
0.373045
0.974142
0.651776
2.29904
2.26948
2.11137
0.310738
0.832663
1.21863
1.4135
0.662804
0.338456
1.02858
2.65177
0.60669
1.04399
1.14506
1.68398
0.647226
0.192662
1.02489
0.935269
0.34925
0.907682
0.678183
2.52141
0.745136
0.125652
1.73989
0.0761674
1.00029
1.94185
0.212545
1.31724
0.755643
1.21815
0.219158
0.576846
1.31175
0.597717
0.79653
0.176139
1.50877
1.72867
0.0522686
1.38843
0.927035
0.517813
2.24088
0.954598
0.392129
0.985837
1.33303
1.27807
1.99472
1.00741
1.65177
1.80588
0.339144
1.40642
1.52037
1.23607
1.58794
0.565785
0.278996
0.472264
0.621279
1.30008
0.524575
1.03166
0.183142
1.14986
1.22177
1.30913
1.7742
1.44352
1.86826
0.3502
0.818457
1.04346
0.634203
0.0980463
0.647403
0.20492
0.231621
1.40501
0.815203
1.30544
1.56973
0.513015
0.295007
0.519091
1.01881
0.777328
0.59456
0.408635
0.921005
0.910863
1.91876
0.468169
1.16955
1.23298
0.479984
0.533844
1.44159
1.70286
1.09607
0.963233
0.109291
0.653049
0.130058
2.70577
3.20969
1.47214
1.38166
0.501655
1.87744
1.21457
0.951136
0.373027
0.592714
2.42747
1.67339
0.28829
1.38655
0.921265
0.0889824
0.524393
0.164621
0.615805
0.434288
1.20546
0.888836
0.67719
1.37456
1.47076
0.843592
0.510779
1.22391
0.546344
0.246467
0.884197
1.16006
2.38512
1.14993
0.199008
1.81051
0.622045
2.50564
0.726704
0.85894
1.12025
0.311155
0.185913
1.85819
1.83547
1.36322
1.63307
0.930064
1.01375
2.33014
1.81318
1.29172
0.457592
1.10669
1.0875
1.19489
1.41501
0.426594
1.51626
0.362495
0.371668
1.40458
1.7742
1.0208
1.46759
0.522181
0.817061
0.9223
2.09885
1.01813
1.00587
1.10126
3.22556
1.02122
0.804017
0.770343
0.282819
0.08305
0.495443
0.770536
1.01807
0.113993
1.47814
0.934702
2.50067
1.17306
1.54586
1.47853
2.06371
2.10224
1.0287
0.898556
1.53906
0.500587
3.08238
0.54245
0.0659575
1.82749
1.32726
1.25553
0.126808
2.12421
2.44534
0.168182
0.684087
0.301133
0.436357
0.435334
2.12031
0.762192
1.26914
0.747574
1.86849
0.98035
2.19049
0.786377
1.9331
0.709529
0.635071
1.9085
1.87811
1.66963
0.923939
0.39375
0.369395
1.00018
1.40215
0.7313
0.701268
0.252363
0.282126
0.0213676
0.924013
0.749913
2.13752
1.38223
3.13736
2.58599
1.06296
1.10618
1.23878
2.31565
0.0960832
0.527131
0.872152
0.558582
0.517907
2.12025
0.501327
0.600365
0.383606
0.683506
0.639668
0.729193
0.903948
0.318877
2.34331
0.484299
2.07018
0.652503
0.994094
0.443214
0.545013
1.50987
0.611942
0.851892
0.358463
0.63148
0.357513
0.876654
0.267577
2.2589
2.79619
1.40402
1.03534
0.258666
0.831271
0.692887
1.88326
1.36887
0.513348
1.0079
0.888549
0.729172
0.496853
0.214977
0.628188
0.965207
0.504741
0.626011
0.453523
0.628833
0.137764
0.208349
1.06686
1.46324
1.54171
0.960654
0.624643
0.481626
0.985741
0.242653
1.4539
2.41421
0.201605
0.743453
1.59588
1.27599
0.508153
1.75528
0.686171
0.890167
0.163259
0.680238
0.336974
0.140978
0.553516
1.99247
1.0328
0.77027
0.835443
2.02508
1.00841
0.560207
0.323485
0.954982
0.201198
0.221009
1.98185
0.588668
0.965279
2.96206
1.06934
0.727448
0.33584
1.16309
1.07654
0.946339
2.87371
0.74044
0.713272
0.801725
1.24567
1.08593
3.15464
2.60231
0.618146
0.808779
0.100394
0.247499
1.26022
0.514962
0.969898
1.05077
1.40825
0.255652
1.24191
0.55936
0.416898
0.140557
1.5974
0.711931
0.534674
1.80958
0.287988
0.452781
0.338943
0.662561
0.861506
1.30772
2.50298
1.12859
0.599679
0.416546
1.49918
1.11176
1.21321
1.37395
0.571596
3.02003
0.442291
1.1037
1.51375
0.236251
0.75153
1.67858
1.35057
0.474466
0.259805
1.61383
1.31933
1.22468
0.502608
1.33168
0.697591
0.436753
2.02744
1.08347
0.724178
0.971693
0.329104
0.865441
0.245235
0.959406
0.327133
1.00346
0.533422
0.786705
1.18667
0.32375
0.430572
0.600817
0.212465
0.419066
0.43417
0.173199
2.55389
0.609511
0.986408
0.311872
1.93666
0.76062
0.856208
0.659564
1.17608
0.956975
0.475235
0.621496
1.42098
0.555108
0.294189
0.318293
1.03253
0.262971
0.775838
0.909521
1.92117
0.257801
0.122849
0.259335
2.44409
0.25279
0.288737
0.425472
0.962734
1.3117
1.50579
2.09493
1.44076
1.34373
3.83158
0.443934
0.332004
0.652701
0.234306
0.809811
0.519065
1.53672
0.64512
0.906831
0.71052
0.768349
0.218357
0.864851
2.26367
0.384722
0.503816
1.14898
1.03687
0.583263
1.4223
1.66022
1.01763
0.43994
0.321801
0.628345
1.29618
2.14153
2.48183
0.777709
0.117299
0.858796
2.16416
0.538247
1.23417
0.978394
0.548903
1.49614
0.377475
1.67896
0.435102
0.927258
0.405157
1.72927
0.322687
1.08369
2.14403
0.634499
0.728151
2.83562
0.628482
0.255544
0.976328
0.531605
0.508313
2.46614
0.03185
0.505876
0.680124
1.28557
0.798221
1.21082
0.545623
0.558422
0.198988
0.598136
1.1054
0.286125
0.339693
0.597185
0.699868
0.928741
0.922478
2.23956
1.589
0.941314
0.928451
0.575155
0.527944
1.13794
1.38964
2.81756
0.539445
0.934177
1.53691
3.35699
0.293864
2.06165
0.115894
0.797558
1.28601
0.863793
2.24173
1.23401
0.0581607
0.722647
0.885364
1.22316
1.54616
0.332322
1.89227
0.245958
3.23178
0.116107
1.33366
0.214487
0.619989
0.373471
2.08119
1.21883
2.70895
2.1003
1.19937
0.610083
0.60438
1.80986
0.297038
0.767907
0.245824
2.35254
1.93597
0.49246
0.721447
0.520171
1.54106
0.517819
0.998009
0.551011
0.916108
0.553232
1.23531
0.371306
1.38483
0.483156
0.682189
0.633741
0.31693
1.57165
1.06824
0.644286
0.292163
0.947979
0.898925
0.397179
0.372854
0.189692
1.12401
0.309477
0.3586
0.59141
1.78928
1.10398
0.606428
0.400182
2.27286
0.423251
0.306839
0.866332
0.274938
0.644027
1.10882
1.26249
0.639311
1.10342
0.420246
0.906898
0.0426862
1.46567
1.83353
1.53772
0.953057
2.31027
1.52467
0.997414
0.227588
0.589988
0.728609
0.772981
1.61539
0.937045
0.77615
0.287857
1.22783
2.15066
0.333382
0.700139
0.779864
0.618614
0.638241
1.26121
0.546649
1.41668
1.05171
1.69894
2.29147
1.09371
0.406268
0.246354
0.510158
1.36288
0.344943
0.237922
0.4816
0.61018
1.33155
1.5335
0.203183
0.446475
1.41299
1.32283
1.3902
0.638425
0.324639
0.699696
0.442409
0.518884
0.0684131
0.118555
0.849152
1.65238
1.4582
1.5584
0.623099
1.47116
0.949115
0.901706
0.0165943
0.44425
0.711355
0.418302
0.716441
2.56242
1.20857
0.92696
1.09686
1.77301
1.03308
0.670163
0.163783
1.68318
0.108393
0.239588
0.545106
1.94023
2.20968
0.314827
1.19629
1.02029
2.59736
0.775681
0.902504
0.0249927
1.18254
0.590837
1.61244
0.613227
0.594368
3.37645
0.460206
0.562011
1.08341
1.82383
2.05284
0.363826
1.0515
2.95104
1.3196
0.287902
0.758072
2.34734
0.625765
1.17441
1.25469
1.40428
0.739185
0.234707
2.2828
0.237833
0.464553
1.5286
0.660377
1.14884
0.872613
0.455259
0.0663233
0.188038
0.730855
0.485591
0.337227
0.751538
0.37354
0.287608
0.354866
1.12989
1.98895
0.195722
2.66338
1.25117
0.841976
1.11368
0.598776
1.01982
0.356471
3.65778
2.02437
0.999774
0.49498
0.0282852
0.489726
1.33836
0.0553475
0.606056
1.19701
0.84446
1.80048
1.48236
1.72563
0.953792
0.946009
1.58625
0.16616
0.630639
0.695003
1.49326
0.133832
0.800898
0.345927
1.34105
0.879269
2.436
1.66266
0.652186
0.62511
1.30192
1.28432
0.702991
0.970066
1.56749
1.00783
1.58103
0.283997
0.538631
1.73119
0.839543
1.23118
0.827843
0.369964
1.2561
1.21524
1.18939
0.760817
1.05033
0.404656
0.453652
1.29452
1.81448
0.121149
2.15229
1.41063
0.757771
1.28571
0.431755
0.620415
1.04148
0.207456
0.903705
1.70511
0.517662
0.484943
0.0881331
0.375362
1.33573
1.32712
0.548092
0.656177
0.492292
0.459527
2.28612
3.40358
1.11337
0.420974
0.610202
0.454654
0.655708
0.954611
1.85932
1.18427
1.06667
0.92517
0.438944
1.11043
0.794059
0.289457
0.286561
0.975932
0.190714
0.0381294
2.12223
0.83916
1.8619
2.74423
0.537322
1.58756
0.390871
0.716665
1.49707
2.4791
2.01396
1.69804
1.14611
0.122461
0.576173
0.111445
0.574656
0.644934
0.359785
0.473704
0.855787
0.541005
0.798969
0.825492
1.07693
0.373806
1.50188
0.439596
0.594804
0.514129
0.828003
1.81479
1.1007
1.12042
0.597041
0.284044
0.443174
0.235652
0.322178
1.89316
0.305244
0.809813
0.209486
0.675696
0.196824
1.56588
1.02822
0.0669579
0.450697
2.17417
0.971069
1.51607
2.69592
0.111287
1.05293
1.03165
0.40948
1.33021
1.24541
0.733643
1.12192
1.50078
0.145361
0.270776
0.990633
1.89032
2.06677
4.18188
0.839573
0.706593
1.06474
1.08729
1.80466
0.534885
1.77915
2.50942
1.50226
0.570137
0.336856
0.830257
0.709146
2.77073
0.357562
0.816309
0.482819
0.506093
0.388127
0.994503
0.150794
0.30928
0.227223
0.742945
0.652612
1.21805
1.07014
1.5016
1.98171
0.249255
0.348518
0.437345
1.01162
0.967935
0.14306
1.03837
0.585304
0.0582997
1.37805
0.169231
0.137319
0.487361
0.274593
1.45857
0.732851
1.20472
0.328998
0.935655
1.01546
1.77785
0.399517
0.593429
1.54763
1.49479
0.269951
1.27021
0.987188
0.763238
0.551961
1.13189
0.174716
1.34106
1.69893
0.934271
0.914901
0.99505
1.19927
0.431931
0.650213
0.277483
1.54385
1.70585
1.40262
0.124936
1.05377
2.93088
0.875084
1.67936
0.0383401
0.135903
2.3696
0.344776
0.983081
0.619654
0.680134
0.233691
0.100552
0.344644
0.32223
1.21679
0.319918
0.767209
0.178133
1.19702
0.32398
0.373942
1.01648
0.685961
0.668269
0.124796
0.757185
1.37971
0.754929
0.382743
0.385846
0.962837
0.26258
0.305921
1.00709
0.631397
2.36645
0.419505
2.33295
1.07507
1.91514
1.90195
2.37851
0.672953
1.31582
1.21204
0.242256
1.95048
0.703371
1.35004
0.892247
0.435466
1.21232
0.596317
1.21349
0.585583
0.796339
1.19544
3.36781
1.50649
1.05578
0.871446
0.417844
0.818193
1.23522
0.797941
1.73638
1.10565
0.975511
0.820989
1.55992
0.354636
0.557565
2.73067
0.207978
0.167324
0.532865
2.32002
1.75803
1.29592
0.8158
0.387299
0.751521
0.998646
0.947964
1.43577
3.69291
0.584749
1.20355
2.60614
0.669168
0.107724
3.41682
0.734829
1.41581
2.91939
1.15811
0.290636
1.01667
1.09226
1.00317
0.921198
0.595518
0.471817
1.10589
0.950875
0.882456
3.42996
2.16218
0.139937
1.49356
1.67932
0.662789
2.1227
0.40605
0.452292
1.04954
2.00833
0.974409
0.758608
2.79245
0.591437
1.18593
0.589634
1.29184
0.175935
1.87016
0.113991
0.578082
0.224012
0.903204
0.0593341
0.159392
2.70453
0.335869
0.776569
0.886466
1.11438
1.85326
0.759275
0.453089
0.514891
0.922738
2.22536
0.93232
0.474377
0.242537
0.197054
0.630804
0.760235
1.36077
1.41915
0.569141
1.17846
0.662916
0.897259
0.163812
0.912311
0.427567
1.69675
0.902398
0.415871
2.34238
3.73918
0.338085
2.62127
1.91735
0.534495
1.11485
2.31375
0.320466
0.461029
1.20955
2.09836
0.621515
1.59642
1.15567
0.181741
0.436626
0.305965
0.719375
0.738094
0.53582
0.608193
0.444894
0.712833
1.27383
0.163601
0.124494
0.632606
1.0421
1.19239
1.73835
0.425906
1.61648
1.8253
1.56398
2.39086
0.199666
0.486198
1.03369
0.406399
0.747771
0.458215
0.732887
1.12682
0.863123
0.504102
0.396446
0.727798
1.08093
2.32894
0.860464
1.05645
1.99117
0.807799
0.740015
0.541716
0.628648
0.439326
1.91339
1.49315
1.05941
1.50289
0.755498
0.5589
1.08382
1.8702
0.746565
0.697547
0.365308
0.727469
0.806819
0.360358
0.571138
0.891465
0.288186
0.616453
0.164822
0.027164
2.20362
1.11163
2.47069
0.238293
0.895646
0.876896
0.343515
1.47322
0.335742
0.249034
1.88243
0.191545
0.692726
0.27195
1.64674
0.189809
1.30776
0.875233
0.803168
0.507949
0.593346
1.15886
0.296784
0.671889
0.671543
0.276304
1.87082
0.673146
2.16087
0.146446
1.26028
0.876177
0.360765
1.41381
0.805441
1.01142
1.86679
0.502835
2.2189
1.57907
0.76465
2.70963
0.230547
1.45762
1.11533
1.11512
0.751161
0.207542
1.51789
1.32327
1.04181
0.711733
0.376548
1.13436
1.74921
1.20749
1.46199
1.06824
1.35977
0.218905
0.362813
1.412
0.909061
0.544595
1.76761
0.463695
0.28579
0.376189
1.02185
0.94415
0.557939
0.198124
0.243001
0.509446
3.04647
0.499296
0.236988
1.11043
2.32148
0.49341
0.584584
0.783457
2.39835
0.597149
0.61097
0.408011
0.579815
0.272857
1.37631
0.778675
0.711991
1.2602
0.26123
0.385533
1.60165
0.545963
0.308094
0.18128
0.587311
0.39874
0.4262
0.521049
0.369754
1.78359
1.47673
0.732708
0.51537
0.552119
2.27334
1.45527
0.837659
0.624355
2.08435
0.512321
0.142274
0.823472
0.81342
0.7819
0.695047
1.97714
0.730372
2.62703
0.933516
0.324874
1.44246
0.952709
1.71256
0.749381
1.82816
0.609289
0.655369
0.938233
1.47421
1.06221
0.391494
0.947695
0.650525
0.443398
0.72941
0.456545
1.54199
1.49626
1.09493
0.407031
1.66624
1.51557
0.414787
1.25074
0.824763
0.349285
0.138713
1.46694
0.896799
0.645873
0.699759
0.0552149
1.59554
1.94335
0.575038
1.4398
0.899821
0.507834
1.64666
0.942917
0.947242
0.458268
0.88702
0.721586
1.3985
1.26888
1.53462
1.33077
0.264619
0.521458
0.349293
1.56641
0.561592
1.09474
1.30125
0.903572
1.2681
0.760357
1.55702
0.382224
0.726026
0.638644
1.40786
1.89373
1.04711
0.340675
0.69023
0.523244
0.58169
0.344671
2.63678
0.509864
0.176491
2.93162
1.08486
1.21324
0.87437
0.453465
1.09406
0.365628
0.877836
0.935565
0.748241
0.235577
1.19565
0.634419
0.824198
0.191955
0.466254
0.340871
2.30886
0.163475
0.399659
0.194517
0.292955
0.515906
0.641768
0.944791
0.102183
3.84353
0.730735
0.474467
0.938203
1.42709
1.7028
0.676035
1.13576
0.413984
1.19641
1.57158
2.04749
0.413014
0.539369
0.824767
0.577175
0.295689
2.61098
1.23856
0.791107
0.745534
2.03637
1.95707
0.590478
0.924852
1.77576
1.31146
0.532141
0.0715377
1.48678
2.03335
1.95905
2.21086
1.0591
1.39165
0.793516
0.757705
1.57143
0.273044
0.477032
1.20776
0.9616
2.5346
0.0469765
0.950761
0.748709
0.709015
1.5182
0.409899
1.43305
0.276522
2.35055
0.386216
0.975261
0.175602
1.23598
1.16973
0.997813
0.775331
0.819705
0.14791
0.0833418
1.55832
0.971058
0.746667
1.61923
0.629662
0.573844
0.3242
0.15079
1.63501
0.626728
1.13542
0.334462
0.972297
0.323913
1.10616
0.483797
0.374475
0.616894
1.12311
1.54485
0.567313
0.976229
1.01371
0.396487
0.245156
0.7776
0.887256
4.16284
0.189578
1.20606
0.611575
0.0708306
0.493888
2.19503
1.11573
0.354791
1.36061
0.383803
0.524054
0.614696
0.15564
1.1703
1.28743
0.392648
1.1722
0.858763
0.104687
0.552619
0.314053
0.344137
0.96015
1.40592
0.654698
0.756011
0.329723
0.386907
0.692473
1.36635
1.53051
0.389181
1.38225
1.01592
0.777539
1.23065
3.52814
1.32291
1.09885
0.394181
0.40207
1.24853
1.14514
0.345533
0.950189
0.675929
0.565642
0.678388
0.563219
1.84535
0.752619
0.732925
0.822146
0.533345
1.33175
0.896568
0.441128
0.297117
1.22952
0.364502
1.06307
0.275196
1.66426
0.222749
0.565586
1.11821
1.5022
0.328436
0.857617
0.817865
0.738723
0.89861
1.71346
0.778371
0.336031
0.400879
0.399576
1.09265
1.51049
0.374856
1.04522
1.64831
2.37446
2.08792
1.09078
2.53827
1.17284
1.03001
1.41503
0.534112
1.13987
0.189666
2.12423
0.288536
1.56885
2.96299
0.0915512
1.77377
0.610971
0.56734
0.670679
0.695903
0.482125
0.181096
0.735488
0.473818
0.252296
0.665246
0.513885
1.04561
1.35101
1.54962
0.627465
0.244641
0.36423
1.37217
0.546749
1.22641
1.96387
1.57983
1.26292
0.481174
0.34144
0.99411
2.06589
0.314494
1.80441
0.763015
3.43
0.714507
0.952176
1.68813
0.189976
0.376016
1.97722
0.266597
0.16366
1.21217
0.173425
1.03021
0.715495
0.431959
1.00506
0.266051
1.21864
0.501417
0.854486
1.10437
1.12219
0.53108
0.39919
0.903989
0.463225
0.0885972
1.3969
0.20764
0.755447
0.912204
0.896359
1.46857
0.111489
2.02192
0.971811
1.14209
0.727045
0.547425
0.314179
0.368236
0.576284
0.459051
0.120087
0.917554
0.448303
1.31455
0.577982
0.602384
0.142782
0.682722
0.84277
0.880348
0.837715
0.729454
0.50366
1.19854
0.816568
2.3013
0.612951
0.664724
0.218337
0.614419
1.22393
1.09753
0.699755
0.674751
0.641236
0.0857361
1.76643
0.538551
1.22653
0.97978
2.05744
0.427832
0.717402
0.49974
0.980871
0.907625
0.460371
3.54448
0.568347
0.627709
0.677291
0.365742
0.679119
1.58593
0.94677
0.816452
0.86659
1.15155
0.844126
0.571969
0.631363
0.424966
0.739178
2.71846
0.852249
0.90534
0.18939
0.67424
0.588215
1.70116
1.80794
1.26046
1.92952
0.481153
0.619088
1.02119
0.142021
0.369053
0.915864
1.15168
0.177965
2.0669
1.1164
0.165694
0.279439
0.640329
0.43836
0.728917
2.59042
0.678542
0.832049
0.342956
0.28777
0.740076
0.76806
0.221108
0.200027
0.46839
1.62549
0.16552
1.35994
0.626892
1.0353
0.300513
1.73716
1.91727
0.480441
0.958117
0.782631
1.01844
0.897396
1.48218
0.450853
1.06677
2.26548
1.62733
0.20848
2.07036
0.793603
2.23527
0.492369
0.584616
0.0568646
0.59243
0.922328
1.17086
0.260415
0.434853
0.650981
0.623229
0.966512
0.389121
0.385082
1.4688
2.73533
0.524482
1.39913
0.824214
0.848337
0.194781
1.22855
0.549156
1.07092
1.19713
0.320364
1.47068
0.379902
1.29066
0.96522
0.832438
1.93874
1.92731
0.306257
1.19528
0.856124
1.15022
1.18272
0.523933
0.638644
0.606337
1.2477
0.338289
0.173223
0.0809008
0.814187
0.785321
0.504851
1.69906
0.57205
1.30469
1.37695
1.09287
0.545093
0.989179
0.50288
0.577812
0.607014
0.613401
0.497827
0.607728
1.56303
0.538521
2.06459
1.96292
0.285209
2.21726
2.48882
0.94456
4.86146
0.607145
1.085
0.117525
1.1145
0.409499
1.60812
0.926813
1.55295
2.61829
0.741964
1.09286
0.494262
0.832959
0.597983
1.03969
0.641153
0.275862
0.763756
1.56923
0.904087
0.604633
0.411104
1.90012
0.932
1.18579
0.104375
1.21708
0.432216
1.3817
0.775195
1.51545
1.48269
0.933086
1.05622
0.583622
0.408721
1.93676
2.07518
0.404039
0.395407
0.504814
0.325257
2.66052
0.536865
0.668274
1.29359
0.385323
1.1864
0.380487
1.02277
1.64783
0.649587
0.213167
1.63734
2.2794
0.0967433
2.37045
1.46225
0.291779
0.654252
0.954334
0.69524
0.454731
0.956661
0.484915
0.6161
0.704545
0.18569
0.66197
0.120893
1.50618
1.23507
0.139818
1.19563
1.52363
1.39986
1.02331
1.19321
0.301826
2.59135
0.558579
1.26448
1.86906
1.63053
0.668722
2.6654
1.31044
0.479149
1.80577
0.250302
0.308014
0.988787
1.89525
1.4495
0.741319
0.763567
0.38354
1.48537
0.587545
0.937943
0.308064
1.05743
0.672922
0.269414
0.597719
1.04519
3.32004
0.476878
3.75804
1.05345
1.71597
0.243238
3.4718
0.930409
0.667621
0.222477
1.28967
0.557993
0.246619
1.72421
0.0770044
0.670312
1.1557
1.42379
0.866761
3.91484
0.169384
0.276686
0.251584
0.349109
0.602179
1.20675
0.551706
1.2311
1.18025
0.723146
3.27851
0.197731
0.449916
1.13564
2.56067
1.9015
0.245627
1.62866
1.87027
0.569053
0.587104
2.18467
0.598283
1.0916
0.703495
0.315536
1.0021
0.320955
1.8871
1.14806
0.308924
1.06386
1.39116
0.133548
1.3084
1.09074
0.373429
0.917444
0.159966
0.827887
0.810189
0.566429
0.890427
0.0653235
0.56947
0.572951
1.18454
0.947787
1.67602
0.915365
0.205879
0.380041
1.69096
0.731639
2.35294
0.730877
1.41243
0.764184
1.401
1.93711
1.96027
1.95057
0.782416
0.825139
0.973337
0.934775
0.674678
0.217971
3.26744
1.06129
1.54356
0.517219
1.78008
2.88175
1.51148
0.764418
0.286059
0.495599
0.87231
1.63842
1.27205
0.783801
0.249444
1.35154
0.652684
0.486481
0.346056
2.96963
1.10919
1.05345
1.49874
1.38977
1.48467
1.38214
1.01871
1.21393
0.646688
0.255046
1.78212
1.8259
1.28004
0.569942
0.0908016
0.412004
1.20562
2.31326
0.0862905
1.14495
1.86467
1.33724
1.62059
1.37629
0.698179
1.05363
0.482604
0.566752
0.541216
0.922351
0.469106
1.81819
1.50334
0.0925577
0.2805
0.630639
2.08953
1.18135
0.480497
0.341707
2.18999
1.14413
0.777802
0.50151
0.901218
3.09963
0.696191
0.727293
0.748464
1.80922
1.65816
1.14981
0.996617
0.688263
0.428561
0.565078
0.310804
1.83703
0.709014
1.55459
1.13986
0.349496
0.914705
1.16758
2.08913
2.16017
3.49841
0.859856
1.64185
1.75728
1.35296
0.590895
0.422634
1.01836
0.382069
0.913663
1.57161
0.824243
1.14892
1.13679
0.861705
0.318628
0.479876
2.35364
1.48432
0.709436
2.99896
1.79874
2.41791
1.4959
2.50902
2.21715
0.805129
0.518902
1.17209
1.24561
0.439328
1.84171
0.70496
1.46517
0.660462
1.91625
1.62622
2.50008
1.11523
0.896678
1.66968
1.7671
0.839662
1.30059
0.863503
1.53722
0.407234
0.585401
1.0609
0.726055
0.166733
0.0577486
0.527536
1.23103
2.12036
0.178185
2.01505
0.668738
1.19841
0.93041
1.13314
0.565278
0.333023
0.47401
0.213411
0.867624
0.510473
1.0671
0.810647
0.808514
0.197125
0.216657
1.4983
2.07689
0.481112
0.787027
0.618603
0.778139
1.46279
0.925975
1.52308
1.71926
1.54798
0.888391
1.92049
0.587631
1.89631
2.22973
0.524415
1.3952
1.00108
0.831347
0.117825
0.354596
2.21916
1.45736
0.762015
1.76106
0.458142
0.575405
0.477936
1.72833
0.834436
2.25345
0.438344
1.03735
1.98497
0.370295
3.35919
1.45242
0.496261
4.73023
1.89068
1.41843
0.295802
0.920074
0.131712
0.595894
0.846825
0.234656
1.28195
0.233521
0.771435
1.07666
1.52813
0.622114
0.757296
1.22775
0.489662
1.48593
0.680625
0.884403
0.289856
0.7069
0.653156
0.0351754
0.63759
0.719214
1.28274
0.255839
1.75308
0.161662
0.25265
0.188858
0.569061
0.687575
1.26873
0.77415
0.62664
0.593641
1.17612
1.33288
1.96358
0.540416
2.17207
0.308471
0.59158
0.417501
1.27459
1.36373
0.678627
0.478972
0.991755
0.621823
3.07809
0.293252
1.59073
1.09664
0.251466
1.41465
4.05878
0.645672
0.432379
1.77906
2.43924
0.883819
0.894187
1.19951
0.400101
0.326473
3.19826
0.39846
1.2282
0.985065
0.266671
1.60846
1.01572
0.116354
0.79482
2.13571
0.246902
0.254812
0.522178
0.125867
1.06386
0.349713
0.980257
0.809252
0.462341
0.444321
0.398885
0.21451
0.92193
0.885985
0.967968
0.817716
0.90373
0.407724
0.374591
0.693684
0.139326
0.308533
1.65283
1.94015
1.02777
1.83409
2.2948
2.05025
0.156591
1.59137
2.40987
0.456215
1.35256
1.08863
0.0804735
0.901892
0.656758
0.583579
1.74616
1.87469
0.522685
1.52007
0.4993
1.05634
0.741781
0.643893
0.215913
0.252629
0.744858
0.295783
0.355089
0.811556
1.80951
1.55041
0.41823
1.91855
1.45925
1.20979
1.70973
0.407162
0.688446
2.79297
0.40217
0.6051
0.290324
1.14595
0.859427
1.21443
0.666914
1.17708
0.440472
0.686528
4.0439
1.97646
2.51534
2.36665
0.617061
0.824092
1.26985
1.14135
0.766543
0.60138
3.46006
0.850215
0.850028
1.09128
0.537312
1.11603
0.588113
0.66095
1.18822
0.298945
0.38669
1.55183
1.11361
1.96181
0.851437
0.952475
0.925712
1.8112
0.686107
1.02147
1.11557
0.575007
0.703432
0.60098
0.258326
0.104408
2.49576
1.55597
1.4621
0.449426
0.40746
1.10704
1.2209
0.251668
0.970802
0.868524
0.394864
4.1529
0.742014
1.72603
2.86471
0.354706
1.19625
0.317179
0.647981
0.958692
0.111116
0.497608
0.614095
0.908217
0.43453
0.455813
1.83782
0.569596
0.35526
0.993484
0.601541
0.448454
0.739277
1.17268
0.972747
1.21327
0.130307
3.00672
1.53585
0.831577
0.762696
0.525649
0.452795
1.72573
1.86986
0.199019
0.263431
0.409209
0.206595
1.2478
0.885614
0.41382
1.8993
0.800545
0.63987
1.48173
0.702137
0.652299
0.521144
0.435201
1.63522
0.498002
1.9152
0.606095
0.415581
1.08098
1.13912
0.514455
1.74751
0.401345
0.880113
1.00766
0.858722
1.11196
1.23011
1.20817
1.92992
1.25576
1.37229
0.0724229
0.0478057
1.38489
0.610208
0.727223
0.828979
1.3302
1.10505
1.21461
2.68083
1.54354
1.24793
2.63493
1.15369
0.24188
0.519182
0.263608
0.413902
1.31941
0.61219
1.15732
1.93318
0.248521
0.349862
1.05006
0.492514
0.688655
0.211594
0.340898
1.59523
1.36781
0.538015
0.191215
0.632784
1.24103
1.15658
0.38835
0.685668
0.130796
0.428766
0.754989
0.363303
1.53579
0.708826
0.870206
2.2475
0.269779
3.75658
0.648979
1.87189
0.471505
0.202749
1.44049
1.5385
0.402296
0.293535
1.10891
0.934778
2.03621
1.01178
0.814253
0.28329
0.167389
0.86839
2.23729
0.846684
0.44351
1.84448
1.02715
0.486225
0.80839
0.801331
0.792249
1.65295
0.243613
0.206593
1.04266
0.227434
1.38509
0.86844
0.669037
0.268443
0.875493
0.215932
1.01182
0.178225
1.41418
0.199741
1.008
1.17555
0.622605
1.78808
0.527136
2.453
1.31651
0.509253
3.20149
1.02775
2.09963
0.837675
0.369156
0.179228
1.31225
0.387932
0.534356
0.262945
0.326342
1.20568
1.29348
1.95251
0.36092
0.7945
0.978192
0.385633
0.455321
1.16897
0.27554
0.0555981
0.533352
0.734802
0.489032
2.193
0.0858537
0.555319
0.443787
0.946674
0.442731
1.37687
1.89329
2.22262
1.06123
1.06904
1.31397
1.19843
0.999849
0.0669732
1.45338
0.912025
1.71051
1.92714
1.23356
0.898102
2.00175
2.12239
1.8749
0.487837
0.595492
1.24234
0.566785
0.423064
1.65272
0.376375
0.671937
0.641002
0.423695
2.87427
0.323562
1.50112
0.304877
0.475757
1.99969
0.504538
0.44449
1.39239
0.784681
0.152909
1.56158
0.731308
0.942495
0.900699
1.14482
1.49109
1.41416
0.0847998
3.05285
0.365638
0.697493
0.652214
0.117553
1.19536
1.60081
1.11221
0.369161
1.52741
0.196479
1.53733
1.38852
0.892052
0.486112
0.0779173
0.362436
0.973294
3.86993
1.52576
0.6363
0.642059
0.768385
0.915477
0.932999
1.07848
1.04042
1.29743
0.788858
1.00619
0.785954
1.4129
0.362259
0.725673
0.0718328
0.767853
0.416817
1.89042
0.189226
0.332383
1.87745
0.641539
1.35617
0.698084
0.194031
1.23063
1.1421
0.262799
0.984768
0.281338
1.39571
3.70575
1.81435
1.57846
0.670747
0.766666
0.623996
0.687976
1.185
0.971404
0.800503
0.317235
0.795926
0.214936
0.496681
0.616683
0.84763
0.510106
0.745334
0.862099
0.407713
4.60078
1.78613
0.342618
0.0787891
2.93257
0.732097
1.32197
2.92466
1.80168
0.790351
1.20589
1.08365
0.599099
1.15318
0.815734
0.544159
0.770982
0.411264
0.727501
0.354815
1.40072
0.70118
0.59931
0.687138
0.450404
0.942751
1.36732
0.359796
1.05314
0.578835
1.09383
2.58273
0.608408
2.07105
0.615538
0.353857
4.37262
1.86713
1.02408
1.02021
0.479326
0.399227
0.243146
1.36234
0.506555
0.449691
0.529923
0.824078
0.561484
1.02197
1.03181
1.68984
1.94246
0.843244
1.61152
1.935
1.18495
0.930171
0.223582
2.55949
1.49624
1.22596
0.128067
1.60426
0.451385
1.00676
0.275716
0.351661
0.34115
0.628359
1.69716
0.94614
0.595585
1.7652
1.26731
0.274639
0.488152
1.23602
1.70062
2.0136
0.35818
0.627894
0.97347
0.698966
0.412279
0.609855
0.975115
0.0904465
0.30023
1.66798
1.70523
0.594991
1.02055
1.50126
0.358966
1.01509
0.567342
0.2412
0.499336
2.73773
0.756843
0.56742
1.0632
0.821041
2.23747
1.54729
1.69308
0.0884518
1.45684
1.89409
0.514972
3.06767
0.253757
0.687396
0.269667
0.641996
1.83945
1.50203
0.368416
1.55808
1.34135
1.02049
1.31442
0.371749
0.240145
2.03993
0.853691
0.287541
0.6516
1.52571
2.00034
0.794998
0.84767
0.977485
1.85628
0.345478
0.308242
0.956014
0.697359
2.6531
0.185248
0.744046
1.12003
0.733699
0.459153
0.394973
1.34912
0.0500944
0.348911
1.78819
0.188032
0.30736
1.22885
0.439202
0.537416
0.538396
1.09338
0.831692
0.470853
0.950977
0.583643
1.29699
1.26628
0.93744
1.57041
0.92859
0.211976
0.471892
0.160974
3.49496
0.362774
1.997
0.466538
1.75039
0.598058
3.03425
0.565128
0.719426
1.59124
1.04546
0.245843
1.64696
1.19335
1.61318
0.743481
1.53579
1.22407
1.40144
0.980608
0.877286
1.11846
2.01621
0.284272
0.683237
3.12626
2.28907
1.18975
1.44489
1.49778
2.31053
0.423442
0.810726
1.74391
0.738561
0.526204
1.70307
0.680315
0.968155
0.606951
0.431106
1.30841
0.887644
1.50897
1.13597
0.684064
0.13232
0.376224
1.25688
0.756138
0.234523
1.17209
1.0154
1.70826
1.50573
0.533987
0.214146
1.23489
1.81749
0.567038
3.43949
1.5587
0.72113
0.253332
1.16925
0.247462
1.16488
0.335225
0.439318
1.4298
0.531174
1.30304
0.598662
1.2074
0.328242
0.829059
1.48145
0.408398
0.88531
0.686266
1.46115
0.626639
0.463648
0.852985
0.513322
0.271427
0.478149
1.77567
0.52665
0.683474
1.00389
0.308718
0.626088
0.711157
0.688482
0.335152
0.264916
1.49846
0.729738
0.459401
0.959265
0.553692
0.166845
0.288427
0.65369
0.443498
1.49379
0.40834
0.620521
0.14512
0.643377
