-0.141727
0.0378669
-0.120281
-0.248317
0.368271
0.0769504
0.324637
-0.155588
0.27292
-0.232662
-0.00700541
-0.283735
0.0789618
-0.353751
-0.0496889
0.511217
-0.0180539
-0.188724
-0.0399718
0.0749681
0.243034
0.0271126
-0.0871966
0.124452
-0.170064
0.177469
0.132089
-0.129939
0.012334
0.39241
-0.0541657
0.284456
-0.00573001
-0.106257
-0.301463
0.313079
0.292226
-0.515075
0.14543
0.42729
0.198178
0.65807
-0.0554582
0.233407
-0.174776
-0.256411
0.094014
-0.242595
-0.407962
0.223768
-0.246756
0.145956
-0.19894
-0.0755757
0.029087
0.10412
-0.149585
-0.0139836
0.486955
-0.215549
0.0413554
0.0698449
0.457851
-0.0946206
0.429725
0.328825
-0.248329
-0.194392
-0.189148
0.0987853
0.159118
-0.202618
-0.0580065
-0.00168046
0.0311242
0.118533
-0.193724
0.00435468
0.0154528
0.477881
0.0685923
0.14458
-0.0448731
0.171277
-0.0685096
0.00776315
0.190189
-0.0854146
0.179477
0.0569695
-0.30322
-0.0376052
0.0806457
0.339238
-0.105841
0.442204
-0.0937666
-0.0678904
0.000292289
-0.406484
0.164353
-0.0354734
-0.158901
0.098496
-0.0859578
-0.0843405
-0.440772
0.241217
-0.400867
0.0625585
0.125415
-0.0912349
-0.21827
0.266788
-0.0317791
-0.401296
0.0552143
0.239033
-0.0127808
-0.268346
-0.291956
0.234464
-0.144906
-0.294079
0.148634
0.431592
0.0258232
-0.45067
0.166756
-0.103559
-0.455808
-0.269718
-0.0199775
-0.00677757
0.0464936
0.247608
0.0244928
0.225736
-0.302532
0.0276858
0.432317
0.29379
-0.0994326
-0.0989372
-0.193217
0.0514639
-0.17875
0.0168574
0.122579
0.273138
-0.191627
-0.0400613
-0.120432
-0.352631
-0.301429
-0.426253
-0.204471
-0.233069
-0.332584
0.219124
-0.0279536
-0.0146807
-0.138814
0.13873
0.10249
-0.319302
0.14546
0.186526
-0.44062
0.0778172
0.183824
0.00445767
0.324897
0.143842
0.150916
0.0761558
-0.433451
0.0666184
-0.477359
0.122759
-0.198888
0.122866
0.623485
0.343319
-0.327052
-0.229139
0.257027
-0.16451
0.0492894
-0.160663
0.415633
0.135462
-0.226913
0.216424
0.058861
-0.238475
0.435269
0.218318
0.545941
0.0445623
-0.0846715
-0.356432
-0.0519188
0.604951
0.425965
-0.0504582
-0.169942
0.0867678
0.118928
-0.208301
0.0787449
-0.616809
-0.172036
-0.10538
-0.142884
0.356404
0.110929
0.00119996
0.223263
-0.0563369
0.132066
-0.368776
-0.180947
0.232497
0.738193
-0.244694
-0.228601
-0.478342
-0.246724
-0.110728
0.242217
0.443638
0.143208
-0.0900489
0.262412
0.268021
0.109232
0.347245
0.184493
-0.165691
0.0628268
-0.493568
-0.563821
-0.323311
-0.164167
-0.0067024
0.278511
-0.0341327
0.259336
0.28731
-0.150132
0.113472
-0.0735689
0.440148
-0.12244
0.37387
0.00683705
-0.56366
0.0713068
-0.209429
-0.160016
0.145678
0.248999
0.145148
-0.0401953
-0.259043
-0.163872
0.0223301
-0.0347762
0.476389
0.371937
0.369477
-0.453503
-0.0376409
0.204249
0.314458
-0.509325
-0.242399
0.367537
0.066542
0.0039601
-0.273291
0.0460801
-0.120042
0.000435513
0.409642
-0.326173
-0.220838
0.318997
0.236962
-0.253068
-0.169853
0.192925
0.116341
0.282755
0.208177
0.213436
0.0512452
0.0477262
0.109664
-0.209164
-0.0618646
-0.0492229
-0.1207
0.115655
0.0687876
-0.124408
-0.10287
0.011664
0.131695
-0.119271
-0.350623
-0.223269
0.00477893
0.0569967
0.176727
-0.372177
-0.0507388
0.0821595
-0.125933
-0.135628
-0.0214443
-0.341916
0.238729
0.0154875
-0.235736
-0.387703
0.249511
-0.232983
-0.206588
-0.305678
-0.164271
-0.228503
-0.02765
0.141937
0.0835679
-0.0880174
0.0120786
-0.0904611
0.0579638
0.24428
-0.305216
-0.0516882
-0.262211
0.178135
0.0683257
-0.504891
-0.00392218
-0.0117133
-0.185498
-0.173554
-0.0685036
0.103172
0.427037
-0.01092
-0.203693
-0.129796
-0.00622565
-0.15717
-0.376051
-0.124626
-0.191131
-0.402753
0.006344
-0.231236
0.643591
0.108861
0.0201158
-0.508639
-0.0602066
0.0497202
0.0662492
-0.0592282
-0.280301
0.123888
0.1083
-0.178258
0.244273
0.346291
-0.104756
0.319652
0.0842322
0.208823
0.0734764
-0.4113
0.273393
-0.377166
0.256648
0.108507
-0.231078
0.450635
0.543016
-0.358756
0.141982
0.0170478
0.0205221
0.072619
0.0250196
0.267321
-0.0431492
-0.0829953
0.326946
0.585318
-0.226526
0.572296
-0.41299
0.39138
-0.0198035
-0.000390582
-0.0432433
0.18165
0.330207
-0.17314
0.255843
0.116845
0.0127286
0.146548
0.141084
0.448092
0.225144
0.449861
0.155228
0.253402
-0.131688
0.103201
0.15017
-0.0189326
-0.324191
-0.141705
-0.160686
-0.106524
-0.355132
0.0715401
-0.662322
-0.515545
0.199849
-0.0210197
0.166704
0.0308965
0.225659
-0.182926
-0.263599
0.485289
-0.0722769
-0.0968343
-0.378356
-0.26747
-0.298875
-0.0336465
-0.534605
-0.368394
-0.0942526
0.175671
0.0710546
-0.776536
0.106146
0.115578
-0.121276
0.0141568
0.2005
0.170484
0.185244
-0.0555996
0.0458027
-0.240511
0.0866745
-0.170941
0.0825417
-0.0759276
-0.00839807
-0.0352472
0.360568
-0.127373
-0.0534391
0.388778
0.407506
0.0267414
-0.273266
0.174866
0.12555
-0.425833
0.0820282
0.228438
0.481944
-0.228596
-0.183794
0.0863795
0.113296
0.203118
-0.151981
-0.116291
0.606707
-0.197288
-0.63046
0.276741
-0.27305
0.0196363
-0.0296
0.252342
0.0647722
-0.48645
0.49102
0.16547
0.391103
-0.329876
0.0471673
0.0567418
0.602081
0.214498
-0.0781875
-0.318168
0.0676069
0.175682
-0.316437
0.0660253
0.0590245
0.311519
0.399178
-0.352549
0.468823
-0.134693
0.188365
-0.0440712
0.244843
0.311308
0.503855
0.00274491
0.119596
0.134493
-0.483383
-0.103231
-0.300035
-0.0885721
-0.0787227
0.176895
-0.2365
-0.169009
0.0218415
-0.104151
0.252323
-0.00863183
-0.0368194
-0.250497
0.101398
-0.254892
0.297566
-0.350112
0.0260683
0.104844
-0.256634
-0.12438
0.0871965
0.113347
-0.201554
-0.0385593
0.279908
-0.239118
0.30853
-0.0072723
0.269093
-0.139463
0.126331
-0.023624
-0.263935
-0.212584
-0.0261964
0.0490188
0.178073
0.197776
0.0380121
-0.14879
0.072888
0.0787015
-0.0572325
0.0298958
-0.0254351
-0.131912
-0.136544
0.0117959
-0.255912
-0.182192
0.520203
-0.115485
-0.304621
-0.301965
-0.00547992
-0.203622
0.234175
-0.333336
-0.18788
-0.227508
0.221952
0.115683
-0.0226982
0.0826837
0.521295
0.330912
0.202665
0.0159703
0.248927
0.180454
-0.0869986
-0.0413159
0.541189
0.185888
0.170433
-0.0908345
-0.302161
-0.128621
0.182506
0.164027
-0.154534
-0.225909
-0.197337
-0.146969
-0.392808
-0.0414827
-0.283396
0.052147
0.00893618
-0.0455297
0.763337
0.331646
0.330843
-0.311979
-0.0268502
-0.166279
-0.263741
0.0653092
-0.312616
0.322153
-0.120994
-0.131098
-0.372907
0.0521744
-0.0476218
0.00338542
-0.194841
-0.224978
0.119531
-0.145276
0.146397
-0.382868
0.16221
0.0478536
-0.349359
-0.116249
-0.317744
-0.0810551
0.109815
-0.18848
0.0342853
0.178369
-0.44788
0.153039
0.201848
-0.0570433
0.0404969
0.000499384
-0.299158
0.281325
-0.0569947
0.151675
0.303031
-0.278755
0.0185249
-0.201439
-0.25752
-0.136069
0.0994738
0.00200865
0.327778
-0.368424
0.118351
0.160842
-0.376272
0.0594603
-0.237516
-0.403609
-0.475209
-0.0174151
-0.637542
-0.213453
-0.184787
0.293172
-0.376289
0.499214
-0.172839
-0.298221
0.316135
-0.224205
-0.310791
-0.260849
-0.201068
0.080911
-0.019417
0.237076
0.00381273
-0.469248
-0.184474
-0.00764713
0.0594018
-0.234535
-0.409204
0.265927
0.201446
-0.0523607
0.0296871
-0.416579
0.194304
-0.661872
-0.443958
-0.0207178
-0.023175
0.054228
0.339377
-0.460764
0.165985
0.0751903
-0.0135298
-0.0263836
-0.366251
0.20254
-0.157455
0.138402
-0.403598
-0.0331585
-0.0951348
-0.174745
0.181113
0.385254
0.0318482
-0.0195897
-0.112257
-0.164447
0.219272
-0.387208
-0.107782
0.152865
-0.0444118
0.00385432
0.299923
-0.415337
0.0731121
0.357819
-0.09241
-0.121884
-0.00688583
-0.116577
-0.322585
-0.175921
-0.437726
0.39594
0.313547
-0.198627
0.018296
0.0388371
0.163733
-0.113406
-0.323825
0.0458322
-0.223871
0.0743109
-0.0656087
-0.1849
0.0591394
-0.272995
0.115351
0.17214
-0.0186818
0.0720529
0.206472
0.611649
0.109167
0.0971644
0.0771616
-0.518276
0.269173
0.162079
-0.260913
0.296031
-0.0626451
-0.14489
-0.166236
-0.202638
-0.106129
-0.0608633
-0.00616269
-0.166417
0.263762
0.0956607
-0.105568
0.103997
0.277487
-0.112106
0.256874
0.0794066
-0.0087129
-0.187085
-0.539867
-0.0246301
-0.154395
0.291439
0.293406
-0.19782
0.0845581
-0.788917
0.0136245
-0.215086
0.352387
-0.308833
-0.319667
-0.213972
0.12399
-0.488231
-0.0350222
0.0929681
0.265949
-0.144921
0.133519
0.0259228
-0.136133
-0.0323937
0.253214
-0.393878
0.0619406
0.134507
0.398657
0.0128155
-0.254961
-0.472202
0.176816
-0.283957
0.334749
-0.0865089
-0.337257
0.0975579
-0.151814
-0.137382
0.208215
0.131759
0.199299
-0.483207
-0.474457
-0.0152808
0.160436
0.0971018
0.23921
0.437533
-0.166982
0.128114
-0.203699
0.219609
0.0487845
-0.26581
0.181986
-0.0335332
-0.0600446
-0.288396
-0.444983
-0.337842
0.158037
0.271803
0.450142
-0.0269054
0.302644
-0.0331527
-0.0812237
-0.175751
0.0128725
0.255935
-0.0770311
-0.119163
-0.171096
0.205874
-0.0820632
-0.129012
-0.12749
0.0667308
-0.259636
0.106648
0.0648497
-0.0706951
-0.102883
0.0722627
-0.338099
0.0424397
0.366475
0.187718
0.0227978
0.0680687
-0.293976
0.262301
0.00488509
-0.0319751
-0.0237738
0.316201
0.203895
-0.0326341
-0.24361
-0.00984435
0.0123061
0.196305
-0.0302672
0.223903
-0.00836089
-0.25139
0.490658
-0.276828
0.128658
0.884513
-0.0172388
0.163151
0.205305
-0.0163104
-0.441722
0.246948
0.397113
-0.104823
-0.206166
-0.169762
0.00804884
-0.0283599
0.0115113
0.0864558
0.448216
0.0584524
0.230517
-0.258325
0.407919
-0.0543219
-0.196854
-0.0890811
0.224948
0.313151
0.0750892
0.467753
0.134659
0.472604
-0.0687106
0.0793789
0.199774
-0.114888
-0.12754
0.344891
0.155861
-0.235542
-0.148574
0.194032
-0.450323
0.184624
0.197901
0.0226607
0.0783502
-0.105929
0.32477
0.129747
-0.360012
-0.0927443
-0.0675168
0.313335
0.194359
-0.170308
0.0788757
0.0795024
0.161715
0.138028
-0.0100105
0.199365
-0.241155
-0.34251
-0.208863
-0.0402588
0.30215
-0.50206
0.11388
0.105746
0.144116
-0.209347
-0.2875
-0.362808
-0.403589
-0.267314
0.0378348
-0.174896
-0.0690337
-0.0507189
-0.163088
0.234484
-0.198384
-0.0804641
-0.362639
-0.213939
0.0460299
-0.359703
-0.0439221
0.148973
0.174579
-0.0925358
0.0330355
0.0270425
-0.180381
0.259702
-0.186302
-0.0729194
-0.168931
-0.415798
0.624712
0.266304
0.0163918
0.0496614
-0.00992267
-0.236599
-0.141917
-0.478389
-0.284874
-0.378275
0.325634
0.0979239
0.150006
-0.229735
-0.283371
-0.190722
0.4065
-0.00815496
-0.0411651
0.072894
-0.349181
-0.115273
-0.0933584
0.348053
-0.117419
0.069121
-0.368156
0.27701
0.103266
0.395808
-0.0633223
-0.259378
0.225399
0.24422
0.277654
0.0417447
-0.414193
-0.042365
0.0229775
0.397715
0.119686
0.0779077
-0.456819
0.184706
-0.187114
-0.141936
0.208675
-0.619747
0.248292
0.292887
0.287156
-0.297099
-0.000103557
0.0857775
0.396411
0.078185
-0.0980847
0.304298
-0.124057
-0.119144
0.15483
0.448069
-0.0897659
0.122353
0.0737343
-0.219971
0.0681467
-0.0409928
-0.0960351
-0.224359
-0.037707
-0.0027544
0.253923
0.155072
-0.0282089
-0.229726
-0.0721501
0.058523
0.116164
-0.142618
-0.241483
0.118433
0.258379
0.0423438
0.149759
0.524788
-0.0494137
-0.241798
0.37113
0.178385
-0.0224472
-0.00989308
-0.369575
-0.433581
-0.14759
0.0806704
-0.0711409
0.00442955
0.0395916
0.243184
0.043806
-0.0862177
0.029639
-0.348885
-0.194385
-0.0451262
0.408278
0.0909932
0.0100769
0.289603
-0.1913
0.470172
0.2218
0.498658
-0.112248
-0.302454
-0.140178
-0.0916013
-0.246706
-0.0263352
-0.172963
0.1364
-0.233795
0.643122
0.00636501
0.0609418
-0.0113461
0.231444
-0.092501
-0.157104
-0.273681
-0.219226
-0.234877
-0.170626
0.0239605
-0.57618
0.0541324
-0.0941204
0.00522134
-0.0282449
-0.198753
0.496806
0.0807152
0.203148
-0.471231
0.219105
-0.345754
-0.425248
0.0678207
-0.383869
-0.1446
-0.129852
0.283511
0.0660031
0.118025
0.121378
0.0699747
-0.0931337
0.247363
0.0877481
-0.265573
-0.413233
0.269842
-0.332003
-0.183632
0.043438
0.045016
-0.00956878
-0.380182
-0.132107
-0.0158356
-0.151962
-0.110189
0.211669
0.0988775
-0.0540563
-0.0926064
0.197703
0.276461
-0.308556
0.172037
-0.345447
-0.10981
0.032622
0.172418
0.158224
0.0349693
0.27474
0.140435
-0.23196
-0.0836991
0.10617
0.109326
-0.212663
-0.105297
-0.0504747
0.0455041
-0.231499
0.348959
-0.0094409
-0.263732
-0.0615426
-0.11626
-0.0971156
-0.0874109
-0.102949
-0.0599702
0.0990614
0.145178
0.545213
-0.0134882
0.162761
0.301127
0.307582
-0.00963388
0.0741183
0.0115127
0.104142
-0.0620633
-0.398871
0.261729
0.0581044
-0.172149
0.00222744
-0.105166
-0.196771
-0.264891
-0.0888563
-0.842469
-0.240203
-0.148518
0.451911
0.120525
0.172836
-0.0249365
0.551895
-0.0586852
-0.0473025
0.0237584
-0.0369066
-0.131082
0.000302953
-0.163609
-0.576922
-0.0464204
-0.229228
0.061126
0.0310432
-0.0238273
0.32517
0.215225
0.117532
-0.192814
-0.201685
-0.0399075
-0.0221978
0.173086
-0.0180744
-0.0352334
-0.20613
0.00838695
-0.375616
0.141266
-0.315097
0.200604
0.0246622
-0.108109
-0.277372
0.122845
0.0287832
-0.244243
0.20453
0.299488
0.165612
0.151386
0.0775352
-0.146591
0.0197413
-0.0462855
0.208905
0.274723
0.269581
0.236558
-0.119331
-0.0230743
-0.0411309
0.185963
0.0248826
-0.144915
0.282587
-0.306183
-0.253915
-0.0321666
0.237184
-0.158197
-0.405486
-0.0473664
0.171903
-0.269833
0.433299
-0.501467
0.649632
0.00913768
0.731404
-0.370351
0.0149893
-0.359277
-0.657013
-0.255017
-0.40811
0.0772288
-0.149175
-0.0159396
-0.457286
-0.559048
-0.0382078
-0.189601
-0.205886
-0.0904022
-0.104638
0.347967
-0.30351
0.218219
0.0161628
-0.213159
0.27443
0.153265
-0.064009
-0.208896
-0.226715
0.031925
0.0406975
0.133971
0.00354391
-0.183394
0.439424
0.22869
0.294193
0.182888
0.161363
-0.130575
-0.421065
0.182746
0.236158
-0.206496
0.0478382
-0.0313712
-0.189532
-0.0324154
-0.0103544
0.377794
0.0502865
-0.494298
-0.0436151
-0.0426905
0.0300792
0.318879
0.100422
-0.0870467
-0.0307643
-0.0760748
0.0678574
0.535801
0.0405013
0.340956
-0.0737609
0.220262
0.109345
0.178348
0.00680714
0.515202
-0.203894
-0.316033
0.0513864
-0.0999638
0.357771
0.160447
-0.0526717
0.0225425
0.187185
-0.199949
0.132314
0.592106
-0.307351
-0.0304693
0.0355604
0.127327
-0.0780602
-0.00999548
-0.558263
-0.253091
0.0360332
0.183782
0.0877732
0.0143774
0.0544633
0.317333
0.386358
0.0507878
0.205382
0.0282012
-0.225296
-0.419982
0.236761
-0.225926
-0.0992127
-0.136763
0.362017
-0.0654878
0.0329539
0.260195
0.00471475
0.303401
-0.192862
-0.364619
-0.0710656
0.347754
-0.0113459
-0.221175
0.111813
0.0204822
0.204753
-0.170176
-0.481265
-0.105467
0.199593
-0.156469
-0.441236
-0.131583
0.530015
0.0321709
-0.159633
0.108075
-0.258294
-0.0851422
-0.220795
0.432417
-0.0690436
0.103163
-0.0971254
-0.0902119
0.244102
0.123783
0.252688
-0.0888517
0.122296
-0.117206
0.224925
-0.174276
-0.266767
-0.305421
-0.254528
0.203907
0.127995
0.0382585
0.0725658
-0.31736
-0.0521248
0.272851
-0.159168
0.109411
-0.215911
-0.160055
0.313298
0.0830828
-0.0683731
-0.0606618
0.351796
0.321005
0.0375706
0.101977
-0.135472
-0.080826
0.148026
0.30177
-0.273958
-0.406922
-0.00632222
-0.0346653
-0.158
0.0692809
-0.130274
-0.103029
0.233853
-0.255561
-0.344861
-0.0812984
0.201422
-0.177859
0.250226
0.00875419
-0.159092
-0.0696162
-0.218421
0.179617
0.0519809
0.120313
-0.261334
-0.149964
-0.0510447
8.87497e-05
0.210964
0.36574
-0.107885
0.0856915
0.250386
0.413241
-0.163322
0.150137
-0.0502509
-0.220022
-0.330352
0.218856
0.458021
0.253088
0.0301705
-0.140797
0.101742
0.417254
0.366942
0.0225208
0.112414
-0.160814
-0.274836
-0.301556
0.367586
-0.0918189
0.32082
0.199857
-0.335361
-0.452161
0.201521
0.00314513
0.428447
-0.123659
-0.243615
-0.108048
-0.0372094
-0.470666
0.0337785
0.199744
0.0507902
0.301438
0.0752342
0.321427
-0.144851
-0.0684784
-0.148336
-0.206959
0.00562572
-0.0562109
0.304905
0.257138
0.0544858
0.0894907
0.198308
-0.15004
-0.0484514
0.170788
-0.459277
-0.13291
0.0610248
-0.0587366
0.0525283
0.106635
0.30957
-0.601667
-0.0816542
-0.201454
0.326622
-0.109189
-0.219156
-0.18193
0.0892423
0.314251
-0.385715
-0.116828
-0.0963379
0.0349382
0.260744
0.113954
0.132653
-0.135951
-0.35154
-0.20123
0.25449
-0.160323
0.175298
-0.0604544
-0.12803
-0.0111
0.047357
-0.0644821
0.205389
0.126099
-0.0232805
-0.15641
-0.0571338
-0.287457
0.330775
-0.364053
-0.115879
0.40636
-0.218179
-0.00371022
-0.448485
-0.330767
-0.145631
-0.0834011
-0.0811956
-0.264432
-0.411206
0.374696
0.289291
-0.287892
-0.225753
-0.180163
0.0243303
0.222497
-0.0131511
0.274964
-0.309772
0.000567625
-0.305806
0.0807074
-0.167631
0.127263
-0.211377
-0.0760387
0.409307
-0.448202
0.237853
0.371753
-0.00789365
0.2035
0.0375761
0.354281
-0.0189604
0.316673
-0.18106
0.0365444
0.273074
0.427524
-0.0976883
-0.232603
-0.0671044
0.295662
0.282371
-0.297598
0.397205
-0.0280068
0.0167097
-0.231613
0.167197
0.123177
0.241644
0.305995
0.134394
0.10569
-0.201135
-0.194353
-0.323533
-0.0149833
-0.233959
-0.295179
-0.0531723
-0.00885811
0.0269587
0.268397
-0.068273
-0.199506
-0.402957
0.20196
0.0910403
-0.357217
-0.00711166
0.0368249
-0.224328
-0.0139808
0.355935
-0.0618643
-0.0987643
0.0399479
0.21638
-0.00643195
0.157456
-0.408705
0.190559
0.0666012
-0.183542
0.147405
0.270438
-0.00199428
-0.332558
0.0026975
0.160103
-0.150891
0.215378
-0.0582805
-0.0338405
-0.218669
0.25359
0.171495
-0.260654
-0.263985
0.211607
-0.0680125
-0.201877
-0.411708
0.11565
-0.177218
-0.549958
0.478334
0.182611
-0.410777
-0.0921071
-0.120166
0.0631376
0.034429
0.301077
-0.288894
0.364336
0.313528
0.626328
0.158974
-0.11719
0.119009
0.0263317
-0.00655794
-0.0446023
0.096965
0.493946
0.190969
-0.3597
0.211574
0.399313
-0.0787028
0.225035
-0.10057
0.257546
-0.136764
0.0886975
0.117708
-0.220455
-0.0155187
-0.400825
-0.103392
-0.190957
-0.0588747
-0.0285722
-0.178511
0.129211
0.458123
0.133118
0.0867809
0.0614214
0.448593
-0.221528
-0.121553
0.379149
0.145564
0.00954177
-0.00373433
-0.200208
0.073152
-0.259013
0.19624
0.167209
-0.0695921
0.206393
0.0205154
-0.126354
0.220761
-0.0721432
-0.093302
-0.173896
0.132678
-0.0909254
0.0150664
0.0522831
0.0730683
0.0806353
0.179835
-0.20247
-0.276681
0.142203
0.155309
0.0873588
-0.27516
0.350091
0.121653
-0.156095
-0.0304723
0.115516
0.0530367
0.0165816
-0.271627
-0.178717
-0.627999
0.277914
0.220515
0.204787
0.170208
0.307845
0.0407351
0.235763
0.189214
-0.365897
0.166141
0.204964
-0.268715
-0.345473
-0.212715
0.146831
0.381797
0.224712
0.174259
-0.0689081
0.0300876
-0.105406
-0.238273
0.0824253
-0.195111
0.0753653
0.0155887
-0.193212
0.252886
0.148654
0.177886
0.152862
0.07471
0.30375
0.0466978
0.355864
0.0197851
-0.0285056
0.101185
0.0198194
0.420327
-0.0160854
-0.120103
0.00163025
-0.222203
0.117902
-0.24902
0.0152343
-0.0373555
-0.241403
-0.521058
-0.125173
-0.0121211
0.0429045
0.166707
-0.321196
0.0765658
0.358707
-0.154017
0.100666
0.0122532
-0.0504579
0.0144366
0.434826
0.336148
-0.00799788
0.0327555
-0.0154315
-0.207763
-0.141965
-0.228979
-0.249948
-0.525404
-0.103776
-0.0254202
0.156988
-0.199779
-0.069916
0.13066
-0.328195
-0.0316509
0.0652393
-0.0708913
-0.600594
-0.292528
-0.083662
0.169827
0.0489929
0.0806754
0.182439
-0.289394
0.0520873
0.284135
-0.147799
-0.271808
0.075589
0.203673
0.233945
-0.486456
0.0610585
0.229882
-0.167466
-0.120436
-0.287059
-0.164952
-0.257102
0.161662
0.309297
-0.0875194
-0.324672
0.0827088
-0.00777259
-0.0670529
-0.35834
-0.0733923
-0.234602
-0.430269
-0.0381104
-0.371754
0.087858
-0.226566
-0.104789
-0.309833
0.399814
-0.246127
-0.230125
-0.355638
0.356468
-0.153072
-0.275103
0.0792059
-0.409041
0.278819
-0.198546
0.392638
-0.49983
0.256813
-0.455789
-0.291359
-0.0133469
-0.196279
0.058926
0.363291
-0.035202
-0.178443
0.0736399
0.484266
0.00866845
-0.32463
-0.233687
-0.0395678
-0.225378
0.266952
-0.119027
-0.162437
-0.498675
0.166864
-0.0645016
0.23144
-0.0683788
0.284645
-0.127111
-0.0713548
0.194794
0.0308036
0.174316
0.0252129
0.121683
0.0321574
-0.0557263
-0.0342747
-0.207519
0.132763
0.152171
0.075955
0.129012
0.157609
0.187086
0.389701
-0.0179829
-0.229103
-0.11538
-0.0617119
0.141581
-0.285282
0.421975
-0.227085
-0.165535
0.199969
-0.319836
-0.0904393
-0.198275
-0.0871625
0.134968
-0.46321
-0.113661
0.0378795
-0.0648681
0.139583
-0.241049
0.314334
0.00284248
0.0851906
-0.205422
-0.154145
0.740038
-0.00301982
0.280448
0.0122725
-0.146985
0.22374
-0.275013
0.28996
-0.101686
0.239371
0.113869
0.133257
-0.108773
-0.443652
0.419589
0.0717831
0.0250772
-0.136141
-0.587187
0.0620687
0.0622852
0.113311
0.200174
-0.0779674
-0.233367
-0.152396
0.200517
0.130727
0.274277
0.221954
0.100233
-0.112013
-0.534226
0.104492
0.0824321
-0.0115858
-0.148071
0.0541835
-0.113341
0.0510137
-0.108676
0.328819
-0.319678
0.00626079
-0.241715
0.122845
0.303664
0.202063
-0.0207362
0.227924
0.0269502
0.193095
-0.19643
-0.0190258
0.15533
0.132942
-0.0347523
-0.0785109
-0.254202
-0.0248141
-0.267803
-0.0623603
0.498723
0.107851
0.183707
-0.0162882
-0.457158
0.0422642
-0.0862356
0.300397
-0.433113
-0.0249928
0.333186
0.30295
-0.35862
-0.237082
0.038807
-0.202556
-0.199504
0.245225
0.327507
0.0925005
0.121424
-0.0296913
-0.0333615
-0.149755
-0.0236127
0.0752951
-0.299824
0.108932
0.308917
-0.218962
-0.0266625
0.196128
-0.176239
-0.0389054
-0.065119
-0.168649
0.0464531
-0.287018
-0.232714
-0.193929
0.0177412
0.100691
-0.12133
-0.171914
0.0454478
-0.0134061
-0.207164
0.140293
0.234539
-0.619813
0.146193
-0.17513
0.110378
-0.262811
-0.0774177
-0.240841
-0.0826238
-0.187725
-0.28846
-0.11908
-0.102687
-0.260019
0.108218
0.407708
-0.350946
0.143593
0.0871522
-0.12022
-0.20476
0.0540641
-0.0674164
0.0737843
-0.0809466
-0.0753866
0.164397
-0.281776
-0.00899136
0.103942
0.366741
0.256055
0.373186
-0.0771127
-0.136466
0.37953
0.295347
-0.0131296
-0.0903525
-0.246752
0.212605
0.125361
0.0735171
-0.0221827
0.336486
0.0258971
-0.161305
-0.205496
0.17153
-0.276066
0.0121036
0.207201
0.0411244
-0.136489
0.0206587
0.306376
0.0940849
0.102685
0.0691449
-0.0807148
-0.190457
0.20878
-0.14207
0.025995
-0.0618525
0.132971
0.115069
0.237347
0.0129716
-0.0802306
-0.246739
-0.135248
0.0137638
-0.047385
0.00145571
-0.559516
0.0938289
0.439092
-0.29784
0.344667
-0.096589
0.0777981
0.183496
-0.039349
-0.28293
0.208187
0.0170518
-0.0131557
-0.0733673
-0.140389
-0.228874
0.480477
-0.135177
0.00732383
-0.0936516
0.0390753
0.110108
0.188416
0.0860645
-0.0426191
0.117309
0.111474
-0.0376229
-0.326201
0.239763
0.47298
-0.366393
-0.0653185
-0.223466
0.0611844
0.325851
0.0690597
0.173386
0.0803056
0.0306104
-0.110328
0.201722
-0.208069
-0.0542677
-0.366909
-0.135724
-0.0544386
-0.109645
-0.0750269
-0.3799
-0.23378
0.0296588
0.394607
-0.0285598
0.262805
-0.0390721
-0.148129
-0.125621
-0.443359
-0.237078
0.315369
-0.0751501
0.184571
0.144108
-0.263718
0.0246819
0.0916894
0.314108
-0.0291363
-0.0826392
0.0795428
-0.139601
-0.0299305
0.0628783
-0.636782
0.052839
-0.175061
0.167345
0.026235
0.120781
-0.0891634
-0.131853
-0.36514
-0.0334463
0.272141
0.418784
0.0124726
0.183122
0.0132093
-0.169417
0.242317
-0.0511719
-0.172798
-0.0790942
-0.0971492
-0.0801155
0.28642
-0.0214739
-0.010399
-0.0651442
-0.0452411
0.078178
0.302665
-0.194635
-0.103451
-0.205928
-0.429929
0.258207
-0.0255451
-0.174577
0.0286789
-0.345982
-0.0897367
-0.111915
-0.0170533
-0.290977
-0.160682
-0.314801
0.0105634
0.0483636
-0.0976985
0.272337
0.0259422
-0.26552
-0.0714926
0.0913151
-0.00933545
-0.0952433
0.15153
-0.089184
-0.356255
-0.353377
0.0577997
0.346959
0.0286273
0.307639
-0.0208723
-0.234854
0.124573
-0.0789601
-0.135207
0.150394
-0.112558
0.285056
-0.0679221
-0.0957321
-0.351036
0.128443
-0.182765
-0.0387505
-0.269997
-0.0731698
-0.155142
-0.394495
-0.0284265
0.105409
-0.190633
-0.331797
0.0424084
0.504966
0.361145
-0.35585
0.21012
0.0599167
0.206884
-0.247939
0.0595057
-0.2879
0.152641
0.101843
0.397651
0.118376
-0.174048
0.050586
0.0635352
0.131864
-0.123512
0.092075
0.251465
0.154311
0.0655945
0.0561168
0.322542
0.109888
-0.249247
-0.267903
0.579041
0.591902
-0.041683
-0.0602869
-0.50109
0.246229
-0.0554692
-0.811447
-0.00865609
0.344442
0.155612
-0.55208
-0.310637
0.105137
-0.00233916
0.00337969
0.323119
0.238526
-0.440588
-0.0287163
-0.131894
-0.256073
0.297643
0.0253411
-0.18914
0.0430474
-0.182542
0.780507
-0.439487
0.183379
-0.29256
0.213971
-0.115716
-0.168448
0.00400017
-0.0551651
-0.292491
-0.125699
0.0663596
-0.233586
-0.0329071
0.0666401
0.450979
0.407175
0.0983508
-0.183863
0.194363
0.105859
0.327591
-0.0180263
-0.246478
-0.146855
0.0942807
0.153536
0.0715355
0.642301
0.182602
0.127863
-0.277033
-0.236871
-0.223356
0.668845
-0.0965957
-0.115309
0.0656042
-0.310579
-0.173669
-0.0863759
-0.349429
0.0553366
0.101693
0.0889152
-0.190672
0.249655
-0.224112
-0.324487
0.257322
-0.0684106
0.160761
0.483902
-0.42952
-0.126633
0.482165
0.373074
-0.0234556
-0.0566008
-0.0436551
-0.0129629
-0.0595365
0.159145
0.160763
0.175219
0.552158
0.192456
-0.127067
0.0506483
-0.166128
-0.177746
-0.247357
-0.0127125
0.0545039
-0.141082
0.241953
0.286685
0.237125
-0.258609
-0.25331
-0.254067
0.114141
0.342112
-0.102886
0.727242
0.176297
0.244382
-0.132002
-0.0242145
-0.0616581
0.234413
0.0358129
0.106329
0.177433
-0.140177
0.055466
-0.118099
0.182302
-0.321136
0.182917
0.110364
-0.034411
-0.176238
0.0393538
-0.195744
0.0825259
0.221325
-0.0603667
-0.357899
0.000607923
0.251316
-0.0251429
0.257268
0.0479107
0.054566
-0.0495478
0.00718317
-0.245938
0.404669
0.388693
0.120807
0.369769
0.545721
-0.356657
-0.389432
0.00761278
-0.419479
0.539693
-0.0220871
-0.012245
-0.268852
0.0263132
0.675539
0.23293
-0.507618
-0.0386897
-0.0503623
-0.0215928
-0.14667
0.264461
-0.0879769
-0.458227
-0.0727676
-0.100986
-0.162299
0.373633
-0.154841
0.299717
0.275529
0.2031
-0.13762
0.0987618
-0.000564456
0.114823
-0.0638842
0.249227
0.0411938
-0.00283796
-0.273173
0.0839713
-0.251973
-0.0991141
-0.222697
0.457868
0.210766
0.157358
0.399405
0.480929
-0.0914566
0.236704
-0.0779603
-0.139317
-0.0723044
0.24099
0.231558
-0.183826
-0.0164581
0.036394
-0.381151
-0.206389
-0.0311027
-0.165999
0.467999
-0.112488
0.154256
-0.0231501
-0.368531
-0.141938
-0.0529835
0.200048
-0.308336
-0.105066
0.593215
-0.226186
0.115739
-0.245886
-0.172595
0.0280054
0.250955
-0.00173095
0.327753
-0.596816
-0.316037
-0.268499
-0.100221
-0.337163
0.150394
0.467438
0.0730278
-0.0131115
-0.166346
0.311769
-0.130251
0.00340501
0.426506
-0.0878006
0.196266
-0.0688659
-0.0556194
-0.204675
-0.0363231
0.184381
-0.270897
0.544246
-0.460219
-0.114162
0.186597
-0.589291
-0.218379
0.0717763
0.241838
-0.533797
-0.114152
-0.115879
0.200896
0.383034
-0.478954
0.122057
0.731982
0.0237203
-0.39982
-0.444189
0.0193404
0.198895
0.130946
-0.203597
-0.218637
0.195557
0.35925
-0.305672
-0.699639
0.158667
0.00711404
0.108415
0.338938
0.364293
-0.205079
0.484859
0.356824
-0.218318
-0.202689
-0.0495382
-0.273934
0.0264507
-0.128773
0.0173461
-0.272042
0.55543
0.0537905
-0.297325
-0.413453
-0.313187
-0.0303413
0.0904921
0.131892
-0.545336
0.135842
0.12844
-0.0788549
-0.36496
0.21346
-0.0793801
0.0972265
-0.296577
-0.356626
-0.553788
-0.0225241
0.435393
-0.151649
-0.00842955
-0.114826
0.22257
0.248294
-0.334777
0.161202
-0.0722142
0.291779
-0.0582283
0.299667
-0.424878
0.288737
-0.0847943
0.0298964
0.187542
-0.155873
0.304276
-0.0121067
0.130825
-0.0595725
-0.118665
-0.482449
-0.10257
0.0210115
0.334324
-0.360779
-0.0138814
-0.123222
0.046198
-0.360999
-0.0381549
0.122634
0.307565
-0.401044
0.478444
-0.217595
-0.115447
-0.0142559
-0.14966
0.211508
-0.147925
-0.304965
0.334645
-0.554518
-0.105484
-0.085345
-0.0568906
0.0923674
-0.205334
0.0713091
0.319923
-0.138055
-0.176943
-0.358982
-0.38163
0.0760431
-0.461274
-0.224384
0.119508
0.083968
-0.267417
0.141062
-0.356921
0.219756
0.223413
0.273726
-0.128114
-0.48131
0.260471
0.107626
0.282434
-0.0116955
-0.0638328
-0.0786994
-0.123238
-0.303116
-0.265447
-0.0641863
0.00309204
0.120388
0.131791
-0.323731
-0.308636
-0.351852
-0.487942
0.414648
-0.34552
-0.214646
0.204359
-0.0916972
0.0675327
-0.104346
0.444899
-0.498461
0.36321
0.400567
0.00130197
0.711839
-0.255657
-0.41571
-0.0355928
-0.603906
0.15476
-0.0786662
-0.235981
-0.116056
0.206181
-0.220965
-0.334299
0.138505
-0.0417806
-0.0606863
-0.649439
-0.222774
0.0493187
0.0527968
-0.112537
0.195163
-0.0252711
0.0166433
-0.166581
0.0800869
-0.135887
0.243149
-0.292584
-0.106629
-0.0630381
-0.116944
-0.0738003
0.148456
0.167385
-0.0964508
-0.0910355
-0.433744
-0.28011
-0.102406
-0.281881
-0.144959
-0.0325707
0.306435
-0.147263
0.104775
-0.111247
-0.0416889
0.309811
-0.545085
0.157772
0.338231
-0.11574
-0.354707
-0.032195
-0.0660257
-0.159949
0.0763145
-0.00639859
0.187666
-0.201671
0.299523
0.368191
-0.0967037
-0.570878
0.0336677
-0.00792324
-0.00945514
-0.209386
-0.200355
0.0140932
-0.00663795
-0.521688
-0.0798413
-0.0273605
-0.0717682
0.231754
-0.461618
-0.403982
0.0396846
-0.0563859
0.108534
0.243171
-0.0623899
0.0662837
0.16671
0.108122
-0.263452
-0.528384
0.057418
0.107995
0.128297
0.182262
-0.0691777
-0.0606229
-0.0291326
0.551395
0.33139
-0.350244
-0.173746
0.13567
-0.197089
-0.279388
0.223233
-0.00305809
-0.107154
-0.00681547
0.238446
0.000175644
0.305229
0.226482
0.125291
-0.194087
-0.0319371
-0.0172822
-0.196297
0.122382
0.202244
-0.247286
0.269853
-0.213408
-0.319697
-0.0435472
-0.240793
0.338505
-0.0849376
-0.0576531
0.140951
0.200088
0.424999
0.0424266
0.079606
-0.160341
0.439419
0.368441
0.392151
0.204698
-0.261277
-0.392569
-0.372774
0.0569652
0.355685
0.262126
0.116416
0.241184
0.045939
0.0579872
0.222065
0.483084
-0.343501
0.00322848
0.104263
0.0780304
-0.00850341
-0.122392
0.0372197
0.234826
0.114472
0.434201
-0.131327
-0.128627
-0.168337
0.25238
0.198501
0.397974
0.204547
0.276841
-0.00421317
0.00180178
0.0490909
-0.119562
-0.217845
0.398549
0.45159
0.233207
0.0712865
0.305761
0.162762
-0.688002
-0.190039
0.274122
-0.0262736
-0.170128
-0.301695
0.231738
-0.362756
-0.448036
-0.289386
-0.160177
-0.054783
0.390586
-0.163009
-0.00978056
-0.350695
0.112369
0.392286
-0.0302192
-0.351044
0.0927652
0.416598
0.145158
0.179364
-0.266782
-0.118219
-0.448916
-0.36173
-0.116308
0.273698
0.0546018
0.0533985
0.0855395
0.392658
-0.0115999
0.218439
0.417561
0.326549
0.0804435
0.0491001
0.138888
0.116711
0.607083
0.173036
-0.536441
-0.256767
-0.196126
-0.0824534
-0.166533
0.306575
-0.203263
-0.321111
-0.205229
-0.030798
-0.616252
-0.297781
0.140384
-0.167816
-0.0505961
0.000404367
-0.135265
-0.220367
0.255282
-0.284481
0.0323677
-0.0763579
-0.150994
-0.172509
-0.275633
-0.24692
-0.0134887
0.422834
0.274486
0.176098
0.218657
0.282628
0.0731066
0.0117595
0.426981
-0.171729
0.254353
-0.0276267
-0.103273
0.161956
0.173349
-0.326364
-0.413879
-0.128197
-0.0911185
-0.10749
-0.164038
0.273293
0.199326
0.0137833
0.342443
-0.503355
-0.0483162
-0.02816
-0.135862
0.0583722
0.0329361
0.0794273
-0.016557
-0.233133
-0.494204
0.126557
-0.00591267
-0.420139
-0.0687153
-0.614001
0.170182
-0.296186
-0.0847094
0.0944863
-0.218965
0.311195
0.0296707
0.20939
-0.122505
0.0653089
0.300044
0.349351
0.0124524
-0.333134
-0.138475
0.39445
0.4507
0.180676
0.376286
-0.100557
-0.197379
0.221298
-0.837883
0.0226189
-0.475886
0.297915
0.154324
0.0518707
0.0635841
0.560598
-0.157459
0.111337
0.17626
-0.0612859
-0.185309
0.107865
-0.230238
0.16525
-0.286456
-0.103871
0.0229182
0.0389069
0.0526246
0.0822678
0.247799
-0.140001
-0.151333
0.163692
-0.139466
-0.208962
-0.0380213
0.36793
0.29491
-0.0823701
-0.0943317
-0.286466
-0.196389
0.0654094
0.23355
-0.14206
-0.0793028
0.440164
-0.187854
-0.00612492
-0.163007
-0.187333
0.207965
0.00359362
0.353028
0.0946152
0.27523
-0.401072
-0.239801
-0.0200412
0.191775
0.104012
-0.276488
0.346854
-0.229524
-0.0920108
-0.0425973
0.264239
-0.224709
0.406567
-0.193228
0.318604
-0.0165118
-0.197051
-0.00857688
-0.189383
0.0892264
-0.13261
0.0661419
0.112428
-0.0050195
0.435267
0.173811
0.195888
0.0923773
-0.316076
-0.22974
0.540542
0.31471
-0.382516
0.458414
0.0455469
0.0976178
0.0468277
0.0290463
0.399106
-0.0850037
0.418755
-0.234326
0.103596
-0.133362
0.17526
0.316194
-0.319481
0.176429
0.646944
0.146028
0.145792
-0.398376
0.0210387
-0.178365
-0.121244
-0.00720979
0.0903141
-0.251212
-0.0762284
-0.681475
-0.19878
-0.444504
-0.128944
0.0147201
-0.223405
-0.221595
0.00710085
-0.112548
-0.316067
-0.228236
0.550085
0.219157
0.0526406
-0.0638712
-0.305846
-0.0317425
0.122004
-0.166956
0.316925
0.34277
-0.115458
0.132801
0.272543
0.242565
-0.19466
0.175702
0.066747
-0.108551
-0.00676646
-0.556947
0.0289386
0.160996
-0.121942
-0.00557287
0.192178
0.227549
0.310259
-0.130101
0.268307
-0.169694
-0.14947
-0.31011
0.0118552
-0.159116
-0.0806746
0.0592531
0.515929
0.217237
-0.176212
-0.374963
-0.0706839
-0.0312063
-0.157384
0.112952
-0.0695961
-0.147881
0.0669205
-0.248011
0.126369
0.417478
0.242861
-0.530417
0.461349
-0.215355
0.141795
0.107366
0.228201
-0.120535
0.0690412
0.585515
0.0503613
-0.163584
-0.993828
-0.0660408
0.169454
-0.233646
-0.0818789
0.0726067
0.256398
0.069799
0.0420476
-0.0557267
0.161798
-0.889327
-0.0849174
-0.29843
0.0138145
0.00117498
-0.291145
0.104561
-0.289458
-0.0115961
-0.0198615
-0.109416
-0.385967
-0.319517
0.0930905
0.194672
-0.0304632
-0.493565
-0.425989
-0.139211
-0.100607
-0.0241744
0.143917
-0.324079
0.452268
0.245713
0.0491201
-0.0106026
0.206381
-0.140402
0.281418
0.348657
0.235626
-0.0941201
-0.113582
0.253756
0.0119994
-0.238483
0.327237
-0.217522
-0.474481
-0.163034
0.0783092
0.147715
-0.0823182
0.454863
0.19945
-0.124133
-0.152556
-0.0932097
0.27675
0.138398
-0.177424
-0.177612
0.0954181
0.00756597
0.362141
0.403111
0.130385
0.136069
0.320483
-0.0635999
0.240968
-0.924994
-0.303036
0.273979
-0.0351667
0.366913
-0.0186884
-0.203376
-0.510784
0.518901
0.05096
0.162697
-0.232406
-0.164174
-0.0572382
-0.572398
0.101588
0.104741
-0.0207004
0.231707
0.191286
0.0267944
-0.147833
0.00437922
0.188205
0.422825
-0.103271
0.0166501
-0.0395339
-0.107183
-0.0876812
0.21098
0.274633
0.245508
0.252481
-0.104289
0.161465
0.790755
0.092825
-0.292762
-0.242101
0.245262
-0.142413
0.0183106
0.345052
0.00925435
-0.0525886
-0.283399
-0.217474
0.0388881
-0.239743
0.408127
-0.25729
-0.679478
-0.0480015
-0.0312753
-0.0149187
0.189684
0.169048
-0.000129599
-0.409212
0.00734406
0.0160024
0.154497
-0.162714
-0.163616
-0.125348
0.196005
0.263333
-0.524749
0.0345972
-0.669438
0.43036
-0.519311
0.024467
-0.238428
0.385807
-0.192786
0.127196
0.185597
-0.573415
-0.0531818
0.000544553
0.185386
0.147863
0.35949
0.360793
-0.0806694
0.28767
-0.124815
0.513542
-0.111212
-0.140139
0.093772
0.206344
-0.490825
-0.197872
-0.568996
0.335516
-0.269316
-0.145044
0.701533
0.494282
-0.270327
0.210769
0.0805854
0.16473
-0.0304696
0.249064
-0.18678
-0.344286
-0.551243
-0.0915454
-0.151327
0.381532
-0.0860426
0.301434
0.455928
-0.248533
0.279194
0.394699
0.110095
0.543969
0.173974
-0.113184
-0.0677498
-0.084062
0.506431
0.164524
-0.0717836
-0.10239
-0.264832
0.242059
0.438267
0.586752
-0.51512
0.217108
-0.188308
0.129337
-0.0643679
0.681273
-0.0397548
-0.275408
0.45692
-0.0154327
0.0247918
0.102022
0.227201
0.263779
0.11301
0.3576
0.081401
-0.117941
0.189918
0.42824
-0.0483356
0.00275245
-0.127741
0.0689041
0.072674
0.118669
0.108917
0.449907
0.502822
-0.124182
-0.0461587
-0.00111145
0.372771
0.382584
-0.271493
0.684791
-0.386672
0.548545
0.0498127
-0.231416
0.235322
-0.127499
-0.0296846
0.159231
-0.414335
0.105262
0.17457
-0.044329
-0.126734
-0.176039
0.113824
0.0522686
0.00704723
-0.363761
-0.139593
0.019407
0.0438822
0.16364
0.283435
0.151959
0.0514545
-0.142001
0.0340847
0.00956024
-0.158675
0.0833449
0.0896939
-0.0517849
-0.0130446
-0.107315
0.00484578
-0.395808
0.18453
0.555835
-0.145726
0.560014
0.25949
0.212527
-0.231719
0.156235
-0.0468996
0.00834908
-0.196964
-0.0728425
0.472053
-0.302104
-0.154942
-0.483316
0.0865466
-0.0488528
-0.0888605
-0.112698
0.557694
-0.234727
0.0389983
-0.0697942
-0.0526155
0.170805
-0.190308
0.0167234
0.261933
0.189919
-0.0782702
-0.192722
-0.035722
0.152416
0.0341651
-0.0189288
0.274356
0.0443924
-0.195487
-0.355108
0.0802457
-0.15645
0.10208
-0.330393
-0.129593
-0.00394473
-0.359276
-0.00749327
-0.325081
0.208541
0.0560674
-0.412529
0.22077
0.275426
-0.259703
0.0834794
0.216333
-0.138672
0.107071
-0.205924
-0.0513853
-0.274489
0.0191868
-0.0408496
-0.0100958
0.17988
-0.0182652
-0.458514
-0.0327614
0.268354
-0.226874
-0.29473
-0.331187
0.371208
0.111489
0.200757
-0.0655633
-0.12834
0.0809764
0.195612
-0.145688
0.10504
-0.112098
-0.0132973
-0.133957
0.195357
-0.147136
-0.0244838
-0.0163211
-0.107879
-0.208614
0.313344
-0.120108
-0.264597
0.171755
0.117981
-0.0527247
0.120153
0.0599538
-0.280033
0.10629
0.233404
-0.425922
0.0596053
-0.176205
-0.362434
0.110765
-0.164006
0.2886
0.110692
-0.202844
0.0705868
0.26819
0.0132342
-0.334922
-0.0765746
-0.0148804
0.0637866
0.0469343
0.19515
-0.145995
-0.304144
-0.00367793
-0.223772
-0.143658
-0.192857
0.185045
0.0257998
-0.145838
0.23042
0.347995
0.0148362
-0.110077
0.459108
-0.0736872
0.0762094
0.00848874
0.364359
-0.0595264
0.175567
0.180261
0.0661835
0.0423595
-0.0938599
-0.212598
-0.341292
-0.0870712
-0.306258
-0.0119957
-0.265228
-0.105709
-0.29848
0.354912
0.0110838
0.335392
-0.171179
-0.0954581
-0.278907
0.0342351
-0.137126
0.0434398
0.17577
-0.311221
-0.216938
-0.342097
0.220758
0.219511
-0.237953
0.00111757
-0.074648
-0.102359
0.0282841
0.0891419
0.224247
0.0818798
0.236566
-0.0163825
-0.17565
-0.238683
-0.172706
-0.103872
0.0370052
-0.395402
-0.388069
-0.0714856
0.115221
-0.0526648
0.0894213
0.196443
-0.445165
0.417565
0.19732
-0.239852
0.0487562
0.623995
-0.191353
0.115972
0.347073
0.188834
0.0490241
0.217245
-0.115361
0.0443088
-0.246089
-0.130492
-0.149892
0.215484
-0.158129
0.193174
0.095695
0.0714463
-0.235066
-0.1781
0.168828
-0.192848
0.25563
0.114808
-0.292508
0.220233
-0.224099
0.284089
0.535842
-0.476078
-0.00358094
-0.0132056
-0.317267
0.12469
0.191471
-0.398936
0.206737
-0.147727
0.391717
-0.237084
0.335971
0.0961809
-0.574543
-0.140054
-0.141471
0.249306
-0.277204
0.0377907
0.0661525
-0.263881
0.0738151
-0.282803
-0.0144535
0.378761
-0.152929
0.062685
0.263954
-0.258344
-0.233356
0.132405
0.173652
-0.0738012
0.132971
0.0106806
-0.182233
0.619526
-0.0249765
0.326968
0.265328
0.149385
0.0117783
-0.0628023
-0.245949
-0.0946625
0.00293036
0.00100683
-0.519478
-0.0184615
0.509987
-0.347476
0.29624
-0.242157
0.0197702
-0.154415
0.225269
-0.173491
-0.351678
0.176468
-0.105099
-0.14946
0.0355106
-0.096898
-0.153312
-0.226709
0.314562
0.414828
0.0946453
-0.0546721
0.0865031
0.18225
-0.259212
0.0108497
0.527445
0.145011
0.323274
0.0422859
0.135249
-0.777876
-0.135368
0.0956976
0.231453
-0.0336935
0.344333
0.335977
-0.124597
-0.207781
-0.134711
0.00252489
-0.00902275
0.213229
-0.44945
0.0887387
0.0187615
-0.331699
-0.2472
0.250079
0.134665
-0.458477
-0.334457
-0.122337
0.0504108
0.0608338
-0.418086
-0.295799
0.282614
-0.135455
-0.253664
-0.0120257
-0.144059
0.309679
0.192953
-0.0530232
-0.275915
-0.0868351
0.150394
0.0947606
0.314502
-0.0966476
-0.0771939
0.409708
-0.0830598
0.0972207
0.213791
0.154051
-0.212152
-0.0747046
-0.111052
0.138265
-0.0610662
-0.191715
0.375938
-0.570725
-0.163857
-0.104359
-0.0505426
0.33722
-0.288285
0.487918
0.109151
0.0668093
0.0256085
0.0763847
0.104193
0.131309
0.0203078
0.188109
-0.343874
0.152707
-0.125391
0.208061
0.155629
-0.38829
-0.352628
-0.0786835
-0.394981
0.212635
-0.276215
0.0791208
0.0338327
-0.0483946
-0.142068
-0.170158
0.369626
-0.225873
-0.13047
-0.156518
-0.120806
-0.179504
0.769662
-0.0830147
0.0460894
-0.327957
-0.207531
-0.0266778
-0.0894314
-0.0168617
-0.0137533
0.267066
0.169307
-0.0493477
-0.132753
0.211285
0.024686
0.322937
-0.14439
0.163125
-0.179109
-0.127892
0.0493191
0.0364938
-0.0677591
0.0562567
0.33818
0.0300943
0.143922
-0.473145
-0.12813
-0.0669591
-0.315265
-0.199269
-0.0140267
0.0595331
-0.0567163
-0.389179
0.149491
-0.0603945
0.313368
0.291159
-0.445805
-0.120599
0.0181183
-0.0972725
0.0722705
0.291396
0.0720643
0.437043
-0.119569
-0.638417
0.210825
0.0135919
-0.413052
-0.740752
-0.312543
-0.226447
0.311484
0.339413
-0.104463
-0.225137
0.0171572
-0.616821
0.110547
-0.1509
0.185084
0.419765
-0.214326
-0.131819
0.0782326
-0.100991
-0.325854
0.195889
-0.229485
-0.578767
-0.0983437
-0.0611983
0.0222553
-0.292289
-0.163161
-0.128834
0.389297
0.124469
-0.364495
0.115699
0.229121
0.352024
-0.436242
-0.175889
-0.248382
-0.0482557
-0.056398
-0.410391
-0.0916853
-0.0606591
-0.0439993
0.18227
0.353139
0.226052
0.419667
0.466386
-0.320429
0.0230884
-0.215568
0.147409
0.0820912
0.0555117
0.299075
0.0435907
-0.15591
-0.15116
-0.00245032
-0.343878
-0.0587966
-0.275106
-0.0925519
-0.00351101
0.140691
0.191594
-0.0351265
-0.357014
0.143075
0.426761
-0.0957633
0.150267
0.585399
0.103274
0.112487
0.0442288
-0.0728576
-0.0176165
0.128076
-0.156687
0.139883
-0.0618924
0.116421
-0.308781
0.0863958
0.102261
-0.714877
-0.298747
-0.121593
0.0562638
0.228791
-0.148105
0.0247488
0.0482432
-0.101647
-0.275292
0.136006
-0.0526591
-0.0643765
-0.376553
0.263377
0.323768
0.25345
0.256876
0.464284
0.141345
-0.215169
0.362126
0.330795
0.102304
0.127732
-0.229839
-0.0440887
-0.0196644
0.17703
-0.359978
0.0825937
-0.327766
-0.2843
-0.0999363
0.150585
0.0112412
-0.362805
-0.227899
-0.0832144
0.0938287
-0.00959361
0.251972
0.137487
-0.222498
0.310317
-0.101753
-0.0762929
-0.0240307
0.199669
-0.449589
0.27146
0.0749716
0.288027
-0.436323
-0.472025
-0.132087
-0.086343
0.369769
0.134505
0.180169
0.319831
0.249722
-0.0401204
-0.103705
0.211078
0.0761269
-0.318922
-0.107073
-0.155505
0.21656
-0.490064
0.16852
-0.371935
0.171219
0.235148
0.554137
0.204156
0.249685
-0.90756
0.0162674
-0.407866
-0.28111
0.082034
0.240351
0.12621
0.00521037
-0.198808
-0.0885073
0.0049785
-0.0412649
-0.0822152
-0.492687
0.388275
0.314633
0.0542836
0.894448
-0.308108
-0.0635922
0.0175004
-0.373595
-0.0527909
-0.0310105
0.359186
-0.0769791
-0.180801
-0.0466867
-0.0983332
-0.27125
0.119994
-0.0572853
-0.0493805
0.236713
0.47378
0.0953944
0.136361
0.0930385
0.295114
0.0302384
-0.212783
0.0467869
0.192464
0.0932518
0.201277
-0.198884
0.56605
0.0719406
0.274368
-0.0243673
0.103578
-0.171324
-0.274956
-0.677826
-0.193958
-0.0138706
0.0858429
0.124389
-0.105293
0.035614
-0.230149
0.157123
0.168452
-0.0145385
0.498971
0.188438
0.0390247
-0.237942
0.246265
0.0647167
0.204921
0.0419104
-0.125002
0.331306
-0.00250083
-0.0493212
0.207383
0.342642
0.099166
0.310729
0.0412564
0.45407
-0.0331747
0.197627
0.011438
0.0993232
-0.146119
0.193309
-0.265386
-0.166927
0.0138541
0.0924181
0.0168115
0.357306
-0.210593
-0.237504
0.186704
-0.052424
-0.0660605
-0.0726341
0.199086
-0.21374
-0.130423
-0.123035
0.0128702
-0.153975
0.43738
0.278901
-0.102596
0.060342
-0.266842
0.12696
0.276789
0.044572
0.23453
0.448528
0.0755123
-0.410812
-0.0438768
0.132963
-0.569164
0.265466
-0.0215172
-0.0329891
-0.266898
-0.26657
-0.139924
0.0190404
-0.168442
0.215855
-0.329172
0.0176191
-0.02135
0.0965807
0.552006
-0.102063
-0.0310345
0.0226873
-0.289952
0.135576
0.297915
0.334818
0.111256
-0.339069
0.230961
0.34922
0.14505
-0.321344
-0.138917
0.0223201
-0.0622293
-0.109593
-0.109651
0.0820541
-0.528027
0.01158
0.400151
0.00965309
0.0839931
0.396545
-0.0298416
-0.00342803
0.267964
0.0773638
-0.589653
-0.176824
-0.157257
-0.053097
-0.39382
0.00607219
-0.0132196
0.463923
-0.112838
-0.111585
-0.145399
0.0469359
0.243208
-0.306981
-0.473089
0.26374
0.0513552
-0.0307273
0.00912472
-0.150809
0.11445
0.265347
-0.166118
0.300601
-0.107099
-0.443673
0.204878
0.262791
-0.110135
0.124242
0.0338731
-0.289731
-0.0954649
0.0676236
0.117761
0.528175
0.375445
0.0460266
-0.198039
-0.366912
-0.0242627
0.175681
0.182292
0.0595194
0.208461
0.353708
0.190601
-0.41636
-0.260309
-0.0481808
0.0751015
0.116774
-0.339147
-0.189026
0.0738276
-0.262369
-0.00548304
-0.178933
0.116754
-0.215573
-0.0678865
-0.314816
0.110354
0.03136
0.103193
-0.0163746
0.713696
-0.300627
0.137743
-0.350044
-0.218448
-0.249587
-0.0739531
0.403737
-0.041568
-0.020448
-0.288431
0.178698
0.172022
-0.344395
-0.290635
-0.381583
-0.174365
0.0675891
-0.0244986
-0.294244
0.0273746
0.217423
0.085649
0.283152
0.148632
-0.227684
-0.0258866
0.0989708
0.321592
-0.269495
0.0159935
-0.157879
0.309172
0.200715
-0.0980189
-0.412498
0.049273
-0.0107355
0.529413
0.040531
-0.14191
-0.0401127
0.135616
0.171315
0.0271073
0.26488
0.015337
-0.0207255
0.0261447
0.0752148
-0.0248123
0.124117
-0.0162713
0.0661942
-0.095581
0.210179
-0.105606
-0.0315353
0.092099
0.0649599
-0.28095
-0.124718
0.306462
0.0947938
0.127093
-0.0855016
-0.0758296
0.0878079
-0.204329
-0.0487242
-0.0354385
0.176168
0.310042
-0.0350851
0.201515
0.0632819
-0.318979
0.267648
0.0192907
0.320258
-0.212253
0.0945372
-0.202316
-0.280649
-0.0636044
-0.0325336
-0.366613
-0.0102501
0.529933
0.0692097
-0.00459625
-0.36246
-0.050783
0.0765359
0.167673
0.0306586
-0.328921
0.0906273
-0.0658754
-0.453717
0.19942
-0.607293
-0.029955
-0.183401
0.123947
0.385951
-0.199256
-0.511261
0.237081
-0.0128149
-0.145366
-0.454886
0.246297
-0.210878
0.034932
-0.0111874
-0.00614683
-0.0139381
0.0251699
0.10455
0.425669
0.236931
0.305484
0.271173
-0.176271
-0.110115
-0.413193
0.245489
0.246182
0.0158878
-0.00784776
0.231719
0.35163
-0.326945
-0.243585
0.0854245
-0.201073
0.423379
-0.316781
-0.228888
-0.127084
0.138211
0.130524
0.0753733
-0.115575
0.327263
0.0642824
-0.0631748
-0.322956
-0.00501175
0.0986399
0.19994
-0.130322
0.415423
-0.513583
-0.110292
0.235333
-0.0179936
0.0865669
-0.233704
0.1214
0.298918
-0.104912
-0.0371443
-0.322985
0.693665
0.171739
0.365334
-0.147786
-0.120852
0.0307459
-0.270003
-0.243496
0.0404007
0.0485392
0.272547
-0.0926677
0.625091
-0.0107334
-0.0286495
0.0511385
-0.593751
0.00195581
-0.159766
0.164817
0.826217
0.273796
-0.401895
0.100162
0.04639
-0.196224
0.102553
-0.00942497
0.320077
0.0282632
-0.339105
-0.298033
-0.122705
0.0661809
0.173546
-0.00997215
-0.143826
0.340415
0.230523
-0.00914937
0.167076
-0.437772
0.168856
-0.0650187
-0.0840698
0.174857
-0.284006
0.317197
-0.322188
0.0549292
0.0980577
-0.12031
0.0551982
0.101899
0.404902
-0.041698
-0.162743
-0.218459
0.155921
-0.128608
-0.258705
-0.327478
0.344966
0.18537
0.302379
0.0746738
-0.414673
0.118349
0.292612
0.0394445
-0.410158
-0.184104
0.0401197
-0.302332
0.115132
0.237788
-0.00688425
0.207823
-0.0359412
0.46404
-0.192365
0.228939
-0.109563
0.221507
-0.0198727
-0.335019
0.386846
0.369428
0.0251458
-0.338564
-0.0937769
-0.0960617
0.109647
-0.206115
-0.233103
-0.2685
0.329674
0.440325
0.00333788
0.0955331
0.0488136
-0.0302915
-0.191663
-0.234524
0.0805778
0.430555
0.127967
-0.0320952
-0.0939822
0.899883
0.284171
0.186833
-0.408141
0.0418868
-0.650738
0.0382863
0.167255
0.220007
0.1356
0.0855752
-0.378374
0.22591
-0.10488
-0.105267
-0.195261
-0.0434116
-0.144161
-0.169115
0.129006
-0.278365
-0.214233
0.206962
0.125108
-0.109237
0.0820659
-0.474455
0.23335
-0.107304
-0.264547
0.267459
0.188856
-0.087912
-0.197148
-0.162888
-0.0307537
-0.307007
-0.446011
-0.038146
-0.445633
0.200029
-0.561131
-0.0888163
-0.123689
0.0160522
0.0315416
0.0789768
0.302607
0.0430796
-0.0441025
-0.234577
0.184921
0.216758
-0.314108
-0.156446
0.304571
-0.407464
-0.00497359
0.324075
0.120913
0.0928754
-0.0482991
0.150959
-0.00515215
-0.275323
-0.325513
-0.0268879
-0.176346
-0.510652
-0.358615
-0.129421
-0.0750614
-0.198665
0.274432
0.0849515
0.130527
-0.235327
0.11824
0.0313241
0.198824
-0.234409
-0.0233109
0.0790482
-0.210051
-0.032487
-0.174579
-0.107371
0.127918
0.0130995
0.207268
-0.50049
0.105151
0.00100254
-0.0874005
-0.305521
-0.225794
0.43167
-0.0379978
-0.0548359
-0.00652908
-0.179372
0.318533
-0.518193
0.0782709
-0.202097
-0.195771
0.0519863
0.0299866
0.103758
0.494711
-0.300794
0.0401683
0.0815364
0.222282
-0.461808
-0.417051
0.141119
-0.0868503
-0.27302
-0.0149302
0.148371
0.0662782
0.110561
-0.351367
-0.0062094
0.0873459
0.0306666
0.00824245
-0.159104
-0.0621826
0.472544
-0.161566
0.141856
0.185696
0.202409
0.351605
-0.249209
-0.131483
0.124254
-0.154548
0.173379
-0.241716
0.470517
0.184567
0.0878781
0.199916
0.0015669
0.305935
0.275144
-0.296654
0.0486964
0.141083
-0.350545
0.0419719
-0.1744
-0.242495
0.45821
0.468284
-0.10769
0.26882
0.0931075
-0.240843
0.0971613
-0.484181
-0.0891961
-0.22281
-0.180922
-0.089877
-0.230671
-0.404821
0.255272
0.219151
0.179499
0.081637
-0.2258
0.1494
0.0106488
-0.0693317
0.393948
0.461515
0.0838588
0.186032
0.251083
0.219816
5.49758e-05
0.0308213
0.110195
0.414071
-0.0986845
-0.266771
0.386571
-0.324456
0.370314
-0.0275075
0.00220098
0.000991304
0.0182643
-0.100288
-0.162656
-0.0493705
0.0789777
0.0915955
-0.00278421
-0.143902
0.105774
0.190811
-0.0680326
0.340808
-0.0220174
0.413945
0.0970257
0.10763
-0.0407613
-0.124254
-0.042488
0.0155185
0.301172
0.319775
0.14736
-0.408827
0.00339914
-0.145067
0.228022
0.100815
-0.161305
-0.460169
-0.0531206
-0.108722
-0.170869
0.0167428
0.215129
-0.0238974
0.253478
0.126664
0.156733
-0.0501942
-0.360299
-0.321807
0.0781724
-0.460749
-0.0294002
-0.0356538
0.0187146
0.00617799
0.545636
-0.371157
-0.371865
-0.216067
-0.15209
0.32804
-0.125246
0.158704
0.0330459
0.17945
-0.0502757
-0.125883
-0.0684362
-0.0153029
-0.0664821
-0.274841
-0.486092
-0.248401
-0.000419752
0.256697
-0.0451384
-0.00636034
0.475991
-0.135885
-0.0536429
0.0858612
0.150307
-0.0336695
0.18142
-0.158868
0.449765
0.236444
0.0615483
0.148592
0.371632
-0.0874866
-0.232315
0.303026
0.00929738
0.0186717
0.58229
0.266873
0.233131
-0.0941496
-0.363791
-0.164528
-0.142793
0.541352
0.398764
0.138489
-0.242369
-0.107194
-0.117124
0.273758
-0.359234
0.344856
-0.553001
-0.0696573
0.00845733
-0.173797
-0.145867
-0.139028
-0.162844
0.253314
-0.291277
0.0168344
0.57606
0.161117
-0.145684
0.074807
-0.00856616
-0.272004
0.260436
-0.154512
0.20306
0.141943
0.0567898
-0.0366474
-0.395158
-0.125254
0.0403243
-0.163673
-0.509606
0.0720619
-0.217186
0.201296
0.385607
0.00736651
-0.561364
0.0396214
0.105848
-0.397461
0.195107
0.149385
0.17541
0.388716
0.0580664
0.0174635
0.207673
0.0945386
0.332915
0.276848
-0.135246
0.3391
-0.15517
-0.245655
0.155359
-0.241084
-0.219994
0.244098
0.157419
0.0306235
-0.0747989
0.314393
-0.157354
-0.0581062
-0.27589
0.0280515
-0.286759
0.416767
-0.058244
-0.185234
-0.184522
0.0159895
-0.168643
-0.0375419
-0.560265
0.0462714
0.0648641
-0.2821
0.114621
0.0502512
-0.0188052
-0.0890862
0.00745896
-0.0293132
-0.106843
-0.227215
-0.0850965
-0.140446
-0.0514273
0.310881
0.5718
-0.0283524
-0.33153
-0.15787
-0.147765
-0.0634636
0.267322
0.361995
0.0650482
0.352409
0.0225223
0.160271
0.133879
-0.101316
-0.38129
-0.161786
-0.0484553
0.119181
0.0738297
0.379222
0.348027
-0.338813
0.0134601
-0.155351
0.0550331
0.111984
-0.308212
-0.107395
-0.266566
-0.0334108
0.411463
0.0867652
-0.0412512
-0.175588
-0.0716546
0.142208
-0.0873115
0.460335
-0.208429
-0.09859
-0.101962
0.133896
-0.133219
-0.197122
0.167477
0.536404
-0.203658
0.0171239
0.0350894
0.0938011
-0.0248881
0.0433026
0.229092
-0.0518641
-0.382724
0.00668506
0.00439814
0.360899
-0.0361397
-0.134539
-0.100261
-0.0358815
-0.0530799
0.0172417
-0.0247249
0.229463
0.471665
0.496033
0.156489
-0.129429
0.265236
0.203825
0.245583
-0.428983
-0.181324
0.397185
-0.139309
-0.0733812
0.146406
-0.173497
-0.100068
-0.414523
0.604336
0.10789
-0.055841
-0.00273207
-0.122906
-0.160583
-0.0528881
0.0485
-0.394274
0.194612
0.0442752
-0.114347
-0.259164
-0.06932
0.299261
0.0875766
-0.517623
0.0202786
-0.355035
-0.168513
0.113741
-0.0484751
0.0316766
0.0355017
-0.0482988
0.237885
-0.0388285
0.00355757
0.537976
-0.628505
0.14719
-0.0228196
-0.0595404
-0.000137453
-0.0322825
-0.840244
0.177767
0.0316719
-0.0928248
0.315859
0.123735
0.0833868
0.0661679
-0.287645
-0.299556
-0.134002
0.185314
-0.282983
-0.523581
0.234558
0.0334125
-0.444691
0.230263
-0.0136359
-0.00543263
-0.0774982
-0.381404
-0.271917
-0.357303
-0.164695
0.0608575
0.0322003
0.297989
-0.195446
-0.195971
0.328368
0.268682
-0.0763557
0.284455
0.116623
0.38745
-0.237794
-0.0309528
0.0283486
0.0268631
0.035002
0.0767863
0.0879923
-0.364172
-0.207929
-0.134818
0.332841
0.0124999
0.0522791
-0.0989316
0.0996627
-0.25467
-0.206019
0.0915792
-0.252541
-0.252901
-0.396466
-0.038812
0.274719
0.211944
-0.106499
-0.240673
0.191841
-0.132693
-0.0710845
0.32765
0.0204157
0.20478
0.400688
-0.272489
0.172605
0.271446
0.00979673
-0.121123
0.169303
-0.00980508
0.0207209
-0.147845
0.510617
-0.145862
0.0336814
-0.284012
-0.272757
-0.140333
0.060128
0.23457
-0.029055
-0.168369
0.415456
-0.204949
-0.0119552
0.463357
0.193155
0.155888
-0.458849
0.155862
-0.0631247
-0.0342779
-0.189421
0.412601
-0.0770787
0.133961
-0.200795
0.360144
-0.206026
-0.210285
-0.26746
0.241704
-0.180167
0.150592
-0.267559
0.304382
-0.280263
0.347796
-0.0576898
0.287601
0.10895
0.608327
0.148658
-0.192869
0.253509
0.0782239
-0.202556
0.158197
-0.322187
-0.337281
-0.0933802
-0.189516
0.270191
0.0654538
-0.161998
-0.068358
-0.180688
0.0469651
-0.187144
0.0154767
0.327126
-0.0177921
-0.264665
0.305304
-0.260929
0.20067
0.622325
0.431744
0.0948317
0.546992
0.023991
-0.191733
-0.188722
0.273141
-0.0429114
-0.148904
0.261059
-0.303791
-0.268618
0.0706354
0.0310072
0.158142
-0.598496
-0.0443398
-0.172034
-0.164556
-0.0241916
-0.0950537
-0.305406
-0.063034
0.544166
0.680769
-0.293007
0.3308
-0.117373
-0.0143375
0.531653
-0.311517
-0.284296
-0.555247
-0.118026
0.185991
0.404294
0.313577
0.0417443
-0.095246
0.300123
-0.13026
-0.109265
-0.0972434
0.151642
0.170896
0.238006
0.0434788
0.365834
-0.300891
0.339021
-0.223462
0.0781358
0.0661122
0.147929
0.0931139
0.390442
-0.172869
0.0121389
-0.414752
0.0410639
-0.0211384
0.0108102
-0.427276
0.220616
-0.246613
0.162534
0.0552161
-0.0415204
0.150968
-0.0966513
-0.190073
0.126902
-0.0259083
0.21955
-0.0376514
0.256329
-0.138904
-0.244088
0.216602
0.02503
-0.101547
-0.049694
0.272262
-0.0194587
0.228379
0.0542267
0.129541
-0.313625
-0.182697
-0.0330216
0.118355
0.130432
0.205939
-0.307213
0.224528
-0.103166
0.297496
0.15043
0.0893655
0.39302
-0.406169
0.0533685
0.197553
0.123697
0.0579665
-0.166747
-0.56031
0.0301058
0.252245
0.408116
-0.147389
0.0289836
-0.132632
0.0376354
0.476444
0.530688
-0.263144
-0.230448
-0.134242
-0.110142
-0.0491409
0.302198
-0.043155
-0.174849
-0.324486
-0.0019014
-0.365496
0.24929
-0.0039499
0.0538732
-0.117903
0.619491
-0.534678
0.173763
-0.0540226
0.226333
0.0167159
-0.0530469
-0.030244
-0.335145
-0.240722
-0.205114
-0.573062
-0.0264648
0.149352
0.280545
0.271542
0.0224653
-0.0773067
0.00442161
0.097682
0.32643
-0.15354
-0.188956
-0.0958007
-0.505907
-0.0584652
0.17151
0.275047
0.340134
0.338807
0.1208
-0.308531
-0.125003
0.0216302
0.193229
-0.0734187
0.159127
-0.0665152
-0.128522
0.240879
0.328156
0.149828
0.234361
0.10879
-0.143133
0.0253431
0.161864
0.115891
-0.180058
-0.192499
-0.0261426
0.597293
-0.154944
-0.663444
0.110155
0.223043
-0.319175
0.116131
-0.137657
0.298902
0.499634
-0.0426404
-0.0928303
0.467147
-0.25722
-0.371026
0.00485953
0.126194
0.329313
0.222588
-0.0535391
-0.268244
0.151953
-0.0160712
-0.0567761
0.366475
-0.21187
0.034167
0.0633675
0.0424242
-0.0116416
-0.520012
0.123598
0.0687038
-0.169168
0.20294
0.0837422
0.100109
-0.414502
0.0271079
0.0797162
0.401935
0.128066
0.0900973
-0.404303
0.0654018
-0.11762
0.288733
0.134007
0.272172
-0.0897467
0.0764084
-0.219883
0.0962526
-0.0432196
0.262636
0.01142
0.073472
-0.214273
0.0760765
0.14477
0.0758507
-0.0102376
0.275809
-0.176172
-0.139688
-0.127685
0.430273
0.0403999
-0.313231
0.306069
0.151705
-0.170402
-0.201332
0.000295503
-0.365137
-0.171779
0.0256814
0.118037
-0.17339
0.171607
-0.186665
0.0549735
0.0793803
-0.0233291
0.389249
0.0901474
-0.0420228
0.163046
-0.131134
-0.275182
0.409596
0.330477
-0.00298452
-0.0710162
-0.104443
0.20174
-0.00468675
-0.350226
-0.0413303
0.340613
-0.0130652
0.248286
0.317263
0.363214
0.0238679
-0.160764
0.0477724
0.106804
0.423234
0.689158
0.0590195
-0.017225
0.148182
0.184361
0.307417
-0.219589
-0.123026
-0.0388615
-0.12884
0.041499
-0.211208
-0.113932
0.124392
0.179077
-0.0502261
-0.541691
-0.270226
-0.0473585
-0.0937586
0.187929
-0.214676
0.00898464
-0.367572
-0.419087
-0.0193149
0.0787242
0.0156044
-0.195611
0.182492
0.340247
-0.0723804
-0.162538
0.126949
0.195016
0.112251
-0.0719531
0.421994
-0.209646
-0.40973
0.0455184
0.185541
-0.134397
0.0201657
0.489243
-0.124215
-0.170133
0.268918
-0.249273
0.322529
-0.162017
-0.104485
0.587493
0.429588
0.137593
0.180474
-0.426463
-0.315987
-0.110699
-0.143419
0.0546117
-0.284949
-0.041573
0.346242
0.119909
0.0952709
0.0035385
0.0549913
0.148523
0.0912512
0.0807989
-0.48647
-0.19511
0.243288
-0.21934
-0.0370237
-0.186582
-0.106702
-0.269284
-0.0360055
0.402885
0.126244
0.469311
-0.423438
0.276732
0.0637294
-0.0690716
-0.293354
-0.350598
-0.13807
-0.130859
0.262831
-0.163623
0.125291
-0.306367
0.245846
0.207237
0.0373099
0.442161
0.562627
0.556806
-0.021866
0.0654697
0.464082
0.0727708
-0.00763474
-0.212008
-0.0457086
0.133978
-0.153817
0.0364801
0.23258
-0.0306629
-0.164483
0.224954
0.218278
0.0971695
-0.31453
0.168337
0.5406
0.265144
-0.316831
0.3332
0.14665
0.184406
0.178993
-0.0974124
-0.211939
0.351624
-0.00606017
-0.166488
-0.194122
-0.0964352
0.0902243
0.154145
-0.128575
-0.328781
0.103155
0.0124849
0.030195
0.216587
0.21194
0.0590405
-0.408581
-0.0868202
0.0476016
-0.220215
0.210649
-0.168591
0.0413012
0.0595738
0.425355
-0.150978
0.25502
0.120697
-0.213607
-0.155556
0.305851
-0.0370732
0.286686
0.0350931
0.285299
-0.101675
0.63464
-0.0603511
0.0347265
0.235101
0.0475271
-0.241645
-0.0096995
-0.051431
0.295879
0.296583
0.325938
0.259034
-0.228596
0.33562
0.0399695
0.0452345
-0.0718761
-0.330453
0.35451
-0.00120522
0.220467
-0.500905
-0.188821
-0.666388
-0.164429
0.320774
0.138026
0.0310996
0.388043
0.609432
-0.147988
0.124091
-0.0159646
-0.23601
-0.0344149
-0.33758
0.000773665
-0.0368666
-0.198046
0.117306
-0.639024
-0.010889
0.608479
-0.601905
0.318997
0.343201
-0.162706
0.335206
0.013162
-0.193275
-0.234497
-0.26592
-0.177151
-0.345523
-0.177032
0.177726
0.0720246
0.194633
-0.126319
0.193417
-0.204755
0.238576
-0.0662698
-0.00959579
-0.120884
-0.11691
0.23869
0.0248058
0.53452
-0.343186
0.0725197
0.543521
-0.0625038
0.197895
-0.0404138
-0.0533161
-0.853804
-0.11208
-0.194639
0.201833
-0.12844
-0.227341
0.230045
-0.0154676
0.170455
-0.0370352
-0.418667
-0.0553372
-0.253117
-0.163016
0.104441
-0.00401309
-0.030866
0.614192
-0.276736
0.280012
-0.181755
-0.302076
0.0734786
0.266189
0.396417
-0.271667
-0.0912567
-0.344535
-0.144611
0.104379
-0.0990445
0.395422
0.105448
-0.0580313
0.121353
0.0377555
0.403289
-0.00360404
-0.0830204
-0.0597876
-0.409862
0.0583998
0.179281
-0.489728
-0.0469051
-0.00853291
-0.473463
0.124557
0.0482164
0.224622
-0.00426038
0.022906
0.172153
0.0186641
0.0518379
0.184062
-0.265317
0.0636656
-0.491765
0.0613162
0.129053
0.23374
-0.225462
0.225955
0.130843
0.0669231
-0.209774
-0.303347
0.0338083
-0.0459691
0.236859
0.401467
0.235843
-0.230765
-0.0434442
-0.462377
0.122833
0.18799
0.0425601
0.0752516
-0.101752
0.36372
-0.0622573
0.134
-0.394235
-0.196046
-0.214006
-0.34369
0.0122775
0.445711
0.136319
0.150576
-0.164492
-0.346212
0.392766
0.116106
0.540889
0.103148
-0.0155899
-0.100953
-0.40903
-0.222116
-0.404741
0.0601721
-0.260666
-0.168585
0.0495696
0.414393
0.321006
-0.0437601
-0.00787332
-0.0491262
0.0445384
-0.00511692
-0.109884
-0.156161
-0.0817293
0.263599
-0.118444
-0.151161
0.1301
-0.12991
0.390654
0.0568287
0.192787
0.342197
0.177035
-0.016176
0.0872801
0.082304
-0.351816
-0.243061
0.268809
0.0806986
0.0924586
-0.502385
0.168596
0.376605
0.384821
0.179344
-0.291077
-0.110842
0.217543
0.156885
0.140062
0.140957
-0.112606
-0.0187221
0.0970874
0.164723
0.0747134
-0.0127357
-0.496545
0.0802075
-0.261397
-0.0623823
-0.190803
-0.11997
0.0755539
-0.00205614
-0.52159
0.10581
0.144719
0.0146074
0.00547306
0.171136
0.154006
0.0420915
-0.211241
0.218535
0.202125
0.0143521
0.0478939
0.48688
0.0680783
0.012806
0.310504
0.318189
0.31973
-0.0399469
0.0758812
0.321897
0.363902
0.415972
0.328404
-0.167482
-0.339542
-0.0170089
-0.152203
-0.122937
-0.158342
0.102663
-0.635292
0.210336
0.0167083
-0.208355
0.136806
-0.133835
0.0665267
-0.294752
-0.17172
-0.111517
-0.0665081
-0.156488
-0.0376727
-0.192686
-0.259827
-0.106526
0.113664
-0.311687
0.00442851
-0.192202
0.412972
0.0716621
0.0444735
-0.0548805
-0.426609
-0.191161
0.250833
0.397251
0.206534
-0.165631
0.260107
-0.407611
-0.248891
-0.45593
-0.493734
-0.0329736
0.250337
0.100379
-0.241117
-0.139735
-0.0133533
-0.0560989
0.0721371
-0.190068
0.0222718
0.241545
-0.0315104
-0.155786
-0.0296418
-0.0608475
-0.0970478
-0.199584
-0.0203019
-0.0164448
0.267938
-0.3389
-0.355667
-0.131728
0.293245
0.255281
0.608723
-0.185288
-0.0257314
0.215821
-0.203126
0.0370365
0.0527608
0.431118
0.397748
0.0626022
0.209099
-0.063371
-0.0476505
-0.26088
0.0972007
0.0915164
-0.460496
-0.314725
0.253918
-0.0798563
-0.121878
0.412314
0.143306
-0.180354
-0.0918702
-0.176762
0.185023
-0.217039
0.426417
0.231903
0.521585
-0.0427548
0.276003
0.373455
0.0479746
0.127178
-0.48342
-0.0917621
0.151035
-0.145201
0.27518
0.332477
0.195735
-0.219342
0.267283
0.211651
0.00724195
-0.0866722
0.041163
-0.0496859
-0.284429
-0.0489113
0.137183
-0.0148986
-0.288564
-0.0799071
0.00302224
-0.122542
-0.0694284
0.394142
0.112095
-0.137004
0.108035
0.00386899
-0.350978
-0.13476
0.312961
-0.114348
-0.365732
0.150869
0.0938635
-0.116802
0.143838
0.342072
-0.0232899
0.25336
0.0599656
0.0340546
0.0074692
0.194043
0.196744
-0.159774
-0.136022
0.142425
-0.0928008
-0.318714
-0.160057
-0.0532979
0.0752849
0.0362
-0.305321
-0.391124
-0.0894012
0.277465
0.193953
-0.248166
-0.427235
0.0777482
0.209651
0.246376
0.0867245
0.123458
0.00173996
0.0412831
-0.337004
-0.0369231
0.27745
-0.120564
-0.0473093
0.441989
0.700075
0.230915
-0.337141
-0.118063
0.123953
0.0299851
0.120855
0.148605
0.154819
0.151629
-0.0444962
0.0324659
0.0514789
0.362048
-0.134897
0.104861
-0.0954016
0.0757003
-0.501353
-0.0599588
0.00268098
-0.0906978
0.284661
-0.107931
-0.393099
-0.27824
-0.169069
0.121515
-0.300626
-0.162277
0.594613
0.0738369
0.0496903
-0.00499575
-0.0655862
-0.554245
-0.0782292
-0.196247
-0.454107
-0.119853
0.14905
-0.382279
0.0223852
-0.249039
0.44514
-0.0269903
0.203777
0.246346
-0.0482403
0.132119
-0.337339
0.0957201
-0.0694843
0.219634
0.25822
0.104059
-0.0630421
0.265564
0.266272
0.10194
-0.153145
-0.258604
-0.0428732
-0.195707
-0.465039
0.542563
0.301741
0.196047
-0.28883
0.0781437
0.139534
-0.0785927
-0.183048
-0.0327175
-0.592678
-0.468324
0.180758
-0.174917
-0.235738
0.0917553
0.22307
0.405464
0.211485
0.487972
0.388961
0.170601
-0.126025
-0.218778
0.0447788
-0.186885
0.0951244
-0.162606
-0.169648
0.155917
0.331548
0.127307
-0.184799
0.103493
-0.338808
0.0106254
-0.270388
0.652637
0.0907003
-0.307316
0.178682
-0.0973092
-0.141588
-0.0866814
-0.137327
-0.0351105
0.0859022
-0.468829
-0.217938
-0.0658593
-0.301296
0.264178
0.337626
-0.131931
-0.439575
-0.412309
0.0181295
0.0665498
-0.183494
-0.277855
-0.192132
-0.189338
-0.0968403
-0.0642946
0.136081
-0.253255
-0.0350022
-0.0712631
-0.0174573
0.235228
-0.18183
0.454286
-0.168158
-0.0256837
-0.0968701
-0.358383
-0.123257
-0.394955
0.131653
0.0510422
0.156645
0.230977
0.0496454
-0.0226358
-0.184715
0.00069671
0.0831935
0.208906
-0.344485
0.369868
-0.258961
-0.17681
-0.151401
-0.0118207
-0.205585
0.585638
-0.171004
0.15571
0.0563434
0.0540791
0.156144
0.078545
-0.204196
-0.050034
0.0311583
0.0569678
-0.232236
0.00732981
0.220723
0.233199
-0.549878
0.422349
0.0131508
-0.150111
-0.128276
0.000924985
0.138195
-0.267475
0.41905
0.15162
0.279898
-0.106921
0.092619
-0.542909
-0.0498471
-0.406686
0.0798372
-0.134067
0.0924192
0.119218
-0.00791617
0.31796
-0.14371
0.158045
0.108177
0.258064
-0.104202
0.382596
0.0190019
0.183788
-0.268011
0.011871
-0.235544
0.40562
0.371969
-0.265146
-0.325229
-0.0354144
0.0567624
0.168421
-0.00237242
-0.290526
-0.146774
-0.217948
-0.189278
0.125291
0.290376
-0.028496
0.158688
-0.128195
-0.193181
-0.00406712
-0.0190391
-0.106361
0.287205
0.0694855
-0.0327015
-0.163021
0.0730678
-0.0741452
0.00771797
-0.279364
0.345744
0.00672582
0.282095
-0.427803
-0.0232867
0.0239377
-0.194845
0.192847
-0.335836
0.000640108
-0.294983
0.203809
0.0211936
-0.0128449
-0.405602
0.0317281
0.130604
-0.165022
0.249566
0.179244
0.104144
0.426622
-0.0332071
0.0814811
0.0890408
-0.277447
-0.241906
0.252887
0.00235262
0.29961
-0.168145
0.237034
-0.430376
-0.187421
-0.387373
0.2062
0.325799
0.125264
0.379634
0.226153
0.121753
0.325267
0.0160987
0.204492
-0.0395639
-0.062655
-0.359844
-0.206392
0.471016
-0.101245
-0.101005
0.265202
-0.104086
0.254187
0.15117
-0.0680398
0.243394
0.195838
-0.212149
0.0335381
0.01129
-0.491677
-0.0609837
-0.0128758
0.410695
0.170523
-0.125519
0.454348
-0.132742
-0.0768287
0.179038
-0.122397
0.0580172
-0.32501
-0.235267
0.211769
0.228007
0.114956
-0.119693
-0.276157
0.033973
-0.141056
-0.0411465
-0.245377
0.154381
0.191542
-0.0329638
0.160046
0.00431639
-0.0467857
0.253371
-0.638454
-0.0593547
0.222416
0.0330731
0.00551373
-0.100637
-0.0529914
0.12036
0.328268
-0.0185443
0.386861
-0.157197
0.157126
-0.0464684
-0.270943
0.0203528
-0.053099
0.363077
-0.146944
0.13032
0.0669701
-0.233046
0.283569
-0.00698086
-0.0727179
0.222713
0.0967736
-0.136189
0.0364075
-0.359989
0.264556
0.0785617
-0.0970327
0.193743
0.438031
-0.32637
0.155002
-0.114688
-0.00263162
0.0775765
0.146598
-0.313737
-0.090652
-0.0606287
-0.230104
0.230303
0.162623
-0.398575
0.191198
-0.09124
0.243273
-0.159918
-0.113929
0.0367732
0.398209
-0.0797864
0.00907073
0.0798963
-0.507691
0.265397
0.158213
0.242221
-0.192986
0.439602
0.145013
0.302131
-0.349675
0.188078
0.310485
-0.0617211
-0.0886067
-0.387048
0.0778984
-0.294948
0.0976047
0.612755
-0.10434
-0.243835
-0.309509
0.281943
-0.0290526
-0.0322884
-0.23419
-0.082615
-0.00227238
-0.203644
0.267646
0.150533
0.0070753
0.160178
0.192489
0.0408347
0.175055
0.165068
-0.0319083
-0.051788
-0.52323
-0.204824
-0.173816
-0.0773363
0.106557
0.355657
0.0288045
0.158712
-0.00440763
0.524699
-0.250242
0.0897422
-0.654083
-0.40968
0.0899861
-0.19081
-0.0850389
-0.0171476
0.135602
-0.241943
-0.160468
0.128864
-0.0958014
0.299916
0.0181575
0.459191
0.00924053
-0.410889
-0.1517
-0.215967
0.150429
0.0686259
-0.0860526
-0.150297
0.330914
0.259243
-0.365856
0.185056
-0.182399
-0.0226649
0.0150314
-0.100916
-0.0769919
-0.156906
-0.0640398
0.174003
0.0752626
-0.535457
0.0416316
-0.164337
-0.394318
-0.325332
-0.00722874
-0.296392
0.224291
-0.0889066
-0.292748
0.00306042
0.216942
0.300547
-0.0940342
0.0170239
-0.527896
0.196969
-0.379855
0.366923
-0.169981
-0.284047
0.371374
-0.126464
0.101828
0.603715
-0.170024
0.156936
0.417175
0.0165545
0.0364568
0.274939
0.160109
0.307758
0.171397
-0.291562
-0.0189594
0.320991
-0.127377
0.232764
0.068991
0.274612
0.431666
-0.00720956
-0.24341
0.112543
0.200088
-0.0246915
0.461226
-0.487971
-0.444672
-0.0927472
-0.379868
-0.0706823
-0.217429
-0.0737656
0.114727
0.17659
-0.166976
-0.0666175
-0.168584
-0.178902
-0.0345725
0.100874
0.296292
0.054193
-0.420518
-0.0292765
-0.475613
-0.308158
0.0395272
-0.0546382
0.227224
-0.0691111
-0.266707
0.339184
-0.107812
-0.349556
0.161737
-0.0730278
0.424397
-0.217061
0.00772941
0.142742
0.117714
0.218397
0.084979
0.21162
0.26007
0.124156
-0.118452
0.0390153
0.243835
-0.193653
0.317667
-0.259575
0.0860471
0.222818
0.356381
0.318912
-0.426112
-0.193698
-0.0413121
0.17408
0.122043
0.0938469
-0.10011
0.0220211
-0.281279
0.303843
-0.077151
0.088248
-0.137765
-0.0677692
-0.194776
-0.0638817
0.170955
0.00586891
0.318673
-0.222903
-0.203567
-0.218964
-0.139779
-0.20192
0.363829
-0.346841
-0.242623
0.44728
0.167352
-0.09354
-0.138196
-0.105993
0.167129
0.716837
0.278193
0.0980136
-0.35581
-0.0678473
0.344559
0.180271
-0.117409
-0.138528
-0.438597
-0.202499
-0.117437
0.111779
0.259774
0.0508247
0.384738
0.118686
0.0243466
-0.201432
0.415478
-0.0913777
0.199971
-0.572103
-0.0771684
0.0683018
0.0531142
0.0504281
0.252539
-0.00463969
0.236533
0.403374
-0.0300034
0.297532
-0.142613
0.0855792
0.268794
-0.20834
-0.309448
-0.200391
-0.363541
0.440277
-0.347282
-0.404432
0.040758
-0.319848
-0.597064
0.410499
-0.310022
0.413261
-0.132414
0.205479
0.268819
-0.104407
0.0621833
0.307961
0.332627
-0.088324
0.148768
0.316726
-0.108829
-0.0883266
0.231229
0.26082
-0.482398
-0.35815
0.393541
0.373725
0.346604
0.112981
0.284389
-0.1335
0.188626
0.246546
0.170097
-0.0449625
0.265751
0.331767
-0.533868
-0.0913644
0.423538
-0.0302638
-0.377231
0.190243
0.227575
0.16065
-0.11356
0.231063
0.237966
-0.0715009
-0.0140034
-0.12515
-0.498809
-0.322382
0.190376
-0.0332494
0.063943
0.448746
-0.116871
0.0166572
0.180252
-0.201235
-0.01069
-0.067502
-0.0171853
0.0729
-0.0732434
-0.145795
-0.383518
0.3106
0.0605571
0.212672
-0.213024
-0.534528
0.0610002
0.33338
-0.0675241
0.0328475
0.0794055
-0.0234235
-0.166152
0.208655
0.0109986
0.464434
-0.00606021
-0.0974669
0.236557
-0.0870317
0.422541
0.02561
-0.181408
0.124849
0.252885
-0.362109
-0.140293
0.112217
0.22983
-0.0225508
-0.148622
0.18446
-0.0852984
0.354256
-0.336917
-0.422907
0.167416
0.0135159
0.083357
-0.0391302
-0.169346
0.0690799
-0.431833
-0.0220515
0.135987
-0.0837707
0.403182
-0.535042
-0.251879
0.107692
0.344434
0.0912339
-0.301254
0.0717826
-0.208081
-0.244058
0.174811
-0.20757
-0.309277
0.364187
-0.340231
0.0510955
0.075033
-0.0675969
0.0812843
0.108074
-0.13459
0.0844702
-0.127078
0.702708
0.0161593
0.125986
0.00686874
0.321597
0.249664
-0.447148
0.0750802
0.519619
0.151738
0.455419
0.128384
-0.00545269
-0.339484
0.0414008
-0.210527
0.508795
0.456001
0.362576
0.0259435
-0.12362
-0.117414
-0.26734
-0.418991
0.000765896
0.0997478
0.231922
0.0137334
0.0448608
-0.118398
-0.115074
0.00417905
-0.199276
0.0536182
-0.328759
-0.177166
0.0354068
-0.161768
-0.326488
-0.0146538
0.0233669
-0.10363
0.246245
-0.00696452
0.166918
0.0017183
0.103027
-0.125577
0.0997898
-0.314765
-0.193355
-0.533855
0.0477202
-0.284823
-0.0461345
0.0347015
-0.0936631
-0.0622619
-0.466421
0.00056002
-0.204893
0.298753
-0.0149518
-0.0111572
-0.0134354
-0.499714
-0.281939
-0.0711182
0.163017
-0.0290132
-0.04364
0.0489751
0.110196
0.19614
0.0712212
-0.181411
-0.284445
0.387957
0.260362
-0.24563
-0.121845
-0.0292547
0.139932
0.384692
0.210908
0.419075
0.263961
-0.281547
0.247184
0.174876
0.149805
0.147889
0.00692438
-0.319553
-0.249013
-0.0505026
0.410438
0.241672
0.0360495
0.368288
-0.375359
-0.115132
0.207133
-0.295299
0.134755
0.17216
-0.125397
-0.376079
0.524922
0.133721
0.0532372
-0.219446
0.0269079
-0.302325
0.133218
0.174523
0.0777348
-0.29435
-0.131398
0.306667
0.297286
0.14856
-0.415966
-0.207263
0.354426
-0.350024
-0.196485
-0.305964
-0.252678
0.267025
-0.443821
-0.0882898
0.294189
-0.0589706
-0.0343549
-0.169693
0.349642
-0.054207
0.0306275
0.125502
-0.066998
-0.0509736
0.00238643
-0.0514137
0.448328
0.346457
-0.261055
0.263439
0.086568
0.299208
0.172904
-0.393593
-0.13536
-0.0769982
0.359574
-0.180136
-0.0200932
0.0592026
0.169232
-0.199855
-0.554484
0.0600787
0.259965
-0.142389
0.163832
0.239033
-0.160883
0.371558
0.136422
-0.428364
0.315557
-0.215832
-0.180691
0.105446
0.218719
0.155021
0.332926
0.139007
-0.502918
0.338212
-0.227498
0.0688742
0.485854
-0.053748
-0.348977
0.129768
-0.0446689
0.292721
-0.285516
0.21403
-0.00418482
-0.305577
0.28283
-0.059679
0.136701
0.297153
-0.166004
0.0157444
-0.00450703
0.336331
0.444449
0.130497
-0.160428
0.317936
0.141653
0.489912
-0.098962
-0.129326
0.0975404
0.295177
-0.0689336
-0.111859
0.307319
0.257792
-0.122901
0.303225
-0.283696
-0.0262065
0.411239
0.165062
0.181673
-0.0333801
0.0476602
-0.110771
-0.132638
-0.340871
0.343646
-0.239097
-0.0158656
0.238714
0.0980761
-0.0530281
-0.0490368
-0.321302
0.175929
0.0777462
-0.119058
0.451067
-0.0557398
-0.129486
-0.13389
-0.00818519
-0.0499484
-0.132169
-0.461039
0.196426
-0.0201537
-0.115855
-0.432392
0.0126313
-0.401997
-0.122068
0.309039
-0.0233409
-0.529303
-0.00955948
0.126963
0.105967
0.0087264
0.0114239
0.0114154
0.366121
-0.445426
0.0293791
-0.0129526
-0.234137
-0.0523035
0.130522
0.229563
-0.232824
0.263252
-0.231598
0.0672462
0.0568942
-0.187502
-0.220439
0.287435
-0.453656
0.464827
-0.174001
0.459694
-0.0955818
-0.0492717
0.486993
0.214444
0.426837
0.152331
0.242906
-0.0579559
-0.0644397
-0.298868
-0.0242551
-0.325069
-0.209197
-0.0115951
-0.104045
0.162636
0.0692321
-0.0835052
0.0581696
0.1115
-0.0875696
0.239673
-0.441709
-0.278174
0.543949
-0.264283
-0.0748778
-0.144726
-0.204616
0.234452
0.395504
0.000694518
-0.339857
0.154038
-0.000244064
-0.328036
-0.224818
-0.343815
-0.104595
-0.10969
-0.0357005
0.147652
0.0133036
-0.180274
-0.252992
-0.326722
-0.126835
-0.0911653
0.158386
-0.12987
0.535681
-0.00378853
0.319158
0.366609
-0.0953103
-0.144198
0.1626
-0.0317232
0.0485137
-0.160971
0.176803
-0.113983
0.264901
0.232986
-0.0246247
0.0959131
-0.38361
-0.334961
-0.171064
-0.129345
-0.060604
-0.526134
-0.0698949
0.0243754
0.227124
-0.200963
0.134766
-0.201819
0.436003
-0.0294662
0.190922
-0.176698
-0.531535
0.0213816
-0.425531
0.404351
-0.176087
-0.319329
0.212924
0.196058
0.295244
-0.34143
-0.149567
-0.375482
-0.121391
-0.0832021
0.0130558
-0.370465
0.599063
-0.245567
-0.218212
-0.194856
0.383872
0.0362374
-0.166519
-0.28627
-0.0172953
0.151282
-0.152058
0.233082
-0.173249
0.171634
0.0804237
0.123848
0.0334412
-0.175523
-0.135868
-0.40654
0.152064
-0.148412
0.0312926
3.55204e-05
-0.102654
0.543839
0.355167
0.339174
-0.227862
0.0675438
-0.236009
0.0260285
-0.00166277
0.277945
0.291643
0.037028
-0.0870689
-0.1492
-0.314248
0.338269
-0.253506
-0.247142
-0.328845
-0.234789
0.153053
0.301385
0.138213
-0.322128
0.0466185
0.394457
-0.0144006
-0.172787
0.203224
-0.0198905
0.0508356
0.0839071
0.156681
-0.15407
-0.0242685
-0.183502
-0.238059
0.219569
-0.157335
-0.136851
0.152157
-0.0128089
-0.126968
0.0944353
0.155337
0.158856
0.309772
-0.354407
0.0111387
-0.188758
0.515634
-0.0705749
-0.123942
-0.315747
0.112972
0.249493
-0.115202
-0.00860937
0.222177
0.304259
0.0635365
-0.405788
0.203272
0.305294
-0.151268
0.0157396
0.0169208
0.0894353
-0.187709
0.0343191
-0.0898403
0.0763313
-0.311503
0.175686
0.0925645
0.203106
-0.00488838
-0.117784
-0.0570217
0.113617
-0.0805116
-0.315945
-0.121963
-0.414883
0.286581
-0.236289
-0.0584837
0.306825
0.0705668
0.0245393
-0.0777186
-0.19781
0.133842
-0.0307765
-0.325865
0.474064
0.185487
0.301392
-0.00803257
0.0659616
0.13992
0.310229
0.220406
-0.0126822
-0.104603
-0.274048
0.353662
0.0342237
0.0494659
-0.164587
-0.139724
0.237532
-0.106976
-0.125085
-0.182371
-0.0021875
-0.249811
0.298761
-0.280953
0.214566
0.491529
-0.592439
0.0609245
0.0217178
-0.0832227
0.0837947
-0.0391483
-0.0766594
-0.267355
0.239094
0.100442
0.292651
0.390259
0.318099
-0.273403
0.0503622
-0.0424467
-0.168618
0.0389637
-0.403022
0.198759
0.213123
-0.234636
0.212431
-0.154956
0.148698
-0.230318
-0.46577
-0.206751
-0.277919
-0.661187
-0.343167
0.00541636
0.0855468
-0.333481
-0.0916895
0.303647
0.0954087
0.0744084
-0.0153104
0.263735
0.0713237
0.280008
-0.464672
-0.303817
-0.251254
0.281151
0.261858
0.213806
0.235677
0.1435
-0.127596
0.386521
-0.145724
0.312134
0.259375
0.129892
0.121768
-0.328447
0.497972
-0.525618
0.017279
-0.131937
0.245743
-0.200149
0.116969
-0.434548
-0.180455
-0.269229
0.0669021
-0.185154
-0.0506066
-0.102988
0.0775821
0.142951
0.110041
-0.265277
-0.0779718
-0.016508
0.0304554
0.17672
-0.0325591
-0.00137826
-0.0921047
0.132745
-0.391325
0.435474
-0.499405
0.0637345
-0.0794682
-0.0526511
0.14095
0.0679454
-0.0118804
-0.164733
-0.061965
0.22082
0.0110574
0.329143
0.100674
0.357579
0.211785
-0.393798
-0.131659
-0.351539
-0.470267
0.0931217
0.100022
-0.341295
0.116021
-0.0861021
0.0628323
0.0199353
0.32981
0.0336846
-0.118333
0.277592
-0.275058
0.280684
-0.231426
-0.255502
0.0275684
0.0745564
0.0245385
0.0266284
0.184501
0.0465938
-0.382849
-0.0507487
0.0597741
-0.219368
-0.00699654
0.0211176
-0.0709431
0.515094
-0.428871
-0.287894
-0.118397
0.238683
-0.0198854
-0.135879
0.184358
0.154195
0.349606
-0.695366
0.0386029
-0.128228
-0.306254
0.201638
-0.198826
0.0955647
-0.278468
0.0800674
0.016741
0.313374
-0.199667
-0.470293
-0.283224
-0.184024
-0.0782574
-0.124425
0.338022
-0.103308
0.463917
-0.418928
0.0330214
-0.333995
-0.0159778
-0.395681
-0.0331811
0.109892
0.251815
-0.0297037
0.293146
0.359713
0.373198
0.255408
-0.369457
0.137727
0.0271071
0.396587
0.365997
0.0389565
-0.271077
-0.301571
0.282256
-0.104356
0.0356301
0.001504
-0.0872351
-0.0402187
-0.0631541
-0.0763389
0.333889
0.119161
-0.0207967
-0.100112
-0.0891865
-0.0685387
-0.00296502
-0.274142
-0.0100875
-0.158681
0.287573
0.0686723
-0.0474222
0.126007
-0.116317
-0.128655
-0.291938
-0.159623
-0.267336
-0.143491
0.482961
0.250916
-0.40853
0.120339
-0.360065
0.345975
-0.195908
-0.125893
-0.326432
-0.153703
0.0203695
0.0140361
0.141041
-0.0115196
0.225632
-0.21027
-0.0446969
0.202661
-0.237285
0.270418
-0.199538
0.409089
-0.155321
-0.069723
0.0476194
0.0196366
0.199306
-0.176761
-0.457402
0.176814
0.0496876
0.277973
0.187996
0.33193
-0.557472
-0.0757268
0.110581
-0.130919
-0.0295317
0.0900028
-0.248153
-0.0112385
0.136901
0.150858
-0.0223636
0.589131
0.0440629
0.0639494
0.0744434
-0.138794
0.348828
-0.108704
0.822929
0.211409
-0.0176741
-0.0441875
-0.428657
0.243062
-0.197493
-0.246409
-0.206682
0.488409
0.36937
0.285387
0.305656
0.0310183
0.226795
-0.0736835
0.203069
0.0713226
0.660958
-0.226271
-0.113487
0.244571
-0.0553393
0.245263
0.00518691
0.25646
0.0955887
-0.0984715
-0.0253517
-0.11591
0.0717272
0.102867
-0.061789
0.168611
-0.22822
-0.0679523
-0.0769459
-0.0131679
0.255885
-0.207114
0.310565
-0.0326141
0.0341529
0.168409
0.0861463
0.164097
-0.296797
-0.140543
0.439936
-0.345533
0.000427856
-0.315432
-0.133845
-0.115753
-0.402848
-0.262776
-0.456108
-0.21614
0.0199695
0.00878167
0.300595
0.484028
0.161444
-0.246686
0.243486
0.00955003
-0.0445443
0.301758
0.126973
-0.167021
-0.244072
-0.0502414
-0.220615
-0.0690458
0.200797
-0.0593681
-0.0260621
0.169407
-0.109489
0.117603
-0.191272
-0.0984435
0.145342
0.234598
0.174599
0.167669
-0.320992
0.298326
0.122389
-0.308438
-0.246638
0.203676
-0.157168
0.0503207
0.523202
-0.281328
-0.206458
0.253492
-0.333513
0.191152
-0.22923
0.053375
0.111834
-0.275169
0.31537
0.278949
0.197798
-0.398853
-0.199942
-0.174125
0.0570966
-0.102762
0.0267954
0.1981
0.32275
-0.136224
-0.0436946
0.209282
0.0365159
0.414726
0.523212
-0.131185
0.305762
-0.15114
0.0309654
-0.255938
0.182161
-0.190094
0.145392
0.280723
0.25041
0.306386
0.225068
0.0721177
-0.197787
0.113486
0.27717
-0.0462246
0.16117
0.00659113
0.471899
0.0795077
0.0289391
0.171402
-0.206752
-0.148534
0.0157514
-0.0209751
-0.113036
-0.0663822
0.28744
-0.298081
0.240135
0.285933
0.723
-0.364021
0.268677
-0.254246
0.0915724
-0.230545
0.363167
-0.111489
-0.279225
0.487204
-0.0483071
0.0176032
0.218832
-0.467285
-0.00414785
0.0360926
-0.191958
0.00685463
-0.0782414
-0.115649
-0.227531
0.138383
0.273023
0.123325
0.0350679
0.103654
0.286001
0.105554
-0.00152932
0.0803214
0.245935
-0.144019
-0.115581
0.140082
-0.287055
-0.0984839
-0.551555
-0.039925
-0.119786
0.483967
-0.166544
0.0144219
-0.0667275
-0.304173
-0.388864
-0.105572
0.250295
0.0439697
-0.646606
0.0388335
0.374412
0.127729
-0.0975814
0.195181
-0.162572
0.0139968
-0.243746
-0.166935
-0.523135
0.0146537
-0.17895
0.187883
-0.276935
0.143221
0.112165
-0.198079
0.0294064
0.0417732
-0.0127521
0.156603
-0.145845
0.129844
-0.0497022
0.231163
-0.0150904
0.184811
-0.400448
-0.17136
-0.0616894
-0.0261667
-0.169875
-0.258362
-0.0341814
-0.0964007
-0.240273
0.452846
0.199143
-0.143446
0.237779
-0.148506
0.0358551
-0.00962008
-0.0427467
0.0182723
0.205231
0.013767
-0.117701
-0.104103
-0.148534
-0.0603625
-0.225765
-0.295135
-0.051064
0.0733674
-0.278458
0.579869
0.648612
-0.14429
-0.143228
0.142361
-0.0780473
-0.0465949
-0.233648
-0.161347
-0.315073
-0.0677003
0.158917
-0.428677
0.29925
0.211057
0.0266484
-0.403872
-0.175713
-0.122464
0.282804
0.480791
0.267529
0.191267
-0.313122
0.159177
-0.235336
-0.0261549
-0.253616
-0.25086
0.0434009
0.324214
-0.260916
0.00989651
-0.00619426
0.0598776
-0.103729
0.646754
-0.15091
-0.0850073
0.0401399
0.201617
0.203755
0.339568
-0.290389
-0.140165
-0.0368294
0.473018
-0.0252751
0.102973
0.673337
0.205801
0.0141075
0.250341
0.61338
-0.0547373
-0.732812
-0.540116
-0.189065
0.156485
-0.280558
0.224639
0.121723
0.327639
-0.082377
-0.279533
-0.0490242
0.27056
0.197532
0.0349357
-0.24462
-0.306902
-0.305626
0.0522897
-0.110693
0.0144488
-0.380954
0.182395
0.214603
-0.0933622
0.27779
-0.103683
0.0707771
0.0992836
-0.432479
-0.40627
0.0877848
-0.175248
-0.102893
-0.652876
0.547843
-0.0575468
0.228142
-0.0864176
0.582591
0.0216896
-0.103972
-0.371903
0.179766
-0.210595
-0.148318
-0.00792041
-0.596657
0.0542606
-0.182681
-0.341954
0.239826
-0.106568
-0.0576605
-0.308358
-0.473263
-0.24697
-0.273724
0.128341
-0.255142
0.0592026
-0.178471
0.144337
0.304634
0.0615224
-0.0148025
-0.107217
-0.0134971
-0.135824
0.145207
-0.327916
0.191696
0.180354
0.412542
-0.0763123
-0.177975
-0.298011
0.157025
0.112255
-0.324849
-0.276749
0.196914
-0.057628
0.052058
0.231159
0.147437
-0.116155
0.312142
-0.352428
0.311659
0.0699397
-0.037353
-0.0368868
0.209198
-0.154626
-0.0708642
-0.273941
0.0345459
-0.630434
0.10066
0.210558
-0.70886
-0.332501
0.119583
0.000549339
0.224139
0.045354
-0.0179092
0.47963
-0.127798
-0.146287
-0.152627
0.181185
0.011027
-0.182319
0.0946863
-0.862212
-0.108337
-0.106278
-0.0250717
-0.124357
0.249974
0.153219
0.242056
0.175069
0.171217
0.397173
-0.53343
0.0313071
-0.129076
-0.0115418
0.0332638
0.18978
-0.150342
-0.0583623
-0.13137
0.019602
-0.33733
-0.213438
0.373734
-0.421556
-0.0298123
0.270617
-0.18285
-0.136474
0.23444
0.588585
-0.356182
-0.357544
-0.0381742
0.195338
-0.247341
-0.339846
0.150317
-0.0394304
0.0211672
0.042369
-0.0759171
0.176761
0.0420085
-0.122426
-0.184108
0.0555301
-0.242863
0.344006
-0.0049745
-0.201409
-0.0271131
-0.0499854
0.290779
-0.217848
-0.0455111
0.019411
-0.0314027
0.170979
-0.324282
-0.25064
-0.037167
-0.253865
-0.20242
0.0560611
-0.123456
0.0930006
0.350011
0.222914
0.109469
-0.0351765
0.281198
0.151078
-0.198073
0.222293
0.0910882
-0.344838
0.115206
-0.0254552
0.152555
-0.0778691
0.426229
0.135837
0.13275
0.225061
0.529948
-0.187841
-0.31687
-0.257888
-0.013151
0.466512
-0.201739
0.39335
-0.106357
-0.277691
0.0985074
-0.103171
-0.391818
-0.137125
0.395182
0.467024
-0.254356
-0.0684019
-0.170546
0.000620458
-0.106166
-0.33483
-0.233656
0.00241258
-0.173635
-0.148
-0.206161
-0.500236
0.00923116
0.0772753
0.174469
0.149412
0.0755591
-0.121544
0.174444
0.189937
-0.185671
0.0336659
0.155528
-0.0155966
0.0206247
0.367084
0.156886
-0.32053
-0.100811
-0.205876
0.127195
-0.159045
-0.3498
0.157613
0.0942577
0.143091
-0.0169243
-0.340566
-0.0107285
-0.319052
0.337456
-0.150421
-0.358242
0.0141886
-0.0117212
-0.192122
0.112893
-0.13203
0.0348672
0.396201
0.0694586
0.0867163
0.0672818
-0.257133
-0.118101
0.292358
-0.0940602
-0.0293023
-0.185548
0.0761624
0.240026
-0.212679
0.0753728
-0.494452
0.224762
-0.452434
0.00983992
-0.260322
0.166995
-0.551864
-0.333598
0.176969
0.0719585
0.122881
0.0219223
-0.0909169
-0.215807
-0.0801223
-0.113877
0.00792514
0.30129
-0.203878
-0.205692
0.0570649
-0.116013
0.126045
-0.0486304
-0.0268263
0.0398772
-0.205259
0.00143487
0.113347
-0.300757
0.10697
-0.16754
-0.0123582
0.288893
0.107563
0.35943
-0.425616
0.12479
-0.189116
-0.0444285
0.352061
0.0913576
0.0196385
0.218833
-0.296687
-0.487646
-0.0858838
0.118359
-0.405414
-0.0173509
0.196621
-0.114561
0.187812
-0.169227
0.0878696
-0.016721
-0.00940898
-0.0958003
0.0635615
0.0652272
0.181778
0.00894469
-0.105986
0.360175
-0.493856
0.136714
0.456755
-0.177934
0.127533
-0.402992
-0.0942321
0.26106
0.19828
-0.25262
-0.541271
0.164298
0.0750198
0.232538
0.107847
-0.264568
0.0810018
0.19057
0.210664
-0.0502329
0.0744673
-0.244433
-0.524158
0.465677
-0.0758522
0.179059
0.20744
0.380354
-0.0607153
-0.134287
0.340719
-0.0644306
0.0279432
-0.0106999
0.159777
0.0743412
-0.0328175
0.175041
-0.404931
0.0574877
0.333053
0.196173
0.298547
-0.0763231
-0.0198904
0.229382
0.0709408
0.328043
-0.0865819
0.0249245
-0.00887187
-0.0617781
0.295428
0.13668
-0.0893298
0.200809
0.212141
-0.0650935
0.386059
-0.112626
-0.0284442
0.239336
0.113677
0.210279
-0.141955
-0.167504
0.280357
0.121445
-0.382897
-0.0729448
-0.57414
-0.247019
0.336144
-0.260898
-0.269087
0.0917106
0.0639517
-0.207946
0.16398
0.148702
-0.567508
0.147682
0.308329
-0.147576
-0.0890041
-0.0782413
-0.361429
0.0862825
0.290347
0.440194
-0.609716
0.136361
-0.155788
-0.244946
-0.10843
-0.0894872
0.161091
0.0562753
0.0489058
-0.206362
0.203671
-0.279529
-0.18265
-0.401576
0.00312994
0.294966
-0.179455
0.173246
-0.371019
0.146266
-0.121232
-0.217362
-0.0795785
0.104017
-0.417536
-0.177199
-0.168825
-0.260244
0.0748769
-0.235728
-0.0983673
-0.247847
-0.364476
-0.504535
0.18728
-0.128716
-0.103651
-0.453925
0.388344
0.128879
0.476966
-0.550559
0.115319
-0.197781
0.138962
0.505121
-0.0678585
-0.47703
-0.134806
-0.130663
0.105943
0.155976
-0.0997846
-0.19293
0.0516044
0.11934
0.126604
-0.0293518
-0.302556
0.0384338
0.000624328
0.0580513
0.186743
-0.244926
0.191413
-0.00316734
-0.343554
-0.0229763
-0.205383
-0.00323734
-0.334358
-0.197572
0.0754187
0.13765
-0.13141
-0.0743782
-0.206442
0.14042
0.0272183
-0.442132
-0.328828
0.0520261
0.0896046
0.457673
-0.252281
0.1787
0.0461582
0.0853631
-0.273755
0.189872
0.197292
0.022261
0.101424
0.0130014
-0.14473
-0.151048
0.121169
-0.0711436
0.214957
-0.22793
0.173807
0.229312
0.121415
-0.176224
0.202992
0.112566
-0.101391
-0.295569
-0.0808694
0.102947
-0.301817
-0.0736671
-0.0641788
0.17035
-0.051033
0.254596
0.172062
0.0896437
-0.0853814
-0.335973
0.393228
0.333931
-0.0539073
-0.118042
0.411699
-0.0356737
-0.121879
0.230242
0.0704859
-0.0120686
0.166032
0.0721897
0.402164
-0.0355321
0.306614
-0.299438
0.256952
-0.275987
-0.0752108
-0.42056
-0.106983
-0.206764
0.0253778
0.500436
-0.0518791
0.31722
0.0779664
0.13135
0.0883839
0.0222436
0.257468
-0.186445
0.0430619
0.734044
-0.0313532
0.0441211
0.190944
0.102303
-0.213544
-0.11897
-0.319684
0.0305625
0.221762
-0.285154
-0.197533
-0.130568
0.289874
-0.0931052
-0.0234028
0.0960467
-0.24678
0.204674
0.180282
0.123208
-0.314816
0.0589907
0.147141
-0.0393704
0.345312
-0.485304
0.139713
0.00793016
0.0321293
-0.139563
-0.410965
-0.106911
-0.139272
0.266209
-0.166759
0.260967
-0.237534
0.025618
0.43248
-0.110648
0.0614622
-0.0715702
0.0853423
0.062854
-0.486648
-0.0630433
0.0640543
-0.0592513
-0.0913786
-0.444948
0.356041
0.710677
-0.686996
0.215047
0.00670983
-0.180879
0.0952803
0.00371736
-0.15508
-0.117871
0.17875
0.232915
-0.0885021
0.0543976
-0.294254
0.395415
0.0141745
0.0520753
-0.0972887
-0.0223695
-0.0584338
0.321557
0.179211
0.138615
0.185803
0.154979
-0.275893
-0.129094
0.446701
-0.40697
0.204144
0.188394
0.262117
-0.0972821
-0.172003
-0.263006
-0.278243
0.354525
-0.558689
0.276213
0.103975
0.0838998
-0.106654
-0.219155
-0.155977
-0.0329286
-0.127172
0.295074
-0.0855523
-0.236137
0.167046
-0.0748851
0.508265
-0.221615
-0.243859
-0.237033
-0.11348
-0.0359752
0.100576
-0.432831
0.107936
-0.122841
-0.0989798
-0.713389
-0.128559
0.0916637
0.128587
-0.222627
-0.239483
0.243525
0.134739
0.0063095
-0.0532889
0.283942
-0.0677226
-0.0866732
0.0163689
0.0997296
0.449928
-0.0308869
-0.163575
0.0764007
0.376455
-0.190291
0.213535
0.144946
0.517237
-0.32822
-0.123318
0.436474
-0.0739457
0.0972422
0.30725
-0.124103
-0.107742
-0.289978
-0.0794625
-0.141835
-0.400642
0.0537122
0.601406
0.269035
-0.0291239
0.215383
0.0393316
0.000367594
-0.396273
0.0400924
0.0883659
-0.1255
0.0387614
0.194594
0.157864
0.0211324
-0.209981
0.0254742
0.0333765
0.145716
-0.186752
0.0482515
0.0254185
0.314526
-0.19459
0.0064988
-0.0121248
-0.070605
-0.381401
0.277271
0.058543
-0.126507
-0.257213
0.121531
0.408827
0.23899
-0.26779
-0.219881
-0.134096
0.159814
0.0304106
0.538915
0.218878
0.188882
0.152238
-0.564571
-0.175049
0.241487
-0.0527275
0.0947568
0.0595186
-0.125872
-0.334196
-0.778106
-0.17787
0.00534973
0.506601
0.41598
-0.100878
0.271583
-0.24892
-0.434752
-0.112169
0.171511
0.322663
-0.0361825
-0.100881
0.150677
0.252024
0.364171
-0.130727
0.0627781
0.361204
-0.366036
-0.596174
-0.220329
-0.278776
-0.0859314
0.552258
0.226742
-0.189567
-0.167463
0.0626161
-0.26933
-0.361776
0.411931
0.509682
0.196832
-0.0273849
-0.318535
-0.334808
-0.0909802
0.161959
0.0605861
0.120685
0.167692
-0.464801
-0.12384
0.203025
-0.253732
-0.280932
-0.123259
0.442227
-0.277077
-0.175229
0.357203
-0.157383
-0.0419498
0.205032
0.544447
0.31353
0.386895
-0.222432
0.480722
0.15684
0.0664983
-0.0617194
0.162627
0.059668
0.422794
-0.0420265
-0.358765
0.00819758
-0.00599462
-0.313106
0.184723
-0.0492661
0.0852883
-0.0580972
-0.031069
0.475415
-0.086721
-0.0478784
-0.24522
-0.0816626
-0.144783
-0.407238
0.113016
0.0593611
0.146979
-0.375097
-0.166023
0.0495268
0.3734
-0.30728
-0.243184
-0.250833
0.253564
-0.0527706
-0.24191
-0.00237787
0.140131
0.0676898
0.170535
0.0907969
0.463987
-0.368793
-0.197774
-0.308496
0.0460841
-0.289904
0.217138
0.278162
-0.329637
-0.150586
0.432171
0.201453
-0.036491
-0.0874033
-0.210555
-0.33483
-0.274447
0.196736
-0.0177903
-0.363803
0.348603
-0.167273
0.524066
0.25717
0.295258
0.060753
0.264609
0.049413
-0.0264777
0.176883
-0.176322
0.180977
0.178298
-0.0703776
-0.411755
0.0275814
0.0694547
0.0932015
-0.354853
-0.0318502
0.15396
-0.161245
0.0646383
-0.0664702
-0.220182
-0.00759067
0.204402
0.101531
0.240469
-0.2184
0.209481
0.0437409
-0.16856
-0.486845
0.254678
0.143968
-0.22564
-0.0814761
0.165395
0.0961446
0.00938756
0.0285506
-0.166405
-0.224532
-0.235679
-0.45828
-0.0239335
0.139005
0.0727477
0.356805
0.219961
-0.633576
-0.0795786
-0.339904
0.441383
-0.27216
-0.264007
0.246264
-0.292451
0.0870083
0.256184
0.205005
0.320343
-0.0626873
-0.00377314
0.377621
0.0100435
-0.477057
0.0769156
0.0920698
-0.152874
0.144195
-0.0877816
0.138502
-0.00786696
-0.058687
-0.27239
0.11202
-0.146628
0.0892088
0.195199
0.0826539
-0.283519
0.314823
-0.0772654
-0.0755261
-0.330227
0.177941
-0.00518625
0.0647552
-0.234603
-0.232712
0.0149505
0.472386
0.426833
-0.075612
-0.0887171
-0.450912
-0.292126
0.283856
0.271749
-0.0526791
-0.318473
-0.00860789
-0.00448554
0.220264
0.506148
-0.195414
-0.125102
-0.0216108
0.152078
0.209777
-0.277684
0.378997
-0.115651
0.0176588
-0.276331
0.0330135
-0.165683
0.014978
-0.196547
0.110513
-0.189105
-0.0733189
-0.215998
0.0786821
0.0389945
-0.217983
0.147394
-0.0301069
0.0127307
0.239635
0.0728596
-0.0345185
0.0213436
-0.171475
0.141141
-0.0868672
0.251188
-0.0722214
0.223835
0.0975102
-0.301424
0.0391001
-0.162643
-0.111342
-0.239006
0.128899
0.0109466
-0.0862437
-0.247148
0.172209
-0.0980605
-0.250419
-0.131158
-0.0458236
-0.048041
-0.107001
0.11634
-0.0909765
0.0776897
0.161777
0.294737
-0.383263
-0.0116755
-0.00241266
0.208702
-0.152881
-0.0585223
0.0969878
0.0135489
-0.206296
0.43848
0.138283
0.324512
-0.0792365
0.05866
-0.142363
-0.0238872
0.369679
0.0562004
0.213465
0.00650823
0.0540508
-0.0748133
0.104353
0.0934449
0.326614
0.327079
-0.639998
-0.045696
0.0880857
0.112082
-0.153656
-0.0304137
0.0386576
0.337678
0.330311
0.199974
-0.0347129
0.159987
-0.148266
0.17434
0.0497297
-0.0206733
-0.487635
0.0806593
-0.175988
0.207562
-0.119776
-0.369624
0.0401446
-0.141589
-0.451263
-0.244426
-0.204069
0.0167847
-0.118633
0.226784
-0.775692
0.226384
0.142053
0.22981
-0.2067
0.130071
0.339411
-0.00797229
0.0452886
-0.151982
0.424933
-0.165991
-0.0580463
0.0414705
0.321523
0.269423
0.380729
-0.0897356
-0.266458
-0.188353
0.207914
-0.158482
0.290771
-0.00287306
0.180972
-0.0631552
0.264354
-0.190498
0.570926
0.0731656
-0.21234
-0.0528123
-0.389344
-0.114177
0.135233
0.338991
-0.221632
0.0146233
-0.290804
-0.203703
0.169708
0.214294
0.187486
0.124938
0.418309
0.168251
0.0761592
0.338095
0.339682
-0.316865
0.241424
0.0851163
-0.0728257
-0.251172
-0.0366849
0.0123394
0.160606
0.149212
0.265137
0.470207
-0.245525
-0.0396472
-0.0728485
-0.254509
-0.204417
0.345686
0.0165551
-0.186864
0.130531
-0.282958
-0.251215
-0.133277
0.0431858
0.0718184
-0.0515436
0.547278
-0.216779
0.102014
-0.102308
0.0644454
-0.426796
-0.24455
0.00984828
0.00128044
0.0344872
-0.0166155
-0.254549
0.196994
0.355373
0.220205
-0.077808
-0.355133
-0.154853
-0.239126
0.274818
-0.0165898
-0.05973
-0.108935
-0.759216
-0.227442
-0.514507
0.236427
0.44471
0.0681018
-0.346547
-0.461922
0.0645773
-0.0224296
0.135016
0.255144
0.147067
-0.0142865
-0.076624
0.0361369
-0.126276
0.118187
-0.00385452
-0.249347
-0.092898
0.487101
0.0106015
0.10661
0.147435
-0.0896641
0.0714083
0.105664
0.0419716
0.342123
0.340412
0.083477
0.0778588
-0.249712
-0.458976
-0.283018
0.085757
0.136218
-0.268602
-0.332321
0.415062
0.068774
-0.0718602
-0.397548
0.237213
-0.171278
0.0933111
-0.125673
-0.223712
-0.0405321
0.246773
0.0451714
-0.200535
0.123102
-0.182055
0.14318
-0.0544325
0.135705
0.116359
0.303308
-0.296748
0.0809353
-0.216741
0.423544
0.350475
0.261095
-0.0626041
-0.231607
0.246577
-0.0925721
0.293978
0.278086
-0.113849
0.352574
0.0560053
0.249088
0.00894355
0.881259
0.373084
-0.232619
0.195499
0.187129
-0.107244
0.26397
0.170439
0.103893
0.087028
-0.412995
0.24373
0.204409
0.0092308
-0.0104057
0.2732
0.172857
0.0850793
0.220367
0.160471
-0.185578
-0.0614649
0.0614961
-0.0542693
0.00839674
0.33408
-0.144281
0.179863
0.284642
0.24172
0.0150985
-0.223401
0.328942
0.216079
0.351886
-0.186099
0.14598
-0.423442
-0.319315
-0.0245297
0.035042
-0.36192
0.0482873
0.235632
-0.00186766
0.116541
-0.161806
-0.561458
-0.251012
-0.16156
0.203902
0.18989
0.412536
-0.147847
0.0982825
0.191696
-0.248143
0.104462
-0.213642
0.13359
0.160512
-0.20518
0.183209
0.131772
0.25681
0.0214389
0.0221153
0.00347059
0.167474
-0.00761994
0.016035
0.39018
-0.177666
-0.00104801
0.25134
0.29337
-0.093648
0.278949
0.00879608
0.388757
-0.0160303
0.484866
0.101933
-0.276515
0.185089
0.00771859
0.44971
0.150848
0.151647
0.245066
-0.308515
-0.00245056
-0.20474
-0.0465262
0.0194537
-0.119945
-0.273374
0.125641
-0.29402
-0.485304
-0.0687533
-0.255366
0.169373
0.038108
0.130387
-0.141796
-0.50358
-0.102156
0.200904
-0.262486
0.273029
0.325247
-0.126597
0.0264742
0.121107
0.318115
-0.219397
0.366875
0.350284
-0.137909
-0.370781
0.203875
0.387149
-0.107885
-0.201418
0.164161
0.0181117
0.0980096
0.0145831
-0.150315
0.191571
0.253489
-0.115382
-0.287452
0.0093057
-0.162233
0.14601
-0.201993
-0.271671
-0.0510328
-0.0465678
0.280098
-0.0291776
0.242164
-0.0413973
-0.0191227
0.113604
0.246436
0.0214736
-0.271823
0.0360497
0.230295
0.0972321
-0.0710762
0.0437431
-0.234653
0.04525
0.0458861
0.261909
0.518494
0.0552928
0.251499
-0.202397
-0.0545731
0.0785641
-0.19527
0.634747
0.0519104
-0.200576
-0.0718187
-0.136846
-0.282119
0.0908949
0.0636036
-0.0641582
-0.404455
0.0234116
0.13484
0.271548
-0.139927
-0.20475
-0.204286
-0.0111117
-0.390742
-0.01874
-0.0981011
-0.464064
-0.0259583
-0.050729
-0.105173
-0.255491
0.414745
0.233752
-0.0705654
-0.0399791
0.00284808
-0.217786
-0.0210172
0.0475251
-0.284392
-0.100747
-0.363518
-0.340127
-0.541022
0.361041
0.290403
0.316753
0.36516
-0.00954987
0.0963002
0.0028545
-0.0364235
0.154953
0.050637
-0.122119
0.126678
0.384241
-0.219265
-0.0063274
-0.241426
0.158395
-0.113373
-0.192662
-0.0487133
-0.0352708
0.0983123
-0.313101
0.039003
0.0848548
0.0892766
0.0930323
0.0346256
0.254164
0.0820959
-0.0955004
0.366316
0.0338771
-0.166774
-0.0411472
-0.197828
-0.347638
-0.322207
-0.214067
0.137874
-0.192424
-0.310877
-0.686342
0.108501
0.1096
-0.0818352
0.246972
0.0064592
0.0410134
-0.111111
0.261819
0.132951
0.173278
-0.233405
0.300713
0.0713703
0.116601
0.254337
0.0318787
0.023754
0.25495
-0.150334
0.0400821
-0.18059
0.182424
-0.261374
-0.23265
0.326187
0.182506
-0.22492
0.126208
0.0940795
-0.0789097
-0.00530882
0.037835
-0.503816
-0.324906
-0.589503
-0.0747634
0.191524
0.197019
-0.272656
0.280911
0.0798609
0.254059
0.404913
0.301047
0.414282
-0.176953
0.134944
-0.221459
-0.152188
0.294996
0.205376
0.296012
-0.543055
-0.243054
0.142739
0.0937893
0.273035
-0.0678869
-0.274091
0.480301
-0.264667
-0.729281
0.134676
-0.14698
-0.121059
0.214627
-0.0759871
0.0483281
-0.153485
0.260086
0.120149
0.32349
-0.362334
0.0498405
-0.00918213
0.452493
0.0371912
-0.115998
0.266136
-0.00414545
0.0700792
0.341256
-0.385188
0.115633
-0.152359
-0.187771
0.0436463
0.559633
-0.326585
0.0386938
-0.182409
-0.300575
0.0406382
-0.0400976
-0.0574196
-0.0474671
-0.20524
0.176191
0.0708925
0.153953
-0.272282
0.191799
-0.329505
-0.134511
0.0461145
0.142684
0.238345
0.36885
-0.123209
0.0697778
-0.150534
0.214128
0.281372
0.224411
0.0306184
0.0452175
-0.135917
-0.228008
0.478458
-0.260536
-0.304244
0.24757
0.765632
0.236903
-0.193088
0.343537
-0.207836
0.406496
0.0912359
0.0103145
-0.558011
-0.0594802
-0.366951
0.153879
0.0519916
-0.214597
-0.198868
-0.152421
0.00717333
0.0126084
-0.142585
-0.2901
0.0107648
-0.250424
-0.0353943
-0.0726764
0.060909
0.0909111
0.111374
-0.00259212
-0.271044
-0.0926493
0.205669
-0.319972
-0.216171
0.170282
-0.244915
0.183564
-0.206147
-0.374277
0.0550767
0.203862
-0.594433
0.195921
-0.143536
-0.189479
0.225518
0.438137
0.173177
-0.0747634
0.0831056
-0.155093
0.060459
-0.205815
-0.225044
0.0409658
0.387152
-0.0750904
0.0237931
0.00402946
-0.23343
-0.0264645
0.191888
0.0244575
-0.0781557
0.10932
-0.215168
-0.324914
-0.0509026
-0.00678927
0.0152157
-0.191448
0.100272
0.0882405
0.0866115
-0.146675
0.203887
0.0283932
-0.0632756
-0.206384
0.120355
0.0482634
0.106843
0.0106358
0.0264838
0.15552
-0.293714
-0.618571
-0.113996
-0.432691
0.124746
-0.339346
0.319887
-0.243134
-0.0415415
-0.100284
0.123854
0.00251798
-0.430935
0.0227123
-0.524818
-0.214107
-0.00475793
-0.349257
-0.428493
0.0760387
0.0491993
-0.0648636
0.171523
0.0595375
0.150508
0.219191
-0.130324
0.354724
0.286482
0.164753
0.01746
0.0993559
-0.190789
0.0307145
0.444678
-0.0541248
-0.0684941
0.444674
0.158548
0.171232
-0.128322
0.663068
0.464082
0.537016
-0.107714
-0.0311298
-0.0417619
0.14982
0.669284
0.340221
0.0685858
-0.00311458
0.100976
-0.156917
-0.30232
0.417358
0.227057
0.29448
0.1271
0.382145
0.462124
0.071321
0.0686618
0.191494
0.100478
0.301778
-0.266825
0.079647
0.0572618
0.398482
0.185537
-0.0102281
-0.0135132
-0.0697302
-0.429661
-0.301531
0.272805
0.0840056
-0.193501
-0.0224491
0.24886
-0.242293
0.230995
0.128787
-0.479051
0.19094
-0.188682
-0.111225
0.504926
-0.181646
-0.0723856
0.0221429
-0.231509
-0.293349
0.228089
0.274065
0.0869219
-0.104789
-0.0478397
-0.327621
-0.0568434
0.476461
0.364727
-0.0840071
-0.0436398
0.0116028
0.181939
-0.00393203
-0.270725
0.0526715
-0.39882
0.000989495
0.446259
-0.238871
0.49267
-0.187641
-0.0560111
-0.566339
0.420863
0.00885575
-0.25134
-0.124956
-0.104844
0.00022376
0.0948245
0.155392
0.202209
-0.0567484
-0.23729
0.0271334
0.106236
0.196137
-0.22761
-0.0799068
-0.0189984
0.153051
-0.0300602
0.354626
-0.175302
-0.392352
-0.113273
-0.64118
0.141601
-0.396558
0.104218
-0.135783
0.0959848
0.15636
0.110212
-0.207597
-0.11338
