0.879663
0.229586
0.533577
1.77341
-1.7114
0.145072
-4.85625
-1.4392
-0.0656342
-1.06981
0.384379
-1.82907
0.00583648
-0.435163
0.627503
0.635223
-5.97772
-1.16262
5.23106
-2.23713
-2.7297
-0.866372
-0.815735
-1.25047
0.153629
3.15375
1.71174
-1.36536
-4.88935
-0.536617
1.89972
2.0204
-0.827565
4.1776
1.22378
2.1452
-0.936503
-3.51982
0.748795
1.06519
-1.26333
-5.56754
4.18966
-0.52412
4.95672
-4.00311
0.620936
-1.4973
-2.27474
-1.93977
1.09236
-0.170611
-1.0098
-0.013166
-1.99134
1.46203
0.330677
0.535592
0.411605
1.48322
0.79712
-1.47791
-0.583467
6.35742
0.122192
-0.412175
-1.54556
-8.70862
-0.606942
-0.0965043
-5.9621
-9.20637
-1.1586
-2.57552
-2.32732
-1.36526
0.175305
-0.358668
-1.34925
4.8006
4.1718
-0.781856
-0.0231935
-0.551421
0.054819
0.579776
0.711962
-0.207874
0.805245
-0.478705
-0.450521
-3.3197
1.16801
-1.37568
0.216339
0.376284
-0.553866
-0.707276
0.585119
1.23574
-0.366068
2.41549
0.793119
0.609267
3.79403
-0.296874
0.575036
-7.39985
0.47927
-0.904557
0.303344
-1.92714
4.12145
0.272346
6.21352
-1.93291
1.24072
0.251194
0.0323902
0.686446
0.682182
0.2094
0.415177
3.61667
-1.44696
1.1527
0.825424
-0.385698
-1.09501
-0.413798
-1.06232
-1.53865
8.656
0.203723
0.662917
-0.516401
-0.449471
0.0341082
-0.885414
-3.82386
0.183759
-0.403983
-0.459572
-0.905241
0.462969
1.16905
-1.63036
-1.44488
0.453636
-0.695711
0.0434525
-1.84117
-1.99498
3.73453
0.672557
-0.896551
0.433606
1.71124
0.0896225
0.176706
-1.76616
0.133296
-1.08829
-0.413911
-1.04344
0.14143
-0.352367
2.58444
1.23054
-1.07049
0.342703
1.28388
0.256092
-0.778475
-2.60264
3.37094
4.69192
-1.61173
-0.263156
0.225174
6.13151
-4.77249
0.482806
-0.474466
-4.12396
0.111746
-0.15925
-2.95932
-2.54997
0.364879
-3.07174
1.33716
0.0750415
0.0354106
1.34994
-0.40278
-1.18889
0.165949
-3.00676
-0.900118
-6.89225
1.57717
-0.80822
0.589775
6.53983
0.235946
-0.219207
-0.0252806
-5.5006
-0.520366
0.170597
-1.64265
0.226391
2.11571
3.3048
1.5667
-0.668905
0.692323
-4.35389
2.53384
0.759598
-0.841827
1.21754
0.997446
-0.741504
0.9682
-2.46193
-0.144372
1.49521
1.75727
-0.634733
-0.103214
-0.337937
-6.5894
-0.795783
-1.31347
1.53309
0.790195
0.693122
5.09175
5.05542
0.604307
-6.78347
-0.593737
1.57579
1.01133
0.850151
0.481036
1.00999
-4.86558
-0.314205
-0.0640793
1.372
-0.15798
2.59391
-7.41567
-0.193326
-0.386713
-1.3945
0.723027
7.15839
1.10928
0.674389
1.11001
-0.610483
0.619188
1.71568
-0.682397
1.09293
8.29802
0.198602
-1.5894
6.92376
-0.244907
3.38308
1.09929
5.96916
0.00715823
-0.493737
-0.188272
0.743367
2.0617
0.413245
-4.23029
1.52854
-0.642798
-1.2171
-0.322609
-2.31257
-0.293868
-1.23645
6.95656
-1.7221
-0.332889
-0.816565
0.835447
-2.03104
0.350658
-0.316526
2.2382
0.630796
1.69641
4.76232
-0.23111
0.273768
1.80513
-0.966498
-0.50023
-0.291313
-0.184717
0.929425
1.15383
-2.67396
3.86382
8.51792
0.685931
-0.621002
1.27918
0.104637
-0.346811
0.77798
-0.368415
0.720155
0.9254
-1.4156
1.07077
3.4332
-0.0493981
-9.65513
0.268229
-2.07175
1.64501
0.508478
-0.00853546
-1.00187
-1.39159
-3.95102
-9.8352
-0.549314
3.20548
-1.0377
-2.46666
1.85203
0.10288
-0.0542836
1.1206
3.86901
-2.28306
-1.76511
0.721113
-1.35544
0.673035
3.59172
-0.3446
3.47878
-0.586286
0.0495844
8.37383
1.81802
0.832051
-0.590219
-2.13909
-5.24779
-0.35268
2.18724
0.196489
1.27449
-1.24664
-0.115387
0.709777
-0.370628
0.512624
2.32174
-0.703204
-0.50631
0.164306
-2.38492
-2.72489
8.78947
0.0701562
-0.448071
-6.26805
0.174173
-0.864972
-0.0286376
-0.0114694
9.21064
2.64907
-0.720294
-0.188905
0.295275
2.9844
-3.31367
-1.81296
-0.060576
-1.62726
-0.598497
0.957483
-3.41277
-0.0815414
0.785569
1.27907
2.22091
-1.01515
4.07774
-0.379107
1.52681
2.74799
-1.77596
0.625974
1.05885
0.258247
-1.96114
5.74708
0.453265
2.07059
0.228163
2.26332
0.0862727
1.08026
-0.157417
-8.88613
-0.496805
-0.558797
-0.302218
0.267932
0.201672
-1.75
-0.70974
1.26926
0.563948
-0.420633
-0.465301
-1.07693
-0.187346
-1.07654
0.773742
-0.833681
0.0304711
0.191757
1.90514
1.04281
0.518693
-2.14778
0.205194
-1.43303
1.41269
-0.446541
1.36519
0.0344642
0.72723
-0.68415
2.75008
0.0422272
-0.320589
0.0162352
2.25323
-0.0361478
0.423174
-1.09891
-0.279674
-4.5702
-2.17839
0.719429
-0.142185
0.449593
-0.331623
-1.07845
1.37181
1.61129
0.142477
0.20009
0.249948
-0.556791
-1.04381
1.08703
1.05956
0.992604
2.66994
-1.12008
0.0180831
-1.02693
1.46474
2.23672
-0.544267
-1.00985
-3.07785
0.753437
0.140742
0.0423488
0.808228
0.200973
2.15313
0.652354
0.734223
-2.81303
1.5743
0.0892869
0.288191
0.0698739
3.51933
-0.0260809
-8.50654
1.41265
-3.67571
0.101989
-1.80706
-4.16729
2.53254
0.0209196
-7.07759
-0.42158
-1.80092
2.80541
0.743535
-0.0211099
4.29282
-0.984742
-1.52804
2.34223
0.253597
1.57758
-1.25561
0.218698
0.171254
0.50771
0.848346
1.65498
4.20047
9.50972
-0.66688
-7.178
-2.58294
0.267302
0.713211
0.431405
-0.549257
-0.145981
-0.355151
-9.65004
-1.40536
0.0290533
2.61272
1.1771
0.738133
3.51989
1.06072
-1.28008
4.35786
-2.86131
-0.168044
0.358726
-0.641568
0.206376
1.33336
8.53302
0.438511
0.715142
-0.943016
2.51155
1.86422
-0.570236
-1.14059
0.870621
-1.15857
0.239795
0.870705
-0.0948051
-0.588845
-0.828174
5.33749
2.14644
-0.223624
-0.73973
-3.64993
-0.333324
0.180365
-6.18352
3.9425
-2.11288
-0.443328
-0.0727012
0.3095
-0.605267
-0.249081
7.13791
-9.46479
0.241253
-0.944517
-1.24831
-5.0141
0.758791
1.65708
2.79922
-1.02232
-0.685145
-0.635057
1.43237
-0.32268
-0.233488
-8.45187
-1.4926
-0.741402
0.493382
1.40856
-0.357485
1.1921
1.53002
0.93635
-1.05851
-0.477584
0.0709362
0.0499567
0.206684
-1.29588
1.48
-0.745105
-0.620068
-2.09212
0.378271
-5.4497
-2.90365
-2.14498
-1.21735
0.520941
-0.0918986
0.00597516
4.25417
-0.222874
3.28825
-2.90887
-0.431499
0.219569
-2.31731
0.486986
0.43962
-0.127687
0.0455411
-0.476864
0.122823
0.118982
2.34454
0.370178
2.02072
-1.39953
-0.301463
2.02278
-1.60536
0.212597
-1.47615
-0.492116
2.21183
-2.3103
-0.186839
0.262799
0.241969
-0.127537
-1.60387
1.27347
6.9056
0.453242
5.22173
7.27731
-1.48128
-1.3708
-0.902014
-1.75098
2.33333
-1.17098
3.60153
-0.673454
-0.126392
5.12217
1.79275
4.12987
0.882194
1.26326
0.958512
-0.523456
0.146803
-1.88558
-1.11213
-2.01648
-2.65513
0.232454
2.11956
-0.241682
-2.35842
-1.06693
0.833444
-1.02881
1.83353
-1.25622
1.01867
-0.745839
0.512434
0.514715
0.454039
-1.31465
-0.887836
-4.80179
-3.09021
0.250946
-0.0209578
0.409624
1.5555
0.605224
-1.73433
-0.654385
0.872536
0.873427
2.54929
-6.78433
0.62808
0.173141
0.855295
3.56317
2.97413
-1.95068
-0.355719
0.0577205
-0.274864
0.848324
0.527301
0.724711
0.623763
3.16744
1.01618
0.107016
9.91427
0.185147
-0.345331
0.897752
-0.463714
-4.46748
-0.554281
0.47517
0.567365
4.24293
-1.3274
-2.25261
0.179074
-0.221554
-0.196024
-1.36371
1.81279
2.39456
0.422739
6.98004
-5.61605
1.12597
-0.0585072
0.548297
2.04963
0.129962
0.699395
1.27995
-0.338871
1.7883
0.224448
0.69906
8.92947
-0.0917426
-0.908424
2.21519
1.78999
6.38368
-0.966071
-0.502107
-2.05471
0.93987
-0.803485
0.239915
0.0924627
-8.4641
0.101628
-0.289039
0.63271
-0.290398
1.82877
-0.266408
-0.456599
-0.726663
-0.226593
3.0825
3.02698
-0.79909
0.603794
-1.364
-0.160361
2.74842
-1.11475
0.0441166
0.175842
-0.553851
1.47232
-1.13444
-0.193874
4.71859
-1.11376
-0.926991
-2.23815
1.38365
2.29524
-0.537732
0.50217
2.02204
0.364273
-0.587784
-0.179925
0.357866
-0.039467
0.00125372
1.44959
9.83644
-6.07306
0.166938
0.00875495
0.557252
-2.01864
0.406968
-0.854625
-0.707893
1.49652
-1.9518
-1.21508
0.723615
-1.02011
0.207609
-0.452647
-0.723116
-0.863921
-2.2195
2.47935
-0.0294799
-2.36896
0.595618
-1.67137
0.245119
1.27977
-0.296595
-0.270074
0.540669
-0.741346
-3.33303
2.42389
-0.837091
0.698017
-4.74972
-2.15316
1.78091
-0.0980463
1.80077
-0.743726
2.95513
1.10935
7.15028
0.571174
-1.72249
0.929759
4.33166
-0.136624
0.572175
0.119985
-1.36457
-0.299705
0.509468
-2.06345
0.0420941
0.403866
-0.372349
0.49144
4.37247
0.0767663
6.75081
-0.482561
-5.6003
0.69168
-1.25644
6.09336
0.729779
0.348245
-3.93777
0.0740526
0.398194
-0.825307
-1.48278
-1.30358
-2.62379
0.585838
0.25451
0.342262
-0.333981
-0.450922
-0.0406708
-1.08602
-4.16936
-1.02131
0.906991
4.56139
0.533996
0.428094
-0.530562
1.88195
0.369742
-0.128523
0.318214
-7.21518
-0.0221313
0.454048
7.47846
-1.43032
-0.00881955
0.255541
-0.102461
-5.57399
-3.37259
-5.02184
0.860453
-0.963512
0.520332
-2.08421
4.47559
-2.05152
-1.30613
-0.0324015
-1.71448
3.24073
-0.0404639
0.014443
1.02246
-0.596209
1.4217
0.640179
-1.20981
-0.864289
-3.33682
4.11563
4.77702
0.486277
-0.565074
-4.50706
-0.707602
-0.452621
0.218006
-0.312288
-8.87395
1.69653
1.62009
2.22069
-5.04598
-2.2365
0.128303
-2.55214
3.03473
0.110818
0.750425
-1.55181
-2.28894
0.0361508
-2.4522
-1.18214
0.800731
-0.492467
-1.68268
0.817648
0.406793
0.0526075
0.355426
-0.20574
8.69056
0.175253
0.0177202
2.48653
-0.917965
0.351681
1.06956
-3.72093
1.90494
0.274981
-1.93121
1.64533
-2.75928
9.67403
2.91132
0.118149
0.748088
0.992738
9.58724
0.330657
-0.161708
4.31983
0.783806
-0.311778
2.02932
-0.787856
-0.278084
-1.78604
-5.25651
-0.321932
-0.424667
-4.94843
3.16929
-0.57142
0.0973363
1.34252
-1.60626
0.00154085
-1.34326
-1.23282
-0.076527
6.62557
-0.463054
-0.506756
2.94412
-0.0818259
-2.39341
-9.19674
0.766033
-0.527796
1.20258
-0.558274
-0.540954
1.37417
-0.879978
0.0342976
0.815621
-1.99577
0.130702
-2.61181
0.3958
5.07419
5.10923
-0.610277
0.108547
0.368395
-0.645166
2.09642
0.626423
3.33283
0.019775
-1.228
2.74273
0.588675
-0.770223
0.335236
0.430407
-0.478894
7.6217
0.955641
0.74998
-0.439044
-0.941574
-4.68525
0.993844
2.16202
1.4665
0.296351
3.94201
1.28592
-0.859829
1.38405
0.982976
1.65796
-1.20701
-0.131048
2.90335
-4.43755
-1.45466
0.774362
-1.61434
3.82962
0.500134
2.75789
0.969375
-0.141041
-3.95616
-3.54482
2.20417
2.10696
-0.799587
-0.155887
-5.77353
0.619556
0.898237
0.115819
-0.0336518
-1.05239
1.12928
0.406408
0.449199
1.26004
0.894129
-1.15798
-0.70851
0.708024
-0.389822
1.08492
0.268893
-1.82925
-2.40663
1.12445
-0.369536
-0.619099
-3.76646
2.98129
-1.76799
0.12255
0.801074
-4.57944
3.95468
-0.713478
-0.842158
1.02463
-0.475916
-3.33616
-0.73689
0.968154
-0.449467
0.986718
0.915514
1.73375
-4.82766
-1.19167
0.480703
1.65935
0.185378
-0.165939
-0.831407
-5.5671
-0.957171
-0.246251
0.0930241
-0.111516
0.33059
0.868958
-1.3515
0.557868
6.81221
0.587075
0.268026
-0.582848
0.561133
-0.330009
-1.07312
-0.925115
0.462838
0.678809
-0.154057
5.56725
0.710304
-1.17966
-5.50376
-0.254101
-2.42917
-1.01636
-0.346932
2.72653
-3.40009
1.25526
2.19366
-0.438159
0.542969
-0.277078
-0.619014
0.508845
0.706568
2.50513
7.95349
2.2426
2.64986
1.33388
-7.09508
-0.815812
6.57129
-0.726338
1.77215
0.797429
3.43451
4.79536
-0.39876
-0.531273
-1.71468
-2.44416
4.6081
3.92176
-0.843055
-0.602877
1.61519
1.96018
-0.348822
2.4984
0.510308
0.177543
0.5551
1.15727
-1.39232
0.333715
0.219958
-0.521714
-0.279234
-0.179852
-0.767207
-0.0882834
-1.05781
1.4133
-0.87311
-0.355538
1.34828
0.906917
-2.77487
-2.46774
0.400106
-0.874836
-0.296849
-4.32288
0.993917
1.43732
0.914074
-0.246284
5.51505
-1.48103
0.852807
-2.0207
3.74628
-0.50966
-0.337801
0.34302
-0.292097
-2.29724
-1.03631
3.95664
-4.4193
-1.92437
1.61614
-0.48648
-0.59905
-0.103722
-1.26597
-0.0961773
-0.15536
-0.583369
0.107526
2.10887
-0.772407
0.53389
0.410595
-0.906345
-0.0576097
5.36104
-0.243021
1.21509
0.138472
0.202789
4.33182
1.33633
-0.26068
-3.50343
-1.33664
-0.710306
2.06183
-0.719956
-0.0555067
-0.28164
-0.791442
3.63152
-3.90558
0.0701206
1.42885
-1.65473
-1.81238
-1.54545
1.1162
-0.100212
3.4568
-1.28853
1.2975
-0.542199
-0.00275919
1.08018
-0.151517
-3.53577
-3.04474
0.335695
0.0559152
-6.45594
1.78762
-0.149637
1.16149
-1.2645
-2.47238
8.26638
0.388741
1.36388
1.75517
-2.55174
-1.20205
-0.0509204
-3.30174
-2.03572
0.863451
0.104408
0.419382
-0.0194441
-0.466062
2.39468
1.06792
0.413712
-0.226742
1.36349
-0.112901
0.124174
-1.51564
-0.980451
4.38427
0.084293
0.417255
-0.602924
-0.899376
0.877056
-1.33526
-1.27531
-0.202671
-2.36125
-0.368762
0.778735
-1.38765
2.19952
-0.395319
-0.142424
0.0303358
0.200555
-1.18019
1.81499
-1.0001
2.22305
-2.19301
5.5837
0.557765
1.97698
-1.94515
-0.817422
0.413434
0.526826
-6.55307
-1.68458
-0.719471
-0.143715
0.776656
-1.49958
-0.294128
-0.605287
-0.0331564
-2.76582
-0.47566
0.780164
-2.25961
0.754526
-1.03855
0.297418
-0.124465
-1.39894
-1.05369
-0.067851
-7.56544
0.772764
0.398765
-0.296138
1.517
2.47411
0.495495
-0.0519706
-5.44824
-0.736481
-1.82461
-0.0802628
-0.439231
-0.473079
-1.55074
-0.187618
-0.233912
0.324207
5.9534
-0.659017
-0.800026
0.448023
0.133347
-0.128451
-0.971417
-4.83419
1.69508
0.496913
0.212413
-1.68362
-0.0321919
0.0541453
0.273619
0.0613725
6.50952
0.60103
0.309031
-0.483314
0.46911
-1.7389
-3.48535
1.60147
1.89735
-0.0221309
-1.71068
0.272121
1.43715
3.32048
0.587924
0.600123
0.499622
-0.293333
-0.124195
0.151135
-1.41165
-0.182387
3.26833
-1.81103
-3.46394
1.55074
-0.834626
-0.331359
-7.61107
8.96667
-2.55335
1.24551
-0.694711
-1.6413
1.52481
0.729658
-0.04996
-0.00665876
0.298825
5.95692
2.98757
5.89536
0.630675
-0.980208
0.293833
0.890857
1.3998
0.472756
-3.89933
-1.01075
0.425622
0.807274
-0.496821
-1.51202
9.04623
4.97342
-0.999196
0.0019584
2.57903
-0.586165
-2.71468
-0.218833
-0.0674348
-0.113504
0.969916
0.385484
2.60683
-8.30529
0.89542
0.042652
-0.319205
-0.269622
0.52161
-9.06668
0.716882
0.253429
0.012944
1.38011
-0.595417
-1.90106
-4.99573
5.89808
-1.58152
-1.546
-0.458551
-0.12292
-0.48391
3.63119
-7.60275
1.05467
0.806381
-0.95393
-0.627851
0.519893
-2.91036
0.517342
2.74429
0.606715
2.12563
-8.58189
0.315022
-1.26551
0.388863
-0.575535
2.8034
-0.301192
3.99148
-0.141725
0.0195198
-0.109823
-0.271051
0.382256
0.362777
1.07074
-0.607267
1.55793
2.50915
5.16564
0.333153
1.38768
-2.38467
0.796314
0.205985
1.71922
5.84089
-3.26028
-0.101543
1.46131
-2.34093
0.0874943
-0.1048
1.16415
-1.56742
0.262067
-1.8618
-3.61647
0.0649625
-1.47741
0.504566
-1.75167
0.607044
-0.472623
-0.85507
0.0969604
-1.86786
-1.27413
-0.0997386
0.649735
-2.51776
-0.245593
0.376271
1.62976
0.405292
-0.00148805
2.05843
1.90783
0.470814
1.50392
4.2292
-0.68268
1.87539
1.20421
1.05485
0.0967093
3.38771
-0.759075
2.31538
-5.7709
0.952656
0.172854
2.63545
0.778433
0.592177
0.824249
-5.85331
-0.157099
-1.19975
-0.471128
2.28388
0.651735
0.844932
0.618828
-2.16239
4.40284
0.287083
-1.42976
-2.08822
6.49482
1.22381
-0.0912301
0.626003
0.771078
0.697112
7.0417
0.865878
1.11814
7.6005
0.27307
-1.58452
-1.3642
-1.06141
7.46832
-2.37685
3.63059
-0.699489
-0.99231
-2.7517
3.02199
-0.901126
1.97109
0.475157
2.14492
1.69024
-0.460498
-0.58106
0.930544
0.0119307
-8.51367
-0.632743
-0.254141
-0.164265
-0.127202
-0.278088
0.323911
0.203143
-1.6215
-0.128013
-0.971132
1.2794
0.886973
2.22888
0.285819
1.91225
-0.608363
1.57164
-1.815
-0.361887
0.48693
6.7155
0.199998
-1.68513
4.59585
1.55351
-0.407483
0.332431
-0.285146
-0.0860611
-0.680086
-3.90453
0.366338
0.0459476
-4.75369
-0.318558
0.159257
0.860934
-0.200625
-2.28556
-1.21413
-0.266152
-2.46411
-0.303855
0.345274
-0.0416968
-2.62741
0.0489074
-1.27707
-2.3834
0.30042
-0.910854
-0.729375
-3.91804
0.183071
1.17101
0.804442
-0.309422
-1.74092
0.0539297
-4.1924
-0.320061
1.14529
-3.45227
0.203017
1.92332
1.02595
2.25868
0.382604
0.615293
9.72829
0.864177
-0.977102
5.98488
-1.30023
2.32053
-1.28209
-3.103
4.23727
1.35211
2.10393
0.557304
1.43644
5.41746
-0.179911
-4.42074
0.650956
1.60927
3.96142
4.51368
-4.4717
2.42808
0.0199283
0.754873
0.277979
1.84282
-0.274438
1.96719
0.632922
1.00799
1.88217
1.81672
0.414096
-0.193189
-1.20181
-0.227583
-1.12557
-1.07659
0.432502
-2.04249
0.353779
-1.39326
-1.05307
-2.63901
-1.95547
-0.224665
0.0843746
2.74785
0.724084
-0.877699
-0.16358
1.44776
3.69543
0.0500099
2.28711
-1.35067
-0.687305
3.09573
-0.0617259
-1.77284
-1.66606
-0.50696
3.89137
3.9086
1.26349
3.42873
1.4255
-1.87456
-1.77566
-2.05447
4.97478
3.08614
-2.25841
-0.719075
-0.334322
-0.923655
2.09656
0.287875
6.32017
-1.82346
0.0594819
-1.53026
0.237649
-0.690614
-2.26774
2.87741
2.93525
-0.242444
-1.06975
-1.01071
-7.33529
-0.230209
-0.216346
-0.00775884
0.988016
1.49029
-8.26643
-0.386565
-0.400252
-0.719082
0.666123
1.48678
-1.68309
-3.1454
0.652923
-3.41656
0.37866
-0.848608
1.83745
2.70459
-0.454038
4.20044
-5.28223
5.41872
-0.0384315
1.25986
-2.84943
0.113511
-0.556528
-6.07503
3.02143
0.484757
-0.48674
-8.04664
0.0520821
1.43123
-1.54247
1.05524
-3.43547
-0.968538
-1.59616
-5.28891
-0.337506
3.91573
0.219358
1.08119
0.800788
0.926289
2.55742
2.02026
0.53856
-0.151109
2.23866
0.250588
-0.721283
1.24802
2.76592
1.45163
1.1964
0.62852
3.33582
0.96149
0.662395
1.09465
-4.31562
4.37921
-0.136249
-2.83786
-8.30306
-0.603328
-1.03698
-8.82641
0.00178288
3.25542
-0.896557
-0.497092
0.748873
-1.76941
-1.53324
-2.55024
-2.10231
1.10183
-0.115451
-0.198942
-0.389613
0.426478
-1.69215
-0.136912
0.0152616
-0.695267
0.0648557
0.851677
0.435076
1.2257
0.0910229
0.80076
-1.10051
-0.245339
3.2071
1.30491
0.795684
-1.82933
1.26443
0.492743
-0.0430017
0.372225
-1.10076
-3.36474
-3.97337
0.420816
-0.16711
0.0418549
-5.80203
0.801667
-1.42139
0.0790904
-1.82797
-0.244394
0.0900709
-0.398768
0.145633
1.24429
-1.48197
-0.0454675
3.73231
0.196839
-0.856356
-0.463653
-0.211139
1.77727
-1.17449
-0.377063
0.3599
-0.127038
0.687125
0.0761526
-0.253252
0.778935
-2.22559
-2.94409
7.1428
1.30113
-0.356374
-1.70629
-7.96609
0.185125
0.937905
-2.82507
1.12225
-0.335247
0.482656
1.89916
-1.78805
-0.239219
-1.51826
-2.2412
-0.894904
-0.288299
0.851125
-4.44851
-0.65029
-0.241155
0.287342
0.224497
-0.668579
-6.83914
-1.42753
0.102733
0.919642
-0.0217523
1.52786
-0.085632
0.335925
-0.142681
0.36992
-1.39579
-0.285771
1.14485
2.43073
-1.36542
-0.430333
-1.79435
1.1208
-1.09989
1.39787
0.0245589
-0.347035
1.56405
-0.25062
-5.31398
-1.74351
-1.71607
-3.69341
-0.948983
0.176705
-6.07594
-6.35364
0.530318
0.141993
-1.77873
0.0384328
1.36049
0.985348
0.864285
-0.168824
0.50471
-1.73477
0.428749
0.537966
-1.01667
-0.69387
2.17609
0.020468
-0.19076
-0.315234
-0.71535
0.221747
3.97161
-0.892708
4.06663
0.953448
-2.93451
1.0233
-1.15215
-2.81136
-1.02935
0.219992
-0.961373
2.00778
-5.35647
-0.139132
-0.845838
3.05916
3.07594
0.303512
4.39519
4.10944
-0.970807
0.0471441
-1.16422
-0.0034137
2.48756
-0.222239
-0.140318
1.4187
1.6327
1.1212
-3.90266
0.925933
0.393631
0.0582408
0.530328
-0.674483
-0.190861
-5.4754
0.523075
1.23503
0.0461181
-0.640166
-3.03001
-0.962355
0.0554796
2.71516
0.186101
-1.25148
0.636371
-0.213023
-0.558083
-0.350376
0.176402
-0.233806
-0.495717
0.163076
3.5634
0.109319
1.52387
-1.04149
0.320732
1.03113
0.297501
0.0506681
-0.66133
0.0874799
-2.02871
0.363217
2.94433
0.0856667
-1.40604
-0.922186
-0.842305
2.11752
-3.65896
-0.615945
3.33666
5.72246
-0.207968
1.8115
0.900017
0.857917
-4.73418
0.816526
-0.0202115
0.0956592
-3.70561
-0.714293
-1.8332
-8.02097
-0.0592083
0.829181
1.7293
0.288579
-0.106744
3.21913
-7.32441
0.383434
0.817698
-1.83406
0.470165
7.01492
0.532652
1.9298
-0.466728
0.207202
0.115517
0.229952
-0.263475
0.515948
0.678269
-0.0894298
1.24362
0.916574
0.449262
7.30734
1.47627
1.05735
0.420729
0.746402
0.982265
9.06117
-0.443098
0.166623
-1.65582
5.71746
-0.628433
-0.247497
0.0215792
0.476202
1.35917
-1.22579
2.09563
-0.359741
-0.209058
-1.00118
-2.53876
-0.609907
-0.56415
1.23287
0.285032
-0.353471
1.25278
-1.42762
-4.38643
0.64033
-0.73593
0.682825
0.143578
-0.724265
-1.92352
-0.941457
-1.19618
-0.406765
0.0770021
3.17454
0.0364988
-6.08986
-2.58759
5.4956
4.96669
0.129531
0.761421
6.44493
0.737003
0.476973
1.69569
-3.35598
3.29608
-0.56147
-0.11635
-0.818493
1.51683
-3.00644
-0.183222
2.45229
-0.42266
-0.534531
-0.395738
1.15018
-0.783873
1.60134
2.49854
-1.09928
8.94277
-0.451402
0.659211
3.33724
-0.785641
5.6644
-2.62722
1.36999
-0.665311
0.986925
-1.33359
-0.851762
-0.176169
2.62696
-0.229189
-1.17496
1.87247
2.25914
-5.51155
0.0484871
-2.31286
0.790137
0.340816
0.484276
-0.161443
-2.59463
-0.463541
0.554763
1.24605
-0.48358
-2.47098
0.033429
-0.121887
-4.01048
-2.29519
-3.64048
5.21134
-0.516215
1.25979
0.400647
0.788241
0.537597
-0.491515
2.59832
8.59862
-3.74706
-1.63661
-0.569395
-2.28136
1.25255
-1.42294
1.89836
0.793246
-0.211554
-0.171357
0.575373
-0.597563
1.28236
-0.724092
-3.98287
-0.220969
1.19966
-2.84213
-0.0636625
-4.00778
1.6771
0.929653
0.748651
0.354033
-0.199423
-2.13416
0.051536
0.0299114
-1.18596
2.961
-0.346788
0.505317
-0.233962
2.48439
0.200469
-6.04582
0.999781
1.77742
1.38927
0.899155
0.210196
-1.05836
0.171843
-0.735544
-0.0886238
1.80463
0.952345
2.28803
-0.674456
0.43037
4.42838
0.838032
1.29742
0.641232
-3.63142
1.19224
-0.851887
0.756385
0.00896124
-1.8595
0.150248
-8.24915
1.37818
-0.323867
0.542676
-0.131648
1.08707
0.103787
1.6159
0.880578
1.59712
-1.49022
0.0126089
1.01661
-0.487311
0.925484
-0.225023
2.13776
0.505778
-8.6937
-1.44172
0.437234
0.286614
-1.95139
0.40959
0.0298386
1.19582
-2.15875
4.41813
4.14636
-0.537122
2.00835
2.53281
-6.3049
0.0775834
0.525534
0.619737
-0.277166
-0.337777
0.304216
-0.575305
1.80315
3.0777
1.06281
5.16173
5.24272
-3.69582
1.9244
-0.109536
-0.295587
-0.24249
0.0988194
1.57331
-3.84665
0.111842
0.27774
1.27584
-0.326314
1.59806
5.29353
-0.422788
0.843761
0.700139
-8.51167
-0.54624
2.82847
-0.784017
-2.60429
-3.13856
0.474034
3.82718
2.75714
0.966546
1.36227
1.54768
-0.201285
0.717615
-0.245538
3.19648
1.02465
-0.25982
-0.151334
-1.40892
-2.26054
1.24956
-0.139127
1.55533
-2.15597
-0.0549306
0.724821
0.0812993
7.08103
0.386321
-1.68688
-1.49594
-1.09379
9.90729
-4.17005
-0.093168
-2.11545
-1.96533
-1.87914
0.311934
-0.764488
-4.02402
-2.02136
-0.912209
-0.53955
-3.72069
-0.702786
2.46696
1.70143
-1.81796
0.782972
0.100187
-1.40575
0.765105
0.458681
-0.12434
-2.24997
-0.885534
-0.515767
-2.40343
0.798186
0.224422
1.28524
0.232778
0.0750172
-3.20239
-1.00536
2.07289
0.145771
-1.16851
-1.30273
-2.70214
-0.882714
2.11063
0.474111
-0.265407
-0.530597
0.850734
-0.493923
0.797963
-0.479756
-0.569711
-0.236739
-0.314921
2.61651
-0.0461847
0.444907
0.255993
1.55978
8.38178
-4.50429
-0.113779
0.766335
-1.01309
0.739364
1.14044
0.222044
-0.391653
0.212695
1.49375
2.22056
0.510385
1.62995
0.767607
0.0217948
0.746555
0.0215309
0.155128
-1.89965
0.120324
-0.0628115
-0.322894
4.19226
0.844572
-0.146971
0.875763
-0.881639
3.67797
-2.18706
0.917997
-0.290363
2.8243
-0.571882
0.527882
-0.92361
0.586247
-0.74129
2.48513
-0.658385
-1.29981
-0.220052
-2.44299
0.00344915
0.0375692
2.52927
-1.38487
2.82764
-0.935291
-1.6111
-0.218369
-0.554426
0.241544
-0.880748
4.37708
0.897409
-0.790569
4.32158
-1.93083
0.00434115
-0.184903
1.98644
0.979057
0.538001
-0.00218824
-0.523709
3.43041
-0.171325
-0.912208
0.505753
-0.357089
-0.458996
-0.935553
1.93243
-1.56521
2.52851
0.482202
7.48207
-0.147099
0.407883
0.345905
6.00534
0.78123
-0.712827
0.215786
1.76739
-1.73773
0.350269
-1.38891
2.88301
1.25316
3.47656
3.49939
-0.408117
0.144987
-9.06804
0.497339
-2.51949
0.0252426
-1.23832
1.29916
1.53317
0.730441
2.78502
0.214866
6.10335
-0.104186
-1.65128
1.23784
0.00255249
1.09484
1.02274
0.051194
0.508355
3.98257
-0.484042
0.570435
1.4601
-0.580602
1.34554
0.248459
0.907545
1.56242
3.40844
0.0768992
-4.37461
-0.125008
-0.188717
2.61372
-0.315027
2.94406
-0.0320353
-1.07462
-0.340717
4.49508
-1.54401
0.0149515
1.34699
2.32393
0.445569
2.7825
1.75041
-0.805313
1.95994
-1.54085
-0.370303
-0.881081
0.759514
1.7832
-3.14766
-5.38362
-4.07162
-1.2014
0.852312
-0.0941764
1.47163
0.0994644
-1.28307
-0.268604
-1.13528
0.0978681
0.948231
0.29646
0.607902
1.81061
-0.436133
0.19342
-1.16423
-0.621528
-0.179705
6.33654
-2.27282
-4.78191
4.53298
0.802077
-1.50405
-1.35765
1.61822
2.7303
1.4751
-0.0116082
4.93885
0.126934
-0.865987
0.245201
6.05834
1.56968
-0.582857
-0.366567
-1.04055
-0.974994
-0.68635
-1.58217
0.959893
0.150744
0.833796
-0.541122
0.285886
-1.19356
5.20666
-0.482231
-1.82665
0.564219
-0.140414
-3.461
-1.31374
-0.836566
-0.0813146
-0.0162829
0.44632
-0.0126922
0.0604806
-8.08815
1.07164
-0.732753
0.408686
-5.14218
1.8836
-5.85214
0.350118
0.201769
0.192696
-1.41364
1.34124
-1.24911
0.302144
4.86405
-0.790971
1.22002
-8.17004
-2.99203
-1.40295
2.71031
1.25863
0.35652
-7.12139
0.0532922
-0.181983
-1.47979
-4.72065
-2.21527
0.782282
-2.5488
-1.98613
0.568694
-0.73877
-0.466338
1.45993
1.69079
-1.2408
2.63745
0.0388986
5.28158
1.02815
2.63769
0.515818
0.793738
-2.91944
-0.0167836
-0.256997
2.72147
0.461625
-0.358707
1.61824
-2.10858
-0.135541
-3.59157
0.0543087
3.6022
-0.0553719
3.15982
2.95552
-7.28163
-0.271441
4.58086
0.683508
0.515964
-0.187868
2.42808
0.583145
-0.019214
-0.221811
-0.325811
-0.658347
1.19025
-2.59133
-2.14925
-0.21571
0.326144
-4.94387
-0.294828
0.35385
0.105253
0.768749
-0.282026
0.304139
-0.780116
-0.572683
0.000870614
0.0397086
-0.907694
-0.244963
0.385356
-0.699583
0.262383
2.354
7.83383
0.876976
-0.483037
-0.415499
-0.216383
1.13741
-0.598853
-2.42616
0.49975
2.20383
0.470556
-7.06582
5.47622
0.172931
-0.769318
-1.95215
0.121751
0.942448
2.72945
-0.566432
0.517096
-0.460433
1.18875
-6.95244
-0.0235015
-0.566091
-2.47558
-0.399571
0.43212
-3.34508
0.110513
1.01344
0.331628
2.8719
2.46516
0.15566
-0.525662
5.47892
4.01345
0.239907
1.89026
0.896942
4.54476
1.22435
1.47519
-0.366431
-0.311089
1.64264
-1.05525
-0.910821
3.89393
0.167547
-0.0785617
1.98676
0.212553
-1.08223
-1.57624
-0.488082
-0.0260716
-0.130687
-1.72275
-8.21385
0.414287
-2.27898
-0.00471158
-0.0276385
-1.69942
-0.783292
-1.20155
0.377155
-8.41843
-0.201803
6.70151
-0.0211418
2.41593
-1.18289
0.403825
-3.0567
4.50887
-1.72705
0.687492
0.631721
0.754011
0.690466
-0.0372806
-0.0998094
-0.573697
0.0190751
2.10954
-0.560946
0.417694
1.53915
4.7984
2.53306
0.578956
1.87921
-4.65131
0.109359
-0.842975
5.176
-1.03047
-0.388779
1.24502
-1.64958
-0.929734
1.04247
1.64544
-0.196005
1.03462
-2.64113
8.61081
2.67818
-3.09199
-1.01515
0.309195
0.533559
0.0539833
0.968154
2.1187
0.420457
-2.61805
-3.15541
-1.60892
-0.520852
-1.17757
-0.356173
0.819947
-0.198892
-0.422689
0.473671
0.396869
1.05514
-1.0444
0.614187
0.12695
-0.565146
0.823972
2.0446
1.00075
-0.121344
-0.19626
0.217831
4.95596
-0.586712
0.189574
0.108316
-1.22355
-6.8953
-0.943263
0.557486
-0.275995
-0.170446
-1.71343
-1.96776
0.355556
-4.68342
1.38241
-0.632193
0.695117
-3.72829
-0.969189
-0.398702
-0.135469
-0.446153
-3.42598
5.12286
-0.443035
-1.07511
-0.242612
-0.900613
-0.39877
-7.17242
0.851047
-1.06313
0.754832
0.849111
-0.179804
3.14356
0.609361
8.54373
-2.13343
-1.34205
0.831515
0.382769
1.56092
-0.386925
0.880701
0.739961
-0.715237
1.19154
0.933196
0.512664
-4.79486
0.369279
-0.534067
-0.488966
-0.3522
-4.15564
0.58283
-1.10049
-0.897788
-1.04077
0.595924
-0.118215
-1.75447
-1.42428
2.80707
-2.39457
-9.55968
0.888914
3.58425
1.02786
-2.75655
-1.27781
-0.759628
0.481895
1.36119
-2.95228
-3.39001
-2.46716
-0.970971
-1.27168
-0.748143
0.102142
0.145825
0.283075
-0.894009
-0.0033295
-0.0140813
0.0943822
9.49841
-0.691336
-0.0128415
0.8541
-0.183762
8.57068
0.961368
0.092685
-0.828128
-1.72431
0.506849
-0.960196
-0.190184
-0.0378899
0.0919221
0.287899
0.296215
-0.149067
-0.212758
-4.75481
0.873869
-0.437827
-2.03805
-0.254289
-0.396452
-3.95726
0.861948
0.317168
1.51517
0.170468
-0.546271
0.0892463
0.464245
0.154397
1.03268
-2.41237
-1.68967
4.87172
-1.18539
-0.611962
2.7031
0.426327
-0.899333
-2.25879
-0.567763
2.25952
3.99695
-2.57279
1.30463
0.391262
-1.26261
0.0908749
-0.167595
-1.92349
1.11741
-1.88636
0.826253
-0.134211
-0.547208
-3.38717
6.11276
-0.18781
-2.82889
-0.369402
0.483299
-1.99849
4.67343
0.194345
-0.323906
-0.440324
-0.680298
9.74952
-0.766538
0.550469
-0.379887
-0.58297
-0.943962
-2.19785
-0.113506
0.440519
-0.58123
0.0220748
0.284515
1.86178
-0.652298
-0.123019
-0.693508
2.47113
-1.74781
-1.06378
-0.362288
0.0751277
3.19806
0.376273
0.585669
0.666227
-1.47031
1.13653
-0.272574
0.412022
1.2567
-1.69732
-0.346526
-0.980305
-0.502037
0.746866
-0.292324
-2.08372
-1.33316
-0.636321
0.175381
0.686946
-1.55603
0.247059
1.56326
8.00602
-0.518722
-1.8557
-7.84234
-0.97009
-0.267337
-0.961849
-0.144732
0.0852256
-0.107215
1.19713
-0.743883
0.690267
-1.55639
0.619158
-0.55457
-2.27422
-4.54147
-0.423749
0.778936
-5.86821
-0.0579105
-2.16409
1.52941
-1.54349
-0.212908
-0.31596
1.66982
1.04091
0.326522
2.04141
-0.561609
-0.378773
0.508663
-1.80526
0.115104
0.315778
0.523177
1.45742
4.55242
0.707802
-1.21396
0.891044
-1.8944
-0.423146
0.233169
0.508269
1.06997
2.5172
-0.59314
0.184048
5.23483
-0.504691
-4.08415
2.35804
-1.54462
0.269464
-1.11793
0.374004
7.84441
0.659095
0.599669
4.54675
0.298457
-0.0279054
1.2756
-1.52563
2.1221
-0.123581
-1.03267
0.377401
-0.199233
0.646338
-8.08519
-0.700325
-0.81269
3.81745
-1.65718
0.549601
1.23516
-0.0988556
2.20702
0.41062
-0.993301
1.30718
-0.924635
0.227808
-0.332598
-0.687327
7.6139
1.43439
0.224056
-0.32898
-2.16219
-0.613464
-0.328349
-0.591251
-0.738824
-3.00128
-0.283896
0.340711
-0.197325
1.14557
0.0134372
0.208523
-1.47671
-0.471896
-5.11203
-0.576934
-5.018
0.823605
-1.16077
-1.11086
9.20473
0.330079
-1.2537
0.37778
-1.39887
2.31987
1.1091
0.780049
0.566932
-0.889161
0.0337862
-1.52727
-0.789193
-1.09071
-5.59714
-4.39301
-1.94838
0.427727
0.341796
0.370811
-0.406184
0.0928933
-0.256845
-1.04611
1.94064
1.52297
-2.26427
-0.533308
-1.99558
-0.645998
-0.326567
0.236748
0.19037
-0.958557
-1.39282
-0.326801
-0.214249
-0.790487
-3.86467
3.25738
9.42797
-0.997911
0.479794
1.52959
-6.18368
-0.990138
-3.67603
-0.623714
-0.306154
0.428145
0.983511
0.680334
1.59044
-4.62564
-9.06374
2.95311
3.07912
0.412571
-0.25609
0.909944
-0.11585
1.49688
4.85867
0.662563
1.57078
4.50564
7.16119
0.231262
1.11763
0.670179
-1.60895
-1.87349
7.44176
1.36613
-0.774001
-0.0755095
8.91416
0.235452
-0.634879
0.311367
1.53932
-1.19175
2.71171
0.173225
0.610629
-1.58626
7.11747
0.35118
0.414208
-1.40686
-0.424738
3.38413
0.14699
-8.44418
-0.955345
0.518536
-0.772319
0.913514
0.768876
2.55104
2.72176
-0.603519
4.24905
0.143265
-0.493842
-0.650758
0.469062
-0.391169
-0.825902
-1.88265
-1.27163
-0.0163598
-1.16818
3.35208
6.11677
-1.12874
-0.594841
0.904898
0.742989
0.666707
-3.69154
-1.13158
2.18731
-0.593634
-2.522
2.13754
0.669826
-0.717295
-8.99895
-2.00845
-1.98635
-0.994088
-1.09596
-0.493214
0.534916
3.68497
0.100895
1.95567
0.191566
1.0145
-0.281522
-2.3743
0.0435861
-7.29501
-0.937026
2.23653
-0.172569
0.0548256
0.491705
0.605855
-0.432317
0.631803
0.0321305
1.75972
-8.11865
0.344105
9.89281
0.426284
2.31319
-3.44308
1.22267
-0.445408
-1.83012
-1.82459
5.28844
-8.16101
-0.0909481
-0.169932
1.16814
-0.770759
2.21493
1.68888
-0.0335742
-4.13048
-1.75771
-0.0745116
-0.035013
-0.421587
-6.61177
0.148622
-2.96851
-0.976729
-0.11785
0.584569
3.03883
-0.737637
0.933773
0.84164
1.29668
-0.276018
-1.95004
2.91567
-1.97237
-0.416482
-1.36871
-3.10619
2.46372
0.342192
0.707867
0.231019
3.21672
0.45295
-0.873395
-5.66522
-0.300182
0.631169
1.12394
0.263151
-0.897677
0.442904
0.568012
0.404278
0.614572
0.00982555
-0.824112
0.729328
0.286346
0.913127
-1.199
1.39934
2.17495
1.37177
0.179685
-2.34412
1.77816
0.195671
-0.684739
-0.0459811
-5.57957
-0.673376
-0.290955
0.162273
-0.561132
-2.25223
-3.13328
1.00787
0.346596
0.656548
-4.42791
-0.27342
-3.25867
2.42077
-0.308321
4.38948
0.272298
-0.435184
-4.53257
-0.725543
-0.804122
6.56897
0.261722
1.77046
3.29499
-0.831076
-3.1946
0.253999
-1.63174
-0.358084
-1.5058
-2.21598
0.858902
4.90271
1.04137
-0.187821
0.577342
-0.307788
-0.200534
0.431225
-0.791614
-0.223275
-3.14005
-8.80042
-1.28264
-0.842703
-2.14575
-2.71929
-1.08435
3.54168
-0.162061
0.162446
0.372784
-7.45937
0.357381
2.40794
-3.16769
3.78808
1.10012
0.0340067
-0.0392435
0.441813
0.732402
-1.93309
5.30809
-0.0103253
5.4834
0.521536
-0.140254
-1.17813
3.0263
-0.424745
0.872989
0.223711
5.37289
1.7336
-0.0138039
0.236175
-0.669107
-0.724622
-0.0606241
0.723241
0.44777
8.79602
-0.586379
-0.425625
-0.264123
0.887463
-0.260581
1.24348
0.208158
-0.657175
-0.53664
1.98122
0.419711
0.348962
-0.730821
-2.78751
0.360838
-0.213599
0.980882
-3.02244
-0.902916
3.39391
5.38762
-0.288378
-0.012359
-0.000412024
2.2676
-0.868807
0.417507
-0.81336
0.430305
0.468639
1.46495
1.7661
-0.857294
-7.32793
9.08063
-7.83483
3.93251
1.40703
-0.288627
-0.143162
-1.24551
-1.09075
6.72606
-0.358614
-0.437231
-1.40973
1.33759
-0.192338
-0.898969
0.287664
0.0839814
0.358144
4.27146
1.51049
5.45954
1.13359
1.77153
-4.22407
-0.938735
0.290389
0.484739
1.79034
-2.51135
-0.525161
-2.26425
-0.874469
-0.496601
-0.434514
4.4585
-8.62495
-0.17435
1.80753
-2.11759
-0.120092
-1.99488
2.43711
0.0770449
-0.375856
1.15965
-2.17131
-3.99229
1.383
-9.5233
-0.272605
-0.72894
-1.27758
-0.634198
-2.72212
-2.67852
-0.43485
-0.115075
-1.5976
-0.673571
-0.672992
-0.138715
0.0637501
1.22608
-0.368366
1.75187
-1.34884
-0.468657
-0.671512
3.725
0.114816
0.119719
-0.358158
-1.74394
0.542727
-1.81367
0.469858
2.22043
1.12695
-0.307618
1.33446
-0.469413
-0.793342
-0.695596
-1.41186
0.226244
2.07024
-1.02951
6.28169
-0.528237
-0.157075
2.42211
0.42179
-0.820471
-1.31942
0.975346
0.156158
-0.424076
5.88963
2.66089
2.47713
-0.0711682
-0.905335
0.126801
1.87463
2.31329
-1.78892
2.30288
0.51896
1.08993
-2.59962
-0.508282
0.488572
-1.13505
-1.59481
1.63446
2.32433
0.958819
-0.396668
-0.25327
-1.51044
0.493591
-0.64639
-4.26165
1.87407
-1.27017
-0.552994
1.10891
0.825669
-5.20665
-3.22889
-4.70192
0.140988
0.897856
0.585941
-1.39315
0.430405
3.66987
0.145798
-0.98247
0.561215
-0.407505
3.57187
0.883693
0.995679
1.66008
2.80129
1.55087
-0.104226
0.247982
5.44775
-0.0980747
3.54787
4.54721
-0.112986
-0.852995
-1.55447
-0.326103
0.775487
-1.07392
0.515092
0.689645
1.42594
-1.02473
2.09646
6.53917
8.81693
-1.91877
0.0761156
2.86124
-0.321587
0.548923
-0.520231
2.22826
-1.50636
-1.07885
-1.89271
-1.47389
0.0764909
1.19343
0.0685693
-4.30932
-4.14254
1.1179
0.651929
3.72349
6.81196
0.675879
1.43175
-0.353083
0.116866
-1.5328
0.447738
-0.787227
-1.38338
3.58853
-0.930558
-4.56511
-0.00257259
-1.22996
-0.365355
0.743219
-1.86029
0.0842662
-1.48542
-1.87664
0.160769
-0.265836
-4.82589
0.546989
6.25219
-0.487641
0.578035
-0.133321
-1.62458
-1.66491
-0.253226
1.41195
3.97762
-0.566647
0.965664
0.839428
0.0619873
5.30417
1.30016
2.14298
0.81829
-3.7066
1.83103
-7.94304
0.182919
0.252526
-0.249151
-0.648033
-2.09185
0.23134
0.18083
6.89078
0.103555
4.63009
0.970898
0.149472
-1.6319
0.752457
-2.55034
4.16383
0.840293
-0.207538
-0.604551
-2.3631
0.216759
0.636465
-1.3772
-0.626365
1.42585
0.472305
0.0419868
-1.75151
0.138404
-6.60309
0.173721
0.659496
1.02361
-0.793231
-0.0803447
0.0481469
-0.514761
-2.10072
-1.73034
0.853357
6.57067
0.148088
1.37617
0.61767
-4.95113
6.66342
0.261849
-0.599819
0.557021
2.79912
1.47709
0.579039
-0.600612
7.91484
0.464085
0.328234
6.57548
1.66273
-0.236294
0.823235
0.805647
0.567372
0.467492
-1.90454
9.28422
1.12131
0.71822
-1.56712
-4.6321
-0.250338
-0.41202
-0.926911
3.49535
-1.36441
-1.13297
1.27069
0.27383
6.96801
0.585302
-0.503104
6.38759
3.18573
1.44366
2.1014
0.966299
-1.47055
-1.18826
7.31101
1.72153
-0.497024
-1.44265
-0.973831
-1.83155
2.79607
-3.74592
0.143486
0.127922
-0.934256
-1.21622
0.813622
1.31059
-1.67555
1.13598
0.423192
2.33841
1.65952
-4.70367
3.47487
-0.0475608
1.11828
-2.64685
-0.740346
4.34243
-0.675003
0.330909
-0.40304
-0.559586
-0.643023
1.54171
0.293661
-0.0688039
4.35793
5.35383
-0.86135
-0.376
1.09545
-1.03947
1.3167
-0.132794
-1.73143
-0.71878
-1.2703
-2.78464
-1.27416
0.881702
-0.126355
3.33539
1.86456
-0.0823499
-0.750805
-8.94658
-0.879459
1.43305
1.01286
-2.55086
-0.558037
0.950154
3.16385
-1.95903
0.0704693
1.145
0.444567
0.329451
0.412935
0.541833
-0.849748
8.83322
-0.0128321
9.14082
-0.694826
-5.04557
0.0168393
1.67933
0.381552
-2.33719
-0.834316
-0.951408
-0.543854
9.09043
1.25844
0.942291
0.183469
0.259119
-0.71917
0.751357
-0.422795
-1.7942
1.24916
0.566979
0.448817
8.09092
0.652621
-0.00259419
1.00366
0.52009
-1.28291
-0.364319
6.05404
0.344744
0.664404
-1.09446
-0.096343
-0.530928
1.3299
0.672814
-2.32937
-0.473563
0.695309
-2.06916
0.166479
0.67238
-0.336989
-0.362332
-0.354084
-4.71094
5.50161
0.483196
-1.51741
-0.894981
0.276783
-0.539035
2.05771
-1.20359
0.791567
1.16263
1.01997
-3.83279
-0.154172
0.298199
-0.625536
-1.19394
-1.43625
-0.159465
-0.0279112
-0.226632
0.41503
-5.59163
-0.689739
0.778497
-6.09548
0.216238
1.13041
0.228762
3.71878
-4.88335
0.603362
0.262818
0.940549
4.15576
0.0946968
-0.379817
-0.167524
1.53786
-1.17292
0.297867
-0.802212
0.696554
-1.86784
0.354908
0.522251
-0.21675
-6.13007
5.06707
0.239975
-0.715323
0.34877
-1.47507
5.09556
-0.913158
0.385651
-1.49759
-0.77894
0.375577
5.4726
-1.35461
2.45718
7.38774
-7.54545
-3.43086
3.51002
-0.619839
-0.259219
0.856597
-1.69595
0.922307
3.36192
-0.671253
0.138917
-0.0824747
9.18775
-0.694432
0.0206435
-0.944527
0.166733
0.189881
-3.07431
2.88039
-3.12617
0.0889103
-0.795664
-0.395225
-1.1724
5.70524
-0.453109
-2.83657
-0.227675
7.42276
0.665332
1.74085
-0.68211
-1.34232
-3.03115
0.980625
-0.977797
0.635664
-1.92623
-1.50249
0.843514
4.98108
-5.69919
-1.2566
-1.72396
0.462999
-3.09108
-0.676292
-0.712943
-2.11111
0.754309
-2.09364
0.441737
0.0798878
2.97555
-0.171954
-0.186698
-0.41541
-0.501381
-0.174973
0.048916
1.36045
-0.094248
1.34277
-1.00417
-8.23361
-3.11888
-3.55456
-4.14003
1.1811
1.0414
1.65524
0.936739
0.556589
-0.582104
-0.292695
1.71353
0.00681257
-0.145025
-3.94757
-3.06728
1.77915
-2.83209
-0.161741
0.147353
0.304076
0.872987
2.20686
-0.0372966
-5.44579
1.04623
0.704737
1.39583
-1.85268
-1.60833
-0.106747
-2.56727
-2.06883
1.02356
3.28613
-1.26497
-1.40593
0.290496
-2.45934
-0.547863
-2.15683
1.55132
1.58568
-0.209746
1.22481
-5.99106
0.665715
-1.26649
-0.616596
-0.161649
0.793724
0.632277
0.88396
-0.257642
0.461475
-3.82062
0.584737
1.42304
1.60191
-1.10871
0.0381955
-0.30199
0.542206
9.56616
0.143984
-0.244146
0.641005
3.2925
0.337162
-5.08481
-0.315234
4.36126
6.25267
-0.784573
0.683446
-3.37143
1.35899
2.34699
-2.02448
-3.10021
-1.40069
1.62699
1.30896
-0.420684
0.183488
2.68394
0.591436
-1.17937
-0.24042
2.79387
3.90795
0.360087
0.987662
-2.2133
-0.362947
-1.77257
2.56984
2.3898
-2.62361
0.0316005
0.0690682
0.570927
-1.33922
4.81694
0.964323
-0.456371
0.741999
-0.575675
3.85248
0.102274
3.72533
1.38129
0.0927788
0.298739
0.729655
-3.21604
-0.312001
-0.0431931
2.50007
-0.710654
-0.616241
-0.221561
-1.1241
-6.29193
0.603881
3.52203
4.49219
1.15808
-1.0174
-1.67637
2.5588
0.831186
-0.0408408
1.00782
-1.52226
-0.990444
2.03835
7.92135
-0.377573
-3.17007
-2.45508
1.74066
-1.03902
-0.34768
0.431611
1.91028
-1.03754
-0.966267
-3.10425
-0.38885
-0.631839
0.873102
-1.47296
-1.20624
-0.824263
0.533115
-0.240345
-1.45611
1.09349
5.69647
0.153529
0.705777
-1.31121
0.710351
-7.5608
0.557547
4.27017
-0.37443
-1.56595
0.579989
-0.3431
-2.02144
-1.03247
-0.687608
1.06797
-0.907512
3.84786
0.122273
4.39232
-1.70848
0.215673
-0.266789
0.302641
-0.714315
5.0336
0.51155
2.43528
-0.265423
1.39432
0.574766
-0.962642
-2.78992
-4.48049
0.898532
-0.822348
0.529085
-0.473985
-0.963103
-4.00533
-0.321273
0.588218
-2.4564
0.431248
-2.06734
1.88474
0.170709
-0.223464
0.502505
0.0320726
0.910721
4.67647
0.290403
0.0923602
-1.56423
0.881236
0.630456
1.11288
0.939643
-1.76499
-0.127397
-0.763035
-0.0151155
-1.35398
-0.932773
2.14853
3.06149
-0.882692
-1.82578
9.5274
-0.174826
2.86537
0.678298
-7.86219
1.77038
-1.95238
0.487512
0.413486
-0.499783
0.466625
-0.986632
-1.79705
-0.814799
-1.56194
-0.340507
0.0393538
0.443262
3.4983
0.20962
-1.38099
-5.69863
4.31115
-0.705117
-0.338275
0.0729335
-0.468012
2.87513
1.37525
0.0987175
1.50124
1.50764
-0.347879
-0.156336
-0.592824
0.0209489
-2.73671
-2.147
-0.237026
0.50786
0.54562
-1.09001
0.527536
-0.752456
0.772275
0.74981
0.891571
-7.28663
-1.58046
0.646226
-1.07999
1.05184
-0.110397
-0.669764
-2.94544
-0.351858
-2.18445
-0.311901
9.75944
-0.781103
-0.0974208
0.584037
0.602779
-2.73608
2.70892
0.217582
1.3019
-1.49765
-4.78842
1.67378
2.0431
-1.79783
-0.443755
-1.2702
2.56701
-0.693091
-1.59544
-0.962279
-0.799411
-0.118638
0.154472
0.154909
-0.230082
-0.331239
-0.845202
-0.640422
0.274821
-2.99953
0.599577
0.33076
0.0142313
-1.12911
0.315813
-1.24079
9.5476
-1.86093
-0.0882436
0.677795
1.40028
1.12056
-0.423063
-1.30285
-7.67649
0.605792
-0.139184
0.0600923
0.353053
2.27626
-3.38852
1.15884
1.80309
5.77455
-0.53704
-1.5406
-0.529755
-1.23701
0.489618
1.41152
-8.53067
-1.67703
1.76136
-0.689441
-2.02086
-0.372223
2.60862
0.0860683
0.542744
0.729943
5.56305
-0.175856
-0.218361
-1.699
-3.19488
-0.863097
2.1148
-1.53012
-1.16743
-0.125883
-8.35083
2.781
0.623894
-1.03331
2.63694
2.2551
-0.549852
-1.15452
2.14947
1.25024
-0.247761
-0.980791
1.6998
-4.96067
-2.90912
0.0113393
-0.0246263
-0.165776
-0.458406
-0.00241906
-0.41059
-0.912135
0.0353051
0.712667
0.940743
4.61234
1.26727
0.543725
-9.9624
1.4245
4.65867
6.24112
0.34364
-0.346708
1.33571
0.68221
-0.393443
-2.34892
9.38385
-1.7026
-0.309084
1.79851
1.29781
3.23149
-0.455863
-1.25499
-5.31715
-0.610106
-6.60786
-0.619946
1.88512
0.313028
-0.108699
-3.08991
1.28753
0.484199
-0.342158
-5.82605
-1.53703
-0.189612
4.09873
-2.17721
-1.0979
-1.81229
-0.704894
1.81077
0.497567
-0.497833
0.669788
-2.1528
0.471668
-1.30607
-1.27644
1.03271
-3.61095
7.49424
0.177577
0.484684
0.347363
-1.6461
-3.80564
1.05052
-0.72904
0.545895
-3.84786
2.49576
-3.31514
1.73195
-0.270682
-0.859919
-0.0693271
0.201778
0.442081
0.245624
0.513141
0.590543
-0.486017
-2.27603
-0.187057
0.657811
1.5776
-0.450201
-0.0744781
0.157015
0.290114
-3.71901
1.07457
3.56843
0.922741
-1.67945
-7.79214
0.540344
1.21489
-0.762464
-0.593931
-4.30126
-0.497589
-0.916485
-0.083438
-0.752909
-0.642955
0.175472
0.290395
-0.916403
0.19372
4.28761
3.49069
0.652882
-0.632015
-1.49452
1.82998
0.273526
-0.309383
1.85917
3.84877
0.0938247
-1.97077
0.405498
1.45343
-0.592034
-4.54003
0.869729
-0.269352
1.04498
2.88077
-0.495657
-0.209913
-1.15445
-0.420939
-0.101344
0.580554
0.936209
0.827075
-0.311909
0.700917
-2.68827
-2.80255
-0.980057
6.06487
-0.241583
1.74524
-0.931629
6.16174
-0.65739
-2.06405
0.145661
1.16519
-0.93441
-4.96338
1.12016
-0.347853
0.042688
-2.2712
-4.01434
-0.601019
-0.101277
0.258602
-1.11247
0.328477
1.33735
0.103796
-0.679067
2.10382
0.311828
2.09
3.06257
0.771462
-2.95562
-1.82121
-1.35766
1.61921
2.50234
2.38354
7.19195
-3.27924
-6.00595
2.97071
3.39017
0.0252055
-5.71824
0.490293
-1.85065
0.00371078
-1.09349
0.233444
0.188433
-1.27555
-1.17284
-3.19974
-1.37512
-0.206734
2.39139
-0.177019
0.116188
4.69257
-0.7007
0.708245
0.266773
1.34732
-1.04319
-0.920512
-4.83511
0.789214
0.363492
-4.49499
-2.88014
1.76064
-0.785606
0.432486
1.29519
1.14419
0.392842
-0.396235
-0.0175439
-1.45025
0.932783
-0.659226
0.587929
0.602999
-4.12454
-2.67698
-1.71781
0.0380973
-3.98368
5.83556
1.1545
-1.33155
0.197871
-2.92991
-4.4093
0.0864127
1.73415
-2.53971
0.313007
1.6221
3.3752
0.807646
1.97262
1.61833
0.250619
-3.66412
0.339373
-1.53154
0.566277
-3.91831
-1.70982
-0.135031
-0.644755
0.290178
1.72107
-0.0785264
0.256881
-0.730796
-6.97729
7.14499
-5.01789
-4.07837
6.58693
0.378765
4.63984
-0.57166
0.503756
1.4564
0.960833
1.17445
-3.34192
-6.67006
-4.21476
1.72665
-0.683463
-1.40315
-1.20823
0.865117
-9.96219
7.12827
1.02839
-2.07397
-0.925608
-0.0303348
0.778947
1.83851
0.340131
-3.01149
-1.73346
0.836764
1.80463
3.13311
-3.5215
1.0019
-0.863613
-3.20123
2.17467
1.44752
-2.13988
0.355221
3.72819
-0.468773
0.646879
-3.6816
1.1832
1.40391
0.0108181
-0.489068
0.537153
1.73301
1.57818
0.857613
-0.378418
1.09079
-1.73921
2.61506
-4.55343
-1.51284
1.12052
0.759572
1.54911
-1.85422
-1.69737
-3.31339
0.383263
2.44645
-0.505305
0.15722
0.960217
1.99512
-0.206281
-5.64856
0.820769
0.0267742
0.172024
-0.22146
-1.50228
1.8491
0.535433
-0.348228
-6.81134
3.53828
0.461261
-0.09686
-1.26755
-0.224478
1.295
0.325322
0.14657
-0.222104
0.850052
0.358885
-2.31724
0.759488
-0.110115
-0.403471
1.71024
-0.532577
5.50319
-8.12648
-4.97681
0.719208
-0.686679
1.82787
1.33502
-0.22287
2.60331
-1.29481
5.29443
-3.41624
-1.43828
0.0384585
0.0125213
1.97696
8.53056
-2.07537
-1.222
2.09017
-7.49662
-0.493922
2.65544
0.372543
2.03708
2.08992
1.47939
-0.0057755
0.213759
1.98184
2.63421
-5.29615
-0.25407
0.331115
-5.16301
0.253486
0.457924
0.889124
-1.50848
1.75402
-0.974175
-1.12523
1.52289
-1.40882
-0.579645
-0.42732
-0.836469
0.994333
0.116628
0.561996
0.87754
4.09495
5.94125
0.454137
0.129059
-5.78238
0.222231
-1.16577
-0.58291
-0.307381
-8.75116
0.331781
-0.461569
0.0866411
1.36143
0.759145
6.06464
5.32831
0.229741
0.0701477
-5.53264
-0.680922
-1.13169
-1.41084
-2.35
3.38269
6.44983
1.86642
-0.818946
-0.852422
0.254296
-1.89425
0.305809
0.47791
3.97062
0.500597
1.83969
-0.0760644
2.77806
-2.8121
2.74578
3.50855
-1.34737
0.132263
2.32003
-6.3371
-0.172494
-5.35005
-4.5672
-1.10923
-0.63175
0.28656
-2.14678
0.51894
2.04102
0.467356
-1.85451
0.536632
0.136752
0.366678
1.16169
-0.846293
-1.09237
-3.82505
3.68595
0.995172
-0.489263
-0.0285963
0.722586
1.56315
0.536213
-2.02266
3.75886
2.36251
0.324801
-1.51476
4.10572
0.0634672
0.417277
-4.02609
-2.69446
0.125761
-0.231459
0.0694628
2.03029
-1.93217
-1.80956
2.27523
0.0765215
1.43916
-0.447614
0.318253
-0.144707
-0.0405475
-0.182776
0.288745
3.86587
-0.62657
0.306944
0.605984
-0.0612717
-0.177689
-0.417569
0.171003
-0.386925
7.16002
2.0707
1.30906
0.724087
-0.938523
2.10899
4.63969
0.249087
0.895883
-1.86611
1.54206
2.98313
0.45594
-0.275118
0.873268
1.59994
0.180756
0.452474
0.0797527
0.824929
-8.00804
-0.290908
-0.28377
-1.08831
0.818833
0.318181
0.045775
-0.2225
-0.851469
2.53725
1.25662
0.502339
0.758472
0.561373
1.33343
0.619337
-0.256352
-0.153086
-0.45413
3.67933
-2.97906
1.15942
-0.0526787
0.349447
-0.0990661
1.59007
-0.119017
1.65468
-8.74683
-2.07398
-0.577869
-0.59625
-1.91086
1.7693
0.0516513
1.21106
-3.22934
-0.00972969
-0.3286
-0.743571
-0.947041
0.595535
5.18196
0.544727
-0.805206
0.404841
-0.322687
-2.83049
-2.01574
0.751751
0.35533
-0.849492
7.59256
0.975224
-0.350823
-0.53603
-0.2565
1.39963
-2.34108
-1.60339
-0.260313
0.688173
-0.433836
0.0422269
0.347878
-2.89645
-3.70377
0.706686
1.43755
4.91755
0.44021
0.0478794
0.228118
5.21204
1.70291
0.179334
-2.06844
-4.2141
-1.10811
8.95095
2.581
0.592961
2.02287
1.58952
0.266406
-1.4638
-0.0653342
-6.01372
0.427308
-0.813306
0.0804197
0.795398
0.569965
1.85543
0.1272
-0.658163
-0.296897
-0.381572
-1.26847
-4.35264
-0.139832
-1.49522
-0.0245705
0.360692
0.693042
1.92024
-0.366102
-1.204
-0.252809
-0.159601
-1.27575
0.0998353
-1.12801
0.0761104
-1.07668
3.72663
0.57839
1.2505
0.329318
-1.26747
1.37279
1.09216
-0.424881
3.79284
1.80234
-2.34946
1.051
-1.75796
2.77972
-0.211172
-4.49466
-0.140318
-0.326827
1.93162
0.677735
1.71014
0.218317
-8.92795
1.49423
0.00670267
-1.33529
-1.07849
-0.169163
0.726159
-1.64074
-0.276325
-0.532098
-2.24057
-0.230616
3.05886
-0.741977
0.868103
2.16004
0.471338
-1.65653
-4.17919
-0.288677
-0.0341862
-0.393026
0.184503
-0.144913
-0.631618
-0.250637
0.594694
0.545663
-7.14451
0.261402
-0.828888
1.33885
-0.219484
5.68874
0.358357
-0.591978
4.77895
-0.245436
9.95151
1.29706
-0.255724
-0.724754
-3.60434
-0.0508816
-0.401052
3.18268
-2.05166
1.17473
-0.270252
-1.38604
-0.207189
-0.53711
-1.03354
0.590985
0.559614
-3.13852
0.663042
-1.20644
0.274834
1.36649
-0.743082
-3.02685
-0.259026
1.23202
-0.352893
-0.460291
1.82371
0.314733
-2.90368
-2.52182
2.15649
1.86352
0.298996
-0.798907
-0.664033
0.997858
-3.29417
0.289174
0.639654
0.557211
-0.244139
-3.0128
-0.665131
-2.05267
-0.153896
-0.115865
-0.718506
0.928075
0.222063
-0.571164
0.903012
-5.82132
-3.7735
-3.74493
-2.05388
0.773291
1.3143
-4.97332
-1.93448
0.235073
0.34822
-3.44038
0.435016
-1.591
0.313303
0.0686916
-0.181646
0.602205
-0.039056
1.89178
2.16314
5.12623
0.641715
6.2896
3.16457
0.810966
-0.360297
-1.41078
0.276433
-7.77903
0.0903726
-1.61703
2.26892
0.429153
1.5793
7.25331
0.150627
-0.728945
-1.3777
-0.799571
-0.119735
-0.0129403
-1.41392
-0.321878
7.60216
-1.06461
-0.35982
5.62287
-1.53626
2.85412
0.0232391
-0.170221
-1.38687
-0.0394674
-0.0018405
1.28228
0.587224
-0.207181
1.3925
3.62515
-1.68687
4.00773
1.66407
-5.16832
-1.90789
5.04008
-0.766291
0.22103
-4.31588
2.55963
-1.00229
-4.5564
4.13227
-2.31402
-0.623323
0.0525987
-1.07457
8.49831
-0.782697
-1.04838
-3.29479
0.248671
1.44045
-1.08105
-5.00799
-0.0129853
1.06058
-0.133215
0.941323
1.07509
-0.199339
0.573681
6.01446
0.422297
0.474491
1.27213
0.246692
1.1722
0.34758
-0.967107
-0.711991
-0.340007
-0.618222
-4.03262
-0.436823
-3.73136
7.46217
-0.86195
0.676841
0.498943
1.38549
-4.09938
-4.88166
-1.45937
-1.8277
-1.22185
5.0771e-05
1.40548
0.265333
2.56285
0.490933
2.48022
1.54892
0.8995
1.29479
-0.313765
-0.419293
-0.29025
-1.64213
0.324207
1.52047
0.37654
0.222236
-0.770748
0.0309836
-1.33339
-0.149189
1.17164
3.62349
-1.91049
0.524867
1.16148
-0.0773379
0.0730509
3.13206
-0.998369
2.79424
-2.29143
2.06692
0.484899
0.020261
1.13968
-4.3133
-1.04582
0.0256943
-4.20577
-0.74266
0.289275
0.655528
-3.26263
0.0707744
5.83202
-0.712452
-2.58841
-1.70133
0.553913
-0.171878
-3.66774
0.23871
-0.74295
3.92893
-0.121667
-1.92947
0.261109
0.0872697
-0.966465
1.65979
-0.0757336
-9.87233
1.02129
0.258706
0.665001
0.838448
0.0972988
1.20305
0.0788799
1.76288
0.647634
-1.23187
0.514789
-0.556857
-0.104958
-0.996921
-0.607744
0.853864
0.367746
-0.0570216
-0.766658
0.62071
8.87356
0.460138
4.2476
-0.742707
-0.584812
-1.12503
-0.154571
4.24573
2.40588
-1.41871
3.00608
0.243493
-2.45417
-0.274316
-1.00357
1.61222
-1.56488
2.28674
-1.68989
-0.138935
-0.572265
0.0895693
-1.68118
-0.281666
-3.18894
3.01568
-1.46092
-0.687664
1.07064
-4.10387
-2.32759
-0.322882
-1.5618
1.83371
-0.300156
-5.99715
0.213879
-1.76145
-0.253545
-0.34843
-0.680087
-8.25594
-3.76767
-1.33929
-0.293486
-1.97091
0.486019
-0.720456
7.03233
-0.503094
-0.238823
-0.422764
0.707935
-0.488626
-0.89751
2.01511
-0.230458
-0.811007
3.67581
0.588544
-0.664546
-1.70288
0.0650502
-1.09623
-0.0617134
1.67964
5.82549
-2.82959
-3.33134
0.0913633
0.502788
1.19137
0.609804
6.10126
1.6296
-0.615243
-0.303154
2.93075
4.49085
0.0602885
-1.83949
-5.37414
-3.66752
-6.07691
-0.444402
-1.3862
-1.62833
-0.939729
-0.260374
-2.08955
0.0807851
-0.0867493
-2.68361
-0.801973
0.272503
2.98957
-2.38435
5.16167
-0.429095
0.531615
-0.319334
-0.890149
-0.870589
2.82332
3.2956
0.451479
-0.0055565
-2.27035
-0.0507436
1.11949
0.399839
0.375982
-0.879452
0.471154
-0.0870832
-1.09466
-2.82807
1.05744
-0.912847
-0.789392
0.645
-0.582011
-0.204392
-0.290002
1.19609
0.802745
1.19193
0.649326
0.476172
0.534242
-2.21058
0.0828283
0.357383
-2.06388
-0.151115
1.06305
3.65534
1.1014
0.709725
-1.32367
-3.31814
-0.357839
-0.542402
0.818145
-3.10764
1.13356
-4.1143
-0.664771
-5.9259
0.381249
-1.25369
-0.559952
-0.0304616
-1.10825
0.583332
0.647803
-1.36287
-0.205243
-1.04729
-1.71776
-0.0866181
-0.182662
3.8659
-0.475082
-0.338772
0.458615
4.66056
0.60799
-2.07005
-6.18491
-1.2148
0.471432
-1.38638
-1.33642
-1.87098
0.891112
-3.71468
4.72319
0.138781
1.14844
3.00425
0.460999
-0.939127
0.984079
-2.44496
-0.417439
-5.54797
-8.59028
0.0379004
-0.211767
2.39687
-3.75679
-0.637351
-0.194251
0.56779
0.941528
0.138986
-0.103896
4.23302
-4.00696
-4.37005
-0.128941
-0.793103
-0.722798
0.926572
0.560737
-0.224347
-0.920069
-0.319615
2.31546
0.0376522
-2.44193
-1.46864
-0.364538
8.28054
-0.0255618
0.946451
-1.74416
-0.558861
0.467939
-2.85306
-9.23952
1.24499
0.309867
-1.60283
-0.492621
1.62754
-1.49388
0.383363
0.707106
0.519443
-6.64562
-0.657634
0.420583
-0.158078
0.349726
1.11244
0.712764
0.0162804
0.491501
0.0716103
0.927593
-7.72574
-0.647825
-0.797317
2.27401
0.407996
-3.79162
-0.424008
0.305416
-1.00289
-0.864433
-0.518365
-1.5777
-1.94489
1.26361
0.58287
-0.766902
1.83429
0.324539
-0.898353
0.96777
2.06483
-0.34708
-2.3508
1.1787
0.440565
-1.19572
-1.48542
-1.72697
0.104812
-0.625666
2.53353
0.248381
-1.43869
1.20222
-0.453503
-1.62617
-0.476259
0.548733
0.128686
0.566993
0.215031
0.783162
0.123474
0.709144
-4.73461
-4.73853
1.86125
-0.698128
0.810189
-1.82316
0.453591
0.0895115
-0.949361
-2.7979
0.114666
-0.460987
6.10087
-0.505053
-1.06239
2.50886
-0.741093
-3.50783
-0.531791
-0.54773
0.569352
0.176912
-0.349137
5.16987
1.6233
1.87782
-0.55416
0.0510319
0.184157
0.257259
-1.52109
-3.09057
0.768164
-2.2433
0.44702
-0.180376
-1.41019
0.428623
2.71845
-1.86563
-0.767777
-0.139358
2.31959
-0.956965
-0.00413778
-1.14497
-2.87577
1.67072
-1.24862
-0.05106
-0.0304925
0.942707
-1.50663
-1.06124
0.969629
1.45285
-0.456937
-0.927422
-0.16743
-0.41178
0.797454
0.719084
2.3034
0.605472
-0.250988
0.486688
0.675074
-1.93852
-4.51322
-1.09564
0.575824
0.600989
-0.686599
0.785354
-1.51769
1.12903
-3.9023
0.238427
0.722199
1.21003
-1.08899
-0.751513
2.17698
0.678374
0.582054
-0.145188
-0.124695
0.840093
-1.19399
1.48552
-0.200729
-0.0337053
0.458034
-1.48234
-4.10579
0.645802
-0.50414
-4.20194
2.32214
-0.182218
4.46445
-0.38445
1.22379
0.908033
-2.88946
-0.285721
-4.82187
1.59766
-1.63359
0.968636
-2.7254
-0.552584
-0.803033
0.631759
0.014699
0.210291
-0.0705315
0.330008
-0.665411
1.19466
-0.949996
-0.292506
0.403847
-0.288023
-0.512228
0.688125
-0.662937
-0.0553355
-2.09731
-0.0528751
0.686831
-8.41201
-0.349191
-5.2289
-6.77631
1.92204
7.18067
0.699875
0.265042
-0.71354
2.2993
-0.201449
-2.43894
-0.921978
7.57564
5.67672
-1.11295
-1.61592
0.601659
-0.323305
-2.19279
2.89685
-0.379399
-1.45928
2.30174
-1.68842
-0.416044
0.907464
-3.67056
0.956388
7.52079
2.2359
-0.317115
-0.246897
-0.283039
1.63815
0.0304349
0.224617
-1.459
1.03127
-2.66703
-3.86373
-1.30181
-6.44756
0.654954
-5.95359
-0.625606
0.535925
-0.736307
-0.138809
-1.86026
3.18115
0.741678
-2.44184
0.896238
-2.74332
-0.550886
2.60293
-1.54557
1.84411
-0.43787
7.12488
0.284787
-1.35146
-0.174006
7.03633
-0.81674
2.31828
0.075143
-0.133139
-0.971475
-0.360333
3.60028
-2.89945
0.195401
-1.42608
2.02364
0.564183
-9.26645
-0.294567
0.336601
3.72492
2.3396
-4.65667
6.75511
0.151773
-0.0394813
1.51961
-5.7024
0.639287
0.980843
0.777254
0.458407
-1.01759
3.81531
-3.71536
-2.01258
1.14344
4.58872
1.80957
2.4314
-0.409676
0.22989
0.689451
1.29538
1.37537
0.373334
5.78874
0.831129
-0.640931
0.389243
-0.648557
0.145073
1.44104
-0.100335
-1.38518
-3.14156
0.64877
0.266548
0.966257
-0.446422
-0.908607
-1.89588
6.71204
0.707121
0.537503
0.782683
-1.3196
-5.24391
-3.89341
0.132623
-2.52943
-0.542828
0.882927
0.452619
-0.312449
-1.15218
-4.63151
1.68441
-0.77993
-0.334415
-2.06761
1.40756
-4.73853
1.22135
-0.0116882
-0.00490091
-0.702707
-2.74966
0.250028
6.58417
2.3066
4.39872
-9.69007
-0.171667
1.10693
-0.548309
-0.760426
0.745812
1.8927
-0.448813
-3.57327
1.20454
0.603474
-2.53393
-0.560237
-1.36615
-0.152276
-0.872046
-0.634659
0.691847
0.887984
-0.740506
0.421125
1.25535
1.74268
-3.2776
-0.433833
-8.64526
0.231916
0.708874
-0.558898
-1.45619
1.07681
2.16694
0.147891
-1.16122
-0.505098
-0.719664
-0.544871
0.330098
-0.776997
2.47432
-1.00105
-1.16803
2.094
1.62354
-0.183888
-1.55088
0.0846572
0.106148
0.0326034
1.57541
-0.226327
-1.40921
-0.669552
-0.295107
2.27998
0.0714595
0.984745
1.93483
2.10052
-0.104772
-3.35108
0.332921
2.07261
0.365983
-0.066147
-2.98552
0.461037
2.91932
0.0114158
0.165734
6.36212
-1.43097
0.097508
-0.184069
-0.312955
1.04418
0.819545
0.167705
-0.199714
2.68988
-1.15147
-0.141488
0.241319
-4.95416
0.282702
2.28348
-0.680489
0.909632
3.51085
-0.334317
2.31235
-0.0714008
0.85985
5.2713
-0.491484
2.52783
-2.46265
7.83183
-0.471806
-1.02151
0.641935
-0.503816
1.25656
7.26053
-1.1634
0.814743
0.628419
0.8638
1.85959
-1.13394
3.10331
-0.562745
7.06693
0.167992
-0.382636
-0.352209
5.32266
-0.647471
1.17739
-0.108752
0.970943
0.0727182
-1.95076
-0.304094
-0.0160902
0.294112
1.3483
-0.08459
-0.0064877
-0.529826
0.284027
1.14973
1.37203
1.15961
1.6104
6.41751
0.480745
-0.714028
0.482826
-1.25565
-1.14787
-0.676084
-1.44996
-0.205678
0.262037
-2.12463
1.87326
-1.50164
-1.06902
-0.0290956
-1.19688
0.788363
-2.17617
-0.503568
1.8564
-0.00201279
1.84024
-0.393261
-1.62049
-0.0715131
0.0386526
0.225395
0.0828737
-0.129431
3.75884
0.46643
-0.998096
4.90912
0.522045
2.21319
-0.607338
-3.38558
0.319026
2.28976
0.633153
-9.89675
0.39438
0.351598
-0.159426
3.9269
-0.0690384
-2.62585
-1.67523
-0.901402
-0.499447
-0.151131
-0.255877
3.25932
1.35539
-0.207588
0.267563
-0.0256366
-0.183865
0.944344
0.291426
0.052171
-1.09081
-1.08557
9.57591
-0.329033
-0.0723176
-1.20337
-2.24316
-0.21794
-1.53504
2.35539
-2.06725
2.19744
-6.65586
1.30405
-2.40647
1.15349
-2.21483
-0.105302
5.42253
-0.632435
-0.983272
-0.269999
-3.45383
0.670408
0.937494
1.16881
-1.19335
-0.731119
-2.63357
-0.00765914
5.61294
0.0819845
-0.682475
-1.55123
0.956118
-0.592381
0.957189
1.6764
0.289671
-1.71863
-2.62628
-0.0726424
-0.546805
1.23716
2.60947
0.061879
0.134453
-0.400667
2.18595
-1.58333
-0.0113622
-0.862882
0.319031
3.23471
2.03756
0.435596
-0.345177
-2.17561
-1.43078
0.985524
-0.422149
-0.867794
0.189868
2.33697
-1.54559
2.06438
-0.203619
0.0531166
0.643262
-2.37931
-6.68253
-0.343162
0.616087
1.4547
0.461701
-1.18449
-8.61094
2.59958
0.105375
-1.28042
0.205642
1.23522
0.012248
-1.11073
0.221205
-0.314707
-0.443409
-0.360134
-0.215938
0.370448
-0.963385
-0.0381445
0.309592
-2.03478
0.361266
-0.876617
-4.12125
2.25502
-0.966401
-0.482732
-0.965368
-0.865055
-3.0838
-0.479532
-0.34246
5.42497
-2.03988
1.41429
0.509955
-0.0824054
-0.827518
0.870316
8.31136
-0.903683
1.40081
0.386147
-0.0611326
5.38032
0.369908
1.27381
-0.686751
-3.99558
-0.323082
-0.72445
-0.431558
-5.9292
0.725227
0.591428
0.0336163
-0.452841
-0.649224
-0.44546
-0.0757627
-0.234368
0.0299613
0.551996
1.03422
1.38538
-1.73573
-0.806444
1.75151
0.219079
6.61625
-2.30193
-1.20527
1.02746
4.9878
0.147842
-0.41917
0.718709
-0.330095
0.313619
3.25817
-1.83256
2.35468
0.967197
-1.83827
0.0201272
0.654382
0.545405
-4.12132
-1.80585
-0.0182277
1.81895
-1.95699
-2.88742
3.13379
-0.481119
2.56169
0.141322
1.43594
0.000566284
1.45753
0.675134
0.165466
2.24271
0.295582
2.80733
1.95202
0.845121
-0.75855
1.75348
-0.766412
0.402078
0.10528
-0.414961
-2.38466
-1.02503
0.98386
-0.917484
0.303939
1.5524
0.0958072
-1.66437
1.60213
-0.629789
0.155764
0.40825
0.254145
0.427389
-1.82033
0.0240856
0.234122
-0.338896
-2.86187
-0.0366502
6.49854
0.747923
6.3914
0.330181
-2.44389
-0.24936
-1.88494
-2.32052
-0.0437834
-0.697987
-1.86747
-0.863166
-0.0158155
0.0440215
0.11938
0.378073
0.496765
2.0772
-1.21485
-0.185728
1.23992
4.04101
1.42574
-0.212937
0.5629
-0.883122
-0.0453871
-0.433807
-5.69953
-0.484199
-3.63973
0.0454411
-0.503374
-0.408354
0.560425
0.705677
0.377566
0.851579
-1.91289
-3.6247
2.6154
0.0355191
9.22474
2.35935
-0.356721
1.42523
1.31211
0.128833
9.56941
0.0366346
3.84931
-0.157217
4.40542
-1.6384
0.963698
-0.473253
-0.729261
1.94882
0.377476
-5.39986
-1.16425
0.476563
1.00367
-0.532132
-3.3764
1.33939
1.56814
-0.67103
-0.408342
-0.510468
-7.88592
0.200211
0.149772
1.24409
-2.12065
0.49338
-1.51105
1.09361
-0.236259
0.0584992
-0.099711
-0.804503
-0.746639
-0.798333
-0.788264
2.99457
-0.738981
-0.275877
-0.122643
-7.55413
-3.99428
0.150726
-2.68232
0.762691
-0.574778
-0.873954
0.297706
-3.15633
1.42743
1.58395
-1.05797
1.49839
3.5625
0.263181
-0.122633
9.06204
1.83939
0.521556
-3.3274
0.328408
0.0570905
-1.033
-0.488984
0.356822
-0.0764333
0.15934
1.47866
3.01968
0.592787
-0.21528
-1.63117
0.727496
-0.829005
-0.196664
-3.59948
-0.0467262
-7.27871
-0.17865
0.816054
-0.836235
-1.13345
-3.05996
-0.462599
-0.830365
-0.0896941
0.190106
1.9045
-1.44575
-0.724443
0.265562
-0.276148
-2.27271
0.549312
1.61817
-2.83415
-0.423513
3.80859
6.31135
1.07199
-0.669412
0.427818
-9.15156
-0.337239
-2.27374
-0.166572
1.99084
-2.91068
0.484223
-0.00930406
0.313484
0.203289
-0.38036
-0.366544
2.13
1.06433
-0.117999
-1.3696
-5.36788
1.38651
-0.613063
0.217749
4.14495
1.17322
1.07182
0.984236
1.15835
0.37838
1.23843
-0.310375
0.0455022
1.84029
0.357817
3.91557
5.45949
8.27965
0.170792
0.162162
0.0555296
0.141114
-0.68743
-0.326023
0.412179
-0.321755
-0.404274
0.540488
0.47522
1.00356
-8.33341
0.736163
0.334476
0.813927
-1.51017
-0.0948219
0.599005
1.5339
-4.76108
-0.775992
7.96174
0.186266
1.44266
1.2634
-1.58848
-0.893222
-1.22732
0.593404
-2.19812
0.751075
-0.746938
-0.661511
0.918428
0.927291
-3.39457
4.00066
0.247918
-1.18539
0.462074
4.31217
1.25543
0.53101
-2.79342
-2.27288
0.0439666
-3.21641
0.013032
2.1969
1.92155
0.700964
-0.194756
1.16885
-3.68099
-7.34992
1.88871
5.42244
-0.0161753
-0.203116
0.349818
0.767632
0.204762
-0.60308
0.524215
-0.581449
-1.47005
0.637908
-3.37503
0.877237
-0.362988
0.993586
4.64279
0.453564
-0.622504
6.01689
0.553474
-0.852943
0.258155
-0.380704
1.5573
-1.09844
-0.329764
-0.647435
1.48316
2.32049
5.30484
8.15425
-0.00321189
4.45667
4.73292
0.227118
-0.836906
-0.122552
2.25066
-0.659672
-0.20472
-3.4141
1.03867
0.323993
0.257375
1.3368
-1.44389
8.87968
-2.37965
2.73244
-0.206246
-0.873137
-0.00066844
0.459432
-1.12828
0.329417
1.13069
0.456108
0.427213
2.4785
1.80556
-0.247666
4.20631
1.827
2.26116
0.0689778
0.0296402
4.08547
-1.5264
1.81085
-2.91912
0.142523
-0.143692
0.562188
6.41416
0.853075
0.0163131
0.917068
0.0805777
-0.911778
-0.154071
0.078917
-0.100591
-0.157651
-0.952752
0.795637
0.0400231
0.530074
0.0268592
-3.7858
-0.0363254
1.86071
0.808092
0.147935
0.504517
-2.85295
2.23096
-0.53219
-0.165412
0.481058
-0.297168
-2.4668
0.823765
-3.41002
-0.018992
-1.09706
-3.78129
0.852932
-3.11346
3.27376
-0.196369
-0.0310124
0.573496
-0.224312
-0.193241
1.27296
1.19959
0.0524311
0.826892
0.301189
-0.0997678
-0.598868
0.308793
-1.28825
-4.89047
-0.659713
-0.343188
-1.38162
-1.2073
5.19962
-3.65193
0.218918
-0.834748
-1.21196
-1.88815
-1.35379
0.205872
-1.23445
5.31778
1.54509
-0.674938
-2.89554
-0.450664
-0.0483142
-0.679442
-0.715598
0.877695
-1.15341
0.211108
-1.37563
-1.12415
1.6476
-2.08194
0.274345
0.495523
-0.472178
0.894896
-0.0699332
0.33368
4.2219
0.212991
-1.11937
-0.748168
0.0223976
-0.715203
0.584849
0.371011
-0.60359
0.947262
-0.711951
-0.445309
3.26773
-1.19598
1.00561
-0.844801
0.852173
-1.82869
0.271773
1.46015
-0.418365
2.16965
0.620391
-1.10489
1.74105
-5.58558
-2.5953
-0.460518
0.795274
-3.65039
-0.699567
-1.51291
2.88111
2.09675
-2.15637
-0.319422
-0.365208
0.568134
1.51704
2.61079
0.464144
0.763203
0.0688627
0.266552
0.167263
3.16191
-1.28186
0.941048
-0.0999342
3.67833
-0.807768
2.49146
-2.76122
-4.65058
1.72227
0.707594
-9.41431
-0.958882
-0.308646
-1.06859
-0.416322
0.903265
-0.554601
0.353786
-0.166624
-0.271682
-0.380201
-2.46434
-1.35106
1.73364
2.42665
2.098
1.0285
0.494449
4.79553
-2.63664
-0.853967
0.479619
2.57931
-1.09048
0.614721
0.0833536
-0.39347
-0.0521637
0.198499
0.153522
-9.03307
-0.157206
-1.35466
-2.27614
-1.54338
-0.420743
-0.0363709
-0.0229638
-0.205119
-2.34472
5.05286
6.13098
0.591916
6.07379
-1.16678
-0.793232
-0.661451
-1.35376
-0.245692
0.772751
-0.106666
-0.952119
0.730842
1.09256
1.40349
0.481024
1.53997
1.53237
6.63873
1.02087
-0.0268847
-0.882285
-4.67077
0.314727
-2.12555
1.45344
-0.348129
-1.99372
1.62653
1.05152
-2.25641
-1.07876
-0.631295
-0.103874
-3.39686
0.356352
4.76956
1.38269
-0.426854
0.0373665
-1.03158
1.24109
0.260298
-3.92738
-0.109666
3.45096
0.0723565
0.150793
-0.107869
1.2087
-0.0941845
0.26705
2.62897
-0.941809
-2.27558
0.833984
2.7749
-2.97668
-2.80963
2.85494
-1.22522
0.117801
0.671444
0.92035
1.05411
-0.648959
-0.108805
1.97294
-0.799006
0.311997
0.528671
-2.02957
0.165794
-2.73432
0.661856
-0.50089
2.61747
1.28794
-0.332054
0.343126
-1.26377
-0.608211
2.45923
0.111785
-2.94235
-0.184442
1.50874
2.21409
-0.943445
0.355359
0.459709
-4.7538
-2.44931
1.02887
-2.02442
1.1445
-1.50115
-0.923758
0.999291
-1.6853
0.578744
-0.174115
-3.01338
-0.180056
-0.292611
1.76486
-1.00582
0.17187
-0.344091
-0.829243
1.25197
1.54109
0.564924
5.78389
-1.41037
0.420589
-2.43302
-0.743252
1.85176
0.684584
-0.127621
-1.7571
1.67608
-0.815435
-0.345697
7.51713
-0.545547
2.75426
-2.93392
-0.326768
3.76327
1.11074
1.33036
1.02163
0.244476
0.843036
-0.0249348
0.136476
-0.509455
1.03188
-0.803518
0.0941891
-0.654426
-0.641628
0.245217
0.843289
-1.01427
4.39589
-0.0130387
0.210008
-0.314457
-1.03294
1.62145
2.72515
-1.79797
1.11483
-0.0624167
-3.14671
-0.840266
0.180669
5.02737
1.16666
-1.09372
-0.790923
-8.1388
-9.34098
-3.93983
-0.51549
-0.302776
0.521191
-0.0456451
-0.646189
-0.0669773
0.0199374
0.99613
6.79059
-0.138379
-2.35924
1.33733
-0.237001
-0.0403278
-0.0611761
1.89806
0.450106
1.89134
2.78854
-0.000327394
-2.74662
0.136568
-0.414207
-0.0142512
0.248834
0.333159
1.68359
-1.20629
-2.41781
-0.291836
1.14382
-0.213995
0.159964
0.132522
1.17813
0.998132
-5.82373
0.00396386
1.49695
-8.62544
-1.79543
0.660102
-0.436173
0.383938
-0.565499
1.61404
0.325674
0.10509
3.97308
4.85835
0.846503
-1.44586
-0.830886
0.0276596
-4.7505
-0.629395
-0.269104
0.540954
-0.336225
1.90337
-5.87716
-0.372499
1.54189
-0.567617
-0.0756592
-0.477905
-0.549049
-3.75051
0.0515572
3.08896
-0.451349
-0.0979666
-0.578625
-0.206735
-0.281748
1.04464
-4.18806
-3.0269
-0.687927
-3.17032
-0.161044
-0.550419
0.308599
-4.46766
1.87358
-1.11708
-0.299673
2.54553
1.138
1.60431
0.429659
-0.45494
-0.197705
0.983
-0.720948
-0.6167
0.145676
2.97621
2.7421
0.746334
-0.305315
1.15302
1.44251
0.878989
1.44573
0.395458
-0.32996
0.0184371
1.19281
-0.586535
7.37161
3.90903
0.896672
0.347225
-1.20045
0.14402
-0.63384
0.00235954
4.99351
0.109244
0.458563
0.526959
-0.325406
0.506028
-0.120257
-0.806385
2.47516
0.336065
0.538121
-0.0755081
0.552072
-0.559889
1.28139
-0.963249
3.20913
-2.2509
-1.85378
1.85822
-0.220034
0.265337
8.61507
-1.7027
1.23347
-0.909637
-0.232064
0.376843
1.72563
3.07492
1.40994
0.51107
0.361732
-2.14456
1.6585
-3.23654
-1.48638
1.45417
-6.03315
0.334012
1.05814
-2.44656
-0.0930895
-3.01771
1.33589
-0.247152
5.00754
1.68747
-0.177938
0.0871814
-0.795678
0.0458346
-1.1165
0.43699
-5.39589
1.06946
0.579268
-0.710738
2.30393
2.91117
-0.738337
3.49204
-0.553304
4.44222
-6.79326
0.282364
3.29108
0.19776
-1.5932
-0.1654
-0.571018
0.237682
-2.25571
0.0112617
-0.187504
1.02496
-1.26742
0.0506446
0.695095
0.481099
0.438657
0.298244
-7.46837
0.752951
-0.535665
-0.174457
0.282581
-0.893403
-3.02617
-0.0301618
1.28703
-0.908071
8.30041
-0.805212
9.95631
0.386418
0.217836
-2.45876
-1.57039
-1.9771
0.689193
-0.559417
-3.89584
0.61656
-0.168849
-1.60468
2.42343
1.98402
0.482678
0.379291
0.277246
-0.759653
-0.229402
-0.297102
-2.28998
-4.93445
0.427692
-0.130171
9.50796
1.85703
0.845463
0.376353
0.0109801
0.444402
-0.93481
-3.29401
2.40815
-0.0422579
1.63897
-0.314807
1.15666
-0.162112
0.17754
0.879231
-1.42339
-3.75377
-0.128488
-5.09064
-2.58127
0.296144
-0.0481306
-0.0207357
2.03092
4.03042
-1.0815
7.24048
-0.682404
-0.0992782
-0.150603
1.02853
-2.17149
7.03904
-0.483895
0.684433
1.51656
-0.449977
-0.177459
-2.40904
-3.58366
0.959035
-2.21403
-1.3385
8.30456
-9.61879
-1.3868
0.0502256
1.68408
-0.520293
8.05033
4.10932
1.97559
0.70183
0.294892
6.24285
0.221661
0.887043
-0.66758
0.239509
-0.987249
4.57582
-0.333617
-1.77926
-1.67658
6.61733
5.18484
-5.31775
2.23012
-0.55857
-0.19877
-0.114771
0.809873
0.622003
-1.33818
0.216796
0.637149
-1.17733
0.627463
-1.31814
-0.34276
7.56135
3.92927
0.215047
-1.66641
1.76771
0.160294
1.78421
0.0386785
0.714711
0.86902
0.542436
-4.21268
0.778043
0.88295
-0.980185
-1.64449
-0.438264
0.948529
-5.87081
-1.76565
1.61311
0.813954
-0.32634
5.56672
0.223438
-0.3496
-0.80184
0.436298
-0.346495
-0.234152
-0.34174
-0.960965
1.73841
-0.262115
-2.87728
0.0869218
1.11423
2.22552
-2.69944
1.38407
0.580147
0.149223
-1.66472
-0.587462
1.13764
-0.42697
0.911416
1.70925
-0.287813
2.27811
-0.285187
-1.51486
0.150732
-0.828204
-1.75432
-0.936166
1.69283
0.774403
0.760468
3.8429
-2.35608
-5.47701
-1.66612
-0.0332825
-0.321639
0.43314
2.77011
-0.750547
0.385407
1.76362
-0.387651
-0.170088
-0.929187
-0.94084
-0.622817
0.46508
2.57146
-1.69701
-2.92096
1.19226
1.34419
-1.20742
-9.47865
0.00351718
-0.621653
0.247578
-0.889008
0.547401
-2.35659
-1.892
-0.0349985
-1.50566
-5.11561
-6.5907
-0.693177
1.78175
-0.34711
-0.352079
-2.31867
1.42039
1.63971
-3.68758
2.4412
-0.539239
-0.493823
7.6301
-0.461908
1.32249
0.23287
2.17557
0.246799
7.84719
-4.72482
2.12395
0.0253479
0.355277
2.8755
1.69016
1.15868
0.407022
-8.57825
-0.790589
0.508096
0.455916
1.24847
0.354703
0.607002
-2.29697
1.06187
-0.950691
-4.07939
-8.98936
-1.82979
0.926397
1.22162
-0.147391
-0.333204
-1.07348
-1.19092
0.538223
-0.586726
0.198532
-0.795202
-0.173686
-1.20247
0.0793784
-0.178953
1.23711
-0.00165824
0.569233
-0.781119
-1.11927
-0.49202
1.1651
3.6163
0.869
-0.707325
0.352784
-0.831675
0.595185
-0.199113
-0.850527
1.85812
0.768129
-0.167837
1.93545
0.650981
-1.61657
0.708356
0.884447
-2.742
-0.782954
-0.326203
-0.288037
-0.258094
0.137419
3.55562
-1.10195
1.46075
0.599316
-0.846947
-0.296846
-0.308614
0.137723
-0.201213
-0.32956
-0.587599
1.44021
-1.62594
1.23899
0.259215
0.215292
0.311993
0.821136
0.0225518
-1.96985
-0.489667
0.0672359
-2.04951
2.31864
-1.64905
1.66395
1.1059
-1.13125
0.40045
-2.54313
-0.752617
5.42631
-0.0749649
-3.61249
1.46033
0.227315
-1.92733
-2.99956
-0.0974269
-4.1882
-4.77258
-0.0285716
-0.0718174
-3.38438
0.00961078
-1.12698
0.380161
0.975838
1.79785
-1.95793
0.135976
-1.03268
0.556349
-0.164185
1.44388
0.901658
9.0692
1.79635
0.534968
-6.46362
-0.0254748
4.31889
-0.264654
-1.30509
-0.142054
0.105884
-1.54177
3.698
0.665344
-3.13942
6.82698
-0.8415
0.355368
-0.313735
0.568931
1.92936
0.250444
-0.00203292
0.781008
-0.611654
-0.0119954
2.28165
5.2624
-0.0667955
0.733906
0.517617
1.51749
6.33137
0.0227694
-2.86951
-0.851406
-1.95456
-0.696571
-0.0911488
8.55441
-0.241128
0.473599
-0.522038
1.47292
0.860216
1.59523
0.957619
2.35366
0.794586
0.056332
0.220081
6.05456
1.28084
0.305357
-1.70862
-1.63216
0.309582
-7.69765
1.43403
-0.675025
-1.02626
1.16
-0.942569
-0.494596
-0.510673
-0.0249845
-0.124554
-7.41989
-0.492133
-3.73169
0.380368
3.14538
-9.43494
0.668397
-4.23658
-0.5088
0.541856
-0.563873
0.064953
-2.11925
-1.95409
-0.939337
-4.6458
-2.80775
0.356626
1.12316
2.06368
-1.95519
0.0693122
0.26794
0.183832
4.82388
0.363896
0.360156
-6.91116
-3.09716
3.73416
0.0695738
-1.10769
-0.962219
0.978431
-0.119611
-0.258594
-1.64975
0.470569
0.299861
5.10422
1.39553
-9.99205
-0.462893
2.17913
-0.121446
-0.349737
-0.940941
-1.16852
0.426511
0.339096
-0.0533439
-0.644924
0.0539715
0.503687
-1.77496
-3.9616
2.37873
-0.343547
-0.751407
-0.524811
0.543616
-0.387011
0.978062
1.6265
-1.31845
-0.551784
0.36532
0.396017
0.738993
0.848485
-1.1116
-0.243313
0.125878
-0.299038
-0.296678
0.652601
1.26376
0.933722
-2.63942
-0.486818
-1.35688
0.892635
0.644072
0.914377
-1.3704
-1.26339
-2.73961
-1.23961
0.0877613
0.895435
1.20478
-0.257208
0.439462
0.483767
-0.0927447
-0.420702
0.0907567
-0.610087
-1.36821
-3.61717
0.943971
1.0977
0.266438
-1.24246
0.456998
-1.00594
2.44478
-0.131841
0.293656
0.617253
-1.89449
-7.97314
0.354094
-8.95687
0.880429
-4.78175
2.12948
6.2551
0.352923
-0.228325
8.11434
0.800349
0.931263
-0.43399
-2.23059
-0.406163
0.444868
1.08892
-0.205765
0.322154
-0.671442
-0.456687
0.043028
1.52844
-2.35501
0.903348
-0.240143
1.03439
1.01386
0.343053
0.582553
-0.564553
-3.18987
0.131437
-6.58833
-0.417284
-3.89523
0.745642
1.03889
-0.0637312
-0.393462
1.51593
0.504457
-0.353959
1.9884
1.04878
0.0577228
2.5011
1.28743
1.08425
-0.6244
-0.557036
-3.83459
-0.709757
0.131208
-6.313
3.0634
0.101061
-1.75723
3.04701
1.53779
-1.3394
-0.572038
-5.85977
4.22093
-0.375928
1.53169
1.66756
0.184984
2.6199
0.780363
0.968839
0.830379
1.2105
0.161258
0.5572
-0.600539
5.31295
0.631329
-4.47549
-0.204898
0.943621
-0.335984
-3.17837
0.150705
1.52439
0.85034
1.92258
-2.63891
0.167449
-2.38489
-6.96275
-1.20972
-4.17232
0.219952
1.62105
1.97182
-2.12801
-0.0974921
-0.0317779
1.73644
9.46797
-0.452075
-0.764383
1.82453
0.695962
-3.45811
-3.34
1.08311
-0.708956
-4.00732
2.97648
-1.58598
-0.645099
-1.32771
0.641282
-0.605772
-2.03535
-1.3177
1.85823
-0.509755
-0.206742
0.669408
-0.333068
-3.56854
-0.595204
0.0989567
-0.841822
0.88841
-0.617744
-1.15275
0.758841
-1.14385
-4.03865
-0.184604
-0.903613
-0.724531
-0.833744
0.252086
-1.13014
1.28031
-2.98341
1.85399
-0.20422
0.116144
7.76452
2.38763
0.825821
-0.395604
0.254817
-0.00970542
0.0524848
0.736055
-1.10204
-0.8339
-0.767334
-0.146631
-0.799362
-0.786113
0.208629
1.51335
0.789642
0.539135
-0.0855079
-8.30479
0.346873
-2.1314
-0.00187842
-2.04696
-4.90087
-2.33791
-1.96098
4.26162
1.54828
0.0658229
2.40959
-0.216772
-3.5088
-1.28162
0.310771
3.30526
0.391094
2.40463
0.230997
0.420803
-1.29906
-0.951336
-3.33165
-0.603103
1.32007
1.28414
1.87662
-0.430105
0.0172436
-0.111838
4.7132
-0.451889
2.45907
-0.875558
0.411077
1.96944
-1.72889
-0.26645
0.475044
-0.258244
4.18198
0.645923
-0.344242
0.466678
-8.97404
8.07919
6.49055
0.955232
-1.53498
-0.435833
1.37622
0.408292
2.8268
1.86814
-1.00354
1.38222
0.795639
1.11399
-0.0996025
-0.433462
-4.77892
-0.0138778
2.43387
4.79154
1.46136
-4.43415
-9.9962
1.1837
-0.385254
-1.4469
1.79514
0.201038
1.78872
0.520681
-1.9953
0.167657
-0.365327
-0.835666
1.04611
-0.508358
-0.573549
0.900641
-0.79204
5.502
-0.528136
-0.71169
-4.60997
-0.171849
-0.919389
-0.884536
-0.187306
-3.95603
0.795689
5.5444
1.08984
0.241269
-2.80872
9.50868
-1.97432
-3.649
-0.559023
9.82462
0.802304
0.666534
-0.26595
1.47633
-6.13821
1.07267
-0.0625604
0.823821
-1.92563
0.856645
2.01666
-1.44541
6.02232
1.43111
-3.23003
-0.271957
-1.59973
2.10555
5.46584
5.8069
3.44926
4.62369
-0.148446
0.638838
-2.22162
-0.400471
-3.18131
3.40066
-0.567213
0.208571
-0.668811
-1.20503
-1.14928
-1.10304
-0.265555
0.822461
-1.06183
3.98946
0.263498
1.33938
-1.85515
-1.03452
0.0948368
0.373838
0.252594
-0.79863
1.81659
-0.346726
-0.0913652
-0.0860244
-0.902546
-1.19564
-1.52031
0.492802
4.24731
-0.513084
-0.991196
0.634417
0.175255
1.11677
2.15877
0.184498
1.15737
-1.33636
0.125258
-0.373333
0.751864
0.42699
-0.480184
-0.387265
0.234141
-0.895018
8.79094
-0.131345
0.632148
0.325643
-3.03174
-0.799536
-0.895006
0.525547
-5.9753
5.44382
6.78595
0.161798
-0.801862
-0.507232
1.33765
-0.931941
-0.586246
-0.326519
3.6536
-7.86148
-8.92511
-2.29472
-0.253528
-0.633329
-0.40053
-0.235854
-1.33568
1.29224
-0.712257
0.461693
-1.20868
-1.70027
5.48165
1.49017
-0.132603
0.193508
-0.488002
-0.524437
0.121511
-0.49556
1.00419
1.25693
-0.835589
-2.05542
-0.959707
0.430729
-0.149985
1.14795
4.92612
-2.51292
-0.158196
1.30386
0.455262
0.332376
3.86894
3.90582
4.03598
-0.272918
-1.43587
2.46694
0.805452
-1.68316
-5.51283
-0.576839
-0.213657
-0.583721
-1.72523
-0.898122
3.09879
0.867755
-3.77337
0.730077
-0.402019
-0.0961385
0.754944
-0.0668733
-0.750873
-0.342651
0.42201
1.31425
1.70004
-2.14491
2.36734
-3.65394
-0.393215
-0.11529
1.00301
-8.96274
4.59485
-1.88183
2.3082
-1.0995
0.953938
0.179151
-0.994459
-0.71343
2.39859
-4.4505
-0.63553
0.0974177
-3.38158
-0.443236
-1.46883
5.49507
-4.27566
-2.62774
-0.0195557
-0.840365
-0.248014
-1.08283
2.37727
2.31663
2.05224
0.159683
6.87164
-0.497471
0.837435
-1.45513
0.318908
-2.63861
-1.29041
1.41003
-1.03605
-0.421172
0.476169
4.7236
0.127345
1.61189
-0.297915
0.959277
-2.74285
0.00700149
-1.39201
-0.0687647
6.68789
-0.51904
-0.35697
-3.09738
-0.034673
-0.242655
0.140107
4.27898
-0.196571
0.0792258
0.00798392
-0.414164
-1.14055
-1.19695
-1.08096
0.563618
0.237455
-3.33766
-0.830192
-0.395997
1.67347
0.370175
0.456504
1.01068
-1.90519
1.54721
0.926472
-0.88077
-1.995
-1.65661
1.15259
4.14457
0.0727173
0.19141
-2.2668
-0.788717
-1.81138
-3.14424
-5.53027
0.565082
-0.509779
-0.168443
-4.14192
2.08375
-0.192145
-2.74241
-0.285666
-0.0814538
-1.1855
-0.303707
-1.12231
0.0796441
-0.101404
1.63634
-0.466665
2.35508
-0.650182
2.30365
-4.38422
-7.07508
2.35664
1.62841
5.43737
1.36578
-6.37185
-1.38235
-1.19991
-2.49555
-2.07009
-4.68331
0.492904
2.46386
4.82892
1.04575
0.22772
1.96545
-1.37257
-0.343516
-3.23381
-2.38889
-1.92457
-0.128221
3.29965
1.25554
-0.358613
0.989955
1.56799
-0.941739
0.546764
0.363507
-8.81971
-6.24031
-0.896975
0.0122722
0.54956
1.3646
0.304148
0.562734
9.05713
0.197502
-8.47203
0.106634
-0.695287
-2.58588
-1.2213
-0.932324
-1.09095
-5.39899
1.52695
7.21512
-0.0931179
0.436465
0.915076
-9.96605
-1.65518
0.185265
-3.08718
-0.137857
1.8329
-2.34008
-1.3794
-4.37905
-0.724255
-0.725873
1.54715
0.928839
0.1679
-0.0173441
1.45965
1.22981
0.709164
-1.39394
-4.31983
0.75305
-1.87236
1.56179
0.585224
-0.666569
0.211317
-3.42496
0.0803061
0.863902
0.120581
1.26224
-0.466919
5.1611
-0.565345
-1.68375
0.155264
-0.774001
0.327382
0.23602
-0.087346
-6.47483
-1.36904
-0.895526
2.23306
-0.0632361
1.80186
-1.40192
0.0838224
-1.36504
-1.29881
-1.61178
0.420053
0.435159
0.454423
0.368779
0.939706
-0.273245
-0.739185
2.87012
2.11118
-0.394598
-1.15586
-0.0841893
-1.46859
3.67982
0.164536
-6.23974
0.259006
-0.0154794
-1.78671
-1.69623
-2.91862
-1.61391
0.805921
0.726844
2.67311
-3.21113
-1.27387
-0.222323
-1.35585
-1.85905
0.0859563
0.171555
-0.249429
-0.692709
0.926913
0.505207
0.253977
4.08145
-0.889903
0.735023
0.596912
0.380018
-0.626925
1.11897
0.106301
-1.56632
0.0796583
-2.72913
-0.426218
0.0160251
0.943016
-0.491422
0.379026
-0.126643
0.0919419
-0.433571
-0.152721
-1.37453
5.52412
0.271521
-0.274424
-0.153617
-3.35774
2.84327
-0.964454
-0.764885
-2.19014
-0.473242
-0.0714389
-0.393689
-0.0534504
-1.11565
-0.694696
1.01975
1.21847
-5.26697
-0.163929
-0.549457
-1.03107
0.812751
-6.41891
0.890251
0.306335
-0.888661
-0.705251
2.81656
2.25711
-0.446829
1.57881
-0.703247
-2.09201
0.356528
-6.69245
-1.56687
-1.77969
-0.989688
-8.61329
8.22115
0.0294931
5.51294
0.685445
0.220715
0.308127
-1.70007
0.143043
0.65993
-1.05579
-0.944899
-0.653848
-0.130999
-0.244243
1.51844
1.57727
-0.707063
-0.60435
5.21558
-0.641513
-1.76167
0.567628
1.28753
-0.10449
1.32809
2.18687
-0.17038
-0.327164
-0.359154
-0.42259
-1.87223
-4.45119
0.744401
1.66091
-0.981064
-0.962706
0.366261
0.604316
0.584949
0.842019
-1.13904
0.508219
0.622582
0.107744
-0.117993
1.03249
0.119752
-3.01265
0.165314
-0.101547
-2.94377
-0.386303
-0.99873
2.29593
0.731567
-0.897061
0.360819
0.80809
-1.18541
-3.00062
-0.030132
3.41334
-0.348739
5.36124
0.868666
-0.209316
-0.250804
0.42469
2.43199
-3.22976
0.757772
0.0450596
2.54263
0.632723
-2.88788
-1.4149
-4.96019
-0.57429
-0.443235
0.979064
7.79736
-0.0472722
-0.432066
-4.56759
0.0331843
1.18423
0.491407
-1.41277
2.26749
-2.43098
-2.0923
-0.455242
2.46365
0.248998
2.35806
-0.588088
-0.182483
-5.43187
-0.983989
0.111528
-0.0807047
-0.294905
-0.820428
-0.409543
1.12493
-7.61335
3.72991
0.0993565
-2.86296
1.37265
1.78732
-2.00074
-0.092366
1.07796
-0.264603
0.704186
-0.450617
-2.67427
1.5549
0.220168
0.538492
-4.97952
0.408044
-6.67923
-1.31766
0.0376352
-4.70724
-2.21027
-0.756001
-1.37558
0.621564
-4.69642
-2.46074
0.908432
7.59816
0.0795676
-1.42527
1.7523
-0.172227
4.14858
-0.454277
0.561202
-0.310224
-1.2824
1.02101
0.0597179
2.24259
3.76921
-0.0877475
-2.51597
0.143251
0.273701
-9.89414
-2.29181
-0.904661
-0.0331565
-2.01219
1.04064
0.256444
-0.619063
0.00606064
0.296297
-0.386671
1.03258
-2.64711
0.289344
1.04316
1.02989
0.513294
-0.600487
-2.31741
1.01382
-1.04722
1.7156
-0.510317
-1.77493
-7.81789
0.451736
-0.218731
-1.61328
1.18407
0.261382
3.41104
-1.20052
2.60859
2.25429
-1.40877
-0.410874
0.0919317
0.791712
0.240909
-0.755032
-1.30843
-0.330688
-0.582989
-0.835203
-7.82029
0.0798096
-1.79568
0.433986
-1.32973
0.398867
1.1709
0.767359
-1.03336
-1.08039
-0.960419
0.717869
-0.0817777
-9.63874
1.01164
8.33453
1.56761
1.68323
-3.20922
8.24
0.959575
-0.928507
-0.205625
-1.00401
1.14108
-4.65697
0.997524
-1.22921
1.39973
-0.535021
-0.794784
-3.9414
-1.02023
0.909556
-2.18621
-2.85618
-0.390616
0.0554528
-1.43841
-0.0356579
0.0308349
1.54093
5.4644
-0.0150171
-2.014
5.53033
0.804885
-3.22069
-0.44898
1.8035
2.60472
2.26937
0.507561
-0.568913
-1.60904
1.77308
-0.726004
2.0038
-0.96383
-2.12394
-0.894997
1.4308
-2.32665
0.38255
0.477632
5.57002
0.0179899
0.378442
-8.27103
-1.29152
0.85713
3.21019
2.54739
-0.995225
4.23225
2.45813
-7.63592
3.88954
-0.360961
0.312073
1.07462
0.760919
2.07205
0.675131
-2.97612
-0.253578
-1.6897
0.378775
8.55262
-0.301267
0.0792523
0.739029
-0.938673
-1.97086
-4.11905
3.06148
0.110413
-0.112977
7.33478
-0.848454
1.59319
0.53448
-0.169633
-0.0294222
-0.230177
0.10125
2.36141
0.144444
6.69415
-0.134818
1.21089
0.693462
-0.275413
0.775082
0.957471
-2.71652
0.530991
-1.03298
0.0594358
0.00736262
-1.49388
-9.11876
6.55596
-0.629741
0.011998
2.33627
0.706391
-0.0302252
0.120688
-0.734657
-0.691867
-0.0103589
-0.576135
0.338867
-0.707674
-3.42431
-0.381632
2.85347
0.575146
3.45336
4.1818
-0.604804
-0.847671
5.35326
0.639594
-0.536261
-0.532979
2.45696
1.58101
0.676728
0.609678
2.9333
-0.561865
0.311537
-1.36893
0.858753
-9.21965
1.07027
0.615035
-0.0560241
0.822778
1.50119
-0.25201
-1.31375
2.81791
-0.90136
-0.715628
-0.523927
0.240364
3.2509
3.06498
-2.06462
1.07711
-1.22632
-1.70877
0.197837
1.62806
0.058873
9.25612
-0.00614742
0.432556
-3.035
0.911362
0.962734
0.488936
-1.75992
-0.440698
-0.0302492
0.323883
-3.70706
0.102155
-0.0843234
-0.344924
-0.656436
-0.269532
2.17955
2.94929
0.03086
-1.74111
-8.95985
0.317427
-1.10587
-2.33697
-0.798428
-0.348288
-1.24612
2.08347
0.965136
0.419977
-0.63937
-1.83238
0.0356781
-0.435824
-0.204813
0.0563589
-0.408334
0.147557
-3.70588
0.95045
0.683745
-1.38672
-0.978326
0.221765
0.821219
2.36873
-0.0883012
-2.90045
-1.13569
-1.7301
1.43859
0.308532
1.36268
4.69128
0.384631
0.419485
-2.20124
0.197452
-1.20093
-3.84268
-4.43866
-2.91877
-3.90526
1.61823
-0.162349
1.83677
1.31096
0.123041
-1.61429
1.99101
-1.02189
1.7451
-0.0857323
-1.43332
-0.089118
0.104198
0.65291
-0.393964
-2.25502
4.28629
-1.90988
-1.68466
0.0466541
0.797935
-1.84566
-0.824317
-0.158911
-3.38449
-0.0612512
5.69682
-3.71842
-2.62271
1.30546
-3.7522
-1.08419
-0.605806
2.50907
-0.486146
1.02792
2.76241
2.74248
-1.98813
-1.69862
-3.53418
-2.33285
0.213515
-0.225491
1.34969
-0.113063
0.475264
-0.0730468
1.5335
-2.54185
-2.63453
-1.59308
-0.0663866
-5.45541
-0.501178
-1.29022
-1.11854
1.12346
-1.83999
-0.922098
-1.95411
1.4128
-2.42824
-0.243808
1.51664
0.906563
-1.78278
0.622184
1.31783
-0.399998
-0.542971
-9.43016
0.0508419
8.2739
-0.551221
0.0558397
0.677133
-0.151064
-2.49721
0.289873
2.32171
1.16278
-0.554856
-0.965388
2.82952
1.65041
-3.1942
-0.898928
-0.146016
-8.05304
-0.0998206
2.47165
-2.2361
-0.79568
0.44887
-1.21518
0.75162
-0.235988
-0.596875
0.0957262
-0.686827
-2.19301
-0.272096
-0.413985
-1.47866
8.51304
0.0580445
0.687106
0.728082
0.483501
0.66243
0.585561
-1.16991
-0.103468
0.944612
0.99063
3.34019
-0.23697
1.41092
-2.16263
0.347559
7.762
-0.231861
6.19454
1.62125
2.37787
-1.77664
3.55119
-0.468099
1.40968
3.13168
0.0331267
1.6365
1.18278
-0.509131
-0.813402
-0.585809
-1.24144
2.52392
-0.514226
-0.496643
8.2856
2.91079
-0.663559
1.12131
0.0229897
0.197202
-7.42466
1.80833
0.728341
-0.184357
1.35973
0.020795
-0.559302
1.20923
1.76505
-0.744877
-1.19455
0.602088
-1.63306
0.552832
-0.417452
-3.42797
0.340634
-5.3547
1.93869
8.10321
1.2001
0.702099
1.31626
0.853324
0.116265
8.12245
0.0781462
0.147838
-0.436086
-0.659403
-8.12224
0.571374
0.40154
3.25558
2.45264
-1.37604
2.43745
0.996062
-0.660345
0.582198
-3.67357
-1.05025
-0.541607
8.39697
-1.42671
2.64207
1.93683
-0.0142166
-4.85437
-0.623803
0.905289
0.678449
0.934305
-1.73042
-1.0678
0.207662
0.846468
1.66358
-3.96904
-1.04604
-0.73721
-1.31254
0.476295
2.72991
-0.153175
0.672528
-0.173596
6.1662
0.693996
-0.442126
-1.81075
0.48207
0.066179
-1.33391
-0.0582529
-2.28678
2.76841
-4.07447
-0.590926
0.705198
-4.80882
1.3703
-0.0139785
-1.1554
-1.34453
0.267373
0.116001
1.99068
6.76527
4.4964
-0.288791
-0.211925
-0.135085
0.449958
0.0665915
-1.94072
-1.20842
1.8899
0.204861
0.0500577
-3.80356
0.511531
-0.626654
-1.41662
-4.88712
-3.88708
2.10425
-0.405204
1.51061
0.54946
0.116072
2.66247
-2.96106
-0.59269
0.683083
9.19167
-0.771812
3.44761
0.700851
-5.73765
-8.22405
-0.593726
0.387292
0.435064
-1.74531
-2.32659
-4.5704
-0.36194
1.09832
-1.13309
-2.98854
0.495793
-1.16497
-2.19441
-0.46104
-0.299261
-0.359643
-0.0293071
0.77149
0.246571
0.221843
0.719739
-0.213406
-2.10515
1.05905
3.91813
-0.814605
1.59961
-1.30145
0.352103
1.33573
-1.19358
2.27277
-0.684685
1.04655
1.49263
-0.319996
-0.44404
-0.65867
-2.43583
-0.79785
0.0212394
0.576857
0.348107
-1.01036
-0.974467
0.173847
2.91868
0.189864
-0.278875
-0.0740042
-0.624944
1.0766
-0.311846
-3.79011
0.768605
0.319073
0.91058
-5.06821
-0.858733
-0.292129
-0.909771
0.781437
-4.24079
-0.439222
3.44729
-0.423101
0.49699
-1.29357
-1.11261
-0.556441
-1.91654
-0.963503
-0.568949
-0.71344
1.48113
1.15503
0.792577
-2.81156
-0.629356
-1.95762
-8.08549
0.031723
1.55021
-1.07478
-0.358576
-9.6526
-0.44298
0.0500047
-2.71874
2.48526
7.72546
-2.80343
1.70929
-3.29497
1.04152
0.471551
-1.93355
-0.138175
-0.0044963
0.763712
-4.06943
1.75158
1.20525
-0.0309464
2.55016
-4.32989
0.518356
0.158427
0.173065
-0.670543
1.27324
0.622591
-0.188087
0.209312
-1.62046
1.00578
-0.43216
-0.0378756
0.236191
0.0113496
0.661953
4.09185
-2.34653
0.365239
0.597871
-2.77282
-0.490863
-0.556868
-0.013058
-1.30238
-9.11467
1.00946
-3.22018
-1.21978
4.38705
-2.78639
1.81122
-0.979885
-0.901876
-0.258546
-1.12546
0.147122
3.04409
0.309089
0.0349532
-1.61574
0.698801
1.92736
-0.0376669
-4.91111
0.324823
-0.787867
0.34073
1.87094
-1.87324
4.44059
-5.90402
5.27627
-1.27056
-2.47049
-0.47351
2.42783
-0.67021
-0.483628
-0.604598
-0.471394
0.905056
-0.239591
-1.57852
0.0224666
-0.319731
-0.0670927
-2.53552
-5.43108
0.788254
0.143945
0.680744
0.562465
1.74723
1.21443
-2.44709
5.87173
-5.78243
6.52108
-0.487144
0.0575775
0.887541
0.249205
-0.519231
0.571888
-0.0683722
0.187309
0.294312
1.66954
-4.45752
-3.46605
1.25921
6.24115
0.946512
6.82673
-0.735844
-0.0259743
-0.759435
4.8555
0.087833
-0.147751
-2.37955
0.687114
-1.28759
-3.81501
-1.86514
-1.7668
0.892067
3.08043
9.65634
0.184393
-4.48963
-0.206178
-1.21693
0.982039
-7.55339
-0.248801
-0.446903
0.357032
-2.42926
-0.00529047
-1.24865
0.104427
-2.50822
-1.06992
0.0530252
-1.25436
2.54268
-3.35282
2.41134
1.35069
-0.0331232
-9.33307
1.21539
-1.30385
-2.34968
0.105377
-0.0391353
-1.12455
0.485672
1.86336
0.417601
-0.107902
0.122753
-0.280641
0.64189
-4.51224
-0.355526
1.22646
-0.0410744
0.0474666
1.87033
1.5253
5.3791
-0.969603
0.146993
-0.851894
-2.44187
1.02703
3.06069
0.800089
0.295008
0.0207501
-1.00362
0.767971
0.763496
-1.12415
3.0316
0.589413
0.82317
0.162734
0.155612
-0.376305
-3.56653
-4.72897
0.356718
0.234268
-8.52606
-0.308925
-1.99175
-0.0351262
2.64246
0.463246
5.45714
0.833576
4.29055
0.723375
-0.0255404
-1.48344
-0.26892
0.0475649
0.174095
-0.929242
4.65019
0.384872
1.44808
-1.11621
0.637031
-1.08276
0.00893655
0.246413
-1.25229
-1.31751
0.509181
7.5478
-1.3546
1.40485
-0.0793877
1.22155
-1.09321
1.58742
-0.144243
-0.896695
-0.0642316
-1.53929
-1.2892
-0.618673
0.30229
-0.0230946
-1.30924
0.166667
6.92184
1.13962
1.91642
-4.38264
0.253564
-0.498754
1.47823
0.518462
-0.147216
3.80772
-8.56504
-0.492936
-0.404926
-1.33088
0.221251
-0.691922
2.06868
4.84068
0.670906
-0.149175
-0.0529037
-0.149996
-0.741501
0.787001
0.20319
0.222234
-1.45918
-1.23767
-0.838011
-2.6614
1.09548
0.153939
-0.525822
0.294916
1.24037
0.548422
1.84104
0.969595
-0.305225
0.212563
-0.817042
-1.1042
-2.6885
-3.62563
0.162226
0.311044
1.09784
-9.53391
1.69832
-0.817603
1.17418
-0.838959
0.846055
0.120719
2.42213
0.407348
-2.95187
-0.131679
-5.25571
-1.13374
0.361708
-0.906037
7.57899
0.450271
-0.983108
6.5532
2.62767
-1.28308
0.65786
-1.56035
1.13053
-0.59362
-0.503152
0.143134
-0.202471
1.12084
1.2662
2.03387
9.25333
-0.893937
-1.54788
1.4399
-0.271853
1.97093
0.0342059
2.2628
0.512437
0.801849
1.4466
0.411185
0.83313
-0.972668
-0.192905
7.98617
1.56265
-0.70995
1.32065
-0.215812
-0.00185988
0.702221
1.2118
-0.24852
0.347409
1.71547
-4.29863
0.707698
0.542357
1.27642
6.50362
0.183713
0.712714
0.342977
9.4917
2.96358
1.28751
-2.89348
1.04807
0.164961
0.0829071
-0.106646
4.429
-0.224811
4.16557
3.13559
-1.11292
-0.00244865
-1.61804
-2.51627
-1.28022
0.507167
0.417908
-1.18856
-0.634605
-0.514852
-0.635881
0.224689
-6.63039
-2.45603
0.41873
0.594689
-0.767461
1.13035
-0.0428775
-0.661339
-1.18712
1.0055
-1.27248
0.114014
3.04362
0.234276
-0.647793
-0.0421364
-3.38025
-2.0347
-0.269225
-0.0640054
0.226705
-1.26442
0.501957
7.67652
1.49848
0.697053
2.99964
-0.0823831
-0.737108
-0.123058
-0.60806
0.869946
4.65948
0.480201
0.0830906
-2.43337
0.50527
0.174538
0.579901
-0.363098
2.33036
0.0941354
4.83628
-0.00350509
0.244904
-0.0610545
0.0854851
3.10206
0.641442
1.53691
-2.95791
-0.589518
-0.754623
-0.107505
1.29054
-0.12818
0.00464198
2.79643
0.687572
1.69651
-0.367179
-0.960828
-1.21269
2.40801
-1.43036
4.01478
0.681351
-1.70815
0.945852
-0.946813
2.3529
-0.74766
-2.86944
-7.54045
-0.360755
0.32027
-0.47181
2.3721
1.52222
0.829163
1.95406
0.0844089
5.65542
0.709419
0.464076
-0.72233
0.95134
-9.07031
-0.217533
2.20285
0.306763
0.275995
1.61654
0.389028
0.448744
4.60851
-0.661573
0.545654
4.53751
-0.912839
-0.950907
-0.481472
3.54244
1.60676
1.01005
1.30096
-0.810959
2.00128
-1.81507
-0.315148
0.0745831
-0.210252
-1.63359
-7.43041
0.786688
-0.822539
-0.77832
-0.816488
-2.34379
1.43563
0.971031
-1.36326
4.65033
-1.19551
-4.44807
0.667987
1.98435
6.3216
2.50843
-0.779505
-1.26364
-0.120999
3.45077
1.57891
-2.63016
0.0033316
0.664769
0.685196
-0.35423
0.426206
-5.81938
1.52107
0.0654973
-0.527237
-2.92289
-1.18739
1.10856
-6.30799
-0.434339
-0.305152
0.581527
-0.657845
0.298642
-4.13479
3.83648
0.719496
1.77464
-0.903993
1.26032
1.27334
-5.34865
1.00907
-5.82574
-0.984261
1.75084
-5.36299
-1.83416
-0.302667
-0.831842
-0.991405
-4.76645
0.744823
-0.571321
-0.502057
-2.7963
0.267997
0.0708998
0.0187897
-3.69659
2.23279
-2.56805
-0.125031
0.0570916
0.0947186
-1.97714
-1.51216
-0.353158
-0.506381
-0.837081
-1.18294
-0.465273
0.064328
0.733337
0.239678
-0.597114
1.75967
1.66476
-0.131322
6.53463
-5.5592
-0.323378
-1.72886
1.00243
1.99042
0.099056
2.16723
-1.37093
-3.92527
7.71275
-6.17702
-0.824432
0.555477
7.1465
-0.653495
-0.249883
0.0399187
0.298634
0.323022
1.01341
-0.246816
-4.5471
-4.76744
-0.330229
-0.636593
-0.406364
-3.52926
6.33501
1.1817
-1.74989
-1.56332
1.99725
-1.59258
-3.57898
-0.771047
-0.0418407
0.790064
0.273325
0.0734831
-0.594201
2.14419
0.600643
0.253069
-1.17351
0.85578
-1.35291
-0.415676
-0.70141
-1.63774
0.536377
0.118513
-3.44843
-0.0375097
0.573831
3.73761
1.14912
-2.47642
0.351038
-0.371387
-1.55994
0.713096
0.648801
0.546023
-0.610112
-0.742804
0.194149
-0.801811
0.802465
1.58547
-0.706459
-0.234996
0.623613
0.717047
-1.29364
-0.48421
2.62257
-0.171204
0.61242
-2.78111
-1.85255
-0.578588
0.587714
-5.71689
-0.00950544
2.60994
1.17616
1.0366
-1.20118
-3.04113
-0.123403
0.685311
-1.12537
0.349777
-1.22523
-0.715783
2.99876
