0.48
0.597997
0.279896
0.471717
0.0189592
-0.172699
0.124663
0.1869
0.575843
-0.293106
-0.0288993
0.224164
0.170577
-0.285883
0.543267
0.74191
-0.556561
0.133684
-0.114786
0.543797
-0.854374
-0.944295
0.0936127
0.157451
0.993546
0.486864
0.954281
0.313594
-0.130647
-0.2118
0.548976
0.428278
-0.243592
0.242182
-0.0852346
-0.80226
0.176774
-0.0533941
0.928195
0.192966
-0.559858
-0.502911
-0.119702
0.212254
-0.649209
0.583353
0.508536
0.28386
-0.0407865
0.0480898
0.63468
-0.373879
-0.250006
1.20448
0.252511
0.0930597
-0.405117
0.502311
1.09208
0.332999
0.0678891
0.213271
0.463164
-0.845879
-0.947784
0.185292
-0.0966987
-0.669097
-0.673089
-1.00604
-0.252764
-0.380307
-0.799395
-0.228237
0.446129
-0.611649
-0.469537
-0.687988
0.501954
0.66641
-0.118064
-0.145053
0.801045
0.0629629
-0.300868
-0.511723
-0.755431
0.0816534
0.454786
-0.357988
0.0719044
0.384876
0.311155
0.945979
0.143758
-0.596699
0.6763
0.170558
0.610011
-0.132094
0.177357
0.939287
-0.259178
-0.486197
-0.454421
-1.35737
-0.357497
-0.156124
0.216078
0.860019
0.661621
-0.101935
-0.911135
0.750581
0.934698
-0.0234443
-1.77264
0.413859
-0.696821
-0.969135
0.262844
-0.607623
-0.111874
0.0240897
-0.505718
0.734621
0.554441
-0.0383062
-0.33791
0.459478
-1.39489
-0.210809
0.0162558
0.769106
1.04958
0.369639
0.641954
-0.840274
-0.490625
-0.925986
-1.27373
1.55993
-1.00099
-0.213419
0.532744
-0.842952
1.63922
1.08484
-0.118864
0.55022
0.428254
1.28606
0.496386
0.269736
0.573488
-0.104789
0.328997
-0.0739941
0.683759
-0.291014
-1.19952
-0.0016791
0.0826567
-0.130258
0.69673
0.998376
1.1005
0.184693
0.883262
-0.800715
-0.841881
-0.599452
0.584618
-0.32731
-1.15211
0.0640945
-0.0173442
-0.619307
-0.0932799
0.826988
-0.314307
0.663339
-0.713941
-0.900389
-0.382666
-0.141595
0.0781476
-0.235573
-0.920709
-0.180806
-0.53888
-1.27969
0.165831
0.715109
0.167048
-0.291903
-0.602457
-0.618512
0.824378
0.0889311
1.91634
-0.281832
-0.497888
-0.637866
0.206715
1.01405
-0.220612
0.466503
-1.43541
-1.2383
-0.360834
0.511571
-0.0387234
-0.181103
-0.781735
1.01024
0.0735632
1.10361
-0.161073
0.639976
0.129971
-0.0471307
0.302368
0.678456
0.640075
0.259057
-1.39991
0.20779
0.0917413
-0.195447
0.308122
0.605434
-1.13369
2.7182
-0.65432
0.272307
0.426467
-0.284006
0.00113428
-0.787024
-0.595623
-0.213963
0.0967697
1.44942
0.462605
1.67547
0.496633
0.820403
-0.310973
-0.40054
-0.685729
0.230548
0.882458
-0.904709
-0.666734
0.0461493
0.233026
0.0340147
-0.3687
-0.296874
0.140998
0.236416
-0.56041
-0.0646736
-1.52644
-0.0593551
-1.55329
0.346829
-0.955874
-0.140144
0.578681
1.71075
-0.287074
0.318154
0.300975
0.0508728
0.608598
1.46652
0.509794
-0.852664
0.857355
0.129583
-0.771524
-1.08055
-0.0709705
0.227781
-0.833184
-0.114092
-0.0597186
0.658796
0.680954
-0.0268508
-0.767457
0.0438807
-0.221013
-0.115493
1.17636
0.166643
0.363641
0.348121
0.216696
-0.597703
-1.01458
0.32413
0.1239
-1.46986
1.05914
0.131561
-0.531713
-0.452022
1.14964
-1.02544
-0.547786
1.93414
0.566329
0.0496695
0.603484
2.16981
-0.665926
0.0131141
-1.81251
0.020085
0.32429
-1.91446
1.30315
-1.27212
-0.919044
-0.135905
-0.748388
-0.229735
-0.353498
0.47206
-0.431616
0.0912032
-1.15259
0.889826
0.598345
-1.01351
1.03833
-0.0286228
-1.10962
0.593657
-0.170696
-0.27468
-0.898088
1.63388
-3.67893
-0.290505
0.0101692
0.130716
2.03458
1.17886
0.709576
-0.830091
0.69266
-0.0414729
-0.664486
-0.439319
0.94175
-0.21955
-0.205347
-0.592267
1.31635
-0.127163
-0.940722
-0.101903
0.359128
0.45067
-1.30638
0.544117
1.6053
1.03885
0.0738711
0.14253
0.854364
1.00485
0.860043
0.615983
-0.218334
-0.452864
-0.00971787
-0.0985354
1.27887
0.907239
-1.38998
-0.279199
0.271944
0.919337
1.45325
-0.849373
-0.44808
-0.626215
-0.553614
0.901059
0.23741
-0.171507
-0.00963873
0.371199
0.719156
-0.551108
-0.0454823
-0.911622
0.433528
1.18386
0.701684
0.261172
0.920353
0.23754
-0.0451419
-0.679426
2.01012
0.723843
1.11235
-0.146248
0.316497
-0.525214
-0.267393
-0.107918
-0.609161
0.854911
-0.0208514
-0.76689
-0.684222
-1.77818
-0.905582
-0.422981
-0.115511
0.0984692
0.379598
0.874658
-1.48204
-0.41802
-1.49192
-0.784043
-0.189846
-1.3798
-0.693449
-0.485443
-0.0190444
-0.547207
0.703938
-0.674081
-0.709468
0.396119
0.323496
-0.0377347
-0.799462
0.47908
-1.27386
-1.27484
-1.64316
0.318805
-0.312564
-0.53066
-0.0673518
-0.706214
-0.409966
0.300718
0.704615
0.961853
0.00986162
-1.23942
0.0844609
1.34085
0.154188
1.15008
-0.767941
-1.13031
1.35062
0.251197
1.8197
-0.872236
0.993228
-0.474854
0.835
-1.0067
-1.04463
-0.016075
1.83447
-0.555017
-0.354443
-0.227961
-0.387862
-8.72408e-05
-0.953118
0.174603
-0.483176
-1.24351
0.855101
-0.0333041
1.31353
0.782102
-0.250265
-0.406449
0.205407
0.578622
0.0380956
0.102441
-0.187003
-0.185007
-1.01185
0.615315
0.157541
-0.250887
-0.478639
0.753436
-0.223963
-0.483303
0.200084
0.311407
-1.31681
0.208265
-0.0316903
-0.261649
-0.595517
0.563994
-0.616523
0.227097
-0.763261
-1.11153
2.4066
-0.43809
-0.49806
0.237965
0.608874
-1.49787
1.03003
-1.38649
1.5456
-1.65195
0.474728
0.414968
0.550469
-0.112886
0.580587
0.409616
0.384157
-0.538969
0.945366
0.199479
0.00655431
-1.01087
1.31605
-0.0449122
-0.114462
0.501698
0.286312
0.540604
-0.32516
-0.433454
0.103583
1.04701
-0.537952
-0.0158779
-0.840166
0.0136184
0.038616
-0.528696
0.501358
-1.30039
0.317949
0.663854
-0.623901
1.11991
-0.230302
-0.438723
0.471617
-0.275929
1.22613
-1.08999
1.44596
-0.0654645
0.383982
0.0427974
0.0818036
-0.242954
-0.334722
-0.27312
0.951565
1.1332
-0.394587
0.0994214
-0.223208
0.671329
0.35175
-0.757409
0.898054
0.218643
1.41505
0.062042
-1.37285
-0.0971502
-0.266744
-0.187182
0.966636
-0.458503
-0.0354094
0.0157259
-1.42726
0.945253
0.237027
0.137865
-0.491686
1.05897
0.380985
0.707939
0.0408304
2.19778
-0.836078
0.217394
1.51688
-0.624129
1.24637
0.0126366
-0.289274
-0.540577
-0.990079
0.949823
-0.968095
0.962469
1.38095
0.609221
0.869771
1.11174
-0.903866
0.32699
-0.129292
0.295311
1.99734
0.463135
0.173789
-0.231019
0.778781
-0.195437
-0.227146
0.548497
-1.21988
-0.688704
0.44074
-0.0781845
-1.04859
-1.02751
0.220453
-0.0979458
-0.508978
-0.269785
-0.222064
0.170504
0.101307
-0.274834
1.37761
1.7717
1.00906
0.199458
0.0447726
1.04497
0.0919094
0.974034
-0.109011
0.58269
-0.347292
1.24546
1.86156
0.221773
0.969514
0.190307
0.839455
0.250894
0.513496
-0.0403804
-0.765658
-0.100031
0.0561527
0.333298
-0.437325
0.0239603
-0.333433
-0.338931
0.234002
-0.81978
-1.99911
1.07002
0.176267
0.337399
-0.150824
-0.167269
0.0428677
-1.25194
1.76371
0.960816
0.563858
-0.0809385
-0.85739
0.0140474
1.76934
0.303377
0.626224
-1.05009
0.697556
0.242659
0.301591
0.158634
-0.121335
0.206506
0.545874
-0.260712
-1.1425
0.145511
-0.386924
0.205917
0.097794
2.20144
0.0413913
-0.161485
-1.45397
0.142655
0.959513
-0.332456
-1.90741
1.49962
0.15176
0.093369
0.444114
-0.608023
-0.591205
0.766795
0.823372
0.108615
-0.383338
-0.052717
0.192902
0.118547
-0.691282
1.31138
-0.246544
0.962201
1.4466
-0.236779
0.197405
-0.720539
0.752993
0.202727
-0.628189
0.400826
-1.53064
-0.83698
0.303547
0.65254
0.00403613
0.61566
0.37863
-0.163126
0.591803
0.196008
-0.406117
-0.640285
-0.475886
-1.28803
1.46167
-0.377083
0.65309
-0.115144
-1.11583
-0.646138
-1.22442
1.38547
-0.379708
-1.03316
0.20681
-1.20931
0.279308
-0.951426
0.146092
-0.0460961
0.812275
0.695204
-1.23938
-0.658239
0.143915
-0.279688
-0.573255
-0.137115
0.407859
-0.147459
1.21933
-0.118185
0.922353
0.883323
-0.339193
-0.0804001
0.166844
-0.23921
0.189549
1.21262
-0.146827
-1.15177
-0.541256
1.30749
-1.12371
0.102975
-1.0764
-0.366172
1.066
-0.223841
-0.322319
-0.18592
-0.199741
0.413666
0.295039
-0.0530564
0.0783021
0.160732
-1.12088
-0.641672
-0.373726
-0.083375
0.379783
0.183986
1.49588
0.171713
0.207399
0.835654
-0.493519
-0.600094
0.184385
-0.590421
-0.344628
0.488456
0.933479
0.435207
-1.04117
0.488029
-0.878565
0.560333
0.920193
-0.382405
-0.395818
-0.979085
0.106272
0.169562
0.942232
-0.731195
1.80047
-0.406414
-1.09811
0.0174679
-0.820207
1.90862
-0.181665
-0.624489
0.499313
1.67749
0.439661
-0.383978
0.299698
0.381547
1.29803
0.281261
-1.53345
0.507084
-0.539039
0.728002
-0.463954
0.915128
0.956422
-0.239927
-0.86037
0.0191671
-0.403925
-0.603893
-0.0474374
0.0535742
0.305597
0.811315
-0.37627
0.680485
-0.727924
0.376754
-0.915775
-0.403546
0.603647
-0.214988
0.273024
-0.131196
0.839717
0.536961
-0.679131
-0.195073
-1.68646
-0.105453
-0.329675
-1.69895
0.295136
-0.368357
0.323417
-0.952552
0.969101
0.0925138
0.0560293
0.538521
-1.22601
0.951802
0.142756
-0.416049
-0.854966
0.210443
-0.681688
0.584643
-0.555348
0.652217
-1.13299
-0.0660954
0.641251
0.273537
0.483049
-0.103952
0.0817453
0.392842
1.32003
1.74945
0.196561
0.12768
-0.732061
0.1825
-1.27806
0.0360886
0.626925
-0.104954
0.200606
-0.248506
-0.195709
-0.345498
0.634756
1.33222
-0.0490151
-0.408109
0.537557
0.775976
1.28794
-0.176972
-1.06302
-1.90858
0.530618
-0.464271
0.10646
1.33319
-0.732712
0.214344
0.31945
-0.667333
-0.269725
-0.258063
1.73635
0.110878
0.294241
-0.420527
-0.539881
-1.07205
0.111732
1.66592
-1.08911
0.18613
0.422253
0.375452
-0.313996
-0.154311
-0.494146
-0.166528
0.589179
0.800056
-1.31949
1.88245
0.631097
-0.641653
-0.531022
1.12016
0.0875377
-1.99512
0.33961
0.15116
0.35189
0.385093
-0.198188
1.32618
-0.406729
0.559004
1.53305
0.531721
0.0560856
0.769014
-0.128632
0.565938
-1.63432
-0.785662
-1.74582
-0.612304
0.318027
0.738446
-1.10738
-0.676976
-1.23519
-0.489812
-1.23985
-1.28817
-0.695118
1.03586
0.835765
0.114041
0.109583
0.581794
-1.11768
0.256707
-0.448211
-0.674163
0.64874
0.708374
0.0865545
0.285464
-0.540494
0.234873
-0.285803
0.0671691
1.37235
0.998679
-0.252613
-0.119523
-0.00465653
0.40944
-1.10778
-0.156362
-0.0553361
-0.733437
-0.254501
2.3737
-0.346634
-0.704586
0.446467
-1.2952
0.173087
-2.55816
-0.975599
-0.340871
-0.108099
0.356238
-0.471652
1.13254
1.57127
0.273488
-0.812141
0.475417
-1.22266
-0.195654
-1.0522
-0.128184
-0.1155
0.660873
0.0629529
1.46623
-1.83044
-0.787936
0.606609
0.174454
-0.136691
0.956837
-0.857442
0.339435
0.1384
1.57111
0.314713
1.14623
0.433954
0.972491
0.231081
0.962846
-0.329385
-0.453765
-0.314216
0.129687
-0.518749
0.308669
0.555553
0.010084
0.813952
-0.081131
-0.0649954
-0.391042
-0.253785
-0.833257
0.0593506
-0.832505
0.257745
1.60397
1.49279
-0.382289
0.137944
-1.14849
-0.524153
0.125411
0.597325
-0.0647003
-0.0434521
-0.72976
-0.410493
-0.428978
0.597022
1.06773
0.479801
-0.31095
1.59873
0.0807005
0.123582
-0.93001
-1.25367
1.16963
0.550842
0.220776
-1.61612
-0.492587
-1.06308
-0.730532
0.512957
1.81424
-0.698763
0.574289
0.768411
-1.90483
-0.23428
-0.473267
0.446058
-0.40454
0.414786
-0.0508807
1.02443
-0.587822
1.09348
-0.851269
-0.0402977
-0.479272
0.709785
-0.461215
-0.801441
-0.502293
-0.78519
-0.296635
0.5651
-0.467135
1.30003
-1.2446
-0.124841
0.179885
-0.442114
-1.63763
-0.520681
1.28924
0.104036
0.281515
-0.114314
-1.17506
-0.414901
1.74593
-0.260834
0.523232
-0.18512
0.783713
0.226764
-0.548447
0.564776
0.277424
-0.898089
-0.0930041
-0.362601
-0.128392
1.69388
0.406097
1.34319
0.242355
0.341072
0.300857
1.14254
0.63469
0.149402
-0.154208
-1.60583
1.11841
0.2142
1.43777
-0.0455181
0.171491
-0.182873
0.104189
1.36269
-0.952682
0.321047
-0.177382
0.00157501
0.704998
0.267779
-0.478902
0.293007
0.109814
0.21667
0.326581
0.733777
0.0112643
0.571688
-0.0275617
0.0117574
-0.563349
-0.0598451
0.246247
-1.00293
-0.0350947
-0.525993
-1.39008
-0.3373
0.728424
-0.923932
0.0574261
0.604336
0.504716
-0.286406
-0.15634
0.846078
-1.30605
0.067646
-0.856882
0.650633
-1.59317
-0.295168
0.0173648
-0.480789
-0.0347793
-1.54565
0.177651
2.50429
0.0208545
-0.543677
0.0577505
0.51084
0.212974
1.99231
-0.455981
0.668952
0.38009
0.934152
-0.529027
0.0452611
0.26993
-1.69724
0.0530803
-1.55611
0.204967
-0.303973
0.167002
-0.428637
0.678901
1.65366
-1.06721
-0.388842
0.410728
1.31216
0.269077
-0.0787021
0.0969835
-1.55858
0.719402
-0.55503
0.800184
0.147847
0.565021
0.308414
-0.658605
-0.802258
1.26414
-0.769566
0.443928
1.15854
0.290276
-0.558287
1.00801
-0.355108
-0.219732
0.303613
1.27294
-0.0455178
1.39004
-0.441741
0.120941
-0.378976
0.219623
-0.721525
-0.541642
-0.411553
-1.43096
0.424686
0.198597
0.939703
1.14739
0.325813
-0.596165
-0.241932
0.175262
-0.349388
0.733871
1.80728
-0.433486
0.17534
0.594743
-0.971168
-0.106865
0.211078
1.4731
-0.0716264
1.49415
0.4635
-0.40308
-0.758885
-0.442574
1.50661
-0.587255
-1.32199
0.702112
-0.248846
-0.585077
-0.643112
-0.586638
-0.412458
0.309195
-0.636391
-1.35812
0.911503
0.243239
0.115812
1.44329
0.171254
-0.835066
-0.762717
0.535522
-0.130001
-0.478466
-0.111222
0.309838
1.2453
0.254061
0.159096
-0.63054
-0.991103
-0.296287
-0.410263
0.44383
1.01967
0.151224
0.656779
-0.73157
-0.130048
0.033427
0.819422
0.730836
0.326832
0.031601
-0.700158
0.821334
-1.09812
-1.20743
1.42477
-1.5679
0.150325
-0.127881
0.396725
-0.762061
-0.340785
-1.47256
-0.0162935
0.145798
-0.436733
-0.147909
-0.125406
-0.531368
0.663566
0.375261
-0.105555
0.317731
-0.0765358
0.254508
1.27513
1.26907
-0.442729
-0.246211
0.904322
0.375037
0.0222494
0.450637
-1.07347
0.11287
-0.144656
0.427403
-0.44744
-0.515184
-0.419142
-0.0323083
0.281225
-0.420563
-1.10525
0.246338
-0.876483
-0.915285
1.50844
-0.633573
0.596588
0.927227
-0.10414
-0.895013
0.242087
-0.344349
-0.134253
-0.525857
-0.930736
0.856999
0.928807
-0.185082
-0.362746
-0.128897
0.0192435
-0.798793
-1.59745
-0.306184
1.12839
-0.999414
-0.697993
-0.447702
0.0692716
-0.236178
-1.73981
0.418662
-1.26037
0.461313
-0.300635
-0.248998
-0.323205
-0.605831
1.10455
1.17003
0.49509
-0.402892
-1.51829
-0.918798
-0.349433
0.010386
-1.408
0.491053
-0.760961
0.311958
0.33079
-0.468607
-0.423533
0.222255
-0.315402
-0.600028
-0.219752
0.128387
-0.492095
-0.887156
0.753975
0.132273
-0.288152
1.01961
-0.00213619
0.521475
1.00587
0.470578
0.578664
-0.0893375
0.185896
1.97079
0.0522653
-0.163826
0.207613
0.442078
-0.293567
1.52732
0.250397
0.531676
-0.270985
0.794532
-0.237747
0.148515
0.730892
-0.258354
0.778778
0.126512
-0.156873
-0.296493
0.134165
-0.777175
-0.878457
-0.745674
0.588091
-2.25947
-0.551614
0.162962
-1.86442
-0.415005
-0.619164
-0.718673
0.663196
0.507588
0.211568
-0.142673
0.407314
0.652807
-0.265455
0.761711
-0.902338
-0.412238
-1.5799
-0.148606
-0.561322
0.578398
-0.566763
0.244168
0.596331
-0.691029
-0.360916
0.613057
0.254073
0.71766
-0.796402
0.0281288
0.705127
-0.427405
-1.47199
-0.558265
-0.165683
-0.118176
-0.113225
1.23103
0.538637
0.415392
-0.00144376
-0.627003
1.06542
-0.954487
1.47205
0.112598
0.0319374
0.314417
-0.0711614
0.933648
-0.891611
0.163883
-0.322416
0.016587
-0.326191
1.24261
0.192082
0.867394
0.414745
-0.38988
0.102035
-0.00434631
1.82653
0.362733
-1.39365
0.104215
0.624523
-0.673354
-0.279364
0.167862
0.48106
-0.0689307
1.1186
0.180414
0.484297
0.094836
1.44367
0.0829306
-0.390308
0.794962
0.240061
0.175563
0.0513211
-0.401435
-0.947783
-1.35752
-0.834029
-0.331326
0.538523
-1.68988
-0.449107
-1.33643
0.0590227
-0.322921
0.0154081
0.10479
0.682091
0.389844
2.83467
0.510821
-1.32418
0.00983919
0.178506
0.778608
-0.00489093
-1.13877
-0.139125
-1.71731
0.448278
1.15056
1.83696
0.249129
-1.18526
0.425739
-0.536474
-0.504464
-0.564428
-1.02096
-0.795114
0.741216
-0.284522
0.541769
0.475719
0.378681
1.11459
0.575733
-0.199122
-1.15017
-0.417647
-0.248303
0.308826
0.633494
-0.260569
1.24287
0.497674
0.556242
-0.408417
-0.642402
-1.05972
-0.321808
2.00198
0.237843
0.223557
-1.31395
-0.0199895
-0.422404
0.574959
-0.353434
-0.828131
-0.146319
0.765029
-0.219639
1.89566
-0.00254217
-0.21081
0.890694
-0.424965
-0.0648552
0.708924
-1.1497
-0.400566
0.341677
-0.133454
-0.143186
1.36827
0.860254
-0.450034
1.47584
0.704078
0.105244
-0.510893
0.474329
0.346563
1.13139
0.971326
-0.222059
0.280713
-0.0272056
0.795945
-1.65696
-0.585319
0.637677
0.402118
-0.575217
0.0554931
-0.218076
0.165156
-0.240846
0.0970244
-0.250481
-0.983759
-0.75115
-0.57268
-1.44533
0.730232
-0.749832
-0.428291
0.0308263
0.699933
-1.15144
1.72164
-1.36057
1.2175
-0.0846239
1.14187
1.26318
0.424853
-1.1809
1.09334
0.0176741
-0.258896
-0.0507902
-1.0247
-0.496936
-0.80962
0.503718
1.13716
-0.835752
-0.241005
0.00695003
0.468429
-0.434567
-0.551209
-0.342151
-1.81981
-0.94266
0.623469
0.00762985
-1.06747
0.721966
0.528471
0.781633
1.65174
0.620897
-1.44062
-0.214806
-0.570282
-0.0122866
-2.06743
-0.363998
0.659087
-0.193231
-2.23562
-0.18073
0.205141
0.349218
-1.72889
0.823053
-0.973843
0.0266282
2.03941
-0.0407594
-0.0502679
0.345271
0.254654
0.28854
0.552473
0.715788
-0.0390717
0.406969
-0.846157
1.021
0.456244
-0.241076
1.00928
-0.598852
0.474387
-1.46052
0.585456
0.877705
-0.691077
2.05302
-0.106171
-0.439346
0.32093
-1.24792
-0.702808
0.200777
-2.81084
0.950194
-1.13522
-0.423064
0.500218
0.708318
-0.0345617
1.72554
0.921024
-0.643492
0.370255
-1.4645
-0.0535911
0.331948
0.242891
0.274295
-0.0648909
0.328232
0.0378031
0.425965
-0.149706
-1.29826
0.371991
-0.621164
0.0834221
0.0223431
0.557624
0.586321
-0.46629
-0.861248
0.420384
1.18524
-0.167844
-0.760358
-0.928182
-0.227516
0.678491
-0.383004
-0.234924
0.867655
0.898348
-0.428627
-0.41579
0.215035
-0.786451
0.833634
0.86849
-0.422646
-1.8257
-0.313218
-0.431438
0.686141
-0.519755
1.62168
0.150717
-0.540465
0.727341
-0.182723
-0.30843
0.360691
-0.0278797
-0.956175
0.33485
-0.0457185
0.210901
0.545442
0.159844
-0.00439084
-1.26214
0.423173
0.2291
0.38293
-0.522779
0.177993
-1.3796
-0.433251
-0.0521077
1.54908
1.72591
1.02229
0.110221
-0.260453
-0.399473
0.0416177
0.0489211
-1.18644
0.430645
-0.344196
0.489654
1.14812
0.0781273
-1.412
0.55868
-1.10147
0.45194
-0.38581
0.25847
1.07304
-0.956946
0.859479
-0.803625
-0.02333
0.616508
0.389354
-0.79806
0.562331
1.3436
-0.549273
0.083323
-0.252038
1.0347
0.409185
1.10187
-0.564109
0.0267991
-0.490043
-0.8986
0.42868
1.18305
-0.310562
0.139966
-0.851563
-0.0894765
0.0781437
-1.23343
-0.0290418
0.540574
-0.598174
-0.283803
1.03448
-0.195034
0.0302069
0.712185
0.286152
0.384632
0.509737
0.905874
0.221511
0.238691
0.0338744
-0.703002
-0.068261
0.144884
0.179577
-0.91309
0.426736
0.978467
-1.30527
0.536623
-0.412947
0.675342
-0.11561
-0.0209867
-0.37013
-0.649111
0.931123
-0.608188
-0.346934
-0.862973
-0.142616
0.0861358
-0.335034
-0.650367
-1.48844
-0.101567
-0.474097
-0.051846
0.692179
-0.357747
-0.510893
0.0449135
1.1558
0.756425
0.871807
-0.545907
-1.08817
-0.153196
-0.00559315
0.400855
-0.782474
0.0740719
-1.06048
0.504001
-0.0778306
0.635976
-0.806516
-0.548567
-1.05754
1.19246
0.337352
-1.67624
0.65133
-0.0422414
0.596818
-0.445809
-0.566394
0.998883
-0.765487
0.862108
0.311713
0.688021
-0.0206359
-0.580097
-0.988986
0.759798
-0.295664
-0.156472
0.0362118
-0.186037
-0.907363
0.391477
-0.0788908
-0.994096
-0.352247
-0.191974
0.946874
-1.1747
-0.442831
-0.617886
1.26796
0.426623
-0.157309
-0.388933
-1.64155
-0.411524
-0.261792
0.96505
-0.345299
-1.10945
1.02108
-1.14523
0.0287085
-2.19685
-0.493653
-0.151549
1.04677
0.568088
-0.812682
-0.297093
1.01965
1.22752
0.043667
0.225894
-1.68893
0.210694
0.242004
-0.0684229
-0.731167
1.41055
-0.644887
-0.393435
-0.535246
-1.09954
1.79466
-1.90066
0.0896462
1.02121
-0.107915
0.259582
0.262706
0.877231
0.106412
0.492534
-0.391642
-0.95861
-0.364789
0.102478
-0.332567
0.911629
-0.10359
-1.33796
-0.229428
-0.532074
-1.16428
0.29057
0.10542
-0.883791
-0.235955
-0.389624
-0.538269
-0.350477
0.525539
1.07997
0.163298
1.01521
-0.00255716
-0.419274
-0.152108
0.498505
-0.447501
-0.105517
-0.658843
0.633196
2.15964
-0.566656
-0.0836751
-0.126106
0.315855
0.520742
0.28826
-0.53342
0.734542
0.597727
1.09565
-0.0220922
0.389287
-1.94083
-1.52647
0.124292
-0.00231589
-0.536445
0.189195
0.694171
-0.508453
0.208746
-0.209249
-1.26334
0.640306
-0.667057
-0.0865594
0.436356
-0.305445
0.0458774
-0.199757
-0.726475
0.596771
2.30884
-1.05921
-0.589536
0.783137
-0.685213
1.39443
-1.25176
0.975852
0.994817
0.790893
1.09641
1.72039
-0.066229
0.0209737
-0.326944
-1.38176
0.300888
-0.537421
-0.626451
0.761668
1.29335
2.02187
0.958523
-0.177564
-0.636911
-0.0257776
0.166114
-0.572686
0.891016
0.148745
1.75332
1.28278
0.523753
-0.936278
-0.549539
0.101535
0.0843027
-0.426051
0.247043
0.642108
0.309843
-0.721231
0.245596
-0.30678
0.123075
-1.54618
0.966072
-0.765493
-0.878623
-1.07148
-0.651627
0.506522
0.25677
0.506618
0.865917
1.19069
0.909824
-0.700739
0.150209
-0.608954
-0.321819
0.120208
0.16599
-0.482501
0.627711
-0.112121
-0.553318
0.663848
-1.06906
-1.86497
-0.253323
0.735577
0.464594
-1.25186
-0.0843277
-0.620295
-0.534082
0.899396
0.965088
-1.72606
-0.162587
0.173195
0.187297
-0.967882
0.0806754
0.629867
-1.2182
-1.19532
0.496786
0.286829
-0.527205
0.435415
0.443244
-0.897177
0.109172
0.0630074
0.152557
1.17794
-0.385688
0.758555
0.158465
-1.5943
0.376891
-0.997024
-0.842491
-1.39597
0.447642
1.02973
0.247353
1.66596
-0.064037
0.0877336
-0.0325062
-0.453285
-0.336868
1.09265
0.934881
-0.135287
1.57048
1.23297
0.00768797
-0.615927
-0.0958177
0.30042
-1.2207
-0.268695
0.455513
0.688022
-0.639682
-0.229787
0.393982
0.103863
0.855996
0.0894259
-0.00188497
-0.985634
-0.918396
-0.452643
-0.633686
0.706365
-0.196745
0.0298956
-1.17828
-0.231476
-0.209053
-1.57445
-0.395699
0.315917
0.761433
0.221851
-1.47777
0.130359
-0.482864
-0.203663
0.631338
0.812582
0.294699
-0.159047
0.456108
-2.0227
0.115441
0.811566
-0.556417
0.652422
0.39113
-1.04078
0.346604
0.0323692
-0.865673
-0.100617
0.207716
-1.92254
0.187011
0.954813
-0.520995
0.900595
-1.32841
1.39065
0.00726517
-0.923708
0.537541
-0.995355
0.327334
0.379043
-0.963194
-1.6428
-0.171166
-0.183099
-0.905793
0.141867
-0.941031
0.172974
0.128238
-0.621491
-0.0756803
-0.84371
0.324868
1.23206
0.683422
-2.23227
-0.107637
0.430249
-0.399062
1.12626
-0.352707
-0.220363
-0.216256
-0.360912
-0.0836101
0.728187
0.339122
-0.436002
0.201168
0.416142
-0.345718
-0.219901
-0.386115
-0.0888584
1.16589
0.33495
0.978565
-0.0151392
0.353175
0.49742
0.39608
-0.490286
-0.293552
-0.231159
0.0319861
0.661443
0.883027
0.0180122
-1.40522
-0.0396344
0.496108
0.627262
-0.248702
-0.570042
0.813713
0.541164
-0.084115
0.732513
0.211281
0.488843
-0.448731
-1.1627
0.742183
-0.262969
-1.13167
-1.03466
-0.849133
0.460072
1.27271
0.128047
0.27789
-0.0119127
-0.26736
-0.415113
0.231711
-0.0746481
0.47867
1.9649
0.217871
0.030831
-0.489858
-0.676738
0.562264
0.140241
0.698512
0.966143
0.800563
0.700499
-1.0958
0.494039
1.61269
-0.22446
-0.31377
0.346991
1.01383
0.783848
1.0759
-0.306997
0.261208
1.54223
-0.267161
-0.666645
0.177599
0.454681
-1.07864
0.39384
-0.247738
0.144673
0.11632
0.486472
-0.41517
-1.01971
1.35592
0.0688795
0.641133
-1.26887
1.318
0.321558
-0.652554
-0.369789
-0.315369
0.0780894
1.67572
-0.424939
-0.337541
0.0344517
-0.932913
-0.182125
-0.32893
1.14545
0.319586
0.0729142
-0.90119
-0.619168
0.552908
-0.164809
0.567717
-0.314653
-0.0526019
-0.206959
0.113394
0.0656631
1.86192
0.204583
-0.280935
-1.46784
0.306754
1.49173
0.382809
-0.968765
-0.413094
0.121647
-0.333303
3.49405
-0.563688
0.735487
-0.458668
0.371022
-0.0684598
1.06202
-0.11406
0.600988
-0.269121
1.83609
0.0295499
-0.586275
-0.204616
1.05411
-1.37956
0.567357
0.266505
-0.411195
-0.242288
0.201404
0.942282
-0.907243
0.686331
0.282177
-0.471715
-0.366714
-0.311121
-0.177916
-1.49279
-1.16147
0.149262
0.26475
0.158538
0.288585
0.21949
-0.70666
-0.743168
0.741698
0.0600915
-0.498625
1.26357
-1.0519
1.08439
-0.0645249
0.121949
-0.688766
-0.0169589
0.568061
0.537705
0.851417
0.396342
-0.603721
-0.0451788
-0.886148
0.155681
0.35844
0.0410014
0.312826
0.0405623
0.553109
-0.222965
0.544513
-0.4249
-0.151523
0.579324
0.284381
-0.687218
0.529584
-0.0476004
-0.101057
0.293502
0.539835
1.64263
0.480812
0.479871
-0.544389
-0.604635
-0.992112
-0.333715
-1.08756
-1.10363
-0.214224
2.02801
-0.371313
0.765698
0.0183789
0.0369857
0.859348
1.0588
0.779867
0.440319
-0.400481
0.518293
-0.0340932
-0.1474
0.21183
0.22851
0.400939
-0.0325779
-0.0465387
0.497212
-0.693909
0.0209466
-0.0480061
-0.547189
-0.897281
1.05648
-0.031589
-0.0666269
1.2883
-0.725274
0.805222
-0.748372
-0.371687
0.721444
-0.707387
-0.223351
-0.471196
0.30278
-0.849174
-0.209683
0.67631
-0.584395
0.27462
-0.407517
-1.15977
0.223547
-0.329248
0.29697
0.976904
-0.00505304
-0.8277
0.591068
-1.49791
-0.0466861
0.201078
0.847899
-1.13525
0.904197
0.478299
0.197832
-0.0808502
-0.00723581
-1.67315
-0.0317304
-0.370214
-1.57169
1.23384
-0.511961
-0.859793
1.55622
0.707949
-0.166761
0.954178
-1.43332
0.128291
0.0380491
0.589308
-0.253515
0.174951
-0.662238
0.707105
0.0514777
0.442641
-0.611458
-0.863108
1.05643
-1.24281
0.0111981
0.593988
-0.181473
0.696684
-0.735126
-0.250843
-0.218194
-1.79277
-0.550159
0.25535
0.368432
-0.190419
0.48966
-0.884782
-0.947592
0.226851
-0.470102
-0.226052
-0.889903
-0.802732
-0.71695
-0.0228973
0.843615
-0.672071
-0.867791
-0.67205
-0.064152
1.36237
-0.24162
0.375057
0.271422
-0.152998
0.708441
-1.53433
0.756622
-0.196308
0.954448
-0.488239
0.158963
0.219952
-0.344657
-0.528064
-1.24917
-1.06522
-0.890535
-0.0342525
0.571152
-0.0836666
0.526575
0.761341
-0.354213
-0.702647
0.481176
0.455743
-0.0974781
0.570613
-1.10768
0.881069
0.120626
-0.506151
-0.873197
-0.649689
-1.49305
-1.11663
0.00340388
1.93865
0.454367
-1.18529
-0.677438
-0.548633
0.499575
0.239909
0.0916575
-0.12075
-0.468631
0.380047
0.627042
-0.516468
0.00931883
0.44414
0.747561
0.819387
0.347145
-1.12797
0.649284
0.282601
-0.621992
-0.409369
0.0550037
0.137217
-1.50881
-0.177223
-1.14782
0.503756
-0.160772
0.53637
-0.213257
0.892506
-0.378141
0.572901
0.63516
-1.23768
0.0965801
1.27459
0.480771
0.00348731
1.14207
0.357394
0.00169487
-1.6749
1.06651
1.31701
0.422273
-1.58028
0.168917
-0.152939
-0.500312
-0.35461
-0.713625
1.75176
-0.462654
-0.368106
-0.256112
0.326139
-0.0722185
0.755711
0.303166
-0.142035
-0.548179
-0.806528
0.743813
0.493435
0.146292
0.440987
-0.95739
1.30891
0.683804
-0.506145
-0.485003
0.113657
-0.862928
0.0459755
0.914959
-0.415694
-1.15412
1.21151
-0.819208
0.60015
-1.06144
-0.885022
1.4837
0.139608
0.860262
-1.34079
0.279984
-0.122741
-0.433381
-0.134629
0.374463
0.326752
0.00386965
0.307818
-0.0327093
0.0755026
0.0203621
0.199179
0.508437
-0.142178
0.853153
-1.43794
0.515022
0.706792
0.397757
0.0438024
1.32383
-1.123
0.191601
-0.64644
-0.25153
2.29737
0.356941
1.0409
1.03062
0.435976
-0.873355
-0.512207
0.178351
-0.186905
0.424212
0.734105
-0.591349
1.29566
0.483609
0.0855343
-1.19305
-0.159188
0.459877
-0.356619
2.39146
-0.55869
0.363471
0.182833
0.0914793
-1.20618
0.336309
-0.132224
-0.714222
0.952892
1.47639
-0.231334
0.2255
0.143702
-0.0328112
-0.264724
-0.550712
0.190657
-0.794013
-0.00164841
-0.276254
1.84833
-0.360632
0.249844
0.311307
0.510105
0.728767
0.855486
-1.3875
-0.138536
0.262926
0.448967
-1.23056
0.144917
-1.58123
0.301056
-1.12937
1.28579
0.636553
-0.416026
2.07439
-0.373494
-0.0286677
0.736802
-1.80496
-0.904777
0.944229
-0.636225
0.456683
-0.30932
-0.697365
0.860898
-0.87208
-1.11375
-0.43781
0.0635915
0.0770099
-0.537032
0.853633
-1.18926
0.919536
-0.213878
0.751249
0.298315
1.01765
0.984604
0.142043
0.89685
-0.59445
-0.554445
-0.239175
0.806263
0.918884
1.56847
0.50773
1.40984
1.11684
-0.0908948
0.125009
-0.604195
0.704029
1.01933
0.63559
-0.0552472
-0.50337
-0.913713
0.0678672
0.285326
-0.859489
1.05603
-0.321378
0.464846
-0.273229
-0.508027
0.0625092
0.385298
-0.53039
0.828915
-1.32091
0.086954
0.343863
-0.0998576
1.12802
0.760656
0.485418
0.337972
-0.269064
0.798417
0.607674
-0.0273803
1.45946
0.288763
-0.244304
-1.02788
1.13068
0.0426472
0.182577
0.547109
0.210579
-0.0722564
-1.28667
0.55629
1.47095
0.912431
0.316633
0.636543
-0.0356767
-1.21484
-0.588708
1.70843
0.125701
0.473723
0.19868
1.0161
0.283278
0.19056
0.463033
-0.0273267
0.400528
-0.466634
-0.0673206
-0.0815821
-0.000287196
-0.0101224
0.305867
0.596873
0.20899
0.870319
-0.983586
-0.931512
0.212112
1.04831
0.20528
-0.0517711
0.121283
-0.42376
-1.42437
-0.689764
0.863241
-0.0659088
-0.631573
-0.618256
0.668521
-0.508345
-1.39505
0.18518
-0.135822
0.0701614
-0.570708
1.21343
-0.761215
0.161268
-0.576667
-0.201032
0.183112
-0.262657
0.787382
-0.269774
0.298933
1.01199
-0.336536
0.0999819
0.0933028
0.245919
-1.72664
-0.0387678
1.10501
-0.640461
-0.417754
0.182512
0.584703
-0.154214
-0.0371442
-1.10274
-0.128458
1.56869
-0.924355
0.155062
0.667163
0.146465
-0.161801
-1.33534
0.186979
-1.11014
0.0758897
0.0771457
0.479303
-1.09935
-0.600119
-0.978013
0.412662
-0.142707
0.198734
-0.96235
-0.888045
-0.603171
0.131453
-0.655082
0.592795
-0.356957
-1.44737
-0.858725
1.37436
-0.151229
-0.334342
-0.575834
0.119113
-0.324037
0.307364
-0.143992
-0.270031
0.79571
0.336379
0.319001
0.280223
0.0474463
1.9422
0.679221
1.44701
-0.219914
-0.60463
0.659283
0.140235
-0.449974
0.158263
-0.864384
1.17802
-1.21125
0.541564
0.122665
1.50901
0.0669872
0.871509
-0.153909
-1.03803
-1.39939
-0.351831
-0.641272
0.578905
0.299413
0.168971
-0.71864
-1.08386
1.04241
-0.256319
-1.16029
0.568428
0.342377
0.757686
-0.738911
0.134628
-1.24581
1.64708
-0.009271
2.13128
0.0957764
-0.183547
-1.43162
0.704939
0.110904
-0.768895
-1.1799
-0.154228
-0.915361
-0.439581
-0.970695
0.891312
-0.18165
0.325753
-1.13856
0.390965
-1.41805
1.83782
-0.404233
-0.12314
0.00780291
-0.536644
-0.727295
-0.847859
-0.321885
0.0197146
0.513141
0.0346971
0.917572
-1.31095
0.36698
-0.0625881
-0.715219
0.136734
-0.55986
0.110688
-0.156452
-0.186357
-0.0293061
0.516105
0.493744
-0.109342
-0.410307
0.0804865
1.03312
0.1342
0.132022
0.218363
-0.482591
0.871694
-0.312808
-0.281885
0.0633995
0.981265
0.460884
0.136832
0.384923
0.050241
-0.678688
-0.159422
-0.0708137
-0.269906
-0.339778
1.51904
0.375268
-0.49911
1.83259
-0.104747
0.618596
-0.283039
0.341351
-0.261581
0.443495
0.27434
0.530688
-0.731594
0.260149
-1.04061
0.77981
0.288203
0.384072
-1.48653
0.981612
0.83836
-0.190372
0.149768
0.202273
-0.65923
-0.113761
-0.734444
0.296299
0.960831
-0.964472
0.138188
-0.426099
-0.573633
-1.02184
0.249244
0.448866
0.148104
-0.0461832
-0.842935
0.413396
1.03217
-0.849909
-0.906801
-0.0465331
-0.641348
1.11998
0.690448
1.06445
-0.559956
0.554599
-1.05213
1.16592
-0.810062
-1.10975
1.25869
-0.0418299
1.04236
0.358574
-0.009276
-0.310995
-0.700646
-0.108836
-0.584132
1.72098
1.37599
0.603312
-1.17335
-0.00895713
0.77745
0.100333
0.648501
-0.340083
-0.0761851
-0.350904
-1.1377
-0.558716
-1.41316
0.770839
0.575176
0.95396
0.280371
0.0263627
0.410155
2.12456
-0.0722413
-0.333517
-0.553664
0.819829
1.65974
-0.267656
-0.736111
0.840407
0.526799
-0.0643884
0.72768
0.306542
-0.241154
0.867961
-0.0678502
0.998749
0.233035
0.241135
-1.54393
-1.28367
-1.52607
0.338623
0.018208
0.480447
0.14778
-0.555386
-0.507411
-1.08077
-0.970554
-1.30653
-0.0656824
0.667497
-0.714396
-0.498566
-0.310643
-0.272491
0.0563002
-0.055468
0.215676
-1.12321
0.781253
-0.598671
0.820115
-0.71962
0.78145
-0.407669
0.3041
0.669286
0.690752
0.51575
0.38109
0.655962
0.312243
-0.0538639
-1.48235
0.643724
0.156866
-0.195368
0.379852
-1.53036
-0.32817
0.170149
-0.328127
0.775905
0.0601977
-0.601544
-0.110938
0.360013
0.0824974
0.0835967
0.118376
0.222923
0.958039
-0.80261
-0.103764
-0.488946
0.0988467
-0.172031
-1.6213
-0.905613
0.790543
-0.00767623
-0.123755
-0.559898
-0.171042
-1.04449
0.465261
-0.256743
0.408106
-0.852551
1.35783
-0.997571
0.299633
0.892741
-1.00731
-0.0978128
0.668546
-0.124435
1.15941
-1.62348
-0.230966
-0.179786
0.556903
0.65559
0.710948
0.113386
0.818232
0.22571
0.178608
0.312252
-0.243506
-0.14542
-0.398867
0.456214
-1.39765
-0.161549
0.828979
-0.318172
0.515311
-0.169663
-0.88102
-0.0948855
0.236955
0.851655
0.364004
-1.17939
-0.954444
-0.0160679
-1.2173
-0.310742
-0.0873918
-1.10177
0.69463
-1.05731
0.270771
0.0447127
-0.359268
-0.539588
1.32699
0.0215157
0.48397
-0.308551
-1.48973
0.738214
-0.395043
0.198851
0.174904
-0.302963
-0.180481
0.588426
0.449119
0.245943
0.636183
-1.16294
-0.102646
-0.812852
-0.0698558
0.426834
-0.539913
0.597463
0.0190586
0.306743
-0.582629
0.502622
-0.443752
0.187419
-0.253699
2.09308
-0.287612
-0.0471762
0.975127
0.629756
-0.450299
-0.533179
-0.246438
0.187776
0.463811
-0.527946
0.157542
0.484853
1.85734
-0.836023
-0.245512
0.446894
0.891985
-0.0414347
1.19867
0.360116
0.423097
0.142671
-0.121797
-1.53698
-0.258282
1.8537
-1.02725
0.226841
0.306089
-0.292126
-0.511025
-0.404918
0.0769584
0.0483924
0.491034
-1.20515
-0.205166
0.538575
0.293417
-0.430663
0.674117
-0.744133
1.96279
-1.18655
1.17013
-0.498374
-0.410267
-0.87708
-0.486966
1.58287
-0.00903203
0.161942
-0.0620221
0.717329
-0.881158
-0.310226
0.342133
-0.672002
0.611599
0.0915358
0.692576
-0.110323
1.18042
-0.547569
0.250733
0.069081
-1.63259
0.0539136
-0.270989
0.761918
0.701578
-0.0462115
0.231223
-1.4045
0.964462
-0.410715
-0.240491
-0.186686
-1.09689
-1.83294
-0.254996
-1.08273
1.04951
0.318739
0.183345
-0.651694
-0.490136
0.804207
-0.859317
-0.326106
0.00132493
1.05522
-0.15561
0.323271
0.725215
0.0782679
0.480666
0.250447
0.565399
-0.0675526
0.0547415
0.103821
0.0228735
0.622585
0.00680553
-0.32195
-0.193941
0.652401
-0.267621
-0.0187183
0.381178
1.00717
-0.232716
0.23982
-0.232678
-0.126575
-0.310417
0.762695
1.04787
-0.263408
-0.672924
-1.04922
0.164657
0.269661
0.10899
-1.02465
-0.513049
-0.0746493
-0.522513
-0.867317
0.453801
-0.527493
1.03647
0.102818
0.679416
-0.633108
0.868829
-0.508561
-0.404022
-0.825751
-0.0024117
-0.00936427
1.42211
0.0323118
0.176685
-0.778112
-1.04733
0.0693299
0.55389
-0.17245
-0.140852
-1.14604
1.36083
-1.02418
-0.702355
1.01017
0.185591
0.259468
0.246355
0.802786
0.881581
1.15567
-0.430287
-0.05138
1.0837
0.679208
-0.968137
0.137349
-1.41792
0.824029
-0.275966
-0.962353
1.02569
-1.04638
-1.13332
-0.281403
0.0987699
0.61053
-0.174261
1.43602
0.773239
0.425733
0.681796
-1.63463
0.473285
0.0646472
0.135614
0.812439
2.00047
-0.22727
-1.00719
-0.545245
-0.735321
0.4684
-0.871293
0.664257
-0.327486
0.811278
-0.253892
0.8001
-0.0779986
-0.436794
-0.779062
0.0657667
0.803527
-0.161936
0.580749
-0.364668
-0.166987
1.30381
0.388985
0.594495
-0.241179
-0.0281486
0.333766
0.167103
-0.455099
1.14929
-1.07031
1.22889
0.703485
0.0191465
0.647586
0.00935896
-0.442664
0.190265
-0.479171
0.721395
0.0331053
-0.4528
0.606641
-0.0553423
0.188494
-0.25124
-0.901374
-0.29639
0.792144
0.657499
-0.0333806
-0.12644
0.00568107
0.637297
-0.463407
0.280875
0.509543
0.299436
0.885182
0.0890384
-0.520048
1.49436
0.382047
0.198894
-0.659409
-0.477459
-0.0948655
-0.553021
-0.174733
-0.979894
-0.09757
-0.766959
0.617016
-0.630755
-1.12146
-0.528822
-0.632304
-0.892993
0.188297
-0.66971
0.680328
-0.929886
0.467494
-0.101588
0.236521
0.0038331
0.196197
-0.077277
-0.124657
-0.0667794
-1.58141
0.573824
0.200502
-0.0908489
-0.443169
0.124607
0.41408
1.72203
-0.208259
-0.161724
0.215156
-0.827912
0.326898
-0.637301
-0.761487
-0.472534
-0.829062
-1.45568
-0.713788
-0.967087
1.24913
-0.113027
0.62912
1.12275
-1.71212
-0.489004
0.714203
0.070668
0.855805
0.566534
-0.952903
-0.210766
0.549174
-0.324259
-0.0102252
-0.233255
-0.0464821
-0.675358
-1.35189
-0.779633
0.588775
0.588601
0.326256
0.18607
-0.90841
0.922372
-1.14214
0.745022
0.0192561
-0.627563
-1.29378
0.844671
-0.0344898
1.53091
-1.55661
1.26509
1.14041
-0.549424
-1.11544
1.0486
-0.0432355
1.44805
1.10132
-1.32621
-1.40998
0.214493
-0.323587
0.274569
0.0526535
0.309893
-0.277658
0.803361
0.0683726
-1.22111
0.881737
0.369082
0.131843
1.98063
0.579643
0.582506
-0.893102
0.863892
1.49048
1.12639
0.533005
0.412585
0.944736
0.571926
-0.43782
0.136316
0.262333
0.746454
0.16813
0.0285486
0.301543
-0.506349
0.521327
-0.204129
-1.33633
-0.21645
0.392149
0.145475
-0.374205
-1.23506
0.463761
-0.00912248
-0.614367
0.196458
-0.00245256
1.2113
1.14252
-0.169564
-1.71658
0.924587
0.476213
-0.193865
0.813634
0.313176
0.804732
-0.303761
0.946657
1.66121
-1.88076
-1.20339
-0.695503
-0.00381567
-0.190429
0.134502
0.660148
-0.622867
-0.749095
0.708271
0.0326326
-0.718819
-0.285032
0.783045
0.317459
-0.963428
-0.895233
-0.129364
-0.703412
1.95485
0.190052
0.300352
-1.22483
0.356199
-0.178394
0.472369
0.0552352
-0.176244
-0.533532
0.385395
0.114843
-0.90665
-0.145015
1.07853
1.09798
-0.601366
-0.182163
-0.673468
0.619655
-0.403861
-0.966922
-1.26542
0.582393
1.97631
-0.836403
1.17617
-0.285691
-0.86449
0.213422
1.47205
-0.250149
0.203728
-1.00567
-0.868596
0.0236087
0.482406
0.821239
1.65297
-2.11694
-0.207019
-0.481459
1.07165
-0.0681761
-0.486489
1.22242
0.757096
0.708477
0.343599
-0.492644
-0.748149
0.841524
0.464204
-1.00074
0.188097
-0.220286
0.120392
-0.283202
0.958696
-1.77155
-0.255715
0.4613
0.967793
-0.556737
-0.752217
0.125251
-0.31721
0.428783
0.222763
-1.91769
-0.219295
-0.402595
0.354166
-0.163239
-0.25546
0.396009
0.338421
1.70161
0.31698
-0.112179
-0.170066
-1.15516
-0.369167
-0.607169
-0.594949
0.825806
-2.05741
0.141809
0.737971
0.909897
-0.489204
0.233325
0.131229
-0.0675647
0.540047
-0.25707
-0.74444
-0.982953
0.757375
-0.0832413
0.105576
0.447832
-0.906008
-0.732594
-0.502941
0.174257
-1.31082
-0.0829615
0.925985
0.0877914
-0.669195
-0.0617521
-0.206049
-0.349377
-0.165526
-1.6267
0.322037
0.747094
-0.620411
0.567225
1.85207
-0.169291
0.0583673
-0.118671
0.0913344
0.943825
-0.137983
-0.641341
-0.402964
-1.0822
0.373749
0.789957
0.485299
-0.52509
-0.0916928
-0.26756
-0.480943
-0.865087
-0.0318103
0.468192
-0.869158
-0.17193
0.68651
-0.518558
-0.526948
-0.00412224
0.38375
0.0434224
0.111506
-0.152937
-0.23705
1.11562
0.442171
0.561024
-0.15827
1.52211
-0.798202
0.82244
0.950673
-0.967138
-0.987882
0.188956
1.40611
0.0307902
0.301448
-1.07017
-0.0520092
0.90264
0.534587
1.87417
-0.457653
-1.53088
0.788095
1.02696
-0.463646
-0.712552
0.0794982
1.04017
-0.692805
0.39929
0.0354274
-2.06685
0.128807
-0.904661
0.0902038
0.0993681
-0.990421
-0.533824
-0.104626
1.81208
0.356798
0.32275
0.266111
0.338801
-0.167033
-0.162833
0.564251
0.371427
0.638892
0.274896
2.30402
0.635914
-0.347574
1.33469
-0.610676
0.012803
-0.401116
0.0533301
0.802267
-0.107707
-0.619313
-0.977496
0.478435
-1.30607
0.7875
0.749313
0.251882
0.515818
0.27831
-0.0653853
-0.0196249
-0.472007
0.474541
-0.0076519
-0.180323
-0.517305
0.157204
1.46569
0.304901
-0.532615
-0.232723
-0.413517
0.658303
0.106135
-0.00114373
-0.880126
-0.217581
-0.617746
2.3747
-0.165518
0.657677
-0.0986001
-0.201858
-0.000825602
-1.10447
-0.399892
-0.177532
-0.702023
-0.10262
-0.0222468
-0.27105
0.261773
0.0153985
-1.19698
-0.348036
0.291613
0.0599863
0.854669
1.02104
-0.614208
0.263668
1.38381
-0.810037
0.0336044
2.63274
0.436946
0.400994
1.98898
0.222695
-0.0703294
0.176218
-0.0298388
0.0162314
0.118179
-0.622531
-0.5921
0.402348
1.65206
-0.261383
0.185926
-0.278216
0.581227
-0.0207481
-0.640105
-0.134927
0.330589
-0.360015
-0.414936
-0.633679
0.0377665
0.726794
-0.90271
-0.808769
0.0626627
-0.600918
-0.389492
0.785328
-0.284568
-0.542904
-0.466303
0.441534
-1.09735
0.9109
1.49604
0.892838
-1.1333
0.450493
-0.579153
-0.43706
0.23779
0.735366
-0.281014
1.30886
-0.998736
-0.745957
0.76179
0.471518
2.05177
-1.12181
0.363122
-1.022
0.661355
-0.503486
0.392606
-0.0340623
-1.08114
-0.141803
1.01932
0.273925
-0.302575
0.106786
0.218995
-0.251942
0.784441
-0.773585
-0.625287
0.24928
-0.637007
-0.659209
0.558028
-1.53102
-0.957471
0.276823
-0.108327
0.971497
-1.07911
-0.477754
-0.413977
-0.854386
-0.843725
0.269641
-0.035652
-0.0704608
-0.644043
-0.125406
-0.0855077
0.277393
0.785653
-0.440624
1.01685
-1.91428
0.324287
-0.241339
-0.374835
0.774599
-0.272647
-0.612745
-0.930041
-0.777624
-0.866121
0.935756
0.882295
-0.490886
-1.02882
-0.852849
0.75746
-0.609305
0.951874
0.572838
1.20517
-0.559536
-0.909431
-0.450295
0.455278
-0.549048
-1.03479
-0.109972
-0.314579
0.59595
-0.447542
0.0689476
-0.817427
0.569081
-0.424437
0.255889
-1.35678
-0.159922
-0.73957
0.130658
1.06523
0.623456
0.875724
-0.144544
-0.459312
0.244547
0.376735
-0.374059
-0.442203
-0.876677
-0.0956265
0.527066
-0.161002
-0.0930809
0.0271323
0.393243
-0.777931
0.396738
-0.419855
-0.250061
0.246885
0.276695
0.29617
0.335505
1.42745
1.65951
0.150316
0.0927628
-1.47568
-0.35841
-0.605278
-0.166686
-0.498047
0.602029
-0.672476
1.62061
-0.151334
-0.314156
-1.81279
-0.973242
-0.113355
1.25934
0.287347
-0.0561118
1.02459
-0.539581
-0.710554
0.193838
0.704777
1.2897
0.794767
-0.986038
-0.392836
0.449616
0.744607
-2.92641
0.0798676
0.0583161
-0.632465
-0.262862
0.0391202
-1.41608
1.23816
0.790638
0.314366
-0.849405
1.22756
0.95828
-0.779291
0.876154
-0.363226
1.94077
-0.478853
-0.26023
0.213095
1.28652
0.474693
-0.616592
0.110815
-0.534761
-0.100798
-1.02652
0.959761
0.234554
0.0633265
0.581299
1.09688
0.419478
0.112335
0.678253
0.801453
0.373759
-0.687514
-0.214436
0.289505
0.279855
1.29685
-0.785657
0.602532
0.18449
-0.523859
-0.688749
0.488721
-0.535013
0.45541
0.717385
-0.00788645
-0.151299
-0.162714
0.54039
1.17804
-0.961012
0.975787
0.468396
0.668562
-1.60601
-0.673761
-0.0526137
0.0127405
0.300519
1.48551
-0.481939
-0.275784
-0.539183
-0.0304654
-1.07768
-0.0297742
-0.942612
0.642621
-0.198957
0.751033
-0.195171
0.232897
0.258258
-0.618975
-0.107485
-0.224888
-0.448863
0.451515
-0.757313
1.28877
-0.140159
0.291184
0.396357
0.919642
-0.801453
-0.774406
0.387028
0.628998
-0.68292
-0.250643
-0.371725
-0.711521
1.54252
1.82834
-2.31768
0.00795049
0.0516146
0.897581
-0.556965
-1.35212
-0.536741
0.744971
0.294665
0.663375
-0.273611
0.739087
0.402057
0.146414
0.337664
0.560857
-0.129728
-0.925717
-1.73551
0.139564
-0.516294
1.47442
-0.31784
0.051105
0.0840252
0.911197
-1.66573
-0.493924
0.061407
-1.46403
0.010782
0.476937
-0.0200304
-0.44162
-0.507543
-0.0502898
-0.398552
-0.409599
0.721562
-0.0976074
0.0273191
0.201208
-0.40295
1.11583
-0.816515
0.969905
0.789368
0.215055
0.104085
-0.297056
-0.604348
0.550385
0.945052
-0.351835
0.012675
0.125523
0.789718
0.33932
-0.672828
-0.631192
-2.51037
-0.51244
-0.220257
0.0467103
-0.163251
-0.741576
0.146343
0.319996
-0.0750026
0.912064
-1.5002
0.606615
-0.606395
-1.09076
0.19518
-0.421082
-0.80006
-0.492005
0.0756421
-0.512677
0.299065
0.428903
-0.450512
-0.124106
0.478989
-0.0863204
-0.130603
-0.157614
-1.23678
0.962288
-0.00927962
0.296561
0.365539
0.712244
-0.362056
0.873585
0.460572
-0.957845
-0.184214
-0.745429
-0.0728847
-0.333333
1.15656
0.00496783
-0.0335697
-1.21475
-1.43584
0.587274
-0.355911
0.832538
-0.675451
0.14773
-0.754513
-1.15598
-0.722972
-0.215649
0.631535
-0.690195
-0.772816
0.280313
-0.168813
0.167798
0.977285
-0.201361
0.477185
-0.00485516
0.0402145
1.29779
-0.615798
0.206522
-0.520098
0.227748
0.856847
-0.615985
-0.409345
-0.517857
-0.610916
-0.930327
-0.924896
0.924052
0.553887
-0.203437
-0.954725
0.0420967
1.33756
-0.843272
0.349328
0.780814
0.542652
-0.524032
-0.795107
0.31865
0.736337
-0.412736
-1.18688
-0.215208
-0.625114
0.116526
1.71081
-0.565921
0.621849
0.0144529
-0.293957
-1.16137
-1.29772
0.61655
0.905518
0.151614
-0.779419
0.54935
-0.808853
0.0608383
0.889786
0.50551
-0.417506
-0.691191
0.372549
0.577305
0.421594
-0.0990644
0.695638
-0.66372
-0.925968
-0.281757
0.343966
-0.632442
-0.588997
0.25833
0.460377
0.0997751
-0.740465
0.628498
0.367405
1.08646
-0.469698
-0.241125
0.609893
-0.0407499
0.507063
-1.18303
-0.390954
0.819252
0.359359
-0.270327
-0.42002
0.558872
-0.612111
0.556947
1.21923
-0.383263
1.9329
0.640818
-0.396576
0.484181
0.459468
0.968353
1.02976
-1.25371
0.17535
0.487435
-0.147948
-0.645823
-0.177905
0.204395
0.115481
-0.182351
0.441539
-1.16439
0.47718
-0.078688
0.848457
-0.020114
-0.117058
0.131174
-1.45965
0.0133538
0.375931
0.161196
0.144758
-0.357741
0.300892
0.325516
1.12664
0.843016
-0.0314326
1.38978
-0.465842
-1.34677
-0.249485
0.239495
-1.09031
-0.641997
0.198982
0.571766
-0.0943013
0.964383
-0.0681327
0.17588
-0.866973
0.7661
-0.76619
0.377311
0.550253
0.812504
0.392756
1.05468
0.485262
0.153734
0.0976194
0.736732
0.175419
0.790952
1.15484
0.960628
0.0828211
1.32399
1.39784
0.621027
-0.540256
0.254251
-0.0246566
0.0172114
0.770843
-0.123281
0.0738939
0.175565
-0.258698
1.23551
0.672481
-0.73606
1.26673
1.34792
0.877689
0.331985
-0.445509
0.873421
0.382802
1.12858
0.35998
-0.615684
-0.281513
1.00381
-1.58848
-0.933626
-0.561992
-0.140132
-0.471709
-1.01604
-0.543061
0.468065
-0.142738
0.142531
1.31999
-1.9219
1.08461
-0.983369
-0.0446838
0.00866016
0.39485
0.0203057
0.147335
-0.259698
0.672765
-0.00402367
-0.415412
-0.379497
0.0383624
-0.944252
-0.617545
-0.120633
0.459908
-0.400782
0.43702
-0.202458
-0.78422
0.787246
0.00361861
-0.105676
-0.813864
-0.056902
0.692681
0.305272
0.553263
0.0472697
0.28217
-1.671
-0.145961
-0.460001
-0.144831
-1.20994
0.29123
0.266315
-1.80601
-0.532953
0.747206
0.533846
-0.805451
1.04893
0.569897
0.386364
1.1899
-0.250154
-1.26279
0.869936
1.02898
0.14349
0.0326111
-0.686284
-0.00223123
0.782056
-0.186036
-1.21336
0.0909114
2.36264
-0.236049
0.383126
0.0831675
-0.587515
-1.14313
1.01306
1.40902
-0.587441
-0.66649
-0.0644347
-0.342476
-0.121193
0.296503
-1.06549
0.345456
0.488095
-0.0677624
0.930826
0.716255
0.208378
-0.291374
1.64708
-0.0228428
-0.495998
-2.11588
-0.0449761
-0.83563
-0.823744
1.20133
0.738781
0.756883
-0.599117
0.987649
0.913931
1.13899
1.15662
-0.646603
0.25652
0.405668
-0.779465
0.560749
0.231318
0.484191
-0.976432
0.809887
-1.05304
0.0073496
-1.12069
-0.145791
0.39847
0.230776
-0.889499
-0.0394373
0.0456212
0.839589
-0.216046
0.182744
0.752581
0.368462
1.62845
-0.479109
-0.368094
-1.03531
-1.52525
-0.409696
-0.609295
1.53391
0.820881
0.0614563
-0.831394
1.09721
-1.10739
0.135003
-0.447336
0.401654
0.608746
1.00646
-0.353082
0.329223
0.855659
-1.38184
0.930334
-0.0652027
-1.06764
1.04918
0.41219
0.524343
1.70668
-2.49249
0.258693
-0.625638
-0.0351335
0.624932
-0.191328
0.504045
-0.0464921
0.579963
0.221539
0.308351
-0.161865
-0.543652
-0.0117664
0.8435
0.241647
-0.0640265
0.555016
-1.31681
0.0609499
-0.493635
0.451078
-0.331131
0.676073
1.65724
-0.292477
-0.00846373
0.284236
0.292972
0.617816
0.492926
0.190964
0.0299877
-1.69063
0.311843
0.466496
0.981338
0.713277
-0.0590154
-0.71145
0.945134
-0.909615
-0.289547
-0.201666
0.0500753
1.36719
0.45823
-0.789817
1.38339
0.516342
-0.173695
0.447068
0.385679
1.5522
-0.636613
-1.07063
0.925647
-0.373088
0.737499
0.57293
-0.0688953
-1.1291
1.01867
-0.105675
-1.74836
0.454736
0.0421787
-0.311211
1.12233
-0.0197272
-0.884336
-1.16843
-0.906058
0.121301
-0.428544
-0.70978
0.0602775
-0.299707
1.12724
-0.23854
-0.359502
-0.417032
1.10476
0.687129
0.773258
0.124604
-0.207693
-0.570154
-0.52934
0.552159
0.107814
-0.145678
-0.217141
0.243387
0.066579
-0.522742
1.07964
0.800613
-0.224159
0.70246
0.63573
-0.792102
0.820592
0.358147
-1.73179
0.0996847
0.0385669
0.721925
0.026996
0.366518
2.35098
0.697183
-0.278062
-1.10162
2.33591
1.77376
-0.63098
-0.185243
-0.114478
-0.490503
0.0659101
0.896269
-0.0635892
-0.468826
-0.600162
0.605981
-1.30359
1.68655
0.573757
0.171803
-1.08503
-1.47762
0.586489
0.665572
-2.15642
0.570164
0.523335
-0.200621
1.02569
-1.39741
-0.720308
0.0449773
0.944263
-1.40853
0.760971
-1.91443
-0.0480506
-0.412441
-0.583999
-0.304138
0.814868
0.301406
-0.675914
-0.572052
0.350058
-0.507345
-0.59627
-0.458721
-0.153679
1.45695
0.652735
0.564922
-0.483944
0.658253
0.0478926
-0.651968
0.463256
0.332551
-0.808083
-0.802068
0.146911
0.432985
-0.0296751
-0.0787904
-0.374088
2.75065
0.429003
-0.0359765
-0.315499
-0.521813
-0.489738
0.587041
-1.05357
0.798868
0.396655
0.504939
0.576077
-0.0972476
0.298824
-0.547757
0.759348
1.72964
-0.144546
0.895967
-0.701958
-0.233124
1.17395
0.670219
-0.203406
-0.432778
-0.158662
0.58334
-0.229586
-0.11398
-0.248574
-0.680853
0.109013
0.621693
-0.458009
0.146971
0.0228585
-0.316948
-0.316449
0.11106
0.101088
-0.537397
-0.922239
0.323754
1.92506
-0.509339
1.08982
2.02476
2.02092
-0.272747
-1.22276
0.78478
-1.3579
0.919002
-0.9255
-0.305746
0.842915
-0.69945
-0.157963
1.07331
-1.16999
-1.06752
0.578021
-0.0423446
-0.344672
0.250469
1.13669
0.904379
-0.586814
0.00816445
0.201398
0.0991849
-0.871175
0.542846
-1.12335
1.21516
1.49292
-0.479804
-0.708578
-0.0290991
2.18458
-0.391763
0.743739
-0.0362438
0.774588
-0.782356
-0.722907
1.31468
2.11568
1.04137
-0.455413
-0.645407
0.544213
-1.03671
-0.212357
1.07264
1.31034
0.716905
-0.814736
0.957033
-0.715527
-0.656972
0.690489
1.60353
-0.821038
0.948591
-0.408394
0.720107
0.149025
1.07697
-0.681577
-1.08194
0.128987
0.579084
-0.242681
1.33126
0.576645
0.746209
-0.0204026
-0.232028
0.382425
0.194581
-1.41021
1.16372
-0.0987725
0.345046
0.449069
-1.63688
0.0357694
-0.0873051
-0.141444
-0.175575
-1.95584
0.597694
0.186042
-1.13015
-0.111958
0.143908
-0.446723
2.2214
0.592256
0.163564
-0.27195
0.787496
-0.0254909
-0.801475
0.318995
0.492028
-0.413185
-0.74135
-0.796666
-0.972037
0.163606
-0.678364
0.167015
-1.12935
0.0472306
-1.36464
0.324585
-0.4321
-0.754934
-0.373698
0.40943
1.21165
0.736768
0.0464223
0.58835
0.125147
-0.554467
0.362364
-0.734194
-0.297722
-0.000635584
-0.456206
-0.519782
0.00722069
0.286343
-0.408583
0.0156132
-1.30654
-0.248645
-0.00944959
0.533827
-0.2563
-0.229894
1.1328
0.0563132
-0.126731
0.54497
0.132528
-0.114887
-1.97088
-0.46108
0.0919468
-0.366579
0.121362
-0.0669875
-0.4136
0.304614
0.12597
0.18447
1.27511
-0.759414
-0.710848
1.05963
0.0479404
-0.896603
0.621823
-0.438262
0.181333
0.913361
-0.459518
0.667613
-0.514982
-0.0176125
-0.8101
-0.980941
-0.4289
0.310984
-1.352
-1.18798
0.446519
0.671811
-0.622917
-0.256558
-0.765929
0.165292
1.16611
0.900603
0.173817
-0.910927
0.128034
-1.23041
0.292997
1.10407
-0.0246028
-0.707582
0.256656
0.759981
1.02796
0.228175
-0.903871
2.63719
-0.0430186
0.308226
-1.22212
0.547992
-0.214013
-0.023449
-0.380749
0.758964
-0.197268
-0.169025
0.308437
0.0842754
0.281515
-0.0865473
0.194779
-0.649189
0.965664
-0.744394
-0.939016
0.923378
-0.0906549
0.52906
0.751195
0.0395281
0.656974
2.99015
0.458926
0.765948
-0.963224
-0.0387854
-0.415983
-1.98233
-0.26273
0.539361
0.0906384
-0.0949981
0.00153742
0.953907
-0.144984
-0.24392
-0.00139273
0.0965944
-0.414911
0.362651
-0.260291
1.02617
-0.906192
-0.343905
1.08081
-1.02361
-0.783796
0.64287
0.00523633
0.358705
0.331905
1.11709
-0.957263
-0.617965
0.534707
-0.336121
1.43561
-0.933145
-0.465828
0.129319
0.0504658
-0.246837
0.410057
-0.0541483
0.07107
-0.261744
0.0760706
0.325666
-0.295469
0.590221
-0.000191972
1.01192
-0.825512
0.323636
-0.17184
-0.706192
-1.43125
0.224165
-0.511766
0.372178
-0.360078
0.196334
-0.232265
-0.823863
0.0905933
-0.190434
-0.472726
-0.118431
0.0645613
0.380895
-0.625312
-0.1135
-0.44935
-0.883776
1.31546
0.688774
0.673583
-0.401044
-0.213937
-0.117959
0.0252569
0.537378
0.705285
0.970468
-0.0451007
0.028315
0.00683998
-0.169171
-0.788136
-0.205356
0.122393
1.72359
-0.295217
-0.454785
0.0147728
0.158987
-0.770294
-0.81179
-0.248033
-0.327991
-1.00316
-0.789785
0.932821
-0.521924
0.647798
0.43929
-0.971376
-0.283521
0.298602
1.79982
0.413775
0.528594
0.606266
0.715379
-0.514112
1.32243
-1.50754
-0.512424
-1.2366
1.52047
0.0160934
-1.20512
0.651413
-1.31125
0.840085
-2.56656
0.246829
-1.37179
0.36531
-0.572125
0.135184
0.465854
0.976532
-1.12949
-0.286003
1.33022
-0.0316522
0.242768
1.08168
-0.872374
0.338477
-0.70537
-0.00462613
0.623838
-0.983433
-0.29462
0.755675
-0.739623
-0.238627
0.286639
-0.727199
1.03432
-0.48652
-0.166455
-0.741999
0.8201
0.489464
0.193331
-1.58141
1.94651
-0.860545
-2.14379
0.090875
1.08058
-1.03834
-0.500577
0.173304
-1.25199
-0.446047
-0.471847
1.5532
-0.367839
1.19489
0.14916
-0.363034
0.531134
-0.428489
-0.815167
1.47278
0.804004
0.782005
0.202404
-0.521562
-0.761099
0.0288593
1.49708
0.967331
0.0335816
0.246412
-0.452007
-0.732652
-0.0192925
0.471992
0.64949
0.52146
1.24096
-0.57121
-0.316664
0.509374
1.50474
-0.342834
0.722712
-0.348979
-0.134759
0.391646
0.476209
0.242148
-0.536894
-0.233576
0.84491
1.03829
0.461151
-0.563806
0.169283
0.668448
-0.0979882
0.195115
0.66358
0.0634516
0.36275
-1.27961
-0.0173088
-0.198827
0.61155
-1.51398
0.577149
-0.0374168
-0.0798634
0.0572814
-1.67287
-0.28182
0.436542
0.224518
-0.103706
-0.967923
-0.292853
0.747056
0.48701
0.73545
-0.17963
0.841492
-0.47453
0.493116
0.968214
-1.26424
1.20682
-0.362419
-1.42269
1.09625
-0.192732
-0.691936
-0.241964
-0.00814546
0.113644
0.520745
0.430793
-0.634866
-0.0702699
0.30541
-1.91876
0.172191
-0.142716
1.35015
-0.203115
1.28393
-1.1663
0.831638
-0.479361
-0.686861
-0.616775
-1.22817
-0.358393
0.525626
-0.735285
-0.0552964
-0.0990897
-0.492567
0.405371
0.377645
-0.730119
0.225229
-0.798332
0.369628
0.179548
0.171
0.913265
0.393545
-1.9261
-0.847415
-0.219951
-0.697697
-0.924461
-0.415083
-0.929537
-0.796644
0.0641586
1.45801
-0.820377
-0.38514
0.508116
-0.382561
1.33355
-0.609739
0.138957
-0.0876404
2.33981
-0.110907
0.188634
-1.24501
0.553739
-0.279878
0.784062
0.0647292
0.261487
-0.188096
0.066505
0.490421
0.132964
0.40691
0.612914
-0.336444
-0.238431
0.765996
-0.487334
-1.01323
-0.135161
0.47541
0.663708
-1.2678
0.612627
0.410386
0.411941
-0.807915
0.606236
-0.371844
-0.136921
-0.671894
-1.23764
0.343196
0.0943203
0.208722
0.148512
1.36113
-1.46752
0.0793741
0.453222
0.716384
0.267489
0.119388
0.0726105
-0.561455
0.574506
-0.221012
-0.164801
-0.810301
0.407839
0.240885
-0.186422
1.5026
1.06197
-1.4323
1.15351
0.00674122
-0.624788
0.942916
0.0301268
0.71044
-1.31255
-0.454342
-1.25982
0.952555
1.59483
0.506382
1.24321
1.05912
-0.561192
-0.867591
-0.789198
0.263649
-0.21091
0.740951
-0.93455
0.15284
0.944353
0.323153
0.68947
0.128422
0.0294505
0.19846
0.639213
-0.314584
-0.287919
-0.144495
0.00504237
1.21643
0.103872
0.308296
0.227417
0.930627
0.536692
-0.0460114
1.08937
-1.94231
-0.0742025
0.426275
-0.537859
1.87289
0.174682
-0.255372
1.34384
0.630063
-0.15217
0.499395
-1.18606
1.17747
0.188436
-0.0257084
0.620697
-0.0819745
-0.319446
-0.303673
-0.572311
-0.864503
0.801995
-0.404674
0.182184
0.230708
0.675795
1.80576
-0.49728
-0.406327
-0.31263
0.733543
0.187099
0.639511
0.69425
0.596374
-0.435768
-0.164626
-0.617281
0.26203
-0.131392
-0.655474
0.343727
-0.493575
-0.436824
0.294396
-0.14996
0.313391
1.23874
1.7982
0.701617
-0.486734
-0.906163
0.395289
1.30113
0.575083
-0.833714
-0.652301
-1.51054
0.402685
-0.654096
0.17779
-0.76016
-0.389907
0.748813
-0.647894
-0.32544
-0.299279
0.225046
-0.416756
0.368151
-0.114353
-0.173391
0.330145
0.425157
-0.607235
-0.0472924
-0.0153064
0.140991
0.236947
-0.160306
0.21505
0.11558
0.0312275
-1.4112
0.337785
-0.988158
0.25596
-0.912202
-0.329341
-0.719647
-0.0706645
-0.444488
-0.817156
0.100178
0.436065
1.10146
0.174617
-0.760025
0.0604188
1.58008
0.131035
-1.33744
-0.549022
1.21887
0.104115
0.635596
-0.732092
-0.872721
-0.822237
0.0399446
-0.163577
-1.28793
-1.63518
0.170317
1.38268
0.330701
0.849157
1.23954
-0.228991
0.39488
-0.156907
-1.08293
1.08996
-0.814556
-0.481179
0.198599
-1.23425
-0.0985223
-1.09833
-0.6939
-0.220968
0.0696137
0.312461
-0.546977
-0.0789304
0.856548
-0.111821
-1.03327
0.549424
0.321068
-0.136247
1.42727
0.815204
1.02281
-0.21888
-0.548342
-0.309104
0.251585
-0.104576
0.162704
0.503723
1.1115
0.739274
0.0925399
1.02453
0.476003
-0.742902
-0.910197
0.274442
-0.257656
0.0142924
-1.08963
0.498118
-0.60325
-0.403642
0.346221
0.476726
0.0249574
1.06636
0.55595
1.54455
-0.710626
0.0618804
0.411153
-1.14797
1.01187
-2.56479
-0.203657
-1.1743
0.695152
1.46226
-0.0479541
0.265558
-0.761763
0.116192
-1.17375
-0.351209
-0.221391
0.912218
0.860359
0.0518063
0.0538269
-0.131754
0.83417
-0.968404
-0.336524
0.420781
1.03299
0.153897
1.26989
0.798619
-0.27301
0.196661
-0.324704
0.759811
0.126832
-0.0156248
0.0937619
-1.87495
0.447995
-0.415189
-0.131373
-0.252309
0.983991
-0.984601
0.730073
-0.140843
-0.455187
-1.17785
-0.354838
-0.772827
0.104255
-0.00239029
1.3087
0.432935
-2.58435
-0.475762
-0.566798
-1.09148
0.162193
1.02655
0.46475
-0.489465
-0.421459
0.195064
0.54552
0.665545
0.398848
-0.862645
-0.590486
0.520463
0.26915
0.553416
-0.715607
0.026816
0.51803
1.21292
0.522816
-0.0319391
-0.990562
0.169969
0.495251
0.215962
0.175788
-1.23994
-0.906806
0.724971
-0.791387
0.374032
0.739035
0.258492
0.947945
0.519998
-0.360224
0.49514
0.50575
-0.394489
0.554793
0.440707
-0.0864066
0.102153
1.05765
-0.13043
0.657522
-0.437504
0.975651
0.0619088
-0.201845
0.979673
0.618211
0.130151
-0.878853
0.498128
-0.597703
0.286346
0.848314
-0.120115
0.00580137
-0.736114
0.847581
-0.824293
-0.184682
0.450825
1.22092
-0.101774
-0.0725775
0.464878
-0.41499
-0.368668
-1.18986
-0.0392224
0.0864016
-1.34365
0.21312
-1.41331
-1.07624
0.558025
0.571848
0.69472
1.30272
-0.129149
-0.467061
0.0979573
1.24914
0.948993
0.216865
-0.301932
-0.277423
0.14413
0.541204
-0.117464
0.168948
0.0916575
0.0829668
1.72401
0.41293
-0.976966
1.13657
1.22048
0.0407919
0.414674
0.385394
-0.642846
1.33193
0.836126
-1.63977
0.506734
1.03619
-0.533073
0.267208
0.8578
-0.161507
-0.492522
0.720348
-0.692066
-1.3331
0.680582
-0.244568
0.156948
0.200752
0.389745
0.430023
-0.816328
-0.429056
-0.558378
-0.123679
-0.812707
1.79481
-0.416599
0.699359
0.329456
-1.37818
0.367055
-0.0716838
0.0433553
-0.148132
-0.927406
-0.22451
0.129571
0.217077
0.601297
-0.0395555
0.189827
-0.115045
-0.58941
0.725226
-0.210589
-0.159437
-0.0458521
0.375496
-0.58659
1.00949
-0.252009
0.439083
0.296769
-0.421291
0.820094
0.702534
0.244676
-1.3525
0.0461537
0.419602
1.28906
-0.289773
0.788776
-1.54707
1.23003
-0.953278
0.0213512
0.947595
0.131413
-0.0978469
-0.421518
-0.700147
-0.739037
-0.521976
-0.17704
-0.996127
-0.184194
0.40361
1.19038
0.0584563
0.821423
0.470127
2.09113
-0.626749
-2.05389
-0.199147
-0.108479
0.482034
-0.721117
-0.161517
-0.188661
0.838663
0.978016
0.329519
0.32718
0.688144
0.945871
0.136467
-0.23996
1.42501
-0.317802
-0.777537
1.18966
0.890364
-0.179748
-0.167276
0.252649
-0.438128
-0.371681
-1.11397
0.0416349
0.675239
0.375227
0.47262
0.253955
0.741734
-0.976285
-0.393117
0.825173
-0.00465944
-0.518298
0.284002
-0.958892
0.753272
0.149355
-1.01161
0.326016
0.155775
0.499249
1.09586
-0.545929
-0.649594
-0.897799
-0.210845
-0.406658
0.0776025
0.123997
0.0647415
1.6471
-0.261013
0.339707
-0.785696
0.398554
-1.11088
-0.27556
-0.266584
-0.223483
-0.774723
-0.592807
0.377582
0.21056
-0.00142713
-0.433771
-0.011693
0.544778
-0.291917
-0.0901982
-1.4516
0.334315
-0.67728
-0.57627
0.132505
0.14736
0.17519
0.00196945
1.49162
-0.363899
-0.952168
-1.68395
0.301788
0.0919362
-0.185681
-0.863391
-0.420509
-0.357136
-0.105972
1.40096
-0.339212
-1.26724
0.0373034
-0.532528
-0.030938
1.01952
0.175859
0.415213
-1.24354
-0.451633
-0.266564
0.601119
1.23342
0.372274
0.0192312
0.115332
-0.893406
-1.12762
-1.10564
-1.52765
0.842887
-0.748125
-0.624974
-0.224029
0.270085
0.479427
0.816465
0.496154
-1.86762
-0.394462
1.05659
0.556183
0.245257
0.909058
0.410599
1.12769
0.626345
-0.885195
-0.490511
-0.587069
-0.494999
-0.594543
-1.17627
1.08039
0.0714985
0.485789
-0.600085
-0.796278
1.30184
0.529454
-1.28571
-0.329898
0.404115
-0.446647
-0.430232
0.857085
0.734592
-0.040204
1.70685
0.0556649
0.743869
0.461753
0.200632
-0.0102655
0.120132
-0.700525
-0.776821
-0.407326
-0.780267
-0.144343
-2.13484
-1.01091
1.58768
0.198414
0.0427118
0.0308612
-0.771461
-0.636026
1.64087
1.56888
0.172017
-1.62061
0.449985
0.663155
-0.0281183
-0.495995
-0.0869855
0.337456
0.236232
-0.953344
-0.159514
1.84823
0.368174
-0.607108
-0.742037
0.549371
0.104046
-1.38077
0.356019
0.649065
0.988058
0.669554
0.482452
1.74241
-0.390773
0.0956451
1.06104
-0.0408574
-0.197775
0.327542
0.354316
-1.30272
0.0300128
0.808765
0.411686
0.752167
1.28493
0.401659
0.135758
-0.941058
0.057802
-2.25968
-0.272043
-0.271162
0.0764378
0.702409
-0.0590316
-0.367173
-1.32851
0.684388
0.287365
1.54422
1.75463
-0.386707
-0.738145
0.215505
-0.621229
0.488593
0.0140113
0.20775
0.897671
-0.0426531
0.250663
0.413121
0.0228121
1.08518
0.435454
-0.254166
-0.321154
-0.330449
0.85352
0.946583
-0.539319
-1.38167
0.669011
-0.804908
-0.176451
-0.916271
-0.527666
-1.19515
0.653032
0.440698
0.325904
-0.406486
0.198019
-0.0691998
0.309409
-0.62865
0.717005
0.536747
0.0583944
-0.0390957
0.947441
0.584856
0.172888
-0.376488
-0.232832
-0.162167
-0.59926
0.217305
-0.12357
-0.0352659
-0.32326
1.75381
0.193231
0.435264
0.0200888
1.11335
0.138636
0.0208439
0.294257
0.286728
0.063789
-1.99532
-0.53351
0.178998
0.662103
0.398518
-0.0407641
0.970966
-0.570127
1.50963
0.378501
0.441478
0.39893
0.733225
1.35245
0.170834
0.392083
0.25103
-0.645144
-1.09139
-0.547783
-1.11311
-0.194358
0.327445
-0.174694
-0.44658
-0.651064
-1.03479
-1.16711
-0.387932
-1.84425
0.147723
0.432887
-0.418753
-0.320412
-0.941586
0.721401
0.0267103
-0.0798808
0.674312
-0.685942
-0.030221
-0.414361
0.309756
-0.946212
0.69467
0.160005
0.00910672
0.534756
0.160927
-0.206983
-1.18504
1.447
0.919339
0.150557
0.731778
0.492354
0.862802
-0.184373
-0.682889
1.0873
0.294626
-0.220853
-0.353897
-0.499369
-0.446589
0.690961
-1.55658
0.807092
-0.387355
0.851107
0.266099
-0.267502
-0.907718
0.796128
-0.22632
-0.321107
1.29771
-1.33908
-0.861776
1.67425
-0.255602
0.290656
-0.304823
0.344477
1.44884
0.102934
0.575363
-0.18845
1.59055
0.383363
-0.748589
1.47318
-2.67215
1.33182
2.06408
-0.397913
-0.160637
0.331734
0.802246
-0.23269
0.408614
-0.120698
-1.23424
1.63309
0.8872
-0.0616509
-0.16817
-0.423913
2.20954
0.356938
-0.600317
-0.334478
0.060017
-1.8027
0.12597
1.24844
1.87172
-0.337207
1.01073
-0.470224
-0.685804
-0.290111
-0.297421
0.476258
0.26407
1.11784
0.426359
-0.0161726
2.11894
0.529026
0.765086
-0.257429
-0.018061
-0.0585114
-1.44523
1.19555
-1.03649
0.235846
0.314305
-0.524567
-1.34932
1.68968
-0.462675
0.0719721
-0.170901
-0.498035
0.478286
-0.568144
-0.423736
-0.0743972
-0.122727
-0.478403
-0.117171
1.39497
-0.809624
0.906999
-0.0350131
-0.830062
0.293384
0.581764
-1.04383
-0.93778
0.576122
-0.788569
-0.848204
0.65872
0.177144
-0.279503
-1.06662
-0.419161
0.342412
-0.821779
0.73045
-1.29573
0.00405607
0.57872
-2.92478
0.854169
-1.20758
-1.34367
-0.565234
0.42732
-0.788767
1.23954
-0.346956
-0.951346
-0.192669
0.428645
-0.0921485
-0.134849
-0.862766
0.106132
-0.560639
0.179996
0.726058
0.355011
0.79381
-0.0602807
0.352754
-0.761523
1.07347
0.611142
0.0567275
-0.645571
-0.0327909
-1.1737
0.598575
0.277745
0.858394
-0.989141
-0.56609
-0.906285
1.76269
1.0377
-0.937566
-0.522508
-0.394016
-0.554867
0.648538
-0.17915
-0.646931
0.253896
-0.451754
-0.49216
-0.833828
-0.706781
0.77638
-0.468435
-0.0428191
-0.113431
0.144306
0.414031
-0.367078
1.09025
0.206805
0.36613
0.0926896
-1.77029
1.00127
-0.229144
-0.294839
0.104315
0.736078
0.855919
0.553449
1.06704
0.184601
-0.518552
0.0185697
0.840493
-0.363593
2.11551
0.0656076
0.815627
0.726971
0.13774
0.0818788
-1.96678
-0.879844
0.231823
0.649768
-1.24046
-0.570075
0.628791
-1.70334
0.250627
0.130416
-1.49104
0.476818
1.00163
0.177964
-0.831309
-1.43504
1.04396
-1.81324
0.0868517
0.278934
-0.0237297
0.88658
0.498128
1.18268
-0.575033
-1.16633
0.0777885
-0.76392
0.153422
0.0794945
-0.919108
-0.687415
2.86147
1.6581
1.30058
0.881278
1.39955
-0.885147
0.951564
-0.89038
-1.8948
1.55745
1.17571
0.251214
1.39856
-0.491366
0.419642
0.234661
-1.46053
-0.401545
0.696554
0.365949
1.50485
-1.28229
-1.20812
0.8003
0.506134
1.06051
-0.248629
-0.757105
-0.965694
0.399209
0.0792849
0.133228
-0.117221
-0.106967
-0.695367
-1.71252
-0.796298
-0.635534
-0.663189
0.403998
-0.458391
-0.975095
-0.498089
0.0466512
-0.271823
0.211857
-0.843524
1.20019
-0.744911
1.44885
-0.377762
0.342533
-0.883532
0.383315
-0.263937
0.0110287
-0.295006
0.244245
0.11684
-0.4648
-0.835641
-0.950862
1.75094
0.628405
-0.512331
-0.833124
-0.0280713
-1.58564
0.436801
1.58589
1.40092
0.97273
0.0238786
-0.282975
-0.0806258
0.60906
-0.0962141
0.706013
-0.206873
-1.39771
0.0504885
0.726946
-1.0982
0.342292
0.255506
0.120841
1.49671
0.279687
-1.0797
-0.0688889
-0.0222885
-0.0165377
0.905114
0.224915
-0.356242
-0.127869
0.606241
-0.861576
-1.02841
-0.873941
0.524505
0.969828
-0.4742
-0.30607
-1.07473
0.0513249
0.670988
-1.04202
0.109434
0.690651
-0.341862
-1.25215
0.807811
0.470347
0.37516
0.14781
1.31207
-1.03655
-0.617183
-0.632502
-0.105652
-0.469401
0.413006
-0.621194
-0.32858
0.512176
1.52758
0.510526
0.196621
-0.243049
0.702018
2.98908
0.884924
-0.845194
-0.837712
0.201408
-1.47725
0.533646
-1.60318
-0.449064
1.63507
-0.232034
1.04788
-1.6215
-0.154193
0.240565
0.245162
0.115014
0.824053
-0.0932269
-0.121999
0.965718
0.599125
-0.132837
-1.12576
-0.410104
-0.84291
-0.262767
0.127519
-0.347174
-0.828087
0.513204
-0.117665
-1.2743
0.274054
-0.0515167
-0.288063
0.501124
-0.308365
0.272671
-0.0443595
-0.276114
1.60647
0.105533
-0.869927
-0.0366069
-1.44629
0.184819
-1.42755
0.404352
1.18334
0.0143409
0.717859
-0.20265
-0.678384
-0.552542
0.177014
-0.34342
1.57528
0.740676
-0.413117
0.503112
-0.109699
-0.561417
0.567068
-0.600756
0.0961971
-0.31778
-0.860624
-0.140496
1.17441
1.17547
1.66707
0.751265
0.0244946
0.237696
-0.444742
-0.559304
0.542039
-0.913622
-0.241445
-0.289906
-0.758757
-0.149632
0.106715
1.06477
0.334841
-0.289656
-0.505541
-0.606329
-0.388287
-0.568483
-0.696704
0.550411
0.199962
0.0219494
0.116962
0.395398
-0.204688
-1.03182
-0.469312
-0.577741
-0.699712
0.743292
0.202464
-1.58682
0.746066
-1.00943
0.0535744
-0.407098
0.66778
-0.473296
0.52325
0.354792
0.0700175
-0.0207459
1.25603
0.00297335
0.645556
-0.277197
1.03421
-1.76607
0.557233
-0.224431
1.43248
-0.218272
1.68819
0.825919
0.342606
0.639095
-0.513304
-0.204903
-0.227318
0.981275
-0.416913
-1.43711
-0.814983
0.421028
0.180866
-0.0127371
0.30113
1.21191
-0.521277
0.293071
1.60633
0.0748824
-0.503848
0.192593
-0.802474
-0.79082
1.08354
-0.262536
1.11667
0.15505
0.199043
0.0472352
0.614656
0.534437
-0.664317
0.435796
0.494776
0.726278
0.36307
0.0208114
0.290671
0.166773
-0.138207
-0.071941
0.184972
0.258174
-0.748985
0.210655
0.153016
-0.268485
-1.60352
0.781651
-1.3521
-1.19815
0.0373442
0.20541
-0.537853
-0.289904
1.40892
0.127306
0.835849
0.398365
-0.144666
-0.586657
0.576271
0.251201
-0.0689889
-0.494568
-1.04875
-0.0303152
-0.964743
0.26236
-0.40215
0.308806
-0.746819
1.55686
-1.43634
0.207286
0.57331
-1.16798
-0.440417
0.300545
0.883548
0.567073
0.231014
-0.0752955
2.33768
0.734856
-0.224084
-0.22166
-0.687185
1.23133
0.694151
-0.798876
0.945933
0.321673
-0.231924
1.53038
0.302031
1.47588
-0.233281
0.428205
-1.26657
0.927539
0.182078
0.0648532
0.0510628
0.777895
0.802083
-0.25308
1.07227
1.87914
-0.2342
-0.870922
-0.366794
0.72943
0.502266
-1.01181
0.456566
-0.0404137
-1.03645
0.502641
0.582653
-0.093096
0.663249
1.40314
0.466348
-0.746956
0.274197
0.465069
1.14367
0.701042
-0.76464
-0.919492
-0.298861
-0.604891
0.537826
-0.284822
0.348786
0.248305
0.243858
0.442435
0.211521
0.0122534
-0.253719
-0.253489
1.2327
-0.640739
-0.61066
-0.416957
-0.0347662
0.595273
-0.760633
0.561494
0.723793
-0.453335
-0.784498
-0.612382
-1.58432
-0.214798
0.417556
1.0182
-0.0913096
-0.130062
-1.55279
0.285167
-0.262647
-0.341839
0.213016
-0.0571889
-1.23758
0.362158
0.277994
0.799971
-1.06863
0.294811
0.463274
2.04302
1.64075
-1.29387
0.629478
-1.68997
0.219225
1.15725
1.81726
-0.616418
0.0772166
-0.426051
-1.03279
0.341432
0.259072
0.994391
-0.125081
1.51884
-1.0455
0.423061
-2.15262
-1.34953
1.31802
1.08646
0.161577
0.838262
-0.736074
0.0275919
0.773444
0.0653705
-0.137094
0.806931
0.958293
-0.71071
-0.0878386
-1.15008
-1.21202
1.3248
0.288892
1.1718
-0.042782
0.255649
0.926715
1.07343
-0.595294
-1.1598
-0.660361
-1.06398
-0.706478
-0.530776
-0.248513
-0.185925
0.232942
0.245854
-0.143703
-1.29486
0.0683073
0.570854
-0.550501
-0.731446
-1.4399
-0.652146
-1.65219
0.584312
-1.2701
0.675518
-0.138322
0.850839
0.126969
0.733981
-0.27972
1.39431
0.105228
1.30364
-0.525817
-0.00161446
1.77549
-0.269578
0.832117
-0.530057
-0.540312
-0.670467
-0.79655
0.0455735
-1.03611
0.580841
-0.189146
-0.0519769
-0.614467
0.403948
0.596546
-1.66882
-0.0995184
-0.748352
0.566576
0.710898
0.891544
0.496856
0.859595
-0.157305
1.49789
-0.663387
-0.390708
-1.25908
-0.0920603
1.56803
-0.561589
-0.314691
0.186039
-0.0511587
0.0502413
0.988003
0.254488
1.70662
-0.383899
-0.818551
0.506657
0.360352
0.332707
-0.206139
-1.09246
-0.355219
0.162837
-0.259122
-0.947886
-0.353202
0.232414
-0.536328
0.917967
-0.424578
0.928007
0.549829
0.0479942
-0.0870008
-0.357884
-0.891885
-0.0225635
-0.8863
-1.49415
0.174784
-0.637439
-0.478532
0.074775
0.640586
1.23937
0.890131
-0.0893985
-1.77599
-0.600836
0.351145
1.23082
0.0537686
-0.091799
-0.463606
-0.852909
-0.492381
0.329547
0.623314
0.868159
-0.640846
0.818354
0.181312
0.478411
-0.815823
-0.520537
0.556254
-0.276238
0.876543
-1.29792
-0.664559
-0.868962
-0.621808
-0.0658487
-0.00157094
1.17005
0.387393
-0.905209
0.106234
-0.201365
-0.476561
-0.301062
0.018226
-0.345583
0.973771
-0.579379
0.14612
0.0147217
0.962707
-0.117754
-1.8969
0.442926
-1.29888
0.458358
-1.07233
-0.0543438
-0.787631
-0.407935
-0.451535
0.621594
0.602953
-0.583888
-0.125134
-0.0328546
-0.179874
-0.169477
-0.323627
-0.744381
0.482005
0.0237989
1.9179
0.680321
0.503091
0.40723
-0.0791777
-0.379615
-0.0474594
-0.496859
-0.735197
0.1542
-0.614713
-1.3012
-0.223072
-0.708382
-1.20379
-0.165167
-1.58495
0.500952
0.240117
0.0419076
-0.527282
-0.47355
0.377195
0.400509
0.541683
0.415042
0.467091
1.55687
0.451251
0.074692
0.23568
-0.65125
0.692802
-0.96394
-0.124116
-1.17563
-0.324305
0.385429
-1.46541
1.04714
0.24149
0.225396
1.53781
-0.418336
-1.00023
0.820842
-1.14284
-0.0573798
0.463158
-0.177794
-1.18678
-0.355018
-0.39313
0.446101
-0.556424
0.166279
1.34698
-0.352418
0.621953
-0.906399
-0.0413838
-0.338971
0.478683
-0.526072
0.150723
-0.0652427
0.676499
-0.152096
-0.251182
0.140643
-0.724114
0.494039
-1.1497
0.727268
-0.064173
-0.0673115
1.62171
0.358935
-1.1851
-0.411982
-0.400783
-0.552528
-0.757987
-1.21613
0.400024
-0.268371
-0.469279
-0.0783517
0.362958
-1.18768
0.485041
-0.32389
-0.239941
-0.113983
-0.234865
-0.376797
0.277054
0.64148
-0.242141
-0.832463
-0.0988327
-0.811253
0.595164
0.0847806
0.880165
0.274626
0.240139
0.530017
-0.962318
-0.154032
-0.578646
0.194568
0.0885956
0.18289
-0.802819
1.49738
0.292902
1.63414
-0.245876
0.141189
0.438977
0.764114
0.0563781
-0.163033
-0.694887
0.843749
0.788135
-0.683994
1.87241
-0.939332
-1.0633
-1.17819
1.24298
1.05455
-0.53549
1.05728
0.119658
0.499591
-2.11498
-1.40287
-0.719738
-1.35021
-0.158353
0.869109
-1.34294
0.00160275
-0.406991
1.1655
-0.743723
-0.545933
0.749949
-0.913141
0.175315
-0.369652
0.276254
1.36226
0.731213
-0.500694
-0.185181
0.2376
0.981346
0.185852
0.0994
-0.0792572
0.123567
0.67929
-0.239694
-0.208614
0.7662
0.198734
-0.0879943
0.63141
-0.202677
1.32846
1.01792
-0.0216498
-2.13613
-0.0481485
-1.20903
-0.844883
-0.186081
1.35569
-0.0886943
-1.81048
0.862451
-0.254709
-1.55695
0.0311082
-0.0656493
0.227252
-1.25638
-0.434015
-0.200359
-0.209336
-0.416221
-0.0744932
0.0801072
-0.471552
0.789112
0.739187
-0.602175
-0.566147
0.940666
-1.28994
0.398753
-0.06672
0.211671
-0.925406
-0.0954266
0.495498
-0.225868
-0.320873
-0.14307
-0.431035
-0.584135
-0.481923
-0.310876
-0.42634
-0.332521
-0.208678
-0.634486
0.669186
-0.317993
0.433602
0.608552
0.580882
-1.49074
0.981702
-1.76527
0.229199
-0.404895
-0.675481
0.102249
-0.782954
1.07138
0.17014
-1.0429
-0.598679
1.872
-0.632475
-0.0660642
-1.12397
-0.0168831
-0.189292
-0.46151
0.402047
0.19185
-0.602823
-0.187543
0.452661
1.11136
0.914844
-0.622192
2.39651
0.547627
0.00540735
-0.0252548
-1.12247
-1.17171
-0.279369
-0.255558
-0.123683
0.992234
-0.186238
0.472497
0.394599
0.382558
0.673181
0.475303
-0.796001
-0.381524
-0.16828
-0.135995
-1.09421
0.00975838
1.83209
1.36441
-0.680747
-0.01688
0.577253
-0.410992
0.511635
-0.67016
-1.22051
-0.0760854
1.02715
0.0654388
0.31772
-0.0228817
-0.656231
0.0407759
0.27559
-0.299953
0.185058
-0.135797
-0.550367
-1.12722
0.189601
-0.296329
0.662373
-0.0479856
-0.78057
0.56767
0.426328
1.44627
0.44095
-0.186616
-0.514606
1.64418
0.391733
-0.559135
0.0367693
0.15062
-0.0590721
0.19616
-0.203058
0.517227
-0.716792
-0.0185615
0.896375
-0.4471
0.111713
0.617765
-0.0792923
1.08519
-0.143185
0.703552
-1.136
-0.51639
-0.57228
0.300141
0.654042
-0.209602
0.17513
0.520824
0.129825
-0.564266
-0.202536
-0.281326
-0.82685
0.55839
0.0413586
0.408699
0.882172
0.301372
-0.461142
-0.0718133
-0.426679
-0.152134
-0.841977
0.731157
-1.55821
0.823754
0.968953
0.905315
-0.367988
-0.190915
0.415544
0.106996
0.998426
1.07686
-1.6078
0.657523
0.53002
-0.696317
0.0575659
0.0577898
1.46809
-1.20035
0.653414
-0.408289
0.0296103
-0.306515
-0.246187
0.454667
-0.683087
0.278349
0.224044
0.835241
-0.752858
-0.14139
0.653733
-0.735165
0.0260266
0.620035
-0.760388
-0.808222
0.402447
1.14493
-0.982701
-0.316823
0.0990777
0.404939
-0.069962
0.705418
0.375822
0.88816
0.384246
-0.899883
-0.550538
-0.573405
0.171351
-0.597542
-0.526179
0.32804
-0.46058
0.313728
0.152407
-0.0596499
-0.401606
0.112011
0.90195
-0.298955
0.69208
-0.798465
0.611339
-0.576059
0.0643091
-0.294908
1.20549
-1.15084
-0.453784
1.02275
0.550897
-0.62216
-0.732241
0.297698
-0.166413
0.450819
1.17569
-1.22873
2.42414
-0.159951
0.19052
-0.499891
-0.810843
-0.110552
0.908696
0.691135
-0.18109
0.0097362
0.117614
0.276983
1.88217
0.249681
0.276195
-0.0237032
-0.411244
1.00456
0.889075
0.882536
1.17729
1.40409
1.1206
-1.09847
-0.734488
0.214951
-0.419657
-0.311513
0.112553
0.0621453
0.946357
0.113783
-0.874286
-0.786741
-0.138902
-0.262447
-0.441115
1.22012
0.333973
-1.28332
-1.08116
1.16204
0.44705
-1.08578
-1.0006
-0.590543
-0.459058
0.186529
-0.467948
-0.742928
0.449862
0.338105
0.975976
0.914537
0.808541
0.779978
0.176527
0.361961
-0.519232
1.46266
-0.803089
0.990351
1.57937
-0.2504
-0.0933294
-0.0289456
0.237226
-0.305143
-0.229699
-0.863009
0.190106
0.315999
-0.730522
-0.373786
-1.05471
-0.454065
0.0491907
0.881141
0.17322
-1.08286
0.667191
-0.0299478
0.139303
0.902301
-0.0431814
-0.51117
-0.182321
-0.34067
0.128133
0.245975
-0.889128
-1.16881
-0.485559
1.58076
-1.10509
-0.461622
-0.388545
0.793274
0.340092
1.05768
-0.18048
0.151863
-0.401631
0.0784654
-0.705956
0.0339729
-0.0575605
-0.336229
0.27103
-0.0995423
-0.548392
1.67073
-0.485839
-0.13902
0.0923846
0.74223
-0.204653
0.305872
-1.39907
0.493667
0.928298
0.0190439
-0.857926
-0.944315
-0.881383
-0.223809
-0.198852
-0.0475859
-1.55051
0.628684
-0.602141
0.874391
-0.220171
0.0715956
-1.29285
1.42145
-0.467623
0.199186
-0.21179
-0.81432
-0.520073
0.624658
0.979043
0.382794
-1.57516
-0.00248645
0.388896
0.793244
-1.66698
-0.300088
-0.148783
-0.414113
0.596358
-1.11416
-0.69017
-0.265647
1.13848
1.55232
-0.0806595
-0.0956629
0.246304
-1.25963
-0.540342
0.330347
-0.447968
-0.267842
-0.384865
0.820845
-0.59242
-0.386833
0.614329
-0.404768
0.951556
1.26057
0.351398
0.20405
-0.683027
-2.33382
-0.58936
-0.987003
1.81813
0.207389
0.325505
0.599905
0.457551
0.231966
-0.0464223
-1.01518
-0.451537
-0.85139
0.0437596
-0.342589
1.55135
-0.796859
2.2143
-0.36594
0.218191
-0.283946
-0.174476
-0.181245
-0.0215491
0.545601
-0.600996
-1.40149
-0.438044
-0.322336
-1.53782
1.2433
-0.0499291
-0.99892
0.229799
-0.261655
-0.252984
0.677866
1.04882
0.856261
-0.494061
0.668538
0.179622
1.28054
-0.847989
0.474604
-0.273758
0.670378
-0.218334
-0.676827
0.30012
-0.209146
-0.394554
-1.44074
0.863759
-1.41806
1.07652
0.849735
-0.809712
0.891021
-0.570538
1.57687
-0.490783
-0.353215
0.770204
0.264528
0.676338
0.0631841
-0.216705
2.08894
0.188099
0.212096
-0.9351
-0.967087
0.113116
-0.87289
0.252999
0.995751
-0.603454
-0.819244
0.251188
-0.182037
0.253762
0.249929
2.2304
0.215248
-0.157264
-0.23364
-0.427607
0.513519
-0.225203
0.509853
0.19999
-0.942362
-1.07639
0.935083
0.649167
-0.332267
0.345697
-0.051035
0.209385
0.0360067
-0.14269
0.14613
-1.20152
0.00794468
-0.805958
-0.237972
-0.116482
-0.328458
0.909348
-0.284231
1.34351
-0.314728
-0.782438
-0.753217
0.259876
0.519696
0.363591
-0.111298
-0.122907
-0.656601
0.113955
-0.397293
0.609031
0.31023
-1.00239
-1.81691
0.0507087
-1.80171
0.109556
-0.427584
-0.383936
1.20501
0.12693
0.856283
0.237553
-0.039193
-0.16187
0.0992456
-0.0309474
0.288418
-0.542073
-0.332435
-0.173234
-0.758638
-0.461048
1.18791
0.471901
-0.485873
0.778877
-0.725415
-2.23193
-1.01694
0.238075
0.355909
1.08742
0.23237
0.117646
0.746944
-1.41988
0.492838
-1.01272
0.0715198
0.0706107
0.536156
-0.147141
-0.389853
-0.447789
-1.08062
-1.03384
0.391044
-0.332266
-0.887609
0.288875
0.219408
-0.283801
-0.554737
-1.74142
-0.263146
-0.334686
0.910753
-0.714477
0.508716
-0.51917
0.0348968
0.754583
-0.679774
-1.05974
0.36978
-1.03144
0.0498284
0.0926036
1.50547
0.146128
-1.04384
-0.150151
0.810775
-0.141909
0.0400495
-0.199317
0.002692
0.57641
-0.28315
0.693722
0.389912
0.289044
-0.207833
-0.923446
0.250984
-0.0825841
0.324673
-0.119942
-0.422105
1.37099
-1.97341
-0.0315232
0.280607
0.77625
-0.321074
0.307952
0.237217
-0.0320151
0.0224319
-0.488305
-1.60542
0.0663924
-0.895889
-0.397687
0.240119
0.0792905
0.737271
0.745016
1.93738
0.0190221
0.367767
0.249546
0.258495
0.807889
0.469418
0.837995
-0.5344
0.23398
0.860583
0.750735
0.53175
-1.82007
0.733852
-0.642561
-0.458875
0.383977
1.02688
1.05895
0.304074
-0.132414
0.629528
-0.0348608
-1.79309
-0.305419
-0.170591
-0.693809
0.0625953
1.10601
1.14921
-0.466628
0.291728
1.12545
0.205319
0.810743
-1.56956
-1.91162
-0.120016
0.503823
-1.7936
0.823364
-1.00852
0.148064
-0.0900586
-0.944873
0.472225
0.138896
0.721112
-1.57777
-0.776445
0.238594
1.17603
0.205357
-0.641986
-1.84373
1.17821
-0.497632
0.294482
-0.56484
-0.267065
1.16726
-0.83546
2.43145
-0.843262
-0.355233
0.286098
-0.748966
1.22045
-0.356397
0.909937
-1.56859
0.531532
0.117721
-0.456118
0.378635
1.06014
-0.0711726
-0.0290039
-1.29111
0.338865
-0.474366
0.828457
-0.737795
-0.295451
-1.26477
0.421094
-1.3227
1.08814
0.426452
0.829763
0.205455
0.480347
-0.127173
0.441933
-0.359489
-0.64471
-0.488656
0.736656
0.220291
-0.132179
0.488168
0.448603
-0.306895
1.08659
0.599117
0.67716
0.233801
-0.100306
0.253094
0.667868
-0.407775
-1.06937
-0.968703
0.399
0.232781
-0.929817
0.79978
1.54384
-0.259899
0.171995
0.195519
0.0921679
-0.0915089
0.410207
-0.53881
-0.111297
-0.180805
-0.130934
0.379614
0.225855
-0.289276
-1.13571
0.187253
-1.4976
-1.9686
0.728578
-1.16938
-1.20675
0.223768
-1.94148
0.0482227
0.797631
0.546369
1.08075
0.179785
0.128686
0.584184
-0.0348626
1.30302
-0.307227
-0.55358
-0.641214
1.79204
0.441471
0.154916
0.0404233
0.0415271
-0.0846405
-0.151442
-0.480527
-1.21086
-0.467466
0.19268
-0.753953
-0.555809
1.26305
2.5043
1.1005
-0.0145011
0.676948
0.00975168
-0.870411
0.195072
-0.311801
1.17217
-0.848783
-1.34427
-0.470957
-0.10472
0.886267
-1.14139
-2.14848
0.818413
0.644625
0.0374908
-0.139911
-1.01792
0.204917
0.67795
-0.321994
-1.05702
-0.047899
-1.3516
-0.662706
0.283133
0.0810347
1.08944
0.164744
0.692982
1.3724
0.517185
1.55252
-0.87633
-0.485033
-0.347001
0.994972
0.118706
-0.579667
0.0416934
0.638207
-0.631093
-1.03065
0.0534164
-0.273901
-1.31209
0.749493
0.758924
0.0759928
0.892251
0.364112
-0.541609
0.192454
1.23901
-0.848141
0.28602
-0.496481
1.18944
0.119484
0.303079
0.660181
0.586758
-0.752018
-0.761717
0.315735
0.209112
0.319064
-0.190828
-0.134238
0.160488
-0.293031
-0.920422
0.0761146
-0.594815
0.661588
0.528407
-0.0914219
0.612816
-1.53578
-0.495844
0.102144
0.0286593
-1.30169
-0.5703
1.41467
0.292525
0.421119
0.883603
0.0225158
-0.38155
-0.177985
0.185643
0.036423
-0.245572
0.521417
0.375576
0.748047
-0.278951
0.587024
-0.10551
-0.795899
0.221621
0.485885
-0.157053
0.388016
-0.337242
0.0819534
-0.535408
-0.102967
-0.167813
-0.275241
0.179648
1.92768
-0.0136221
-0.763154
-0.193457
-0.638278
1.38587
0.901863
-0.524104
0.0156853
-1.5749
0.37385
0.670005
0.386945
0.643271
0.716033
-0.435582
0.133313
-0.917412
0.53152
1.304
0.229767
-0.625335
0.513064
0.0847011
0.340483
-0.382101
1.14497
-0.169848
0.62789
-0.536338
0.332926
-0.0433695
-0.845877
-0.21172
-1.2207
1.63049
0.72994
0.804134
0.905517
1.38287
-0.181717
-0.508133
1.39004
-0.653022
-0.460673
1.43208
-0.439934
-0.0452773
0.717302
0.847983
0.934217
0.161945
-1.19796
0.935057
-0.691644
-0.415013
-0.924391
1.21827
0.474125
1.05482
-0.377601
-0.0878889
1.5869
-0.949786
0.354645
1.15994
-0.306658
0.01276
-0.104837
-0.664965
0.224948
1.12896
-0.740612
0.164694
1.02449
0.851555
-0.158386
0.293502
0.798036
0.361282
-0.401314
0.59552
0.292952
0.308702
0.834753
0.592412
-0.443462
0.198152
-1.67101
0.934155
1.04264
1.02342
-0.0563317
-0.556331
0.0796568
0.462865
-0.420821
-2.26436
0.456872
0.562342
-0.203357
0.398009
0.786636
0.0903883
-0.367101
-1.63786
-0.45653
0.758527
-1.20519
-0.148657
0.066354
-0.559247
1.05431
1.12859
-0.74585
-0.909366
0.397498
0.163894
-0.130158
-0.873032
1.61574
-0.0014285
0.856118
-1.15098
0.238467
0.61908
-0.595963
-0.173055
0.539192
-0.380975
-0.194277
0.963527
0.128948
0.502628
-2.369
-0.12712
-1.59897
-0.842332
2.41019
-1.20624
-0.116472
0.337379
-0.666262
1.10783
0.333821
-0.0643041
0.601389
2.27773
0.759841
0.884172
-0.417451
-0.572153
-0.200845
0.97637
0.816034
0.141301
0.823073
-0.60584
1.46269
-0.517936
0.127411
-1.20586
-0.946583
-0.831329
0.778521
-0.750786
-0.69371
-0.620032
-0.787686
1.0195
0.742039
-0.936419
0.766777
0.170676
0.61091
2.00836
0.29008
-0.329926
1.07461
-0.684573
-0.611698
-0.620035
-0.457799
-0.271897
-0.283841
0.411818
1.48361
0.588765
-0.248213
0.882974
0.65373
0.958281
-1.15096
-0.248508
-1.27521
0.667834
-0.963591
0.815312
1.41172
0.0323205
-0.0516394
0.653585
0.669529
1.64055
-0.371789
-0.765713
-0.83247
-0.304719
1.04656
-0.232597
-0.374652
-0.249274
-0.816347
-0.444863
-0.250113
-0.269539
-0.544727
-0.990635
1.80046
0.347904
-1.57227
-0.674738
-0.573273
-0.0224568
0.28864
0.916589
-0.507833
-0.12216
-0.108467
0.18936
-0.122604
-0.488216
-0.417237
1.02657
1.92812
0.14778
-0.535269
0.192679
0.374872
1.00479
0.181707
-0.172195
0.199959
-1.22862
-0.461168
-0.0485154
-2.01727
0.259162
-0.556055
0.686091
-2.42901
0.60507
-0.626113
0.580432
-0.882949
0.188293
0.621504
0.661205
-1.10884
0.236951
-1.25431
0.158453
-0.454168
0.233943
-0.483959
0.580365
1.38788
-1.39227
0.0203993
-0.782533
0.05771
1.15319
0.809073
-0.548715
-0.112413
-0.360742
-0.588114
-0.292763
-0.60598
-0.500081
-0.655659
0.250007
-0.19997
-0.454104
-0.593943
-0.408921
-0.0682627
-0.600958
0.235417
0.417965
0.396052
-0.880287
-1.24313
-0.346372
1.56494
0.31264
-0.396467
0.233177
-0.210739
-0.0843149
-0.220191
0.497942
0.505904
-0.646529
-0.632035
-1.94132
0.20737
1.43115
-0.609331
-0.708399
1.61119
0.172343
0.747315
-0.841699
0.206587
-0.359616
-0.468128
-0.449988
0.987353
-0.895286
0.707923
-0.490676
0.0735145
-0.23239
0.682468
-0.887008
0.825406
-0.247957
-0.30074
-0.0674554
0.472382
-0.17272
-0.00168447
-0.593561
-0.645414
0.153218
1.38379
0.653435
0.151691
-0.59308
-0.427123
-0.655161
-0.310536
-1.54685
0.046731
-1.21246
0.105873
1.2
-0.442807
-0.0187231
-0.106626
0.082184
0.303519
-0.618719
0.97249
-0.203484
-1.96179
-1.05219
0.574632
0.512586
0.423302
-0.30944
-0.329989
0.255635
0.0470868
-0.300976
0.871733
-0.00548912
0.272749
-0.57959
0.168578
-0.995883
-0.267459
-0.318477
0.858018
0.39399
-0.975415
0.164844
-0.934591
0.0855466
-1.10795
-0.263217
0.934482
0.471941
-0.00294134
0.32938
-0.622077
1.21822
0.624338
1.35465
-0.366646
0.000494764
-0.141074
0.263365
-0.217574
0.92208
0.363624
-0.14135
0.57292
0.8555
-0.481184
-1.13636
0.614625
-0.710537
0.566571
-2.57155
0.711612
-0.470679
-0.282141
-0.111972
-0.695165
-0.290799
-1.0642
-0.252364
1.13224
-0.16392
-0.366361
0.333174
1.24272
0.387561
-0.225375
0.757259
0.048826
0.579605
0.741075
-0.544086
0.0171536
0.0867118
0.526562
-0.31612
1.17759
-0.682093
-0.42474
-0.449551
-1.05237
-1.39254
-0.729753
0.500068
0.0452403
0.040169
-1.13257
-0.185249
-0.130995
0.270636
-0.580956
0.596842
-1.57363
0.603661
0.364175
0.221392
1.23791
1.07848
0.557037
0.212147
-0.164728
-0.480916
-0.229388
0.601159
-1.15719
-0.611936
-1.88954
0.194568
0.372274
-0.693013
0.863529
-0.219786
0.709463
0.118907
0.540966
-0.0947581
0.207525
-0.0103856
-0.225812
0.420255
0.213581
-0.606064
-0.790354
0.268146
0.365694
0.257201
0.752716
-0.73708
0.204658
0.0100332
-0.578445
-0.813598
-1.01319
1.74537
-0.983357
-0.653847
-0.422512
0.388629
-0.228521
0.258661
0.17511
0.55636
0.360545
-0.444088
-1.19904
0.771724
-0.5222
1.22309
-0.259094
-0.204162
0.333584
0.709839
-0.14582
0.110848
-0.817295
1.60173
-0.438955
-0.347303
0.38022
-0.580122
0.509864
-0.200922
-0.0523209
0.720911
0.0304517
0.752353
-0.0104654
-0.220348
-0.600085
0.300997
0.584833
-0.542836
1.27988
-0.9978
-0.31858
-0.324537
1.66471
-0.552381
-0.209653
-0.308546
0.722176
0.99347
-1.5425
0.603987
-0.0321148
-0.669525
1.12286
0.364828
-0.772363
0.992764
-0.749611
0.442821
0.971044
0.872124
0.367199
0.492815
0.464434
-0.645722
0.957483
0.456646
-0.229215
-0.508156
0.679342
0.280879
0.676943
-0.330272
-1.1149
0.149462
-0.409715
0.0625015
-0.645083
-0.0460077
-0.998772
0.57749
0.0167397
0.471126
0.356536
0.0552589
-0.963404
0.340605
0.882565
-0.102208
0.4961
0.403049
-1.41735
0.0617606
0.715053
0.101663
-0.0698767
0.804494
1.49111
-1.18926
0.176454
-0.972646
0.982308
0.484113
-0.636273
1.70814
-0.352657
1.39461
0.395923
-0.0503419
-0.424196
0.335709
-0.0123212
-0.481038
-0.261056
0.176637
1.49266
0.10671
0.187096
0.866882
-0.884202
0.265402
0.317343
0.121283
0.372254
0.192886
-0.5249
0.115951
1.58076
1.73988
-0.318406
1.07343
1.39256
0.0673759
-1.11014
1.45359
0.873678
-1.08172
0.624373
-0.451203
0.889338
-0.460968
2.18021
-0.182583
0.262029
-0.0205792
0.29374
-0.538677
-0.304795
1.96536
-1.13185
0.351365
-0.326696
-1.66213
0.248115
-0.32352
0.0840728
-0.123103
-0.068121
1.00932
0.804595
0.796467
0.147644
0.0651091
0.0936824
-0.243253
0.0208443
-0.159352
-0.578859
0.149559
0.515053
0.512675
-0.338342
0.745488
0.550964
-0.23386
1.51958
-0.795582
0.52747
-1.43947
0.224005
0.264281
0.0442953
0.0844185
-0.49017
0.108993
-0.652976
0.320011
-0.143473
0.378449
-0.883127
-1.52622
0.286023
0.0512913
-0.454933
0.109669
0.434101
0.286883
0.41681
-0.60235
0.506621
-0.0284706
-0.0795816
0.799579
-0.919535
0.124184
-0.115702
0.563429
-0.195374
1.13863
1.41624
0.372554
0.327363
0.492048
0.0632952
0.716637
0.0281938
0.11664
-0.678804
-0.0492431
-0.328513
-0.253571
0.0593061
0.567018
0.46365
-0.769128
-0.899065
0.647213
0.392954
-0.165338
-0.141824
-0.199363
-0.270318
-1.24892
0.18282
-0.560483
0.631938
0.371062
0.812358
1.39262
-0.718503
-0.0533566
-0.585305
-0.134327
0.0763592
-0.125433
0.106183
0.398113
1.1363
-0.255658
-0.119598
0.263797
-0.583591
1.66081
-0.124461
-0.585787
0.0492536
-0.450317
0.579251
0.756365
1.31029
-0.952903
-0.118849
0.0273544
-0.668915
0.313272
-0.370192
0.0436587
-0.771274
0.686619
0.301329
-0.233796
-1.49655
0.078569
0.991677
-0.504987
-0.233107
0.180386
0.0632487
-0.674385
0.343046
0.743129
-0.51667
0.426811
1.04016
0.679687
-0.849717
1.32891
-1.16753
0.0200585
-0.876213
0.824969
-0.134881
0.959999
-1.41801
-0.793167
-0.632989
1.72475
0.0604543
-0.535823
0.659456
0.0358707
-0.299716
0.536
-0.0945672
0.872256
0.465548
-0.514207
0.210774
0.237624
-0.158592
-0.0600488
-0.837534
-0.679048
-0.621259
-0.468137
-0.842886
0.19706
-0.633156
-0.636149
-0.735903
0.503108
-0.0855097
0.423668
-0.754992
-0.0741623
-0.489504
0.192786
-0.0228354
-1.24908
-0.553514
-0.929832
-1.51486
0.83161
0.50049
1.28307
1.12849
-0.514294
0.087842
0.734781
-0.136313
0.187726
1.87785
0.831
1.47779
1.19415
-1.02774
-0.591607
-0.11485
1.25402
0.11931
0.669769
0.122458
-0.27432
0.747805
-0.927442
0.807645
1.40801
-0.624505
-0.294564
-0.636264
0.23208
0.17532
-0.00395685
0.051676
-1.21256
-0.466523
0.16613
-0.513561
-0.792956
0.789317
-1.46987
-0.407993
0.289648
1.0126
-0.622485
1.63224
0.266117
-0.35847
0.184388
0.33508
-0.520125
0.159203
0.127042
1.8316
-0.173252
0.814764
1.36327
-1.94301
0.248114
0.236761
-0.154416
0.041272
0.504656
-0.184371
-0.728396
1.04987
-0.262999
1.19062
-0.227966
-0.27117
0.952862
0.452683
-0.0199582
-0.153804
-0.359818
0.760351
-0.289231
0.260442
0.206795
-0.467254
-0.514823
-1.0961
0.560935
-0.23677
0.981229
-0.247525
-2.10987
-0.105539
0.775846
-0.299081
0.389633
-0.591171
0.769881
0.267827
-0.476065
0.113629
-0.466215
0.131892
0.128156
0.0555084
-0.437649
-1.1827
-0.974485
-0.518456
1.24029
0.691762
2.28461
0.0140311
0.206391
0.144279
0.614407
-0.277005
0.545948
0.0914969
-0.100844
0.311643
-0.486754
0.853895
-0.0917607
-1.4367
0.640111
-0.0973604
-0.168737
0.974913
-0.0893592
-1.03612
0.253234
-1.08382
1.185
0.0625393
1.11366
0.0341867
0.537422
0.0184093
1.2997
-0.0263857
2.02709
-1.12022
0.0206805
-0.148269
-0.713467
-1.31962
-0.413753
-0.341134
-1.09417
-0.0522369
-0.784248
0.664961
0.903512
0.7237
-1.62285
0.556357
0.607706
-0.193037
-0.726682
-0.212109
-0.0829131
-0.453742
-0.00279022
-0.259542
0.269949
0.698538
-0.213388
0.872176
0.386482
-0.59115
0.590391
-0.703316
0.999264
0.133918
0.0445978
-0.879453
0.500875
-0.191411
0.344707
-0.736079
0.679029
0.952367
-0.216149
1.44286
0.342779
0.452582
0.573377
-0.61587
-0.537037
0.0783916
-0.666004
1.1964
0.0759113
-1.2036
0.266372
-0.511573
0.204724
0.279526
0.801767
0.391742
0.24479
0.0458544
-0.760239
-1.45236
-0.254722
-0.615586
-0.652889
-0.647592
-0.441596
0.775089
-0.325165
-0.00264475
-0.163379
-0.653357
-1.39151
0.338521
-0.107549
0.736154
1.2433
-0.354449
-1.48687
0.783935
0.481344
-0.119323
0.964726
-1.1433
0.251439
0.132012
0.606061
-0.041369
0.654483
-0.430837
0.265443
0.233276
-0.0715888
-0.658617
0.889496
-1.09032
0.161408
-0.188849
-0.793541
-0.0636533
-1.15137
-0.00123174
-1.75335
-0.112532
0.417806
0.760461
0.148164
0.177434
-1.06447
0.914634
-0.564351
-0.466783
0.280189
-0.988121
-0.277394
-1.15887
-0.933652
1.55847
1.63276
0.364499
-1.20719
-0.279274
0.404369
0.72801
-0.100499
-0.392022
-0.649327
0.758011
-0.1407
-0.491676
-0.070714
-1.16875
0.0921653
-0.526196
-0.0672128
-1.29348
0.209066
-1.5223
0.262334
-2.07998
-0.246088
0.106864
-0.950795
-0.0219707
0.202352
0.157624
0.636963
-0.298426
-0.379515
0.682112
-0.566654
-0.91503
0.811517
0.772251
-0.239794
0.424773
0.908251
-1.19139
2.79889
-0.613834
-0.086992
0.665155
0.249424
0.829915
0.183186
1.06427
0.96239
0.651164
-1.56636
-0.0863716
1.63116
0.573472
-0.198213
-1.43502
-0.133175
-0.0702559
0.830881
-0.113046
0.0906976
-0.0763107
1.01258
0.655325
0.327501
-0.0345823
-0.513165
0.456809
-0.716896
-0.0982356
1.53051
-1.32906
-0.351248
-0.241074
0.270869
-1.93116
-0.581254
0.816113
1.10718
0.095598
-1.24098
-0.236473
1.34822
-0.333146
0.0493493
-1.18064
0.145722
0.573721
-2.17924
-0.0326121
0.543596
-1.45983
-0.176856
-1.63763
0.410332
0.899707
-0.110894
-0.179283
1.24524
-0.0386272
0.477947
-0.279736
1.7285
-0.229067
-0.313683
-0.0192594
-0.120726
0.77775
-1.54138
0.021617
0.615857
0.573696
0.0728144
0.0430636
-0.300053
-0.65558
0.591154
-0.0909555
-0.693759
-0.940174
-1.57774
0.411698
-0.957888
-0.0348745
-0.291693
1.07967
0.441388
0.136728
0.43175
0.62294
-0.678054
-0.590358
-0.703909
-0.989878
0.221751
-0.832465
-1.48815
0.332333
1.35279
0.122612
-0.387119
0.635899
-0.213089
-1.88437
-1.46803
-0.0994638
0.369633
0.161395
-0.307461
-0.7451
-0.717332
-0.606183
0.247725
0.514809
0.633081
0.931314
1.47722
-0.517072
0.0566267
0.766282
-0.682606
-0.44198
-0.0207484
0.961779
-0.673826
-2.10344
-0.681059
0.24176
0.0292153
-1.38548
0.343678
-0.133722
-1.50728
0.160167
0.877344
0.560954
1.12877
0.125601
0.195525
-1.33808
-0.875813
0.225693
-0.985902
1.60008
0.521127
-1.19452
0.156178
-0.652096
0.528074
0.317401
-0.405951
-0.609294
-0.140555
1.315
-0.191907
-0.326481
0.862577
1.77427
-0.135317
0.322532
-0.487388
-0.0861303
-0.0221599
-0.131886
0.852693
0.206919
-0.0977949
1.67888
0.976572
0.981102
-1.0467
-1.26383
0.556751
-0.284145
-0.184641
0.647642
1.09619
0.453026
0.654996
-0.42491
-0.73855
-0.163408
0.328353
-0.5585
0.731449
0.414782
-0.668894
-0.148992
0.0879646
-0.176261
-0.761331
0.10053
1.1771
-0.664953
-0.0333792
1.65202
0.201225
0.375212
-0.646101
0.374436
0.526446
0.519949
0.653358
0.720792
0.0866225
0.613982
-0.191444
-0.104805
0.814145
0.112938
0.28392
-0.669613
0.477728
-1.53727
-0.0622422
0.729733
1.51333
-0.431327
0.415524
0.82535
-0.269649
0.127674
0.938693
0.706462
-0.276069
0.484804
0.423747
-0.353604
-0.938933
-1.02874
0.921646
-0.279323
0.180087
1.4138
0.879908
0.79468
0.0152301
-1.42846
0.998356
0.802656
0.639117
-0.197283
0.444515
0.126803
-0.574189
0.649723
-0.778009
-0.271655
1.36744
1.18424
0.785364
-0.895005
-1.94043
-0.253825
0.363145
-0.440648
-0.901702
0.527588
-0.242969
0.598048
0.969714
0.027524
0.00500105
-0.333233
-0.141736
-0.162981
-1.18321
0.121092
-0.896375
-0.765912
0.00815377
1.09311
1.40072
0.122929
0.186033
-0.137194
0.963432
-0.8338
-0.0305142
0.99069
0.420799
-0.708131
-0.334529
-0.518737
-0.0763489
0.115979
1.06876
0.285824
-0.564005
0.0465217
0.036193
-1.29478
0.587969
-0.00922458
-0.917553
0.722827
-0.000919305
-0.564195
-0.189791
-0.716659
0.382785
0.743279
0.387853
0.378633
-0.0461301
-0.403676
0.300401
-0.0905479
-0.730427
-0.500904
0.91155
-0.454499
0.345098
0.685368
-0.307634
0.887207
0.472622
0.463222
-0.185567
0.384959
0.212204
-1.25304
0.42489
0.939124
0.85032
-0.581007
-1.70497
0.105551
0.443964
-0.64594
0.91358
0.338375
0.285057
0.816658
-0.570811
-0.502213
-0.00474223
-0.67739
-1.64719
1.10006
-0.278163
-0.656028
0.774304
0.547673
-0.154836
0.178675
0.756355
0.271388
0.73334
-0.677364
-0.0432783
0.375348
-1.5234
-0.238589
0.619653
-0.00319377
-0.0942087
0.562392
-1.22838
-1.47758
0.457467
-0.52637
0.0155537
-0.74437
-0.82192
0.534274
-0.292158
0.719497
-0.622601
0.92358
0.548951
0.274655
-0.10324
0.866752
-0.59662
0.168584
-0.698826
-0.0621317
-0.445497
-0.485156
-0.643208
0.409601
-0.520607
-1.0286
-1.6728
-0.769689
-1.06904
-0.279216
1.45832
0.437249
0.349597
-0.103269
0.309184
0.275478
-1.18956
0.371193
0.966253
-0.24695
-0.0213419
-0.178515
-0.357672
1.63746
0.298076
1.09218
-1.51956
0.0718249
-0.134556
0.378808
1.03619
0.961977
2.07147
-0.229811
1.01775
-0.942882
-0.0141643
-0.0678907
1.0207
0.0215754
0.55031
-0.391768
0.696309
0.114737
-0.358045
0.215064
-0.282248
-1.27521
-0.503863
-0.170191
0.579616
-0.911164
-0.998803
0.208233
0.46573
0.164289
1.72369
-0.0376007
0.681448
-0.668267
-0.504975
-0.0149349
0.557163
0.175685
-1.52988
0.158826
0.214324
0.8794
-0.0487585
0.120845
-0.466267
-0.603859
0.456231
-0.217379
0.575698
-0.297101
0.584473
0.220042
0.0715066
0.12337
0.0608986
-0.369963
-0.572531
