-0.36784
-1.92375
-0.920038
0.856707
-1.42308
-0.088751
0.0650323
1.95271
-2.91667
-5.73897
-0.574864
0.269798
-0.440489
-1.49568
0.438271
0.662477
0.75782
-1.22212
-0.135423
1.73815
-1.40727
-0.792132
-0.0998265
1.55645
0.240164
0.26976
-0.0194337
3.19487
1.29598
-0.0249121
0.620468
0.366005
0.253871
-1.50364
-0.36918
0.516868
-3.42331
-0.0788765
-1.37821
0.950457
-3.1464
2.61554
-0.612611
-1.35055
0.625196
-0.207474
-1.57938
-0.213595
-0.645322
-2.0524
-0.861224
0.657088
-1.12656
-1.02238
0.622225
0.210256
0.442896
0.13011
1.4682
0.28512
0.391377
-2.12212
1.38803
-0.197461
-4.13505
-0.570951
-1.20854
-5.27815
0.560111
0.174136
1.95757
4.53743
0.763251
0.111214
-2.47349
-2.15886
1.4029
-3.13424
-0.0588986
-1.63396
1.02623
1.04402
-0.0420727
0.461265
-0.921065
-0.95506
-0.06529
-5.84471
-0.566456
2.35887
-0.637193
0.986326
-2.85087
-0.6872
-0.0189353
-0.322096
2.20543
-0.686683
0.128717
-0.415725
-2.54411
3.09144
-0.499572
0.210975
-3.12933
-3.89575
-1.71211
1.65589
-0.932735
1.8845
-0.53434
0.48671
1.05728
-0.11974
-0.110863
0.187257
4.55104
-0.293554
-0.823915
3.24003
-4.80447
-1.11071
1.00482
0.338225
1.17477
0.939557
0.663457
0.702134
2.28366
3.2068
-0.65411
-0.113111
-0.337143
1.08203
-1.05668
-1.17715
0.660675
0.217438
-0.171727
2.94982
-0.109216
0.795571
-0.239865
1.77968
-0.22986
-0.242167
-0.3441
-0.642324
-0.62719
0.765589
-0.881432
-1.05193
-0.26492
-0.250014
2.35017
-2.09759
0.0833008
1.04567
1.41048
0.233482
-0.118209
0.201383
-5.79647
0.389148
0.543961
0.580278
-0.0489316
-1.18597
-1.28617
0.936577
-4.22277
0.748989
-0.858805
-1.86786
1.16566
-1.24334
0.904912
-1.49301
-0.637695
-0.27776
1.63971
-0.445389
-0.893219
-0.753137
-0.0601791
0.123114
-0.559207
2.29621
-1.51827
1.942
-0.460155
-4.49926
-2.27223
4.24047
1.16864
1.64992
-4.77526
-1.51068
1.18534
-0.204227
-0.225181
2.72938
0.133326
1.03692
2.47665
1.49594
-1.7993
-0.244567
0.409835
-1.10998
1.72065
1.62095
-4.35005
-0.428783
-2.73897
0.225894
-1.29129
-0.219992
-4.67245
-0.284052
3.06267
-1.72144
-1.62273
-0.694532
1.4024
0.132107
0.972364
-0.886996
-0.128594
-0.318203
-0.425136
1.52464
-0.791579
0.552282
0.251353
-1.06691
-0.296794
0.501794
1.09271
2.60853
-1.11124
-0.387112
0.491305
-1.91518
-0.0725782
0.0239883
2.82522
0.957591
4.71413
4.08668
0.117857
-1.58635
0.78597
-2.9788
1.10436
-0.735652
0.665683
0.750459
-1.12915
-1.30802
0.517669
0.332978
0.891811
2.8099
0.091885
-0.37191
0.342874
-0.164182
1.46812
0.76135
-1.2031
-2.62345
-1.24746
5.81721
-0.166489
-1.84604
-0.611167
-0.607341
2.11138
2.24527
-0.36921
0.779053
2.38853
0.201921
-0.851703
0.145637
0.555269
-4.26427
0.638599
1.01269
-0.0801434
-0.801444
1.36973
1.1227
1.48543
-6.05458
2.12156
1.98554
2.36159
1.81949
-2.85127
0.194261
-1.61713
0.566728
-0.99941
-1.75693
3.63464
0.952221
-4.91238
-0.0764618
-0.151174
-0.565358
0.860708
-0.448555
0.909288
-0.112685
0.120015
0.0893362
0.908863
-0.835271
-0.417133
0.0420928
-0.173951
0.330424
0.168149
0.133346
-0.516591
1.92877
3.43568
1.8947
-0.616328
-0.168884
-0.584792
-0.11378
0.380239
0.444386
1.42953
1.67105
-1.70871
-1.75266
0.041115
1.7181
-0.244824
-0.231222
-0.523947
0.302115
-0.235799
-0.177183
0.00606517
-0.451007
0.0913503
2.81161
-1.80101
-0.513652
0.309103
1.70774
0.345701
0.0937334
-0.0921498
-0.72397
1.4089
-1.56384
-0.00836315
2.44189
0.466631
0.996804
0.73297
0.915551
-0.495785
0.115147
-1.33286
-0.445388
1.22381
-1.0839
0.618598
-0.0946252
5.0242
-0.167053
0.0156055
-0.486229
0.98582
0.985787
-0.624345
-1.302
1.15157
-0.645922
1.02702
-1.327
0.854644
-0.0705938
-0.269425
0.889666
0.2984
1.4986
-1.46358
1.13587
0.884592
0.248393
-0.303386
0.374441
-1.24135
0.0893563
-1.83968
0.314597
0.534082
0.0961885
-1.78794
0.602866
0.955988
-0.470035
-0.892828
1.56382
2.31921
1.93702
0.74876
0.576446
-1.02631
-1.1926
-0.142363
-0.599865
2.74524
-2.3092
-0.371574
-3.52753
-1.86244
1.7173
0.825946
0.096718
3.46929
0.100306
1.42393
-3.84779
0.394836
1.51639
-0.944128
1.77675
0.520378
-0.392413
-2.19443
-0.874588
0.389035
-2.34543
1.12984
1.70885
-0.728235
-0.473418
-1.13974
2.24427
0.609924
-1.39414
-0.181482
0.519752
-1.89035
-0.0158875
-0.119731
-0.550013
1.21646
-0.039531
3.10792
1.42033
5.01362
-3.07943
0.0584578
-0.633341
-1.68231
0.646989
2.78219
-0.260611
-0.673846
-0.506352
-0.855918
-1.95903
0.488343
1.02534
0.375569
1.40819
1.67742
-0.904165
0.804937
-0.883355
1.50885
-1.28614
0.156366
2.36629
-1.31957
-0.371713
-1.18445
-0.800608
0.861374
0.455912
-3.16839
-0.795197
-0.101323
2.47362
0.634987
-0.170635
-1.71115
0.765703
0.0589552
1.0686
-1.00041
0.57661
-0.41651
0.911538
-0.543492
0.404616
0.892435
0.643656
0.805517
0.636638
-0.82255
1.9176
-0.610416
2.52839
-0.0833737
2.7507
-0.966735
-0.0578813
-0.667775
-0.0193627
-0.934172
0.411768
-6.43078
0.155297
-5.823
-0.286579
-1.5673
1.05728
0.894846
-0.627271
0.61983
-1.03057
-1.17986
-0.0405576
1.24202
0.440786
-2.01705
1.14987
0.981564
-0.846155
2.09485
-1.07627
1.61802
-0.180068
-1.51631
1.67921
0.0835588
-1.52437
2.21329
0.456733
-0.711427
1.52637
-0.327066
-0.294401
0.572181
0.245175
-0.381831
-0.373462
-0.212779
2.71159
0.297313
0.0631714
0.0963049
1.19227
1.30984
0.0362051
-1.00583
0.462763
-1.65265
-0.843137
0.603009
-0.275783
1.13203
-0.137004
0.619268
-1.17593
-0.0548362
2.17166
-1.1918
-1.52631
0.408819
2.71089
0.949537
-0.0498864
-0.98406
1.56989
1.02817
0.45278
-2.78482
-0.193155
1.54815
-0.59776
-2.72813
0.294864
-1.16969
2.70323
-3.76142
-0.376349
1.05365
-0.211162
-1.45352
1.98737
0.305168
0.270583
0.840842
-0.82653
-0.854255
0.148204
0.227275
0.267162
-1.70951
-0.109594
0.968631
0.656828
1.1998
0.37427
0.496395
0.921132
-1.49331
0.834447
0.141585
0.852434
0.752968
0.584384
-4.57728
0.412828
0.497662
0.338381
2.81383
0.773301
0.496306
-0.18462
2.57688
1.60827
0.486532
2.44354
-0.681521
1.36834
-0.181606
-0.317396
1.98017
1.42098
-0.132206
-0.777888
2.78693
2.97854
3.6242
-0.472425
0.652042
2.37399
5.74123
-1.56379
3.11278
0.690788
5.33931
0.688482
3.15926
-1.47951
-0.325922
-2.25474
0.438276
-0.668843
1.31227
1.84759
0.173211
-0.21728
1.96772
2.36294
-3.42218
0.0951483
-1.44237
-0.658841
-0.442978
0.736764
-3.31959
0.387121
-0.782681
0.387554
-1.02356
0.854302
2.56567
0.25961
-1.55658
1.41787
-1.31425
-1.6776
-0.203676
-3.10927
-0.627303
-0.302371
0.49799
-0.802982
0.771249
0.164268
1.20633
1.30992
0.242672
-2.92185
0.384479
-0.410305
-0.192367
0.163257
-3.5887
0.247024
-0.189593
-3.14009
-4.24195
2.85855
-3.44033
-1.5275
0.442894
0.281028
1.26215
-0.322903
1.25796
-3.56069
2.82275
-1.05024
-2.44243
-0.917404
1.10125
-0.433673
-1.71442
-3.7489
0.163417
-0.562355
-0.4928
2.72239
0.0629117
-0.190249
-1.69462
0.413337
0.733564
-2.0673
2.13266
3.7727
1.11439
-4.54065
2.93547
-0.789611
-3.21523
1.02905
1.26037
-0.233581
-0.572048
1.53493
0.700832
1.85176
-0.430054
2.70649
0.476754
1.43317
1.46946
-0.921445
-1.16424
0.430326
0.215307
2.28871
1.46074
-0.249359
-1.69525
-0.580604
-0.487909
-0.114095
0.0598039
2.50758
2.56712
-0.818228
0.399268
-0.997944
0.872304
-1.2905
-3.06098
-0.756156
0.058578
-0.775769
1.62504
0.355544
-1.81731
2.35239
-0.413381
0.386666
1.3052
-0.497104
1.87384
-0.797961
0.640792
0.092526
0.900108
-0.797842
1.15534
-5.31063
-0.371321
-0.182304
0.0815628
1.49473
-0.63456
0.240926
2.04513
-0.548333
-1.91426
0.254946
1.73274
1.29991
-1.49878
0.365803
-0.282986
0.99706
-1.09313
-0.76684
-0.10937
4.43725
1.4379
2.0686
-0.724583
-1.64287
1.7125
0.673787
-0.951555
-0.144366
2.02078
0.578996
1.60808
1.12253
-0.176456
-2.51586
-0.0820029
0.813972
-1.04593
0.277072
1.21483
1.12041
0.958616
-3.78899
2.15993
-1.27925
3.82589
1.54177
2.03408
0.0323362
-0.12474
-1.14149
2.64507
0.115933
-0.738177
0.913925
-2.86395
0.263894
-0.897187
0.195351
-0.52453
-1.116
0.264117
3.05035
1.27665
-3.84771
1.10824
-0.631767
-1.35793
-1.94938
0.257154
-0.731349
-2.79173
0.170774
1.146
-0.103243
0.759189
-0.831977
-1.63296
1.18289
-0.229762
-1.64336
-0.0691934
0.765169
0.0568067
1.17538
-0.561561
-0.434426
0.131506
2.0599
1.29824
-0.00607224
-1.76152
0.369892
0.497155
0.920278
0.639856
-1.10364
-1.27107
1.37068
1.19917
-0.336366
-0.735141
-0.20633
0.645554
1.05391
-0.00975376
2.88996
0.269409
0.211499
-0.138853
0.0709888
-1.14244
-0.457373
0.509092
-2.89628
1.49516
-1.87128
-0.758417
-0.843628
0.105996
-0.89155
-0.0422284
3.92542
1.00144
1.46634
-1.71402
-0.230809
0.191706
3.67748
-3.04386
-1.21179
2.20233
1.03142
0.0632293
-1.04106
0.54067
1.76721
-0.292677
0.0850773
0.192092
2.85696
0.338045
-0.0316833
-0.0322888
-0.805656
-1.37858
-2.36068
1.16186
1.3861
-0.251975
-1.31885
-0.885942
0.0634501
-0.949761
0.390886
1.11296
-0.491222
1.11132
1.02917
1.58758
-2.40341
0.391817
0.913458
-1.75772
1.04143
1.5942
1.63722
0.115649
-0.592975
1.39238
0.342638
-1.38246
-1.8688
0.965977
-0.7177
-2.18036
-0.766059
-0.66107
-0.0281954
-1.96558
3.11718
-0.225329
-0.167958
0.766288
2.71455
0.0567397
1.17491
0.803493
0.691931
-0.952326
1.46495
3.96263
-0.066004
-2.4289
-0.0245035
-5.27401
-0.754819
-0.25727
-3.8179
3.25729
-0.849587
0.174026
0.407371
1.71698
-0.480882
-1.2587
4.63159
-2.42957
1.17625
0.662202
-0.660782
-1.012
-1.00832
-1.63961
-0.115611
-0.80632
-0.626755
-2.86522
0.871112
0.536697
-2.16779
-2.7709
-0.417015
-0.077388
0.152804
0.273478
-0.612639
0.0579302
0.7325
-0.0952962
0.567913
4.88462
-2.85169
-1.63269
0.152076
0.217885
-0.299473
0.42728
-1.42075
-0.455922
4.80856
-0.193626
1.13716
-0.0795734
-1.42915
0.781562
-0.814836
-0.0805917
0.0680488
-0.0300348
0.376401
-0.331524
0.684904
0.953475
-0.0885074
-1.34804
1.69293
0.304704
0.752647
0.32047
1.56739
3.15557
4.95395
0.999432
-3.69242
-1.73061
-1.39446
0.421095
0.209618
-0.014551
-0.0398255
0.469796
-0.288751
-0.921668
0.555743
-0.768414
-0.57946
1.33157
1.55773
2.04827
-3.67282
0.139813
0.606955
-1.67431
1.95439
0.128896
0.36798
-1.24277
0.118373
0.141353
4.17669
-0.678283
-0.452285
-0.602845
-0.304794
-3.3523
-0.668113
1.34162
0.338728
-2.58543
3.80205
4.31974
0.237364
-0.628794
-0.437958
0.0330921
0.0683628
-2.85048
0.931627
-0.475598
-0.742224
-0.930897
0.610115
0.509038
-0.43465
-3.36205
1.32343
1.64366
-0.582234
0.203814
0.159192
0.501292
0.116054
-3.05067
-0.339254
-0.262164
0.970998
-0.268259
-0.51748
-2.08113
-3.57817
0.86479
1.39029
0.347203
-1.48008
-1.89784
-3.18821
-2.56445
-0.240977
2.36919
0.569384
-0.359514
0.892002
-0.622318
0.563273
0.222733
0.982906
0.375247
0.0709714
0.159906
-1.88938
0.976063
3.05514
2.58786
-0.580138
1.0995
0.104768
0.858972
0.279214
2.35293
1.01379
-0.395098
-1.16164
-0.314584
0.631262
-0.0892419
0.0475549
0.564871
-0.289256
0.925837
0.221526
-3.99581
0.393396
-0.439381
-0.0832823
-0.573711
1.19491
0.640396
0.585682
3.17939
1.22826
0.170063
-2.13338
0.76324
-1.01283
-0.509398
0.509014
1.4724
-0.804817
0.165014
0.493986
1.92448
-3.8378
2.97061
0.666418
0.0548957
0.387974
2.8758
-4.6981
-1.0353
0.227762
-1.71557
0.0214567
0.466821
-0.129392
-4.86159
1.58254
0.508575
-1.45812
0.196719
0.185875
3.24138
-0.675066
0.368657
2.59901
0.852268
2.21377
-0.0528077
-0.919448
-0.884114
0.68119
-0.346183
0.489104
1.24132
2.51856
-0.368575
-0.0952596
2.17815
0.216449
0.222787
0.338069
0.503541
-0.446126
1.53105
4.65318
-0.679124
-1.40068
0.072772
-1.52402
0.887915
-0.31074
-1.23762
2.85001
0.82694
-1.2003
1.73755
-1.87831
0.458354
-0.391873
0.243797
0.221119
-0.287657
-1.43329
3.5939
0.0180277
4.94543
1.41236
0.00202995
1.66128
0.163718
-1.07994
-1.53957
0.0885492
0.907265
2.09301
3.6384
-2.12951
0.123994
-1.24166
-0.652271
1.78642
0.658029
0.707605
-3.31515
-0.603794
-0.150298
0.860204
1.94427
2.79611
-0.24827
2.64767
-1.29217
-0.232773
-2.24794
0.119666
5.05824
0.519851
0.26469
2.07671
-0.152975
0.487599
0.0601457
-1.51802
0.665529
0.252884
0.180453
-0.357744
1.81967
-0.644481
-0.752264
-1.5704
0.0893753
4.91057
-0.994269
-1.46321
-0.0271447
0.474086
0.00700263
0.224659
0.90065
-0.655477
-0.358068
-1.81389
-3.21918
-1.28389
0.0797375
-5.24276
-0.724403
-0.553742
0.906424
0.972753
-4.82697
-0.157169
-1.15163
2.87087
1.40497
4.12114
0.272813
0.1307
-0.76764
0.216407
0.28622
3.4604
0.371048
-0.51645
-2.07165
-0.42822
-0.515711
-0.50134
-4.31359
0.245176
0.304072
1.10583
0.572558
1.52447
-0.827927
-0.743188
-1.24114
-1.04288
1.29029
-0.443819
-3.87593
1.64281
-0.655247
-0.250023
1.28361
-0.574862
-0.711419
-4.11006
-0.740619
-0.00428857
-0.0409637
-1.42929
2.63794
0.287332
0.612188
0.583681
-0.742685
-1.76916
0.975195
-1.46294
0.184726
-0.408801
3.62183
-4.83374
0.971205
-0.862487
0.547061
-2.91181
1.22306
-0.383074
0.928442
2.48296
0.617165
-0.27716
-1.93979
-0.917566
-1.28978
0.0117665
-0.171494
0.70511
-3.72736
-0.415207
-0.738343
0.64845
2.57195
0.897074
-1.70561
-0.135805
-1.21319
4.66592
-1.5763
3.42372
2.44263
0.352339
-0.690641
-1.66015
0.495281
1.0103
0.729879
-0.235517
-0.774488
-0.291229
-1.23004
2.4657
0.70474
1.86788
-2.23157
3.88933
1.97596
-0.759083
2.59325
1.31734
-0.273481
-0.065734
0.0870319
-0.65876
0.715103
1.45857
0.0199895
-0.694567
-1.37487
0.512438
0.377469
1.04588
0.170983
3.82494
0.0273706
-0.0414283
2.75162
-1.38837
-0.0821376
-1.75562
0.567014
2.52782
-2.3337
5.5892
0.124133
3.02715
-1.27045
0.859774
-0.0216693
1.27349
-1.23272
-0.512024
0.367048
-2.48849
0.132878
-0.107189
1.14921
-2.71701
0.952964
0.788498
-0.961758
0.121588
1.71729
0.60071
-1.03136
0.944904
1.19812
2.5511
-0.502769
-0.978477
-1.36901
0.668175
1.45729
-2.21547
-1.98575
0.90001
1.26982
-0.719424
0.6701
-1.83182
-2.10166
-1.14869
1.9459
-2.39195
-1.58618
0.200884
0.676884
2.15117
0.0698319
1.02469
-0.823054
2.65135
-0.115638
2.78786
0.0244062
-0.397655
0.553564
-0.718272
-1.93246
-4.39235
-0.743544
-1.08727
-0.283774
2.08492
2.39177
-0.280359
0.595593
-1.06955
3.21418
0.460299
-2.25375
1.40236
0.229606
1.52199
1.35691
3.3609
-0.872063
3.60133
-0.463213
1.08205
-0.0222017
-1.84857
-2.47642
-0.336548
0.15627
-0.0568115
-1.42439
4.52966
-0.14394
0.388371
-0.505925
0.377694
-0.309473
-0.731851
-0.70841
-1.89088
-0.751613
-0.807273
0.652603
-0.163618
0.707635
-1.84002
1.72221
2.15867
0.520547
-0.111395
-3.08668
-0.374711
2.26978
0.12099
-1.46345
1.15818
0.624532
-0.318996
-0.31199
-0.169079
-1.11703
3.16128
0.479998
-3.23387
0.0706078
0.382537
1.21009
3.25706
0.219028
4.21589
-0.2366
2.94086
0.415393
0.847405
-1.5777
-0.591545
0.538341
-0.240706
1.51506
0.76552
-1.85801
-0.108445
-0.0642388
-0.482773
-0.617085
2.04589
0.436934
-1.02612
-0.261462
0.134702
0.450156
0.0451111
0.429945
-1.75117
1.26781
-2.37048
0.333945
-0.899054
0.391184
0.18831
-0.543112
-0.482912
1.68271
-1.35635
-0.63781
1.53907
1.61546
-2.68998
-0.812656
4.70054
-0.178707
-1.00176
0.523214
0.856745
1.42082
1.28718
-1.64874
1.25741
-0.125075
-1.77117
1.4197
3.00617
-0.915392
-0.743402
-2.62936
-0.372217
0.624462
-1.77194
2.31107
-1.0353
-0.905422
-1.13531
2.06597
-0.195478
-0.225253
-0.809865
-3.01916
-0.513656
2.33723
1.57326
1.18934
1.396
1.16513
0.839225
1.47608
-1.74751
3.54465
-2.56364
-0.500536
-0.225469
2.64541
0.557265
-2.26668
-0.447081
-0.309039
-0.0437168
1.17504
0.467408
0.0942294
-1.22565
1.12573
-1.94885
2.4986
-0.194059
-0.0282701
-1.1004
-1.4903
0.103463
2.66461
1.09241
0.27309
-1.06057
-0.660788
0.513043
-0.28684
0.517124
2.39243
-0.432422
-0.804759
-0.493734
-2.76165
3.01022
2.67545
-2.72208
1.65053
1.0666
-0.182669
-0.402605
-0.658115
0.76913
1.07036
-0.243046
1.06938
-1.92946
-0.5029
-0.00141312
0.879373
0.346416
-1.05531
2.6051
-1.31844
-3.02107
0.609153
1.02505
-0.632107
-1.97453
-0.856622
-0.237313
3.7602
-0.0500624
-0.0896064
-4.43029
0.998196
1.3255
-0.701342
1.85219
0.00246331
1.05527
0.0419055
-0.460213
0.682547
-0.0844726
-0.314673
0.081608
0.645845
0.454524
0.990322
0.867816
-5.02837
-0.950738
-1.46534
-0.680054
-0.307621
-3.83563
0.126499
-0.462444
-0.282965
-2.96329
-1.64003
-0.651439
-1.90558
-0.613566
1.37943
0.657484
6.60412
-1.03803
3.93782
0.0561296
-0.585463
-1.79677
0.0626915
2.76499
0.866176
0.323508
-0.365382
-0.0802837
0.647401
-3.53473
0.284426
-2.52095
-1.10927
-2.02269
3.30375
0.805888
0.659263
-0.0944336
-0.0109173
0.38115
1.36805
0.00437777
-0.946587
-1.71879
0.835229
-0.73849
-0.173454
-0.981135
-1.60413
0.285628
-1.26274
-2.19934
-3.57016
1.288
0.2943
0.827967
0.127549
0.171898
0.191113
-1.4733
-2.30817
0.0664413
-3.36427
0.119355
-0.877963
-0.0471507
2.07066
-1.121
-0.0141634
0.573754
0.265146
-0.47346
3.74168
-0.272623
-1.60252
0.177466
-0.484435
0.800643
2.09271
0.402187
0.286424
0.783345
0.322387
0.846567
1.00922
-2.27139
0.449611
0.581187
-0.134253
2.94626
0.00687929
-0.868139
1.34749
2.27269
-1.22667
0.631126
-2.84265
-0.072094
1.04607
0.106446
0.591573
-0.357874
-1.46821
-1.34991
1.46546
1.13655
-1.30235
2.91753
-0.00334647
-2.21324
0.0240153
-1.26987
-1.2448
5.19551
1.69187
0.265364
-1.14675
-0.794865
-0.291439
-1.03542
-0.427827
-0.349335
2.20538
-0.280453
0.10589
0.0519295
3.37989
-0.679456
-0.00887963
0.131972
-0.819788
0.463659
0.76823
0.318717
3.44803
-1.02592
2.37343
0.183227
1.12096
-1.15135
0.0131784
-0.348547
0.0448352
-3.49282
0.0639745
-1.92032
1.30656
-0.862262
-1.48445
0.217413
-0.801574
-0.318052
0.668092
2.76217
-0.008049
-2.11203
2.68107
2.97673
-2.14269
-2.01124
2.60197
-4.63887
-1.59676
0.557918
0.321044
-0.552321
0.693131
2.79448
-0.260655
0.239365
3.10952
0.244013
-1.06288
0.414542
1.37675
2.68068
-1.54711
0.910205
1.2235
0.226328
-1.68309
0.186159
0.565718
-0.135882
2.69266
-1.96944
0.957207
0.642114
-0.545767
0.261233
0.626335
-1.18489
0.14367
1.20432
0.666946
-1.91118
-0.512601
-0.0526806
4.75667
-4.62409
-0.648887
3.41818
0.649624
1.74967
-3.75399
-0.498048
-0.666921
0.95859
-0.261928
-0.841478
-0.120148
0.0962614
0.887425
1.09105
-0.864155
0.0982719
0.957091
0.598502
0.271938
-0.167245
1.60115
0.712017
-1.21203
-1.81267
-0.106075
-0.96992
-0.209803
0.514802
-0.500735
-0.785574
-3.19087
-0.163783
-0.575794
-2.83012
0.36645
-0.626003
0.407775
-0.2259
-3.78942
-0.393423
-2.99625
1.35834
2.74689
-3.17464
-0.211912
-0.802603
0.500823
0.209953
-0.0838277
-0.555571
2.78607
-1.08543
-1.2763
2.56593
1.15315
-0.81673
-0.170603
0.685065
-4.87563
-1.51945
-1.25934
3.01001
-0.18122
0.787464
-0.11361
-0.360126
1.81655
0.876836
-3.88256
-1.67509
-1.10322
-1.22438
2.28749
2.10715
-1.00263
0.112307
0.937375
-1.59537
-3.30905
-0.418335
1.78852
-2.14854
2.33778
0.986603
-1.47229
0.844369
2.90058
-0.548987
-2.27637
0.139015
-0.42593
-0.0667071
-0.997225
2.11572
-5.07402
-1.65871
-1.56098
0.570918
-0.429259
-2.48992
-0.127478
1.69324
-4.04987
-0.784044
0.109943
-0.602938
-1.06581
-0.130911
0.312139
-0.272188
-0.294314
2.00425
-0.399526
-0.475614
0.975686
-1.60015
-1.55993
0.777844
-2.72041
0.796016
-3.81309
2.06883
-2.67886
-3.23756
2.90754
-0.0239885
0.136109
1.13956
-1.18891
-1.25009
3.01996
-0.810532
-1.49528
-0.633446
-0.853418
0.71557
1.81866
0.0159936
-0.512832
-0.316986
-1.45123
0.993576
3.10913
0.475136
-3.71379
-1.29841
-2.46524
0.759042
0.0539109
-1.06588
0.709281
0.433208
-3.36143
0.370075
0.570547
1.53428
4.82906
-0.0826368
-0.559423
1.01621
-1.21817
0.494216
-0.241687
-0.26155
0.582896
-1.90154
0.56812
1.92304
-1.06735
-2.24204
0.801196
-3.30166
-0.734887
-1.15034
0.559801
-0.0556374
0.543963
-1.05076
4.98437
-0.814569
-0.562865
-0.351997
0.157075
0.344309
-3.64525
0.371357
1.72628
-1.14096
0.478112
-0.980916
0.206849
-0.684357
-0.424613
0.5838
-0.913464
1.31963
-0.739304
-0.150954
0.0740814
0.411475
-3.39449
0.15191
-3.0437
-5.94767
-0.508246
-0.16354
0.303732
3.17767
4.88612
1.49221
-3.69472
1.23
-3.04163
4.27719
0.660932
-0.133048
2.64535
-0.562468
-0.0879025
-0.197032
0.781532
-0.362066
0.497277
1.0859
0.0419351
-0.845025
-2.77325
0.436673
0.530923
0.473296
-0.27282
0.579056
0.659586
-3.24256
1.30536
0.615741
-4.69485
-0.208838
-1.15407
-0.575231
-0.0557651
0.325634
1.7679
-0.257875
3.56571
-0.361313
-0.291228
0.265372
-0.950829
1.89676
-0.567842
-0.991487
1.31707
2.5282
1.07838
-1.08143
-0.811098
-5.10059
-0.793044
-1.15571
2.37153
-2.56229
-0.961527
0.260046
-0.292356
0.428333
-0.511728
3.82325
0.855854
-0.262396
0.344046
-2.36935
-1.96657
-0.214374
1.54957
0.14105
1.66098
-0.282957
0.0728277
-1.56815
0.0569762
-1.35532
-0.659967
0.04756
-1.72601
-0.771542
-0.922181
-4.11181
0.34518
-0.811653
-0.670167
0.0544571
-1.71243
-1.7636
0.100142
-0.682228
0.377083
0.868512
-2.1948
1.84788
0.491859
-0.032036
-0.510007
-0.28133
0.293806
-1.79132
1.50639
-2.71461
1.02607
-1.5965
0.0427764
-0.0598402
-0.619446
0.431783
0.617274
-6.51747
0.576789
-0.682656
0.641636
1.26663
-0.778175
-0.601614
1.56206
-0.237425
0.050324
0.361251
-0.0836166
-0.16537
0.670161
0.0605561
-4.94027
1.81532
-1.31231
-0.244345
0.18537
-0.267037
1.35359
0.423076
-0.172695
0.455214
-3.14206
1.14269
0.43881
1.59166
-0.517394
-2.03782
-1.294
-0.37145
-1.35753
-0.575639
1.71661
0.0270749
-3.5807
3.92175
0.985537
0.971804
0.136626
0.0359203
0.226559
-0.50378
0.645614
2.66751
-1.09229
-0.46431
0.248294
1.4743
1.36277
0.35348
0.35004
1.27802
1.09832
-5.72647
2.11628
0.0258757
-1.21076
1.30283
0.0476668
-0.944794
0.835006
1.32231
0.576378
1.02309
-1.78159
1.28806
-0.559444
0.199656
-0.89965
2.25393
-2.60438
-0.430506
0.336372
-1.90528
-2.20195
-0.503708
2.96568
1.27051
1.79413
1.05505
-2.46237
3.51105
-0.524793
-0.736155
-0.1186
-3.21923
-2.03741
-1.53961
-0.489578
-0.220079
-0.937269
-2.01946
-0.515805
-1.82879
1.01804
-0.160676
1.77871
0.896892
4.22515
2.09207
1.48191
-2.67322
-0.785136
-0.159985
1.91852
-0.254767
-0.268913
1.96865
0.406354
-0.836145
-0.788407
-2.33803
-0.211008
0.0414951
0.244012
-6.85041
-0.0222528
0.313174
-0.207219
2.55561
-1.76564
-0.0982769
-1.57615
1.35441
-1.83639
0.417258
-0.963897
2.20757
-0.605426
3.10433
-2.74173
1.7959
-0.233592
0.77055
0.438566
-1.38108
3.06119
0.404599
0.593266
1.89856
1.38816
-3.07213
-0.538661
-0.277933
0.201284
-0.175786
-1.11486
1.95057
3.27908
2.16115
-0.32064
0.194613
-1.11138
0.15758
0.134014
-0.43149
-0.505802
-0.224659
1.64801
0.527201
-0.035049
-0.630626
-0.918534
-0.367792
0.0901413
-3.20424
0.833631
-1.09642
0.743861
0.580367
1.68258
-0.923125
-1.23636
1.68854
0.174184
-1.67073
-0.0511699
4.86247
-0.29653
1.05618
0.081107
-0.500206
0.589562
0.216366
0.635324
0.158618
-1.79551
2.29249
0.0986423
-1.94904
2.28636
0.349971
-1.20514
-0.404022
0.806375
4.28132
0.676022
0.585094
-4.20691
0.206694
1.05534
0.497082
0.538732
-0.738737
0.0709184
-0.639717
0.125806
-0.034314
3.5124
-1.37545
-0.475798
0.235798
0.235086
-0.0462131
-0.568744
-0.898341
-0.368956
1.33817
-2.76588
1.14195
-0.674694
0.26626
1.01979
-0.196364
0.839732
1.51103
2.30388
-0.616948
1.32347
2.71026
-1.17004
0.699136
-0.420595
-2.40353
0.444626
0.486708
-0.20788
0.199153
0.0680887
-1.13827
1.84909
-0.099898
2.87955
1.21655
1.89584
-2.23286
-0.398762
-0.234367
-0.553099
-1.95169
0.974218
-0.330894
-1.57061
0.980139
3.03287
-3.02792
-1.97662
-0.025888
-2.0447
-1.71348
-2.14916
-0.658538
-1.63501
-4.15384
2.36726
-1.54376
-0.113791
1.19759
-0.409601
3.31523
-0.566652
0.358077
-1.13558
1.08144
-0.491396
-0.175856
0.462828
2.21621
-0.661156
-1.9759
-0.195891
3.25696
-0.434209
-0.781419
2.24944
-1.77545
0.791189
-0.730073
-0.486182
-0.00368591
-1.43918
-2.80035
0.225368
0.534823
-0.717086
-0.567515
0.263702
0.985639
-0.482765
-0.378127
-1.31949
-2.75811
3.13268
-0.777387
0.279724
-0.242557
0.10068
0.0111752
-0.51957
-4.61162
-1.64519
-4.42858
-0.172285
-1.57493
0.397453
-0.421068
3.46624
3.17008
-0.295782
0.432972
0.738636
0.0692721
0.383986
-1.14988
1.08523
0.349912
0.317911
1.92879
0.657936
1.22434
-1.34053
0.602809
-0.911453
4.81309
0.0709712
1.27272
-0.0534635
1.56727
-0.045559
-1.03569
-0.449062
-1.28707
0.331347
0.68685
-0.888413
0.318807
-0.638846
0.469415
-0.136034
-0.875675
1.43298
-1.7992
0.0827676
1.299
1.03509
-1.69647
0.883453
0.983523
-2.40897
0.602039
0.755394
-4.44809
-0.0751069
-0.451249
3.83647
-0.207449
4.15276
-3.72438
2.39557
0.594402
0.105827
1.09718
-0.580194
0.781763
3.28898
0.5289
-2.10319
-0.680072
2.02833
0.0647914
-0.945984
-0.49569
0.469607
0.436808
0.213438
-0.162161
-1.36736
0.679709
0.458516
0.458051
-0.570782
0.661383
-0.149784
1.50472
-1.15092
-2.56665
0.111779
-1.45707
-0.22092
0.282376
0.27261
-0.0178341
-0.264289
-2.46213
-4.44981
-0.617652
0.321586
-0.0634543
-0.27625
0.108092
0.105002
-0.147576
-0.644245
0.720005
-0.12629
0.266192
-0.355993
0.170218
0.561734
-0.327765
-1.0175
-0.441991
0.117073
-0.136664
-1.17444
-0.282788
-0.659168
-1.3083
1.35556
-0.0980103
-1.66415
1.78773
3.70786
0.473678
-1.44945
-3.01656
3.95131
-3.28208
-0.507904
1.72485
0.448943
-2.47714
0.282
0.179181
-0.294174
-1.96835
-0.646713
0.803299
-0.663284
-0.156686
-0.334024
0.414372
1.78033
-0.0363611
1.39784
1.00022
0.406719
0.753523
-2.01483
-0.417479
0.0258089
0.228649
3.24057
3.90962
-0.797247
2.06525
-1.77703
0.199205
-0.482126
-0.124235
-3.96217
-0.837055
0.813836
-0.437757
-0.299277
1.77956
-0.135193
0.62407
0.814375
-1.6578
-2.07669
0.141252
-0.363244
-0.311921
-2.8149
-0.890397
-2.44978
-0.0406305
1.01468
0.528745
-1.08292
-0.936936
-0.211491
2.07643
-3.18181
0.251924
1.58007
-0.817984
-0.389001
-2.01789
0.10366
-0.839051
0.354975
0.387714
0.923415
3.37436
-0.344723
-2.59567
-1.82191
1.92891
0.290034
1.06572
-1.7763
-0.053488
-0.202925
-0.752634
1.06664
0.294342
0.102411
0.614174
1.91661
-1.42269
0.569295
-0.349358
0.705577
-0.341883
-0.152855
-1.40943
-0.0739285
0.654931
2.7656
0.245657
-3.57384
1.3847
-0.44985
0.774893
4.31136
-1.20718
2.7152
0.719284
0.0792256
-2.21904
-0.390464
-2.68939
-1.07751
1.10558
-2.95007
-0.531468
0.359059
-0.515937
3.53988
-5.71144
3.51444
-1.40572
-4.65882
0.385013
-0.0869942
3.14778
-0.663342
0.864044
-2.26339
-3.79091
-0.997967
-0.294287
-1.06954
-0.723649
1.29425
-0.0539097
-1.77919
3.11562
0.518725
-2.47301
-0.295043
0.173782
2.69284
3.50261
0.692523
0.335989
3.00523
2.12129
2.03778
0.457741
4.99556
0.16649
-2.69844
3.01812
0.8167
0.515838
0.481092
-1.06705
-2.5867
1.41734
-0.0142489
0.372164
0.58907
1.40623
0.895197
2.05907
1.83444
5.7004
0.641557
-0.883803
-1.15972
4.16407
-0.302302
1.00206
-2.28539
0.136056
-0.559738
1.07651
0.914829
0.715616
0.640034
0.121227
0.245534
1.88213
-1.23583
-0.107498
0.282869
-0.786029
4.27444
-2.84575
-0.0676573
0.886107
-0.738197
0.712381
-1.6066
-2.38455
-2.59367
1.79003
0.381462
0.0222518
0.797513
-0.57295
0.111307
-0.0536737
2.82731
0.626077
4.66315
1.71932
0.31579
0.191123
0.709974
-1.31434
1.34244
-0.800813
-1.27583
-0.127641
2.29655
1.55303
-3.8096
4.64644
-1.48541
-0.794692
0.814047
-4.73295
0.73899
-3.72076
0.476375
-0.275137
0.164866
-0.738985
-1.41993
-0.261153
0.115256
-0.300757
0.109281
-0.999436
-0.604984
0.777943
-0.703608
0.891066
1.60096
-1.27832
-0.809781
0.617889
0.293375
-0.576163
-1.22164
1.13184
1.26131
-2.54352
0.504233
-0.559915
-0.474332
-0.321179
0.998476
-1.69538
0.385195
-1.27846
0.974424
3.34229
1.27887
-0.0458104
-1.09047
-3.52148
0.159778
0.132181
-1.34759
-0.0969721
0.546519
1.39422
0.718292
-0.221281
1.09972
-0.0181806
0.69772
-3.93718
0.0605014
2.12956
0.613042
1.36152
0.0299244
0.988079
2.48613
2.63315
-0.837348
-0.325765
-3.32208
-0.970124
-3.34181
2.10888
-0.329277
-0.735292
0.152953
0.439697
-0.141946
-1.79698
-1.9363
0.38309
-2.69247
-0.314572
0.160547
0.69099
2.19299
1.32063
0.42084
-0.263526
1.40263
4.46401
-0.882153
-0.274819
-2.82961
0.136345
-2.79211
-0.838995
0.144658
-0.66521
0.785753
-0.566512
-0.238527
0.664459
0.396448
0.702004
0.811398
3.33128
0.537721
0.0939123
4.40852
-0.785114
0.154365
0.590198
-0.747931
0.535272
1.07325
2.27529
-1.96314
-2.26673
0.0786354
0.583893
0.664146
-0.369623
-0.150453
3.13912
-0.471056
-1.11184
0.022504
1.14996
1.27971
0.508543
-2.34489
-1.32413
-1.6118
0.0119523
-1.09428
-1.01112
-3.38778
-0.480567
-0.535609
1.04018
0.688947
-0.282697
2.96006
-0.330692
-0.0895817
-0.221187
-0.265645
3.98751
-5.56926
0.703343
-0.347162
1.23957
3.90147
-0.536545
1.38621
-1.06845
1.55498
0.144169
-2.2672
0.375773
0.10417
1.05196
0.745486
0.106178
0.497836
-1.23251
-2.1999
-0.384956
3.36098
-0.643501
0.436986
-0.553547
0.28734
-0.788404
5.76075
-0.296079
1.43732
1.53678
1.81182
1.47005
1.42355
0.51832
-0.0250549
-1.1117
-0.502533
-0.461398
1.02376
3.51123
-3.238
-0.300604
-0.168913
0.883309
-3.87685
0.94087
-3.64037
1.21317
0.34441
5.00083
-1.49338
0.0660778
-0.600806
-3.30367
1.95292
0.690576
0.885347
-2.91368
0.14341
0.780358
0.855633
-2.17583
-0.585914
-2.26398
-0.748119
1.85281
1.37769
-0.17059
0.012109
4.09505
-3.28185
-0.225885
3.59719
-1.78535
4.73798
-0.702335
-0.7584
4.20897
-5.21762
1.68855
-0.907132
0.171483
0.017034
0.130775
-1.58636
0.970899
0.235812
0.224613
-0.177421
1.54286
0.548805
-1.70515
-4.59618
0.845141
1.92095
0.622788
-0.0536881
5.22258
0.157072
1.18072
-2.44869
-0.633565
-4.61703
-2.32471
2.61355
4.47014
0.0226587
-1.11289
0.867367
0.382938
-0.0312501
-1.37484
-2.87145
4.83755
2.39106
3.02534
-1.00923
0.417738
-1.63491
2.76501
-1.92243
-0.16948
2.0289
0.789316
0.779875
0.259508
1.12318
-1.30156
1.43268
-0.650075
-1.39487
-0.136174
0.174068
0.374072
2.32335
-2.54921
-2.74469
1.21298
-0.166331
-5.8121
-1.95385
-3.25095
2.4726
-0.397623
0.245826
-3.27578
0.46322
3.71297
0.104139
0.325199
1.15005
-1.61202
-0.513039
0.212666
-1.00224
-0.818782
0.103667
-0.295459
0.796985
-0.512639
0.835382
0.42337
-0.395817
2.04453
-0.264912
-0.218365
-1.22378
0.775601
2.27714
1.55337
2.08457
3.81286
-4.35568
-2.82933
-0.209778
-1.72175
-0.0145028
-0.97283
0.466471
-2.41352
-0.285522
0.687982
1.2397
0.287384
-1.07842
-0.934593
-0.310565
0.630036
0.148902
-0.482857
-2.23227
0.250264
0.308204
0.117941
1.33223
0.78934
0.409213
-1.84248
-0.263957
-0.622103
2.88007
0.915886
-0.62488
-1.81807
-0.565491
-0.742869
0.0276545
1.2424
1.81558
-0.143218
2.52291
-0.447923
1.1097
0.380154
-0.300095
0.165961
-1.25972
0.048671
1.35087
-0.804137
-0.36499
2.56402
-0.945688
-2.46342
0.294197
0.753668
-0.582435
-4.24901
-0.74896
-3.201
-1.78659
2.31169
-2.48481
0.868343
-1.30406
1.98137
-1.44317
-1.21085
4.42604
-0.929065
-0.00137146
0.280758
0.247906
4.38514
-0.330772
0.16122
-1.27636
2.00072
-1.8453
1.25709
-0.943153
-0.858526
-0.140649
-4.11599
0.272895
1.42055
-0.944342
-0.0662135
-0.81339
0.0821812
1.02195
-0.348031
0.148573
3.54125
-0.0568829
1.55635
-2.53739
-4.20856
1.9912
-0.333515
-0.0413228
-0.729177
-1.1863
0.441328
-2.64505
0.222358
-0.455979
-2.36272
1.03917
0.187306
-3.32175
3.00846
1.33165
-0.81438
-0.930155
-2.24358
-0.735781
-0.698
-0.49139
0.429178
-0.0256049
1.63376
0.653348
-0.221717
-2.05474
-2.8084
-0.726326
1.32753
-0.946538
0.268097
-0.196569
-4.53851
0.411433
1.80651
-0.72623
-0.128241
0.527498
0.267912
-3.67635
-0.219909
0.953975
-1.89231
2.56473
-0.292929
-2.94652
-0.437204
-0.14147
2.31494
0.0829544
0.697065
-0.510447
0.0366923
0.167731
2.18812
-0.562266
0.134991
1.60923
-1.11866
-1.80308
-2.56459
1.38064
0.978881
-1.32145
-2.32623
-0.00350417
0.00646363
-2.75531
-0.706305
-1.17969
3.85789
0.0201147
-1.51782
2.6051
-0.149221
1.31623
-4.07472
0.769535
-0.137319
0.294047
1.3036
-1.95418
1.7249
2.17638
1.44158
-1.31846
-0.0654297
-0.692796
1.89154
-0.597667
-0.882456
3.00448
-1.06306
2.37072
-1.00976
-3.99539
-3.21747
0.395238
1.82617
0.984643
0.829049
-4.72734
-0.317464
-1.12172
0.304538
-0.0358133
5.58186
0.615173
2.60407
0.148431
0.729632
-0.0396309
-3.97829
-4.3966
-0.0476116
1.51503
-0.669686
-0.853554
-0.493996
1.48555
-2.43058
-1.12811
1.64022
-4.59578
-0.10741
-0.0427164
-0.0618043
0.292688
-1.12764
0.314427
0.0680211
0.795849
-0.476496
0.229615
-4.95712
-0.0978812
0.768075
0.175109
0.205725
0.817123
-1.56308
-3.62546
-0.690042
0.0622128
-1.34628
0.855248
1.27732
-3.15843
-1.18584
0.0961085
-1.14584
-2.43039
-0.194019
-1.81843
4.69971
-2.02433
-0.135321
-0.579621
-1.43205
-1.00403
-1.46724
4.36779
-0.656603
-0.560959
0.36028
0.806686
-1.19502
0.809884
-0.0537192
-1.23184
0.564911
-3.55153
0.43364
-0.265127
4.74916
0.830736
-1.48547
0.90078
-0.65308
-1.61295
0.29147
-0.173519
-0.71242
-0.224431
1.35863
-2.04866
-0.843362
2.00854
1.32939
-0.25033
0.406335
-1.46559
-5.11463
2.9905
-0.451319
-2.92044
-2.2908
-2.93745
0.176444
0.612567
-0.60628
0.649332
-2.48142
-5.58582
0.139083
-0.304323
0.0947182
-0.306944
0.2262
0.689312
1.62792
-2.0649
-3.32316
0.557891
-0.153989
-2.8653
0.450006
1.29363
2.96789
1.03311
-2.0774
-0.109488
2.38241
0.437377
3.28707
0.394362
0.593223
1.04199
-0.755435
2.03793
0.953195
-1.20972
0.96147
1.0113
0.0982361
-0.623173
-0.0424702
1.79973
0.205861
0.871111
1.23921
0.197344
-3.29357
-0.456074
-0.16665
-0.867506
1.72095
1.00216
-0.975332
0.270925
-4.14161
5.56319
0.0647162
0.287075
0.301047
-2.95656
2.06484
-0.729316
-0.807764
-1.91941
0.733905
-1.64025
-2.45607
0.669776
1.15834
3.30658
2.25025
0.0858638
-0.263556
-1.32167
0.189808
0.253545
1.55934
-0.109448
-0.546773
-0.63346
-0.633641
0.170647
0.812255
-0.715241
0.254717
-0.47016
-1.60622
0.551592
-2.01221
2.85549
-0.481945
0.776288
0.108297
4.78681
-1.23611
-1.41186
0.654764
-1.82792
0.894266
-1.69892
-2.46426
-0.950299
1.98666
-0.722277
1.00337
1.75213
-0.34314
0.305738
-1.086
-1.74586
-0.288533
-1.0109
-0.0154475
-0.510551
5.15438
1.4806
1.89527
3.79416
-7.01307
0.433167
0.0374562
1.97188
-0.279301
-1.54227
-1.6548
0.231916
3.71107
-2.24161
0.433693
4.06982
-0.482779
-2.11099
1.10056
-2.76208
0.782906
0.0999222
0.466226
-0.432978
-1.84271
-1.16495
-1.46741
-2.2686
0.0418829
1.45464
-0.0605614
0.442012
-1.86846
-0.472235
4.31815
0.155901
-0.910675
1.22408
-2.03961
-2.70397
-0.19918
0.22254
0.101741
4.73007
0.586519
0.31747
-1.18137
-0.774753
-0.727865
2.12048
0.329001
0.716867
2.59884
-3.14057
0.562304
-2.39086
1.05355
4.84698
0.384959
-1.41922
0.541508
-4.48503
-0.0759351
-0.416417
0.122137
3.48964
-0.184471
0.78379
-1.1347
2.11376
0.0905663
-0.237461
-0.112778
0.294409
4.02849
-2.6593
-0.761091
0.768268
0.787384
-0.704051
1.24152
0.505295
1.50643
-0.32008
-0.0268719
-0.201319
0.0498958
0.146036
-0.0908174
-0.628419
1.27214
-2.54199
-0.389106
1.19674
1.09626
2.82392
-1.27369
1.76544
-0.0238238
-1.46794
-1.02646
2.03248
0.843283
0.979428
0.56762
-0.374718
0.680335
-2.38207
-0.488702
0.00448739
-0.452154
-0.678664
-0.762081
3.24972
-0.429503
0.715267
1.06035
-0.261946
0.786826
0.867395
-0.267453
-3.50723
-0.152553
-1.23509
-2.5918
-0.167199
-0.424732
1.53457
-0.0734306
3.46113
1.15408
0.948572
-0.862231
0.908711
0.501672
0.0712017
-4.73665
-0.0756229
0.419408
3.78574
1.38876
-5.97108
0.922916
-0.803979
-0.28986
1.37116
-1.45106
0.233864
0.860882
-0.609578
2.0442
0.220703
-1.31888
0.0243059
-0.497445
0.169872
-1.43238
4.46582
0.190564
-1.54723
-0.0330599
-0.230668
-0.0477656
-0.424349
-0.0481838
2.74163
-1.29793
2.99801
0.0582313
-2.13181
-0.827747
0.516975
0.277974
0.20674
0.0369085
0.266087
-0.740867
1.0065
0.113598
1.52516
1.89427
2.1414
-0.577713
1.77707
1.29557
0.243366
-3.34603
-1.7572
1.78769
0.95839
1.55778
4.77032
3.59089
-1.81913
-0.516226
-1.50021
1.07048
-0.29944
-3.30739
-3.40441
1.19851
-3.35896
-2.008
1.88123
0.291357
1.50655
-0.691953
-3.30222
2.22526
-0.495958
-0.923286
0.746535
-0.867911
-1.30456
-1.14895
4.80653
0.414616
-0.606663
-1.52264
0.995589
0.0402859
0.0431356
2.22329
-0.263241
0.337927
0.674864
-0.48331
0.676736
0.49769
-0.229486
-3.85652
-2.18064
-0.99389
2.1309
-3.39648
0.114059
-1.94195
2.22137
-4.50321
1.10767
2.76619
0.682656
0.269524
-4.29009
0.183177
0.560325
0.243905
0.121502
-1.48629
-1.70562
-2.7178
0.0539156
1.93123
3.558
-3.76769
-0.305208
1.80491
1.79914
2.9604
-0.877061
-0.478154
0.161005
-0.795934
2.59857
4.40613
-0.532695
3.66182
-0.979812
-0.703081
1.19796
-0.888947
0.0598403
-0.118599
-0.499637
0.0925287
-1.97333
-0.456
-1.94845
1.05381
1.63857
-2.41759
0.230399
-2.0689
0.211168
-0.271008
0.473152
3.02071
2.38489
-2.38964
1.7486
-1.49528
1.05564
-1.27509
0.391764
3.54806
0.852536
-0.861054
1.19486
-1.28064
0.21223
0.255636
0.242869
3.22554
-3.72135
-0.277082
0.381393
-1.68494
-0.0663991
0.460246
-0.48258
-1.59514
-3.37198
-0.958744
-0.142578
0.0872641
-0.54615
0.0775235
0.195105
0.87451
0.976339
-1.22013
0.656435
-0.427853
0.609843
0.294259
2.00699
1.31757
0.283087
-1.28707
-0.184461
0.098318
0.677493
3.8714
2.53455
2.14776
-0.418803
4.87898
0.472408
0.186936
0.428343
-2.7237
0.106817
-0.497696
-0.28088
-1.33085
-1.64753
-2.44028
2.28933
1.60853
-0.31512
4.26058
-1.11642
-1.57997
0.412331
4.57342
0.567946
-5.22833
-0.0929932
-0.735142
-1.17941
-0.403908
1.06189
-0.232456
0.29724
1.75161
1.89188
2.33
-0.408242
-2.99038
-0.0934225
2.14249
-0.874797
-1.5614
-0.433031
0.68934
0.0614596
0.238211
-0.463648
5.19641
0.0512027
-0.0714909
0.171225
0.932698
-1.11306
0.00760542
-0.00768998
0.754583
-1.24445
2.18041
0.292767
-1.15014
2.27281
1.40685
2.44689
1.65428
-0.0235638
-3.78469
-1.84147
-0.641877
3.11005
-1.36706
0.508165
2.78524
-2.31454
-1.08687
-0.201172
1.21639
2.82483
0.32091
-0.0871883
-1.47658
0.898552
-1.4694
-1.34545
2.50829
0.418151
-0.497749
-0.357849
-1.13049
0.169492
-0.117993
-0.110635
-0.557389
0.245193
0.746707
4.25278
0.215491
3.70053
-0.792797
0.336773
0.152283
-0.151381
1.78077
-0.151732
-0.266417
-1.82523
0.184605
-0.0103223
-0.052484
0.033275
1.77544
0.6315
-1.28174
-0.364484
2.12658
-0.544476
2.56309
-4.34273
-1.99172
2.7121
-0.755468
0.979513
0.288929
0.932548
0.129211
3.66522
-0.279628
-0.743177
0.860958
-0.986968
0.715428
-0.770844
1.19483
0.264865
-1.24467
0.639843
1.05648
0.978342
-3.12169
-1.3058
2.18386
-0.170607
-0.360157
0.362287
0.776309
-0.705761
-0.190277
0.927077
0.955706
0.27931
-2.19907
-0.542609
-1.07602
-1.20768
4.13297
-1.05055
0.332186
0.507188
0.862881
0.352704
-1.59757
0.868602
1.82396
-1.68783
0.253186
-0.181531
0.282766
1.83795
-2.2073
-3.75362
1.43137
-1.38468
0.883068
-0.587682
-1.21164
0.0914582
-2.4576
0.00877109
2.51168
-0.205005
0.10005
-4.83158
0.0680513
4.08817
0.00349006
1.96543
0.723962
0.436384
0.600692
-3.42141
0.443533
0.63732
-1.20876
1.54716
0.301125
5.5753
-0.977416
-1.57897
0.580532
-0.831418
0.0737793
0.752756
-1.69697
1.64531
-3.09908
1.33826
0.543793
1.22393
0.610607
0.430955
4.67225
1.11351
-0.419518
2.21514
-0.217943
0.701678
-3.44545
-0.0877319
1.25499
0.525079
3.45287
2.9029
-0.368746
-0.265129
-0.0481554
0.984104
-0.437719
0.343735
-2.3515
-1.54026
-2.43824
-2.85892
1.90605
-1.54547
1.26889
-3.32506
2.2619
0.987659
0.0438881
-0.471129
2.24589
-1.63638
-0.526739
-0.660216
-0.281064
1.68729
-0.532231
0.990956
-0.28746
-1.63218
0.371539
-0.897589
-0.832884
-1.46961
-0.0787085
-0.175894
2.20723
1.27036
-0.937978
-0.993839
0.0233693
-2.18865
2.98628
1.17152
0.250091
1.41889
2.17281
3.8599
0.760138
-1.20068
1.35987
-0.199365
2.55824
-1.12107
0.59238
0.124721
1.172
-0.317225
-2.77893
-1.31062
0.876885
0.849506
-0.0524693
2.36682
1.62784
0.403518
0.111354
0.953788
0.916552
0.297643
0.116322
-3.19227
4.69022
2.3731
-0.973831
0.83371
1.44326
-5.56808
-0.235582
1.43366
-0.678125
-0.157234
-0.980663
-1.16202
-0.480288
-0.0470483
0.384379
-0.804657
-0.0634306
1.45801
-0.0708091
0.114181
-0.112691
-0.238033
0.0211693
-3.28931
1.80867
1.73401
-0.178517
-1.36644
0.893818
-1.50834
-0.814518
-0.144648
-1.45012
0.36467
0.83239
-0.274757
1.27412
-2.87392
0.404847
0.0440506
3.97465
1.61514
0.29766
-0.706839
-4.48889
-0.231123
-2.10662
0.198959
-0.158594
0.411182
0.469426
3.37756
-0.301223
-0.999922
-0.944034
0.414859
-3.57058
-1.23751
-1.01071
1.53859
-0.0612761
-4.96114
-0.0876561
-0.382264
-0.0452385
-2.07181
-0.384961
0.191514
0.519044
0.54733
0.039089
-1.4686
-0.733722
0.139736
-1.77349
0.772109
0.353782
-0.190063
-1.59328
0.248869
0.295081
0.803229
4.93959
0.907283
2.55091
0.121304
-3.3768
1.5816
1.66646
1.19751
1.52528
-0.297531
1.19121
-0.304684
1.26171
1.64637
-0.170853
-5.40583
-0.904509
-0.248721
-1.55854
-0.93603
-0.0926471
0.211165
0.554077
1.59096
-0.495602
0.348265
-0.399842
-1.29831
0.737968
-0.804422
0.171894
-3.03331
0.328937
0.647089
0.318954
-0.411044
1.5646
-0.381208
-0.748456
1.22103
-1.07186
-3.46312
-1.68082
0.229918
1.39247
0.299952
-0.168513
3.90522
-1.63299
2.31998
2.31556
-4.34861
-0.457406
0.459956
0.615915
0.647787
-0.49138
2.57541
0.325781
-2.54022
-0.0799076
-1.79584
1.31346
0.634626
-0.847527
-1.20717
0.00491778
1.20917
-1.38483
1.1187
1.87449
1.66164
1.08311
4.20234
0.486645
-0.479737
-1.72849
-0.875605
0.683287
0.172821
1.87527
2.04862
2.59021
-3.62619
2.22706
-0.343685
0.569639
1.48591
-0.432401
0.540888
-0.07054
0.737861
-1.42455
-0.689267
-0.5142
-0.0663353
-4.7508
-0.414034
1.93968
0.804302
-0.173983
0.689754
-1.43521
-0.403072
-2.48722
2.39867
0.400909
-0.844794
2.94996
-0.220367
1.6663
3.94085
0.0714192
0.110087
-0.0298614
-0.751751
-0.797369
-2.17457
0.106586
0.156367
0.230154
-0.245591
-0.0987909
1.71653
1.49968
-0.00660211
3.07706
2.63898
-0.706419
2.91286
-1.02424
-1.00585
-2.15555
3.79889
-0.175087
2.41828
-0.183601
-0.846091
-4.09539
-0.496183
-0.844578
1.22334
-1.35999
1.71013
0.611208
-2.12141
4.71736
0.599797
-1.57751
0.395612
-0.651071
0.485378
0.728625
0.234525
-0.481399
-3.58615
-2.07872
0.395469
7.96195
1.30447
-0.983693
0.210715
1.97917
1.13011
0.0941297
0.576317
0.240726
-1.83715
-1.90934
-0.315685
-0.429354
0.130779
-2.59176
0.240432
0.608125
0.716485
-1.25505
-0.195116
1.00152
0.438764
-1.90637
-3.93973
0.815697
-4.47545
-1.56052
-0.0139251
-2.6059
0.197173
1.06806
0.0121926
1.22895
-3.06705
-0.3459
-5.29474
-2.06527
4.33799
0.900337
-0.353793
0.2569
-8.74355
-0.734355
-1.58378
-1.8351
0.523721
-1.07009
0.921525
-0.241094
-2.89911
0.614353
3.71954
1.76207
-0.633012
2.26129
-0.490259
-3.91145
-0.391962
0.427791
-0.0286692
2.27364
1.45505
-0.49233
-0.996458
1.84574
-0.24753
-0.974589
-1.41132
0.0793147
0.12125
-1.49754
1.43383
2.16732
0.498038
2.9786
4.8832
2.43255
1.34556
2.11819
1.29803
2.6077
0.203343
1.86441
-0.660568
0.281427
2.1958
-0.0159026
-0.0159819
-1.67851
3.37404
-1.46497
1.42914
0.35655
1.21368
0.976766
0.515054
-0.486712
-0.031155
2.95491
0.235768
-2.80583
3.51405
-0.397987
-1.88457
-1.23905
0.105184
-3.8832
-1.16495
-0.723003
-1.20101
-0.0870079
-1.04581
-0.877349
-4.0551
1.03086
-0.216658
-1.06642
-3.48961
2.43833
0.289918
0.926909
-2.14575
0.503151
-0.575537
1.06761
-0.183833
-0.906052
0.0624404
0.944815
-1.57709
-0.0588171
2.27192
0.0915615
-0.233227
-1.28957
-2.24755
-0.193945
0.911782
1.80124
-0.548697
-0.666912
0.46123
-1.50624
-1.27191
0.591619
0.295507
3.09089
-0.969233
-0.932872
0.0647165
1.71898
1.20272
0.451936
1.33021
3.78981
0.540205
0.59412
2.78109
0.248921
0.624135
2.86316
-1.01727
-1.38698
-0.474659
3.27686
0.0486839
2.07829
0.0117742
0.442114
1.60118
-1.05957
0.450009
1.2289
-0.361075
0.431741
-3.00235
0.13499
-0.766949
-3.82197
-0.757249
0.387081
-0.292959
-0.890689
-0.333473
-0.879129
0.849382
1.29797
1.11745
-0.763728
-0.400896
0.243652
4.3227
-0.310101
-0.621284
1.83319
-2.43609
0.184382
1.01959
-0.200277
2.42215
2.43678
-0.505932
-1.5165
0.336836
-4.56043
-1.02619
-0.0520532
-1.14793
-0.209663
-2.01409
0.22281
0.9418
-0.946943
0.16311
-2.08838
-0.668226
-3.48365
-0.466825
1.38391
0.979556
1.34037
-0.212458
-0.303443
-3.22319
-0.858402
0.57345
-0.584006
-0.107256
-1.35559
-1.13009
-0.411902
-1.39262
1.46076
-1.80667
0.252671
-0.233213
0.560017
-0.533349
-2.16635
0.892282
0.252013
-0.152506
-0.85044
-0.549377
0.659801
-1.59072
-0.972069
-0.123857
0.334944
-0.817908
1.26357
0.23117
-5.41334
0.538458
0.85596
-2.57869
0.152719
-0.204185
0.574283
3.3698
-2.10711
-0.303149
3.96923
4.36768
-0.0054039
-4.59925
1.59824
-1.78885
-0.0582
-0.0815802
2.89111
-0.108538
-0.993919
-1.80717
0.218504
-0.619365
-0.38013
-1.30471
-0.202566
-0.786388
-0.717792
1.42207
3.17339
-0.220405
4.71261
-0.827095
-0.0368603
-0.709132
0.270021
0.550543
1.55225
0.0512853
-2.34293
4.5828
0.258981
0.349878
5.19908
-0.191863
-0.406799
0.438709
2.02056
-1.0412
-2.86061
-0.461412
1.25326
0.660697
-1.36571
0.266764
2.1203
1.59869
-0.378861
1.48998
-1.28543
1.23049
1.29212
-0.9125
-0.362069
-0.816434
-0.790645
-0.190436
3.36855
0.532119
0.00938157
0.766149
0.0790057
1.47302
-2.57228
-0.118517
-0.42475
0.847026
0.0720578
-0.652425
-4.33502
3.92015
-0.448763
-1.76319
0.014784
0.366846
-0.00872277
-1.96347
1.08633
0.245805
1.70348
0.249041
-0.107043
0.986616
-0.437417
0.135849
0.233284
-0.977994
-0.860671
-0.444197
0.382661
-0.418557
-0.152335
0.155573
0.664229
1.34295
0.154856
-0.253509
-1.10858
0.60932
-0.275242
-1.03539
0.0153872
1.82678
0.192401
0.183405
-0.864364
0.0153421
-0.198007
-0.285516
0.513907
0.933616
1.09404
0.505418
0.00689659
1.00063
0.4988
0.0756692
0.0747553
0.299265
1.27462
-2.81569
3.00195
0.179687
3.41516
-2.1154
1.01957
0.256991
3.71288
-0.0154289
-0.131214
0.824875
1.02703
-0.173641
0.243212
-0.463297
0.604575
0.736869
0.00134659
-1.24502
-0.902805
-0.0652998
-1.52913
-1.547
-0.116576
3.03168
-2.09863
-2.24109
-1.60326
0.234334
3.89357
-0.552187
-2.23988
2.31992
0.55611
-0.223569
1.44271
3.0666
-1.74626
0.582204
0.000236515
-0.503217
-0.0890237
2.22179
-0.942897
-1.4079
-0.320611
-0.542141
-0.316676
-0.314507
-1.12938
3.84198
-0.00165304
-0.0957758
-4.73446
0.247922
-0.528523
-0.388405
0.183606
-1.16413
2.08612
3.04159
-0.774617
-0.935159
-2.01941
-0.523575
5.12401
0.434723
-1.70652
0.234852
-0.539261
-0.922574
-0.559135
2.5223
-0.253232
4.63581
-0.53253
-0.0322116
0.17358
0.427381
-1.40309
-0.0323608
-0.071633
0.772742
1.1399
0.0657598
0.544973
-0.372075
1.12369
-0.789295
-0.895872
-0.613822
-0.580738
0.805481
0.41863
1.21781
0.376587
0.158566
1.45917
-1.07054
-1.42045
0.184474
-0.260868
0.273816
1.51337
-0.405013
-1.24289
1.25589
-0.724549
-0.547942
1.57332
2.32636
-1.32013
1.28924
-4.06839
-1.76657
2.6737
-1.17331
0.519857
2.10381
-0.502085
-0.0672932
-1.95957
4.3969
-0.316165
-0.762997
-0.425104
-3.80028
-1.00431
0.401269
0.333746
1.52406
-1.19256
-2.22758
1.8473
1.81985
1.97729
2.29244
0.156227
3.81777
-0.142581
-0.482428
-1.29605
1.7731
-2.73851
0.773647
0.408791
-1.14731
1.36853
-1.4107
0.588715
-1.2506
0.60089
2.31406
-0.697161
-2.45164
1.22958
2.19434
4.72103
0.242206
-1.55262
-0.0037271
0.607605
-0.433986
1.04765
-0.808299
-0.437223
-0.107127
-1.46011
0.0629565
-0.456612
-1.90204
-4.17468
1.17404
1.06285
0.0484323
-2.70272
0.805242
3.5636
-0.949094
1.57783
0.447772
-0.112347
0.279042
3.39248
0.55654
0.624059
-0.80194
-0.38142
0.469334
0.379292
4.7741
-0.0303714
3.90103
3.59983
-0.691488
1.4051
-0.899671
0.885128
3.51574
0.459383
0.330963
-1.49608
2.60693
-0.319016
-1.54612
-0.0126067
1.08145
-4.12934
-0.344616
1.07633
0.218562
-0.408206
0.322818
-1.74088
3.32087
-2.28288
1.84258
-0.465362
2.79435
0.0242176
2.30292
0.147979
-0.746433
0.632771
-0.264277
-0.524262
0.948195
1.05944
-0.476708
0.342053
0.21331
-0.491817
0.361678
-0.52561
-5.12408
-0.470373
0.1424
1.80906
-0.384635
-4.80891
1.75111
2.0424
-2.07263
0.263878
0.498986
-0.451376
-4.224
1.34593
-0.788301
-1.1497
-0.317087
-0.0640615
0.433626
4.01283
2.31949
0.0667815
0.947273
2.40423
0.451213
-2.0927
0.840267
-2.00649
-0.178106
0.967448
-2.20929
-0.93809
-0.643863
-2.53785
-1.37954
1.22339
0.493018
-3.12009
1.43562
0.35982
1.34102
-1.68987
0.508274
0.795917
0.0259326
-0.136039
0.11403
-1.55128
-0.669965
-2.23801
-0.618808
-0.652151
-0.802799
1.34821
-1.57316
0.954787
1.8907
-0.0128867
-0.173134
4.14365
1.92233
1.38907
1.99419
-0.708267
0.559763
0.427472
-1.21553
-0.728191
0.00506921
1.17733
2.12581
0.507537
-0.763484
0.45723
-0.130567
-0.829317
0.490242
0.929031
-0.825071
-0.619669
-1.65987
-1.14828
-0.122004
-1.74134
-1.84346
-0.745633
-1.25533
1.12349
-0.395876
-0.869247
0.351111
4.56567
-1.42025
-0.340106
-0.470766
1.20904
0.59454
0.973145
-0.805827
1.67527
-0.72545
0.0437837
-1.14173
0.0306197
-2.41998
-1.02683
-1.13537
-0.418916
0.513199
-1.30007
-0.325774
-1.49485
-2.48603
0.110455
-1.51943
-0.524407
-0.708931
1.08232
0.14106
-3.27684
1.75993
1.55401
1.81995
-0.348947
0.749168
-0.687765
-0.454117
-0.531785
-2.61937
-0.104787
1.92653
1.90331
-1.01616
0.00547252
0.33832
2.38307
-1.31469
0.624734
3.1846
-0.0374046
-0.643047
6.16591
-1.17169
-3.51669
2.03568
1.57893
2.3663
-0.0359976
-0.230769
1.20031
0.123032
0.00650103
-0.093207
0.657272
2.74149
-0.966727
1.38994
0.556589
5.83263
0.422358
-2.21592
-0.556991
-0.370981
-0.63223
0.955009
1.68404
-1.41476
-0.892312
-0.803164
0.219055
0.197378
-1.59705
-1.12781
-0.194415
2.02324
1.06917
-2.98649
1.01829
-0.0472034
0.478285
1.52661
-0.928219
1.73844
2.81401
1.19431
-0.0323888
-3.1953
0.173107
-2.48477
-2.29967
-2.33733
-2.21602
2.29518
-0.950035
2.07536
1.00382
0.10745
1.75236
1.03282
0.167877
-0.213692
0.982622
-1.66736
-0.139063
0.862243
2.49468
0.511824
-2.34696
-0.357942
1.5101
0.57289
-0.169087
2.22555
1.36267
-0.218529
0.0466588
-0.691186
1.20666
3.55333
4.58681
-3.09834
0.473085
-1.43352
3.04304
0.792116
2.23424
-0.378301
-1.53764
3.04135
0.586191
1.76397
0.182115
-0.109694
-3.41797
1.39198
-1.14478
-0.499992
-1.47578
-0.0253187
-1.27183
-0.188703
-1.07718
-0.210298
-2.33885
0.836548
-0.318166
-0.123024
-0.411478
0.26711
1.11818
0.542591
0.312075
-1.10451
1.14222
1.54813
-0.179474
1.98032
-0.670415
-0.633885
-1.58056
0.474818
-1.85283
-1.78589
0.881813
-2.13937
-3.74943
-2.04913
3.53262
0.773813
0.537747
-4.26344
0.220375
0.237286
-2.23809
2.64736
-1.66139
1.24832
-1.09469
0.587279
1.50197
0.97505
0.0395782
-0.480106
0.203532
0.0997597
-0.445552
0.231026
0.0670035
-1.10712
-1.32242
-4.35143
-1.38237
0.169952
2.59084
1.26844
0.0378515
-0.536514
1.06442
-0.720395
-0.381628
1.8594
0.142454
0.472493
-2.50422
4.8602
0.384355
0.743107
-0.0546526
1.55445
-0.278907
-0.162631
-0.275498
-2.36168
1.10948
6.00295
-1.50407
0.360556
-0.317486
-0.318776
1.20006
4.49775
0.567107
3.54964
-1.68946
0.937243
-4.36765
0.547966
2.20497
1.84476
-0.358839
-4.41814
-0.712932
0.350401
-0.108063
-0.328602
-0.199114
-2.51866
0.556158
-0.317273
-0.389616
0.23133
-1.71651
-0.234081
0.114336
3.09133
1.46067
-0.0327671
-2.45468
1.88519
0.0421947
-0.63133
0.0478352
-0.270604
0.419251
-0.95723
-0.0810085
-0.290004
0.101392
-3.00777
0.91045
5.3223
0.0117342
1.37787
0.610456
-0.268872
-1.27386
1.15936
-0.126341
2.46506
-1.11218
0.888858
-2.2248
0.12394
1.34859
-0.178764
0.883601
-2.05315
-0.191897
2.02136
1.57133
-3.93581
-1.28528
0.517411
0.167445
-1.08629
-0.567761
-0.248142
1.89044
-0.751235
0.785057
0.880733
-1.19613
-0.247858
3.66542
-0.428978
0.489741
-0.201318
0.798245
0.143811
0.125242
1.4008
2.29383
-0.969211
0.862679
-0.866175
-2.3686
3.2112
-2.75336
-0.314102
2.4234
-1.45114
-0.26558
0.882504
1.55363
1.10105
-1.03111
-1.62526
-1.33978
0.195288
0.713023
1.06121
2.53184
-1.9404
0.663333
-0.0688459
0.756667
-2.59707
-0.546886
-1.8128
0.0349159
0.36461
-0.703501
-1.05418
0.972098
0.292948
4.15454
0.830708
-0.716014
0.756102
-1.19567
-0.0268573
0.0225049
-0.246963
-0.476758
-0.000985811
-1.08574
0.687499
0.805562
0.253481
-1.94855
0.559682
-0.0496688
1.04476
0.190512
-1.4913
0.0437935
-0.885402
0.0946545
1.676
-2.66447
0.652052
0.580195
1.67897
4.15296
0.0919181
-0.480743
-0.464219
0.288343
0.93004
0.717066
0.671423
1.23628
-0.517442
-2.30716
-0.834743
-0.502345
0.706582
4.48268
-0.0265663
-0.526845
-0.0227187
1.38283
-0.260202
-0.40737
-1.00113
-7.81025
0.499098
1.25188
0.333447
-0.0819585
0.0589806
-0.429629
-1.08238
-1.03504
-0.210601
-3.18107
-0.0377422
0.923926
-4.28814
0.320105
1.00801
0.0113281
1.36194
0.344557
1.4269
-2.8712
0.487685
-2.12732
0.724264
1.44017
0.325531
1.16211
-1.9763
-2.78926
-0.269089
-0.00633045
0.393567
-0.63205
-2.90198
0.71911
-6.18913
1.94506
1.80823
0.758407
-0.62164
0.75406
-1.00583
-1.65763
-0.908877
0.0719812
0.0107079
0.42187
-0.307247
0.996138
-0.372941
-3.41556
0.0951341
0.0301829
-0.509292
0.255198
-0.693388
4.18329
1.48867
-4.01751
0.586205
-0.0386106
0.15266
-1.27908
4.85831
-0.667211
0.286975
0.711211
2.84909
0.604612
-1.4696
0.292925
-3.40924
1.10413
1.07087
1.2582
-0.184946
0.815953
2.92211
0.04784
0.153788
-0.441824
-0.192319
0.764308
3.12477
-0.183204
1.35927
-1.28713
-0.290455
1.66793
-0.0825319
-0.139139
-1.42254
-0.424424
0.261521
0.388527
0.443589
0.118368
-0.953023
0.307994
-0.693972
-0.517952
3.88807
-1.73264
-0.101835
1.14887
-0.752543
-2.42283
0.177693
0.897428
-1.95767
-1.45932
1.08951
-0.44794
0.166769
0.28267
-0.589036
0.0966535
-0.359447
-0.692906
1.58092
-3.08256
0.295132
1.35425
-0.233456
1.33428
-4.4097
-0.127907
0.546782
1.19614
-0.678627
0.14719
-1.84494
2.11126
3.52402
0.384394
0.15738
-0.785266
0.534344
0.528826
-1.74288
-0.213788
-5.43361
-0.456746
-0.634903
0.362144
-1.7016
-1.17445
-0.792355
0.155551
-3.69882
-1.60926
-0.565388
-0.278556
2.23669
-0.133409
1.70204
0.907248
5.13436
0.203012
-0.697249
-1.32413
-0.0128901
0.371335
-0.851845
0.198948
-3.07097
0.813239
-1.33245
-2.5327
2.5329
0.133463
0.0452052
-3.29739
-1.58236
-3.56652
-0.261432
-0.347811
-0.0757757
-1.00641
0.717198
-0.122331
0.079426
-2.27911
1.62058
3.27561
0.678043
0.977883
-0.303096
0.104243
-0.178763
-0.4321
0.411441
-1.10253
-3.32908
-0.788646
0.915273
-2.06455
-0.73749
0.243327
2.85775
1.64123
-0.0527383
0.678242
-0.611816
-5.48679
-1.39957
2.07889
0.408899
0.245513
1.77075
2.73769
0.88413
-0.446354
0.616194
0.851838
-0.711154
-3.31664
0.422313
0.211287
-0.330389
-0.490987
-0.517287
0.233962
-0.0988431
0.343841
-0.0602104
-0.423879
3.12541
0.837852
2.65772
2.59431
9.11491
3.41411
-0.117242
-0.677915
-0.315714
2.27352
-0.370479
-5.51281
0.235318
0.401282
2.26139
0.624365
-0.0215026
0.172842
0.194802
-3.01335
0.375546
1.45795
-0.226906
3.1683
0.611711
-0.0639559
2.42817
-0.490216
-0.297068
-1.97349
-1.96175
1.52864
0.716591
-0.83403
1.46883
0.0997362
1.29638
-2.05197
0.0711522
-0.857572
0.234502
0.780562
-3.95943
-3.37897
-1.08074
-0.752153
3.28553
-0.196582
0.870692
0.169713
2.37214
0.689574
-4.2328
0.274817
0.29611
0.405621
0.900802
-3.5145
-1.83685
0.652401
-0.491068
-1.23455
1.49178
2.61507
-2.89901
-0.385257
-0.179844
0.060309
-2.30904
1.2153
4.64066
-0.192115
0.803989
-0.398361
-1.20238
4.56354
-0.213168
3.05698
-0.941846
0.195403
-0.047713
-0.819374
-0.355689
0.775681
-2.5694
0.414381
-4.83349
1.45787
-3.52322
-1.12196
3.41758
0.487645
-0.635411
-0.976224
0.889939
-1.0506
-1.14332
1.63768
-0.184269
-0.758296
0.968399
1.3382
0.0436259
-2.4398
-0.154346
2.25351
0.503836
-1.17232
-0.132967
-1.91879
0.0201566
-0.233218
-0.0478111
1.10363
-0.396463
0.109322
1.68097
-1.136
4.6157
1.34023
1.11793
1.76243
-4.3041
2.5327
-0.710288
-2.19438
0.0531221
1.05274
0.427148
-2.03847
-1.61778
-0.581266
-0.221107
2.4924
-0.165533
-0.126346
1.92834
0.613247
-1.44248
-0.183807
-4.14448
-1.02669
2.47116
0.162086
-3.50435
-6.34984
-0.648101
0.282552
-0.486229
-0.385748
-0.466588
-1.02969
0.17731
0.464294
1.07901
0.0649717
0.422341
1.5841
-2.65445
-0.301964
0.877522
1.09349
-0.638451
1.58645
0.514334
-1.5516
-0.354224
0.0762098
-1.09714
0.754526
0.379833
-0.389847
-0.650634
-1.43788
2.29743
0.926312
2.94531
2.67477
0.602999
-2.28576
-0.207792
-4.47932
3.64734
-2.25639
0.534731
1.23505
-1.12982
0.193525
1.84684
0.910255
-0.646345
-0.504083
0.540533
-3.23067
1.12985
-6.38001
-0.603987
0.076013
0.799038
-0.0897463
-2.55262
0.861078
-0.0925822
-0.148613
-1.35991
0.428091
-2.63858
3.05381
1.65323
-3.85642
-0.460847
-0.608566
0.428489
-1.20238
-0.811512
-3.65182
-0.123816
-0.77445
-0.684749
0.536111
-0.316046
-1.17265
0.0419974
-2.2125
-0.759422
-0.152007
-1.57457
-4.70624
0.849401
0.177667
-0.452837
1.24676
-4.11449
-0.522002
0.535124
-1.98951
2.88763
0.61721
-0.196956
-0.482721
0.213553
0.906113
-1.07163
0.0314779
-0.349195
1.34454
2.6844
-0.609234
2.32558
2.62757
-2.51247
-1.07722
-1.1908
2.0022
-2.82114
0.699772
-3.5991
-2.53716
0.579263
-0.393214
-0.638456
0.0898828
1.46278
1.76984
2.21635
-0.0828556
0.944506
2.5011
0.0559835
0.15372
0.264926
0.383395
0.178396
3.23619
-1.20889
-1.0769
0.882864
-1.07354
0.716791
2.84252
-0.040457
0.742389
2.72139
3.13765
2.4714
-0.248868
0.0303922
0.271869
0.0310822
0.172246
1.5157
-1.08278
-0.249461
-1.30823
-0.26845
-0.482614
-0.680931
-0.113576
-1.38854
3.09066
-1.28194
1.51246
-0.567849
-0.869392
-0.422236
0.297736
3.72569
0.675471
-0.524749
-0.66108
-0.0307961
-0.756575
-1.06635
1.74894
-0.437422
2.20133
4.44194
1.22447
-1.02842
-0.0236067
0.400226
2.18637
-0.0310269
-0.448506
2.51151
0.0522855
-0.0288046
1.85653
0.432711
1.18628
-0.0433395
-0.694848
0.303117
1.35702
0.171553
1.22487
-0.893955
-0.489217
0.713011
1.60292
0.768786
-0.398257
0.114408
-4.33333
0.195915
1.94073
0.793666
2.79775
0.778473
-2.67828
0.0516769
1.93676
0.284138
-1.28315
2.11998
-0.0823381
1.00745
0.787943
-0.259855
4.09229
1.17321
1.68434
2.3479
-0.626217
0.419115
-0.45341
2.67631
1.87317
1.82385
-0.238984
-0.425907
-0.146184
-0.416539
-0.358872
-2.08973
-0.88799
-0.0703754
1.53379
0.423666
-2.02973
-0.754186
0.625624
-3.79978
1.82953
-0.367167
1.77961
-0.186324
-3.57598
0.790194
-0.878172
-0.826106
0.0528754
0.208819
-1.2378
-3.76917
-1.13752
-4.91225
-0.387435
-0.747423
-1.83905
0.720638
-1.33107
-0.491407
0.710379
-0.61938
-0.37585
0.492758
-0.584649
-0.767811
-1.25284
-1.63647
-3.6126
-1.01917
0.298314
-0.360665
1.6489
0.788738
0.446296
-1.09154
-0.872543
0.770632
0.4796
-5.02813
-0.412521
0.506714
-1.95129
0.441662
1.29414
2.21419
-2.11056
0.570751
-5.23873
2.30817
0.672021
0.182339
-3.38867
4.1781
-4.44117
1.43995
0.435145
0.14302
-0.403689
-0.933159
1.29922
1.33406
-1.25608
-0.800924
0.16057
-0.337281
2.52578
0.240374
-0.190748
-0.370834
3.28001
1.45747
-0.151184
1.37891
-1.20954
0.991404
2.86547
-0.962274
-5.24925
-0.112627
-0.529539
0.0905036
-0.510905
-0.507447
-1.71509
-2.95289
0.65072
-0.625701
-0.123403
0.74781
0.0937507
1.15073
-0.28334
0.692276
-1.64092
-0.0800445
-2.76457
0.759533
0.556796
1.27503
-0.114617
-0.574132
1.8941
-0.122818
1.22163
-0.203705
-0.787324
0.841343
-0.223295
-0.0205927
1.39815
-3.01357
1.50391
0.455181
1.40803
0.21276
4.11525
2.2568
0.324288
1.53141
-2.54391
0.340289
4.29964
-0.626147
-3.25824
-0.191013
-1.39938
2.29092
0.716174
-2.34055
-0.876462
1.10366
0.066949
-1.69894
-1.35933
-3.74443
-3.92346
4.09581
-2.51807
-0.0109414
0.950177
0.406504
-4.00837
-0.349796
0.117672
1.14473
-0.17701
1.20772
0.492698
0.916414
-0.198298
0.8848
-0.71678
6.03117
-0.109277
0.458239
-1.24168
1.05353
1.15832
0.868492
0.117795
0.515557
-0.0898395
-0.815343
-0.171721
1.81941
3.9635
-0.746333
0.246176
0.944164
-1.67963
-0.796347
1.19922
1.07048
-0.380785
-2.31374
-0.888631
0.913012
-0.0488626
0.0480132
-1.84289
-0.437737
0.230222
-2.83852
0.317126
-0.28334
1.31205
-1.69571
-1.25417
0.292788
2.25653
0.00420106
-1.90047
-2.49942
0.437178
-2.21534
3.45406
1.12366
2.6061
-0.737567
0.982325
-0.288793
0.586194
-1.28032
4.03306
-4.79744
-0.700467
-0.275762
0.11535
-0.447692
0.797841
0.49788
-2.38368
0.222861
-0.198564
-0.539028
-5.29747
1.9732
0.659229
-1.05254
-0.151676
0.769608
-1.19077
-0.0939084
2.11509
1.86031
-0.35515
-0.036021
-0.198821
1.40112
0.0840661
2.93535
1.35278
-0.676974
2.14114
3.64124
-0.22079
2.34448
-0.917595
2.05949
-1.00837
-1.19536
-0.105232
-0.65682
-1.30588
-0.0572739
1.22625
0.947769
-0.855971
1.09879
0.82041
1.09086
-0.000900425
0.953956
-0.529009
-0.528213
-0.537982
-0.689676
2.90467
-0.346256
-0.729924
1.67687
0.841369
3.3108
-0.836081
2.17379
0.228101
-2.61424
-0.206837
0.336692
-0.182214
-0.261336
3.49697
-0.0732975
-0.549123
-1.17287
0.608329
1.84839
0.425867
0.0736008
-1.68143
-0.408433
2.25582
-3.97952
-0.478492
-1.05367
-0.994354
-0.0383291
1.98738
2.89354
0.793097
1.04584
0.35894
-2.33706
-0.287016
4.39055
-1.21773
-0.676182
3.04068
-1.63873
0.864202
-0.572953
1.41258
-0.377605
0.701959
0.607481
0.0629064
-1.61605
-0.536017
2.26566
0.241944
4.77303
0.0303905
-0.389273
-5.62522
0.584773
-1.51332
0.410406
0.0496572
-1.98422
0.84211
-0.517445
-1.514
0.154238
-0.338965
-0.251253
-0.184958
-1.24538
-1.94353
0.0601326
-0.343211
1.66407
-1.65661
0.888826
3.72565
0.643805
0.190559
-0.773721
-2.69054
-1.85732
-0.0878269
0.345864
-0.892777
-0.35578
-4.0371
1.38781
-0.400704
-1.62421
-0.380376
-0.989933
-3.39082
-1.36231
-0.0925803
-0.697889
1.37622
4.69469
0.15613
-0.357239
-0.661995
0.967559
-0.851124
-0.341074
2.59384
-1.45802
1.24796
0.0628318
0.079953
1.99157
-0.699485
3.06608
-3.05552
-5.78156
-0.92894
0.591258
2.62135
-4.30103
-0.163088
-2.24002
-1.07478
-2.00549
0.76061
1.35847
1.05914
3.87477
3.49183
2.12341
0.876288
-0.0308945
-3.09907
1.30638
-0.382534
0.962159
-2.09851
-0.315202
-0.222128
-2.58223
4.80784
-3.29119
-1.16637
-2.10042
-0.466373
-3.43402
-2.35477
-0.990048
-0.284999
-0.870072
1.83631
0.037901
3.33661
-0.989308
0.648498
0.164834
-1.11197
1.45583
-0.924557
-2.34976
-0.623369
0.285938
2.62799
-0.645939
-0.845124
0.508998
0.64018
0.862446
2.11684
0.56381
1.23404
-0.766398
2.43779
-0.402004
-0.153467
-0.805537
-0.825135
0.322638
-1.68978
0.329199
0.114827
-1.06392
-1.08142
-4.18448
-2.24614
-0.482616
0.737091
-2.21479
-0.727307
-0.114232
-2.99732
-1.62513
0.756028
-1.34417
-1.70601
-0.502681
-0.237844
-1.27972
0.193337
-2.28316
0.108388
-0.456458
-0.0373584
2.66305
2.00102
1.5502
1.23706
1.58958
0.37581
-0.758284
-0.580195
0.313779
-0.428048
-0.493326
0.13287
3.93708
-0.359682
-0.129247
-1.48973
0.619456
3.42179
0.547663
-1.02404
-1.11978
0.328126
0.267712
0.613683
-0.350589
-2.65651
3.51242
-2.39842
-1.24095
0.0232698
0.713334
-0.452238
0.50562
-0.265102
-0.0673341
0.0293357
0.110164
-1.99044
2.17194
2.44671
-0.886902
-2.14319
0.179211
0.280549
0.192262
-1.16374
-0.602078
-0.62654
1.95815
0.0290865
0.408008
4.43315
-1.47993
-1.11572
0.0444357
-3.12712
-2.46932
4.75434
-0.326785
-0.0974921
-1.02176
-0.541292
1.41861
-0.946555
0.655404
-0.3353
1.50409
2.36701
0.206677
0.0674239
4.65604
0.0395034
-1.13657
-0.875579
-0.987341
0.347851
0.542451
-2.1
0.462989
-4.53446
-0.880124
0.674291
-0.195404
-0.590393
-0.254575
1.8522
-0.507535
-0.467409
-3.07498
0.935501
-0.862533
-3.71557
0.784396
-0.894034
-0.278015
0.383877
0.80327
-0.490274
3.41547
2.04393
-1.16831
-4.84765
1.49941
0.351099
-2.89123
-0.230452
0.814067
0.19802
0.643712
2.09158
-0.290781
1.78765
1.07869
2.27747
-1.77631
2.06685
1.47833
-0.210967
1.68618
-5.21988
1.20039
0.0583604
-0.78898
-0.0356521
0.681231
-1.60195
0.418328
0.121781
-0.476074
-0.0243717
-0.176511
-0.0545848
1.00337
-1.51069
-0.826682
-1.18216
0.192335
-0.0642924
-0.255462
-0.0335399
-0.443744
4.23885
2.14164
-0.599825
0.15585
-0.227864
1.07473
-0.471185
-0.36787
-1.32311
0.133589
0.529929
-0.49722
-1.31462
1.48675
-0.750938
-1.48047
1.58877
1.62023
-0.683298
0.204308
0.527017
-0.61004
0.715587
-3.75367
0.569508
0.200799
-0.052128
-0.980703
-0.489873
1.12012
0.713031
-1.21152
-0.126627
0.653541
3.13529
-0.233803
-0.675915
-0.0032779
-0.263628
-0.138818
-0.125132
-3.39147
-2.79937
-1.35793
-0.899664
-0.607259
-0.00711947
0.0207892
1.12645
0.740063
-1.46935
0.532116
-2.31766
-0.843523
1.70842
4.7329
-0.997045
-2.71364
0.471126
2.74746
-0.819927
2.00861
1.04759
0.60033
-1.47823
-2.32597
-0.531484
-1.22843
-0.243036
0.509308
0.252197
-0.147677
-0.513021
-0.272669
4.43367
-4.45003
2.49326
1.56109
-0.294891
-0.413759
-1.62766
0.9181
-2.69535
1.81215
-3.54401
0.1418
0.376649
-2.19151
1.20502
-1.61163
0.429135
2.36392
-0.0998683
-1.06063
-4.67331
1.71119
1.28531
-0.63277
-3.64718
-0.0140979
-0.0166877
-1.45219
0.685512
3.45543
1.69781
1.00106
-0.615773
-0.239488
3.38776
-3.56925
-0.306035
-0.36937
-0.297939
-0.9443
-4.74489
4.48177
0.88076
0.729019
-0.523571
-0.153248
-1.60913
2.12467
1.30312
-1.59204
2.00048
-1.92966
-0.967883
0.200537
-0.656673
-0.53329
-0.0445165
-3.54909
0.695706
-1.07362
0.0957268
0.787062
0.33817
1.3527
-0.248775
2.25841
0.724924
-0.0402619
0.931464
0.622971
4.95559
-0.600903
0.0844667
-2.24361
1.17159
0.19241
1.21057
0.229327
-1.68553
0.391717
0.142313
-0.388017
0.646984
0.818907
0.304204
0.315472
-1.62552
0.665609
-1.44956
-0.352607
0.143522
0.77578
0.070226
0.259987
0.85671
0.547408
-0.0210261
0.453325
0.323214
-0.350815
0.682792
-0.714502
5.02747
2.90467
1.42889
-1.35129
-2.77628
3.23967
-3.74436
-4.0015
-0.444918
1.5119
-2.04356
-0.389146
-0.936757
-0.720898
0.0683606
-1.10926
0.0499973
1.85458
0.700866
0.199241
0.016741
-0.22131
3.58399
1.62669
1.65565
-0.863861
-0.997936
1.27854
-0.277455
2.13724
-2.29725
-1.68772
-0.09605
4.04181
0.0662536
-0.98663
0.705544
-0.106419
0.923372
0.666652
-0.398667
-0.266728
0.673857
0.502558
0.574551
0.730324
-0.679384
2.81971
-1.56217
-0.746263
-4.13047
-1.23855
-1.11918
2.772
-1.08667
0.31023
-1.07049
3.69449
-1.29711
0.481379
1.42443
0.378122
0.72467
-3.32108
1.23873
1.76592
-0.578613
1.6893
0.502243
2.64893
0.969732
-1.44597
-0.716479
0.652615
-0.722763
0.257138
-0.979803
0.192851
-0.91598
-0.0453742
2.74996
0.275499
-0.213338
0.168047
0.0638535
3.8351
2.79205
-0.791019
0.419491
-3.60224
-2.60754
-1.40197
-1.08548
-1.00845
0.405468
-1.69295
-0.808034
0.00144088
-0.716975
-0.692465
3.41584
-3.12223
6.21157
1.35207
0.916344
-0.85164
-0.861249
-0.305078
-0.858045
-2.05979
0.488309
-1.26845
1.73001
-0.233402
-0.712405
-0.267539
-1.032
-0.716738
0.427603
0.278907
-2.42641
-0.337333
1.28825
-0.83249
4.21122
-1.31464
0.00115022
0.692062
0.466799
-1.70291
3.50857
-0.746616
-0.593853
-1.4444
1.69367
1.26782
-1.79539
-2.84891
3.33057
0.461395
-2.19464
1.01369
0.569717
0.096959
4.89374
0.728562
1.86453
-2.43137
1.38522
-0.530271
4.41483
4.88552
-2.19653
0.225835
-0.00769717
2.56268
1.89831
0.189101
-4.03815
0.482325
-0.782468
-0.20543
-0.189947
1.75426
-0.734596
-2.39517
-0.3913
-0.155279
-0.681248
3.29583
-0.319921
0.54224
0.469674
0.706722
0.232328
-1.09969
0.0378385
-0.321066
-1.62412
1.94718
0.804883
-6.21346
1.22566
-1.57403
-0.360207
-1.2132
1.21243
-1.13778
1.0652
1.02876
0.636973
0.0211687
-2.48856
1.75176
5.6134
-1.91073
-0.249531
-2.05476
-0.661327
0.235494
2.97134
2.27609
1.51269
0.00608791
0.557365
-0.438304
-0.222168
-1.12245
2.49119
-2.53102
-0.341569
0.137575
-0.383418
-0.791719
0.656147
0.584661
0.288597
-0.641448
-0.330038
1.03608
0.441758
-2.00711
-0.11462
-3.46274
-1.23642
-0.996171
-3.47112
-2.36747
0.79243
3.03104
2.43522
-2.4426
1.80078
0.393951
0.797045
-0.38437
0.416844
0.584951
-0.5547
-1.97517
0.878888
0.245974
-0.0483162
0.100718
-2.66977
-0.764141
2.9655
2.25526
-3.84197
-1.83574
-0.567375
-1.38134
-0.452693
-3.44286
-0.0319687
1.28822
-0.969018
-0.615725
0.359826
-0.183001
0.296008
-4.53526
-3.48348
0.0660142
0.665988
4.38153
0.853028
1.99009
-1.67064
-1.32249
5.23898
-1.68958
-0.901559
0.095164
-0.516799
0.79318
-3.2222
-0.195987
-0.579569
0.0326939
1.74846
-1.2109
-3.51275
-5.79684
-0.492934
4.81578
0.0415007
4.49849
0.518478
2.25789
2.30387
-0.392777
1.98737
-0.982652
-0.865184
3.9077
2.2328
-0.254068
1.79794
0.0771425
-1.73629
0.191027
-3.10822
-1.79273
-1.61631
-2.23131
-0.987561
0.626972
-0.434341
0.184821
0.325785
0.0813452
-0.881191
-3.99614
0.0928055
2.67164
1.09006
1.26261
-3.67675
5.12944
-3.51042
-1.463
-0.10073
-1.14078
-1.08687
-0.358718
-0.157931
-1.43708
-0.286548
-0.47008
0.96644
-0.0843512
0.295715
-0.812311
0.667618
5.28726
-0.789641
-0.385304
-1.16665
-3.17035
0.435455
1.55421
-0.289623
2.10216
0.0154291
0.252454
-0.306155
1.9629
-1.90116
-1.9292
-2.34521
1.20002
0.246646
-0.516568
4.8943
-3.58338
2.81307
-1.00454
-0.275421
0.445023
-0.841807
1.42457
0.809103
0.759487
0.00632217
-0.400194
1.40977
-1.67195
1.27634
-0.387563
-0.7898
1.6538
-0.679429
-0.616102
1.23728
-3.137
-1.39886
1.31943
-0.395133
-0.348189
-1.44877
-1.79492
-4.31959
-0.346844
0.544593
0.939205
-0.679882
2.55791
-0.137798
-1.29523
0.204785
0.542474
0.999756
-2.83115
1.25054
1.05548
2.91649
1.91378
-0.0782555
0.0381396
-1.17942
0.148122
-0.274985
0.183047
0.738937
-2.52385
0.211295
-2.049
-2.88161
0.436248
1.10486
0.149374
0.617474
-2.3446
-0.436507
3.84323
-1.97782
-0.910673
0.896073
0.655335
0.238294
0.332308
0.692862
0.362779
-2.79992
-0.533974
0.494025
-0.306514
0.242817
-0.997807
0.852642
0.547112
-0.248897
-2.73081
-0.229883
1.12949
0.0358949
-5.22528
0.102372
1.12877
-1.87397
-1.22539
1.82722
1.48292
-0.117708
0.981604
0.566583
-0.451618
1.67934
-1.24194
0.165812
-3.73776
0.715364
3.47264
0.25162
1.54156
-1.10576
-0.72359
1.60371
-1.24968
0.462072
1.07811
-0.101663
-0.481038
0.372694
0.34794
-0.53009
2.20078
1.70133
-3.12091
1.02393
0.0761569
-1.97968
4.57583
-2.92331
-0.175167
-4.23215
-0.155837
0.645427
1.17672
-0.827941
-0.923479
1.8493
-1.16195
-0.810071
-0.485194
-0.349051
0.313366
-0.549514
0.640435
1.68193
-0.221753
-0.310109
-1.24286
-1.02082
-0.0700136
0.78399
0.0595428
0.885828
-0.482117
0.383162
1.31294
0.878986
-0.474208
-0.0340096
0.67804
0.200473
-3.98354
0.566746
-2.81818
1.50003
-0.508082
-0.0681276
0.563697
-0.694516
-0.390033
0.563687
-2.99474
0.182009
-1.70816
-1.82414
0.380757
-1.04048
-0.430604
0.471742
-1.94397
1.6255
0.386138
0.659604
-1.03631
-0.377424
1.90226
-1.62638
0.744039
-0.441685
0.51814
-1.03805
-1.16908
0.988968
-1.10453
0.033787
-0.571824
0.0902772
-0.571946
0.315437
0.272857
0.337219
-3.64905
-0.632125
0.796826
-0.722863
-0.875242
1.90738
-1.92652
0.348415
-0.546895
0.0577658
-0.386087
-1.96356
-5.95256
-0.0677608
1.75094
-3.21029
-0.153417
1.35448
0.907207
-0.0369022
1.22218
2.05872
0.624817
-0.18855
1.8105
0.966049
0.394369
2.73944
-0.339949
-0.00562363
1.05233
0.455066
0.0822978
0.0681984
1.42093
-0.416538
0.24037
5.41834
0.250637
-0.621115
-2.58175
-1.09931
-0.655576
-0.265674
0.203493
1.34556
1.82358
-1.00505
0.927206
-2.74411
0.768734
4.07913
0.0382375
-0.0916163
1.84127
0.7661
-2.03377
0.27732
0.342808
3.55616
-2.35797
0.706433
-4.90771
-1.22392
-0.905133
0.172054
-0.596094
0.260584
5.0682
3.34573
2.60243
-2.03323
-0.268417
1.62507
1.25955
-0.0396575
3.39714
0.826856
-0.381736
0.328953
2.59018
2.29141
0.662309
1.12374
0.532835
-0.0909608
0.450772
0.0957107
0.526726
0.370688
0.780925
0.0895253
-0.480958
0.624422
1.27358
0.0915776
0.470493
3.45036
-2.22426
-0.036282
0.690011
0.63116
-0.868
0.673663
-3.73946
2.03502
-1.23414
-1.69798
0.594239
-0.129856
0.250854
0.111839
1.41409
1.14498
0.763071
0.591941
-0.626336
-1.11217
2.05432
0.394084
4.59969
-1.52711
-0.451843
2.02369
-0.59966
-3.45632
-0.553186
4.3555
2.38932
-0.118878
0.0731125
-0.490117
1.3518
-1.0558
-0.987817
0.138128
0.839526
-1.57423
1.57893
-1.03359
-2.09201
0.173214
-2.57387
1.58297
-0.462194
-0.623728
3.61623
-4.44519
-0.00375175
-0.934258
-2.87764
0.250735
2.00691
-1.58052
2.59209
0.52801
0.504226
-0.618194
0.857889
0.854796
-0.820506
1.75178
1.51201
0.583699
0.351352
0.684694
-2.03686
-4.52104
-2.03935
-0.960405
-1.21095
3.28548
-2.05883
0.16898
0.535989
-0.239263
-0.736741
0.636067
-3.64764
0.347985
0.120846
0.552921
-2.20671
-0.0796601
2.50993
-0.609765
-1.31971
-0.0527112
0.0930381
-3.17288
-0.315742
-4.60909
-0.407415
-0.315581
-4.65469
-0.349573
-2.37958
-1.21358
-1.09563
-1.28633
3.42043
-0.277625
0.750401
1.53296
1.2087
-1.42732
-1.06477
-2.9305
3.82198
1.10056
4.79503
-0.128752
-0.546225
2.28113
1.51382
0.90829
-0.727487
0.39365
-0.157948
-0.915506
1.66479
0.557339
0.648553
0.808591
0.783244
-0.0251712
-0.17577
0.467308
-0.617177
2.27997
-1.49557
0.169405
0.324801
-0.397291
-3.67053
2.91163
-1.03092
1.39711
0.707369
-0.880459
-0.965237
-1.398
2.2427
-0.972868
-0.0569299
-0.185141
0.136053
0.166593
0.96082
-0.564252
0.497756
-0.784352
3.48145
-0.758274
-0.0533432
-1.23556
-4.88728
-0.797494
-0.480173
-0.68375
-0.3697
0.306306
0.617966
-0.533345
-0.244709
-0.798153
-0.99678
8.07347
-0.315895
-1.79309
-1.35668
-0.319304
-0.865124
0.294228
-0.819642
0.741508
-0.262003
0.647923
0.829728
0.145055
0.570722
0.678899
0.07089
0.308538
-0.451628
-0.404599
-0.186125
2.36601
1.59699
-5.50437
6.60827
-0.88615
0.416891
-0.718434
0.539139
0.528487
1.30443
-0.695513
0.84545
-3.04286
-3.88661
-3.20977
1.03228
1.32481
5.76223
-1.1734
-0.411745
4.15223
-4.57587
0.594359
1.03168
-0.691912
0.000221777
-0.0681209
-0.30248
-1.55472
1.61058
0.838988
0.590922
-0.654989
-0.467225
-0.527642
1.11581
0.705349
1.02796
-0.252552
-2.13473
-0.29449
3.16314
3.3454
-0.0520032
-1.95502
-0.608079
0.0369661
-0.288783
-2.16164
-0.477524
-0.634623
2.11687
0.683504
0.198888
-0.597907
1.8857
0.766275
0.761167
0.303405
0.526417
-1.52994
0.274719
-0.570184
-2.67813
0.563008
-0.953103
0.89381
1.00847
-4.00777
-2.37686
0.932331
0.876006
-0.763651
0.587007
0.146073
1.05215
0.027742
-2.01184
-0.173923
4.24303
0.895231
-1.77821
-0.257266
-1.40892
1.54092
-0.212612
-0.908692
0.748333
2.30517
-3.8978
0.25183
-2.73198
1.41576
-0.183449
1.84046
0.0769021
-0.0347112
0.534473
-0.974776
1.27641
-0.340119
-0.302475
-1.57878
3.19622
0.322451
-0.0648038
-0.540896
2.0404
-1.07579
-1.08133
0.122923
0.257026
1.16308
0.71346
0.848665
1.31426
-0.274299
0.166715
1.22478
-3.41735
0.112449
-0.070474
-0.733333
-0.193251
-1.32957
-0.673058
-0.66043
1.67427
-5.7674
-4.01278
0.0185687
0.908151
1.56259
-1.00113
2.11675
-0.142951
3.65522
4.53266
-1.42575
-0.986644
2.9639
0.936267
6.96314
2.24918
-0.593538
-0.480763
0.968289
-0.354483
-0.924101
-0.3403
3.84687
0.601396
5.92283
-0.162743
-0.0545462
-2.27671
-4.88034
2.21296
-0.282247
0.337657
-1.03855
1.13792
0.0755947
0.363543
1.57369
2.40986
1.43821
-2.90616
0.318967
4.42389
-3.66176
1.56046
-0.0773951
0.221288
1.26977
-1.59098
-1.01997
-0.996537
2.67163
0.178895
-1.88109
-0.411786
-3.36552
0.661887
-0.259577
0.138554
-1.24123
0.656356
0.0746154
-0.0687872
-0.153771
-0.149335
-1.49997
2.00379
0.271484
-2.50587
0.873791
-1.37967
0.83171
-1.32459
-0.724276
2.56586
0.278072
-1.11636
0.106206
-1.03838
-0.503182
-1.20007
0.0219655
3.08569
0.14192
0.303473
0.837577
1.03189
-1.40545
-2.19737
1.22288
-1.72231
-0.475889
0.961367
-0.441569
0.92045
1.14569
0.63734
0.538781
0.645773
0.0114537
-0.703864
0.565863
0.180717
0.0818433
-1.20677
-0.982646
1.41299
0.174315
-0.366238
1.87433
-0.0764991
-0.0206824
-2.82563
-0.906737
-2.3246
1.30749
0.0876752
-4.39051
-0.836908
-2.89545
-0.196458
0.403944
-0.331379
-0.0455573
-4.5264
-0.630936
-0.285846
0.203457
-0.470348
0.240234
2.59561
0.47688
0.897953
-3.79187
-0.76233
0.221756
-0.484694
0.445976
-1.55789
-5.43422
-0.490584
-1.78909
0.11387
-0.233309
-2.32535
0.558086
-1.27389
0.262563
-0.561935
2.18267
-0.0896975
1.2048
0.824165
0.353743
-0.652493
0.360754
1.94574
3.46249
-0.277022
-0.415056
0.290327
-0.08004
0.770387
1.3373
0.502375
0.521184
0.224318
-0.121841
1.03753
1.55264
-1.17187
1.11472
-0.142129
-0.13333
1.84445
0.0764712
-1.46596
1.57074
-0.748328
-1.05633
-0.132526
-0.309554
-0.110961
0.626642
-0.554827
0.837098
1.22996
0.125313
0.567723
0.467944
-0.365953
4.97269
-0.290788
1.25234
0.887591
0.503413
0.075486
3.05409
-1.27463
-0.118413
-2.3072
0.379911
0.0046536
1.8936
0.882037
-2.10122
3.11888
-0.783819
-0.845533
-0.576989
0.742546
0.465893
-2.57929
0.458823
0.519164
3.99289
-1.24845
-0.524608
-4.11281
0.418402
-2.24421
0.325841
-1.44391
0.512129
-0.789574
0.922094
-2.53946
0.429252
1.99808
0.224051
-1.0798
3.76901
4.10464
-1.76916
-0.590238
-0.26015
-0.0733706
0.211976
5.11606
-0.798578
0.892978
0.30188
-0.658567
-1.71583
-0.842983
-0.500715
2.34726
-1.0182
-1.52798
0.0674685
2.06636
1.79487
-0.839886
0.458076
0.591736
0.74407
1.78609
0.511282
0.687221
0.181016
4.18569
2.04367
-1.1079
1.25357
0.963744
-0.180726
-0.986155
-1.97077
-1.70951
2.37102
0.799942
0.154645
0.150827
-1.16876
2.10612
-0.6851
-4.59838
-0.0793672
-0.346219
0.332338
-2.37676
-0.125592
0.453734
-0.775871
0.0631029
-2.28834
-0.0163998
1.10168
-0.620681
0.135067
0.120746
0.0937117
-0.790695
0.107001
-0.271993
-1.83423
-2.40181
3.40286
-2.1328
-0.291393
-0.0247794
-0.0472428
-2.88756
-2.90358
0.0511067
0.183751
-1.5178
0.795252
-2.38
0.505514
3.3759
-1.76818
-1.87238
-0.101138
0.207247
0.694272
1.66516
0.806899
-1.0687
2.6414
-4.92406
1.2622
-0.383922
-1.87597
-0.0768962
0.299134
-0.757069
0.0505955
-0.893871
-4.60248
0.349744
1.41872
1.27705
1.38748
-0.286597
-4.12092
0.368636
0.792379
0.220333
-0.566035
0.162067
2.71404
0.476816
0.129781
0.758143
0.243304
0.483007
-1.58712
0.422925
1.32734
0.363307
3.40214
0.931316
-0.848484
0.367277
0.563368
-0.468168
-0.183192
-0.00539358
-0.572681
0.241473
0.0701337
-2.1173
0.33332
-0.0173589
-0.95978
0.903589
0.313887
-4.37662
3.69739
0.648708
-2.2586
-1.17259
-4.38655
4.66848
-0.677841
2.28517
-2.4102
1.04736
-2.83888
0.663727
0.539887
-0.457265
-1.3316
0.562743
-0.568973
1.07243
-3.49105
-0.318703
3.94228
-0.228788
-1.91164
-1.9143
1.44135
-0.518019
-0.08331
-1.31422
-5.28014
0.117037
-2.02848
-1.02346
0.128103
-1.47522
0.85645
-0.0237267
4.26939
-1.51046
2.80916
0.165817
-0.169336
-0.545962
5.60778
-2.34845
4.2518
-1.55576
-0.20306
0.610747
-2.06802
-1.72757
-0.367358
-0.0978752
0.127951
-2.41124
-1.86485
0.60637
-1.89404
4.26471
-0.263279
0.669952
-5.23108
1.08473
0.619979
0.986064
0.244301
1.3209
0.929775
-0.276369
-0.103316
-0.952954
0.512955
1.62202
-0.89279
2.89548
0.24699
-0.380539
-0.12103
0.561771
0.502186
0.961608
-0.439084
2.22685
-2.51112
-0.681044
0.45681
0.447008
-2.1402
-0.699066
1.68983
-0.147277
0.658579
-3.83833
0.713327
-0.355827
0.774473
-2.01026
-0.644064
2.20907
0.400102
0.912111
0.0172157
-5.30841
-0.601603
-0.322866
0.871957
1.15085
1.90515
-0.298757
0.934269
-1.56786
0.355024
-0.395797
-0.472023
-0.787288
-1.56284
1.34385
-0.125561
-0.235592
-0.171795
-2.01049
-1.1335
-1.76436
2.16337
0.43135
0.807001
0.719225
0.0709974
-2.28186
-3.8256
-1.65834
0.988163
-0.0814494
0.0803269
0.671491
0.918386
-1.82463
0.0435245
-0.364938
0.253037
-0.102762
4.74833
0.810305
0.719742
5.76212
-1.36808
-0.222905
-1.13601
-1.21061
2.38661
-0.10828
-1.0079
3.00983
0.15384
-3.2995
-0.218867
1.19623
-0.225053
1.51313
-0.388343
-1.60321
1.35786
2.56635
-0.94165
0.940839
-0.772423
0.121942
-2.06457
0.0611155
2.35922
0.932083
1.21066
1.2878
0.756175
-3.13541
-0.965105
1.15786
-1.7315
-0.391349
1.04593
-0.338595
0.336713
-0.14141
1.13442
-0.797831
0.358505
0.717598
0.529684
0.2645
0.552273
0.123905
0.357749
-2.09047
-1.3313
4.07383
-0.53617
2.15899
0.529834
-0.00476383
1.21724
-1.73091
0.533331
-0.125116
-0.839828
-0.0357516
4.08723
-0.157145
0.829362
1.3015
0.121394
-1.00478
0.150294
0.279582
-1.01364
0.539812
0.228688
0.545646
-0.52699
-0.292785
-1.58808
-0.312745
0.332916
-6.00488
1.00479
1.17324
1.72215
0.282293
-2.01527
-0.331294
0.871436
-0.188778
-3.16798
-2.92276
0.79505
-0.538414
-2.10608
-0.213801
-0.334836
-0.637805
-0.587695
-0.0789445
-0.200908
-0.868925
0.200799
0.855973
0.833229
-0.298103
-2.61733
2.22599
3.09573
-1.50576
1.54862
3.29811
0.222519
-0.00890297
2.54567
2.29173
-0.0720097
-1.66124
0.669174
-3.37626
-1.24197
-0.270952
0.545645
-2.79842
0.534114
-0.0255563
-0.384036
-5.52211
-1.45474
-0.0995835
0.338659
0.100197
1.61373
0.323341
-0.0688868
0.810694
-3.62018
-1.21451
-0.76637
-3.53463
-1.07852
-0.786431
3.16683
5.28157
2.22111
-0.45208
1.21083
3.08684
0.235371
1.17569
1.33074
1.65439
-2.27378
-0.546499
0.769096
-0.495082
1.69046
0.431686
-1.3915
0.0695748
-1.1755
-0.683847
-0.526026
1.46791
0.31992
0.173223
-0.131466
0.0081695
1.88047
2.23987
0.993472
0.112959
-4.0343
-0.554587
0.816155
-0.58142
-0.472112
4.21471
-0.777693
2.618
-0.202864
0.664366
-1.13489
2.29937
2.5427
-0.636109
-0.271402
0.583324
3.52781
-1.60017
-2.05737
-0.399133
-3.28285
0.824915
0.272481
-2.63562
2.48558
-1.20836
0.346331
-0.346054
0.953591
1.96248
-0.524903
-0.977674
-0.358555
-0.255012
-0.881703
3.35846
-0.590438
-0.681784
1.67274
-1.67212
0.451755
-1.53169
0.726503
-2.24113
-1.61884
1.2464
-0.0267984
0.304658
-1.05683
-1.64577
-0.806632
-0.0308075
0.0661631
-0.998825
0.00328842
0.273691
0.784758
0.163605
-0.325394
-1.41271
1.68464
-0.119567
0.535266
-2.44365
4.23945
-0.454973
-0.0589247
3.26867
2.1181
0.130239
0.214999
0.464748
-0.165625
-1.64443
0.795753
-1.99058
0.997316
-1.8115
-1.27459
-2.47441
-2.30907
-0.198637
0.0721381
-0.206756
-4.28281
-0.724948
2.75048
1.08891
-1.64637
1.99894
0.727493
0.0732699
0.456278
1.73402
-0.41634
-2.00146
-0.0782722
0.439674
2.79209
-0.355438
-1.39079
-1.31134
0.46837
-0.183815
0.465319
-0.784157
-1.35436
-0.460696
0.761891
1.23168
-0.718745
0.102222
3.14647
0.59359
-1.65268
1.13594
-1.66172
-0.380885
-1.38534
-1.72413
-0.859237
-5.06609
-1.35711
-1.27453
-0.67736
0.25903
0.537093
2.71239
-0.154719
-0.0135368
-1.5636
0.623034
0.230677
-0.650765
-1.49945
2.41111
-1.34499
0.503081
0.48257
1.28308
0.049674
-0.928254
4.18929
0.7805
0.293784
0.00799232
-2.21069
-0.322344
1.16882
-3.56596
4.54989
-0.796326
1.03753
-1.15766
4.059
-1.00034
1.95584
-3.58608
-0.95868
0.822604
0.49873
0.109639
-0.528516
0.523304
3.75191
3.04674
0.597817
0.803216
1.03385
0.589992
0.250279
3.14788
-0.778474
-3.79205
1.58704
-1.51088
-1.05512
0.767463
-0.573824
1.36029
0.306713
-3.22922
1.03744
-0.176905
0.393229
0.461097
-0.0278186
-0.80131
2.75314
1.74692
0.231099
-0.470895
0.616564
0.427769
-1.32254
0.668196
0.147613
1.24632
1.8538
0.443971
3.24147
0.478798
0.882798
-0.175016
0.698123
-1.03854
2.23243
-0.111928
2.05246
0.477504
1.02363
-0.289648
0.910194
-0.478899
-0.947534
0.224764
1.99925
-0.661115
0.122738
-0.0561653
0.103238
2.70169
-3.44923
3.8197
1.29843
-0.559037
1.77337
-0.121158
-0.450941
-2.41778
-0.187219
-0.596611
3.13909
-0.453445
0.178268
-0.603683
5.18621
1.29137
-0.454979
-0.493801
0.097907
-3.49518
0.926516
0.00414105
0.328264
-0.922391
0.159663
0.349741
-1.36918
-0.445213
-2.64244
-2.49503
5.11879
0.770708
-0.949342
-0.392508
1.51811
0.224777
-1.49606
-0.47089
0.657501
-0.428544
-0.337555
4.64359
-0.405313
1.11948
1.4834
0.137628
0.384102
-1.41642
-4.71326
0.419964
0.458209
-1.80135
-0.414116
3.77845
1.8747
1.0269
3.17933
-0.224676
-4.73774
-0.0880571
-3.52471
0.483634
1.27193
-3.2354
1.01912
2.66514
0.0563142
-0.448643
-0.204407
0.142098
3.17194
1.37705
0.652919
-0.145012
-0.463465
0.431744
0.917166
-1.72174
1.5201
-1.08354
-0.552515
1.16384
-0.811235
-1.72834
2.40763
1.75612
-0.260639
-0.0920104
-0.00985718
0.432208
2.43354
0.91789
-0.608278
-0.120071
-1.00947
-4.66757
0.258591
-0.384722
0.795378
-0.316219
-2.4745
4.08007
-0.396637
4.21109
-0.184651
-0.335454
4.36774
0.809081
2.01506
-1.60452
-0.67279
0.920997
0.0438668
3.47426
1.57901
-2.98294
4.20871
-1.29807
-1.49114
-1.81777
2.44262
-0.393563
-0.60098
-0.315414
-4.13176
0.0623142
0.233861
-0.5582
-5.18046
2.87065
0.461952
2.84536
1.52447
-1.69297
-0.215688
-0.0595701
-4.14698
1.12893
-0.548989
-0.0100548
-0.32382
-1.27011
5.21414
-1.00727
-0.673108
-1.22036
2.19399
0.252396
0.664324
-2.11507
1.47742
4.68432
-0.585617
0.914942
-0.10164
-0.831171
-4.22632
-0.32781
-0.68918
2.41025
0.590237
-0.31892
0.970014
-5.51254
-1.81456
-0.810613
1.68369
0.414352
2.8907
-1.31313
-0.564392
-0.233592
-0.758956
-1.60053
0.597134
1.44887
-1.48947
0.375652
-4.14798
1.33064
-0.680603
1.47935
0.628883
-4.92325
0.507736
0.148747
0.873011
-0.515768
-4.75654
1.8884
-0.332763
1.08854
-0.401216
-2.43712
1.65092
-0.456499
1.63037
1.67181
1.93937
4.50119
-0.0970571
-2.85164
-2.94726
0.454892
-0.383885
-3.10581
-1.24785
0.958581
-0.241288
-2.2171
0.989971
2.78435
-0.672186
0.40477
1.93691
0.151819
1.15241
-1.08902
-1.19529
3.6607
2.98745
-1.09444
-0.323128
0.374415
-0.302955
-0.708596
2.93185
0.23146
-0.219808
-1.09883
-3.07265
0.78557
0.366965
-0.176865
-0.32619
2.0842
-4.24564
0.265824
-1.93413
-0.0828655
0.405963
0.957668
1.43638
0.264381
-1.01737
0.590073
-0.651561
2.18301
-0.398804
0.240969
-0.353318
-4.51791
-0.397547
-3.5582
-0.502549
0.0885661
-2.10237
-3.87732
-0.701039
0.189461
0.792756
0.770487
-0.0665025
-1.4386
0.164935
0.216526
2.73512
-0.71938
-0.931166
0.287582
-0.237826
-0.447579
-0.251932
0.465806
0.107167
0.600323
0.860991
0.991684
0.230641
0.574512
0.522749
1.45995
0.470428
1.46541
0.253218
0.093318
0.273915
0.465175
1.59741
0.909137
1.84814
3.41392
0.663685
1.0148
-1.47556
0.269357
1.44698
-0.166946
0.356558
-1.20223
-1.4336
-0.580465
-1.06445
-1.84119
0.0219038
2.0812
-0.761649
-1.32127
-0.147641
0.996649
0.779589
1.74799
2.65514
-0.014393
1.9181
0.0185957
0.0582101
0.898871
0.505537
0.0815424
-0.301353
-2.60395
0.707068
-1.17769
-0.0964301
2.69938
-0.138875
0.201844
0.174827
-1.24921
-1.70799
-0.450439
1.51213
0.855481
-2.51364
-0.528124
1.27472
-2.89151
0.359381
0.373619
1.29517
-2.32936
0.195006
-0.798866
3.00928
-0.0865725
0.650529
0.195014
-1.71331
0.191095
0.553888
-0.0893804
-0.0755932
-4.32474
-3.87514
0.641261
4.44287
-0.342522
0.434751
0.35709
-3.8937
1.17494
0.0827772
-0.429816
-0.974827
-0.814477
2.14821
0.29418
-0.0950342
0.439523
-2.18176
-1.17366
-0.910533
0.25687
0.336284
0.721498
-0.451683
1.73205
0.0872126
-1.13423
-0.502283
-0.207531
-2.45673
1.71059
0.559902
-0.667176
2.17874
0.698824
-0.130747
-1.73295
0.158802
1.4112
-1.1076
0.673151
-0.214764
3.514
-1.47047
0.0962889
1.61943
1.31532
-0.705351
1.15589
0.91959
1.03099
-0.608715
-0.448259
1.83913
-2.10308
-2.57813
0.80357
-1.40964
0.304323
-0.256505
-1.18007
-1.502
-0.597466
-1.1022
0.148978
-5.37859
1.46524
0.350442
-1.20751
0.532858
0.0664458
-0.732036
-1.16137
0.490502
0.825962
-4.00034
3.44329
1.74423
-2.26601
1.14632
-0.262228
0.129543
0.275166
-1.34246
0.977555
-1.13848
3.40585
-0.961494
-0.396698
-0.76878
-0.121657
0.16139
-1.64192
4.28722
0.690044
-0.795539
-2.43773
0.288392
-0.0122526
1.06667
0.0776122
-0.863647
-0.278042
-0.38162
-0.258728
0.329471
3.70592
0.357794
-1.3136
1.58594
-0.0623571
1.28104
0.388834
-1.37641
0.749995
-0.148207
0.0883062
0.315893
1.03593
3.34725
0.0506233
0.696238
0.511638
-1.36041
2.71845
0.00562064
-1.25562
0.817865
-1.10302
-1.29283
0.512226
-2.1627
-6.07579
-0.72708
0.158144
0.138948
0.71257
1.22955
0.231205
-0.390028
0.567812
-0.7507
0.756329
-4.26835
-0.550311
-1.217
-0.214612
0.162233
0.618998
1.19175
-0.0925175
1.84536
0.340085
1.1145
-0.0739547
-2.54594
-0.681542
-0.642873
-0.221772
0.31228
-1.22999
-1.08664
-0.438141
-6.48804
-0.927229
-0.691564
-3.08804
-0.374726
-0.140679
1.84313
-0.555173
0.621826
-0.500418
-2.05077
0.0581225
1.23824
3.1504
-5.43886
-0.0560754
0.205732
-1.24417
-0.934598
2.65781
-0.0108973
2.25492
0.877438
0.521273
0.759025
-0.915591
-0.880176
-2.05252
0.574813
0.33969
1.35499
2.7049
-0.952157
1.16361
-1.01743
0.125228
-0.150657
0.386671
-1.02101
-0.179049
-1.60989
1.24091
2.17747
0.801552
-0.533143
-1.11465
0.413236
1.07075
0.893407
-0.781665
-0.0531316
1.09006
0.122663
0.475042
1.65123
1.06079
0.459329
-2.39312
-1.0011
1.61723
-3.37017
1.68042
0.339065
-1.96903
0.305628
1.91092
-0.639638
-1.91753
0.0166379
0.0331541
0.467976
-1.21301
-1.68593
3.10976
-3.78359
-0.118004
-1.80071
-0.898043
-0.131361
0.454687
0.433592
4.66531
-0.792305
-0.563999
-0.962994
0.984776
-0.185129
0.0971306
0.355659
-0.671054
0.608334
0.289455
-0.14522
0.0582337
0.301808
0.562036
0.668782
0.224641
0.207301
-1.42975
-0.859241
0.810357
4.38319
-0.119973
0.74384
1.22815
-4.30375
1.93736
1.1766
-2.17557
3.72183
-1.52409
-2.69996
-0.0669676
-1.84827
3.11042
-1.31645
-0.663716
-0.548269
-1.77278
0.178907
0.225123
-3.77614
-0.354702
-1.00331
0.499991
-0.376027
0.184485
-0.132738
1.04905
0.63911
-0.7546
0.608353
0.175393
-0.348266
1.29807
2.25524
0.224767
-1.5197
0.0411491
-2.18602
0.337937
-1.18795
-0.796656
-0.317317
2.12219
0.628891
3.43443
1.30207
-0.0088584
1.37431
-2.91386
-2.46666
1.5287
3.21431
0.319315
-1.27942
-0.192441
2.87875
0.946916
-1.3561
-0.476803
-0.0753384
1.67564
-0.785532
0.821064
-6.47908
1.6774
-0.313763
3.70364
-0.233018
-0.213363
0.233328
0.814569
-0.604454
-0.0613231
-0.28734
2.75793
0.934246
-0.284586
-2.79767
-0.114284
-0.514696
-0.0158878
0.48314
0.242917
-0.635715
0.495966
-4.54674
0.566602
-1.41971
-0.703282
1.0795
0.420808
-0.210675
-1.0301
-0.0344878
1.73493
0.945121
3.77227
3.34497
-0.228
-2.1793
-1.30152
-0.432714
-1.96821
-1.00841
0.129817
0.276273
-0.164557
0.673089
1.51606
0.588532
0.621039
5.72611
-0.153174
-0.507233
1.83172
-0.225611
0.179688
0.822811
2.5521
0.373646
1.45265
-1.25338
-0.309527
1.02663
0.588366
0.850779
-0.0872306
-0.543882
0.353621
0.0827557
3.26165
-0.21553
-2.98248
0.075199
1.22662
0.36524
-0.532001
-0.83334
-4.83324
-0.505774
1.0021
-0.0455154
-0.100626
2.64891
-0.700498
-0.498048
-0.678799
-0.0786417
-2.88435
-0.57781
-0.182483
2.61545
0.489893
1.85564
0.693895
2.52796
-2.24444
-0.88338
1.16019
-0.54491
0.136162
-0.784541
-0.608436
-0.531423
0.821516
0.864842
3.08193
0.908574
2.04567
-2.74162
1.41892
-0.643209
-1.62341
-0.90342
-0.51713
0.772094
1.53675
0.443162
-0.155583
0.553219
-3.03039
0.978816
-0.0646413
-0.648012
-2.06516
0.17122
0.704305
-2.00803
0.735958
0.245646
-2.99556
2.7715
1.93884
0.349582
0.589006
-0.622279
1.80554
1.54527
1.0945
2.02484
-0.976485
-0.931433
-4.50833
-2.05327
-2.58927
-0.0179272
-0.233597
0.313676
-0.528794
0.720963
2.53856
-2.96361
0.942668
-1.20444
0.103071
-0.0995047
1.87337
-0.462116
-0.450319
2.57936
1.09161
0.0734192
-1.00822
-0.149377
0.105475
0.513993
3.15209
0.263787
1.64639
0.15433
-0.123696
0.448548
0.485936
-3.62973
-3.09541
1.00353
1.18198
0.184844
1.06128
1.95085
-0.25478
-0.566954
-1.72334
0.365933
0.251622
-0.553777
-0.373998
0.693789
1.09282
-0.431231
-1.77847
1.57618
-0.793312
-0.209832
-0.879167
6.94122
0.496495
2.3308
-1.63899
1.37068
0.161206
-1.96823
2.18617
0.110058
-1.43142
-0.288242
-1.53899
0.195619
-1.41874
0.400621
3.52115
2.30047
0.168073
-1.61338
1.42633
0.271855
-0.724196
5.50032
0.77485
0.11835
1.18395
-0.479237
-0.693398
-0.354902
2.29309
-0.268716
4.40664
-2.6207
-1.26982
0.841215
0.881223
0.399439
0.255019
1.56597
0.870798
-1.15414
0.210374
0.430492
-0.441611
-2.88987
-2.39742
0.037128
2.90469
2.49585
-3.55519
0.364742
-1.70744
0.033596
-1.09145
0.951562
-0.138965
-0.976851
1.17374
-0.898054
-0.216117
-1.81864
-0.583515
1.429
1.41117
0.39133
1.87867
0.637408
1.22317
3.33224
-1.22827
-1.31805
-0.141754
-0.652088
0.526235
-0.69696
-0.321184
0.180798
-1.8816
-2.0098
3.33995
-0.375362
-1.62119
0.712654
-0.399312
-0.384457
-0.322948
-0.272074
-1.19091
-0.219805
-2.02797
-0.521115
-0.499184
-2.65521
0.530479
0.422353
0.821622
3.544
-0.308384
0.670783
2.35621
0.223004
0.600239
-0.137386
0.578697
-1.2406
-0.122769
0.519193
-0.738353
3.27387
-0.248934
0.215344
1.09579
1.47717
0.0432391
0.746916
1.6622
1.6315
-0.209453
-3.20347
0.123626
3.03462
-2.72507
0.611776
0.0580461
0.150549
0.489751
-0.316129
1.88704
-1.73774
0.284764
4.29869
2.06761
-2.51069
-1.69045
0.160226
-0.208862
-1.02693
-0.347589
-0.848041
-3.16656
0.882092
0.773379
-0.426746
-3.33665
-1.05924
5.01828
0.248712
1.30633
-0.469568
1.64405
-0.821702
0.359611
0.733026
0.990939
-0.489846
-1.10126
-3.4613
0.251608
1.49245
1.4081
4.67988
0.66923
-0.353794
-0.218836
-1.44468
-1.04783
0.894356
-1.06463
0.820436
-1.27749
2.4791
-0.203604
4.65093
-0.567208
-1.06417
-2.00423
-0.763254
0.923881
0.490843
1.20008
0.379365
-2.32765
0.155224
1.33254
-0.663709
1.75391
0.286971
-0.860783
-1.39794
-0.0762489
-0.0127072
-0.540317
1.38837
0.670701
0.174197
-0.847937
-0.825733
0.341621
-0.773785
-0.0526101
-0.808952
-2.18514
0.365103
0.704984
-1.84442
-1.23032
0.916672
0.953968
0.018724
1.17835
0.462001
-1.09847
1.55155
-2.40962
0.0253774
1.4992
0.141409
-2.74798
-2.53729
0.0475459
0.99552
-0.0187227
-0.524438
-0.157226
0.847784
-0.294621
-3.8435
-2.97279
2.89539
-1.79922
0.213111
0.381829
-0.463946
2.09298
0.00685042
-1.16037
0.151842
1.04063
-0.843021
-0.044831
-0.983186
-1.87626
1.7288
-0.162675
-0.298628
-0.210729
-0.5406
-0.715548
3.58617
0.545461
2.94814
0.0365196
-1.33679
1.24576
-3.39405
-0.119839
-0.165116
0.771467
1.88148
0.81702
0.231278
-2.02451
-0.916284
-0.597727
-0.412894
-0.67513
-4.07929
0.24012
0.258947
1.13577
2.12299
-3.24763
4.65463
0.0018115
3.79234
-3.18709
-0.0223569
-1.96879
4.22996
0.46061
-0.789248
-2.94965
-0.356648
-3.6756
0.736221
-2.64101
-0.28452
0.0192702
0.693602
3.2411
1.5597
0.216752
-2.7256
-4.94847
0.815679
0.817455
-0.94202
2.23142
-0.25593
