0.122649
0.331166
0.705029
0.905484
0.776048
0.572439
0.0173017
0.754654
0.493226
0.49426
0.471797
0.580468
0.931865
0.024284
0.651955
0.0982145
0.577269
0.453507
0.99461
0.813285
0.0534795
0.985475
0.251365
0.48153
0.0178591
0.259028
0.135893
0.74877
0.159098
0.399912
0.436887
0.526464
0.701668
0.936537
0.881923
0.0111441
0.738611
0.856702
0.587904
0.945156
0.0394158
0.496286
0.0778181
0.793058
0.818053
0.916148
0.269545
0.82428
0.258761
0.0129601
0.977601
0.994451
0.721584
0.758309
0.887488
0.793687
0.565043
0.742493
0.296364
0.631016
0.408033
0.867266
0.969434
0.857892
0.618143
0.289012
0.662891
0.00857281
0.20874
0.205957
0.520307
0.568725
0.292556
0.170204
0.016809
0.662566
0.063329
0.476671
0.967934
0.82013
0.125488
0.606644
0.898078
0.737219
0.496669
0.563199
0.304841
0.49004
0.661897
0.38828
0.227309
0.353772
0.937103
0.659979
0.600722
0.123018
0.797921
0.53464
0.591109
0.997593
0.567149
0.169572
0.30964
0.8827
0.456171
0.635123
0.0501789
0.139451
0.96578
0.810467
0.251623
0.101164
0.310463
0.069179
0.900721
0.430544
0.859845
0.648229
0.963373
0.391621
0.458542
0.510108
0.542215
0.673576
0.527443
0.921717
0.447408
0.416218
0.220677
0.201815
0.984122
0.783795
0.191588
0.640372
0.0138574
0.444939
0.449103
0.585922
0.99756
0.115081
0.138084
0.13734
0.0763337
0.756733
0.666051
0.245636
0.493584
0.836627
0.282516
0.391556
0.976671
0.597873
0.11728
0.405918
0.494909
0.133259
0.627778
0.504389
0.772209
0.730928
0.101884
0.644312
0.696163
0.223644
0.787386
0.152479
0.412367
0.820766
0.812555
0.339023
0.663318
0.461279
0.0761195
0.644822
0.143016
0.538846
0.348534
0.218148
0.000519626
0.971983
0.0385305
0.841746
0.525052
0.302
0.650992
0.613867
0.0858339
0.728528
0.80144
0.944363
0.212265
0.499454
0.297018
0.391959
0.514422
0.305053
0.65213
0.670233
0.675733
0.486142
0.920404
0.342881
0.610643
0.305815
0.153048
0.77263
0.372188
0.592656
0.914085
0.372028
0.673723
0.849239
0.673372
0.425563
0.348291
0.918469
0.0834361
0.638184
0.646719
0.816419
0.596733
0.368594
0.975756
0.608448
0.0727898
0.553021
0.887631
0.626958
0.554855
0.109236
0.915526
0.107241
0.86263
0.239803
0.0111189
0.110727
0.508371
0.683425
0.700333
0.0906806
0.52428
0.810144
0.322474
0.442486
0.439049
0.875386
0.734235
0.649369
0.486271
0.217315
0.0386292
0.29269
0.526853
0.414118
0.791894
0.65995
0.0591316
0.466789
0.901693
0.338866
0.592453
0.673405
0.821778
0.49511
0.935098
0.8456
0.38004
0.347277
0.511206
0.325081
0.446365
0.688279
0.820476
0.176926
0.329604
0.0673982
0.960374
0.705182
0.789686
0.55148
0.0306539
0.63149
0.637164
0.256615
0.175876
0.636219
0.666819
0.467283
0.847554
0.613216
0.0663728
0.372145
0.0611806
0.139462
0.502315
0.798089
0.192503
0.776208
0.527296
0.783966
0.106845
0.901104
0.516147
0.278793
0.105086
0.200989
0.55441
0.209708
0.575337
0.52453
0.814524
0.0341993
0.435184
0.398933
0.0925842
0.367176
0.203993
0.33041
0.649499
0.597463
0.0606494
0.363836
0.400033
0.339853
0.99715
0.172632
0.749938
0.675147
0.659772
0.0284023
0.165813
0.31529
0.780907
0.242162
0.604638
0.788322
0.598504
0.966148
0.71759
0.673722
0.846602
0.886118
0.235205
0.86756
0.888306
0.901909
0.987394
0.799202
0.351628
0.16123
0.1191
0.117653
0.589308
0.329287
0.387902
0.735694
0.478893
0.15569
0.863006
0.376189
0.0976483
0.926074
0.480245
0.759594
0.590755
0.00548739
0.482971
0.226562
0.417731
0.889778
0.616459
0.250179
0.439675
0.780342
0.657631
0.458501
0.551499
0.940162
0.112253
0.0522553
0.608313
0.681518
0.588296
0.882897
0.992183
0.739558
0.267163
0.0409674
0.321059
0.60955
0.948867
0.812152
0.637851
0.219829
0.918085
0.929187
0.686098
0.63001
0.398432
0.40647
0.628167
0.556342
0.8219
0.58432
0.844626
0.368306
0.217438
0.188165
0.0247017
0.70634
0.641602
0.837652
0.00224025
0.674473
0.878487
0.0117009
0.713086
0.945771
0.437053
0.732679
0.941601
0.161244
0.0703288
0.453438
0.1666
0.726673
0.925095
0.729981
0.138954
0.796547
0.52706
0.516165
0.903758
0.935009
0.945023
0.0408839
0.292609
0.840643
0.0964364
0.618578
0.485763
0.220142
0.381645
0.426612
0.57596
0.910995
0.445121
0.19535
0.319624
0.947767
0.984699
0.548686
0.450821
0.604426
0.970646
0.25808
0.295195
0.285605
0.622922
0.872356
0.137085
0.497442
0.774584
0.91599
0.0159827
0.209797
0.107425
0.141202
0.98736
0.959317
0.663936
0.0113374
0.83115
0.721203
0.780245
0.356161
0.181332
0.390408
0.427
0.668479
0.119408
0.62985
0.482965
0.961216
0.526722
0.235748
0.0262095
0.371625
0.101421
0.872663
0.352541
0.689794
0.871613
0.878808
0.889046
0.818227
0.0483346
0.537227
0.525208
0.522392
0.179244
0.408528
0.758512
0.997475
0.555823
0.869625
0.327649
0.180779
0.99337
0.883618
0.797412
0.303273
0.490506
0.846139
0.977313
0.276115
0.234612
0.905512
0.289711
0.219764
0.521221
0.0768767
0.112565
0.247367
0.187916
0.515084
0.466155
0.202066
0.756579
0.752699
0.0131869
0.481716
0.317492
0.971438
0.492545
0.703206
0.982519
0.210925
0.516277
0.745258
0.700117
0.165197
0.130269
0.238019
0.516804
0.887251
0.517109
0.252267
0.961763
0.496771
0.628409
0.600696
0.453796
0.728447
0.0162102
0.470709
0.41159
0.92987
0.25766
0.505806
0.794271
0.15884
0.229685
0.353149
0.720895
0.299294
0.342713
0.994048
0.393605
0.49844
0.655146
0.166039
0.186322
0.797783
0.518089
0.565183
0.947171
0.951134
0.932652
0.296883
0.289746
0.000356608
0.0763471
0.269483
0.703619
0.833652
0.991531
0.419218
0.363877
0.322483
0.57095
0.241825
0.215938
0.0374091
0.267973
0.944956
0.117628
0.799946
0.0343904
0.711101
0.863873
0.665881
0.526188
0.0385781
0.0257399
0.0491765
0.520707
0.736699
0.941766
0.846261
0.159251
0.924053
0.870505
0.492466
0.427323
0.124937
0.538478
0.545516
0.747756
0.964062
0.0486381
0.774984
0.700419
0.971356
0.172416
0.448241
0.760955
0.616994
0.646917
0.202326
0.747932
0.919369
0.385688
0.448876
0.830087
0.75958
0.612209
0.144324
0.0794697
0.0291869
0.592584
0.48279
0.0299806
0.892329
0.580927
0.865899
0.0870143
0.631519
0.669107
0.0816306
0.857698
0.935973
0.0553194
0.605289
0.0570325
0.391268
0.396176
0.83625
0.727207
0.40988
0.335277
0.170079
0.700309
0.819933
0.212469
0.817237
0.134247
0.716262
0.463622
0.67586
0.309927
0.35464
0.838319
0.0247448
0.102783
0.18625
0.716185
0.720147
0.198055
0.403606
0.321742
0.571645
0.427519
0.388283
0.259041
0.971961
0.942616
0.470771
0.653393
0.216153
0.338245
0.658209
0.347233
0.538366
0.492478
0.15007
0.505439
0.2097
0.984427
0.814099
0.918089
0.332004
0.341443
0.0107872
0.11543
0.64276
0.214185
0.545789
0.563965
0.471453
0.0221667
0.406401
0.257132
0.899611
0.840691
0.105099
0.424371
0.504051
0.344721
0.00723482
0.670488
0.356654
0.314898
0.221393
0.906261
0.386671
0.666848
0.277307
0.996822
0.919205
0.0591565
0.0176433
0.747945
0.916408
0.00168935
0.412874
0.344863
0.0228813
0.56951
0.17091
0.17771
0.909436
0.177406
0.543018
0.153216
0.688224
0.257847
0.23318
0.13443
0.337688
0.643639
0.426456
0.524869
0.383251
0.826448
0.951485
0.756173
0.319891
0.0829262
0.570816
0.284557
0.159006
0.187836
0.569223
0.11391
0.81438
0.041717
0.69059
0.676925
0.264926
0.354422
0.732577
0.983689
0.563433
0.158784
0.314714
0.749914
0.792657
0.796102
0.96428
0.458194
0.612854
0.870859
0.803022
0.080748
0.993811
0.341088
0.462665
0.669721
0.973369
0.71433
0.504481
0.379605
0.35697
0.865792
0.733382
0.149887
0.950118
0.960669
0.138647
0.483876
0.994657
0.338801
0.905691
0.359826
0.880419
0.366217
0.659251
0.627734
0.206826
0.33433
0.973526
0.734215
0.713276
0.361429
0.141276
0.317551
0.68952
0.817147
0.678978
0.966273
0.561176
0.184638
0.700307
0.578309
0.583568
0.512333
0.127316
0.127258
0.547797
0.839399
0.642854
0.473493
0.971726
0.915933
0.0367564
0.490602
0.740439
0.624224
0.649714
0.267839
0.0107181
0.136476
0.970501
0.615211
0.909922
0.654286
0.878281
0.78817
0.580381
0.811246
0.0359433
0.998316
0.289705
0.0751411
0.106831
0.589
0.558202
0.589803
0.685843
0.61802
0.0178518
0.887196
0.421085
0.703868
0.24116
0.662939
0.739051
0.820932
0.017125
0.139492
0.980017
0.188109
0.888019
0.106079
0.518584
0.317883
0.41891
0.483353
0.113787
0.379186
0.392777
0.612548
0.663623
0.632729
0.394445
0.383961
0.0831427
0.88527
0.75544
0.296367
0.848069
0.539132
0.721734
0.00385295
0.187308
0.182735
0.545709
0.634093
0.077541
0.80036
0.93464
0.840469
0.304001
0.77154
0.78505
0.853508
0.401816
0.656673
0.568147
0.337363
0.187573
0.723014
0.43665
0.95839
0.532068
0.353844
0.877362
0.680036
0.874117
0.275261
0.229943
0.970751
0.0736384
0.861639
0.656032
0.0601169
0.926164
0.96212
0.837519
0.186842
0.319308
0.790416
0.215508
0.438344
0.348042
0.384621
0.62169
0.862953
0.799023
0.366814
0.50676
0.618942
0.52471
0.200945
0.179587
0.23574
0.782753
0.848703
0.299826
0.469484
0.268395
0.0179664
0.747099
0.147527
0.87442
0.42855
0.151894
0.900466
0.77084
0.781582
0.488829
0.254674
0.190059
0.293705
0.745834
0.876619
0.0684164
0.993716
0.628624
0.927763
0.905456
0.556056
0.792064
0.979407
0.00631242
0.0568572
0.00202517
0.325086
0.0986569
0.61187
0.0777669
0.414874
0.167375
0.283889
0.192779
0.0716133
0.831479
0.36656
0.864288
0.772288
0.0336971
0.132278
0.239413
0.478035
0.78034
0.696171
0.210405
0.756569
0.923395
0.722688
0.954795
0.875794
0.734727
0.332098
0.070459
0.624121
0.00401618
0.607429
0.43097
0.549967
0.196584
0.840802
0.107306
0.0847562
0.133584
0.113227
0.627296
0.0637229
0.410057
0.213914
0.569993
0.899146
0.95754
0.233094
0.898604
0.0499634
0.052215
0.282351
0.422689
0.670486
0.0753535
0.529847
0.889312
0.0576685
0.928255
0.711383
0.821411
0.098605
0.953547
0.383878
0.0096837
0.841658
0.071686
0.110752
0.463012
0.0154742
0.682264
0.231873
0.981091
0.324947
0.932348
0.0479421
0.863734
0.233316
0.632607
0.219765
0.150923
0.0179923
0.43201
0.488436
0.438901
0.723066
0.724659
0.530041
0.766914
0.436882
0.172739
0.695929
0.78103
0.270848
0.698124
0.0931224
0.872875
0.404002
0.385304
0.916755
0.335996
0.808512
0.189416
0.629752
0.543971
0.845958
0.667959
0.17166
0.117189
0.506019
0.904126
0.166302
0.163406
0.859926
0.0435107
0.212893
0.524542
0.0592223
0.915572
0.45746
0.671613
0.693136
0.0583919
0.535069
0.726375
0.582205
0.0879047
0.664264
0.340711
0.0568374
0.94971
0.844043
0.721003
0.131804
0.145803
0.348883
0.266027
0.305679
0.0768706
0.69245
0.0410867
0.768324
0.550128
0.701084
0.218687
0.594592
0.854444
0.0800922
0.440711
0.378547
0.893859
0.694702
0.382389
0.10908
0.487652
0.614865
0.266147
0.294572
0.563162
0.532553
0.303674
0.694798
0.770231
0.339375
0.0187282
0.353828
0.854022
0.531186
0.63609
0.662916
0.559783
0.813038
0.17705
0.151074
0.0768582
0.837452
0.0419337
0.114634
0.178473
0.0893077
0.688114
0.180372
0.952144
0.438878
0.0448717
0.0225711
0.716587
0.491408
0.344918
0.732149
0.298109
0.671031
0.346119
0.639587
0.966125
0.799183
0.631182
0.0949067
0.905082
0.890482
0.313764
0.951797
0.188636
0.15852
0.0542143
0.956514
0.804114
0.727745
0.677274
0.190793
0.629895
0.529934
0.637512
0.311272
0.481436
0.549883
0.545516
0.892566
0.77753
0.69002
0.402727
0.941632
0.0987387
0.993734
0.561668
0.726814
0.326208
0.626674
0.169837
0.172833
0.803849
0.916774
0.502916
0.937578
0.608944
0.66883
0.835733
0.101199
0.500778
0.888308
0.683172
0.324871
0.305085
0.680648
0.870008
0.502385
0.418059
0.116622
0.972809
0.287548
0.543812
0.402844
0.772146
0.297168
0.301739
0.524796
0.153187
0.523685
0.0685622
0.644259
0.208615
0.238471
0.345801
0.469736
0.0190576
0.95858
0.998518
0.965567
0.374606
0.71462
0.544329
0.871433
0.40843
0.132713
0.213613
0.892069
0.525262
0.751454
0.882648
0.583461
0.0276407
0.225357
0.534003
0.380162
0.149702
0.743923
0.0371795
0.749561
0.559449
0.605391
0.629883
0.639485
0.742183
0.306792
0.119637
0.5965
0.418622
0.309779
0.782668
0.571386
0.213149
0.44468
0.979
0.560331
0.197396
0.890951
0.375789
0.629738
0.826401
0.643399
0.0325578
0.758225
0.225945
0.484718
0.011625
0.881372
0.509875
0.68595
0.297555
0.649669
0.658341
0.873139
0.540099
0.587301
0.73509
0.00441416
0.735722
0.269653
0.607931
0.298477
0.648902
0.329995
0.166495
0.685166
0.776413
0.832183
0.214746
0.44331
0.16851
0.540677
0.930247
0.058714
0.289917
0.805755
0.924254
0.0402555
0.649131
0.490378
0.62169
0.195463
0.433916
0.832268
0.741855
0.565486
0.619842
0.00274589
0.152052
0.386305
0.691868
0.941818
0.0587419
0.767826
0.42977
0.771731
0.384514
0.610791
0.318598
0.580283
0.963134
0.115266
0.686376
0.887971
0.796866
0.231965
0.24234
0.843566
0.706744
0.883326
0.882614
0.499086
0.913076
0.187484
0.734097
0.495408
0.56477
0.603406
0.569248
0.164561
0.954137
0.943227
0.898747
0.957995
0.547758
0.299965
0.931076
0.294245
0.225189
0.767888
0.126259
0.275923
0.589586
0.145086
0.654604
0.748212
0.749332
0.666501
0.490253
0.656326
0.715341
0.298156
0.814862
0.812926
0.84594
0.304268
0.658423
0.699265
0.611284
0.397799
0.808319
0.87861
0.274691
0.0476384
0.761513
0.2324
0.355279
0.272645
0.620697
0.674241
0.293222
0.756566
0.608217
0.00812752
0.812911
0.452755
0.998828
0.188286
0.687046
0.309051
0.0875099
0.799015
0.121552
0.827872
0.953237
0.583956
0.799278
0.51431
0.258988
0.240753
0.814981
0.111782
0.69232
0.869862
0.179691
0.144072
0.236416
0.455338
0.667811
0.105567
0.226911
0.275216
0.467966
0.443162
0.0975069
0.542904
0.637986
0.440682
0.730488
0.381501
0.0274577
0.965212
0.610712
0.572601
0.915607
0.338111
0.821506
0.56315
0.78375
0.104613
0.796342
0.138704
0.282675
0.980971
0.673071
0.0899802
0.942961
0.641331
0.830275
0.350556
0.716755
0.191838
0.40389
0.921195
0.398465
0.139256
0.602517
0.0633377
0.62319
0.429832
0.917323
0.982938
0.711464
0.988135
0.299801
0.907798
0.566043
0.881185
0.561423
0.903515
0.643609
0.463191
0.990623
0.0230352
0.938133
0.392044
0.403138
0.36382
0.0994477
0.472886
0.175813
0.754115
0.311678
0.368524
0.435362
0.0928238
0.220414
0.621582
0.665118
0.974197
0.137134
0.406444
0.38015
0.00457043
0.95133
0.121402
0.36465
0.0371189
0.378006
0.0459994
0.516136
0.551199
0.836598
0.116735
0.940854
0.282983
0.818235
0.223818
0.624364
0.866882
0.449551
0.152176
0.255264
0.481158
0.127196
0.273694
0.032364
0.378316
0.912579
0.623224
0.40321
0.834822
0.793783
0.124074
0.33989
0.36342
0.227235
0.55886
0.00359343
0.894743
0.776661
0.867049
0.866508
0.909644
0.674291
0.179308
0.0277201
0.307759
0.307968
0.0158311
0.241148
0.118456
0.405734
0.407549
0.45665
0.742614
0.129158
0.454299
0.00463904
0.881424
0.937775
0.180404
0.377265
0.168597
0.553804
0.731987
0.116266
0.663468
0.992298
0.124078
0.987571
0.144322
0.728863
0.874943
0.0301747
0.659682
0.77697
0.313548
0.609629
0.828067
0.250904
0.159083
0.380794
0.0972356
0.969497
0.479133
0.88819
0.794752
0.447923
0.577534
0.3936
0.696793
0.738972
0.808306
0.36258
0.590297
0.184345
0.264167
0.0761545
0.494645
0.630273
0.89836
0.971598
0.0299147
0.854285
0.831409
0.630492
0.000585364
0.00241717
0.810626
0.989424
0.378882
0.710505
0.756391
0.100241
0.625656
0.506897
0.219169
0.352679
0.681163
0.959243
0.308731
0.0420285
0.138958
0.0959288
0.778361
0.745917
0.97188
0.872895
0.839101
0.295962
0.0644037
0.777233
0.329167
0.598696
0.652859
0.829884
0.820072
0.586635
0.781613
0.00492174
0.631395
0.484511
0.24315
0.523561
0.381437
0.462253
0.428174
0.633113
0.453918
0.976972
0.200742
0.0881683
0.73045
0.976915
0.68841
0.773412
0.979149
0.173179
0.219424
0.696024
0.130085
0.084783
0.957254
0.938651
0.51322
0.468562
0.203207
0.98869
0.842916
0.869249
0.853711
0.0828902
0.0422461
0.888949
0.766504
0.569141
0.362811
0.465708
0.0144378
0.450594
0.3086
0.579604
0.146028
0.492924
0.496424
0.389106
0.805921
0.451717
0.630199
0.764339
0.292566
0.178259
0.550268
0.857364
0.959906
0.308921
0.129073
0.968963
0.638685
0.813028
0.376761
0.179326
0.513889
0.399589
0.219245
0.555253
0.919254
0.354179
0.210296
0.184107
0.288017
0.13913
0.10044
0.676132
0.740032
0.54513
0.339701
0.389419
0.416932
0.488399
0.838148
0.63963
0.345433
0.414443
0.876417
0.641483
0.351366
0.209262
0.58953
0.252505
0.343842
0.585594
0.290033
0.532516
0.914683
0.583459
0.0660272
0.868529
0.536361
0.777333
0.183386
0.621306
0.115084
0.854933
0.102259
0.107068
0.429951
0.809412
0.182408
0.850594
0.219121
0.191183
0.680663
0.568075
0.351478
0.0210764
0.689151
0.94372
0.189414
0.38381
0.798015
0.278992
0.0943659
0.0533946
0.234192
0.511385
0.0401145
0.94564
0.0567347
0.977168
0.431686
0.970702
0.67297
0.25748
0.848016
0.101219
0.590642
0.604612
0.963505
0.780568
0.636218
0.42168
0.67983
0.266475
0.551679
0.656668
0.280305
0.482401
0.0602462
0.277165
0.741969
0.419093
0.249574
0.84208
0.21111
0.484048
0.761708
0.864251
0.0408515
0.736214
0.824052
0.602802
0.148043
0.372046
0.844939
0.231879
0.121359
0.0925543
0.476595
0.111399
0.667828
0.849103
0.70336
0.0895599
0.966975
0.203154
0.905964
0.642384
0.195081
0.969545
0.20036
0.93318
0.0970333
0.232663
0.00430555
0.929805
0.295194
0.0159299
0.50491
0.269211
0.768927
0.616872
0.403246
0.596934
0.00387639
0.787208
0.794063
0.823245
0.0747785
0.785632
0.140803
0.387225
0.81281
0.120744
0.6044
0.486275
0.642099
0.997417
0.78813
0.88255
0.311921
0.992303
0.364055
0.375505
0.104726
0.99327
0.439383
0.399218
0.740582
0.255048
0.0931508
0.509626
0.579238
0.0483353
0.718642
0.0517562
0.179699
0.233714
0.735614
0.6244
0.0249472
0.73049
0.547814
0.80944
0.218264
0.0808315
0.38891
0.392645
0.19641
0.40686
0.589599
0.931484
0.436909
0.212011
0.746485
0.27641
0.128747
0.285351
0.623473
0.141869
0.571616
0.379156
0.185271
0.717788
0.0319177
0.282974
0.0719186
0.12157
0.171345
0.736785
0.85368
0.486448
0.119488
0.616436
0.890585
0.655056
0.975597
0.530792
0.342177
0.0300864
0.245897
0.535794
0.359253
0.111682
0.896471
0.453629
0.995264
0.847512
0.147832
0.975665
0.825744
0.0692846
0.80212
0.956245
0.519211
0.421803
0.892014
0.826385
0.521769
0.809525
0.131042
0.934007
0.00532248
0.952792
0.0401337
0.943551
0.907671
0.840857
0.201115
0.743758
0.0704571
0.685747
0.261344
0.324949
0.851898
0.841638
0.01959
0.0829496
0.515702
0.326608
0.191199
0.841327
0.977848
0.20179
0.413116
0.102168
0.16079
0.579479
0.297114
0.407354
0.295665
0.801608
0.86491
0.0158479
0.505997
0.87566
0.567788
0.998931
0.345663
0.5663
0.938527
0.219427
0.823216
0.264152
0.0592381
0.561066
0.404323
0.753543
0.425877
0.496216
0.131953
0.0852366
0.641635
0.215022
0.504833
0.80064
0.0254095
0.589271
0.331621
0.338479
0.455576
0.0406846
0.852934
0.206369
0.811983
0.987073
0.90329
0.0768894
0.949271
0.806227
0.414868
0.694942
0.807784
0.477292
0.00155621
0.86607
0.237608
0.881895
0.474481
0.229809
0.933874
0.709718
0.434271
0.243937
0.526474
0.654275
0.0707375
0.212863
0.717462
0.744951
0.110547
0.341758
0.628964
0.253949
0.0295437
0.715616
0.280575
0.9351
0.909921
0.652993
0.156702
0.906524
0.918998
0.0705354
0.806892
0.688452
0.513921
0.0483647
0.211454
0.901736
0.131101
0.145182
0.937162
0.896661
0.828098
0.0515622
0.892395
0.142283
0.778711
0.208433
0.108331
0.384963
0.612716
0.655355
0.25139
0.287751
0.554229
0.0925039
0.384775
0.772207
0.623935
0.835507
0.980083
0.891631
0.576097
0.28136
0.754646
0.503023
0.362868
0.240556
0.442339
0.268107
0.689161
0.604163
0.667531
0.428828
0.632872
0.487703
0.593423
0.30387
0.738013
0.785089
0.892802
0.146269
0.244247
0.0145448
0.483647
0.91061
0.90383
0.512278
0.779329
0.403056
0.22514
0.220193
0.371675
0.155909
0.682534
0.253011
0.377649
0.380632
0.122128
0.170122
0.42197
0.525156
0.928084
0.430687
0.104833
0.939908
0.612178
0.100155
0.466061
0.129432
0.870616
0.874553
0.954753
0.991636
0.298059
0.835706
0.751663
0.778466
0.953442
0.164381
0.882442
0.644453
0.234922
0.140183
0.00776037
0.102717
0.52115
0.711093
0.346146
0.681396
0.588822
0.138851
0.695829
0.515245
0.547563
0.040932
0.6575
0.272887
0.743654
0.928365
0.252574
0.90675
0.692717
0.981769
0.473372
0.134078
0.0917256
0.0494257
0.260346
0.624707
0.93587
0.342329
0.502608
0.770219
0.875909
0.987183
0.82291
0.594203
0.805844
0.593672
0.975393
0.480774
0.700365
0.00279611
0.155184
0.837957
0.261671
0.308292
0.0163785
0.970698
0.325799
0.627838
0.30845
0.600463
0.669334
0.991352
0.640557
0.624279
0.723399
0.905396
0.474987
0.883696
0.380182
0.443626
0.37069
0.0246907
0.0478293
0.907911
0.848873
0.967871
0.906919
0.294856
0.33967
0.744111
0.465707
0.395829
0.108668
0.816609
0.204254
0.0139831
0.752186
0.56042
0.223198
0.154924
0.954118
0.207452
0.617227
0.499122
0.823001
0.549707
0.678286
0.128188
0.940551
0.986214
0.38262
0.087231
0.584257
0.342038
0.771811
0.855097
0.263207
0.493336
0.244501
0.136304
0.41585
0.862828
0.128621
0.370337
0.357407
0.548475
0.752095
0.502655
0.889793
0.879047
0.558211
0.899217
0.773139
0.519623
0.733072
0.654316
0.798535
0.254857
0.649777
0.820108
0.0748311
0.954945
0.729477
0.463821
0.7373
0.135985
0.960298
0.127598
0.960202
0.730203
0.40007
0.727302
0.189023
0.788915
0.759227
0.433131
0.0702786
0.890554
0.24221
0.608475
0.251053
0.373693
0.554171
0.757333
0.516125
0.77579
0.944247
0.761515
0.0394963
0.163038
0.231646
0.866947
0.398304
0.187526
0.468962
0.928103
0.966147
0.66591
0.714534
0.288478
0.899388
0.803972
0.568416
0.172563
0.926298
0.844984
0.408058
0.565866
0.627373
0.1648
0.694015
0.637834
0.27522
0.333142
0.555546
0.550363
0.419527
0.604826
0.239077
0.544678
0.341224
0.304343
0.744042
0.917274
0.248321
0.114742
0.0344867
0.690962
0.098868
0.211754
0.266137
0.594064
0.00781268
0.530248
0.509391
0.997715
0.205622
0.712213
0.179505
0.0616399
0.261213
0.943958
0.34878
0.442899
0.714139
0.0967856
0.911743
0.196644
0.72634
0.421853
0.760737
0.593615
0.621559
0.904577
0.560977
0.891852
0.739418
0.903568
0.255288
0.539352
0.654469
0.250549
0.405792
0.0279582
0.738274
0.850072
0.0511421
0.739906
0.488036
0.569933
0.604468
0.470409
0.571815
0.575228
0.59531
0.250922
0.278553
0.998662
0.196162
0.296385
0.110822
0.63071
0.453946
0.518187
0.902038
0.588813
0.710464
0.49838
0.986776
0.638834
0.190392
0.394641
0.232047
0.242575
0.276568
0.745844
0.325982
0.895428
0.433161
0.740412
0.21336
0.27354
0.330426
0.444045
0.731172
0.488111
0.119707
0.961348
0.364647
0.530971
0.565964
0.385917
0.526846
0.760202
0.856096
0.604063
0.742476
0.33337
0.981207
0.611523
0.197815
0.332879
0.503982
0.847689
0.775977
0.585501
0.637641
0.0550788
0.307027
0.985996
0.997924
0.679536
0.813292
0.970346
0.825653
0.248086
0.0331689
0.218675
0.128915
0.468961
0.48325
0.332452
0.669067
0.520597
0.321587
0.806618
0.169193
0.239877
0.857535
0.205159
0.291848
0.594996
0.311467
0.774561
0.815881
0.334825
0.493606
0.087067
0.976238
0.452586
0.723529
0.287479
0.294587
0.649104
0.459896
0.231482
0.87634
0.486672
0.95428
0.941985
0.604604
0.618139
0.673061
0.324683
0.0436058
0.57712
0.323309
0.554597
0.027656
0.152443
0.63549
0.322805
0.311722
0.951368
0.318411
0.416699
0.834325
0.623355
0.327909
0.442943
0.106349
0.391171
0.194953
0.317267
0.710953
0.302958
0.282577
0.627366
0.234032
0.287663
0.0567007
0.391157
0.575921
0.365618
0.704778
0.260495
0.203279
0.582929
0.106643
0.82309
0.0755915
0.674602
0.677439
0.753293
0.540911
0.572241
0.843155
0.895703
0.443344
0.34071
0.240082
0.362771
0.119895
0.199229
0.201223
0.75852
0.495373
0.364796
0.794557
0.724795
0.89157
0.573853
0.531303
0.395266
0.153012
0.0305226
0.774155
0.364887
0.865499
0.180081
0.582312
0.508459
0.681834
0.706205
0.315205
0.952727
0.3951
0.278093
0.56606
0.816438
0.476394
0.899009
0.0677655
0.753875
0.384964
0.443987
0.579748
0.811499
0.139254
0.00234716
0.119599
0.597615
0.755904
0.251219
0.996452
0.669056
0.744767
0.982148
0.750995
0.441792
0.0161551
0.298719
0.474296
0.812397
0.00840715
0.0630681
0.27379
0.733049
0.600239
0.773677
0.0132614
0.0360593
0.871804
0.299975
0.166889
0.737124
0.860796
0.893178
0.65533
0.542089
0.728719
0.994593
0.539265
0.14282
0.429442
0.0125531
0.931299
0.672806
0.0658124
0.292933
0.248924
0.467588
0.444203
0.439381
0.495408
0.0141015
0.74185
0.819509
0.107866
0.840805
0.696113
0.69386
0.778427
0.152691
0.698936
0.955189
0.259498
0.246282
0.736488
0.0398156
0.901379
0.299709
0.755564
0.77343
0.0420073
0.922326
0.191905
0.968842
0.544513
0.100051
0.470885
0.719565
0.00934776
0.764341
0.972663
0.988481
0.630256
0.762481
0.695335
0.814999
0.754914
0.592783
0.866309
0.938633
0.000112086
0.559408
0.312062
0.523776
0.529682
0.831244
0.888179
0.669654
0.454106
0.344262
0.876302
0.0164835
0.912045
0.295139
0.224121
0.894568
0.263546
0.313437
0.747206
0.957046
0.886229
0.166753
0.99158
0.40761
0.649376
0.163183
0.0943501
0.0689019
0.482875
0.102275
0.553238
0.391217
0.201049
0.741971
0.857812
0.799371
0.434268
0.401846
0.112936
0.051677
0.0201357
0.181164
0.643936
0.218961
0.180818
0.448821
0.85668
0.611286
0.565402
0.0913653
0.652279
0.132322
0.441032
0.877187
0.524614
0.264898
0.316628
0.105757
0.430893
0.968211
0.595002
0.178797
0.00625669
0.95018
0.164855
0.719202
0.790882
0.00582906
0.564514
0.930578
0.705569
0.189174
0.151154
0.0695655
0.595671
0.853081
0.0478152
0.846261
0.19986
0.215661
0.902249
0.29086
0.791372
0.254048
0.984754
0.428229
0.662224
0.480707
0.685572
0.217584
0.90491
0.11417
0.227029
0.188823
0.959186
0.160487
0.0591511
0.613364
0.933646
0.964652
0.256078
0.344909
0.701111
0.8203
0.530319
0.735804
0.6518
0.897911
0.167799
0.821183
0.556354
0.175217
0.895865
0.251463
0.868969
0.321512
0.18169
0.296635
0.522569
0.324806
0.268541
0.414804
0.522395
0.250589
0.347389
0.489051
0.517082
0.431756
0.910092
0.328349
0.263239
0.927181
0.599718
0.00791431
0.46738
0.251199
0.748784
0.941963
0.372579
0.197562
0.0463526
0.88437
0.512446
0.0840879
0.453188
0.458492
0.313845
0.0843808
0.898982
0.444908
0.205968
0.247698
0.124147
0.605718
0.65607
0.54734
0.321108
0.711566
0.393774
0.914635
0.810517
0.846626
0.878201
0.514225
0.948819
0.323492
0.0410942
0.362684
0.225613
0.636351
0.820615
0.0908777
0.79233
0.0409453
0.0119095
0.328348
0.373945
0.0496937
0.418056
0.56364
0.499671
0.689088
0.631427
0.239784
0.303223
0.477349
0.0706175
0.560286
0.626345
0.432224
0.39249
0.264986
0.028819
0.299631
0.843935
0.0667764
0.715605
0.577734
0.605155
0.833424
0.853825
0.585499
0.192646
0.15578
0.300797
0.010136
0.290752
0.974768
0.696875
0.0353097
0.417169
0.447859
0.615851
0.33795
0.791355
0.0715024
0.443162
0.164194
0.423127
0.729199
0.70351
0.488975
0.570066
0.707452
0.220674
0.451125
0.720736
0.123507
0.670359
0.240513
0.160578
0.526995
0.241305
0.707467
0.443317
0.471305
0.772288
0.106871
0.666088
0.804766
0.623156
0.175646
0.243472
0.417761
0.12571
0.924796
0.275005
0.717474
0.42279
0.513907
0.952106
0.610746
0.23784
0.931598
0.572192
0.0876503
0.237726
0.150364
0.406988
0.350228
0.49267
0.335757
0.164728
0.964884
0.651573
0.600887
0.316495
0.782081
0.11018
0.897424
0.818908
0.81828
0.14382
0.769203
0.420705
0.293857
0.914648
0.866285
0.920428
0.334584
0.873392
0.983903
0.545953
0.146986
0.503798
0.766842
0.622444
0.849628
0.969709
0.575888
0.420467
0.569355
0.103891
0.976228
0.536421
0.286441
0.627069
0.16111
0.327698
0.534148
0.526687
0.807283
0.248427
0.131593
0.397828
0.46729
0.820404
0.265306
0.212628
0.889665
0.308759
0.452012
0.616905
0.529623
0.802574
0.136883
0.350388
0.0343508
0.645532
0.237758
0.864798
0.37932
0.307742
0.0730699
0.506329
0.471996
0.59307
0.451893
0.788377
0.960142
0.261213
0.807571
0.0782653
0.373141
0.903709
0.0768403
0.44834
0.93193
0.410246
0.425509
0.206276
0.888393
0.226827
0.229967
0.532256
0.285499
0.723632
0.905808
0.586198
0.0264607
0.506391
0.278358
0.00369599
0.465989
0.540111
0.248052
0.393043
0.42567
0.385633
0.352645
0.86775
0.479564
0.718204
0.324886
0.0559911
0.887363
0.595901
0.417818
0.553543
0.541614
0.568652
0.115803
0.423928
0.193941
0.365736
0.590973
0.0491565
0.436745
0.000396097
0.2039
0.0429465
0.623881
0.369036
0.949513
0.907507
0.856413
0.612843
0.131517
0.346328
0.216669
0.457983
0.49888
0.744847
0.0449602
0.537367
0.232535
0.769512
0.799212
0.17652
0.0185483
0.642582
0.194605
0.657984
0.726751
0.206383
0.952373
0.368267
0.957271
0.917411
0.216067
0.988726
0.593177
0.599334
0.958242
0.473198
0.887463
0.0770946
0.0731591
0.396771
0.0757756
0.909614
0.351639
0.654149
0.18024
0.340941
0.514861
0.816273
0.0906846
0.599335
0.0773891
0.490046
0.581253
0.867651
0.970725
0.743257
0.520147
0.235444
0.183668
0.0764845
0.197349
0.406373
0.306364
0.390853
0.616749
0.457962
0.523261
0.954576
0.583988
0.0959136
0.521073
0.436974
0.341006
0.602468
0.730261
0.646936
0.392648
0.270265
0.679114
0.100742
0.705908
0.268373
0.323706
0.303947
0.947319
0.387291
0.167951
0.487576
0.188292
0.637403
0.637146
0.270921
0.73493
0.248794
0.117257
0.450118
0.531697
0.611758
0.613562
0.642655
0.112237
0.76012
0.757553
0.239726
0.106676
0.534261
0.382636
0.316264
0.0578054
0.610174
0.669882
0.901548
0.794012
0.656253
0.0292396
0.600929
0.49921
0.476024
0.0231467
0.821307
0.262268
0.520853
0.108112
0.213373
0.676987
0.176274
0.452698
0.356981
0.050354
0.154749
0.846632
0.289451
0.835638
0.528617
0.208572
0.421444
0.53814
0.521296
0.644338
0.797885
0.670649
0.209302
0.705785
0.133763
0.742091
0.661882
0.759093
0.106103
0.206343
0.535522
0.490574
0.862033
0.7533
0.0723227
0.477447
0.454906
0.626597
0.105532
0.871099
0.452985
0.0484525
0.102238
0.768261
0.885336
0.382952
0.641342
0.126945
0.159385
0.236284
0.74322
0.620942
0.234941
0.543377
0.0638618
0.777314
0.769987
0.998973
0.787066
0.42006
0.232573
0.537545
0.95883
0.820817
0.137769
0.436774
0.592321
0.160852
0.124734
0.906334
0.932516
0.721073
0.0111964
0.526176
0.32819
0.577686
0.194264
0.821479
0.955748
0.0861979
0.719694
0.716273
0.633267
0.837659
0.397391
0.112031
0.831958
0.476556
0.314554
0.695351
0.72155
0.700455
0.0922995
0.759879
0.716944
0.867241
0.606586
0.135274
0.335369
0.836634
0.784587
0.984488
0.74423
0.0823466
0.101884
0.725181
0.996037
0.79766
0.0198986
0.0200514
0.95091
0.033111
0.616766
0.501564
0.830241
0.990096
0.979035
0.358687
0.955544
0.963825
0.259243
0.270913
0.7159
0.457366
0.115006
0.160662
0.935589
0.0307865
0.810317
0.778024
0.333565
0.274982
0.237507
0.0895624
0.182496
0.375941
0.15949
0.935421
0.632181
0.0678711
0.38285
0.550688
0.409109
0.545455
0.58527
0.0250176
0.220315
0.991376
0.665032
0.892286
0.887468
0.678309
0.963447
0.555087
0.263729
0.598595
0.162378
0.104159
0.402578
0.474879
0.0841976
0.127898
0.13358
0.767434
0.715558
0.497716
0.800865
0.181389
0.0131799
0.157686
0.182761
0.55619
0.581202
0.0626482
0.339834
0.247728
0.16077
0.117172
0.284068
0.259285
0.712944
0.012335
0.710099
0.390404
0.13132
0.262385
0.420278
0.935428
0.216694
0.498194
0.592931
0.182777
0.525776
0.0775771
0.125354
0.761132
0.078965
0.211699
0.69138
0.372743
0.779296
0.5905
0.814587
0.715713
0.0442505
0.847971
0.678172
0.0788594
0.66322
0.479368
0.646824
0.135668
0.721837
0.556413
0.171079
0.772544
0.988478
0.331785
0.54748
0.746539
0.929024
0.852316
0.534567
0.393602
0.660985
0.355228
0.538831
0.00491742
0.811064
0.28482
0.0448562
0.692521
0.12952
0.0755098
0.343607
0.49626
0.41055
0.325418
0.528433
0.836038
0.131527
0.0241398
0.881354
0.369985
0.729025
0.305265
0.328146
0.800753
0.812905
0.126746
0.723507
0.205838
0.66154
0.00112338
0.26908
0.781249
0.86431
0.176793
0.608876
0.503528
0.843575
0.173998
0.773888
0.538691
0.138423
0.33195
0.448796
0.278572
0.361335
0.41993
0.93456
0.674992
0.686346
0.749224
0.0886518
0.230417
0.122114
0.832539
0.955753
0.480887
0.625929
0.549148
0.0180296
0.933825
0.411962
0.761518
0.679019
0.0610902
0.834576
0.0092813
0.166243
0.272478
0.698628
0.840689
0.497217
0.424993
0.109101
0.845487
0.299224
0.351163
0.460092
0.141115
0.715029
0.295637
0.516157
0.125173
0.615864
0.131466
0.0112635
0.473476
0.337193
0.314801
0.967334
0.716952
0.0971382
0.581642
0.640747
0.620896
0.769238
0.881827
0.650212
0.673611
0.620598
0.999348
0.110196
0.17393
0.7282
0.0198499
0.33341
0.0236437
0.570561
0.908799
0.51758
0.415047
0.738169
0.699655
0.0490847
0.151224
0.995134
0.221635
0.376988
0.113286
0.673674
0.932479
0.258405
0.956915
0.911745
0.0461224
0.558256
0.721239
0.774687
0.192555
0.304088
0.988498
0.214045
0.553285
0.502575
0.210205
0.254245
0.630483
0.205779
0.665354
0.924391
0.0848652
0.925012
0.130941
0.926477
0.545902
0.160896
0.997449
0.310235
0.339887
0.385415
0.852233
0.786802
0.952268
0.758613
0.690693
0.89797
0.660118
0.0315414
0.0728637
0.476903
0.191192
0.619124
0.0198698
0.311171
0.98972
0.0147829
0.806291
0.187234
0.551023
0.121582
0.537241
0.860812
0.646461
0.164055
0.464112
0.00488953
0.735317
0.249549
0.646899
0.0512289
0.254872
0.838297
0.86191
0.33933
0.0504412
0.022877
0.603624
0.941518
0.245758
0.786787
0.86656
0.290359
0.352926
0.635007
0.793377
0.317502
0.165453
0.367694
0.864412
0.550685
0.158176
0.740576
0.610142
0.242708
0.209539
0.777753
0.0501798
0.713673
0.49964
0.797876
0.885629
0.419082
0.744208
0.355064
0.397178
0.0774321
0.115032
0.829506
0.832998
0.410193
0.121067
0.253263
0.704821
0.728721
0.699721
0.454507
0.962712
0.46762
0.0818775
0.984517
0.323021
0.689165
0.402878
0.198883
0.13256
0.101932
0.259532
0.846294
0.836634
0.938062
0.653693
0.530151
0.570177
0.842984
0.465733
0.0237605
0.785295
0.795951
0.702123
0.48121
0.442529
0.125328
0.674122
0.90084
0.142877
0.9465
0.963186
0.453154
0.0846725
0.94731
0.240576
0.271419
0.889222
0.482211
0.439868
0.7318
0.0519071
0.558438
0.0333869
0.727478
0.30297
0.509265
0.836433
0.609798
0.182748
0.895353
0.889918
0.601148
0.191326
0.861224
0.706693
0.505753
0.176757
0.949142
0.376494
0.432764
0.614907
0.278993
0.620019
0.386426
0.36507
0.6715
0.359773
0.491048
0.573613
0.0691029
0.83932
0.116593
0.467217
0.686742
0.995633
0.569685
0.204448
0.53844
0.264865
0.209394
0.672956
0.77562
0.861774
0.707499
0.316283
0.612438
0.771322
0.412876
0.580692
0.120392
0.228815
0.784646
0.246844
0.0470873
0.0277968
0.78862
0.437253
0.876686
0.00219106
0.869916
0.358463
0.35559
0.217945
0.0428589
0.871448
0.842502
0.396244
0.584909
0.229557
0.482991
0.365602
0.588768
0.0999669
0.197061
0.69997
0.572257
0.918655
0.436604
0.553625
0.905825
0.21517
0.408863
0.0792992
0.424049
0.042992
0.0759028
0.525532
0.281505
0.126762
0.809227
0.830299
0.899301
0.917416
0.348078
0.0681663
0.926076
0.0186138
0.0534264
0.496222
0.443533
0.531311
0.738693
0.610961
0.0120059
0.305281
0.988423
0.422841
0.386437
0.217292
0.0788588
0.787288
0.4823
0.745908
0.804947
0.51578
0.045743
0.241595
0.948834
0.00914284
0.500213
0.575614
0.864315
0.392077
0.588196
0.0910854
0.552318
0.115089
0.49513
0.116427
0.89798
0.919159
0.377506
0.577322
0.785764
0.696093
0.215293
0.0809075
0.663646
0.100118
0.478879
0.177846
0.240685
0.726163
0.776851
0.739883
0.258021
0.898929
0.215934
0.0119106
0.413337
0.821051
0.444026
0.907711
0.176259
0.439337
0.687504
0.445629
0.475541
0.93584
0.284782
0.715981
0.339438
0.424932
0.952644
0.891334
0.0188449
0.0842042
0.962433
0.894994
0.239213
0.83988
0.361073
0.750918
0.203955
0.0514998
0.460379
0.814803
0.581924
0.330846
0.299152
0.528859
0.697926
0.774344
0.11838
0.303464
0.977762
0.0601642
0.323697
0.00541599
0.324534
0.773408
0.221924
0.36724
0.367729
0.243323
0.526482
0.981164
0.78515
0.217229
0.979517
0.661107
0.977496
0.983056
0.532119
0.0548925
0.729897
0.220534
0.399777
0.329295
0.911941
0.29969
0.337559
0.34529
0.324868
0.87754
0.642658
0.981293
0.294578
0.504906
0.812143
0.12209
0.355794
0.838003
0.731359
0.13707
0.554955
0.70431
0.398304
0.1947
0.96986
0.0467833
0.314675
0.119529
0.479461
0.816322
0.217416
0.603877
0.592354
0.735344
0.974038
0.372273
0.227095
0.674124
0.699399
0.397998
0.188181
0.33677
0.748446
0.211172
0.260949
0.0585324
0.751535
0.603331
0.103366
0.954326
0.280847
0.109815
0.760268
0.701475
0.749481
0.463821
0.849993
0.179649
0.878844
0.995851
0.0208973
0.740349
0.719593
0.749467
0.74235
0.100426
0.121438
0.889073
0.164687
0.723611
0.0163631
0.809447
0.0946572
0.514161
0.613349
0.460187
0.182919
0.435584
0.193293
0.00890323
0.0526166
0.618017
0.992326
0.990745
0.924151
0.268134
0.877393
0.305736
0.303153
0.461399
0.823296
0.67624
0.800782
0.0244092
0.783444
0.288054
0.399891
0.399074
0.911773
0.289532
0.555401
0.33268
0.618308
0.347198
0.530475
0.725272
0.0240287
0.467663
0.371272
0.579247
0.161177
0.741424
0.0917301
0.653304
0.871042
0.440543
0.960589
0.910406
0.57483
0.491839
0.76802
0.650636
0.803292
0.241789
0.281224
0.39366
0.560292
0.799798
0.646844
0.227527
0.774685
0.143543
0.106265
0.0811992
0.748653
0.904984
0.9313
0.48976
0.595421
0.626763
0.0718325
0.662548
0.336
0.161296
0.780674
0.9213
0.461271
0.365032
0.742876
0.0768729
0.424253
0.224848
0.201754
0.427546
0.849596
0.55277
0.776741
0.249465
0.344891
0.799728
0.382324
0.134245
0.0455709
0.573139
0.566223
0.272021
0.616901
0.57035
0.932033
0.34676
0.524227
0.0698641
0.937336
0.347098
0.876472
0.0674643
0.303655
0.13891
0.593589
0.215386
0.308095
0.0942078
0.591221
0.166374
0.530696
0.992693
0.677002
0.0798868
0.333077
0.784385
0.204809
0.448915
0.255473
0.108118
0.00456413
0.601551
0.396772
0.81711
0.0186945
0.909829
0.864104
0.286057
0.165241
0.00442704
0.833215
0.454285
0.745224
0.627736
0.492989
0.567615
0.589469
0.994143
0.741785
0.544632
0.944905
0.559179
0.69421
0.619488
0.123184
0.135193
0.582635
0.953439
0.752149
0.903452
0.915472
0.608449
0.328086
0.718075
0.0923209
0.239988
0.348084
0.730478
0.150045
0.485718
0.112902
0.683384
0.992939
0.743303
0.863861
0.647773
0.557988
0.496923
0.972147
0.913418
0.784354
0.268253
0.923317
0.342413
0.358832
0.449101
0.722092
0.496301
0.11837
0.78882
0.0449066
0.294832
0.61624
0.068543
0.529564
0.680448
0.614927
0.720943
0.525839
0.641665
0.0717647
0.768867
0.671714
0.969838
0.317786
0.529158
0.0767954
0.474696
0.316014
0.884784
0.47212
0.653899
0.246749
0.145068
0.434572
0.506864
0.350029
0.985781
0.547
0.724882
0.758028
0.0354981
0.204219
0.669027
0.0138132
0.0654688
0.863107
0.90175
0.338253
0.0164025
0.799688
0.718709
0.651224
0.52886
0.682279
0.0353131
0.104933
0.148598
0.984359
0.584563
0.0768193
0.00575736
0.221327
0.00316749
0.0917964
0.332207
0.406254
0.149352
0.370867
0.246533
0.300004
0.834025
0.574404
0.0250931
0.451928
0.377958
0.328156
0.671576
0.228601
0.0339396
0.111421
0.155188
0.193844
0.0693417
0.477838
0.256638
0.192094
0.397567
0.602098
0.499072
0.0451706
0.152099
0.671077
0.341825
0.482092
0.874853
0.826544
0.439255
0.558727
0.29735
0.372323
0.209443
0.45474
0.768396
0.563197
0.771718
0.166858
0.737354
0.219138
0.238438
0.405138
0.881674
0.126232
0.290372
0.912342
0.510058
0.415288
0.687567
0.731166
0.400217
0.812448
0.0680007
0.226647
0.229535
0.459734
0.487331
0.760101
0.298142
0.492959
0.113253
0.202251
0.0456639
0.0725845
0.897778
0.920786
0.755133
0.602855
0.703518
0.711567
0.463675
0.678184
0.246438
0.309144
0.860528
0.930721
0.859355
0.915568
0.608633
0.238695
0.464656
0.981341
0.531824
0.424932
0.90297
0.174531
0.453921
0.567335
0.357545
0.737854
0.851503
0.389186
0.448488
0.524608
0.692838
0.606208
0.31046
0.790373
0.99107
0.247477
0.251597
0.792601
0.486646
0.293559
0.910692
0.260139
0.154373
0.849037
0.392892
0.841452
0.0351056
0.623487
0.886776
0.964337
0.888363
0.260492
0.365429
0.327146
0.770919
0.727868
0.736709
0.045557
0.0164148
0.207015
0.816233
0.324523
0.934245
0.125561
0.550716
0.202497
0.102647
0.667479
0.370421
0.337174
0.581872
0.325598
0.425856
0.879722
0.126077
0.62884
0.546785
0.703199
0.97308
0.933338
0.752783
0.0460653
0.657542
0.318739
0.654129
0.551019
0.658688
0.626155
0.121705
0.46827
0.517188
0.815734
0.925945
0.0788814
0.405595
0.951224
0.0530575
0.830145
0.135892
0.992648
0.883308
0.71615
0.33864
0.78028
0.351063
0.614491
0.301787
0.0391925
0.825993
0.62237
0.229347
0.360704
0.0455776
0.263301
0.213391
0.412717
0.323231
0.54928
0.904131
0.327678
0.273576
0.00451219
0.0994352
0.150117
0.416175
0.369309
0.736212
0.635467
0.669795
0.978329
0.919544
0.817258
0.225765
0.39147
0.8868
0.434699
0.510945
0.0584385
0.452205
0.0261231
0.183358
0.338815
0.709439
0.217197
0.552131
0.643709
0.475423
0.571437
0.317342
0.233921
0.218369
0.550652
0.390364
0.543333
0.602126
0.603795
0.699854
0.616339
0.622436
0.74898
0.932354
0.318401
0.36792
0.396429
0.72106
0.262843
0.0930982
0.624074
0.970861
0.112653
0.544473
0.793284
0.559914
0.490857
0.991897
0.379319
0.261509
0.31367
0.000504795
0.892288
0.269816
0.290096
0.0356876
0.12736
0.914635
0.83677
0.222774
0.750054
0.826394
0.325203
0.880011
0.348379
0.586391
0.288982
0.862642
0.0669525
0.343761
0.918499
0.294528
0.907404
0.0378437
0.972726
0.788235
0.989716
0.26291
0.452845
0.964742
0.791141
0.248646
0.436957
0.449982
0.226198
0.705227
0.822854
0.79168
0.484215
0.601429
0.697797
0.28919
0.869899
0.318374
0.369645
0.34756
0.0462041
0.821742
0.441881
0.848086
0.0125115
0.511779
0.0418284
0.333405
0.726082
0.952189
0.918616
0.166418
0.758524
0.673801
0.96279
0.192645
0.929716
0.266963
0.52853
0.573234
0.779372
0.246581
0.864805
0.400712
0.880057
0.327294
0.323037
0.113661
0.732935
0.18387
0.168408
0.286502
0.1058
0.915976
0.497445
0.117167
0.934077
0.0138457
0.722143
0.490073
0.733722
0.0163537
0.912102
0.717763
0.458738
0.656465
0.200173
0.436845
0.498322
0.0139916
0.642417
0.732443
0.014289
0.469223
0.231768
0.150162
0.271401
0.636526
0.496173
0.277755
0.796348
0.0590068
0.275579
0.581892
0.513555
0.0182654
0.850359
0.326131
0.767051
0.679799
0.677761
0.882709
0.701009
0.0343763
0.633228
0.240426
0.318026
0.246765
0.0493918
0.57484
0.919131
0.503353
0.1624
0.590157
0.170785
0.212835
0.51144
0.0200897
0.519553
0.791078
0.913773
0.817692
0.96391
0.306936
0.781315
0.214422
0.36806
0.345398
0.485492
0.253578
0.930286
0.217064
0.357971
0.0163318
0.0118619
0.218001
0.617052
0.577274
0.469744
0.929602
0.88233
0.674691
0.813491
0.608676
0.302291
0.488588
0.0395094
0.274374
0.541186
0.0610278
0.460295
0.754095
0.548359
0.665041
0.53973
0.478475
0.138728
0.695683
0.611732
0.738816
0.00972623
0.698823
0.511581
0.140053
0.787577
0.178343
0.978683
0.534311
0.79769
0.556736
0.0976722
0.0214579
0.0595237
0.422393
0.142236
0.347384
0.252837
0.755232
0.312968
0.837243
0.929109
0.669785
0.486431
0.318563
0.578579
0.819891
0.6659
0.895631
0.668051
0.401657
0.358963
0.0789421
0.184333
0.664005
0.256535
0.336856
0.908143
0.313998
0.567191
0.04684
0.371508
0.98478
0.170041
0.158902
0.885418
0.688471
0.632698
0.899314
0.764534
0.876278
0.0440132
0.539361
0.0219362
0.648506
0.0251854
0.17537
0.501098
0.361761
0.134648
0.618761
0.338205
0.327146
0.342563
0.991926
0.38566
0.405934
0.623897
0.248589
0.334666
0.916888
0.350706
0.678191
0.6595
0.00523765
0.846036
0.292836
0.964492
0.636517
0.422816
0.89693
0.447277
0.969123
0.166504
0.539165
0.689183
0.408651
0.689043
0.980908
0.362093
0.663104
0.297971
0.649986
0.788309
0.133752
0.94981
0.0265857
0.39175
0.897766
0.0299723
0.220666
0.752009
0.287416
0.943975
0.819661
0.33024
0.120589
0.0525033
0.558751
0.140801
0.13436
0.63538
0.145007
0.0774475
0.888766
0.0263635
0.382135
0.0775783
0.450037
0.911187
0.197645
0.664981
0.0193838
0.998643
0.559004
0.134039
0.822124
0.690805
0.190739
0.0664393
0.923383
0.0224242
0.531688
0.743279
0.412327
0.156059
0.205403
0.352625
0.0490844
0.0824245
0.0966027
0.518153
0.642
0.684113
0.0406831
0.462606
0.0410622
0.826167
0.657093
0.753886
0.121593
0.756759
0.0837841
0.156849
0.206163
0.874836
0.228834
0.994175
0.709214
0.374623
0.146875
0.0888283
0.197796
0.735432
0.857829
0.212473
0.667414
0.152164
0.921601
0.990316
0.319811
0.651642
0.785168
0.133253
0.362269
0.206105
0.866304
0.597317
0.390777
0.39783
0.570955
0.427564
0.897707
0.526522
0.792333
0.731343
0.752226
0.475944
0.9173
0.729164
0.297598
0.277666
0.936951
0.0212746
0.325561
0.0725593
0.513248
0.768689
0.0718433
0.43016
0.533459
0.462152
0.363626
0.466113
0.71087
0.727275
0.936331
0.338519
0.142371
0.719682
0.458048
0.812977
0.838218
0.396589
0.465495
0.158167
0.48491
0.363109
0.240937
0.721945
0.275778
0.851488
0.0540862
0.67333
0.259202
0.173024
0.721326
0.883358
0.531786
0.624573
0.870584
0.312468
0.853282
0.536936
0.822352
0.591131
0.985774
0.188683
0.912789
0.939745
0.852828
0.503481
0.771885
0.54489
0.304856
0.0263776
0.773591
0.760188
0.567789
0.16927
0.666617
0.189255
0.819619
0.612043
0.275248
0.450241
0.147252
0.110321
0.874289
0.477801
0.29085
0.205326
0.128044
0.570515
0.998239
0.614986
0.715677
0.146157
0.316049
0.93966
0.593299
0.72701
0.82886
0.146075
0.076118
0.0512085
0.734112
0.191239
0.162571
0.905237
0.0124119
0.090659
0.473267
0.585812
0.233167
0.60549
0.0925414
0.480789
0.0564994
0.0716961
0.34418
0.831254
0.997831
0.0784091
0.143262
0.647707
0.565522
0.537759
0.708838
0.970013
0.563824
0.494335
0.901938
0.0413817
0.534096
0.41527
0.519849
0.867907
0.242073
0.313864
0.939572
0.709498
0.106594
0.155899
0.567473
0.98958
0.762418
0.0112921
0.598068
0.536508
0.79106
0.618893
0.619858
0.904615
0.59733
0.996823
0.442015
0.20411
0.570465
0.813507
0.731105
0.542641
0.0162237
0.540498
0.519143
0.439938
0.882051
0.874455
0.335268
0.0895371
0.913573
0.045621
0.753969
0.404065
0.27107
0.458213
0.816188
0.968661
0.899765
0.305549
0.756983
0.0347396
0.802003
0.151906
0.208662
0.118107
0.830952
0.637682
0.211524
0.325734
0.592583
0.615239
0.495538
0.692266
0.247397
0.743324
0.329648
0.891459
0.401473
0.213971
0.959969
0.460734
0.789075
0.728245
0.718311
0.0791161
0.675547
0.0800187
0.798501
0.531736
0.927414
0.570325
0.73572
0.691281
0.460434
0.027411
0.306546
0.0501124
0.026889
0.323631
0.832606
0.430821
0.0465954
0.217788
0.905078
0.607191
0.143031
0.383096
0.170543
0.722736
0.807417
0.928941
0.713614
0.866744
0.844916
0.159073
0.600743
0.643417
0.0234646
0.972431
0.392966
0.74864
0.562824
0.402159
0.646528
0.931148
0.505374
0.941048
0.73961
0.814243
0.432632
0.626636
0.413187
0.344459
0.539806
0.40449
0.839943
0.241893
0.7358
0.259726
0.431953
0.359897
0.827331
0.463788
0.799697
0.50182
0.464039
0.303331
0.866344
0.694543
0.695774
0.0527962
0.621011
0.562997
0.614921
0.365042
0.523254
0.0546838
0.690515
0.757867
0.741333
0.105639
0.416423
0.555204
0.961885
0.036495
0.713177
0.928316
0.666989
0.884266
0.628139
0.862242
0.590011
0.993205
0.75865
0.404287
0.955499
0.970982
0.303272
0.331918
0.281168
0.487157
0.0407679
0.890445
0.892095
0.935749
0.79355
0.338269
0.424329
0.804505
0.644085
0.597027
0.78848
0.0838308
0.309556
0.470012
0.34267
0.0711517
0.473802
0.525718
0.95348
0.982021
0.34615
0.581976
0.919348
0.796886
0.254367
0.0383078
0.852419
0.706431
0.534552
0.67501
0.293442
0.795312
0.975023
0.718461
0.757166
0.677966
0.3031
0.382051
0.0844833
0.145315
0.976049
0.916916
0.302662
0.755575
0.510864
0.658485
0.152501
0.639967
0.515193
0.95237
0.98749
0.580735
0.421901
0.800574
0.183659
0.055123
0.724905
0.468487
0.990109
0.968292
0.323147
0.0371883
0.887111
0.776749
0.292599
0.817692
0.784151
0.805486
0.0641
0.739497
0.89267
0.213954
0.668928
0.499132
0.358696
0.932214
0.096189
0.779074
0.982648
0.96723
0.262415
0.755542
0.949017
0.301469
0.665154
0.997685
0.986139
0.211011
0.763669
0.591797
0.817909
0.825674
0.0405531
0.369909
0.413091
0.981483
0.34564
0.985382
0.225107
0.977359
0.975456
0.011011
0.502625
0.292281
0.837947
0.448841
0.607376
0.738338
0.423794
0.877332
0.925049
0.578339
0.0317594
0.843935
0.806621
0.51416
0.0559984
0.152501
0.0427706
0.522809
0.152974
0.749176
0.372369
0.888331
0.237485
0.157915
0.7404
0.795826
0.527992
0.212396
0.999925
0.449759
0.778836
0.928358
0.0437588
0.604854
0.0357785
0.723048
0.757912
0.150945
0.488322
0.461458
0.50246
0.860673
0.495734
0.0448584
0.949907
0.832988
0.488677
0.306779
0.18142
0.774297
0.211176
0.0703837
0.494054
0.468014
0.00741347
0.529645
0.866985
0.49879
0.823774
0.837362
0.801621
0.0258118
0.444971
0.0179581
0.896119
0.0953032
0.157424
0.660647
0.338994
0.260453
0.441381
0.478843
0.963673
0.242719
0.133107
0.807108
0.429921
0.319089
0.568228
0.907473
0.756496
0.691539
0.942878
0.723447
0.591744
0.00215556
0.781936
0.987084
0.39887
0.0251818
0.0933038
0.694003
0.52651
0.375967
0.589012
0.774495
0.64183
0.328639
0.898834
0.573402
0.150473
0.687248
0.0882974
0.994211
0.137283
0.164967
0.887269
0.826303
0.350206
0.5483
0.780068
0.71012
0.0444226
0.389686
0.622152
0.882487
0.901794
0.904039
0.74884
0.32155
0.0165867
0.700371
0.947048
0.157544
0.0195354
0.406052
0.306427
0.521772
0.330615
0.182355
0.409465
0.239194
0.565565
0.443434
0.814548
0.824206
0.777373
0.884009
0.670706
0.503193
0.116748
0.805807
0.0171721
0.90464
0.350249
0.949512
0.960757
0.04006
0.0924472
0.546568
0.741201
0.127727
0.606948
0.2814
0.597487
0.535588
0.53401
0.683827
0.826232
0.945618
0.0635503
0.21809
0.908705
0.187539
0.318638
0.0458594
0.468997
0.0843419
0.0434981
0.957471
0.764334
0.36341
0.751622
0.567775
0.110672
0.603268
0.835762
0.327587
0.734989
0.145237
0.701339
0.671834
0.740882
0.150981
0.227482
0.885079
0.684287
0.82667
0.625553
0.261716
0.599741
0.833629
0.712347
0.118284
0.958437
0.882303
0.284219
0.113965
0.547705
0.285919
0.399406
0.554941
0.740509
0.191105
0.88393
0.315114
0.244173
0.137763
0.634389
0.926812
0.861285
0.457293
0.936852
0.0767061
0.15776
0.0684669
0.752717
0.413439
0.339692
0.681842
0.560435
0.789662
0.160817
0.0381445
0.691869
0.344115
0.918669
0.0454554
0.640712
0.102789
0.694743
0.898754
0.311429
0.14998
0.548476
0.171401
0.966824
0.556946
0.318795
0.104924
0.431476
0.851674
0.549176
0.461136
0.982604
0.263226
0.787416
0.413424
0.705782
0.225292
0.222925
0.170096
0.705413
0.0660171
0.655461
0.286606
0.497872
0.124941
0.552779
0.642766
0.0520141
0.566006
0.958374
0.0589749
0.90872
0.374855
0.997058
0.412298
0.0161564
0.091279
0.614066
0.165331
0.83195
0.627407
0.0267907
0.455098
0.280681
0.679167
0.53977
0.664894
0.192354
0.875969
0.0932159
0.585831
0.887098
0.671147
0.46347
0.155862
0.313504
0.196704
0.400155
0.0528456
0.299124
0.0301296
0.267041
0.36296
0.998164
0.00960334
0.0838764
0.740125
0.730376
0.39663
0.663504
0.924725
0.322377
0.314995
0.519828
0.388146
0.767362
0.892288
0.0843736
0.496316
0.551492
0.359645
0.700167
0.0981115
0.441337
0.395668
0.89792
0.497977
0.0948234
0.82681
0.388166
0.501237
0.0947872
0.791428
0.390892
0.629759
0.386384
0.731143
0.123893
0.876594
0.566278
0.459629
0.675075
0.721777
0.441798
0.0623974
0.873768
0.764906
0.425114
0.592742
0.817677
0.956352
0.554338
0.785176
0.801428
0.420549
0.542932
0.591639
0.50433
0.560633
0.27256
0.696879
0.872307
0.218766
0.802555
0.38349
0.584141
0.752214
0.230739
0.445989
0.205968
0.786152
0.530526
0.840068
0.895005
0.412922
0.61009
0.749998
0.847927
0.706645
0.569581
0.308126
0.987676
0.438455
0.54992
0.681431
0.758314
0.0984126
0.80968
0.0870651
0.481803
0.586656
0.469785
0.447386
0.934933
0.615395
0.510581
0.0942247
0.839132
0.185716
0.41377
0.50561
0.696512
0.728208
0.12038
0.95305
0.831162
0.581442
0.883705
0.679157
0.148391
0.245851
0.38305
0.162367
0.413666
0.989487
0.434447
0.559779
0.0870691
0.155282
0.320429
0.152432
0.80749
0.953507
0.622076
0.962428
0.101148
0.119435
0.600865
0.0183075
0.861358
0.780596
0.809691
0.582509
0.219207
0.448497
0.201559
0.674298
0.171769
0.906055
0.308778
0.929957
0.440517
0.107033
0.669198
0.499124
0.395008
0.734837
0.588191
0.932525
0.734371
0.180434
0.0133073
0.160728
0.53364
0.79795
0.346508
0.955143
0.848207
0.452527
0.494178
0.449318
0.80815
0.953326
0.0116904
0.918274
0.0572183
0.482876
0.445421
0.381002
0.202746
0.275212
0.759508
0.536503
0.0181773
0.316441
0.299818
0.460749
0.727203
0.637975
0.628653
0.427428
0.652355
0.830973
0.672509
0.375211
0.584704
0.695882
0.51708
0.85803
0.680985
0.596169
0.411378
0.815824
0.7446
0.159041
0.377812
0.380686
0.0909046
0.913388
0.75761
0.0331531
0.497084
0.870682
0.660348
0.931731
0.118798
0.177713
0.0163938
0.693609
0.921135
0.987821
0.651104
0.636411
0.17032
0.901588
0.181861
0.7301
0.745397
0.0356202
0.0464925
0.735389
0.432458
0.726876
0.343331
0.420046
0.652702
0.602146
0.844014
0.219784
0.931644
0.3761
0.853284
0.885765
0.436922
0.98292
0.917922
0.520526
0.236198
0.378925
0.317694
0.746731
0.042121
0.16413
0.104625
0.0409469
0.938442
0.207192
0.545616
0.0729229
0.680065
0.576295
0.285373
0.536568
0.753717
0.557912
0.75079
0.950562
0.417361
0.519076
0.486464
0.748497
0.25304
0.0337266
0.28309
0.120174
0.350556
0.758878
0.63802
0.137854
0.356043
0.939604
0.428576
0.303691
0.44365
0.789513
0.998037
0.855442
0.380561
0.2008
0.12255
0.0040465
0.741508
0.86912
0.671235
0.254692
0.881616
0.476277
0.876278
0.0804161
0.496765
0.0178907
0.629064
0.210161
0.632786
0.548883
0.141625
0.405224
0.471152
0.291226
0.668001
0.458286
0.807835
0.587525
0.599517
0.801762
0.533027
0.299463
0.312542
0.695551
0.839217
0.29022
0.870005
0.742298
0.606308
0.121639
0.793509
0.0623168
0.175699
0.190985
0.0498696
0.572468
0.0958224
0.888733
0.883275
0.905882
0.787155
0.464561
0.231462
0.911706
0.47477
0.358554
0.463088
0.733419
0.996213
0.862454
0.262598
0.120382
0.677425
0.813902
0.229918
0.869422
0.134409
0.689741
0.660908
0.131131
0.320338
0.88274
0.119721
0.530893
0.378798
0.245763
0.971366
0.84276
0.477698
0.477564
0.791433
0.752154
0.138236
0.101651
0.0424036
0.0563997
0.70091
0.383074
0.787732
0.243911
0.895667
0.416842
0.869377
0.41174
0.321994
0.936984
0.98926
0.359623
0.445709
0.371571
0.268818
0.0401319
0.475373
0.769629
0.604688
0.836397
0.0207233
0.729892
0.12297
0.996812
0.591914
0.270409
0.138714
0.176558
0.770023
0.864729
0.970415
0.970628
0.609786
0.133707
0.67349
0.746479
0.512337
0.050942
0.100871
0.125526
0.254717
0.315696
0.520481
0.623931
0.186494
0.0280862
0.302089
0.385831
0.0660099
0.302896
0.33555
0.947823
0.111291
0.76843
0.110619
0.302839
0.614951
0.927984
0.939651
0.257297
0.342482
0.144081
0.950493
0.752175
0.211226
0.17574
0.777784
0.43675
0.778766
0.918841
0.198046
0.0520312
0.356394
0.900031
0.554872
0.0273026
0.26397
0.755105
0.879165
0.763982
0.171237
0.451793
0.705646
0.241557
0.598313
0.43156
0.207287
0.414605
0.601499
0.651093
0.306249
0.180626
0.411331
0.59291
0.544846
0.876077
0.530383
0.761012
0.52521
0.596192
0.667224
0.705825
0.259442
0.05588
0.610421
0.0284994
0.623878
0.484738
0.832948
0.0722757
0.015116
0.659968
0.131269
0.824222
0.22642
0.838065
0.430261
0.710595
0.974156
0.173826
0.970959
0.569905
0.83892
0.223672
0.160771
0.141017
0.51583
0.520459
0.579385
0.180594
0.852903
0.364145
0.339071
0.790806
0.901647
0.15543
0.101709
0.618557
0.510428
0.029881
0.896356
0.468801
0.49661
0.546148
0.0884072
0.00584363
0.193715
0.319694
0.466972
0.103662
0.951469
0.0821438
0.526649
0.883325
0.424275
0.894307
0.594678
0.553188
0.943094
0.568465
0.242089
0.441132
0.994244
0.587556
0.689791
0.582096
0.0512725
0.500682
0.0253673
0.383739
0.783966
0.0625211
0.677036
0.975485
0.761803
0.892828
0.616147
0.314173
0.461511
0.28328
0.797526
0.855487
0.719533
0.903009
0.943369
0.398226
0.341575
0.546276
0.578728
0.257401
0.0288237
0.869439
0.0535124
0.76739
0.629102
0.650847
0.654331
0.748455
0.354277
0.912271
0.148576
0.826126
0.706615
0.619301
0.307776
0.222317
0.787663
0.864196
0.688966
0.193995
0.0652397
0.86482
0.00933651
0.0443261
0.5037
0.880906
0.1825
0.90228
0.335136
0.974824
0.287621
0.0144386
0.168202
0.828764
0.73604
0.570493
0.0462267
0.467696
0.0954845
0.322992
0.707526
0.735017
0.316151
0.612523
0.840248
0.945701
0.979257
0.112879
0.458285
0.970431
0.755676
0.398635
0.618663
0.474923
0.951199
0.927387
0.427129
0.435382
0.32808
0.0581239
0.0658098
0.366463
0.323528
0.82117
0.635734
0.570507
0.870095
0.970001
0.743408
0.914329
0.437931
0.670734
0.269801
0.337855
0.657182
0.340256
0.788013
0.00217096
0.234306
0.952527
0.072468
0.29812
0.558317
0.626104
0.639163
0.985467
0.0917537
0.594884
0.0115502
0.291054
0.00815686
0.00648993
0.44926
0.789224
0.443236
0.100235
0.475086
0.378227
0.848285
0.147416
0.103567
0.0569895
0.51321
0.800267
0.0142771
0.109734
0.49779
0.937494
0.252949
0.00596327
0.817977
0.791048
0.329113
0.294294
0.610418
0.510711
0.00697776
0.084421
0.335285
0.393325
0.843279
0.0053991
0.340659
0.626182
0.996049
0.882783
0.964227
0.403564
0.38825
0.779802
0.320813
0.619071
0.338516
0.568948
0.86857
0.843997
0.541381
0.573001
0.174646
0.205327
0.366233
0.872232
0.145964
0.759946
0.318753
0.797247
0.886236
0.0107193
0.716451
0.926977
0.542333
0.573318
0.542794
0.9665
0.428816
0.910966
0.595131
0.648309
0.560351
0.273139
0.514369
0.368313
0.458453
0.0121609
0.92894
0.467435
0.993384
0.371668
0.903972
0.25946
0.638275
0.591534
0.571684
0.0119037
0.839689
0.719914
0.178097
0.251918
0.433834
0.197267
0.0652046
0.460033
0.49658
0.431611
0.393912
0.607625
0.737032
0.0119838
0.159909
0.447282
0.268578
0.611002
0.180516
0.526955
0.978314
0.533087
0.536437
0.294395
0.180471
0.123937
0.417238
0.398402
0.33887
0.724397
0.824268
0.895328
0.0551928
0.9363
0.479059
0.956987
0.640489
0.233582
0.38754
0.190467
0.358687
0.439033
0.554769
0.232787
0.786672
0.0360328
0.116198
0.196292
0.543727
0.540747
0.138902
0.703392
0.936974
0.157083
0.22983
0.347108
0.368698
0.575839
0.143605
0.459804
0.244907
0.962812
0.867221
0.177682
0.737045
0.869536
0.362968
0.132597
0.394071
0.576698
0.244732
0.667421
0.333651
0.638573
0.434541
0.425624
0.89489
0.842545
0.392408
0.440878
0.277398
0.797433
0.695538
0.985014
0.933244
0.903638
0.646529
0.531568
0.533496
0.679721
0.767129
0.290796
0.42416
0.372631
0.755793
0.0596344
0.310733
0.917632
0.244019
0.452597
0.128465
0.00025937
0.687228
0.938757
0.797549
0.973962
0.398409
0.164136
0.928539
0.377372
0.223558
0.602349
0.101587
0.854314
0.0320902
0.120022
0.00950441
0.796287
0.459206
0.0107859
0.54829
0.120586
0.181592
0.870383
0.841161
0.761136
0.0498622
0.227196
0.570914
0.819015
0.283647
0.037645
0.756716
0.0804971
0.25856
0.891185
0.841557
0.515978
0.957844
0.529777
0.21122
0.160812
0.262166
0.580707
0.448728
0.865283
0.968476
0.0199628
0.352813
0.685088
0.51995
0.373492
0.884708
0.117345
0.312692
0.306551
0.697214
0.770121
0.97155
0.795703
0.128825
0.547173
0.480442
0.356368
0.902594
0.711438
0.241001
0.625363
0.910888
0.376336
0.469549
0.0151534
0.407124
0.689829
0.291059
0.655694
0.938743
0.77851
0.773113
0.694786
0.76864
0.610889
0.894493
0.336941
0.00525114
0.467829
0.927362
0.537912
0.82929
0.0210847
0.338919
0.442139
0.534649
0.402126
0.350477
0.45817
0.0177881
0.065379
0.775144
0.909283
0.346451
0.244968
0.858913
0.152512
0.937419
0.925127
0.886083
0.605011
0.19448
0.747842
0.0580479
0.854102
0.894138
0.297686
0.0435986
0.609813
0.245657
0.0475207
0.607533
0.664811
0.368366
0.796291
0.581581
0.388596
0.842208
0.144064
0.821639
0.137495
0.841688
0.917753
0.780779
0.673281
0.712788
0.0285823
0.373922
0.950114
0.810466
0.75911
0.286201
0.136421
0.962659
0.701662
0.358977
0.237271
0.314288
0.597137
0.590135
0.608524
0.51782
0.572323
0.16989
0.562187
0.696505
0.584512
0.812133
0.842114
0.788592
0.816784
0.963647
0.127894
0.216933
0.154623
0.0596065
0.797087
0.0627427
0.816384
0.749398
0.571718
0.115952
0.982799
0.686624
0.40455
0.226467
0.471589
0.49125
0.0057803
0.998026
0.691412
0.00542252
0.757452
0.691388
0.630808
0.748466
0.125514
0.882491
0.632468
0.24801
0.461244
0.111714
0.995863
0.715672
0.686467
0.579322
0.588873
0.596039
0.492871
0.302308
0.413534
0.851407
0.722478
0.855469
0.349821
0.302063
0.722429
0.212625
0.563941
0.760256
0.738586
0.347524
0.330795
0.514448
0.547887
0.482073
0.513838
0.659594
0.816124
0.418645
0.503437
0.706032
0.861595
0.905789
0.0897767
0.367282
0.330636
0.0115705
0.309883
0.115114
0.9416
0.971101
0.923416
0.985626
0.704155
0.548923
0.708719
0.0141394
0.020559
0.0299151
0.256556
0.630647
0.435753
0.51185
0.513589
0.21006
0.611375
0.74104
0.745872
0.081921
0.681899
0.40787
0.215761
0.329422
0.171514
0.484836
0.319506
0.405214
0.0817969
0.890261
0.736781
0.97702
0.497274
0.161333
0.894606
0.882061
0.819307
0.234892
0.673161
0.478741
0.260425
0.864539
0.172887
0.993021
0.449167
0.564631
0.0980571
0.0997163
0.264464
0.487591
0.380977
0.362452
0.796887
0.791006
0.951681
0.373786
0.261601
0.612737
0.954065
0.615798
0.631446
0.533785
0.589334
0.355875
0.559642
0.729054
0.341088
0.658345
0.717486
0.876885
0.268561
0.440382
0.0424556
0.187888
0.0563953
0.81665
0.421418
0.689552
0.695415
0.675072
0.956008
0.945468
0.29147
0.975893
0.271972
0.18487
0.979125
0.590389
0.523077
0.966529
0.165777
0.545811
0.853088
0.355379
0.156024
0.391793
0.182933
0.591922
0.716123
0.153774
0.603601
0.802948
0.500605
0.412635
0.745347
0.021753
0.982632
0.799588
0.0624131
0.851363
0.377648
0.602548
0.370972
0.330052
0.082329
0.908377
0.354294
0.313436
0.863727
0.476743
0.626778
0.336398
0.0821
0.630151
0.0227571
0.872176
0.113405
0.917575
0.676639
0.632452
0.440797
0.0426033
0.166239
0.981757
0.615855
0.442001
0.677043
0.960181
0.894561
0.242758
0.654918
0.933411
0.257919
0.128657
0.0496793
0.0873681
0.314527
0.445768
0.0907084
0.116436
0.459276
0.385099
0.0351568
0.375885
0.0728317
0.406302
0.389541
0.385093
0.534136
0.279128
0.0629309
0.284686
0.598224
0.511755
0.445751
0.277808
0.349386
0.907585
0.519508
0.664287
0.503951
0.540558
0.335112
0.569394
0.310979
0.467737
0.832522
0.491378
0.413873
0.922691
0.385654
0.263538
0.281345
0.0121311
0.0509219
0.414835
0.521105
0.0788381
0.0676235
0.742889
0.419344
0.158203
0.444127
0.462098
0.176195
0.224585
0.00180602
0.157571
0.804203
0.462332
0.308974
0.926294
0.536386
0.802874
0.0719017
0.504336
0.696094
0.377598
0.831316
0.349049
0.416209
0.540224
0.343857
0.704899
0.660197
0.795328
0.340463
0.410268
0.43158
0.616277
0.1865
0.943457
0.540215
0.591483
0.599248
0.204478
0.870798
0.203183
0.0776178
0.834889
0.0659677
0.665972
0.95257
0.697164
0.271449
0.171696
0.999824
0.715379
0.146772
0.81479
0.639328
0.409926
0.0292811
0.559509
0.389581
0.693101
0.856834
0.10195
0.368527
0.573866
0.704199
0.13213
0.6844
0.868345
0.905895
0.322081
0.735896
0.767507
0.389617
0.803965
0.799654
0.529318
0.800063
0.362492
0.0902697
0.339964
0.227314
0.304792
0.813274
0.325495
0.697142
0.462107
0.980866
0.0774203
0.873191
0.631163
0.183934
0.630611
0.542057
0.20567
0.549448
0.712778
0.138865
0.917409
0.302565
0.994953
0.771236
0.995465
0.0612318
0.796342
0.430823
0.780797
0.706065
0.0571935
0.839613
0.232845
0.524487
0.0686144
0.0801904
0.793485
0.706699
0.560334
0.202826
0.584734
0.15915
0.288864
0.75326
0.601298
0.189928
0.774922
0.231192
0.462778
0.603149
0.510164
0.878517
0.0160389
0.0755206
0.82309
0.792058
0.901364
0.140576
0.810775
0.937395
0.750243
0.438207
0.832055
0.750161
0.982381
0.532959
0.448151
0.173715
0.505476
0.277851
0.591609
0.374034
0.723266
0.208053
0.331127
0.769245
0.725862
0.0600558
0.836729
0.508102
0.443681
0.544776
0.657025
0.675031
0.208527
0.506344
0.697671
0.991855
0.701413
0.908793
0.934941
0.944823
0.656914
0.850101
0.450229
0.313545
0.383897
0.824666
0.328748
0.814147
0.161749
0.873961
0.244834
0.265633
0.232127
0.989161
0.466743
0.627114
0.401253
0.382962
0.186941
0.87527
0.0845173
0.820115
0.766901
0.702559
0.18649
0.395221
0.85644
0.557914
0.654789
0.46762
0.888955
0.959783
0.330441
0.474208
0.180152
0.817874
0.605816
0.885076
0.308426
0.942142
0.435452
0.061988
0.00686414
0.43732
0.348121
0.189901
0.617648
0.366584
0.184745
0.496976
0.497947
0.934583
0.664786
0.47406
0.0302479
0.545331
0.841432
0.981241
0.633898
0.815093
0.738215
0.214288
0.660088
0.49069
0.819277
0.040922
0.43581
0.300824
0.239711
0.688687
0.863157
0.449014
0.78032
0.0838069
0.212548
0.833677
0.938394
0.540858
0.455099
0.983714
0.0201585
0.827525
0.989127
0.43887
0.696242
0.117591
0.40602
0.277983
0.893576
0.982879
0.834972
0.419772
0.902684
0.494479
0.107341
0.902851
0.827769
0.543647
0.577112
0.149774
0.820178
0.364196
0.0951248
0.11968
0.183055
0.419754
0.316048
0.92475
0.257506
0.190701
0.469872
0.772518
0.498606
0.4371
0.660014
0.132666
0.337908
0.595965
0.391251
0.666642
0.0909422
0.965971
0.38655
0.672011
0.340621
0.72652
0.406462
0.707821
0.41643
0.523506
0.540689
0.46566
0.269255
0.130005
0.820436
0.77291
0.156195
0.761555
0.742185
0.455732
0.0107209
0.103927
0.857798
0.401432
0.561963
0.514068
0.649954
0.951318
0.532406
0.605812
0.872396
0.290378
0.404086
0.361343
0.00652667
0.999807
0.0867653
0.753364
0.803564
0.779558
0.603224
0.764175
0.597403
0.563841
0.851503
0.695225
0.459119
0.0323734
0.304906
0.229154
0.80983
0.709783
0.829977
0.197351
0.0234765
0.447018
0.4346
0.42293
0.501424
0.806796
0.517878
0.785101
0.599
0.512676
0.213555
0.903783
0.660193
0.190278
0.338314
0.051058
0.484009
0.612176
0.754472
0.0302382
0.809591
0.752704
0.845049
0.866576
0.0522081
0.47719
0.770606
0.400077
0.976958
0.755728
0.554161
0.76705
0.916874
0.998527
0.911288
0.0843523
0.646473
0.499433
0.956378
0.383011
0.368148
0.793711
0.33792
0.54213
0.80805
0.377816
0.941783
0.919098
0.638662
0.428605
0.792604
0.177942
0.695469
0.209145
0.592556
0.304297
0.559281
0.221198
0.0511224
0.913007
0.458262
0.839742
0.324915
0.808011
0.620781
0.511816
0.588182
0.0760159
0.0223688
0.281114
0.915265
0.819225
0.731583
0.903703
0.42825
0.384276
0.226976
0.378147
0.342681
0.362584
0.49118
0.315407
0.420985
0.429419
0.947021
0.331776
0.363731
0.882805
0.9273
0.786824
0.146125
0.171234
0.515548
0.0692736
0.556419
0.0393688
0.899934
0.122692
0.285079
0.227414
0.555211
0.185528
0.256003
0.599527
0.384303
0.630222
0.627333
0.838629
0.30087
0.13593
0.0992322
0.195678
0.445612
0.468375
0.352661
0.79511
0.36532
0.215531
0.483808
0.806107
0.281532
0.966014
0.614641
0.789342
0.314479
0.496913
0.452919
0.468957
0.356633
0.550067
0.125109
0.233578
0.947246
0.686995
0.690091
0.171475
0.710548
0.665878
0.100133
0.370849
0.987639
0.83622
0.413021
0.453981
0.422406
0.237602
0.112786
0.746569
0.771843
0.191114
0.82416
0.564103
0.525651
0.913085
0.61839
0.501748
0.0852198
0.865187
0.940579
0.313056
0.801493
0.895613
0.321347
0.354176
0.732216
0.437475
0.565824
0.557067
0.419925
0.290002
0.160135
0.00174698
0.403652
0.211619
0.190476
0.625097
0.359269
0.741221
0.945237
0.343299
0.419514
0.880791
0.381963
0.760225
0.0359229
0.0362875
0.15015
0.0411665
0.000468914
0.252409
0.474516
0.556576
0.544586
0.421989
0.519029
0.150565
0.465639
0.565755
0.144314
0.189165
0.245552
0.194772
0.932172
0.842338
0.613546
0.03172
0.643042
0.712647
0.173613
0.980309
0.0260941
0.710027
0.995387
0.852635
0.216924
0.659977
0.600734
0.806774
0.402832
0.601858
0.933109
0.181949
0.547579
0.07118
0.756341
0.0731952
0.752157
0.25725
0.796871
0.844867
0.260042
0.0843582
0.839928
0.281848
0.638107
0.685652
0.156103
0.314877
0.689812
0.035534
0.0290424
0.483728
0.0664609
0.69621
0.955444
0.427434
0.184705
0.64088
0.191582
0.778708
0.252542
0.269989
0.841497
0.610883
0.238855
0.274332
0.454678
0.917081
0.248947
0.136093
0.402572
0.82361
0.0956946
0.0849855
0.201468
0.138949
0.803572
0.015859
0.379001
0.940037
0.550658
0.792536
0.43113
0.861852
0.475152
0.929385
0.518578
0.51424
0.255995
0.251134
0.565626
0.722644
0.902267
0.369255
0.0991378
0.925215
0.178252
0.479095
0.633396
0.876111
0.0416607
0.0890744
0.951634
0.699894
0.993339
0.715505
0.00997018
0.240162
0.0130436
0.712854
0.901407
0.508802
0.981688
0.975686
0.349648
0.270238
0.468435
0.0689778
0.177058
0.11577
0.836869
0.153513
0.223959
0.62135
0.401191
0.0324613
0.336447
0.966623
0.707206
0.450493
0.472029
0.367039
0.217891
0.30775
0.622841
0.151229
0.278219
0.617097
0.11158
0.535447
0.853611
0.772096
0.524597
0.650098
0.232183
0.245747
0.00058738
0.770263
0.184053
0.0321616
0.449324
0.27732
0.786171
0.641517
0.00623325
0.785152
0.472767
0.0970318
0.331015
0.15431
0.6299
0.90095
0.639953
0.605179
0.611596
0.358226
0.321722
0.301724
0.122894
0.650343
0.260411
0.457724
0.341218
0.356023
0.0539935
0.0837016
0.489188
0.306375
0.00218562
0.695627
0.0968341
0.599847
0.692099
0.59958
0.414093
0.12601
0.785693
0.730555
0.0990468
0.93554
0.439349
0.547696
0.792059
0.304653
0.191977
0.197914
0.888368
0.735459
0.305422
0.39067
0.024616
0.0561513
0.359535
0.856067
0.487852
0.17498
0.777647
0.173331
0.701291
0.115626
0.0477342
0.510034
0.949085
0.771319
0.19283
0.62096
0.522098
0.338897
0.130069
0.28044
0.349342
0.908762
0.368668
0.138525
0.0762989
0.621405
0.903334
0.588066
0.148673
0.634027
0.745739
0.348202
0.425443
0.580746
0.278527
0.713953
0.822602
0.931101
0.545398
0.391587
0.466194
0.663803
0.763532
0.0349039
0.545258
0.466462
0.542666
0.173604
0.322811
0.874498
0.446152
0.339595
0.248296
0.297259
0.168539
0.359573
0.754512
0.727983
0.00620915
0.0824172
0.436498
0.419485
0.177979
0.433383
0.328143
0.794407
0.00779573
0.772728
0.422474
0.0201378
0.417517
0.0442814
0.280196
0.3219
0.0123213
0.274268
0.442039
0.00246509
0.232226
0.302202
0.688761
0.28843
0.532384
0.356601
0.625092
0.0612578
0.642324
0.592117
0.122638
0.931586
0.354161
0.429732
0.47914
0.613713
0.625437
0.134229
0.537187
0.283741
0.834256
0.210912
0.597797
0.834172
0.663292
0.154201
0.563329
0.461723
0.833383
0.552227
0.340099
0.546733
0.873286
0.886855
0.109061
0.410473
0.850818
0.761516
0.372263
0.905933
0.374584
0.0780647
0.643615
0.620807
0.787018
0.152361
0.387587
0.30825
0.869831
0.917369
0.742558
0.269124
0.0727021
0.485241
0.434532
0.363835
0.435405
0.630123
0.816228
0.0929314
0.986561
0.148948
0.651439
0.995256
0.108756
0.198667
0.644026
0.60092
0.564411
0.817609
0.0587736
0.433477
0.674912
0.187022
0.350772
0.264896
0.100441
0.131211
0.117314
0.611481
0.159545
0.0820536
0.395944
0.93176
0.363819
0.793159
0.169794
0.0773404
0.937996
0.660538
0.25985
0.464094
0.928433
0.608573
0.617301
0.980795
0.104924
0.944103
0.165376
0.296334
0.230103
0.927106
0.193373
0.509753
0.821503
0.703339
0.2785
0.475254
0.543537
0.158892
0.0124025
0.469899
0.0526371
0.536359
0.374543
0.391833
0.865803
0.655944
0.94362
0.571042
0.651328
0.762582
0.318448
0.621833
0.330543
0.967858
0.703451
0.724217
0.130453
0.176288
0.894663
0.22342
0.30074
0.302203
0.483224
0.628653
0.189088
0.935492
0.463016
0.0886462
0.39044
0.896632
0.128348
0.251874
0.854159
0.281282
0.670937
0.885653
0.118945
0.429287
0.784842
0.502914
0.197285
0.754333
0.210885
0.813948
0.467061
0.363064
0.865538
0.0118667
0.187303
0.819373
0.237061
0.192561
0.0278905
0.798281
0.738477
0.806751
0.680685
0.461033
0.825314
0.0787299
0.125952
0.40081
0.396805
0.954387
0.0410243
0.205602
0.0366128
0.777216
0.526724
0.720614
0.790216
0.718905
0.821143
0.881289
0.159254
0.417447
0.771118
0.945874
0.628469
0.216094
0.444524
0.231273
0.280145
0.216461
0.0941197
0.223159
0.700183
0.871244
0.602756
0.939591
0.963478
0.495462
0.023146
0.987251
0.217059
0.0801972
0.112268
0.0990072
0.551818
0.692591
0.638996
0.170173
0.246408
0.162909
0.444715
0.0487667
0.165096
0.983571
0.548435
0.709996
0.833669
0.826814
0.839031
0.662401
0.226704
0.998168
0.878544
0.0658016
0.357641
0.710007
0.843545
0.260822
0.788208
0.810754
0.302439
0.980092
0.917229
0.938506
0.413651
0.110172
0.239604
0.479172
0.667391
0.76544
0.336719
0.0501801
0.225746
0.385
0.159649
0.622738
0.621409
0.459435
0.705821
0.764867
0.916233
0.396726
0.932869
0.137143
0.564404
0.641693
0.143786
0.417589
0.35084
0.0590099
0.833507
0.565714
0.346962
0.639627
0.977845
0.899301
0.529372
0.149051
0.743421
0.0457792
0.0574672
0.273821
0.864953
0.0159114
0.369921
0.667596
0.984947
0.906965
0.60925
0.0711588
0.378222
0.0271904
0.202049
0.892994
0.719753
0.0197529
0.387007
0.386737
0.373327
0.0491334
0.837841
0.419328
0.0332574
0.273029
0.0439248
0.290098
0.344139
0.350558
0.247466
0.671469
0.560774
0.744003
0.125208
0.0850257
0.649587
0.862781
0.195553
0.757317
0.237403
0.765175
0.161165
0.905674
0.743775
0.753919
0.957048
0.89165
0.813316
0.535009
0.511491
0.272386
0.305749
0.127264
0.0669694
0.0985275
0.991026
0.44497
0.0799937
0.704839
0.0682353
0.705055
0.924298
0.882411
0.359439
0.88537
0.970037
0.285838
0.369143
0.852283
0.40835
0.941142
0.47874
0.662605
0.439347
0.914357
0.872606
0.840949
0.670586
0.165774
0.63307
0.451245
0.0272539
0.362027
0.789478
0.768733
0.999415
0.375216
0.0150708
0.123349
0.363474
0.430793
0.411021
0.58853
0.797312
0.198478
0.70237
0.551124
0.183776
0.947569
0.913798
0.354863
0.532792
0.309439
0.241758
0.189929
0.298243
0.139304
0.615204
0.0117761
0.185351
0.311549
0.362145
0.0830232
0.312376
0.434253
0.990742
0.552117
0.702911
0.95873
0.791363
0.845105
0.153981
0.754667
0.551467
0.646933
0.321668
0.996364
0.790117
0.210062
0.494455
0.930828
0.1755
0.234925
0.569077
0.435762
0.599573
0.187427
0.0599832
0.360833
0.244045
0.63711
0.909273
0.20184
0.809036
0.610273
0.581351
0.324783
0.322631
0.870366
0.869338
0.845079
0.511101
0.232115
0.214277
0.982563
0.914677
0.280031
0.6263
0.0791544
0.61582
0.409825
0.365046
0.685582
0.0360318
0.698985
0.256512
0.76409
0.501313
0.552016
0.242546
0.812048
0.685777
0.0337892
0.42135
0.0266542
0.920825
0.473664
0.80686
0.942612
0.577957
0.6535
0.240579
0.819558
0.495492
0.411808
0.0519063
0.0517779
0.139693
0.489177
0.232606
0.730554
0.905505
0.288784
0.394493
0.403678
0.509645
0.0652384
0.231942
0.267726
0.596381
0.621717
0.946464
0.471465
0.688182
0.547329
0.415733
0.415851
0.802346
0.596766
0.451103
0.822999
0.0568535
0.240242
0.738907
0.876285
0.262946
0.524896
0.156844
0.0379351
0.550463
0.0436836
0.678856
0.116143
0.0108444
0.666349
0.0763032
0.248299
0.384553
0.617852
0.351547
0.1244
0.0864315
0.0998079
0.551571
0.992321
0.86372
0.841977
0.738856
0.82227
0.884194
0.473168
0.491479
0.477643
0.838328
0.321993
0.39536
0.787487
0.105982
0.219476
0.800626
0.910188
0.197413
0.181119
0.420601
0.585471
0.355306
0.747286
0.588695
0.676364
0.377429
0.309769
0.797683
0.585252
0.815761
0.523963
0.599265
0.4014
0.129325
0.189606
0.463476
0.972496
0.178336
0.0561761
0.319646
0.565954
0.176406
0.836582
0.388291
0.226178
0.216644
0.116269
0.030918
0.49673
0.954565
0.00660002
0.972119
0.870481
0.745864
0.781929
0.502251
0.280114
0.0277975
0.982808
0.92018
0.0134435
0.751326
0.48274
0.516409
0.522991
0.217945
0.519413
0.51306
0.011517
0.541271
0.355619
0.615715
0.684249
0.681143
0.0725957
0.692006
0.218597
0.670794
0.957394
0.349527
0.0986519
0.323234
0.415662
0.423276
0.0813453
0.683815
0.119931
0.0732684
0.997758
0.569876
0.5193
0.883774
0.214052
0.764136
0.861438
0.0297716
0.669579
0.428941
0.994745
0.164133
0.955252
0.971292
0.384978
0.464967
0.565494
0.972768
0.456548
0.947919
0.813692
0.884875
0.857741
0.266107
0.351173
0.540408
0.364052
0.413803
0.236313
0.148402
0.352626
0.858393
0.713067
0.0988029
0.293865
0.726033
0.426258
0.0581716
0.6794
0.156591
0.172435
0.148304
0.223508
0.284761
0.376312
0.870038
0.131056
0.388809
0.545605
0.198001
0.257456
0.775462
0.804058
0.597029
0.951329
0.305185
0.229501
0.441772
0.149769
0.358517
0.76439
0.94609
0.786461
0.331193
0.212045
0.741586
0.792635
0.256408
0.927004
0.376643
0.976975
0.492014
0.744326
0.0168833
0.572349
0.647654
0.75723
0.699016
0.145099
0.865983
0.241167
0.326656
0.770178
0.390058
0.359464
0.721809
0.542391
0.887824
0.00982911
0.772417
0.676673
0.0453662
0.552456
0.982341
0.644384
0.804414
0.878509
0.107413
0.124951
0.812469
0.224925
0.852311
0.806018
0.650298
0.11655
0.329627
0.180107
0.144939
0.0248006
0.88473
0.0572496
0.47879
0.884496
0.426905
0.293164
0.247662
0.0249895
0.715213
0.676685
0.788376
0.633826
0.340491
0.649405
0.0340152
0.784694
0.392887
0.693694
0.368279
0.058138
0.864856
0.576025
0.919793
0.629466
0.770682
0.121982
0.521006
0.363995
0.912798
0.0493369
0.16762
0.00325769
0.459599
0.0684077
0.717892
0.745865
0.967173
0.795344
0.73347
0.24426
0.543016
0.241857
0.458383
0.928065
0.996475
0.701272
0.729382
0.399889
0.318745
0.290118
0.210126
0.426091
0.0308513
0.5521
0.250437
0.447164
0.515867
0.853134
0.260345
0.180135
0.866872
0.966433
0.321013
0.274531
0.113632
0.565494
0.289716
0.379909
0.561819
0.965162
0.399851
0.513985
0.111655
0.726655
0.681383
0.318054
0.735189
0.178615
0.21159
0.610692
0.82365
0.529908
0.107513
0.588701
0.218109
0.403336
0.830406
0.766622
0.642947
0.163776
0.627479
0.173659
0.108992
0.695455
0.604973
0.604971
0.978311
0.0425576
0.734422
0.566454
0.436053
0.0328835
0.666412
0.116696
0.613007
0.300944
0.798098
0.776662
0.642288
0.922223
0.569562
0.180193
0.0889295
0.22897
0.772969
0.84253
0.00502335
0.938287
0.0394943
0.697481
0.168105
0.374195
0.672887
0.75066
0.799937
0.51176
0.365658
0.912302
0.148847
0.410627
0.199484
0.874075
0.379898
0.609482
0.0498435
0.126402
0.371864
0.516101
0.799014
0.776347
0.4643
0.0482418
0.948801
0.167277
0.482819
0.570362
0.319153
0.105324
0.308675
0.19008
0.0318156
0.783844
0.33377
0.00745797
0.478182
0.464384
0.247264
0.217722
0.0110615
0.171034
0.0926244
0.732131
0.492997
0.574969
0.232201
0.520979
0.333333
0.838538
0.310334
0.922426
0.983606
0.109672
0.554515
0.624968
0.203198
0.540201
0.581904
0.12329
0.406443
0.361699
0.188426
0.811804
0.71757
0.980014
0.919924
0.746776
0.00309273
0.140951
0.0771627
0.682166
0.768944
0.288904
0.257441
0.846246
0.26708
0.258559
0.622023
0.0228877
0.550483
0.131828
0.467418
0.806053
0.669437
0.0469055
0.852922
0.617727
0.930409
0.167749
0.113242
0.0530868
0.268081
0.93567
0.602723
0.692346
0.0216081
0.0307152
0.29006
0.564527
0.894149
0.153725
0.428779
0.916826
0.00107294
0.893031
0.160875
0.202546
0.951088
0.66331
0.918258
0.211141
0.0861342
0.0807711
0.189348
0.00314914
0.286502
0.83224
0.589089
0.667315
0.634422
0.561877
0.895142
0.425121
0.738684
0.495314
0.682593
0.530831
0.622063
0.214955
0.851644
0.89731
0.348122
0.161186
0.469572
0.866029
0.912448
0.383687
0.750421
0.116552
0.609246
0.948839
0.338191
0.696138
0.818208
0.465276
0.800169
0.322938
0.147347
0.410621
0.290298
0.976361
0.632484
0.479265
0.9465
0.515456
0.822716
0.113244
0.715813
0.461467
0.24426
0.579813
0.886752
0.811628
0.943878
0.915376
0.30903
0.882194
0.286177
0.529408
0.707861
0.891762
0.962452
0.777248
0.669231
0.041814
0.874742
0.273822
0.315955
0.266019
0.0160626
0.0798137
0.579244
0.410588
0.0751744
0.871329
0.24981
0.185041
0.752573
0.813891
0.321155
0.805246
0.642101
0.417804
0.445054
0.86635
0.485156
0.576972
0.708713
0.288007
0.0546037
0.641021
0.0597417
0.888157
0.689748
0.124696
0.132983
0.265589
0.427706
0.181068
0.333566
0.414398
0.762315
0.386879
0.570981
0.283207
0.967413
0.809147
0.693262
0.474909
0.461411
0.310094
0.518647
0.824111
0.335328
0.139884
0.390659
0.773329
0.543682
0.0692092
0.783996
0.598005
0.650202
0.601238
0.961761
0.626188
0.867506
0.618046
0.734519
0.901301
0.527605
0.572607
0.609698
0.204999
0.320058
0.914541
0.063575
0.97298
0.106341
0.685046
0.85823
0.450032
0.600891
0.0908632
0.391235
0.0734047
0.478478
0.466808
0.57562
0.444968
0.0341003
0.220689
0.677269
0.125158
0.284793
0.348005
0.724309
0.691551
0.283223
0.05573
0.672672
0.00462811
0.44032
0.172168
0.784721
0.400722
0.0514146
0.654842
0.166185
0.544269
0.648132
0.982917
0.281609
0.51413
0.933366
0.067248
0.363436
0.774007
0.544766
0.444545
0.0898129
0.392953
0.478796
0.492444
0.910684
0.00874132
0.172965
0.890111
0.65626
0.0225098
0.0357354
0.479643
0.804099
0.231016
0.85019
0.661277
0.511793
0.67318
0.51469
0.618495
0.719211
0.0341592
0.871089
0.520399
0.841778
0.292091
0.138581
0.764057
0.261542
0.699832
0.322658
0.756566
0.856526
0.30179
0.000889369
0.77355
0.100752
0.300812
0.67642
0.93099
0.464775
0.996424
0.193947
0.981026
0.658487
0.358069
0.41731
0.56152
0.469898
0.970569
0.996587
0.489866
0.54328
0.144158
0.184402
0.756863
0.364752
0.140931
0.361143
0.962357
0.915171
0.342041
0.350479
0.124258
0.854815
0.936425
0.41942
0.174586
0.673092
0.356345
0.734698
0.308108
0.0458006
0.744487
0.281068
0.430845
0.593011
0.402993
0.746739
0.511892
0.136992
0.935722
0.525766
0.0665532
0.83228
0.250267
0.790748
0.181957
0.0482284
0.86633
0.488623
0.849437
0.372326
0.940668
0.886059
0.674025
0.844655
0.841893
0.258085
0.252846
0.0376218
0.561581
0.583366
0.624951
0.357748
0.602291
0.385768
0.941987
0.147347
0.480847
0.942522
0.872513
0.0150269
0.477193
0.725234
0.569551
0.404761
0.89961
0.105988
0.993429
0.177364
0.58505
0.22997
0.103467
0.31076
0.738935
0.0465431
0.945426
0.444268
0.438383
0.570137
0.759728
0.893276
0.312944
0.652005
0.525666
0.539971
0.300987
0.95645
0.151787
0.490048
0.0202199
0.464734
0.77877
0.846797
0.9243
0.211631
0.518707
0.499542
0.0259266
0.772898
0.990331
0.419052
0.490387
0.307403
0.620173
0.775343
0.116081
0.311266
0.917921
0.0165315
0.171253
0.760729
0.843579
0.727576
0.307395
0.1372
0.23626
0.984578
0.714534
0.465724
0.880141
0.896061
0.979557
0.675915
0.670984
0.726289
0.914287
0.00373302
0.650081
0.498101
0.195995
0.653501
0.935758
0.424125
0.826316
0.904269
0.0562635
0.948557
0.440323
0.305595
0.376052
0.307527
0.309859
0.585436
0.209019
0.38073
0.784666
0.291778
0.141072
0.828669
0.985153
0.229247
0.365925
0.748321
0.541628
0.578215
0.922758
0.999459
0.185498
0.85888
0.0102976
0.723065
0.769402
0.437879
0.342611
0.392237
0.0855708
0.60557
0.485145
0.408526
0.501855
0.82663
0.186048
0.510495
0.049472
0.473057
0.582454
0.00360803
0.587137
0.440812
0.325138
0.468703
0.0922403
0.55764
0.135374
0.389474
0.298267
0.611761
0.859887
0.68368
0.788734
0.0605042
0.790105
0.291671
0.461957
0.0633997
0.132072
0.958817
0.691331
0.880868
0.543549
0.991174
0.184579
0.24874
0.804034
0.0682465
0.623549
0.848012
0.379349
0.821174
0.233153
0.0830658
0.0937612
0.950705
0.963843
0.209392
0.532184
0.131973
0.37438
0.454259
0.62026
0.0275204
0.621211
0.903079
0.23695
0.478579
0.958329
0.854417
0.270528
0.820342
0.434031
0.642525
0.836743
0.293524
0.593902
0.209357
0.295242
0.820526
0.220245
0.332627
0.0183028
0.494095
0.467293
0.885722
0.643926
0.890435
0.908765
0.941369
0.463211
0.0149131
0.070278
0.0676252
0.949713
0.216228
0.660269
0.956935
0.423801
0.668375
0.63025
0.710404
0.73187
0.588568
0.689424
0.0419507
0.977066
0.929694
0.891723
0.176769
0.280715
0.00816949
0.431231
0.305959
0.646958
0.0147112
0.485242
0.650263
0.953207
0.327154
0.0161513
0.139689
0.226826
0.305852
0.464791
0.106599
0.146416
0.941501
0.860397
0.493793
0.931546
0.603716
0.0421982
0.484012
0.176689
0.758709
0.496106
0.516084
0.793651
0.54297
0.0378286
0.134821
0.411356
0.381135
0.314175
0.633655
0.332777
0.766154
0.00946045
0.852101
0.174873
0.380204
0.364546
0.0519752
0.970979
0.0821118
0.0585751
0.220337
0.677556
0.795194
0.595784
0.091981
0.669814
0.992991
0.705886
0.0239932
0.306605
0.498972
0.621031
0.306086
0.784047
0.472446
0.802369
0.986637
0.962277
0.977795
0.0959802
0.185599
0.895612
0.756432
0.488439
0.879185
0.638145
0.586854
0.947777
0.930661
0.161319
0.913638
0.471123
0.524229
0.0185974
0.130562
0.511459
0.600984
0.505773
0.894176
0.851992
0.625426
0.363425
0.781562
0.985993
0.883745
0.818773
0.66171
0.243485
0.727685
0.11232
0.802137
0.573631
0.254664
0.434149
0.195383
0.983966
0.693135
0.497569
0.592451
0.961892
0.969827
0.145604
0.752141
0.0561077
0.432876
0.403039
0.520466
0.740398
0.132562
0.0304184
0.582169
0.0867491
0.0654137
0.363846
0.0859252
0.366025
0.274502
0.692846
0.627956
0.348635
0.493802
0.140073
0.256499
0.0160331
0.368242
0.944907
0.359588
0.0809024
0.766846
0.801639
0.0833023
0.407215
0.163642
0.919275
0.513139
0.909258
0.075843
0.200536
0.573818
0.592637
0.0245286
0.891385
0.460274
0.99026
0.544777
0.251866
0.785122
0.393361
0.0898054
0.886345
0.145781
0.616138
0.310645
0.905269
0.861125
0.105328
0.193166
0.433043
0.146655
0.910799
0.143576
0.993428
0.437278
0.259271
0.0577011
0.980179
0.921661
0.440007
0.884124
0.220056
0.930975
0.114157
0.441272
0.171762
0.281686
0.342221
0.944036
0.889227
0.252273
0.67287
0.936532
0.808246
0.568576
0.0160985
0.840803
0.267866
0.249076
0.89108
0.310141
0.910366
0.890588
0.547161
0.684011
0.635254
0.616404
0.376581
0.139083
0.0116313
0.340754
0.356757
0.0158366
0.582416
0.34732
0.169415
0.877693
0.385175
0.572115
0.862025
0.60221
0.598384
0.673951
0.225275
0.983322
0.054737
0.951304
0.199423
0.721732
0.531555
0.685675
0.515915
0.193718
0.29674
0.87704
0.758779
0.13223
0.0779144
0.87366
0.329444
0.161984
0.309186
0.842338
0.0611693
0.0552461
0.727725
0.100745
0.00418732
0.388485
0.83038
0.234025
0.145
0.972344
0.704674
0.805657
0.394296
0.707467
0.820583
0.978402
0.345344
0.856232
0.865418
0.35403
0.718007
0.0403927
0.569364
0.710829
0.71729
0.00446811
0.883242
0.360239
0.00863352
0.843075
0.563705
0.178428
0.858608
0.370826
0.554023
0.687593
0.411179
0.427862
0.578093
0.0374595
0.248353
0.708813
0.948692
0.834626
0.431761
0.312651
0.978901
0.977434
0.2445
0.257245
0.718355
0.457484
0.810352
0.320505
0.862638
0.821922
0.501061
0.859451
0.753528
0.172512
0.406234
0.293649
0.494145
0.953662
0.164578
0.751802
0.525127
0.954572
0.757888
0.510342
0.71703
0.998319
0.579258
0.789009
0.652838
0.801822
0.104574
0.799809
0.0313104
0.545118
0.294168
0.977321
0.937045
0.661107
0.982287
0.985999
0.721203
0.321184
0.0436091
0.990557
0.269035
0.412326
0.541153
0.128192
0.942107
0.391736
0.77824
0.460659
0.0844174
0.0531951
0.9353
0.244044
0.049267
0.200646
0.912574
0.687234
0.271096
0.723886
0.17121
0.748044
0.162894
0.301926
0.222752
0.428931
0.411022
0.583687
0.322093
0.691257
0.567211
0.344076
0.639059
0.93578
0.360414
0.885826
0.392754
0.144101
0.683476
0.422004
0.210811
0.606211
0.19804
0.525173
0.435512
0.345384
0.724045
0.583324
0.821812
0.095514
0.51676
0.599344
0.290598
0.200378
0.335575
0.586742
0.0407209
0.835249
0.210004
0.955813
0.118966
0.00886614
0.767556
0.334365
0.181142
0.617392
0.33211
0.959241
0.276069
0.619872
0.979211
0.728684
0.653504
0.821958
0.957434
0.35871
0.305273
0.60729
0.970754
0.958896
0.503633
0.7155
0.224885
0.486389
0.383073
0.349738
0.54837
0.359624
0.971015
0.928876
0.703463
0.579727
0.827412
0.895198
0.387358
0.828629
0.976864
0.181199
0.0171869
0.351244
0.831284
0.938986
0.930424
0.131753
0.280159
0.207757
0.502812
0.808402
0.0927903
0.122736
0.375359
0.753868
0.35593
0.153582
0.816775
0.038375
0.837602
0.412039
0.618928
0.134299
0.32993
0.00939802
0.357589
0.998665
0.822566
0.518268
0.52314
0.546649
0.313195
0.879839
0.653589
0.657872
0.0761565
0.10176
0.131006
0.637944
0.665363
0.992283
0.97498
0.12151
0.519495
0.434793
0.582888
0.600309
0.137082
0.139629
0.597707
0.864431
0.304055
0.483209
0.233027
0.205339
0.798333
0.279205
0.0678276
0.310952
0.273969
0.979612
0.881206
0.960415
0.0642302
0.627529
0.546494
0.633435
0.299807
0.45452
0.922048
0.643606
0.257578
0.614133
0.673691
0.920879
0.278077
0.252105
0.181852
0.969539
0.0111254
0.414223
0.374138
0.422015
0.224302
0.130156
0.16471
0.397863
0.421191
0.514584
0.683495
0.14162
0.930763
0.86629
0.678075
0.63899
0.529931
0.648536
0.874869
0.990865
0.850909
0.683226
0.168554
0.0575247
0.325017
0.826465
0.21301
0.476377
0.965273
0.409927
0.225421
0.716859
0.350428
0.582857
0.968456
0.883399
0.420807
0.781755
0.776636
0.93337
0.484112
0.594613
0.403456
0.837649
0.80362
0.414752
0.161935
0.420139
0.578408
0.658677
0.269106
0.120892
0.472159
0.448376
0.102977
0.570614
0.181985
0.447784
0.340615
0.162138
0.413254
0.35927
0.281041
0.679798
0.489053
0.0144396
0.710453
0.217107
0.786141
0.764194
0.265853
0.138337
0.210276
0.0107011
0.955969
0.983565
0.219699
0.629489
0.357818
0.342326
0.120011
0.261072
0.974042
0.0657856
0.345957
0.316599
0.0236691
0.604718
0.319202
0.121704
0.767343
0.813466
0.808763
0.95685
0.980888
0.166447
0.837316
0.408237
0.767816
0.165523
0.68676
0.307255
0.754341
0.600501
0.63785
0.740402
0.785253
0.118666
0.467011
0.181264
0.922714
0.911368
0.358311
0.493256
0.180046
0.341719
0.0693068
0.859381
0.997162
0.118099
0.368986
0.169077
0.193773
0.851306
0.398161
0.0655534
0.73261
0.901961
0.748209
0.563645
0.447425
0.233023
0.593837
0.369112
0.71309
0.985499
0.0689818
0.854556
0.58184
0.736382
0.089529
0.435881
0.981603
0.593627
0.453892
0.715046
0.939675
0.278849
0.972992
0.281361
0.23446
0.598487
0.639954
0.512821
0.414299
0.480052
0.550652
0.493139
0.668096
0.758066
0.971393
0.024603
0.645172
0.14149
0.205359
0.11581
0.422745
0.382865
0.104682
0.0506015
0.960298
0.399452
0.679667
0.0317371
0.16648
0.873262
0.57092
0.991152
0.693918
0.324303
0.624236
0.458425
0.0786402
0.489066
0.425632
0.903567
0.323716
0.661403
0.896061
0.165473
0.59328
0.0888581
0.346449
0.458797
0.78961
0.339922
0.984548
0.803271
0.0559463
0.976749
0.970798
0.546455
0.331414
0.5647
0.145091
0.935105
0.212806
0.533814
0.636586
0.611565
0.934084
0.364913
0.887638
0.836356
0.064498
0.407799
0.344809
0.394903
0.173197
0.26356
0.206645
0.0252261
0.387188
0.574727
0.105167
0.886247
0.799589
0.617037
0.431129
0.6095
0.984043
0.517095
0.945757
0.463627
0.819946
0.556318
0.0779822
0.725285
0.123535
0.603168
0.233689
0.81913
0.160699
0.00115461
0.548006
0.594443
0.178108
0.730621
0.304156
0.226991
0.0269527
0.230633
0.307131
0.789851
0.545342
0.352824
0.280952
0.231449
0.85169
0.617458
0.26655
0.944067
0.0410144
0.505302
0.914277
0.319423
0.146827
0.855243
0.340258
0.59312
0.529668
0.611502
0.167692
0.207219
0.19453
0.346974
0.764685
0.727481
0.0674509
0.388586
0.887528
0.564196
0.535587
0.542688
0.0916456
0.294253
0.515896
0.586017
0.208355
0.904275
0.803475
0.84887
0.0768158
0.836103
0.345964
0.0806678
0.718535
0.397564
0.314975
0.561287
0.275842
0.480446
0.184768
0.718495
0.103567
0.290066
0.994029
0.741488
0.795019
0.704422
0.532845
0.258096
0.0472646
0.718445
0.692266
0.948395
0.0383028
0.185112
0.363573
0.871522
0.326098
0.339438
0.851203
0.405008
0.562143
0.694051
0.808705
0.2499
0.40236
0.643213
0.25619
0.19247
0.57074
0.228648
0.221169
0.847824
0.371845
0.375187
0.783984
0.971692
0.433988
0.574076
0.179568
0.226194
0.558555
0.132162
0.377376
0.234201
0.551104
0.523284
0.133349
0.926797
0.0835863
0.184029
0.14945
0.822019
0.857588
0.701765
0.938119
0.789116
0.153517
0.897331
0.144074
0.0250158
0.714126
0.755364
0.695563
0.00469141
0.187774
0.549545
0.896547
0.324427
0.716408
0.47596
0.107085
0.0289925
0.913254
0.204683
0.161363
0.638897
0.0202832
0.715964
0.0858597
0.914444
0.765606
0.615946
0.193648
0.57637
0.24176
0.687331
0.361335
0.0959662
0.918598
0.151889
0.790676
0.269273
0.369777
0.341971
0.064633
0.298055
0.0521451
0.810308
0.988902
0.792892
0.859651
0.887828
0.734403
0.589632
0.476571
0.281133
0.575405
0.599784
0.909275
0.629725
0.223934
0.133271
0.207378
0.0847052
0.609739
0.292404
0.401011
0.837768
0.354094
0.263567
0.764628
0.0897534
0.847975
0.777974
0.262589
0.757081
0.00413606
0.677711
0.211484
0.787737
0.679216
0.666707
0.924317
0.261422
0.348348
0.232415
0.67888
0.915577
0.0883998
0.0856912
0.314922
0.22458
0.371664
0.018315
0.521945
0.535929
0.538756
0.782596
0.0564691
0.221915
0.979465
0.753014
0.668979
0.63597
0.048588
0.91441
0.583017
0.434605
0.407509
0.040318
0.223415
0.66657
0.631665
0.899887
0.988035
0.275516
0.713076
0.0787458
0.866592
0.441272
0.521988
0.907159
0.979626
0.627245
0.0313434
0.941988
0.473738
0.489927
0.537407
0.765412
0.636013
0.107271
0.13095
0.923759
0.169439
0.654141
0.660166
0.917442
0.7458
0.415178
0.198635
0.0973328
0.00371389
0.573546
0.67606
0.291547
0.760193
0.353068
0.418682
0.663293
0.242882
0.0518086
0.0418655
0.672796
0.655302
0.77902
0.015141
0.161962
0.392289
0.519258
0.328905
0.770873
0.916698
0.190618
0.487006
0.620734
0.537177
0.300661
0.892008
0.667347
0.0922605
0.764492
0.347505
0.770498
0.506399
0.534282
0.548348
0.484089
0.15339
0.466526
0.145144
0.214862
0.412515
0.859838
0.240084
0.807934
0.35969
0.337678
0.389859
0.0980322
0.483113
0.201948
0.293972
0.840695
0.456953
0.61372
0.891336
0.383402
0.459366
0.175377
0.761981
0.12168
0.689723
0.127321
0.95756
0.898719
0.0682779
0.332442
0.0507939
0.853213
0.842192
0.918978
0.750176
0.858765
0.242501
0.636887
0.583086
0.494697
0.487701
0.293544
0.165244
0.658941
0.82204
0.616905
0.138815
0.220135
0.671677
0.239878
0.325441
0.376994
0.862629
0.913246
0.256028
0.577819
0.606688
0.733556
0.119838
0.862174
