0.380019
0.468201
0.550792
0.629494
0.520442
0.343467
0.536231
0.564459
0.452188
0.448491
0.440271
0.443048
0.321076
0.460268
0.516923
0.295771
0.539273
0.665105
0.3753
0.498319
0.376215
0.481579
0.370219
0.562964
0.473702
0.272584
0.656399
0.613585
0.449182
0.631399
0.631587
0.399616
0.587966
0.526933
0.530027
0.391762
0.537031
0.536473
0.547262
0.471785
0.466688
0.647574
0.47495
0.562073
0.630497
0.408219
0.50645
0.562793
0.58791
0.403312
0.570859
0.419125
0.406899
0.616588
0.538343
0.508954
0.515254
0.422034
0.458554
0.470264
0.430078
0.447995
0.488353
0.481557
0.600194
0.461063
0.578618
0.548644
0.691418
0.415566
0.490471
0.480222
0.589357
0.656965
0.516102
0.365977
0.605089
0.475252
0.30864
0.576446
0.31573
0.479203
0.519827
0.667778
0.379644
0.476556
0.600954
0.571848
0.549896
0.631447
0.529961
0.577083
0.398657
0.591722
0.562496
0.518809
0.616441
0.481558
0.424568
0.688218
0.449935
0.435554
0.569051
0.309771
0.620758
0.411983
0.529434
0.582801
0.434448
0.542526
0.432012
0.362551
0.537829
0.617419
0.67195
0.399396
0.49606
0.340642
0.51719
0.436189
0.665276
0.471206
0.468229
0.441207
0.521711
0.418709
0.353153
0.388082
0.664047
0.638544
0.504339
0.480408
0.442489
0.714081
0.59755
0.588081
0.492664
0.610773
0.408863
0.591298
0.544802
0.499471
0.639363
0.426076
0.648978
0.543495
0.54175
0.461542
0.367904
0.508718
0.542159
0.64531
0.453458
0.417293
0.475941
0.730449
0.60082
0.412042
0.483052
0.400182
0.474762
0.594382
0.332312
0.453586
0.373534
0.622371
0.619047
0.737885
0.481892
0.454273
0.375158
0.577057
0.543193
0.502525
0.402348
0.379905
0.420319
0.313506
0.383077
0.510756
0.520584
0.590008
0.44374
0.498046
0.499164
0.729643
0.318624
0.417576
0.470557
0.502438
0.451042
0.557019
0.587549
0.260847
0.49834
0.51852
0.608452
0.559569
0.643706
0.486914
0.677682
0.548795
0.645038
0.500053
0.554956
0.601096
0.577742
0.576741
0.441726
0.563937
0.497585
0.452918
0.557789
0.512254
0.534384
0.487401
0.631547
0.440637
0.554253
0.589185
0.540835
0.449248
0.556229
0.482629
0.475842
0.544959
0.358819
0.601827
0.455532
0.525445
0.604037
0.640402
0.485712
0.328159
0.533246
0.555649
0.564091
0.511483
0.330226
0.586559
0.281274
0.572569
0.51979
0.53979
0.423338
0.407832
0.426708
0.649989
0.487822
0.537529
0.432186
0.441848
0.499799
0.521511
0.528893
0.605596
0.489168
0.450241
0.486702
0.356151
0.627615
0.354761
0.431531
0.543262
0.583503
0.369776
0.412104
0.288201
0.509863
0.500859
0.550363
0.579166
0.49527
0.576679
0.308242
0.633984
0.551077
0.507572
0.499775
0.561287
0.394319
0.530686
0.621282
0.54273
0.61362
0.495028
0.520997
0.52396
0.446378
0.351816
0.446922
0.363731
0.36871
0.488846
0.627649
0.666036
0.496633
0.631754
0.532547
0.421811
0.466896
0.512559
0.40743
0.388414
0.420142
0.424518
0.325817
0.650233
0.512375
0.453301
0.515902
0.424031
0.399173
0.605579
0.586377
0.439291
0.395002
0.609236
0.392804
0.683703
0.417253
0.434319
0.507204
0.526903
0.466139
0.406468
0.587648
0.323432
0.644877
0.346105
0.517655
0.658695
0.563089
0.616315
0.730259
0.46973
0.608071
0.437836
0.529666
0.546833
0.578462
0.485963
0.429905
0.536418
0.380724
0.497403
0.482116
0.404768
0.440409
0.491298
0.541166
0.67334
0.392529
0.526063
0.531747
0.494402
0.565191
0.627586
0.528707
0.534138
0.367678
0.620462
0.463968
0.51968
0.634661
0.504337
0.334221
0.479672
0.470345
0.471932
0.558109
0.547807
0.445952
0.478826
0.353223
0.548563
0.688914
0.474381
0.355781
0.598231
0.581618
0.528129
0.532742
0.482595
0.63999
0.335166
0.446099
0.503762
0.427981
0.463035
0.609477
0.66376
0.358136
0.512993
0.418558
0.434525
0.481439
0.605698
0.375354
0.488313
0.617072
0.323546
0.46423
0.625861
0.469795
0.511193
0.389426
0.653168
0.433849
0.453044
0.546252
0.572759
0.517635
0.651428
0.450491
0.607503
0.558777
0.496136
0.588444
0.358822
0.428034
0.455445
0.397404
0.516255
0.507783
0.627681
0.534764
0.625002
0.413214
0.408861
0.358902
0.462589
0.598318
0.647319
0.553225
0.58939
0.328387
0.543907
0.448897
0.451467
0.559563
0.476473
0.379482
0.346367
0.579851
0.498145
0.535917
0.565671
0.381349
0.476785
0.356562
0.407283
0.475522
0.516568
0.435018
0.394666
0.442746
0.456285
0.646976
0.554717
0.482442
0.480053
0.461191
0.462271
0.424113
0.375376
0.663817
0.33023
0.473867
0.519979
0.34383
0.535489
0.667075
0.675793
0.353449
0.529386
0.480503
0.559246
0.509092
0.565758
0.449619
0.597352
0.529175
0.482517
0.576639
0.51309
0.410507
0.491869
0.532493
0.3666
0.370563
0.409192
0.438185
0.530729
0.607795
0.481654
0.485385
0.432689
0.568617
0.49581
0.335925
0.526179
0.642343
0.469603
0.511315
0.431153
0.530678
0.371402
0.61508
0.415353
0.539332
0.337799
0.412626
0.480715
0.433854
0.422635
0.572964
0.403781
0.595772
0.537369
0.592762
0.49857
0.597898
0.381495
0.381542
0.467343
0.431187
0.322337
0.41911
0.55001
0.469795
0.451738
0.546665
0.656919
0.630493
0.382662
0.399433
0.575929
0.328536
0.409872
0.550875
0.424701
0.39179
0.264859
0.458367
0.501625
0.484455
0.660166
0.539003
0.547926
0.635954
0.574639
0.50432
0.442006
0.513595
0.639187
0.643665
0.492209
0.515037
0.247425
0.41423
0.609366
0.490522
0.533355
0.473935
0.510989
0.523608
0.541757
0.583515
0.484993
0.543325
0.614835
0.551583
0.542093
0.448518
0.483008
0.608429
0.44145
0.487134
0.439664
0.49669
0.53689
0.548768
0.547272
0.512728
0.512407
0.521025
0.434478
0.382806
0.460696
0.47092
0.548059
0.435526
0.502218
0.519291
0.603354
0.444457
0.518771
0.516778
0.641019
0.430507
0.467106
0.549062
0.430506
0.639556
0.583713
0.408522
0.539888
0.4689
0.471555
0.508799
0.524849
0.635952
0.500529
0.350985
0.472521
0.488286
0.260448
0.631469
0.480732
0.411674
0.594565
0.452713
0.404343
0.410812
0.422988
0.624366
0.51238
0.487255
0.434801
0.669816
0.553435
0.440878
0.454171
0.554108
0.347634
0.44321
0.319328
0.501152
0.473498
0.571986
0.57579
0.476176
0.468932
0.606613
0.59616
0.56313
0.478337
0.589221
0.408817
0.586003
0.482564
0.413552
0.393874
0.51182
0.569419
0.608617
0.630054
0.348131
0.454687
0.538907
0.516575
0.428548
0.516427
0.466877
0.460523
0.451245
0.574308
0.559354
0.366609
0.42747
0.405065
0.489204
0.401359
0.512297
0.321796
0.472683
0.637437
0.532809
0.460749
0.571462
0.509249
0.515645
0.487879
0.662796
0.533817
0.444565
0.445425
0.509368
0.538349
0.642203
0.490077
0.638393
0.634464
0.449311
0.602716
0.337623
0.461631
0.594936
0.603138
0.502072
0.353584
0.644532
0.572729
0.614586
0.555232
0.555554
0.497025
0.508633
0.530333
0.453001
0.603369
0.535985
0.495845
0.521108
0.507618
0.578655
0.386953
0.495166
0.4146
0.609331
0.516044
0.570658
0.598996
0.442289
0.324233
0.547288
0.509457
0.626755
0.419348
0.567503
0.443819
0.560323
0.710949
0.525991
0.410637
0.516961
0.577927
0.521737
0.566527
0.463646
0.545916
0.523196
0.473807
0.413437
0.371429
0.567548
0.386146
0.516804
0.472532
0.598586
0.523528
0.418037
0.365131
0.426312
0.46545
0.472123
0.434616
0.460986
0.415117
0.360233
0.421433
0.536188
0.511506
0.544715
0.445633
0.20997
0.357019
0.547835
0.491677
0.684518
0.507484
0.613213
0.390706
0.345925
0.461736
0.489323
0.448887
0.657064
0.398334
0.417266
0.626732
0.52371
0.436369
0.495996
0.497785
0.457856
0.467934
0.590846
0.362086
0.524589
0.697398
0.532551
0.424236
0.661767
0.510361
0.565196
0.304719
0.464778
0.425984
0.420405
0.360727
0.660832
0.577736
0.410658
0.465838
0.391572
0.556059
0.334964
0.436325
0.509848
0.530489
0.426253
0.370587
0.515889
0.433661
0.567998
0.611407
0.409346
0.307145
0.546114
0.605858
0.491826
0.372343
0.505571
0.445698
0.494478
0.456668
0.465071
0.375562
0.346523
0.503837
0.328546
0.59644
0.418541
0.490932
0.59527
0.341811
0.429824
0.629551
0.608724
0.472475
0.577673
0.473981
0.545365
0.409898
0.491774
0.500014
0.461562
0.538804
0.346607
0.435098
0.425482
0.368445
0.593354
0.414786
0.611312
0.56593
0.576013
0.475093
0.429412
0.572372
0.543951
0.65337
0.554383
0.42722
0.327203
0.595433
0.543779
0.626263
0.41674
0.531449
0.661959
0.492423
0.552564
0.527663
0.290802
0.489957
0.533782
0.727073
0.516491
0.562887
0.397358
0.626206
0.504723
0.568443
0.50453
0.544409
0.436346
0.541612
0.592445
0.60152
0.400789
0.480632
0.407334
0.67232
0.406016
0.445212
0.405531
0.506069
0.461346
0.682244
0.551462
0.585846
0.442504
0.475933
0.44871
0.639362
0.60451
0.641647
0.478246
0.325773
0.502133
0.385882
0.320792
0.561953
0.530882
0.587498
0.396156
0.488416
0.469203
0.498959
0.640595
0.383484
0.389532
0.593376
0.46974
0.454749
0.371898
0.402209
0.5084
0.441717
0.534815
0.401833
0.532406
0.571496
0.599579
0.35704
0.508367
0.486778
0.401884
0.524576
0.277807
0.632355
0.576942
0.496163
0.514641
0.697013
0.547708
0.519447
0.531356
0.561243
0.442299
0.481405
0.578153
0.519089
0.593208
0.477132
0.52606
0.556549
0.441684
0.493636
0.608981
0.404308
0.493348
0.628189
0.568048
0.526332
0.489327
0.523353
0.439615
0.364328
0.334108
0.457972
0.428716
0.541411
0.566946
0.647309
0.479839
0.482336
0.614669
0.459097
0.418036
0.427382
0.519196
0.575061
0.371064
0.370718
0.637877
0.546707
0.56248
0.667408
0.541305
0.509996
0.441742
0.479301
0.507805
0.614384
0.454313
0.492256
0.402331
0.411452
0.397125
0.421656
0.506499
0.668734
0.485956
0.469084
0.311548
0.617425
0.458149
0.578443
0.654548
0.379747
0.511523
0.597789
0.401011
0.556061
0.443787
0.385792
0.618921
0.365636
0.55414
0.528264
0.31935
0.492258
0.325283
0.334678
0.455911
0.500139
0.356953
0.515674
0.483975
0.656816
0.298095
0.41671
0.387597
0.516273
0.540293
0.589618
0.481222
0.565192
0.753828
0.510633
0.571249
0.385788
0.408155
0.701286
0.265517
0.528535
0.532105
0.408942
0.445515
0.402662
0.462624
0.485266
0.565515
0.746433
0.334741
0.324375
0.48822
0.357628
0.562518
0.556064
0.484561
0.706502
0.407538
0.698861
0.536142
0.76097
0.318344
0.497112
0.56754
0.551102
0.569763
0.459358
0.547748
0.521755
0.5918
0.477988
0.435031
0.460662
0.521259
0.564298
0.343747
0.593175
0.561772
0.591413
0.745148
0.616241
0.512945
0.400046
0.552367
0.49126
0.529923
0.4411
0.539649
0.438895
0.347481
0.544936
0.429594
0.439134
0.467343
0.355545
0.383916
0.532121
0.445769
0.62779
0.570266
0.470289
0.562579
0.487837
0.669043
0.602345
0.648582
0.441891
0.539453
0.574481
0.385183
0.448659
0.681156
0.486123
0.578803
0.384036
0.416539
0.582652
0.519139
0.58038
0.482794
0.363045
0.632895
0.499036
0.588002
0.570974
0.478582
0.596838
0.307805
0.529237
0.662746
0.682611
0.698916
0.598064
0.415343
0.420569
0.589598
0.570093
0.478379
0.501212
0.574272
0.553266
0.526655
0.705989
0.531919
0.363852
0.52705
0.565177
0.569912
0.541512
0.503129
0.616321
0.512917
0.510817
0.530701
0.654589
0.644815
0.561972
0.439099
0.458492
0.573247
0.591567
0.371516
0.550736
0.48401
0.553068
0.550806
0.547623
0.316701
0.548426
0.433326
0.558643
0.522736
0.507758
0.588021
0.453535
0.572227
0.487384
0.396528
0.354413
0.605798
0.616007
0.671315
0.516422
0.439206
0.42597
0.550647
0.577579
0.492245
0.588947
0.506826
0.486033
0.661281
0.531535
0.581628
0.3612
0.328408
0.471585
0.421126
0.529227
0.601007
0.396877
0.571949
0.309339
0.547627
0.534101
0.577447
0.328099
0.533238
0.510554
0.390104
0.531402
0.563203
0.455456
0.463482
0.490623
0.525407
0.435794
0.426682
0.513168
0.534415
0.524644
0.456307
0.636234
0.631488
0.557314
0.355721
0.559656
0.367764
0.493632
0.594428
0.584719
0.497416
0.592895
0.545265
0.413198
0.375328
0.603123
0.450446
0.406703
0.424038
0.552732
0.614837
0.484131
0.486997
0.372782
0.528171
0.451216
0.476195
0.477466
0.545041
0.399843
0.482661
0.46001
0.626052
0.439935
0.499603
0.59708
0.464587
0.610171
0.511715
0.574066
0.44348
0.457209
0.592818
0.578749
0.669919
0.492421
0.308281
0.433023
0.676954
0.398577
0.503114
0.491521
0.620335
0.607845
0.527479
0.409189
0.608701
0.486591
0.631347
0.621112
0.370517
0.611856
0.371987
0.427759
0.464989
0.468565
0.488618
0.478051
0.476216
0.316594
0.587767
0.463909
0.516537
0.552066
0.39651
0.479954
0.346047
0.567271
0.563962
0.49903
0.521266
0.549762
0.590211
0.46911
0.436499
0.506976
0.484846
0.648946
0.578126
0.585258
0.507134
0.38103
0.409505
0.613764
0.43191
0.51911
0.464107
0.612919
0.409094
0.520727
0.577268
0.54627
0.672227
0.493796
0.485142
0.437348
0.603227
0.497659
0.540448
0.46335
0.574004
0.508463
0.497167
0.445258
0.636213
0.40254
0.419839
0.434522
0.506159
0.512087
0.505252
0.613114
0.527393
0.416157
0.581937
0.556589
0.650881
0.534217
0.496982
0.491711
0.50437
0.520985
0.50859
0.43583
0.542038
0.476387
0.526645
0.490366
0.573997
0.360526
0.498108
0.532344
0.546972
0.335971
0.408852
0.586761
0.556621
0.615716
0.366005
0.678106
0.449134
0.333449
0.447526
0.398611
0.567332
0.50615
0.342242
0.397217
0.597052
0.537081
0.428262
0.562636
0.654598
0.505833
0.604034
0.398885
0.586407
0.619126
0.394022
0.445133
0.37122
0.715837
0.505289
0.408562
0.639842
0.513021
0.5161
0.71054
0.564136
0.486273
0.521676
0.526151
0.371422
0.448327
0.524321
0.509716
0.556913
0.591817
0.3247
0.520349
0.378247
0.472235
0.611081
0.401066
0.398965
0.616808
0.515229
0.595134
0.678907
0.725244
0.311309
0.42627
0.424764
0.50471
0.550972
0.515594
0.498467
0.607465
0.495681
0.425154
0.45715
0.394649
0.517932
0.51606
0.441814
0.54603
0.458833
0.481666
0.455182
0.434653
0.440013
0.396481
0.624851
0.634999
0.502017
0.597749
0.451352
0.615447
0.53337
0.50275
0.429884
0.661254
0.44875
0.667605
0.511816
0.366966
0.431161
0.414015
0.459297
0.638439
0.392759
0.500172
0.545056
0.554075
0.588826
0.504295
0.486446
0.586105
0.412125
0.611555
0.470608
0.397046
0.372723
0.412278
0.522
0.529747
0.587774
0.573685
0.446748
0.485853
0.497448
0.563122
0.377004
0.445053
0.481717
0.367985
0.681664
0.435213
0.517118
0.578527
0.526055
0.458409
0.542105
0.479963
0.570087
0.559419
0.504962
0.560765
0.588243
0.256401
0.483378
0.610387
0.408167
0.510178
0.564625
0.469075
0.391109
0.571679
0.583105
0.505848
0.487885
0.432347
0.472905
0.412553
0.545214
0.534022
0.541659
0.43912
0.372426
0.364956
0.550384
0.48878
0.479864
0.483962
0.509778
0.677606
0.457476
0.39661
0.564551
0.421623
0.592107
0.639826
0.413292
0.390178
0.617464
0.575174
0.474439
0.355007
0.579162
0.522621
0.542165
0.313335
0.59658
0.572034
0.466603
0.461012
0.698805
0.643437
0.448448
0.541367
0.43774
0.330182
0.486182
0.618102
0.201114
0.618585
0.578251
0.641049
0.506582
0.576725
0.480146
0.428404
0.449038
0.550976
0.707713
0.465166
0.471217
0.627809
0.525242
0.43641
0.515778
0.390894
0.301953
0.443226
0.53146
0.47583
0.602302
0.564023
0.566824
0.513149
0.420523
0.454505
0.312577
0.562871
0.554617
0.474436
0.571443
0.489453
0.644535
0.564539
0.601845
0.603302
0.459163
0.545861
0.460433
0.438538
0.591878
0.617725
0.439794
0.402105
0.54925
0.307072
0.519577
0.555011
0.546744
0.428203
0.337868
0.500208
0.701976
0.575152
0.593851
0.503073
0.385736
0.476374
0.681466
0.457043
0.473731
0.454711
0.508046
0.542065
0.553155
0.34006
0.452069
0.474007
0.580609
0.509541
0.592738
0.431725
0.564097
0.492982
0.237716
0.637315
0.30258
0.464973
0.443726
0.515099
0.381575
0.591369
0.502953
0.433072
0.511198
0.473927
0.553016
0.496762
0.495497
0.367988
0.363785
0.625219
0.523782
0.371823
0.442109
0.400309
0.668455
0.454862
0.440935
0.502819
0.51159
0.443693
0.616525
0.678883
0.375107
0.463961
0.308257
0.513131
0.675243
0.609392
0.419554
0.411596
0.531092
0.590746
0.442665
0.556997
0.638402
0.538173
0.53602
0.489091
0.801352
0.381721
0.589981
0.43084
0.429277
0.424106
0.382748
0.516086
0.47292
0.386716
0.563122
0.54467
0.563564
0.600651
0.629423
0.415643
0.462153
0.408608
0.567273
0.339244
0.469347
0.585136
0.469474
0.46573
0.343086
0.426384
0.634949
0.516644
0.450589
0.583816
0.448871
0.549732
0.607179
0.537273
0.561488
0.554558
0.306759
0.575871
0.701831
0.432065
0.480977
0.675291
0.481522
0.429137
0.406209
0.457025
0.430015
0.573827
0.487177
0.431763
0.490191
0.438824
0.507237
0.564619
0.617344
0.449345
0.432777
0.361595
0.446084
0.565002
0.414661
0.536499
0.496829
0.586274
0.393328
0.638645
0.511921
0.46939
0.433611
0.489301
0.510215
0.496567
0.508407
0.545157
0.519581
0.499217
0.447491
0.543707
0.581559
0.37436
0.48106
0.45317
0.588521
0.439537
0.508439
0.627112
0.636778
0.420668
0.334621
0.657958
0.46834
0.516677
0.524061
0.365121
0.378249
0.523687
0.558481
0.399583
0.353114
0.355544
0.550988
0.308198
0.721472
0.647727
0.360699
0.461159
0.593919
0.360851
0.466642
0.592496
0.467422
0.521463
0.563912
0.52057
0.422966
0.541217
0.534825
0.485926
0.619151
0.381734
0.335006
0.430678
0.454943
0.451135
0.304012
0.34794
0.564387
0.606528
0.535025
0.672358
0.426917
0.489056
0.387514
0.480083
0.444941
0.491439
0.586244
0.469923
0.466817
0.437866
0.427188
0.429103
0.569126
0.497283
0.462721
0.570525
0.603835
0.479661
0.571518
0.430069
0.647184
0.533897
0.500085
0.484443
0.618052
0.519119
0.560885
0.606522
0.385047
0.451716
0.318671
0.531594
0.534563
0.513291
0.398508
0.314991
0.290558
0.486228
0.417318
0.483177
0.593144
0.502179
0.434419
0.335816
0.485056
0.4708
0.382061
0.626387
0.53083
0.573121
0.597681
0.445922
0.603934
0.39728
0.457962
0.341199
0.442524
0.400784
0.325604
0.510212
0.56051
0.483182
0.446313
0.589889
0.414958
0.575837
0.394689
0.480817
0.463027
0.486442
0.518838
0.459839
0.45688
0.515123
0.585931
0.39313
0.51157
0.584934
0.359227
0.418972
0.479064
0.429551
0.555793
0.458398
0.586005
0.597416
0.442276
0.292715
0.459496
0.442992
0.309045
0.55501
0.365989
0.439208
0.473274
0.515693
0.57656
0.634569
0.477793
0.364739
0.322244
0.526519
0.418189
0.507973
0.554442
0.483168
0.476541
0.586603
0.609814
0.444144
0.487033
0.505516
0.417684
0.607884
0.489526
0.776319
0.415128
0.568002
0.435692
0.565091
0.428459
0.363594
0.471481
0.407506
0.61174
0.447841
0.552116
0.568339
0.508986
0.676542
0.520499
0.746493
0.498196
0.464773
0.638243
0.652823
0.43434
0.606162
0.292602
0.481753
0.619287
0.385089
0.505145
0.742282
0.566551
0.537477
0.441213
0.353814
0.245211
0.544039
0.559825
0.608593
0.555636
0.547697
0.631383
0.563071
0.488285
0.578691
0.412473
0.446595
0.543939
0.563944
0.542176
0.469239
0.462829
0.387167
0.597563
0.511479
0.574268
0.469092
0.471797
0.496866
0.441325
0.491012
0.475638
0.426793
0.46313
0.595395
0.405032
0.585403
0.417112
0.564949
0.632048
0.438369
0.57571
0.481083
0.507086
0.58349
0.395258
0.461355
0.382289
0.369608
0.557309
0.529277
0.294429
0.490524
0.461192
0.631909
0.477414
0.62884
0.5628
0.615623
0.552668
0.562625
0.578364
0.467887
0.539815
0.566058
0.505766
0.556115
0.415102
0.325591
0.650699
0.547166
0.530358
0.396494
0.453152
0.567338
0.470634
0.368483
0.50906
0.506767
0.430191
0.404996
0.616036
0.49776
0.497109
0.570567
0.476628
0.476099
0.427738
0.548306
0.439126
0.357174
0.317235
0.442124
0.471302
0.464818
0.484159
0.499156
0.648592
0.36729
0.356964
0.412876
0.41064
0.599857
0.441866
0.284929
0.667674
0.524373
0.509494
0.618366
0.503578
0.465898
0.698544
0.416932
0.580464
0.375467
0.51359
0.303436
0.447776
0.394253
0.481492
0.579529
0.482627
0.5861
0.440957
0.442739
0.427509
0.405344
0.676072
0.410308
0.544862
0.43538
0.402387
0.461984
0.440914
0.590255
0.644696
0.481796
0.583251
0.466776
0.452563
0.500138
0.323164
0.530968
0.584131
0.500013
0.37105
0.470531
0.528051
0.49225
0.462628
0.642696
0.430865
0.340537
0.549759
0.502671
0.545497
0.43555
0.384459
0.696124
0.58951
0.4713
0.535826
0.544238
0.466432
0.417083
0.35213
0.636501
0.513918
0.442649
0.466349
0.549308
0.499788
0.486666
0.675053
0.619561
0.497759
0.603643
0.366571
0.576236
0.637061
0.613596
0.537172
0.467115
0.438948
0.708519
0.437402
0.559166
0.521675
0.411927
0.42689
0.586089
0.488812
0.464249
0.518624
0.508951
0.653532
0.523709
0.314002
0.569893
0.450962
0.499786
0.387927
0.582837
0.521651
0.525808
0.553048
0.615866
0.466963
0.419269
0.52082
0.625201
0.372419
0.608712
0.533366
0.296839
0.380334
0.61997
0.590153
0.539674
0.402118
0.45958
0.550223
0.641899
0.502813
0.41446
0.502724
0.549005
0.48419
0.42434
0.436928
0.450111
0.520574
0.731579
0.508428
0.460935
0.550471
0.59108
0.521509
0.446152
0.544118
0.324693
0.453142
0.400966
0.399715
0.479242
0.67547
0.415308
0.529784
0.559118
0.462287
0.545433
0.555136
0.48197
0.608116
0.461245
0.570236
0.503474
0.574365
0.550233
0.529537
0.55294
0.382001
0.569676
0.667158
0.532078
0.468049
0.679287
0.63487
0.436645
0.397158
0.574129
0.329975
0.53874
0.600467
0.454774
0.501708
0.700404
0.406052
0.412412
0.547652
0.576716
0.654271
0.617247
0.5516
0.45062
0.465108
0.581157
0.546295
0.473762
0.638678
0.604982
0.529177
0.509889
0.417402
0.549431
0.653171
0.590642
0.383047
0.504107
0.433073
0.446112
0.569551
0.474274
0.653665
0.419338
0.561029
0.551834
0.577875
0.583424
0.38157
0.485232
0.553506
0.6017
0.484478
0.653274
0.494022
0.556483
0.40914
0.36224
0.457369
0.309285
0.536159
0.657341
0.46207
0.475471
0.413125
0.419194
0.475218
0.557933
0.491183
0.439374
0.488217
0.645623
0.338738
0.357697
0.419148
0.784078
0.528214
0.435199
0.645534
0.486844
0.474799
0.543296
0.464481
0.457324
0.634135
0.523225
0.527543
0.483735
0.473395
0.597026
0.41819
0.492503
0.52777
0.529208
0.338052
0.312833
0.607799
0.365465
0.559511
0.502216
0.334335
0.621189
0.585638
0.420487
0.468606
0.525671
0.494668
0.460023
0.518959
0.47007
0.661378
0.457127
0.468207
0.540324
0.344561
0.552993
0.434358
0.47669
0.480313
0.28091
0.650556
0.438674
0.437419
0.437589
0.44906
0.453717
0.305605
0.640956
0.431507
0.351627
0.372776
0.477119
0.591684
0.531884
0.644833
0.657924
0.58422
0.310745
0.671344
0.611221
0.366645
0.548123
0.306585
0.540603
0.627754
0.474601
0.465486
0.255589
0.366763
0.574147
0.601115
0.372513
0.431906
0.422836
0.636149
0.424168
0.650227
0.474437
0.576714
0.390905
0.556973
0.425265
0.623474
0.543942
0.356115
0.533793
0.457848
0.520791
0.363371
0.399679
0.585191
0.550175
0.458084
0.460701
0.418494
0.45337
0.479806
0.484019
0.351122
0.31996
0.545949
0.524204
0.436818
0.407066
0.442071
0.544139
0.338789
0.382588
0.336042
0.47823
0.609393
0.62282
0.484703
0.335668
0.441244
0.456158
0.458644
0.554092
0.486569
0.546014
0.544629
0.633731
0.321613
0.50836
0.358388
0.45365
0.621457
0.419505
0.475903
0.585483
0.683081
0.342801
0.42954
0.462971
0.518963
0.388139
0.473525
0.531531
0.335343
0.498979
0.492729
0.338114
0.4792
0.423702
0.572116
0.585623
0.598728
0.600255
0.528197
0.702714
0.589481
0.558103
0.466806
0.489355
0.515101
0.279757
0.238474
0.521894
0.450339
0.476792
0.409032
0.616666
0.418427
0.584215
0.529291
0.419394
0.483262
0.563381
0.490729
0.471566
0.488208
0.398396
0.536339
0.429197
0.445244
0.46444
0.44458
0.5551
0.537003
0.540738
0.44696
0.524132
0.500921
0.512987
0.545111
0.478507
0.502624
0.710157
0.441873
0.479584
0.474015
0.445867
0.475704
0.642534
0.489052
0.457878
0.508617
0.503776
0.628505
0.469442
0.610485
0.500917
0.675799
0.619237
0.561563
0.465715
0.429675
0.51294
0.581618
0.568461
0.436263
0.396711
0.5607
0.591393
0.606499
0.456962
0.514468
0.742359
0.644288
0.574172
0.640014
0.523037
0.561983
0.45765
0.592369
0.487821
0.376807
0.438276
0.538478
0.431327
0.509988
0.497147
0.554563
0.545888
0.632434
0.522955
0.467504
0.656907
0.36805
0.461282
0.63021
0.396234
0.47631
0.565266
0.336224
0.651578
0.48158
0.547833
0.505273
0.482733
0.460989
0.503665
0.393735
0.435735
0.383817
0.451051
0.504971
0.334671
0.522407
0.524597
0.618679
0.308243
0.670671
0.380025
0.573245
0.50496
0.391857
0.539355
0.53422
0.436151
0.582084
0.610704
0.587519
0.391673
0.525003
0.470104
0.534433
0.674103
0.694131
0.511785
0.645161
0.489292
0.416719
0.31359
0.379639
0.353342
0.430925
0.493798
0.525783
0.467735
0.479519
0.474198
0.429672
0.540597
0.535363
0.504548
0.563112
0.559764
0.46645
0.541749
0.45852
0.689965
0.551227
0.673721
0.461447
0.511394
0.485883
0.684095
0.482619
0.664473
0.59038
0.436766
0.708136
0.58058
0.387277
0.624945
0.464973
0.566832
0.560209
0.580507
0.633546
0.668454
0.451175
0.612767
0.576746
0.537609
0.639033
0.383217
0.53374
0.356289
0.411371
0.369654
0.423923
0.54328
0.504129
0.505104
0.58385
0.565056
0.539795
0.485353
0.612117
0.39336
0.350107
0.52738
0.487554
0.646577
0.366902
0.611995
0.526679
0.486438
0.299234
0.432021
0.54337
0.464333
0.348239
0.378378
0.554389
0.450296
0.546995
0.635801
0.385043
0.550368
0.481822
0.423013
0.778396
0.454339
0.34993
0.568887
0.406304
0.482427
0.410965
0.379902
0.561467
0.57514
0.433622
0.313506
0.470787
0.597349
0.365094
0.662125
0.498319
0.490921
0.482445
0.45167
0.420663
0.417574
0.48476
0.390302
0.495501
0.509233
0.510875
0.384575
0.519151
0.292051
0.674049
0.648272
0.248802
0.607
0.681087
0.486527
0.626922
0.374212
0.329727
0.491498
0.540801
0.466013
0.612917
0.500085
0.432297
0.421119
0.399507
0.556744
0.547581
0.413918
0.465624
0.472523
0.361276
0.540682
0.499903
0.618734
0.563004
0.497438
0.5529
0.525519
0.384821
0.569328
0.379746
0.39224
0.521325
0.598589
0.441069
0.513915
0.562486
0.569834
0.47965
0.42223
0.429726
0.520653
0.516173
0.462941
0.442936
0.611423
0.451745
0.512231
0.609901
0.42239
0.606668
0.543634
0.418363
0.539416
0.441219
0.428918
0.608968
0.487563
0.471814
0.394531
0.562015
0.611229
0.54762
0.378526
0.5539
0.467719
0.501559
0.534168
0.54995
0.391126
0.536422
0.420741
0.521959
0.485828
0.515762
0.446174
0.656284
0.623872
0.422733
0.3635
0.462582
0.490808
0.517737
0.420508
0.561155
0.327367
0.492384
0.460465
0.664233
0.550674
0.619764
0.432003
0.510535
0.44152
0.639814
0.418009
0.352579
0.707492
0.323967
0.477485
0.534211
0.512069
0.571972
0.587399
0.546028
0.623188
0.492814
0.657871
0.418728
0.728467
0.351675
0.540121
0.453739
0.51443
0.340225
0.439799
0.302269
0.536111
0.549196
0.420357
0.504177
0.507633
0.499899
0.519617
0.439107
0.353718
0.485322
0.471527
0.388122
0.487476
0.647712
0.474374
0.589162
0.392747
0.663057
0.491027
0.357222
0.560152
0.539383
0.486074
0.471381
0.511283
0.503316
0.666329
0.454625
0.488767
0.648431
0.461198
0.686962
0.470257
0.460857
0.557464
0.503297
0.304621
0.542528
0.359884
0.528547
0.54049
0.460171
0.492845
0.532677
0.553228
0.532139
0.58916
0.651652
0.461184
0.468347
0.398632
0.479465
0.338927
0.346011
0.665116
0.535976
0.46393
0.52819
0.368692
0.478065
0.454887
0.598314
0.440198
0.474202
0.408858
0.633721
0.460621
0.516336
0.440075
0.419865
0.497844
0.660536
0.589228
0.431168
0.421253
0.552896
0.467572
0.379729
0.476053
0.50789
0.4289
0.393555
0.570492
0.42491
0.522757
0.670416
0.490803
0.34207
0.4336
0.490379
0.589927
0.411844
0.351599
0.504681
0.380281
0.491421
0.493565
0.600527
0.501423
0.434506
0.418637
0.448446
0.440587
0.509832
0.677627
0.503206
0.557745
0.6112
0.69748
0.66685
0.396346
0.503702
0.478292
0.453981
0.487249
0.352946
0.450646
0.484144
0.465491
0.399525
0.589045
0.30449
0.545
0.454122
0.559017
0.47364
0.374798
0.456571
0.443416
0.52397
0.594117
0.459393
0.507122
0.430676
0.516115
0.319104
0.439563
0.5359
0.354928
0.656725
0.414631
0.396782
0.619162
0.525541
0.556379
0.428541
0.468357
0.413924
0.528191
0.523318
0.33395
0.330766
0.680518
0.549806
0.490583
0.524402
0.545547
0.482216
0.43496
0.445431
0.561128
0.460089
0.522708
0.529209
0.505259
0.57277
0.538747
0.531391
0.757017
0.484143
0.470897
0.476254
0.374104
0.589182
0.549857
0.645911
0.504111
0.588012
0.701189
0.517719
0.505615
0.500748
0.302478
0.543053
0.735215
0.462388
0.540737
0.659219
0.483544
0.465283
0.591554
0.499684
0.453011
0.591625
0.562926
0.521358
0.523806
0.463829
0.285221
0.370089
0.459763
0.561852
0.508334
0.492442
0.592843
0.376013
0.510049
0.587321
0.587865
0.528618
0.342143
0.557035
0.45545
0.522884
0.337848
0.508392
0.502512
0.428533
0.512616
0.446621
0.55552
0.477091
0.51078
0.51723
0.385579
0.503865
0.566379
0.437151
0.526121
0.423758
0.351485
0.514516
0.378439
0.496406
0.624413
0.318436
0.62077
0.514286
0.38844
0.450502
0.533795
0.455493
0.650523
0.65004
0.546222
0.573861
0.491587
0.490208
0.582541
0.450232
0.384885
0.482114
0.514563
0.640756
0.577919
0.557426
0.39052
0.571013
0.507925
0.640924
0.649054
0.516306
0.433201
0.397598
0.388269
0.622789
0.758148
0.604726
0.620556
0.395601
0.399914
0.566757
0.425036
0.645874
0.438504
0.432315
0.431317
0.480685
0.534863
0.467861
0.674269
0.530259
0.524359
0.466536
0.591787
0.517002
0.517442
0.704317
0.574622
0.444028
0.535085
0.569013
0.563896
0.579912
0.528415
0.673132
0.514793
0.485727
0.547182
0.567587
0.637286
0.482683
0.394908
0.500278
0.695907
0.60742
0.493123
0.355993
0.467539
0.676656
0.32525
0.680774
0.40329
0.551497
0.53061
0.622146
0.544817
0.404392
0.52639
0.491997
0.591908
0.403644
0.561703
0.369929
0.361233
0.642525
0.359084
0.605766
0.480887
0.447318
0.564479
0.517242
0.405529
0.468664
0.432327
0.562788
0.496389
0.5215
0.578739
0.467287
0.594069
0.321688
0.617178
0.47638
0.361889
0.438136
0.529723
0.481284
0.55962
0.522339
0.30574
0.577747
0.557843
0.536961
0.311541
0.52048
0.397146
0.467454
0.404953
0.663154
0.49697
0.579317
0.580282
0.510723
0.492902
0.483107
0.444828
0.503884
0.551314
0.634818
0.41111
0.676207
0.426655
0.388349
0.604978
0.480801
0.495975
0.334739
0.371824
0.527731
0.311972
0.399899
0.553026
0.350973
0.55247
0.460548
0.460903
0.468486
0.524435
0.379398
0.259825
0.658572
0.399382
0.471469
0.466588
0.544854
0.712077
0.527005
0.267535
0.47943
0.366826
0.655781
0.412553
0.452321
0.510622
0.639662
0.528835
0.448322
0.472588
0.729374
0.558896
0.569551
0.643292
0.460531
0.331244
0.602528
0.368232
0.685393
0.478162
0.621571
0.566163
0.538811
0.422955
0.354586
0.414651
0.652918
0.486821
0.470858
0.506876
0.435611
0.72904
0.539104
0.412436
0.60277
0.652625
0.579449
0.618805
0.471252
0.425675
0.635075
0.511708
0.480798
0.476031
0.55591
0.504285
0.531362
0.413063
0.733379
0.37728
0.479836
0.492442
0.325204
0.612352
0.508851
0.587991
0.49092
0.438046
0.554348
0.626738
0.508494
0.365677
0.61474
0.290485
0.512721
0.510928
0.451664
0.333334
0.60108
0.494426
0.509506
0.578851
0.364252
0.523446
0.40332
0.676309
0.513627
0.398063
0.425203
0.49847
0.654441
0.52243
0.586159
0.499522
0.378645
0.571382
0.561028
0.599065
0.481154
0.473709
0.492134
0.577581
0.437721
0.637153
0.534202
0.467326
0.314436
0.623043
0.290102
0.42108
0.510143
0.548216
0.448794
0.413446
0.504676
0.530607
0.459209
0.554151
0.448641
0.422008
0.63604
0.359716
0.453977
0.439695
0.43057
0.452822
0.517055
0.659001
0.593022
0.410547
0.460179
0.657789
0.467687
0.549359
0.546729
0.44132
0.679525
0.575922
0.49383
0.514051
0.339
0.389882
0.486143
0.559333
0.410188
0.570971
0.598545
0.502571
0.543082
0.517913
0.633388
0.433067
0.575687
0.575868
0.430064
0.522099
0.507537
0.649113
0.471161
0.560152
0.520791
0.380924
0.431274
0.491805
0.58755
0.57672
0.604514
0.339795
0.461839
0.449765
0.56563
0.559613
0.38002
0.562307
0.542355
0.503551
0.464874
0.412472
0.582647
0.535587
0.498966
0.443941
0.516494
0.564209
0.472952
0.488926
0.538203
0.420058
0.680392
0.46161
0.469943
0.546379
0.523354
0.570495
0.630642
0.445715
0.386557
0.589149
0.561065
0.61211
0.471982
0.56439
0.521132
0.309898
0.48273
0.4828
0.371232
0.529428
0.316482
0.48196
0.516207
0.531319
0.315623
0.620248
0.468011
0.695923
0.569008
0.570419
0.56876
0.521116
0.654128
0.510641
0.419303
0.370378
0.418117
0.524692
0.502887
0.524326
0.402424
0.528069
0.449726
0.597054
0.572297
0.679412
0.420917
0.638855
0.418584
0.273423
0.481238
0.509688
0.510664
0.568974
0.417253
0.410002
0.607672
0.440845
0.397926
0.414754
0.425866
0.288725
0.491117
0.566589
0.593214
0.446909
0.600752
0.449762
0.355331
0.554927
0.50373
0.476975
0.605501
0.652568
0.447044
0.491288
0.741062
0.448219
0.339926
0.472531
0.503792
0.491114
0.523096
0.464975
0.586377
0.454093
0.703162
0.323607
0.596682
0.451848
0.417537
0.549381
0.570015
0.53921
0.309758
0.391585
0.564278
0.5225
0.520902
0.499245
0.461438
0.530566
0.515271
0.453972
0.581547
0.483879
0.517571
0.423589
0.498216
0.467442
0.456026
0.640809
0.406524
0.504085
0.563191
0.473652
0.564698
0.31429
0.514789
0.389776
0.44766
0.619975
0.582946
0.69684
0.606485
0.417888
0.439106
0.435984
0.494095
0.59101
0.555887
0.489851
0.542145
0.468083
0.377577
0.627195
0.609539
0.365752
0.393038
0.555769
0.51465
0.43653
0.353535
0.600635
0.547414
0.384394
0.485616
0.436944
0.518623
0.560485
0.355419
0.642471
0.482839
0.532776
0.449493
0.468486
0.337258
0.552865
0.407785
0.707102
0.534644
0.346663
0.511847
0.384433
0.542873
0.489696
0.529111
0.474677
0.6682
0.432426
0.555996
0.335871
0.282425
0.391474
0.562695
0.521833
0.401133
0.55388
0.626541
0.591967
0.494663
0.527109
0.491637
0.555754
0.488012
0.517699
0.5223
0.421547
0.457288
0.595386
0.537211
0.429599
0.600434
0.480256
0.4149
0.531785
0.661703
0.642198
0.538348
0.57955
0.49879
0.592411
0.294109
0.412082
0.425477
0.579032
0.408172
0.351896
0.595286
0.53839
0.473279
0.556501
0.352759
0.600633
0.456303
0.505435
0.360794
0.574386
0.435234
0.551585
0.442546
0.497527
0.53764
0.55666
0.458895
0.514182
0.458174
0.58124
0.482056
0.687092
0.534765
0.568026
0.470707
0.348204
0.55678
0.557476
0.446635
0.594086
0.420333
0.628381
0.420086
0.578634
0.70006
0.456777
0.561975
0.50754
0.387802
0.516793
0.535021
0.599747
0.442162
0.630102
0.574637
0.628269
0.456697
0.442427
0.375871
0.462479
0.601994
0.476711
0.496264
0.458423
0.532275
0.542284
0.428457
0.585475
0.587782
0.298315
0.555038
0.656818
0.542821
0.456956
0.437489
0.535548
0.486349
0.673124
0.369132
0.490141
0.557265
0.447883
0.578765
0.603565
0.535481
0.59767
0.439835
0.562274
0.340466
0.561927
0.561125
0.588305
0.522921
0.510588
0.497993
0.548555
0.537724
0.601306
0.582161
0.506542
0.502673
0.554815
0.646222
0.577619
0.371708
0.330354
0.619187
0.554603
0.582353
0.519288
0.446147
0.524123
0.680437
0.358363
0.535834
0.405766
0.485932
0.475665
0.552713
0.690545
0.401525
0.414059
0.638876
0.518667
0.450253
0.477798
0.301878
0.443108
0.61547
0.366511
0.376437
0.471227
0.647711
0.573329
0.654768
0.598369
0.66632
0.253231
0.567371
0.523648
0.523711
0.568548
0.451727
0.673395
0.402854
0.386803
0.554568
0.583931
0.356703
0.469408
0.501321
0.467987
0.521405
0.639441
0.37415
0.443261
0.592945
0.674542
0.294183
0.456932
0.56513
0.344119
0.471205
0.392972
0.545
0.485578
0.438418
0.452777
0.37791
0.616381
0.642962
0.43536
0.527566
0.444124
0.538368
0.51285
0.602501
0.41223
0.557305
0.225301
0.639542
0.558414
0.486274
0.526638
0.541041
0.323756
0.548391
0.35418
0.531538
0.377691
0.449107
0.464416
0.577861
0.435958
0.50273
0.459234
0.688908
0.517663
0.513358
0.557886
0.56103
0.488337
0.611122
0.427314
0.687092
0.708181
0.324545
0.388614
0.55544
0.761816
0.564809
0.358098
0.529264
0.555113
0.583019
0.506334
0.565021
0.549785
0.461543
0.437593
0.492448
0.315682
0.576983
0.4916
0.346853
0.494578
0.577957
0.451089
0.629617
0.566689
0.526638
0.627605
0.611884
0.393458
0.408104
0.395618
0.473926
0.480769
0.396599
0.503614
0.359753
0.47737
0.335014
0.428458
0.617315
0.550887
0.618587
0.463648
0.449781
0.483668
0.61753
0.449128
0.466666
0.452339
0.399486
0.46856
0.59079
0.503685
0.568151
0.461704
0.49763
0.481937
0.512528
0.432854
0.467817
0.464553
0.607196
0.534236
0.563685
0.391904
0.411049
0.444678
0.452606
0.350886
0.61538
0.512226
0.549385
0.629086
0.567027
0.477711
0.462256
0.546482
0.513422
0.524718
0.565256
0.491254
0.533034
0.42177
0.543015
0.34207
0.529076
0.470355
0.449923
0.486234
0.514014
0.433739
0.389351
0.524172
0.353176
0.565781
0.441123
0.536366
0.491632
0.51606
0.550868
0.56579
0.562383
0.537482
0.476069
0.508808
0.443693
0.394129
0.593818
0.512289
0.554726
0.473618
0.446332
0.486066
0.380886
0.548852
0.626025
0.668631
0.56402
0.642282
0.445731
0.591867
0.422076
0.281951
0.429447
0.40018
0.530656
0.463744
0.642265
0.486501
0.546149
0.388755
0.522289
0.366129
0.539559
0.547585
0.627596
0.586889
0.424489
0.440165
0.41043
0.424694
0.487567
0.573966
0.480107
0.541305
0.427476
0.45327
0.493885
0.595514
0.432587
0.540308
0.46361
0.40572
0.540371
0.481803
0.463412
0.368711
0.461611
0.568131
0.53359
0.42489
0.397264
0.510102
0.398208
0.589491
0.522331
0.436324
0.423226
0.356159
0.461284
0.364257
0.47977
0.680357
0.446127
0.432223
0.415681
0.511801
0.340841
0.55116
0.544824
0.619229
0.489486
0.448978
0.351927
0.566552
0.415222
0.386161
0.558201
0.426738
0.625538
0.451115
0.669689
0.406474
0.568163
0.509861
0.456336
0.458586
0.469985
0.442202
0.629592
0.574909
0.469937
0.527233
0.573178
0.321235
0.423314
0.519688
0.577102
0.410285
0.554472
0.339457
0.519337
0.559194
0.511982
0.417155
0.437257
0.495677
0.346206
0.471681
0.467438
0.513337
0.625685
0.452007
0.601602
0.602738
0.582692
0.521835
0.397298
0.469201
0.536722
0.405733
0.565922
0.579422
0.489603
0.591999
0.451622
0.528184
0.488491
0.495218
0.431216
0.485453
0.447473
0.50745
0.451698
0.503187
0.548188
0.519538
0.570789
0.497283
0.457043
0.628681
0.534096
0.455429
0.570035
0.529423
0.469275
0.663121
0.60406
0.578432
0.576374
0.617596
0.568399
0.533214
0.416198
0.612578
0.653595
0.459905
0.531732
0.629546
0.666387
0.30329
0.660503
0.420046
0.396063
0.546049
0.310518
0.575114
0.49722
0.561558
0.509222
0.571348
0.443944
0.617609
0.4836
0.410155
0.595392
0.38704
0.405178
0.571329
0.414353
0.454766
0.55731
0.441132
0.724548
0.557975
0.541333
0.279845
0.498622
0.469527
0.587858
0.398711
0.6317
0.412194
0.627707
0.590314
0.39486
0.480013
0.495173
0.5459
0.471028
0.503511
0.527453
0.469774
0.452241
0.525136
0.375538
0.497405
0.596552
0.543846
0.427304
0.571002
0.458052
0.484577
0.457338
0.509156
0.601575
0.284699
0.728047
0.536813
0.503174
0.498753
0.516587
0.35549
0.590479
0.568755
0.562723
0.363349
0.635787
0.639928
0.39193
0.285897
0.516728
0.455754
0.65529
0.508679
0.421999
0.508106
0.414832
0.678854
0.304926
0.470483
0.48849
0.426019
0.58776
0.462192
0.495504
0.504396
0.517881
0.472033
0.52082
0.413907
0.455925
0.774972
0.495685
0.519692
0.406643
0.426001
0.606162
0.512276
0.637723
0.627873
0.406368
0.567485
0.471999
0.649436
0.585666
0.545426
0.512614
0.442507
0.428755
0.447377
0.538035
0.565311
0.583552
0.57811
0.390273
0.481686
0.55199
0.527975
0.558839
0.4972
0.499011
0.604429
0.307217
0.407783
0.325818
0.515521
0.674963
0.355903
0.346718
0.379683
0.443557
0.390681
0.248873
0.443005
0.528312
0.548396
0.466459
0.609656
0.604898
0.460722
0.4282
0.652559
0.506348
0.520895
0.608873
0.435666
0.675047
0.506098
0.427798
0.34173
0.463229
0.453489
0.534011
0.344979
0.442681
0.418646
0.308352
0.613793
0.522551
0.558333
0.518672
0.507014
0.49587
0.502352
0.5098
0.617753
0.488128
0.435331
0.448881
0.618252
0.494369
0.624509
0.469292
0.581673
0.512701
0.379739
0.5112
0.50485
0.539861
0.602098
0.587972
0.521392
0.627178
0.37271
0.528872
0.552746
0.447326
0.609823
0.329816
0.428499
0.498277
0.424464
0.56431
0.609861
0.504615
0.502035
0.544865
0.469262
0.599804
0.402146
0.586208
0.380043
0.45768
0.543448
0.539915
0.471145
0.544769
0.526022
0.575165
0.482402
0.647573
0.670158
0.469448
0.413673
0.538782
0.523712
0.495668
0.532029
0.706693
0.653132
0.471758
0.427002
0.408401
0.442059
0.503268
0.591265
0.455811
0.535531
0.5979
0.492739
0.477133
0.436752
0.430997
0.381666
0.555277
0.507426
0.481168
0.260066
0.359155
0.456635
0.398769
0.490179
0.384832
0.509636
0.472495
0.429596
0.408126
0.424765
0.420412
0.419991
0.443846
0.582481
0.408181
0.3826
0.536071
0.704883
0.65886
0.640562
0.552652
0.41797
0.455109
0.392848
0.489106
0.489652
0.588884
0.465325
0.48384
0.423195
0.448237
0.696825
0.517377
0.538966
0.540228
0.587638
0.378442
0.427596
0.480752
0.626973
0.533189
0.533955
0.596764
0.391205
0.56193
0.506352
0.537929
0.503547
0.43415
0.541798
0.46275
0.477929
0.376244
0.361101
0.664576
0.312457
0.538358
0.553636
0.473583
0.496343
0.473245
0.500405
0.395036
0.47539
0.452189
0.562149
0.572878
0.458513
0.604232
0.685057
0.454134
0.599967
0.416441
0.511218
0.560334
0.488004
0.429563
0.46862
0.507395
0.462568
0.75573
0.429247
0.571104
0.44281
0.421541
0.491907
0.72822
0.636902
0.526104
0.531523
0.594018
0.401756
0.522695
0.531513
0.431217
0.422126
0.320683
0.551694
0.557719
0.496716
0.447738
0.588116
0.58062
0.413535
0.672464
0.412299
0.563764
0.599865
0.449845
0.466123
0.512471
0.467933
0.53279
0.323244
0.531467
0.518856
0.393057
0.508477
0.556709
0.667424
0.296459
0.473769
0.472798
0.462208
0.642702
0.608371
0.49754
0.364613
0.43782
0.276051
0.415875
0.529991
0.557617
0.465789
0.630016
0.60521
0.389506
0.37617
0.508489
0.627334
0.431377
0.405987
0.38908
0.57746
0.563277
0.546582
0.701449
0.455487
0.409221
0.446479
0.521502
0.581323
0.408624
0.432417
0.600405
0.420266
0.383624
0.545494
0.536741
0.485926
0.472915
0.584663
0.344938
0.445799
0.460984
0.538486
0.487425
0.508997
0.588096
0.532075
0.558761
0.478607
0.675641
0.30699
0.428914
0.449238
0.492819
0.489166
0.481582
0.575531
0.449395
0.495938
0.527106
0.463076
0.566159
0.49136
0.534987
0.36444
0.346703
0.422159
0.562372
0.511794
0.638449
0.298203
0.540222
0.647325
0.455473
0.400862
0.399964
0.313502
0.543618
0.464597
0.501384
0.392746
0.452765
0.474153
0.626895
0.535411
0.481652
0.602276
0.307436
0.60991
0.627243
0.43623
0.448547
0.458398
0.53427
0.527983
0.464893
0.44516
0.385023
0.604404
0.47505
0.586376
0.707713
0.536618
0.364378
0.516272
0.615339
0.280475
0.507043
0.477754
0.537652
0.390023
0.60416
0.451416
0.608351
0.384006
0.529185
0.416896
0.576319
0.405787
0.414513
0.509874
0.530548
0.456231
0.431692
0.546428
0.378108
0.579285
0.575159
0.450041
0.563013
0.59498
0.483555
0.655178
0.607518
0.602758
0.346224
0.474521
0.448058
0.340279
0.613844
0.652553
0.421335
0.48278
0.533201
0.4475
0.559464
0.399273
0.55563
0.509269
0.263631
0.546911
0.554946
0.51434
0.530808
0.637409
0.594525
0.614116
0.526971
0.557658
0.519093
0.618329
0.586052
0.442344
0.534096
0.515796
0.48016
0.546183
0.547417
0.402207
0.467827
0.482684
0.480502
0.481402
0.517795
0.555557
0.58472
0.36116
0.637004
0.599964
0.555829
0.53103
0.582229
0.527399
0.507515
0.450717
0.496598
0.387795
0.525839
0.645342
0.601858
0.534682
0.563841
0.575892
0.382719
0.457211
0.530968
0.571745
0.342584
0.494725
0.583491
0.528705
0.399235
0.488574
0.456009
0.220878
0.551848
0.457912
0.533272
0.34049
0.562139
0.465867
0.53688
0.517886
0.520303
0.403364
0.434038
0.488586
0.434403
0.419216
0.466565
0.463321
0.485888
0.505203
0.452071
0.489978
0.502333
0.504568
0.576566
0.505127
0.507722
0.410416
0.523412
0.465477
0.360167
0.273363
0.533366
0.472954
0.506414
0.634845
0.439172
0.593939
0.42266
0.460495
0.498063
0.527985
0.565037
0.409648
0.310921
0.408715
0.406845
0.493803
0.482212
0.528842
0.492593
0.461802
0.528425
0.517012
0.587843
0.637934
0.522207
0.619951
0.222865
0.535629
0.478517
0.591064
0.449543
0.374769
0.54022
0.596048
0.384788
0.511501
0.650461
0.569471
0.346663
0.477381
0.613998
0.455522
0.434154
0.416017
0.495832
0.605778
0.647553
0.498876
0.544382
0.408543
0.548093
0.552249
0.471303
0.533603
0.460411
0.462945
0.644897
0.508869
0.329682
0.55182
0.606822
0.571607
0.423197
0.440413
0.624679
0.61918
0.512333
0.624445
0.691921
0.472862
0.433462
0.612326
0.5375
0.432803
0.54806
0.425241
0.462239
0.658144
0.567585
0.665584
0.393472
0.244074
0.475363
0.579355
0.418175
0.444953
0.526756
0.682581
0.419358
0.498613
0.457688
0.482422
0.547674
0.72807
0.38976
0.516925
0.460252
0.528586
0.687213
0.32905
0.57332
0.551178
0.416455
0.440231
0.411819
0.646974
0.536222
0.693423
0.459902
0.494853
0.534621
0.440797
0.608808
0.372616
0.375089
0.607448
0.387998
0.447322
0.407958
0.49977
0.400625
0.584816
0.465691
0.484424
0.384114
0.483983
0.631451
0.349345
0.392528
0.421983
0.497681
0.435665
0.513623
0.435379
0.444551
0.470715
0.494636
0.521072
0.426564
0.538214
0.464078
0.458159
0.424546
0.610205
0.659989
0.485329
0.577989
0.603523
0.469723
0.582054
0.638944
0.584743
0.641171
0.654317
0.539261
0.424688
0.435672
0.645992
0.537265
0.668842
0.697656
0.498524
0.501407
0.576574
0.390485
0.489586
0.55126
0.503654
0.573188
0.381459
0.499542
0.389956
0.585313
0.582158
0.497971
0.46805
0.559074
0.452605
0.586988
0.552586
0.454923
0.47188
0.395883
0.468509
0.583911
0.634295
0.410912
0.490103
0.456625
0.487756
0.65027
0.372699
0.52275
0.509674
0.436105
0.632969
0.405997
0.493489
0.604216
0.316797
0.517706
0.467307
0.40461
0.45259
0.494997
0.488582
0.479502
0.452286
0.39377
0.551275
0.706377
0.499328
0.432033
0.413244
0.457886
0.551478
0.419629
0.550309
0.496076
0.547809
0.654865
0.380039
0.373904
0.592752
0.465799
0.438741
0.418983
0.490729
0.51259
0.542722
0.549606
0.351407
0.610319
0.440575
0.482625
0.577644
0.509295
0.488685
0.40522
0.413439
0.373865
0.35325
0.431773
0.483227
0.661912
0.537696
0.282781
0.462022
0.626817
0.542547
0.58545
0.41232
0.402516
0.559644
0.472868
0.343273
0.476494
0.427643
0.546836
0.461723
0.492092
0.539054
0.538661
0.667983
0.506967
0.54898
0.564383
0.498548
0.493219
0.524247
0.531752
0.430132
0.666241
0.499876
0.412864
0.453377
0.445882
0.461446
0.556087
0.47194
0.601456
0.459535
0.348032
0.405382
0.422818
0.560823
0.522521
0.678912
0.497173
0.439529
0.482969
0.44865
0.462341
0.548662
0.414359
0.348754
0.497595
0.411762
0.435815
0.42141
0.753026
0.539187
0.260182
0.457735
0.626708
0.454589
0.554971
0.604665
0.485887
0.348627
0.480149
0.570544
0.463783
0.419917
0.521917
0.603683
0.610991
0.439009
0.577845
0.516204
0.727384
0.472134
0.347765
0.404103
0.490657
0.623733
0.460095
0.625827
0.293763
0.505351
0.450433
0.490778
0.66085
0.615323
0.376161
0.332713
0.586117
0.392125
0.567827
0.438758
0.549822
0.450826
0.526707
0.576157
0.594656
0.521155
0.534965
0.644475
0.572634
0.35379
0.474931
0.50948
0.543574
0.41261
0.576006
0.625114
0.31106
0.345665
0.43173
0.363701
0.463014
0.378456
0.636939
0.454749
0.513247
0.657178
0.49189
0.459036
0.578811
0.458498
0.612441
0.4308
0.506685
0.355946
0.552912
0.579923
0.445745
0.563629
0.637903
0.443867
0.458684
0.423784
0.304669
0.565726
0.585549
0.505177
0.477575
0.544493
0.634433
0.570599
0.590494
0.512676
0.483796
0.394119
0.591469
0.586635
0.643846
0.643275
0.308476
0.575197
0.324813
0.3445
0.694095
0.465255
0.473193
0.536839
0.488071
0.546505
0.474112
0.636891
0.5312
0.507735
0.525043
0.614958
0.460389
0.515984
0.422845
0.389947
0.565759
0.521259
0.556632
0.4737
0.520828
0.589396
0.445269
0.498941
0.513797
0.55365
0.489563
0.482537
0.678713
0.455342
0.453615
0.457016
0.646245
0.53678
0.574232
0.548963
0.350824
0.419457
0.437447
0.399291
0.512165
0.471016
0.276666
0.406429
0.444677
0.441729
0.399468
0.61803
0.552764
0.554452
0.453271
0.505138
0.477636
0.542135
0.515942
0.388371
0.515446
0.559244
0.633561
0.451406
0.5956
0.627767
0.653898
0.404738
0.509108
0.551378
0.694201
0.685764
0.436153
0.449641
0.499732
0.514878
0.418088
0.644153
0.393479
0.434786
0.550413
0.48793
0.469786
0.4995
0.581446
0.515054
0.538534
0.566189
0.50791
0.625753
0.635543
0.715788
0.659908
0.660752
0.656002
0.569935
0.465312
0.521276
0.351938
0.429861
0.485226
0.454433
0.599823
0.527062
0.649181
0.45338
0.370425
0.562565
0.423976
0.399586
0.60507
0.52233
0.468315
0.425952
0.561655
0.493025
0.587325
0.506376
0.453508
0.390518
0.59223
0.459109
0.33779
0.422
0.470714
0.464454
0.51749
0.427333
0.506164
0.434259
0.520327
0.521669
0.37553
0.566646
0.602397
0.64716
0.43321
0.560881
0.263536
0.312004
0.434789
0.427243
0.661735
0.565499
0.61762
0.500331
0.478541
0.53091
0.456211
0.36004
0.490876
0.475243
0.400208
0.478963
0.467702
0.452783
0.412695
0.506307
0.401156
0.498984
0.604694
0.550912
0.577978
0.628006
0.448523
0.518092
0.499477
0.510333
0.530411
0.572199
0.487674
0.572609
0.609925
0.550229
0.367468
0.622131
0.631849
0.545069
0.475998
0.580758
0.460804
0.62855
0.595463
0.640002
0.575134
0.448317
0.553119
0.573095
0.471055
0.400423
0.470574
0.499483
0.502055
0.457503
0.495624
0.579812
0.547278
0.452431
0.484707
0.383918
0.594204
0.408028
0.515885
0.471139
0.459002
0.389213
0.536733
0.548566
0.321009
0.409555
0.462006
0.575451
0.519895
0.275352
0.529823
0.376535
0.566635
0.6017
0.582488
0.329919
0.521204
0.491821
0.551164
0.463546
0.448889
0.467291
0.390561
0.500253
0.554474
0.495812
0.593527
0.497557
0.456425
0.307248
0.606779
0.548111
0.419661
0.499633
0.468517
0.434493
0.583683
0.476371
0.603623
0.422643
0.526792
0.675906
0.476784
0.451897
0.41434
0.661498
0.622523
0.622207
0.467943
0.363608
0.494642
0.546719
0.460944
0.501615
0.506482
0.399576
0.284421
0.340267
0.464999
0.386893
0.427873
0.548357
0.507003
0.455361
0.5818
0.561724
0.463147
0.393369
0.5727
0.54039
0.654883
0.522417
0.425296
0.429435
0.48777
0.536576
0.715762
0.376077
0.631799
0.284158
0.474208
0.241754
0.528029
0.452763
0.489826
0.424534
0.486119
0.588996
0.308054
0.377135
0.718252
0.469876
0.54915
0.513886
0.707776
0.493602
0.408239
0.482685
0.426251
0.583529
0.542724
0.367798
0.542626
0.50056
0.524746
0.658289
0.554931
0.519644
0.51095
0.475618
0.495305
0.447345
0.509446
0.475346
0.493176
0.551807
0.283959
0.554335
0.485016
0.591762
0.457169
0.477271
0.650889
0.423799
0.63188
0.403983
0.608312
0.377019
0.535578
0.3903
0.53688
0.667923
0.508985
0.456498
0.429869
0.517338
0.515606
0.431088
0.360376
0.413245
0.51724
0.520067
0.454035
0.400342
0.399379
0.437909
0.544457
0.410152
0.619414
0.372252
0.299244
0.32615
0.395858
0.599082
0.364456
0.525594
0.488258
0.526436
0.487916
0.556372
0.673118
0.50236
0.463666
0.413976
0.514692
0.608372
0.687414
0.553875
0.543837
0.435934
0.35762
0.65732
0.464887
0.538351
0.72679
0.502122
0.544275
0.521958
0.453014
0.589767
0.574646
0.582988
0.505835
0.523098
0.371155
0.506636
0.438075
0.539859
0.622208
0.385421
0.378558
0.484861
0.556146
0.747523
0.453911
0.326967
0.54086
0.579591
0.605606
0.44654
0.571322
0.45803
0.33841
0.518444
0.532989
0.429555
0.392593
0.341759
0.508735
0.419928
0.403081
0.636966
0.588988
0.382552
0.516236
0.316418
0.558094
0.583749
0.441203
0.502871
0.529223
0.419646
0.465869
0.461826
0.548514
0.492591
0.576748
0.433384
0.575478
0.514499
0.438242
0.527968
0.583564
0.499848
0.564523
0.523406
0.398845
0.597382
0.531585
0.500354
0.641596
0.545099
0.528782
0.37343
0.531503
0.583836
0.407718
0.565989
0.606755
0.611001
0.621069
0.325314
0.474969
0.478626
0.510627
0.5799
0.550675
0.38952
0.673005
0.408067
0.39433
0.58492
0.526316
0.647624
0.409403
0.363058
0.710338
0.605547
0.58654
0.456899
0.321181
0.489098
0.582506
0.498596
0.398305
0.442152
0.596111
0.602396
0.332082
0.572523
0.489391
0.388838
0.686056
0.374139
0.468389
0.681924
0.521007
0.485149
0.430969
0.708518
0.54602
0.539217
0.429347
0.479568
0.629042
0.541852
0.56077
0.506557
0.659334
0.452261
0.394064
0.539653
0.6875
0.365078
0.449741
0.470372
0.537461
0.529767
0.546724
0.60418
0.503479
0.649348
0.55778
0.685903
0.396227
0.571428
0.548934
0.643587
0.42296
0.481316
0.594006
0.459886
0.506006
0.510192
0.42948
0.363487
0.468112
0.530271
0.685654
0.479604
0.411253
0.77158
0.398917
0.563668
0.525815
0.502482
0.510876
0.547478
0.612744
0.473203
0.328724
0.496616
0.536699
0.446329
0.43479
0.662415
0.592406
0.452351
0.479592
0.482628
0.430724
0.482128
0.422955
0.46657
0.48948
0.382968
0.52291
0.396176
0.35111
0.566666
0.604539
0.418792
0.53733
0.486858
0.609986
0.468771
0.469558
0.64425
0.52585
0.64842
0.542707
0.472422
0.478655
0.591478
0.518991
0.438184
0.492372
0.504043
0.575567
0.512693
0.438793
0.514778
0.434801
0.572402
0.380354
0.359512
0.30806
0.463161
0.515535
0.409939
0.405122
0.404843
0.532601
0.482675
0.509716
0.420697
0.407431
0.54169
0.555764
0.466256
0.538432
0.545412
0.68272
0.592313
0.612847
0.567492
0.347619
0.399546
0.583854
0.488264
0.461416
0.431969
0.577687
0.483338
0.587952
0.539997
0.368535
0.565008
0.670053
0.481272
0.566615
0.476875
0.391412
0.383731
0.475255
0.398291
0.488947
0.556375
0.525979
0.514009
0.617963
0.449332
0.408566
0.648464
0.505678
0.621646
0.543875
0.673531
0.470477
0.565537
0.405341
0.512349
0.549447
0.530812
0.388989
0.510976
0.615562
0.411049
0.58482
0.570377
0.511667
0.390492
0.477825
0.593815
0.41082
0.419764
0.699644
0.545665
0.36582
0.707706
0.490423
0.449771
0.676609
0.559703
0.618892
0.646395
0.404999
0.449129
0.40727
0.516903
0.648196
0.556075
0.431513
0.46771
0.53118
0.388116
0.586768
0.627921
0.451174
0.52144
0.426664
0.573276
0.492805
0.487528
0.384981
0.538498
0.480195
0.559044
0.584696
0.540612
0.774274
0.357039
0.475459
0.435872
0.527455
0.407375
0.546816
0.472349
0.374651
0.321765
0.697374
0.488778
0.618448
0.562449
0.485992
0.45493
0.612293
0.508065
0.571124
0.37525
0.659785
0.602032
0.600961
0.477533
0.376314
0.288012
0.399787
0.621083
0.476255
0.487414
0.503142
0.48094
0.451192
0.373632
0.573373
0.669058
0.461629
0.444252
0.423925
0.504133
0.506369
0.487414
0.502084
0.68255
0.506233
0.31989
0.713396
0.522785
0.48044
0.407819
0.378014
0.577957
0.515566
0.523226
0.513573
0.641755
0.588719
0.776882
0.549401
0.237912
0.405587
0.396925
0.445149
0.360244
0.48539
0.541438
0.455822
0.541288
0.395117
0.337096
0.5652
0.394521
0.598587
0.483799
0.450522
0.388159
0.592953
0.438724
0.392144
0.398491
0.454782
0.308694
0.477156
0.548796
0.683346
0.486711
0.381772
0.442343
0.592214
0.506392
0.500725
0.39198
0.704055
0.51775
0.665307
0.576252
0.370425
0.586451
0.314153
0.601217
0.560357
0.635852
0.410245
0.628624
0.556999
0.633623
0.513622
0.589587
0.598262
0.553526
0.464641
0.654543
0.417889
0.555438
0.504554
0.503799
0.536155
0.470471
0.338273
0.498207
0.527852
0.55441
0.486639
0.416537
0.663249
0.562401
0.470836
0.459432
0.53979
0.544181
0.53943
0.656172
0.514713
0.402129
0.662456
0.446415
0.632137
0.554055
0.511604
0.485471
0.592747
0.485153
0.648441
0.356295
0.491059
0.507173
0.567706
0.549951
0.35045
0.559851
0.54163
0.670132
0.519185
0.551602
0.606147
0.489023
0.517458
0.55179
0.534961
0.492006
0.489834
0.505745
0.510603
0.742412
0.553389
0.4523
0.330995
0.515466
0.416328
0.528164
0.494782
0.458674
0.543819
0.457656
0.591068
0.53571
0.499686
0.355412
0.331054
0.529207
0.616109
0.581752
0.569633
0.479366
0.6068
0.432644
0.591807
0.546701
0.432431
0.494966
0.531814
0.554086
0.516195
0.337357
0.488302
0.409636
0.425665
0.496091
0.381636
0.670419
0.477627
0.701453
0.603844
0.559234
0.617235
0.37892
0.470839
0.526456
0.576216
0.449874
0.524991
0.585444
0.540786
0.65783
0.452472
0.556832
0.481528
0.472165
0.585534
0.511404
0.401074
0.421037
0.505252
0.598476
0.630767
0.537358
0.669479
0.52559
0.393893
0.659394
0.520613
0.508786
0.535858
0.433612
0.453754
0.544459
0.594385
0.537997
0.37206
0.543997
0.364621
0.681769
0.722291
0.492471
0.415738
0.51992
0.531471
0.636063
0.536849
0.473939
0.524556
0.347735
0.45258
0.498239
0.347569
0.489478
0.508694
0.551112
0.495355
0.593119
0.383395
0.550115
0.363235
0.503701
0.453576
0.50548
0.641692
0.41309
0.520448
0.524493
0.552136
0.633032
0.51644
0.386688
0.520487
0.42101
0.417578
0.496755
0.535694
0.456936
0.593211
0.526976
0.357065
0.616867
0.518587
0.464032
0.345674
0.429626
0.652764
0.606006
0.47706
0.384964
0.569043
0.592635
0.569394
0.515807
0.630849
0.494451
0.598878
0.451515
0.593148
0.526426
0.580667
0.496719
0.624633
0.543994
0.428372
0.590118
0.54743
0.523735
0.375229
0.466088
0.348569
0.44726
0.455145
0.416045
0.512438
0.566385
0.540912
0.517206
0.598204
0.490275
0.696282
0.507821
0.447133
0.487846
0.348311
0.641261
0.384422
0.517513
0.562492
0.504045
0.52896
0.427223
0.407307
0.558982
0.432164
0.593677
0.439896
0.424041
0.383539
0.500587
0.450684
0.505249
0.585202
0.553599
0.385959
0.567822
0.392801
0.350199
0.586522
0.384469
0.438155
0.494746
0.504765
0.301864
0.525499
0.563181
0.452011
0.64752
0.526768
0.594223
0.420106
0.519962
0.343289
0.579329
0.479234
0.586405
0.442696
0.442283
0.531481
0.440033
0.505896
0.349613
0.393815
0.483458
0.359646
0.37817
0.436307
0.566911
0.572395
0.502901
0.542684
0.476385
0.62842
0.455703
0.425249
0.269003
0.416145
0.573654
0.670733
0.502716
0.565074
0.617752
0.517606
0.527049
0.501123
0.543528
0.385774
0.572179
0.467367
0.481246
0.502874
0.37568
0.576987
0.449039
0.482356
0.450628
0.419392
0.42128
0.552115
0.644164
0.530717
0.477194
0.424708
0.344453
0.509969
0.498338
0.476101
0.555708
0.527631
0.48416
0.433567
0.564257
0.648555
0.396558
0.474996
0.395264
0.611995
0.640428
0.445588
0.388831
0.3518
0.511242
0.432263
0.684378
0.559759
0.499946
0.459075
0.394626
0.703518
0.503148
0.415973
0.349173
0.401026
0.368917
0.595174
0.623716
0.538384
0.417901
0.623358
0.617251
0.509431
0.452562
0.408233
0.535955
0.276153
0.519114
0.372088
0.438273
0.715617
0.563365
0.686778
0.409297
0.416837
0.474901
0.489992
0.583157
0.481036
0.541861
0.411664
0.624549
0.390502
0.611959
0.52211
0.53019
0.661154
0.546424
0.533582
0.448717
0.617576
0.493104
0.706215
0.390075
0.512878
0.467415
0.536074
0.507881
0.494051
0.518767
0.632696
0.503603
0.478351
0.427263
0.742706
0.492595
0.564982
0.376611
0.525158
0.453658
0.50197
0.420089
0.396732
0.363824
0.501897
0.492945
0.566076
0.546282
0.524572
0.441132
0.590859
0.642075
0.599151
0.338616
0.295633
0.642136
0.355511
0.667112
0.462304
0.518556
0.50319
0.532
0.580512
0.537447
0.567083
0.69222
0.273045
0.585971
0.468103
0.341359
0.51182
0.473371
0.38718
0.665194
0.58842
0.55799
0.51136
0.461541
0.57768
0.515814
0.531885
0.366138
0.491161
0.496896
0.553288
0.57585
0.388714
0.368228
0.445324
0.425899
0.47967
0.345474
0.459743
0.339362
0.347793
0.403159
0.498756
0.368041
0.530905
0.454683
0.679045
0.537495
0.487948
0.456225
0.653645
0.687287
0.612857
0.528285
0.536193
0.466144
0.691458
0.54548
0.623802
0.40556
0.642039
0.303945
0.517492
0.489366
0.415764
0.66365
0.519836
0.495193
0.493115
0.490864
0.352361
0.630383
0.553586
0.644205
0.384062
0.565547
0.532111
0.536869
0.571946
0.336338
0.616407
0.584419
0.466642
0.520694
0.574845
0.497972
0.628026
0.634356
0.623875
0.539563
0.713634
0.458749
0.593249
0.268454
0.639801
0.740506
0.433578
0.388642
0.600061
0.60939
0.586973
0.383163
0.485603
0.501034
0.47226
0.399356
0.43093
0.427274
0.397055
0.464729
0.451662
0.567001
0.475812
0.685217
0.621951
0.38332
0.55973
0.388729
0.31438
0.680298
0.477703
0.582596
0.628938
0.554835
0.271136
0.515113
0.465098
0.52132
0.49542
0.497576
0.484339
0.477689
0.682654
0.511792
0.619976
0.402981
0.616206
0.454082
0.651495
0.416155
0.473147
0.535441
0.382695
0.412765
0.53127
0.559465
0.467545
0.353696
0.496944
0.609396
0.428616
0.567035
0.402156
0.497612
0.517082
0.415017
0.413135
0.543808
0.652549
0.292578
0.548371
0.404749
0.422873
0.390693
0.454219
0.561875
0.347153
0.639331
0.405199
0.581714
0.49639
0.472969
0.573846
0.495428
0.639082
0.449598
0.312528
0.481773
0.521322
0.593112
0.441368
0.545406
0.548813
0.653156
0.532439
0.403653
0.448343
0.512846
0.541556
0.377057
0.635378
0.506999
0.411583
0.549925
0.396344
0.621816
0.614852
0.58765
0.549123
0.539842
0.535576
0.376085
0.437223
0.516232
0.593894
0.476412
0.541955
0.506534
0.55125
0.480115
0.423598
0.470384
0.611123
0.415156
0.527913
0.387433
0.555584
0.449616
0.472742
0.537736
0.661094
0.582281
0.565433
0.663093
0.50984
0.622186
0.399468
0.348954
0.333941
0.493533
0.577524
0.508775
0.437159
0.335146
0.4041
0.632409
0.467996
0.609788
0.596084
0.481279
0.457449
0.470879
0.466987
0.537174
0.61701
0.293266
0.42424
0.530366
0.294538
0.451121
0.467721
0.691975
0.499752
0.714882
0.533539
0.49094
0.445339
0.477478
0.455607
0.551784
0.619112
0.537513
0.368153
0.56215
0.607898
0.683701
0.462547
0.615562
0.422739
0.414648
0.469361
0.744869
0.504316
0.532505
0.37096
0.41168
0.591052
0.643483
0.399792
0.457991
0.454457
0.408138
0.56676
0.37924
0.502142
0.67004
0.6275
0.63589
0.663627
0.41502
0.589947
0.665957
0.425403
0.563779
0.462329
0.570244
0.410405
0.57398
0.402854
0.403763
0.425668
0.459365
0.561858
0.605671
0.54053
0.555187
0.509714
0.441183
0.361048
0.538924
0.441568
0.428578
0.603231
0.515262
0.507748
0.452515
0.575109
0.51355
0.538281
0.448615
0.363575
0.504557
0.485161
0.678018
0.540403
0.579439
0.446338
0.640328
0.521987
0.547815
0.615729
0.587124
0.406748
0.688444
0.484779
0.433446
0.543584
0.486122
0.626759
0.3379
0.49556
0.474168
0.605676
0.404468
0.516254
0.475702
0.382325
0.478365
0.435472
0.329452
0.488996
0.52166
0.482907
0.600765
0.591607
0.332532
0.459677
0.349374
0.325263
0.552762
0.343205
0.462139
0.414658
0.41179
0.541853
0.426122
0.722608
0.551583
0.442652
0.5052
0.531784
0.422898
0.445884
0.464495
0.560014
0.438206
0.387633
0.61211
0.552193
0.541311
0.66005
0.665763
0.4103
0.492174
0.538804
0.593282
0.51998
0.515855
0.372418
0.444033
0.532737
0.508538
0.493092
0.4797
0.472462
0.455752
0.523355
0.547848
0.583482
0.553048
0.6083
0.566626
0.441065
0.310228
0.439062
0.455826
0.529427
0.639451
0.669043
0.402584
0.599725
0.427656
0.445742
0.473893
0.466921
0.66121
0.426662
0.463303
0.636965
0.431419
0.493328
0.501676
0.664274
0.281448
0.568037
0.560727
0.373576
0.501137
0.626746
0.612698
0.579912
0.341417
0.514614
0.423818
0.4728
0.433558
0.603985
0.465383
0.404635
0.537189
0.439431
0.439288
0.448075
0.537995
0.432457
0.523286
0.400007
0.442782
0.472162
0.426418
0.51311
0.565132
0.438208
0.440897
0.500275
0.594478
0.555801
0.478467
0.340594
0.474193
0.417792
0.55215
0.395196
0.534167
0.335805
0.47778
0.388648
0.577616
0.668639
0.528182
0.466859
0.556128
0.571672
0.405977
0.57094
0.400749
0.605812
0.440014
0.342414
0.423922
0.398746
0.585551
0.402216
0.412379
0.502289
0.4457
0.353707
0.439709
0.43114
0.50165
0.492349
0.428823
0.573693
0.398335
0.642812
0.38746
0.580671
0.482641
0.637661
0.430951
0.556872
0.467202
0.464748
0.443396
0.556573
0.484424
0.610791
0.425263
0.550067
0.481231
0.605463
0.436286
0.526165
0.472462
0.468755
0.388701
0.626442
0.459963
0.412244
0.561245
0.50512
0.561681
0.484319
0.548655
0.429947
0.536825
0.609511
0.474525
0.534628
0.433243
0.603171
0.468673
0.372596
0.510135
0.446757
0.488458
0.465657
0.333304
0.394538
0.373879
0.561076
0.485538
0.602821
0.396254
0.242606
0.575043
0.473123
0.424024
0.499587
0.501338
0.495466
0.50238
0.394901
0.588945
0.605067
0.542063
0.436862
0.641984
0.433677
0.391649
0.515175
0.520335
0.62042
0.481781
0.419214
0.582615
0.646626
0.313258
0.443656
0.458607
0.350626
0.484355
0.436141
0.369794
0.56278
0.531419
0.55115
0.478773
0.580184
0.5386
0.408137
0.325782
0.636987
0.478289
0.404554
0.459473
0.617658
0.635373
0.426923
0.454692
0.507483
0.588455
0.296005
0.553383
0.457263
0.615013
0.483533
0.647347
0.558928
0.549869
0.627255
0.590902
0.548356
0.442029
0.408131
0.479665
0.424474
0.459584
0.485949
0.522314
0.485609
0.647855
0.454096
0.421381
0.488393
0.736676
0.634074
0.563375
0.701337
0.463212
0.471084
0.568757
0.656678
0.567329
0.535761
0.49738
0.365156
0.478554
0.499306
0.494366
0.374592
0.577732
0.392038
0.509273
0.601339
0.499745
0.543129
0.547384
0.544313
0.540075
0.595919
0.556332
0.603907
0.664212
0.416825
0.486963
0.473083
0.602132
0.676514
0.600396
0.553837
0.598993
0.399324
0.380366
0.335997
0.509532
0.396247
0.501054
0.607565
0.450723
0.478684
0.491978
0.557431
0.516851
0.541742
0.685961
0.393905
0.464
0.405482
0.410785
0.601931
0.389594
0.569715
0.633805
0.560266
0.528814
0.407154
0.444239
0.621645
0.617467
0.494921
0.575748
0.513639
0.555875
0.554561
0.609741
0.583588
0.454135
0.52983
0.54549
0.473333
0.562653
0.412554
0.381675
0.487711
0.664524
0.523817
0.298026
0.533648
0.458391
0.641548
0.594958
0.571593
0.513272
0.47279
0.592424
0.464095
0.41823
0.413739
0.443041
0.566271
0.590964
0.430218
0.358136
0.297542
0.56326
0.38946
0.538925
0.521301
0.448415
0.52323
0.605582
0.483606
0.416661
0.656104
0.444557
0.42868
0.445139
0.463217
0.496076
0.463902
0.56921
0.398177
0.596777
0.474053
0.367809
0.544726
0.509583
0.480234
0.419987
0.344418
0.45856
0.638171
0.489729
0.387617
0.45824
0.39557
0.624286
0.455078
0.665997
0.504609
0.341421
0.446005
0.635935
0.532597
0.404574
0.353857
0.453402
0.358635
0.451253
0.485081
0.520958
0.37866
0.523482
0.506719
0.57199
0.59815
0.547022
0.494211
0.354672
0.450437
0.424073
0.556263
0.478601
0.55248
0.416453
0.362936
0.575409
0.480142
0.649291
0.5256
0.481007
0.482559
0.536677
0.485023
0.462725
0.441811
0.467079
0.497228
0.500357
0.602467
0.467175
0.470495
0.535238
0.523912
0.425225
0.352935
0.456305
0.432129
0.491493
0.56958
0.66982
0.373922
0.637288
0.466722
0.610603
0.479716
0.402591
0.578882
0.657182
0.532783
0.616578
0.397554
0.522887
0.425889
0.492964
0.571583
0.529963
0.541838
0.530982
0.510626
0.505668
0.58463
0.527081
0.468327
0.587908
0.476709
0.597617
0.608102
0.442113
0.54379
0.352507
0.514263
0.418371
0.623309
0.440004
0.379292
0.535646
0.427769
0.475488
0.386858
0.688112
0.548439
0.517208
0.406208
0.530815
0.54344
0.394696
0.453851
0.421577
0.64483
0.572824
0.710321
0.556032
0.587874
0.518774
0.371169
0.32901
0.711551
0.533988
0.476148
0.597285
0.493195
0.599383
0.57347
0.424611
0.587155
0.438049
0.427172
0.487128
0.470323
0.494721
0.52783
0.535755
0.487161
0.429531
0.408155
0.534368
0.413729
0.370353
0.584209
0.333092
0.501183
0.555407
0.444198
0.52084
0.443102
0.357506
0.610193
0.55424
0.41555
0.332386
0.593339
0.642396
0.358459
0.335633
0.476798
0.595642
0.463721
0.366377
0.36544
0.509091
0.426692
0.602694
0.433841
0.430619
0.517974
0.457767
0.433752
0.465611
0.400393
0.731427
0.633873
0.525928
0.553186
0.466038
0.4766
0.48258
0.53263
0.393674
0.560333
0.520136
0.562588
0.587874
0.543254
0.484714
0.470436
0.505304
0.52861
0.565896
0.552
0.625602
0.641444
0.710821
0.549253
0.462493
0.419675
0.395304
0.528852
0.633325
0.393258
0.687364
0.698012
0.570745
0.532105
0.552721
0.547121
0.506466
0.588283
0.525801
0.656961
0.473694
0.436301
0.643291
0.48442
0.552351
0.372605
0.592488
0.46693
0.556225
0.597041
0.350675
0.641684
0.491126
0.537647
0.639094
0.536535
0.363447
0.537869
0.629713
0.47437
0.551024
0.646145
0.401221
0.537837
0.459871
0.327369
0.486089
0.444284
0.512131
0.405967
0.404525
0.617938
0.417401
0.38391
0.490076
0.47761
0.499912
0.473193
0.605978
0.613539
0.385446
0.470249
0.452681
0.375084
0.430233
0.46411
0.596359
0.347312
0.491787
0.512905
0.421031
0.467254
0.63738
0.493058
0.423047
0.560115
0.554206
0.504182
0.553772
0.641064
0.567235
0.401206
0.513805
0.369406
0.604529
0.567606
0.624179
0.42788
0.646762
0.535207
0.516257
0.397946
0.517976
0.364959
0.438836
0.30435
0.700206
0.444254
0.426321
0.577381
0.449978
0.501774
0.522256
0.485423
0.612435
0.67682
0.562562
0.332401
0.396405
0.415434
0.452449
0.601402
0.513883
0.390964
0.470475
0.608807
0.38465
0.462082
0.373391
0.363385
0.4178
0.451679
0.561949
0.514779
0.494104
0.586073
0.554917
0.44912
0.465948
0.436151
0.460921
0.410193
0.625072
0.567412
0.488381
0.489443
0.368543
0.598622
0.565764
0.609525
0.386921
0.524542
0.417039
0.38557
0.547605
0.586996
0.550146
0.540188
0.536659
0.538371
0.406098
0.426672
0.339841
0.531722
0.553813
0.480107
0.532994
0.440318
0.498393
0.535645
0.566728
0.697205
0.50727
0.502109
0.472539
0.431373
0.413225
0.509973
0.492406
0.533339
0.417921
0.592919
0.716242
0.447433
0.575074
0.544985
0.488077
0.454562
0.62016
0.664564
0.585026
0.411379
0.424731
0.62753
0.515209
0.591895
0.473526
0.700312
0.526019
0.633997
0.502776
0.414679
0.596807
0.491507
0.476083
0.529109
0.463519
0.632891
0.414457
0.500295
0.649787
0.653722
0.437628
0.408953
0.57437
0.472013
0.415985
0.422336
0.622956
0.462371
0.579457
0.521852
0.682217
0.456589
0.560952
0.456239
0.419212
0.644208
0.421864
0.366605
0.389954
0.537554
0.533795
0.468993
0.486599
0.359934
0.551726
0.433065
0.494101
0.547231
0.373049
0.57546
0.631501
0.545797
0.476513
0.554342
0.524268
0.406609
0.402421
0.459011
0.673534
0.513703
0.503839
0.459244
0.634744
0.534786
0.400118
0.538451
0.345873
0.595003
0.465763
0.718427
0.438122
0.331913
0.531289
0.525413
0.49556
0.528044
0.446059
0.49042
0.432286
0.58309
0.583296
0.39808
0.569157
0.488184
0.542733
0.362117
0.577062
0.539208
0.446491
0.530236
0.529361
0.475066
0.622801
0.543716
0.450161
0.455482
0.404054
0.607749
0.389277
0.441332
0.571838
0.536172
0.476368
0.416601
0.544816
0.535712
0.556073
0.569706
0.52528
0.654806
0.360724
0.541506
0.563115
0.613267
0.555155
0.399278
0.545819
0.291144
0.362768
0.585134
0.579914
0.648327
0.496816
0.495356
0.7201
0.61738
0.583914
0.462765
0.6261
0.380568
0.500079
0.539261
0.368186
0.492846
0.54736
0.317636
0.605509
0.553919
0.501517
0.588014
0.467169
0.394629
0.521593
0.50947
0.505809
0.428537
0.6407
0.559727
0.489552
0.441735
0.488889
0.590096
0.447183
0.504557
0.431638
0.6325
0.542825
0.586557
0.352725
0.512689
0.539215
0.579061
0.435363
0.574865
0.346291
0.326807
0.515203
0.582011
0.605295
0.323287
0.410169
0.437669
0.510602
0.516606
0.455878
0.373561
0.556652
0.222665
0.354248
0.543237
0.357614
0.601055
0.395186
0.482392
0.406686
0.474626
0.469316
0.405464
0.607123
0.438828
0.758499
0.485928
0.481519
0.424388
0.487828
0.489825
0.452034
0.483602
0.51378
0.327772
0.637688
0.709102
0.419571
0.268858
0.429964
0.403309
0.440392
0.529332
0.417791
0.441716
0.395346
0.535205
0.536286
0.431256
0.498186
0.528181
0.550406
0.542793
0.642344
0.626305
0.469852
0.589206
0.376185
0.445692
0.41032
0.690969
0.43705
0.62769
0.508354
0.487909
0.614371
0.470224
0.528177
0.578673
0.492765
0.558719
0.46863
0.493732
0.609721
0.392469
0.492377
0.555056
0.574198
0.454159
0.469295
0.527409
0.415678
0.46067
0.491351
0.443758
0.505814
0.487175
0.26934
0.396174
0.430804
0.391682
0.610855
0.71113
0.508285
0.579817
0.506544
0.509218
0.506013
0.771977
0.419228
0.37862
0.502286
0.432204
0.518646
0.628864
0.623826
0.597002
0.437342
0.538514
0.521344
0.455789
0.551967
0.457859
0.574697
0.570449
0.32152
0.467146
0.579108
0.519863
0.594389
0.409505
0.567227
0.554106
0.41398
0.438594
0.59886
0.610768
0.464187
0.329911
0.461198
0.523275
0.385101
0.589576
0.391755
0.649652
0.416232
0.558799
0.307863
0.542039
0.511295
0.439054
0.532889
0.478074
0.596743
0.656273
0.451498
0.413234
0.341591
0.653819
0.39892
0.47948
0.576615
0.653479
0.52923
0.501945
0.549216
0.548853
0.474134
0.706808
0.581049
0.383573
0.552547
0.773484
0.478377
0.490649
0.384109
0.413231
0.345236
0.427713
0.505594
0.383777
0.623751
0.421611
0.547799
0.531031
0.49841
0.401882
0.597053
0.448359
0.404788
0.619112
0.516043
0.40661
0.575968
0.507323
0.51728
0.377531
0.660854
0.461104
0.713278
0.501506
0.514076
0.332895
0.4643
0.469866
0.367575
0.609104
0.449316
0.434959
0.444715
0.473867
0.490707
0.51274
0.618507
0.617579
0.31524
0.492413
0.454431
0.497217
0.555218
0.432601
0.55125
0.649729
0.765394
0.511831
0.517707
0.441157
0.598443
0.336376
0.620501
0.600214
0.487033
0.431434
0.666017
0.447369
0.585579
0.652978
0.608532
0.401602
0.567521
0.619277
0.527649
0.523335
0.411727
0.411199
0.477773
0.26836
0.450845
0.427618
0.575743
0.427532
0.603276
0.661728
0.485925
0.4091
0.539804
0.518591
0.487905
0.447563
0.674063
0.25589
0.667395
0.398197
0.388871
0.3708
0.608637
0.461082
0.511837
0.515284
0.349654
0.44814
0.466084
0.547778
0.666164
0.566955
0.520023
0.394974
0.349307
0.271169
0.352665
0.596805
0.412136
0.412439
0.437855
0.517377
0.580723
0.459723
0.47766
0.562076
0.438817
0.382898
0.599916
0.364388
0.547389
0.490572
0.500782
0.545744
0.512867
0.378946
0.612261
0.62534
0.707613
0.417731
0.453568
0.466726
0.53922
0.499449
0.778318
0.606609
0.547632
0.650682
0.568885
0.445055
0.520596
0.295025
0.477775
0.48853
0.506827
0.485858
0.355941
0.523
0.483355
0.484478
0.331308
0.450681
0.499542
0.644901
0.401092
0.472755
0.453746
0.500399
0.455679
0.5349
0.522596
0.523659
0.401072
0.686658
0.299479
0.302597
0.447517
0.390351
0.61342
0.453661
0.500775
0.484756
0.475201
0.354542
0.483537
0.640803
0.375338
0.660408
0.480458
0.556612
0.665674
0.437342
0.381908
0.655978
0.494438
0.769468
0.435858
0.25041
0.53827
0.534462
0.590706
0.524886
0.515907
0.3691
0.370612
0.457251
0.606263
0.605193
0.434929
0.470978
0.462283
0.50977
0.568826
0.42625
0.664796
0.47148
0.614169
0.523612
0.530871
0.481547
0.585058
0.546662
0.495583
0.365637
0.406161
0.448801
0.612142
0.541381
0.612749
0.457576
0.53147
0.522087
0.636566
0.414062
0.720222
0.458147
0.555008
0.406689
0.427845
0.463604
0.539796
0.490175
0.494194
0.516988
0.568424
0.577834
0.420873
0.50954
0.442365
0.574593
0.389896
0.600799
0.336939
0.467852
0.239083
0.56805
0.677598
0.496845
0.562862
0.546487
0.509629
0.716087
0.507842
0.448184
0.702208
0.428427
0.444087
0.472289
0.532547
0.486477
0.405117
0.371676
0.429511
0.678604
0.417073
0.469619
0.408938
0.338037
0.516459
0.533222
0.391665
0.391722
0.396405
0.382508
0.479766
0.513631
0.629472
0.547916
0.556091
0.626775
0.560909
0.349691
0.541116
0.498741
0.410805
0.534846
0.425075
0.368217
0.447738
0.576483
0.494116
0.387306
0.460366
0.592531
0.565834
0.563456
0.486998
0.384196
0.425377
0.638232
0.403932
0.533162
0.635651
0.555664
0.388633
0.635635
0.391828
0.564199
0.596578
0.712554
0.564161
0.474001
0.449249
0.450907
0.43386
0.494518
0.421349
0.590124
0.46998
0.452792
0.246597
0.446998
0.293338
0.59865
0.424912
0.500939
0.477037
0.264254
0.576407
0.43755
0.537189
0.559327
0.346988
0.377692
0.321508
0.620357
0.386869
0.645115
0.560294
0.342694
0.411768
0.599487
0.493926
0.527482
0.298722
0.542319
0.631516
0.344187
0.381259
0.413752
0.652499
0.307719
0.504791
0.421772
0.392194
0.664495
0.567955
0.446079
0.516733
0.568758
0.688215
0.440692
0.472732
0.576272
0.338056
0.484311
0.653527
0.724023
0.453843
0.382786
0.567774
0.598952
0.528459
0.431459
0.562908
0.365876
0.666008
0.429814
0.308654
0.528692
0.476031
0.418907
0.436619
0.373646
0.503376
0.575315
0.544321
0.658845
0.605908
0.486778
0.653239
0.53013
0.439015
0.557784
0.578193
0.452702
0.560425
0.504058
0.567785
0.449057
0.532155
0.509861
0.45569
0.460187
0.576337
0.602002
0.400331
0.466544
0.414481
0.338958
0.422398
0.465202
0.629926
0.457702
0.316215
0.476068
0.493336
0.668904
0.442585
0.571217
0.41059
0.52204
0.50812
0.555474
0.646077
0.572025
0.517566
0.378056
0.583641
0.418628
0.520579
0.70807
0.334648
0.567991
0.738618
0.550866
0.381716
0.406922
0.262011
0.601122
0.313923
0.574684
0.345702
0.537159
0.630024
0.530502
0.46372
0.425115
0.457567
0.541095
0.443096
0.386605
0.606145
0.192282
0.564828
0.51168
0.537498
0.568474
0.60038
0.733828
0.605685
0.551718
0.550239
0.548298
0.41373
0.452125
0.424231
0.43788
0.63702
0.438294
0.47581
0.541366
0.430786
0.408673
0.457372
0.65982
0.35487
0.567047
0.467187
0.495981
0.526753
0.41157
0.478179
0.477226
0.453059
0.512774
0.619869
0.582362
0.596166
0.381681
0.53612
0.44802
0.450737
0.580756
0.440277
0.436067
0.578453
0.35858
0.575036
0.277332
0.279965
0.592004
0.310398
0.607263
0.455197
0.484276
0.526127
0.57303
0.437187
0.49453
0.386519
0.533455
0.348713
0.514083
0.374183
0.46974
0.464717
0.62716
0.516943
0.521526
0.276653
0.495772
0.575332
0.492264
0.399825
0.463572
0.659659
0.476086
0.409576
0.583839
0.638092
0.371018
0.476783
0.458959
0.405187
0.58518
0.521322
0.417055
0.40648
0.559934
0.446276
0.479123
0.594103
0.427988
0.55728
0.477153
0.360422
0.469519
0.450305
0.29478
0.530035
0.428372
0.477186
0.563431
0.431279
0.550642
0.682005
0.401123
0.52339
0.531972
0.401883
0.500595
0.621751
0.45635
0.535788
0.454942
0.559255
0.359872
0.514643
0.526888
0.440152
0.339388
0.556819
0.566207
0.529228
0.451782
0.551258
0.335175
0.430178
0.487654
0.535204
0.625466
0.336277
0.409135
0.470584
0.542443
0.467124
0.457948
0.478498
0.489761
0.472297
0.452675
0.353645
0.619631
0.577489
0.383115
0.518357
0.620917
0.612205
0.52697
0.46312
0.456811
0.504189
0.45433
0.498563
0.632853
0.574247
0.491816
0.588993
0.556091
0.471187
0.580024
0.665269
0.595298
0.41449
0.606142
0.435637
0.477499
0.535
0.298783
0.495452
0.462513
0.421898
0.432411
0.55175
0.526618
0.598699
0.63539
0.519425
0.661029
0.636441
0.497728
0.574232
0.250409
0.452998
0.650898
0.493653
0.499849
0.411991
0.600941
0.648572
0.621822
0.460745
0.371732
0.399599
0.469836
0.477478
0.731967
0.545103
0.397988
0.35487
0.53981
0.460204
0.437266
0.43578
0.302417
0.442946
0.524206
0.402384
0.348339
0.455983
0.395834
0.573462
0.550188
0.534548
0.417536
0.443128
0.533205
0.480351
0.37309
0.715573
0.598042
0.358746
0.549772
0.526629
0.42972
0.603565
0.388865
0.416732
0.463426
0.426693
0.445898
0.360466
0.360436
0.560939
0.594533
0.596054
0.324218
0.398539
0.725931
0.439398
0.446448
0.565378
0.55954
0.339336
0.485125
0.500359
0.419453
0.629832
0.460887
0.478196
0.604913
0.502914
0.563784
0.533434
0.570834
0.483537
0.476666
0.706042
0.51612
0.429954
0.540202
0.60846
0.525306
0.381569
0.524984
0.494112
0.668209
0.53086
0.547937
0.692668
0.346425
0.353674
0.523194
0.592904
0.47201
0.431705
0.576767
0.522071
0.514277
0.498271
0.466418
0.514065
0.625072
0.493312
0.515304
0.525885
0.399197
0.505085
0.522001
0.534302
0.587817
0.498308
0.568766
0.596444
0.347103
0.381287
0.49211
0.623241
0.366968
0.482806
0.561886
0.589161
0.525724
0.389296
0.517231
0.414342
0.572785
0.64597
0.612215
0.546242
0.505011
0.5353
0.378126
0.535501
0.557469
0.730113
0.42944
0.395748
0.47052
0.567812
0.279973
0.567378
0.515127
0.366532
0.553534
0.596544
0.563794
0.578954
0.341862
0.533723
0.487111
0.68559
0.57454
0.531259
0.507545
0.300313
0.50817
0.543182
0.4899
0.428875
0.42203
0.552087
0.509126
0.354138
0.508142
0.640023
0.520252
0.667592
0.526085
0.388337
0.639963
0.653596
0.521554
0.502781
0.557704
0.53824
0.526139
0.621473
0.484936
0.379557
0.469053
0.525318
0.460922
0.379844
0.507289
0.539681
0.537279
0.546661
0.417317
0.480307
0.395842
0.37381
0.435575
0.523404
0.645912
0.580659
0.559166
0.486298
0.460364
0.494299
0.419728
0.540529
0.402893
0.511248
0.513992
0.604883
0.562434
0.499692
0.364902
0.358627
0.526888
0.451331
0.575502
0.529102
0.50442
0.536395
0.355519
0.618403
0.568599
0.333008
0.514338
0.507068
0.369329
0.35758
0.407218
0.570365
0.597041
0.525849
0.373778
0.54777
0.450943
0.671952
0.477983
0.646413
0.497746
0.473992
0.464932
0.429831
0.442526
0.593283
0.507157
0.573747
0.432284
0.749677
0.507576
0.552312
0.534618
0.442393
0.464008
0.507724
0.635462
0.616463
0.461163
0.444561
0.299464
0.604371
0.313815
0.408756
0.617987
0.532804
0.657979
0.6452
0.622675
0.488715
0.460899
0.692881
0.352866
0.5855
0.559959
0.516666
0.324979
0.512701
0.359614
0.453521
0.503051
0.497166
0.630348
0.361111
0.522916
0.403239
0.658537
0.550233
0.42849
0.41143
0.716827
0.408808
0.503271
0.455069
0.474613
0.393769
0.475563
0.578522
0.523238
0.460241
0.511874
0.500886
0.488886
0.654475
0.367275
0.437713
0.412303
0.585103
0.512839
0.321886
0.503967
0.72538
0.463349
0.373551
0.630844
0.601365
0.675877
0.400059
0.471881
0.555115
0.718696
0.503454
0.544191
0.488817
0.39551
0.560625
0.350947
0.507253
0.563385
0.533351
0.397879
0.489328
0.491755
0.473831
0.430194
0.551214
0.627675
0.617106
0.532431
0.463942
0.43646
0.512563
0.471262
0.498705
0.630472
0.528342
0.457547
0.48046
0.610854
0.417335
0.500068
0.545654
0.443697
0.482662
0.4095
0.534575
0.630587
0.54882
0.496654
0.422467
0.640706
0.478867
0.55321
0.641902
0.451298
0.443792
0.580244
0.475283
0.366214
0.538387
0.50375
0.361095
0.606136
0.464314
0.553989
0.493146
0.48514
0.539159
0.415588
0.496004
0.579438
0.542249
0.438269
0.600175
0.589917
0.5393
0.516247
0.288877
0.337263
0.624678
0.448198
0.426755
0.589266
0.435342
0.524
0.412724
0.435647
0.428102
0.521278
0.436518
0.450136
0.693434
0.544648
0.521684
0.521202
0.666991
0.478607
0.560552
0.515321
0.587456
0.382408
0.527087
0.599916
0.473985
0.403257
0.53603
0.428174
0.527013
0.370358
0.727458
0.357817
0.558247
0.623082
0.505057
0.483713
0.558475
0.530171
0.366988
0.339943
0.475966
0.530501
0.44182
0.516387
0.447211
0.556938
0.463418
0.495042
0.523023
0.578592
0.370226
0.410618
0.502079
0.499509
0.572138
0.48198
0.52875
0.59342
0.540561
0.446681
0.431736
0.626598
0.474041
0.601042
0.454996
0.547901
0.455057
0.641323
0.403823
0.516405
0.504081
0.608372
0.340493
0.566672
0.389915
0.548747
0.540779
0.476644
0.456787
0.483946
0.595873
0.350334
0.399832
0.505497
0.633439
0.528747
0.44464
0.41685
0.74075
0.607909
0.41872
0.478443
0.359781
0.396637
0.521385
0.697419
0.543176
0.514556
0.477469
0.493631
0.553727
0.567794
0.56116
0.543671
0.598599
0.417251
0.542354
0.551515
0.620687
0.551997
0.530271
0.438527
0.400375
0.471211
0.507568
0.650072
0.468157
0.478992
0.513875
0.659843
0.444022
0.443745
0.62038
0.580648
0.470376
0.54543
0.533666
0.369892
0.437552
0.498771
0.295529
0.408622
0.372131
0.549623
0.48743
0.352754
0.482584
0.632335
0.501423
0.58043
0.455251
0.414212
0.601311
0.401954
0.449727
0.546054
0.510899
0.652965
0.464526
0.357203
0.521293
0.39423
0.32046
0.504444
0.541089
0.488844
0.488134
0.448312
0.372578
0.54262
0.424612
0.341081
0.457459
0.575623
0.740439
0.54184
0.454337
0.49926
0.602745
0.462394
0.621084
0.633301
0.602069
0.561
0.520552
0.551922
0.659261
0.478484
0.501168
0.343783
0.425288
0.513176
0.684431
0.587025
0.449892
0.564878
0.491285
0.522492
0.520549
0.727349
0.567176
0.561124
0.458459
0.513514
0.459235
0.698244
0.60629
0.472589
0.443779
0.41006
0.563807
0.513004
0.475203
0.386279
0.461262
0.404053
0.639495
0.353755
0.509838
0.55576
0.67962
0.493605
0.356768
0.576803
0.524549
0.409938
0.474388
0.632367
0.657672
0.441713
0.547616
0.44769
0.488841
0.445205
0.600868
0.479222
0.539139
0.548089
0.53742
0.504224
0.312792
0.442431
0.459895
0.372151
0.21942
0.551986
0.526577
0.463787
0.423483
0.599908
0.566179
0.553319
0.540969
0.593967
0.547529
0.518241
0.537829
0.430707
0.460037
0.338932
0.506545
0.392872
0.632601
0.54526
0.473764
0.587946
0.478242
0.483812
0.461863
0.432956
0.534276
0.525591
0.529645
0.60926
0.569226
0.521109
0.644394
0.623948
0.403273
0.501503
0.584039
0.406006
0.52808
0.447157
0.40522
0.467744
0.501173
0.644762
0.435746
0.532222
0.750527
0.598229
0.583056
0.476109
0.564428
0.593089
0.464255
0.567732
0.46127
0.494165
0.538882
0.456913
0.453204
0.427056
0.540611
0.489332
0.552292
0.416777
0.50139
0.460765
0.520162
0.480211
0.599341
0.583765
0.474336
0.410629
0.567898
0.485093
0.43216
0.562452
0.367205
0.35827
0.404488
0.406418
0.5185
0.503891
0.60269
0.448074
0.394971
0.674201
0.660212
0.525492
0.298805
0.466138
0.599707
0.361625
0.557678
0.515492
0.642081
0.356228
0.529434
0.543916
0.534954
0.436282
0.350013
0.504216
0.494594
0.505566
0.646459
0.551624
0.673351
0.581804
0.462863
0.632542
0.411231
0.409148
0.55254
0.515744
0.480606
0.642255
0.495867
0.553762
0.552204
0.321234
0.511685
0.567797
0.490239
0.494475
0.599642
0.463557
0.456791
0.35182
0.454521
0.511077
0.437453
0.465125
0.427024
0.444093
0.5214
0.644039
0.444256
0.572293
0.664707
0.367419
0.358179
0.517232
0.740054
0.475616
0.427797
0.570019
0.501603
0.539964
0.528401
0.47027
0.49028
0.424739
0.554131
0.658943
0.605658
0.353399
0.643855
0.578766
0.515028
0.488189
0.413449
0.540908
0.614996
0.5474
0.40902
0.49941
0.498561
0.361064
0.432925
0.553367
0.437247
0.443058
0.385978
0.397299
0.451053
0.419587
0.533623
0.505565
0.422522
0.466674
0.581575
0.466521
0.566874
0.410147
0.416993
0.689652
0.645259
0.579566
0.459177
0.595453
0.539443
0.471899
0.496009
0.602949
0.41514
0.571177
0.47577
0.478631
0.520241
0.475182
0.583361
0.589351
0.519765
0.535547
0.465788
0.331636
0.326392
0.494914
0.493565
0.396827
0.406637
0.400329
0.513382
0.411467
0.259387
0.33018
0.357861
0.557502
0.428328
0.568322
0.555292
0.533636
0.46788
0.528931
0.633689
0.581165
0.553703
0.55465
0.515587
0.479913
0.28759
0.509417
0.419976
0.441037
0.515805
0.438987
0.536069
0.534417
0.696539
0.522683
0.47325
0.449144
0.540636
0.479993
0.411128
0.535926
0.490165
0.416167
0.358524
0.571826
0.502733
0.588776
0.439858
0.39074
0.524917
0.501508
0.554982
0.650026
0.33813
0.388691
0.427174
0.372574
0.501832
0.472876
0.529696
0.351563
0.464629
0.663406
0.471936
0.567375
0.523674
0.48283
0.534463
0.509116
0.5283
0.512645
0.507494
0.500989
0.464952
0.568248
0.531788
0.306419
0.517082
0.485932
0.421325
0.761844
0.506346
0.412373
0.44138
0.353947
0.354606
0.549026
0.461267
0.508386
0.411765
0.487731
0.510218
0.561735
0.490104
0.59943
0.519161
0.598419
0.432532
0.554336
0.384511
0.420191
0.258055
0.555796
0.500002
0.571491
0.338045
0.518054
0.598035
0.525177
0.465587
0.641142
0.533693
0.550677
0.45663
0.489043
0.649607
0.438283
0.282731
0.602666
0.691337
0.375455
0.500074
0.381575
0.459504
0.592332
0.529647
0.515737
0.453718
0.469966
0.61293
0.504291
0.628858
0.55477
0.533096
0.447794
0.518862
0.567036
0.634655
0.428718
0.520952
0.592117
0.450634
0.536429
0.623829
0.49435
0.607486
0.607678
0.616763
0.460979
0.404324
0.487076
0.596376
0.52638
0.564976
0.377746
0.384911
0.604845
0.601535
0.405563
0.470665
0.477982
0.523774
0.515996
0.374219
0.547473
0.349351
0.409676
0.578088
0.541723
0.580657
0.577611
0.497569
0.577602
0.460795
0.401446
0.359385
0.47919
0.539057
0.482591
0.510917
0.398797
0.55196
0.384474
0.571657
0.341356
0.457232
0.382485
0.357551
0.388854
0.33341
0.581986
0.612348
0.549438
0.431704
0.480662
0.354332
0.467352
0.57393
0.402821
0.535675
0.51335
0.399412
0.490986
0.570321
0.490454
0.650888
0.474102
0.604038
0.402644
0.407683
0.637492
0.461176
0.395102
0.363954
0.620085
0.514026
0.43507
0.51196
0.425566
0.315096
0.389483
0.441954
0.599102
0.58981
0.458431
0.552658
0.515907
0.403789
0.327692
0.309929
0.532084
0.404163
0.406842
0.435993
0.54736
0.453572
0.433397
0.637054
0.474941
0.608251
0.34483
0.471397
0.403956
0.499018
0.546634
0.438354
0.483892
0.625345
0.602397
0.411297
0.458689
0.657528
0.50348
0.511878
0.469527
0.677307
0.499634
0.660812
0.577892
0.621719
0.538622
0.328844
0.534767
0.487032
0.646544
0.630258
0.528979
0.6691
0.549669
0.652887
0.547838
0.42633
0.65168
0.632475
0.546221
0.52042
0.572616
0.545996
0.535224
0.502508
0.425801
0.406949
0.561898
0.58086
0.517197
0.578541
0.503562
0.59326
0.420808
0.333163
0.645767
0.591723
0.468073
0.436475
0.468806
0.591877
0.452838
0.578972
0.537675
0.540405
0.452759
0.467674
0.654234
0.404826
0.625544
0.583778
0.517976
0.525053
0.401689
0.704657
0.46475
0.557779
0.652742
0.499819
0.594295
0.602005
0.510247
0.535657
0.622264
0.481597
0.565282
0.475425
0.556082
0.360256
0.680591
0.518335
0.520618
0.40782
0.383091
0.444387
0.609679
0.512183
0.426411
0.389528
0.47686
0.437985
0.449032
0.562258
0.567625
0.507635
0.586535
0.47237
0.587978
0.647791
0.576455
0.42569
0.485568
0.568438
0.586634
0.402904
0.517336
0.643689
0.558563
0.498927
0.380683
0.439427
0.490622
0.625286
0.424901
0.58449
0.501267
0.541411
0.478504
0.391763
0.522089
0.516809
0.410374
0.430954
0.485357
0.433282
0.410392
0.473934
0.579559
0.529722
0.627293
0.382482
0.534111
0.483678
0.660582
0.382927
0.546832
0.486733
0.44416
0.708356
0.372583
0.468389
0.380938
0.311196
0.672297
0.472101
0.396002
0.390981
0.621937
0.687803
0.540037
0.600393
0.394541
0.639798
0.410097
0.464849
0.607845
0.598875
0.47913
0.627005
0.447814
0.577847
0.59278
0.580944
0.344815
0.621797
0.504499
0.654298
0.304632
0.435444
0.569353
0.368694
0.334968
0.360677
0.63615
0.493054
0.471414
0.398972
0.578262
0.529409
0.58509
0.517491
0.561598
0.471119
0.50109
0.532642
0.508086
0.546988
0.593687
0.40234
0.409998
0.537049
0.458121
0.61154
0.578357
0.586715
0.639771
0.555477
0.415099
0.395911
0.384742
0.527538
0.640611
0.508064
0.47053
0.346118
0.475839
0.272977
0.605149
0.419048
0.444095
0.667948
0.556879
0.607403
0.588077
0.552652
0.422944
0.491425
0.438123
0.434373
0.47904
0.447713
0.641083
0.367433
0.502335
0.544463
0.496965
0.579219
0.443102
0.428798
0.418877
0.409687
0.469261
0.558989
0.542265
0.386873
0.436663
0.403541
0.577554
0.457445
0.557295
0.572141
0.68731
0.424803
0.434888
0.405362
0.533534
0.426239
0.455896
0.439743
0.515044
0.508938
0.564844
0.297709
0.416133
0.431288
0.551242
0.563409
0.537214
0.440259
0.439762
0.649954
0.399074
0.463992
0.41301
0.462047
0.486892
0.52568
0.638295
0.472966
0.620581
0.484039
0.426514
0.402295
0.480383
0.571717
0.591157
0.41607
0.39155
0.564937
0.4907
0.507857
0.526027
0.441484
0.464769
0.607806
0.441972
0.463144
0.445925
0.388669
0.626548
0.586568
0.474809
0.464893
0.594585
0.574331
0.422136
0.530208
0.592704
0.474221
0.473052
0.43956
0.602493
0.581914
0.518021
0.62305
0.541458
0.509775
0.560801
0.419316
0.478615
0.472874
0.493203
0.654274
0.518718
0.463376
0.437106
0.433707
0.42266
0.578086
0.528386
0.498809
0.537123
0.592044
0.480851
0.433298
0.438657
0.606347
0.498437
0.372445
0.500111
0.659286
0.690911
0.396996
0.476612
0.488351
0.605582
0.371969
0.44054
0.483298
0.663767
0.409487
0.465644
0.356148
0.541662
0.544818
0.518247
0.583219
0.372408
0.430593
0.448959
0.450679
0.286303
0.578204
0.424033
0.323852
0.598489
0.577165
0.510374
0.4842
0.497348
0.527779
0.413589
0.541312
0.464309
0.449725
0.380874
0.578745
0.583605
0.499526
0.452886
0.52802
0.470734
0.495479
0.518208
0.519413
0.500199
0.388247
0.423731
0.448433
0.499574
0.469989
0.429209
0.379912
0.46275
0.587845
0.490094
0.432778
0.60521
0.442361
0.599515
0.437938
0.448957
0.393687
0.612103
0.527031
0.519117
0.630806
0.616259
0.538496
0.417261
0.566503
0.45218
0.453089
0.53407
0.512757
0.529765
0.30912
0.592505
0.561164
0.429682
0.510943
0.444349
0.551921
0.524538
0.474119
0.447133
0.409162
0.418784
0.454541
0.532065
0.698645
0.518947
0.515112
0.402789
0.433607
0.447773
0.640889
0.504984
0.456032
0.581999
0.445863
0.442807
0.544622
0.596354
0.432104
0.525867
0.387589
0.307679
0.5246
0.42332
0.568353
0.468535
0.368445
0.516055
0.390947
0.676162
0.462058
0.433149
0.476894
0.554949
0.542489
0.552713
0.52862
0.630898
0.610534
0.51995
0.453759
0.58406
0.280461
0.359812
0.589829
0.592687
0.489237
0.55094
0.461131
0.643234
0.695673
0.453583
0.619331
0.325171
0.387277
0.414863
0.616201
0.47117
0.445307
0.544831
0.593331
0.541364
0.555535
0.498576
0.482926
0.327062
0.54678
0.499673
0.417344
0.539563
0.49082
0.350885
0.385091
0.52169
0.379339
0.451942
0.541097
0.415803
0.452507
0.397663
0.468362
0.473499
0.54691
0.563204
0.423522
0.558539
0.606831
0.56856
0.70979
0.452696
0.481335
0.527608
0.513813
0.432578
0.52872
0.477822
0.424664
0.292221
0.403534
0.65099
0.414546
0.600154
0.445358
0.614276
0.477698
0.47373
0.282233
0.579818
0.417078
0.608248
0.52335
0.418723
0.446252
0.43818
0.481331
0.515865
0.419599
0.520044
0.451524
0.453976
0.581786
0.565918
0.486732
0.35269
0.525519
0.562569
0.500403
0.566608
0.529495
0.447486
0.378269
0.506361
0.392479
0.313991
0.459542
0.709056
0.554718
0.530122
0.404589
0.453587
0.428389
0.412302
0.501473
0.433305
0.383032
0.414771
0.404999
0.493979
0.454277
0.381724
0.373036
0.478132
0.36143
0.411378
0.489725
0.388303
0.549509
0.526449
0.399949
0.516426
0.508019
0.347219
0.264883
0.450949
0.661042
0.455066
0.544054
0.555889
0.364721
0.209397
0.607086
0.515351
0.533259
0.448557
0.545504
0.542878
0.548301
0.493274
0.710003
