0.468795
0.503586
0.495754
0.513579
0.505878
0.494318
0.479791
0.540971
0.544315
0.482528
0.456644
0.468554
0.49679
0.525135
0.523447
0.509102
0.504783
0.497238
0.526466
0.51447
0.486199
0.514367
0.481629
0.520592
0.490804
0.504185
0.544143
0.434034
0.529936
0.507256
0.483229
0.519693
0.484407
0.491314
0.508255
0.537725
0.494858
0.493604
0.490832
0.513134
0.534466
0.537381
0.499227
0.473243
0.468777
0.483186
0.485401
0.506373
0.540586
0.507489
0.485086
0.470517
0.497994
0.5284
0.473958
0.528738
0.455432
0.520446
0.446481
0.4938
0.517363
0.484868
0.502665
0.510057
0.470179
0.484954
0.49605
0.553481
0.51503
0.456756
0.507098
0.479349
0.525359
0.48326
0.528803
0.517853
0.559246
0.450519
0.511011
0.462197
0.53956
0.504746
0.468258
0.498615
0.507095
0.432169
0.47274
0.490796
0.494881
0.482823
0.539011
0.479863
0.529231
0.470691
0.460224
0.492235
0.55209
0.483467
0.518201
0.502577
0.543486
0.490764
0.521784
0.530047
0.473746
0.551151
0.503098
0.504034
0.449227
0.461805
0.498712
0.536987
0.495762
0.495692
0.467246
0.467597
0.484138
0.459716
0.562978
0.439516
0.509715
0.480473
0.502569
0.490564
0.515048
0.515809
0.478344
0.525407
0.479651
0.477507
0.47969
0.482597
0.429818
0.461102
0.551573
0.460238
0.536124
0.477988
0.520295
0.521686
0.496031
0.519289
0.555723
0.542495
0.48237
0.554408
0.490033
0.538643
0.547191
0.532714
0.49965
0.526858
0.482423
0.477627
0.517723
0.53082
0.497334
0.481419
0.579955
0.48448
0.540621
0.460882
0.496983
0.511799
0.519583
0.500014
0.456807
0.528043
0.511072
0.497314
0.476731
0.521453
0.493252
0.511343
0.47672
0.519857
0.48931
0.511744
0.557853
0.503044
0.486358
0.518787
0.538817
0.445664
0.473633
0.492401
0.514843
0.456944
0.534432
0.519739
0.527097
0.50195
0.481861
0.49122
0.445159
0.525752
0.49768
0.483495
0.502715
0.53423
0.470075
0.489037
0.500475
0.501056
0.497339
0.457343
0.510438
0.502982
0.529269
0.501526
0.502459
0.540799
0.505363
0.485123
0.495969
0.44042
0.467783
0.519394
0.472549
0.478989
0.519965
0.503694
0.488763
0.472892
0.500871
0.472528
0.485715
0.47546
0.496708
0.490856
0.527013
0.520673
0.469151
0.464525
0.493434
0.480693
0.483322
0.493766
0.499191
0.455329
0.465861
0.467931
0.489718
0.437681
0.503471
0.491961
0.479015
0.483558
0.489456
0.515238
0.496613
0.469859
0.48212
0.541168
0.49038
0.468951
0.488774
0.522615
0.451196
0.48319
0.511162
0.484813
0.496944
0.5305
0.471952
0.469087
0.422187
0.470368
0.473046
0.517403
0.457223
0.506308
0.411932
0.467196
0.476256
0.556158
0.491866
0.504356
0.474426
0.446804
0.54292
0.512016
0.469379
0.492469
0.525623
0.474161
0.566512
0.486747
0.527731
0.53555
0.460605
0.519988
0.478218
0.523781
0.508317
0.49857
0.507497
0.517942
0.560133
0.483203
0.503508
0.51006
0.525514
0.506656
0.509485
0.521405
0.453401
0.534189
0.463086
0.477633
0.529536
0.479939
0.533304
0.501444
0.509102
0.487707
0.50137
0.489586
0.500536
0.547297
0.490166
0.514317
0.508654
0.44756
0.534028
0.491964
0.466613
0.480512
0.485441
0.451866
0.489956
0.510957
0.509443
0.54119
0.504655
0.540995
0.499626
0.458216
0.489761
0.482684
0.454371
0.508701
0.488667
0.510291
0.470719
0.501169
0.532919
0.512134
0.47751
0.528086
0.505756
0.505607
0.4925
0.487102
0.507923
0.430494
0.498805
0.447041
0.500928
0.486184
0.498224
0.505504
0.538395
0.53781
0.475563
0.531669
0.48073
0.414651
0.503661
0.516498
0.506224
0.513497
0.568217
0.476363
0.473789
0.478847
0.4884
0.537047
0.512627
0.553535
0.505493
0.563388
0.531421
0.471583
0.552419
0.44251
0.454694
0.483127
0.509368
0.474576
0.491691
0.491503
0.494581
0.487736
0.464256
0.513923
0.494515
0.474743
0.516276
0.495557
0.506031
0.456224
0.492903
0.562689
0.533473
0.478273
0.505671
0.507843
0.50621
0.49514
0.488737
0.517679
0.515096
0.551503
0.458405
0.482871
0.497414
0.492063
0.445461
0.457968
0.500474
0.465113
0.501646
0.508394
0.501551
0.527338
0.485207
0.550164
0.499493
0.492091
0.483299
0.510438
0.47489
0.48458
0.510329
0.475235
0.501943
0.46499
0.519401
0.517263
0.50628
0.548886
0.517901
0.507941
0.485536
0.564714
0.474946
0.50414
0.479688
0.50467
0.527781
0.54419
0.477741
0.473873
0.520793
0.505246
0.4438
0.518442
0.450151
0.489884
0.493289
0.475699
0.503005
0.498558
0.448848
0.546529
0.455633
0.509344
0.514785
0.537051
0.482742
0.548251
0.480948
0.531391
0.490254
0.49563
0.510135
0.536903
0.474789
0.490524
0.516748
0.511547
0.510029
0.442283
0.474242
0.529525
0.465843
0.56229
0.482172
0.524131
0.507883
0.537194
0.502212
0.545666
0.518602
0.494421
0.549454
0.536632
0.457033
0.423787
0.48538
0.529559
0.516446
0.479869
0.484345
0.423094
0.529586
0.529102
0.489454
0.511901
0.483195
0.468732
0.52388
0.498223
0.49731
0.473258
0.516469
0.511951
0.484531
0.492482
0.516759
0.446303
0.471041
0.52095
0.467658
0.500233
0.453206
0.493669
0.477096
0.536758
0.499562
0.49848
0.50618
0.48549
0.521924
0.540716
0.496982
0.545242
0.455412
0.52395
0.516247
0.557708
0.470067
0.45505
0.506537
0.531846
0.524511
0.500786
0.428463
0.503683
0.518584
0.489999
0.537363
0.515995
0.491519
0.478241
0.496218
0.502785
0.496575
0.482052
0.503044
0.488689
0.5114
0.485346
0.512252
0.46989
0.559452
0.52347
0.50642
0.518568
0.532132
0.504156
0.506357
0.485196
0.501191
0.510764
0.464007
0.494119
0.502446
0.533397
0.470678
0.533651
0.501858
0.461108
0.500556
0.492319
0.501808
0.467327
0.539619
0.517611
0.523568
0.473203
0.47044
0.484485
0.511927
0.496665
0.544759
0.505404
0.44023
0.53253
0.517203
0.499563
0.504827
0.526341
0.49643
0.507506
0.523759
0.465026
0.535878
0.485642
0.430743
0.484698
0.508499
0.545218
0.469624
0.491619
0.507222
0.527434
0.458167
0.525569
0.515191
0.510793
0.498859
0.508462
0.535612
0.590723
0.510446
0.503963
0.473943
0.475733
0.476832
0.508777
0.467622
0.447834
0.548281
0.542619
0.483808
0.50601
0.473402
0.467946
0.525172
0.429888
0.463952
0.471325
0.451833
0.488396
0.484838
0.490132
0.491193
0.475046
0.511028
0.553627
0.479229
0.555793
0.574832
0.515584
0.493509
0.49095
0.504912
0.50159
0.533503
0.547881
0.452182
0.50384
0.484933
0.471568
0.513352
0.511545
0.540201
0.482496
0.477058
0.446361
0.44787
0.534991
0.45745
0.516968
0.514492
0.475277
0.501823
0.519647
0.536692
0.508228
0.527966
0.485124
0.495464
0.474552
0.532107
0.483596
0.518203
0.501423
0.467659
0.529013
0.500176
0.532159
0.50518
0.523692
0.49811
0.500115
0.487547
0.490845
0.51206
0.522386
0.51047
0.491747
0.445123
0.518923
0.485254
0.461721
0.489838
0.508577
0.451561
0.493659
0.508594
0.437845
0.56833
0.575751
0.46604
0.506175
0.503591
0.548908
0.455083
0.481534
0.533402
0.510826
0.511892
0.521522
0.480655
0.536407
0.498916
0.472548
0.488873
0.499772
0.494393
0.507378
0.481125
0.473656
0.475608
0.489118
0.48977
0.482363
0.51009
0.501246
0.515215
0.526962
0.485896
0.467474
0.477433
0.471121
0.501922
0.520955
0.543407
0.525708
0.444176
0.480489
0.48833
0.457418
0.523366
0.506772
0.480516
0.509302
0.505468
0.518672
0.470384
0.516606
0.494889
0.525331
0.475843
0.513556
0.48568
0.502803
0.495562
0.533227
0.559985
0.516475
0.562999
0.495683
0.504922
0.54654
0.516203
0.498799
0.474233
0.44031
0.494215
0.468396
0.502143
0.500481
0.464001
0.520365
0.48472
0.483831
0.489854
0.512438
0.53504
0.51301
0.465939
0.520008
0.462111
0.559168
0.508605
0.482914
0.520964
0.463354
0.527046
0.506309
0.452146
0.441342
0.459663
0.535299
0.543385
0.457445
0.483469
0.466512
0.495922
0.482612
0.462499
0.471059
0.498222
0.517229
0.492878
0.511335
0.479393
0.472207
0.478065
0.527604
0.47415
0.505844
0.485599
0.516232
0.532481
0.511566
0.515628
0.499038
0.480463
0.48599
0.496051
0.510658
0.504718
0.533075
0.493983
0.484113
0.531186
0.543063
0.469832
0.500961
0.516082
0.504797
0.540963
0.431762
0.508796
0.520435
0.51089
0.478196
0.464715
0.50404
0.429597
0.519536
0.518796
0.509027
0.474391
0.506698
0.504362
0.486211
0.468073
0.466516
0.508409
0.49994
0.531566
0.516239
0.472534
0.475332
0.515975
0.464272
0.453167
0.529053
0.519706
0.484674
0.524156
0.531523
0.481453
0.529277
0.471094
0.468313
0.531419
0.479347
0.518415
0.517564
0.466182
0.525898
0.528599
0.522159
0.530869
0.515458
0.477227
0.44687
0.515664
0.530545
0.536398
0.466271
0.553265
0.504426
0.509648
0.500904
0.515039
0.506915
0.532498
0.461472
0.486321
0.470243
0.519816
0.464743
0.517885
0.491056
0.493953
0.532579
0.53512
0.504508
0.543805
0.52753
0.502751
0.534051
0.553316
0.441965
0.522446
0.449256
0.490951
0.452068
0.453703
0.483942
0.555467
0.522794
0.458497
0.48587
0.504029
0.472475
0.489394
0.533329
0.497103
0.478879
0.488357
0.46658
0.472961
0.514527
0.460632
0.495976
0.485823
0.470617
0.450993
0.537681
0.498788
0.445226
0.454089
0.502506
0.535464
0.56017
0.502141
0.518805
0.535281
0.503003
0.515091
0.522326
0.546048
0.541511
0.429041
0.543891
0.549681
0.554214
0.465745
0.547189
0.502819
0.480117
0.517936
0.49779
0.555632
0.504631
0.500496
0.487775
0.513346
0.528008
0.544935
0.527072
0.542367
0.511628
0.528422
0.455902
0.535258
0.520988
0.500055
0.511342
0.428586
0.53547
0.475148
0.505715
0.491653
0.556067
0.486762
0.48215
0.500821
0.584898
0.535311
0.454731
0.50752
0.501659
0.52505
0.541787
0.546256
0.483431
0.520389
0.519886
0.501399
0.513764
0.47635
0.522622
0.529477
0.499146
0.450669
0.469529
0.523369
0.491108
0.520176
0.536184
0.464587
0.541559
0.514535
0.524495
0.489668
0.511277
0.558337
0.511208
0.488653
0.508575
0.488764
0.482988
0.497348
0.527071
0.507173
0.51381
0.519605
0.477207
0.516533
0.528529
0.477056
0.473803
0.525311
0.487109
0.490162
0.484411
0.511963
0.461284
0.481952
0.524866
0.534277
0.452324
0.52028
0.518492
0.529271
0.529477
0.546181
0.513077
0.524243
0.502296
0.485894
0.492035
0.477325
0.489381
0.528035
0.498658
0.544538
0.468047
0.503539
0.504935
0.509642
0.442422
0.480234
0.470823
0.483048
0.520083
0.511368
0.521444
0.495421
0.505412
0.47318
0.531278
0.537862
0.508579
0.483871
0.486869
0.455281
0.547572
0.56578
0.474312
0.510753
0.462858
0.505189
0.516162
0.488955
0.44506
0.487505
0.510397
0.537111
0.470065
0.525583
0.512943
0.50358
0.45786
0.517463
0.492602
0.460973
0.557995
0.494414
0.543085
0.484068
0.525839
0.515589
0.489095
0.501347
0.515573
0.459126
0.508471
0.499554
0.538829
0.458407
0.486301
0.455971
0.506158
0.466322
0.490365
0.515002
0.549035
0.424432
0.509907
0.518922
0.521986
0.530526
0.531241
0.505301
0.490682
0.502049
0.493514
0.48138
0.555255
0.497126
0.471127
0.506836
0.530349
0.497262
0.420742
0.541119
0.457696
0.488795
0.559694
0.52947
0.534433
0.504747
0.488059
0.492609
0.492933
0.541047
0.493329
0.471517
0.499426
0.501818
0.511378
0.497634
0.481124
0.484305
0.508454
0.50736
0.570592
0.45526
0.524848
0.454514
0.505698
0.488252
0.479115
0.444947
0.506835
0.468994
0.483083
0.495703
0.482719
0.471082
0.505779
0.503997
0.505673
0.509134
0.498211
0.480287
0.577969
0.446051
0.474395
0.472029
0.55652
0.477874
0.52454
0.523381
0.50326
0.537686
0.488525
0.480839
0.476022
0.491161
0.543301
0.481587
0.528175
0.531571
0.479359
0.520237
0.469963
0.485547
0.496697
0.494665
0.479416
0.532792
0.518402
0.470626
0.519378
0.460905
0.493723
0.495664
0.426403
0.54243
0.451049
0.505044
0.497123
0.532741
0.552889
0.453125
0.430121
0.516668
0.521781
0.475283
0.486555
0.534586
0.43311
0.49605
0.51392
0.548685
0.508309
0.521873
0.487832
0.503631
0.486501
0.449209
0.554838
0.53833
0.51446
0.517089
0.478222
0.446265
0.515382
0.456635
0.536493
0.530762
0.500282
0.495384
0.513801
0.569336
0.49787
0.525136
0.47428
0.495646
0.463673
0.514872
0.479124
0.453858
0.487416
0.488814
0.525057
0.484799
0.517142
0.478191
0.499693
0.513406
0.53816
0.466916
0.500279
0.461191
0.453617
0.502201
0.504514
0.500374
0.495336
0.496337
0.497358
0.492123
0.503005
0.508366
0.578882
0.547802
0.501188
0.504296
0.472665
0.504125
0.487426
0.493463
0.459604
0.533337
0.506832
0.51161
0.500089
0.515958
0.473738
0.492575
0.496005
0.548895
0.512876
0.506186
0.470552
0.529723
0.492023
0.535932
0.543118
0.512964
0.477627
0.483911
0.501757
0.533356
0.513816
0.496813
0.531045
0.513217
0.479393
0.433619
0.519318
0.516482
0.516554
0.491423
0.543162
0.508043
0.494215
0.516719
0.520893
0.527495
0.464687
0.534025
0.486405
0.558825
0.511776
0.51594
0.494656
0.487699
0.523757
0.542045
0.442717
0.537349
0.467445
0.452692
0.459044
0.453315
0.469673
0.512039
0.474698
0.502548
0.467382
0.511175
0.544057
0.417833
0.497565
0.480514
0.50592
0.505953
0.540436
0.472836
0.510689
0.49325
0.527622
0.498242
0.466104
0.518227
0.481411
0.496391
0.506905
0.455057
0.460166
0.48256
0.500404
0.478191
0.510932
0.450738
0.474358
0.552692
0.497527
0.525218
0.48613
0.493192
0.506289
0.478831
0.498781
0.504278
0.479848
0.45008
0.497891
0.496327
0.455929
0.555738
0.46564
0.537527
0.443719
0.511062
0.535805
0.453038
0.466081
0.480531
0.50101
0.516783
0.455056
0.522206
0.510861
0.502668
0.491936
0.53657
0.469549
0.528172
0.465123
0.466905
0.509936
0.481488
0.454938
0.484662
0.489875
0.477479
0.481765
0.521873
0.49182
0.527575
0.479638
0.478847
0.48705
0.481738
0.44779
0.527559
0.469937
0.459739
0.525715
0.472634
0.52211
0.489428
0.470261
0.408501
0.507977
0.466783
0.516999
0.504876
0.570242
0.534529
0.540991
0.481117
0.459178
0.510794
0.49351
0.502168
0.494793
0.50423
0.492017
0.560723
0.511707
0.492856
0.548172
0.513887
0.517543
0.48831
0.482221
0.458743
0.471711
0.520688
0.513822
0.514894
0.546151
0.533056
0.475192
0.505548
0.474639
0.525552
0.51993
0.518719
0.509261
0.492755
0.5075
0.493719
0.492124
0.501122
0.464817
0.495876
0.507189
0.501658
0.457566
0.524587
0.507869
0.481596
0.505398
0.480103
0.532656
0.507565
0.489224
0.496787
0.507793
0.498092
0.513165
0.536194
0.537794
0.496146
0.528875
0.543116
0.485797
0.493765
0.466893
0.508045
0.464549
0.435418
0.472033
0.490181
0.482215
0.513706
0.501254
0.517515
0.511506
0.515686
0.528324
0.484301
0.530764
0.489821
0.511802
0.507242
0.531051
0.508086
0.518551
0.54834
0.530321
0.408361
0.53853
0.532482
0.533799
0.502853
0.464577
0.486322
0.494283
0.485513
0.52287
0.484776
0.484706
0.474282
0.471479
0.493361
0.520211
0.541175
0.486329
0.540015
0.490595
0.485257
0.513576
0.488488
0.523542
0.516184
0.503251
0.511224
0.459169
0.453469
0.512327
0.476008
0.513993
0.473827
0.460891
0.453248
0.491631
0.494035
0.483923
0.54495
0.566248
0.47335
0.514736
0.464009
0.465844
0.439908
0.521191
0.53736
0.550888
0.481892
0.48821
0.500818
0.543942
0.513932
0.467766
0.520465
0.477885
0.478157
0.490162
0.46528
0.467238
0.520644
0.567415
0.504129
0.461559
0.524763
0.522463
0.476346
0.510864
0.529082
0.518217
0.449036
0.525471
0.497959
0.545583
0.496841
0.550354
0.523672
0.52354
0.520172
0.526793
0.494218
0.569739
0.506353
0.508487
0.475709
0.488617
0.499153
0.525959
0.547526
0.517753
0.468517
0.518581
0.472003
0.469156
0.479335
0.483276
0.496776
0.482588
0.482735
0.524467
0.483095
0.478513
0.498017
0.491286
0.472541
0.518248
0.496775
0.516061
0.517283
0.490492
0.477086
0.494047
0.509731
0.540721
0.510411
0.477105
0.462542
0.495908
0.511346
0.545107
0.506057
0.518861
0.48874
0.535597
0.513125
0.494378
0.510405
0.475457
0.483484
0.535977
0.507852
0.465198
0.514623
0.546798
0.50221
0.534673
0.501573
0.497187
0.501401
0.499387
0.499543
0.534775
0.536868
0.494057
0.496886
0.47684
0.464887
0.511027
0.535056
0.498326
0.561755
0.579212
0.498865
0.503905
0.52504
0.50507
0.543712
0.478426
0.457402
0.519693
0.531034
0.469629
0.502351
0.48657
0.498489
0.492864
0.480124
0.472684
0.541153
0.538436
0.496164
0.507019
0.518743
0.512222
0.453798
0.500545
0.525632
0.456281
0.488788
0.533186
0.559404
0.438437
0.508151
0.516808
0.509676
0.483249
0.506543
0.492887
0.482263
0.558844
0.485797
0.512535
0.502128
0.509095
0.457651
0.442846
0.520482
0.501794
0.523598
0.480335
0.491982
0.515219
0.46601
0.484024
0.52068
0.572853
0.549472
0.480002
0.471997
0.542194
0.462406
0.501312
0.482229
0.527864
0.456041
0.458852
0.460866
0.496859
0.492224
0.482912
0.483047
0.500149
0.480846
0.495865
0.535931
0.518802
0.515779
0.497535
0.525142
0.530202
0.551434
0.545334
0.431562
0.498052
0.521967
0.508187
0.474316
0.511716
0.48958
0.544106
0.530661
0.499172
0.55801
0.517618
0.551095
0.488862
0.532873
0.522801
0.510494
0.528946
0.550362
0.471458
0.516377
0.519396
0.515279
0.515665
0.481455
0.46828
0.516164
0.519385
0.463046
0.517586
0.553449
0.480933
0.429006
0.516525
0.517369
0.467989
0.482923
0.548723
0.534076
0.492993
0.499266
0.5293
0.473221
0.477203
0.490186
0.501181
0.506231
0.544473
0.497864
0.464915
0.52357
0.528596
0.484559
0.474507
0.524854
0.518799
0.516788
0.519666
0.488805
0.504653
0.531868
0.45794
0.500092
0.485933
0.482333
0.485065
0.458395
0.521776
0.537843
0.503619
0.466908
0.482076
0.501773
0.509536
0.521911
0.49895
0.513786
0.488463
0.478598
0.466507
0.489907
0.465921
0.505615
0.49705
0.536684
0.49744
0.462263
0.525651
0.486689
0.474894
0.467549
0.468215
0.515821
0.477551
0.534043
0.464263
0.520187
0.507559
0.501994
0.516191
0.476665
0.52478
0.528779
0.501554
0.515267
0.4724
0.563576
0.487198
0.508404
0.482299
0.515308
0.49043
0.481703
0.520606
0.506159
0.488199
0.503295
0.477131
0.597501
0.531863
0.522519
0.493001
0.498953
0.48416
0.523573
0.48331
0.500948
0.51764
0.4732
0.509211
0.532977
0.585337
0.483132
0.567063
0.493346
0.516607
0.497226
0.559669
0.479213
0.529419
0.456715
0.490264
0.463833
0.486313
0.483712
0.482567
0.487929
0.518109
0.506422
0.53064
0.499357
0.510452
0.512805
0.576989
0.496835
0.528915
0.536101
0.522644
0.468133
0.489799
0.483788
0.492773
0.484024
0.506528
0.522206
0.490589
0.50424
0.499053
0.513672
0.480425
0.485155
0.489499
0.508432
0.466722
0.522616
0.501285
0.507459
0.507025
0.507451
0.449446
0.520785
0.472748
0.558893
0.501922
0.496403
0.455557
0.511841
0.474011
0.519331
0.504055
0.483563
0.52091
0.478714
0.47878
0.498627
0.578266
0.576563
0.488184
0.476739
0.524429
0.516974
0.484202
0.437012
0.550763
0.517892
0.529885
0.491574
0.508442
0.479704
0.510496
0.468439
0.503192
0.486318
0.54493
0.496857
0.523278
0.472925
0.480128
0.538487
0.533029
0.538324
0.507825
0.53448
0.453644
0.42734
0.502249
0.505945
0.466433
0.516119
0.48905
0.482273
0.483046
0.521983
0.49212
0.488202
0.476658
0.481439
0.502344
0.477232
0.496449
0.583332
0.506086
0.466775
0.483885
0.540283
0.49544
0.454664
0.513269
0.528183
0.467473
0.449428
0.483359
0.526471
0.506021
0.48731
0.457345
0.509419
0.466077
0.49495
0.491652
0.495506
0.496464
0.510986
0.484617
0.490291
0.5262
0.554635
0.534543
0.52553
0.576266
0.509871
0.537044
0.496958
0.509658
0.507688
0.496955
0.528868
0.461808
0.481541
0.517858
0.460316
0.475905
0.48362
0.487406
0.480126
0.498618
0.51317
0.479921
0.467373
0.478635
0.503567
0.53686
0.499294
0.464967
0.546557
0.485675
0.473355
0.513836
0.492559
0.49342
0.541295
0.514164
0.535215
0.505262
0.515838
0.552451
0.494458
0.478192
0.47201
0.410443
0.541954
0.451145
0.514827
0.44362
0.516432
0.49303
0.528846
0.456369
0.507543
0.466386
0.534639
0.469817
0.556976
0.508084
0.478045
0.537745
0.512715
0.532179
0.515272
0.519619
0.497195
0.461983
0.5299
0.516106
0.46109
0.51193
0.555031
0.562244
0.534322
0.52453
0.472821
0.524555
0.508999
0.512112
0.522061
0.498495
0.486951
0.538104
0.50638
0.521038
0.470191
0.528347
0.556897
0.44158
0.466491
0.532775
0.522672
0.492723
0.486209
0.486007
0.491926
0.510039
0.425276
0.521258
0.466349
0.493028
0.489763
0.518765
0.479086
0.501986
0.456131
0.520902
0.506965
0.519671
0.459508
0.496612
0.494389
0.492443
0.51235
0.518586
0.459666
0.510074
0.519281
0.429741
0.489879
0.536055
0.534494
0.538472
0.456778
0.486791
0.448762
0.481469
0.459662
0.463062
0.514871
0.539514
0.513669
0.470432
0.516516
0.493295
0.495812
0.511887
0.455234
0.520056
0.501118
0.544203
0.473592
0.525795
0.544294
0.515524
0.490473
0.542279
0.477912
0.498093
0.522198
0.489832
0.532681
0.533323
0.500683
0.490918
0.494546
0.560431
0.534753
0.479281
0.535622
0.513966
0.504985
0.504986
0.484881
0.481969
0.515082
0.488636
0.496179
0.449501
0.483278
0.505255
0.534477
0.474296
0.461241
0.522365
0.497375
0.5082
0.463686
0.501902
0.51428
0.483337
0.549401
0.513656
0.43674
0.530257
0.505814
0.424206
0.450848
0.497471
0.466848
0.48686
0.515642
0.49806
0.51933
0.518796
0.490071
0.486358
0.511248
0.489503
0.487329
0.4534
0.516201
0.543522
0.499322
0.516813
0.497836
0.486
0.527744
0.522723
0.514555
0.483531
0.454665
0.506368
0.525913
0.503366
0.453653
0.519908
0.46549
0.52586
0.521771
0.469422
0.46724
0.405557
0.522654
0.483151
0.489173
0.576637
0.482213
0.494371
0.4794
0.43151
0.489274
0.559414
0.438117
0.506193
0.510149
0.512227
0.525141
0.512427
0.492199
0.54065
0.471163
0.498259
0.577477
0.454699
0.47448
0.524289
0.540065
0.523166
0.477962
0.537287
0.470016
0.511657
0.539127
0.502363
0.478227
0.538398
0.570091
0.529851
0.501152
0.503103
0.478917
0.538734
0.473326
0.507216
0.468974
0.501206
0.523681
0.505437
0.514493
0.5047
0.52071
0.534142
0.43786
0.502362
0.482856
0.510918
0.474074
0.462665
0.488853
0.526964
0.511614
0.542076
0.476826
0.488575
0.51631
0.524644
0.481714
0.486788
0.5269
0.532648
0.496542
0.52159
0.523693
0.565518
0.457668
0.484414
0.545414
0.515573
0.468366
0.493905
0.547314
0.529268
0.541243
0.46462
0.520854
0.511984
0.505516
0.498468
0.515719
0.484714
0.50074
0.543284
0.493471
0.489699
0.535307
0.470698
0.557183
0.52325
0.475393
0.52738
0.550257
0.453198
0.5144
0.471403
0.499689
0.447712
0.474728
0.488629
0.505366
0.434361
0.504886
0.519206
0.549665
0.536617
0.497473
0.488494
0.4742
0.489932
0.520209
0.4661
0.532393
0.55638
0.520648
0.51539
0.511261
0.533362
0.480523
0.454403
0.498402
0.435782
0.491112
0.506413
0.487777
0.516229
0.420693
0.473293
0.494574
0.447486
0.543765
0.49347
0.48217
0.49848
0.489141
0.505922
0.495694
0.496404
0.508935
0.521349
0.527114
0.477336
0.509019
0.56691
0.479341
0.514269
0.473585
0.515178
0.474973
0.452807
0.478331
0.529813
0.565452
0.523786
0.472173
0.515543
0.513873
0.47892
0.468056
0.487517
0.482158
0.511188
0.517558
0.511087
0.502962
0.467746
0.510477
0.493537
0.436528
0.493265
0.52003
0.4371
0.514634
0.493418
0.50778
0.489582
0.442682
0.482414
0.558457
0.486598
0.465642
0.498106
0.49106
0.488033
0.526897
0.476367
0.452743
0.487919
0.485413
0.502416
0.493178
0.536655
0.458013
0.478931
0.472696
0.524718
0.511291
0.483384
0.473902
0.475309
0.488577
0.53114
0.482389
0.498371
0.469291
0.45592
0.488816
0.4435
0.511493
0.515455
0.485844
0.553297
0.528243
0.492862
0.415548
0.495153
0.452185
0.510774
0.506985
0.485458
0.468744
0.510989
0.533083
0.457965
0.489497
0.517288
0.499883
0.466664
0.492179
0.499124
0.500954
0.510728
0.482624
0.546614
0.521164
0.500565
0.507405
0.48196
0.490876
0.418405
0.505167
0.447111
0.409547
0.471358
0.529146
0.532967
0.509638
0.483661
0.503568
0.501294
0.526586
0.483735
0.505176
0.485893
0.462761
0.521164
0.535659
0.412826
0.4608
0.495771
0.443749
0.489247
0.475692
0.497437
0.482962
0.514631
0.50234
0.493044
0.500168
0.48094
0.533614
0.544895
0.539797
0.506792
0.48242
0.509409
0.491882
0.493663
0.510451
0.497737
0.534206
0.539629
0.483687
0.496013
0.521861
0.470592
0.448734
0.522402
0.516531
0.482919
0.501852
0.52978
0.475711
0.524653
0.48109
0.501123
0.475903
0.559379
0.516429
0.510578
0.500942
0.479208
0.47137
0.503575
0.542578
0.504999
0.502705
0.507543
0.561863
0.51266
0.479033
0.504956
0.53376
0.517142
0.543681
0.455016
0.46944
0.516552
0.454584
0.529826
0.489175
0.519259
0.459478
0.505268
0.509522
0.495983
0.560467
0.53462
0.468542
0.513094
0.515209
0.480823
0.508661
0.474928
0.453253
0.476779
0.522999
0.551536
0.474846
0.517794
0.548333
0.497011
0.494401
0.432126
0.509683
0.52673
0.429364
0.518311
0.465025
0.543898
0.461718
0.526347
0.489396
0.467327
0.463421
0.493675
0.459708
0.457009
0.503724
0.522937
0.510574
0.506149
0.548412
0.547449
0.507876
0.421582
0.475011
0.539164
0.495512
0.516917
0.461244
0.497677
0.527022
0.431767
0.480645
0.475678
0.486594
0.491281
0.493473
0.489337
0.491663
0.501791
0.509239
0.496679
0.443258
0.483622
0.485024
0.464369
0.491508
0.50849
0.513917
0.504397
0.495274
0.488442
0.509279
0.472925
0.489712
0.500092
0.468753
0.474911
0.492138
0.512125
0.515336
0.553203
0.4926
0.498464
0.502416
0.535269
0.493351
0.497266
0.471261
0.466684
0.538685
0.525073
0.51332
0.500889
0.478999
0.465233
0.487296
0.560738
0.482549
0.546497
0.471394
0.507167
0.511422
0.46114
0.517263
0.512971
0.559927
0.494336
0.487004
0.480506
0.457393
0.503491
0.418976
0.507709
0.479185
0.45032
0.506297
0.502428
0.499801
0.554291
0.437111
0.552694
0.429556
0.510319
0.510723
0.507026
0.476813
0.550486
0.500748
0.534114
0.459945
0.516763
0.548156
0.473451
0.440396
0.489618
0.529715
0.459488
0.488714
0.523617
0.477089
0.520621
0.469393
0.482342
0.496946
0.568391
0.532008
0.48152
0.479464
0.509221
0.540709
0.499736
0.502687
0.494658
0.489077
0.531663
0.477132
0.534924
0.51043
0.526398
0.481206
0.480031
0.519863
0.507227
0.527142
0.478471
0.53157
0.50038
0.514694
0.50598
0.50515
0.522549
0.527428
0.549327
0.474419
0.442684
0.550092
0.483242
0.487288
0.520111
0.507616
0.43877
0.508901
0.485333
0.502264
0.503866
0.512675
0.489791
0.498974
0.490469
0.484805
0.475147
0.444459
0.532105
0.512288
0.489774
0.533423
0.474577
0.509869
0.486074
0.463446
0.458204
0.492302
0.498003
0.450978
0.462222
0.482249
0.538615
0.525206
0.51518
0.448965
0.497292
0.488932
0.469338
0.519722
0.491248
0.559466
0.461161
0.510068
0.519534
0.476348
0.474896
0.534479
0.509178
0.493381
0.497491
0.545963
0.514895
0.522018
0.448907
0.476021
0.502988
0.514439
0.488997
0.547723
0.495031
0.52406
0.511486
0.514645
0.49235
0.515256
0.509219
0.495812
0.492875
0.494008
0.540715
0.515295
0.449712
0.459516
0.494469
0.498541
0.517684
0.530804
0.463877
0.470479
0.466378
0.525305
0.474357
0.488592
0.471903
0.49856
0.498324
0.470308
0.523098
0.505184
0.504677
0.517144
0.506258
0.542899
0.533029
0.498895
0.455044
0.518059
0.50612
0.520871
0.476154
0.544501
0.484534
0.532388
0.488875
0.531202
0.445939
0.474468
0.456269
0.482779
0.522726
0.52687
0.487264
0.50776
0.521185
0.503822
0.504126
0.462795
0.523485
0.520755
0.498748
0.499639
0.456923
0.545842
0.495542
0.535119
0.495722
0.531678
0.520099
0.503836
0.522312
0.500807
0.529902
0.51382
0.468557
0.51926
0.486754
0.486008
0.532958
0.496516
0.528021
0.505723
0.494718
0.534548
0.513138
0.413625
0.465705
0.503937
0.473431
0.483507
0.533274
0.499217
0.491938
0.545848
0.488326
0.507527
0.483278
0.558616
0.471577
0.515667
0.466988
0.492324
0.495894
0.464439
0.540225
0.489955
0.50019
0.54037
0.508349
0.476902
0.518081
0.508421
0.471501
0.553395
0.464265
0.557653
0.494635
0.451085
0.505375
0.457977
0.512555
0.519979
0.52079
0.492396
0.584336
0.473141
0.494263
0.508841
0.539675
0.484309
0.489905
0.551421
0.486206
0.516099
0.483827
0.579591
0.541764
0.487681
0.467116
0.518906
0.491503
0.500369
0.51534
0.55387
0.489742
0.481813
0.495659
0.542655
0.540222
0.50823
0.488573
0.472922
0.470963
0.511898
0.525824
0.543809
0.491681
0.498572
0.52317
0.516879
0.488571
0.548963
0.485926
0.491509
0.529452
0.472408
0.47925
0.501865
0.538585
0.468911
0.463102
0.491299
0.450737
0.498461
0.482003
0.52017
0.482936
0.522199
0.504023
0.486859
0.522316
0.504314
0.524294
0.517386
0.565564
0.530742
0.497809
0.491369
0.48755
0.537459
0.523224
0.511318
0.561787
0.453662
0.491839
0.525997
0.515595
0.452398
0.562007
0.481272
0.512703
0.521579
0.547554
0.525427
0.52183
0.457769
0.552241
0.549367
0.519017
0.548262
0.478148
0.521325
0.481383
0.442198
0.50365
0.4488
0.519181
0.481733
0.486259
0.510285
0.490224
0.477245
0.550425
0.479896
0.549558
0.466988
0.501412
0.513808
0.463266
0.499114
0.438035
0.52995
0.489522
0.52792
0.535332
0.522645
0.558306
0.506933
0.513332
0.533079
0.510593
0.524238
0.488505
0.560484
0.493547
0.497522
0.488679
0.502694
0.503612
0.508933
0.513445
0.441508
0.484752
0.487846
0.472747
0.499271
0.447425
0.519759
0.481867
0.507444
0.527328
0.528037
0.529801
0.458573
0.529429
0.507592
0.446283
0.55183
0.504415
0.466328
0.521509
0.48336
0.542843
0.463342
0.483782
0.484459
0.474987
0.5096
0.51071
0.519236
0.537029
0.535561
0.485388
0.434221
0.478656
0.465423
0.459432
0.499663
0.512556
0.49638
0.48223
0.526273
0.485759
0.502905
0.459681
0.493366
0.491613
0.533459
0.516052
0.468547
0.527394
0.504889
0.500575
0.509152
0.500779
0.552536
0.508512
0.518686
0.515965
0.514583
0.464332
0.481008
0.55948
0.502883
0.543506
0.550807
0.476398
0.53511
0.49465
0.576137
0.499647
0.516869
0.479037
0.513603
0.497852
0.488789
0.490129
0.528836
0.528752
0.490756
0.530894
0.509355
0.523649
0.458761
0.489161
0.483775
0.494153
0.515608
0.474625
0.497616
0.533596
0.53277
0.511458
0.526815
0.481031
0.480675
0.55968
0.490881
0.544051
0.474577
0.513452
0.498355
0.488977
0.53709
0.496536
0.486158
0.537542
0.475159
0.490247
0.507529
0.48425
0.535146
0.461462
0.527127
0.572948
0.492093
0.535683
0.475621
0.511366
0.48934
0.506542
0.494622
0.480727
0.550778
0.458504
0.518974
0.510445
0.522293
0.480351
0.491579
0.555102
0.427168
0.546934
0.535414
0.487492
0.487065
0.513976
0.524641
0.493231
0.508025
0.504628
0.541203
0.531492
0.495932
0.466369
0.495216
0.507039
0.495177
0.49691
0.545572
0.511218
0.507832
0.495143
0.496422
0.513247
0.482842
0.541907
0.535166
0.468847
0.469696
0.499778
0.501247
0.546118
0.535471
0.481694
0.53589
0.51317
0.516462
0.484529
0.518954
0.462369
0.49112
0.481349
0.505283
0.524079
0.509785
0.431586
0.454973
0.476255
0.485435
0.524285
0.490695
0.538655
0.517145
0.476577
0.468212
0.461141
0.505385
0.516741
0.483797
0.476884
0.5148
0.515619
0.514202
0.557433
0.473044
0.558873
0.532804
0.475188
0.500025
0.493204
0.509848
0.503266
0.505275
0.4529
0.526818
0.530661
0.513983
0.543573
0.518024
0.495298
0.503858
0.501639
0.443564
0.519135
0.479749
0.452477
0.506444
0.464268
0.431143
0.528559
0.482102
0.53321
0.542829
0.528096
0.482458
0.438857
0.480767
0.514312
0.488638
0.527199
0.508921
0.493881
0.472261
0.492157
0.544494
0.488874
0.573603
0.561635
0.474197
0.453827
0.461636
0.512946
0.476431
0.498358
0.489529
0.497156
0.509592
0.52013
0.441364
0.526895
0.502096
0.494595
0.486169
0.500778
0.44075
0.452105
0.559536
0.582556
0.515816
0.519836
0.473816
0.544884
0.512481
0.46743
0.514182
0.515323
0.46433
0.470949
0.493117
0.446466
0.521843
0.495449
0.503944
0.529993
0.487145
0.507962
0.486409
0.478872
0.520501
0.49503
0.504567
0.467502
0.454146
0.503392
0.493302
0.478608
0.484383
0.555095
0.476718
0.453791
0.492436
0.443733
0.471005
0.491744
0.540623
0.490898
0.487463
0.504101
0.488071
0.505302
0.488981
0.531695
0.518846
0.483924
0.479669
0.522398
0.526852
0.566042
0.453522
0.527186
0.559032
0.517214
0.505849
0.477566
0.484293
0.502829
0.480458
0.535468
0.534372
0.460124
0.52631
0.421874
0.495172
0.526023
0.487321
0.453474
0.521538
0.517845
0.475267
0.479121
0.515385
0.485075
0.49814
0.493856
0.531095
0.497976
0.536972
0.458672
0.510633
0.505607
0.539585
0.561796
0.496948
0.476963
0.49375
0.452866
0.523597
0.520376
0.454267
0.537011
0.517562
0.515873
0.478325
0.46551
0.48306
0.490503
0.521455
0.514734
0.515262
0.462754
0.479523
0.448968
0.538993
0.474677
0.543123
0.487982
0.51317
0.441971
0.503374
0.52594
0.485651
0.550427
0.468807
0.449033
0.435766
0.498114
0.509056
0.485842
0.505251
0.524709
0.473274
0.492394
0.511718
0.525123
0.470265
0.549346
0.485567
0.496943
0.476335
0.51887
0.513132
0.51831
0.506986
0.486217
0.480594
0.518399
0.491758
0.504732
0.488357
0.479792
0.504299
0.490378
0.521679
0.507941
0.538414
0.478418
0.465263
0.511959
0.525495
0.523116
0.481556
0.486202
0.49226
0.475089
0.551616
0.515916
0.489077
0.517824
0.483457
0.534186
0.5254
0.5185
0.476193
0.481662
0.472479
0.494802
0.489219
0.488374
0.50634
0.475607
0.534394
0.515984
0.540036
0.542504
0.494129
0.468896
0.472151
0.519748
0.494957
0.493088
0.478259
0.527374
0.520901
0.504686
0.509726
0.53709
0.470865
0.502641
0.530743
0.491027
0.448892
0.452713
0.530832
0.478273
0.479905
0.502632
0.510838
0.530061
0.494208
0.470148
0.537609
0.455998
0.495885
0.529852
0.482689
0.540917
0.511383
0.483892
0.510494
0.494884
0.467388
0.463626
0.465281
0.453084
0.489795
0.519914
0.525595
0.477881
0.570381
0.469708
0.494535
0.488575
0.478723
0.480859
0.536389
0.540602
0.50226
0.536658
0.532745
0.488685
0.510037
0.522723
0.500037
0.472217
0.534474
0.526187
0.500336
0.508659
0.510952
0.517541
0.454887
0.466748
0.501593
0.516187
0.451001
0.484078
0.523296
0.475998
0.499065
0.49332
0.516893
0.496967
0.518846
0.464058
0.455209
0.530212
0.49214
0.454945
0.504725
0.503838
0.539916
0.535431
0.504007
0.495181
0.520133
0.47698
0.489175
0.543659
0.471029
0.524977
0.532619
0.520719
0.471858
0.515346
0.466305
0.47565
0.51824
0.503462
0.516327
0.54276
0.478792
0.495977
0.492651
0.517062
0.509794
0.475442
0.536864
0.515346
0.505586
0.424478
0.476907
0.514151
0.464004
0.488552
0.496924
0.464936
0.509287
0.500792
0.487965
0.514328
0.511416
0.506232
0.463807
0.499536
0.486063
0.515062
0.48047
0.48978
0.566112
0.497512
0.460703
0.453578
0.54483
0.513778
0.451196
0.512106
0.558112
0.528726
0.493524
0.504086
0.516
0.519675
0.476992
0.504238
0.468107
0.497402
0.474747
0.502807
0.441985
0.520685
0.50684
0.485455
0.504422
0.428822
0.495906
0.490613
0.435665
0.475755
0.495065
0.457303
0.501923
0.530342
0.473032
0.483795
0.497006
0.507201
0.504616
0.540509
0.489058
0.502863
0.500858
0.466582
0.539678
0.465972
0.478647
0.530641
0.481963
0.500785
0.468193
0.476319
0.469141
0.536777
0.507255
0.489226
0.508085
0.471873
0.473552
0.543234
0.456623
0.45871
0.540078
0.494644
0.526974
0.512575
0.515044
0.475898
0.50534
0.490577
0.54246
0.462342
0.534572
0.515742
0.525997
0.501289
0.447256
0.522755
0.455267
0.494951
0.46108
0.540585
0.507095
0.507297
0.542684
0.500177
0.5174
0.504938
0.467257
0.534136
0.510906
0.500948
0.458801
0.517891
0.492113
0.485427
0.528602
0.552884
0.485433
0.546459
0.427145
0.479529
0.507795
0.464018
0.484921
0.540646
0.464623
0.459023
0.501838
0.508472
0.446928
0.537702
0.496692
0.473218
0.505323
0.449063
0.526353
0.475736
0.434716
0.516194
0.490474
0.504947
0.479714
0.501845
0.523641
0.465214
0.488052
0.541322
0.49932
0.464294
0.510704
0.46151
0.451427
0.521477
0.514906
0.512467
0.451234
0.484601
0.465987
0.518811
0.479596
0.50616
0.478391
0.512068
0.490006
0.504228
0.487729
0.521063
0.477231
0.457865
0.499934
0.536625
0.474982
0.457842
0.494803
0.498309
0.473825
0.484287
0.482758
0.439039
0.537138
0.556978
0.526769
0.522418
0.498273
0.542329
0.470755
0.477544
0.581904
0.477697
0.523085
0.498769
0.498572
0.522808
0.529079
0.462858
0.510411
0.510215
0.508654
0.511539
0.537155
0.496728
0.497519
0.479756
0.511233
0.48418
0.525603
0.48754
0.491679
0.499284
0.49443
0.536182
0.499667
0.486686
0.513543
0.470216
0.528468
0.5196
0.498348
0.478987
0.502198
0.516205
0.498847
0.545807
0.523296
0.484368
0.46488
0.469908
0.501149
0.427525
0.521838
0.493846
0.519653
0.529392
0.511685
0.533474
0.503399
0.488691
0.483197
0.520038
0.528312
0.50919
0.478955
0.468831
0.48013
0.548641
0.524384
0.509287
0.537016
0.456196
0.517508
0.449992
0.516796
0.494283
0.511893
0.504519
0.48776
0.511459
0.465755
0.48912
0.499371
0.518135
0.501969
0.491339
0.462353
0.493365
0.496228
0.481574
0.512805
0.472552
0.47844
0.513174
0.52173
0.47059
0.530225
0.48086
0.479821
0.4875
0.506912
0.522326
0.460055
0.505199
0.408502
0.502007
0.515249
0.488419
0.473426
0.506039
0.492738
0.532881
0.447514
0.488787
0.527597
0.483646
0.544875
0.497742
0.479237
0.518753
0.41837
0.523969
0.524365
0.434647
0.507132
0.468829
0.501938
0.551198
0.475762
0.526537
0.45005
0.447163
0.496254
0.456131
0.510127
0.484487
0.481705
0.491945
0.488457
0.492143
0.512216
0.503605
0.44439
0.465883
0.473028
0.484183
0.568624
0.519766
0.514304
0.50977
0.516838
0.544254
0.526133
0.529388
0.469456
0.500643
0.511431
0.539394
0.508094
0.503599
0.496688
0.546997
0.526486
0.508392
0.48692
0.455125
0.505976
0.528844
0.496085
0.474505
0.514059
0.485795
0.468486
0.499563
0.539601
0.532463
0.518626
0.5114
0.532652
0.475993
0.496473
0.54246
0.451598
0.498456
0.498196
0.520856
0.513861
0.498454
0.463725
0.508449
0.507561
0.525287
0.525688
0.478767
0.484909
0.514762
0.484048
0.528016
0.469715
0.495533
0.50162
0.46619
0.53168
0.458096
0.466365
0.581693
0.486843
0.427955
0.480461
0.520833
0.546981
0.499388
0.484077
0.484657
0.47679
0.451351
0.484723
0.502727
0.482287
0.523683
0.496307
0.475424
0.519499
0.527416
0.440795
0.485962
0.505663
0.498657
0.507934
0.475718
0.455644
0.518593
0.461824
0.460298
0.504553
0.506923
0.496077
0.520666
0.49763
0.454473
0.530749
0.47286
0.512689
0.540893
0.482657
0.517723
0.485966
0.482579
0.521155
0.510624
0.429554
0.451975
0.467338
0.472833
0.494483
0.490422
0.487414
0.550052
0.486154
0.47752
0.487423
0.46741
0.502349
0.505
0.560684
0.467759
0.515684
0.517004
0.471677
0.477148
0.528745
0.484476
0.467115
0.505818
0.542028
0.495848
0.49657
0.527859
0.49852
0.505043
0.494647
0.434354
0.504115
0.462272
0.507822
0.48014
0.502096
0.492349
0.530566
0.504087
0.476301
0.493301
0.523641
0.513028
0.557173
0.473398
0.516307
0.526835
0.486468
0.509919
0.490889
0.480738
0.502019
0.481788
0.538224
0.523419
0.481844
0.517995
0.535307
0.501367
0.507628
0.490031
0.485213
0.538878
0.500927
0.469868
0.48786
0.505947
0.529785
0.491916
0.471593
0.499616
0.514358
0.509379
0.498724
0.481058
0.478462
0.472803
0.504572
0.494847
0.464386
0.532153
0.501293
0.515626
0.487074
0.488758
0.526191
0.527567
0.504541
0.496955
0.4445
0.531203
0.510711
0.47154
0.509063
0.551121
0.481598
0.452759
0.512013
0.520582
0.473142
0.501889
0.471157
0.511888
0.431847
0.534715
0.536333
0.477267
0.470003
0.541472
0.479014
0.52216
0.563141
0.510023
0.514433
0.53627
0.451922
0.487016
0.507585
0.477031
0.491558
0.485497
0.482636
0.487457
0.498821
0.466773
0.515056
0.526148
0.539414
0.456621
0.4722
0.516915
0.543415
0.532599
0.477182
0.470876
0.497331
0.48054
0.544965
0.532004
0.420669
0.485156
0.508452
0.444611
0.55393
0.588903
0.509457
0.538647
0.467691
0.51213
0.520713
0.509999
0.455765
0.489491
0.464323
0.495402
0.445283
0.481588
0.518817
0.476604
0.496519
0.467864
0.507324
0.466312
0.535157
0.4882
0.556777
0.545336
0.468236
0.473539
0.520591
0.489312
0.489012
0.495754
0.472276
0.508185
0.505189
0.51879
0.576021
0.538423
0.51431
0.520753
0.471354
0.476926
0.539304
0.462145
0.452664
0.472501
0.500753
0.501353
0.450746
0.415085
0.475203
0.492183
0.543514
0.526067
0.549799
0.483036
0.562603
0.528967
0.530051
0.503953
0.551228
0.538411
0.474669
0.503509
0.497653
0.504951
0.49143
0.467183
0.506518
0.55185
0.488743
0.484343
0.5277
0.53306
0.460654
0.456695
0.468586
0.452072
0.531126
0.497116
0.512979
0.487828
0.466695
0.548625
0.472946
0.516357
0.522335
0.503366
0.437429
0.528
0.435713
0.56272
0.486377
0.513356
0.490955
0.51416
0.448502
0.501483
0.534649
0.458012
0.481414
0.450022
0.526242
0.49705
0.509665
0.496587
0.506785
0.524149
0.46746
0.45257
0.469889
0.483554
0.487894
0.552436
0.493075
0.51611
0.521257
0.508458
0.491715
0.477247
0.496069
0.478003
0.524274
0.566298
0.475916
0.524844
0.47061
0.502294
0.474248
0.522025
0.492525
0.494389
0.46299
0.507984
0.481362
0.493475
0.469486
0.475737
0.469316
0.528889
0.530543
0.52701
0.551119
0.447736
0.520857
0.469068
0.500518
0.475165
0.527309
0.480251
0.466334
0.489459
0.548604
0.506427
0.494663
0.563989
0.512706
0.441023
0.504596
0.499775
0.480243
0.495679
0.472785
0.554992
0.47222
0.478564
0.53831
0.462958
0.509776
0.514344
0.516135
0.494742
0.503793
0.419574
0.492405
0.495359
0.46886
0.492915
0.47932
0.534827
0.48593
0.488412
0.495027
0.552178
0.496888
0.45872
0.544513
0.483314
0.473267
0.51211
0.515139
0.528147
0.548527
0.528082
0.47367
0.443133
0.47215
0.514934
0.476053
0.514614
0.522703
0.513007
0.492452
0.532551
0.5096
0.505148
0.561539
0.517878
0.504335
0.514188
0.520428
0.441513
0.467347
0.571655
0.497835
0.540169
0.481008
0.502408
0.462296
0.476957
0.510442
0.465696
0.474325
0.521761
0.532278
0.500904
0.524773
0.516901
0.488035
0.517063
0.525179
0.495309
0.538982
0.462916
0.500372
0.508179
0.456626
0.502748
0.486328
0.503228
0.466595
0.485504
0.498804
0.495313
0.510403
0.522472
0.509891
0.532418
0.481971
0.50972
0.527879
0.51518
0.515857
0.563887
0.536208
0.559214
0.548335
0.525369
0.471534
0.478819
0.523205
0.481184
0.458404
0.520239
0.490676
0.531749
0.542516
0.504618
0.546022
0.504609
0.542675
0.509506
0.539046
0.48323
0.484353
0.494619
0.476388
0.49705
0.465211
0.517052
0.514626
0.504729
0.481281
0.515303
0.496434
0.498555
0.503156
0.498273
0.501179
0.476967
0.498665
0.529086
0.493317
0.550832
0.477666
0.480172
0.491071
0.510689
0.528133
0.538641
0.548416
0.508979
0.440807
0.498833
0.509234
0.508757
0.5029
0.464651
0.48781
0.517777
0.455666
0.487476
0.449677
0.472383
0.481855
0.464324
0.489486
0.506442
0.446138
0.466697
0.486168
0.482711
0.512026
0.52676
0.480054
0.467664
0.537633
0.510808
0.412716
0.49088
0.496149
0.471124
0.450539
0.538975
0.508416
0.433969
0.565424
0.474878
0.462224
0.524464
0.498771
0.497014
0.446993
0.507178
0.495051
0.517141
0.534336
0.490897
0.490548
0.403221
0.495729
0.497503
0.525901
0.511692
0.500555
0.475153
0.515284
0.536413
0.523786
0.491131
0.4704
0.491613
0.501533
0.488419
0.490107
0.508617
0.46943
0.475774
0.468966
0.48542
0.521956
0.450288
0.501837
0.562131
0.491523
0.458593
0.4145
0.464977
0.484213
0.445712
0.577525
0.502248
0.495651
0.538018
0.482808
0.535254
0.487651
0.519371
0.459438
0.478481
0.481894
0.470738
0.532599
0.558302
0.499169
0.423845
0.531073
0.462722
0.518543
0.485686
0.468791
0.516813
0.514422
0.498019
0.525744
0.525467
0.483301
0.519253
0.51734
0.497896
0.513007
0.521579
0.57739
0.477742
0.499577
0.533647
0.481377
0.506742
0.498414
0.516208
0.45262
0.528881
0.483619
0.478503
0.500158
0.489727
0.505625
0.428488
0.495537
0.459008
0.518528
0.442794
0.471233
0.506797
0.468998
0.531957
0.479424
0.521918
0.51149
0.471395
0.502583
0.493369
0.47205
0.48688
0.525073
0.496017
0.505631
0.510816
0.547491
0.528339
0.455172
0.505678
0.491434
0.545816
0.535689
0.504692
0.515928
0.529957
0.492387
0.51378
0.538578
0.448757
0.540893
0.441191
0.526044
0.482036
0.479769
0.506481
0.507244
0.490416
0.53871
0.539251
0.525314
0.516211
0.517848
0.47921
0.501927
0.468074
0.465286
0.507901
0.496751
0.482331
0.498479
0.501258
0.508765
0.455922
0.47844
0.517353
0.489203
0.510818
0.522391
0.455535
0.439482
0.503033
0.499012
0.483578
0.52587
0.519349
0.445969
0.468477
0.441097
0.52777
0.419896
0.465635
0.48459
0.540987
0.523688
0.534801
0.472263
0.453629
0.468821
0.47706
0.504519
0.441047
0.489557
0.494131
0.529103
0.480718
0.557953
0.485534
0.4994
0.479136
0.523077
0.51956
0.490752
0.537159
0.497374
0.529316
0.577988
0.499151
0.523184
0.485038
0.493498
0.503683
0.524258
0.548758
0.494523
0.500384
0.487115
0.461333
0.544618
0.485267
0.470946
0.466151
0.510061
0.458653
0.5458
0.509549
0.499965
0.442577
0.521431
0.440488
0.516893
0.452148
0.48239
0.478754
0.477185
0.451041
0.522029
0.485053
0.526455
0.535813
0.517536
0.48696
0.502126
0.488047
0.50487
0.482896
0.499882
0.436311
0.499031
0.517252
0.497254
0.482163
0.498986
0.463262
0.463756
0.5349
0.45454
0.57026
0.51004
0.535383
0.573607
0.536461
0.545161
0.517444
0.505558
0.494651
0.492394
0.486808
0.512528
0.498896
0.491211
0.477747
0.457282
0.52677
0.51321
0.473179
0.538049
0.481662
0.482016
0.565758
0.481481
0.509796
0.520604
0.523712
0.545589
0.505769
0.463044
0.502942
0.519851
0.488308
0.491286
0.501873
0.510683
0.511103
0.492107
0.523093
0.510476
0.516623
0.529867
0.492499
0.504074
0.580486
0.50287
0.531008
0.527277
0.463266
0.501061
0.499275
0.479069
0.486044
0.54538
0.560036
0.497811
0.497744
0.49021
0.521794
0.508489
0.526468
0.510951
0.532261
0.467576
0.557579
0.465418
0.550468
0.480792
0.51061
0.497772
0.529161
0.545697
0.519859
0.464841
0.52012
0.499223
0.576671
0.524406
0.452148
0.477573
0.478022
0.505788
0.480299
0.510156
0.505908
0.507107
0.514389
0.496492
0.573617
0.55408
0.533199
0.464396
0.482448
0.523468
0.504454
0.471506
0.479437
0.515267
0.49297
0.535484
0.525801
0.510718
0.456515
0.475325
0.501141
0.50565
0.49579
0.518449
0.514612
0.459023
0.549649
0.581921
0.514086
0.501493
0.461161
0.491647
0.508452
0.479712
0.501168
0.507119
0.558705
0.507584
0.486063
0.52989
0.513545
0.453094
0.461807
0.477065
0.523484
0.482449
0.534059
0.538908
0.495138
0.49691
0.531657
0.483919
0.493847
0.527866
0.525114
0.510399
0.523959
0.492508
0.501479
0.512347
0.483573
0.483784
0.509011
0.50475
0.473931
0.473692
0.458482
0.458827
0.475788
0.519547
0.48994
0.517786
0.489292
0.482308
0.461643
0.472478
0.508028
0.507471
0.500091
0.456305
0.464269
0.491827
0.481284
0.457477
0.534113
0.51815
0.507025
0.491029
0.424222
0.469787
0.483109
0.529241
0.433324
0.504475
0.487143
0.554068
0.531162
0.505859
0.53143
0.556784
0.500242
0.475626
0.51278
0.484443
0.498152
0.510999
0.486468
0.510618
0.501678
0.473267
0.500565
0.521075
0.531089
0.488696
0.488509
0.474421
0.564634
0.466927
0.514954
0.518216
0.54482
0.523728
0.504489
0.527426
0.495082
0.507417
0.509263
0.496519
0.48116
0.542275
0.520412
0.495483
0.502126
0.514427
0.475002
0.464935
0.483475
0.475647
0.426698
0.503277
0.498822
0.495985
0.482999
0.524128
0.503224
0.499817
0.510725
0.480676
0.474362
0.487812
0.473661
0.483826
0.505955
0.498474
0.525761
0.48549
0.510315
0.509509
0.56009
0.498105
0.528232
0.451886
0.455998
0.507188
0.510101
0.533495
0.542277
0.437819
0.530887
0.507234
0.525056
0.512435
0.519599
0.50145
0.538431
0.531535
0.4992
0.517157
0.52075
0.48103
0.525625
0.489875
0.489643
0.492116
0.479971
0.524996
0.543822
0.471556
0.540374
0.502755
0.466123
0.536099
0.498805
0.507481
0.499053
0.502771
0.489762
0.472669
0.544775
0.552344
0.502561
0.520754
0.455567
0.482223
0.515271
0.523378
0.439155
0.530847
0.500012
0.48269
0.505033
0.488448
0.476889
0.509959
0.513543
0.468673
0.536068
0.434767
0.531567
0.507866
0.477249
0.503685
0.486477
0.497528
0.463006
0.494889
0.53887
0.426518
0.52183
0.536376
0.495855
0.521122
0.552157
0.503827
0.478575
0.52188
0.515899
0.481003
0.480546
0.550325
0.447912
0.530702
0.519512
0.534203
0.437221
0.503555
0.521592
0.501059
0.529659
0.5231
0.436425
0.547779
0.493281
0.468327
0.48513
0.517099
0.468864
0.502692
0.503109
0.504879
0.502227
0.499422
0.519267
0.496531
0.476345
0.502558
0.496199
0.502649
0.480551
0.526288
0.5355
0.484145
0.514543
0.449463
0.492792
0.487555
0.551551
0.544257
0.45092
0.521683
0.478423
0.469565
0.517643
0.536482
0.465376
0.449493
0.480472
0.510685
0.53877
0.519277
0.485837
0.489779
0.536969
0.50459
0.493601
0.522032
0.507122
0.500666
0.482354
0.455042
0.47417
0.532352
0.486662
0.49675
0.509382
0.473156
0.511541
0.498489
0.504026
0.523735
0.482229
0.507688
0.503225
0.489515
0.519501
0.530951
0.55215
0.555626
0.458835
0.520244
0.48454
0.545349
0.512514
0.494224
0.476622
0.470335
0.478925
0.534093
0.501049
0.494052
0.503097
0.501563
0.508347
0.49855
0.524572
0.554713
0.512064
0.499074
0.450579
0.532774
0.515471
0.495323
0.50654
0.527755
0.511488
0.48949
0.447239
0.51255
0.523696
0.47998
0.493022
0.538725
0.480726
0.513347
0.514779
0.528435
0.505327
0.531298
0.528989
0.481107
0.494631
0.514984
0.50307
0.497231
0.469981
0.490531
0.493431
0.529984
0.528928
0.497569
0.491554
0.534296
0.472024
0.498902
0.468031
0.556042
0.493314
0.502756
0.533167
0.500239
0.474639
0.517676
0.504409
0.473973
0.440291
0.517679
0.570434
0.445925
0.501364
0.457345
0.472456
0.542036
0.526296
0.491532
0.536974
0.547455
0.48249
0.502136
0.533291
0.54898
0.444423
0.470039
0.531121
0.464185
0.51273
0.496834
0.530865
0.470783
0.51432
0.508044
0.501254
0.503183
0.487904
0.498326
0.487567
0.485953
0.530379
0.538871
0.448862
0.573265
0.534743
0.510894
0.495477
0.523362
0.472607
0.424218
0.48062
0.495686
0.509356
0.478475
0.49717
0.496788
0.502022
0.499151
0.548451
0.5333
0.487698
0.484122
0.484694
0.49552
0.517088
0.483057
0.514416
0.508692
0.525255
0.480567
0.447153
0.470024
0.526419
0.522411
0.507088
0.48092
0.501103
0.514452
0.466151
0.50296
0.536046
0.478169
0.461318
0.517818
0.461212
0.473163
0.52535
0.489608
0.511111
0.534001
0.46642
0.555806
0.54797
0.492468
0.512115
0.515001
0.530372
0.470994
0.51471
0.515261
0.457267
0.477861
0.48999
0.473901
0.493084
0.523794
0.488247
0.459039
0.487899
0.502475
0.494231
0.511502
0.48708
0.473256
0.532115
0.500186
0.509756
0.502837
0.564552
0.538296
0.522128
0.525261
0.507092
0.51572
0.486208
0.531042
0.4955
0.458127
0.475619
0.498821
0.515301
0.441381
0.51608
0.497244
0.506991
0.556976
0.520354
0.504182
0.517334
0.468589
0.489482
0.555362
0.539971
0.559413
0.486412
0.468575
0.508586
0.538173
0.467082
0.490196
0.500056
0.507727
0.509163
0.498035
0.466342
0.517422
0.504812
0.515142
0.514903
0.500775
0.506848
0.462057
0.438784
0.513457
0.474048
0.490907
0.508212
0.447865
0.495077
0.504793
0.493152
0.452085
0.499301
0.484416
0.49745
0.507729
0.475645
0.520381
0.506383
0.488182
0.489968
0.498673
0.518856
0.493491
0.475212
0.482265
0.522883
0.477638
0.487026
0.446636
0.531564
0.460116
0.445989
0.567627
0.459564
0.543957
0.481677
0.478848
0.474299
0.492742
0.482769
0.543273
0.478972
0.480627
0.47949
0.494155
0.555694
0.497616
0.533121
0.488893
0.532962
0.511509
0.482364
0.490498
0.52971
0.512298
0.421433
0.493779
0.484727
0.544648
0.540772
0.480495
0.479764
0.510877
0.436452
0.486019
0.477222
0.48968
0.503339
0.481197
0.567065
0.501735
0.491249
0.494467
0.525347
0.512439
0.495936
0.504943
0.493099
0.534527
0.499695
0.496438
0.532008
0.509852
0.423347
0.505134
0.48132
0.47713
0.492153
0.532237
0.505401
0.532285
0.520797
0.444506
0.515461
0.526088
0.485087
0.496795
0.479216
0.518582
0.520375
0.534778
0.503785
0.488885
0.522119
0.564704
0.458123
0.442403
0.485854
0.472478
0.482712
0.481929
0.518265
0.521846
0.507024
0.499572
0.467226
0.48239
0.471568
0.515553
0.541153
0.482387
0.475057
0.52303
0.527903
0.519385
0.524339
0.522418
0.446797
0.50208
0.490811
0.525425
0.48925
0.490386
0.499149
0.454222
0.489174
0.541697
0.464931
0.455875
0.553906
0.495149
0.522575
0.466235
0.455583
0.492139
0.494151
0.51386
0.546458
0.514081
0.538335
0.487292
0.530441
0.486317
0.502345
0.488663
0.53939
0.53359
0.480634
0.462313
0.527215
0.56443
0.48498
0.498356
0.533015
0.573656
0.518231
0.486742
0.532986
0.517279
0.486368
0.536045
0.515753
0.554092
0.48818
0.468721
0.49212
0.521483
0.530028
0.499402
0.489795
0.539277
0.528357
0.444561
0.543242
0.500238
0.469331
0.490374
0.470294
0.485556
0.448422
0.482408
0.515251
0.49682
0.505351
0.459387
0.503964
0.467946
0.571238
0.528126
0.519597
0.503787
0.496865
0.524508
0.488005
0.487874
0.529224
0.527065
0.490654
0.454737
0.510741
0.508805
0.537471
0.491681
0.518529
0.516415
0.567835
0.471576
0.513498
0.48879
0.491807
0.535137
0.482159
0.524179
0.521442
0.482574
0.526404
0.523751
0.505463
0.507349
0.527884
0.511833
0.500094
0.507408
0.457044
0.478271
0.519916
0.430533
0.512043
0.548905
0.477215
0.521187
0.539351
0.509114
0.516868
0.508207
0.515277
0.435753
0.466846
0.50619
0.508685
0.487272
0.536342
0.532764
0.565672
0.533468
0.464486
0.508083
0.529117
0.49755
0.464995
0.546123
0.51543
0.485745
0.505501
0.496589
0.481026
0.520453
0.451021
0.527508
0.513682
0.507926
0.5091
0.520785
0.457102
0.462567
0.511044
0.479441
0.491142
0.493459
0.488172
0.512128
0.516536
0.476531
0.51788
0.468572
0.475842
0.471322
0.509185
0.503829
0.43716
0.537062
0.502161
0.521541
0.498461
0.490244
0.505126
0.488433
0.497727
0.520043
0.463275
0.48419
0.48629
0.489533
0.490341
0.508688
0.475502
0.543587
0.501943
0.491625
0.504354
0.50435
0.515929
0.474545
0.503966
0.498097
0.494403
0.544994
0.532252
0.505967
0.481206
0.530879
0.514501
0.507868
0.487611
0.524753
0.504018
0.502768
0.504648
0.572114
0.472139
0.506604
0.562015
0.436676
0.5308
0.512806
0.508379
0.428679
0.519756
0.426442
0.437326
0.517546
0.484022
0.489728
0.482772
0.480193
0.525936
0.480929
0.466211
0.484873
0.49663
0.510035
0.428567
0.524417
0.491962
0.50412
0.516916
0.424642
0.505522
0.48079
0.464946
0.50349
0.505581
0.539276
0.497558
0.518916
0.552323
0.484268
0.479118
0.456839
0.472504
0.528147
0.512189
0.459492
0.51144
0.540933
0.521435
0.496269
0.496025
0.492289
0.506947
0.50814
0.507833
0.511432
0.537816
0.497411
0.474279
0.508337
0.478546
0.448569
0.524331
0.505686
0.487084
0.462612
0.494772
0.493228
0.501159
0.501286
0.51667
0.540462
0.523222
0.512369
0.514876
0.493052
0.542391
0.47666
0.485938
0.49126
0.536531
0.526991
0.48917
0.479997
0.477606
0.476464
0.511793
0.484751
0.541309
0.501211
0.535671
0.526671
0.534198
0.515587
0.525697
0.451934
0.508411
0.499446
0.502259
0.515248
0.49484
0.486401
0.534895
0.513535
0.474849
0.448658
0.562728
0.511714
0.485298
0.497733
0.514404
0.472187
0.523511
0.440193
0.523973
0.453337
0.588966
0.505943
0.474922
0.472904
0.474521
0.467367
0.543929
0.473096
0.546611
0.537989
0.491406
0.481339
0.494828
0.469834
0.46932
0.528592
0.484367
0.505837
0.482318
0.49718
0.496286
0.488842
0.469545
0.483351
0.510284
0.506486
0.512829
0.510825
0.485504
0.454658
0.50921
0.476484
0.513748
0.511776
0.503572
0.510034
0.514255
0.570902
0.513848
0.501131
0.476694
0.493438
0.45214
0.506158
0.572189
0.478848
0.5043
0.46664
0.481001
0.500088
0.565387
0.468055
0.46947
0.460958
0.476626
0.494319
0.486722
0.503573
0.487645
0.472836
0.543993
0.42262
0.493953
0.505966
0.489507
0.550885
0.486258
0.475738
0.508402
0.493261
0.47403
0.44567
0.475771
0.495
0.515436
0.502385
0.537551
0.534961
0.531969
0.495124
0.487815
0.517279
0.535651
0.520902
0.530982
0.523699
0.466566
0.46892
0.537795
0.523997
0.499244
0.498189
0.460113
0.509429
0.501302
0.464259
0.502388
0.550527
0.509152
0.538467
0.503967
0.485618
0.468494
0.502922
0.48418
0.507397
0.479214
0.503102
0.529338
0.506862
0.50608
0.492406
0.478352
0.509369
0.469889
0.542334
0.475124
0.513875
0.506485
0.48176
0.485846
0.444548
0.500493
0.519527
0.450445
0.534986
0.457914
0.516423
0.511348
0.469685
0.5012
0.496592
0.481872
0.498219
0.479882
0.518934
0.481472
0.538524
0.465675
0.502401
0.467638
0.504628
0.477458
0.440092
0.456571
0.48231
0.500287
0.478499
0.462485
0.510077
0.494045
0.444381
0.513952
0.49525
0.512424
0.486284
0.480865
0.489723
0.514082
0.507403
0.526484
0.459563
0.501703
0.496196
0.495705
0.511138
0.51063
0.499922
0.528479
0.510313
0.495959
0.503767
0.490025
0.495482
0.464183
0.467985
0.477921
0.476942
0.468061
0.50512
0.455115
0.490991
0.549715
0.457244
0.49684
0.486021
0.511405
0.507507
0.478503
0.542951
0.514136
0.486236
0.513768
0.517814
0.500547
0.50736
0.512378
0.483789
0.501858
0.497307
0.472274
0.517359
0.527427
0.486354
0.461857
0.470912
0.522302
0.491531
0.508915
0.498123
0.496675
0.471596
0.512452
0.502699
0.517941
0.524828
0.473375
0.512886
0.486534
0.503618
0.473708
0.545987
0.517515
0.483027
0.516592
0.546528
0.479645
0.503769
0.495893
0.475182
0.49454
0.430753
0.477604
0.444333
0.48484
0.493611
0.466016
0.516756
0.496592
0.473582
0.479462
0.514799
0.493651
0.499664
0.505345
0.530317
0.448801
0.496905
0.544751
0.479019
0.52471
0.478677
0.46308
0.496894
0.49236
0.512426
0.550985
0.489307
0.499704
0.488122
0.486259
0.502305
0.52232
0.538326
0.520111
0.5223
0.491879
0.4943
0.528644
0.521088
0.548172
0.477972
0.498196
0.482377
0.501441
0.520695
0.485638
0.493423
0.530486
0.511523
0.446082
0.448911
0.500602
0.51605
0.560723
0.492795
0.510674
0.503594
0.483948
0.507444
0.488775
0.518055
0.476664
0.523686
0.558926
0.499159
0.472312
0.482633
0.52918
0.485958
0.496411
0.471351
0.49239
0.481033
0.542119
0.504898
0.520272
0.484943
0.455423
0.498855
0.467251
0.502105
0.495346
0.512424
0.499614
0.503291
0.493447
0.526807
0.487806
0.544952
0.481617
0.494442
0.460752
0.477909
0.482176
0.496659
0.493119
0.517194
0.523636
0.471996
0.521586
0.469615
0.496886
0.480594
0.491992
0.463991
0.49935
0.518659
0.502154
0.533849
0.466662
0.441505
0.509834
0.483037
0.524315
0.506271
0.469867
0.470749
0.539581
0.490208
0.443582
0.547891
0.536105
0.458567
0.556193
0.488746
0.486333
0.482409
0.52767
0.482737
0.478157
0.510515
0.455066
0.483433
0.457528
0.508901
0.469954
0.523097
0.502678
0.515818
0.452531
0.469408
0.453733
0.467911
0.51879
0.512831
0.507389
0.468443
0.508261
0.532229
0.522272
0.543572
0.529506
0.487664
0.567993
0.481309
0.498108
0.474991
0.51798
0.516733
0.468535
0.448466
0.525748
0.544132
0.488641
0.533258
0.499978
0.530738
0.474839
0.520687
0.537852
0.509622
0.467382
0.523644
0.494916
0.411718
0.525867
0.552126
0.460932
0.493763
0.537643
0.519966
0.450564
0.435862
0.504544
0.503359
0.434388
0.492303
0.513502
0.501087
0.474464
0.469
0.537988
0.483618
0.52019
0.544179
0.526813
0.561717
0.54844
0.434346
0.491647
0.504811
0.503412
0.52865
0.512739
0.498995
0.440303
0.47184
0.529101
0.47451
0.497976
0.518039
0.475978
0.509656
0.489257
0.472383
0.522494
0.503573
0.52138
0.489096
0.536129
0.451483
0.484754
0.557187
0.503449
0.484129
0.495194
0.496666
0.429461
0.466537
0.523131
0.471612
0.501147
0.456875
0.510884
0.537245
0.525964
0.521801
0.502108
0.491714
0.513542
0.497082
0.508794
0.518192
0.474009
0.467233
0.518797
0.471184
0.466265
0.485198
0.479558
0.460672
0.470061
0.449612
0.537614
0.454789
0.507505
0.5346
0.456365
0.45664
0.469321
0.498424
0.479356
0.500485
0.470525
0.499453
0.503614
0.491524
0.554135
0.518144
0.501953
0.495945
0.499028
0.478746
0.505732
0.468173
0.511865
0.530016
0.519437
0.527642
0.46261
0.566356
0.507602
0.478312
0.502915
0.518092
0.477563
0.490853
0.473836
0.497131
0.446902
0.481155
0.463455
0.525593
0.515078
0.48834
0.534272
0.500943
0.459053
0.511227
0.488646
0.55452
0.499472
0.524475
0.487718
0.460523
0.520085
0.513057
0.519597
0.499594
0.510704
0.496672
0.493508
0.505729
0.487213
0.516419
0.519115
0.50508
0.489465
0.549922
0.534036
0.488783
0.488582
0.494818
0.489129
0.501644
0.488218
0.512362
0.507273
0.528625
0.441268
0.497696
0.498634
0.54615
0.547597
0.531078
0.488083
0.504173
0.517539
0.499802
0.530114
0.521429
0.458983
0.571362
0.441807
0.544372
0.527139
0.518943
0.524656
0.484171
0.515927
0.449759
0.514612
0.520973
0.486791
0.526464
0.486531
0.480562
0.468097
0.479308
0.453574
0.478795
0.525717
0.509159
0.451518
0.477974
0.522337
0.509161
0.513727
0.436593
0.522828
0.562945
0.514451
0.500712
0.453313
0.565733
0.467568
0.525094
0.51374
0.483279
0.493894
0.473181
0.548023
0.507247
0.525771
0.491203
0.492162
0.496813
0.496267
0.524114
0.511648
0.529331
0.497538
0.53071
0.506707
0.517827
0.468394
0.489542
0.458987
0.518839
0.460041
0.466956
0.505069
0.47803
0.507409
0.490104
0.482287
0.516944
0.512944
0.510749
0.471278
0.453262
0.512831
0.490709
0.510823
0.460773
0.483585
0.502911
0.504789
0.473275
0.538631
0.535942
0.481566
0.529657
0.48439
0.505422
0.503466
0.515898
0.512752
0.598573
0.453718
0.45281
0.517753
0.506385
0.565992
0.542742
0.501879
0.529559
0.485735
0.484665
0.535267
0.511874
0.506159
0.469505
0.488527
0.518945
0.501618
0.477204
0.507292
0.514358
0.507979
0.506916
0.508266
0.439949
0.54033
0.424203
0.467393
0.48977
0.519581
0.43019
0.505238
0.520137
0.537045
0.456455
0.54608
0.502157
0.435476
0.494464
0.46761
0.504312
0.470814
0.534342
0.526787
0.54259
0.46772
0.463374
0.526233
0.522635
0.476411
0.440389
0.488094
0.536769
0.53964
0.506566
0.513141
0.514273
0.504954
0.515229
0.460866
0.540879
0.503661
0.506937
0.53774
0.463841
0.464612
0.544301
0.515575
0.47292
0.559374
0.525033
0.507904
0.475721
0.471904
0.500707
0.463435
0.510206
0.485963
0.519737
0.450462
0.556055
0.522139
0.549521
0.485596
0.426608
0.506386
0.554128
0.505721
0.518018
0.532322
0.495155
0.501804
0.52508
0.516333
0.536917
0.524237
0.47389
0.514623
0.532838
0.562863
0.507895
0.519595
0.465156
0.561222
0.498728
0.492044
0.499923
0.536798
0.532114
0.507221
0.515445
0.495799
0.49265
0.509845
0.520618
0.511871
0.520771
0.558823
0.529532
0.518803
0.432491
0.515397
0.5369
0.550482
0.524667
0.523748
0.525216
0.512227
0.463847
0.48823
0.517888
0.561779
0.502498
0.523536
0.459767
0.526357
0.464781
0.495121
0.453285
0.534825
0.520276
0.4742
0.46881
0.493534
0.536526
0.506917
0.496687
0.487372
0.522513
0.529057
0.50976
0.46656
0.48096
0.455947
0.532824
0.471609
0.56241
0.483202
0.523683
0.420764
0.521652
0.492659
0.509321
0.555557
0.466866
0.51494
0.472839
0.516285
0.522157
0.529698
0.500081
0.511925
0.480745
0.484207
0.480444
0.514732
0.493635
0.478766
0.494929
0.464213
0.481301
0.53463
0.480523
0.525721
0.520491
0.505829
0.492436
0.528512
0.432763
0.507212
0.502745
0.521308
0.522393
0.495738
0.502381
0.50029
0.519894
0.5245
0.451289
0.50125
0.459213
0.528975
0.451431
0.483939
0.50434
0.492314
0.486266
0.47285
0.497925
0.522391
0.474798
0.541776
0.498598
0.487096
0.543713
0.58134
0.494596
0.462147
0.492617
0.492617
0.51139
0.533289
0.499613
0.472158
0.490496
0.487124
0.449913
0.506156
0.509793
0.500267
0.529237
0.497696
0.526309
0.471682
0.506489
0.567059
0.509868
0.491988
0.459264
0.461432
0.51294
0.549774
0.545666
0.494744
0.533261
0.42255
0.460525
0.536554
0.503192
0.446356
0.527644
0.501355
0.451968
0.507578
0.479198
0.481135
0.518431
0.491799
0.495119
0.507692
0.491273
0.544373
0.551473
0.540505
0.505449
0.458775
0.534937
0.500868
0.484844
0.480916
0.539426
0.473519
0.468287
0.483273
0.538421
0.532064
0.507475
0.472307
0.519294
0.442171
0.51813
0.532116
0.505359
0.514813
0.507906
0.459032
0.523678
0.47543
0.521175
0.481127
0.490752
0.425728
0.48186
0.547865
0.469566
0.506181
0.50778
0.58922
0.459888
0.546835
0.510046
0.48575
0.475678
0.441882
0.530411
0.475997
0.50711
0.446864
0.532326
0.503117
0.42265
0.510306
0.501316
0.511306
0.484046
0.491451
0.50766
0.469349
0.546483
0.520509
0.528534
0.486874
0.472146
0.521036
0.526389
0.473597
0.483899
0.471894
0.479879
0.511606
0.549063
0.456232
0.491121
0.497711
0.515758
0.44135
0.558865
0.449424
0.503501
0.474734
0.486359
0.48599
0.503447
0.495433
0.503867
0.494378
0.521643
0.537066
0.463631
0.480634
0.498843
0.489543
0.470626
0.506705
0.470528
0.510562
0.487011
0.470733
0.473684
0.492456
0.4316
0.483745
0.450762
0.469768
0.491167
0.552559
0.524218
0.509938
0.485003
0.481549
0.507873
0.463395
0.48235
0.537729
0.491573
0.487753
0.46692
0.475953
0.488417
0.486716
0.489818
0.494299
0.541872
0.514091
0.520421
0.490237
0.530045
0.49452
0.496222
0.469047
0.506051
0.524815
0.521742
0.474208
0.485155
0.549024
0.490161
0.487254
0.544661
0.509256
0.446099
0.537525
0.493352
0.4985
0.478712
0.519388
0.496556
0.477617
0.512241
0.494155
0.51867
0.489797
0.51716
0.48562
0.51119
0.454663
0.45733
0.488822
0.504426
0.492127
0.466682
0.51903
0.492323
0.520736
0.488524
0.509929
0.505421
0.547232
0.480894
0.479042
0.477675
0.545817
0.533435
0.492775
0.467292
0.500652
0.454553
0.466148
0.444363
0.522539
0.520511
0.464108
0.470857
0.495271
0.536242
0.490186
0.538006
0.5392
0.478689
0.507064
0.510217
0.433152
0.477242
0.519538
0.459009
0.474516
0.482135
0.503663
0.509402
0.47636
0.488518
0.500196
0.521964
0.460215
0.505451
0.45516
0.527057
0.466305
0.573725
0.526515
0.50267
0.492339
0.457912
0.485657
0.50167
0.459054
0.489882
0.466758
0.477538
0.504458
0.587605
0.488507
0.455831
0.471608
0.476728
0.537438
0.503584
0.460347
0.478734
0.505338
0.515148
0.507182
0.515212
0.532828
0.48904
0.472204
0.499316
0.519607
0.558433
0.494038
0.499251
0.429412
0.514217
0.513408
0.5086
0.498888
0.463232
0.466485
0.485957
0.483226
0.490482
0.48258
0.477124
0.480863
0.470831
0.468791
0.506279
0.448197
0.442276
0.494276
0.494392
0.515885
0.458606
0.486808
0.514362
0.466239
0.473675
0.529687
0.511426
0.484702
0.503779
0.506019
0.527802
0.465609
0.537585
0.509973
0.527709
0.480195
0.505723
0.500387
0.508867
0.505113
0.501476
0.488425
0.548918
0.482534
0.492589
0.476529
0.495005
0.518835
0.506473
0.513891
0.465986
0.50731
0.491512
0.512818
0.531027
0.546233
0.478076
0.478113
0.570201
0.492905
0.446256
0.511188
0.494565
0.555896
0.483398
0.496303
0.524155
0.505395
0.486779
0.4701
0.472268
0.468532
0.527062
0.507883
0.50618
0.524748
0.485712
0.470841
0.432882
0.459277
0.513858
0.479638
0.503081
0.523086
0.556596
0.492621
0.519032
0.492197
0.531665
0.50444
0.470729
0.464022
0.479862
0.48864
0.485964
0.522515
0.488926
0.500713
0.488176
0.452992
0.499236
0.54016
0.50901
0.479827
0.467927
0.494766
0.539263
0.504804
0.472131
0.44041
0.455025
0.527034
0.487783
0.454343
0.413035
0.463479
0.509156
0.517952
0.467611
0.477833
0.513673
0.499485
0.555739
0.465928
0.449556
0.522407
0.491752
0.499606
0.564706
0.484071
0.521696
0.523631
0.553594
0.53672
0.478373
0.540772
0.527996
0.532939
0.510344
0.546529
0.554849
0.45145
0.482216
0.520604
0.558769
0.520534
0.481974
0.528518
0.500173
0.530484
0.504573
0.482998
0.482777
0.502187
0.508711
0.476165
0.48378
0.449738
0.505878
0.51913
0.495914
0.47822
0.512041
0.510806
0.479361
0.483086
0.485656
0.506912
0.437256
0.473366
0.466827
0.538691
0.528967
0.501341
0.468387
0.51067
0.510322
0.530957
0.506621
0.553825
0.509401
0.517707
0.477888
0.544754
0.470377
0.509976
0.544418
0.515948
0.50017
0.570727
0.464747
0.486876
0.483348
0.505941
0.492846
0.46579
0.462128
0.537547
0.482365
0.577847
0.453113
0.51025
0.492137
0.50281
0.436659
0.494838
0.530091
0.473012
0.559384
0.461982
0.46446
0.485505
0.512494
0.498135
0.478581
0.517395
0.512175
0.46076
0.493002
0.523048
0.550828
0.489025
0.516723
0.484673
0.479988
0.448753
0.473354
0.491801
0.526298
0.467982
0.498933
0.518745
0.495083
0.46234
0.500312
0.503175
0.443999
0.528975
0.5108
0.530472
0.487638
0.49625
0.523118
0.470829
0.510936
0.453026
0.522855
0.498605
0.479951
0.557877
0.531169
0.457409
0.50854
0.484913
0.550999
0.526232
0.482001
0.514075
0.513233
0.464087
0.561597
0.47952
0.527031
0.521396
0.443078
0.545205
0.467579
0.471479
0.483136
0.522434
0.441187
0.500106
0.483513
0.517436
0.460133
0.481269
0.502391
0.473317
0.465421
0.497461
0.536168
0.522301
0.521506
0.494956
0.531083
0.483361
0.490938
0.481883
0.454343
0.504372
0.524615
0.537893
0.540973
0.469253
0.514686
0.480655
0.485681
0.532693
0.45498
0.484475
0.47007
0.53908
0.523001
0.485729
0.469489
0.511028
0.445248
0.502727
0.483257
0.465813
0.517067
0.519753
0.517336
0.489644
0.453991
0.521278
0.490083
0.526618
0.519098
0.529348
0.451892
0.520059
0.470338
0.512079
0.479744
0.51692
0.464128
0.464159
0.482576
0.523428
0.494779
0.469444
0.440941
0.475808
0.514672
0.503798
0.476651
0.513617
0.531064
0.478507
0.495647
0.55929
0.494496
0.473482
0.448231
0.463601
0.489979
0.495909
0.539464
0.458971
0.499116
0.497356
0.484699
0.532066
0.494469
0.437247
0.538351
0.477924
0.486855
0.464143
0.5323
0.489781
0.487645
0.544188
0.520506
0.481763
0.499803
0.51081
0.496395
0.472843
0.541258
0.514498
0.49057
0.4665
0.541919
0.446585
0.496911
0.511804
0.469178
0.527633
0.508025
0.469039
0.483805
0.472028
0.529812
0.550816
0.542682
0.509693
0.503804
0.459565
0.493297
0.525321
0.527454
0.486469
0.509247
0.559997
0.522775
0.49172
0.514908
0.530443
0.508393
0.474707
0.50622
0.525179
0.533398
0.463978
0.463006
0.485989
0.513398
0.496461
0.516185
0.566376
0.531429
0.474703
0.508029
0.477355
0.498614
0.513488
0.523004
0.4756
0.487095
0.486205
0.518589
0.445472
0.548684
0.458976
0.501161
0.521987
0.474568
0.511208
0.453731
0.490914
0.527222
0.502828
0.468885
0.469139
0.520815
0.464686
0.483958
0.459164
0.492504
0.497524
0.520567
0.461047
0.507726
0.494457
0.493096
0.468692
0.462237
0.612467
0.484704
0.487929
0.540492
0.481259
0.546804
0.554093
0.514947
0.448506
0.516388
0.477658
0.465158
0.455829
0.493385
0.496545
0.522297
0.524798
0.507553
0.536253
0.464837
0.442736
0.487058
0.516123
0.494431
0.416757
0.486582
0.473529
0.455632
0.479632
0.520486
0.479267
0.476043
0.46445
0.516725
0.489384
0.572056
0.48618
0.470342
0.507008
0.511193
0.514026
0.495747
0.509655
0.521939
0.479459
0.500107
0.480931
0.476432
0.551023
0.515013
0.477602
0.481701
0.522767
0.507579
0.48375
0.482332
0.492457
0.50476
0.507863
0.476354
0.473301
0.534162
0.520718
0.541125
0.503411
0.527384
0.482062
0.472539
0.510374
0.527989
0.48592
0.430533
0.488427
0.496088
0.501285
0.520372
0.488351
0.576897
0.515301
0.521241
0.4684
0.522268
0.492159
0.471039
0.464253
0.53959
0.466801
0.462456
0.512145
0.489448
0.471551
0.557885
0.449395
0.47373
0.456663
0.472948
0.505896
0.501135
0.457399
0.462729
0.531347
0.51789
0.478359
0.503631
0.53336
0.483365
0.489798
0.491676
0.440555
0.501338
0.541793
0.485144
0.520169
0.48676
0.502419
0.5531
0.534
0.50282
0.506804
0.477142
0.46636
0.465305
0.495812
0.478267
0.472025
0.551137
0.487557
0.446029
0.526541
0.547776
0.52633
0.534949
0.497634
0.510459
0.525765
0.492945
0.450735
0.529599
0.457468
0.532593
0.516023
0.490393
0.493411
0.49725
0.496442
0.50668
0.453019
0.514514
0.466616
0.458778
0.438442
0.487082
0.525149
0.582241
0.495187
0.491866
0.475767
0.47759
0.452079
0.501035
0.458845
0.530971
0.462941
0.468611
0.48133
0.537192
0.521628
0.541117
0.529394
0.538374
0.489933
0.465968
0.461887
0.449997
0.492961
0.489351
0.472811
0.496266
0.497238
0.547542
0.488391
0.5353
0.497849
0.504491
0.511409
0.478614
0.513213
0.483828
0.511156
0.471632
0.495062
0.537047
0.466973
0.464809
0.49822
0.510522
0.503247
0.534425
0.510241
0.506577
0.491727
0.50738
0.484154
0.534079
0.485725
0.508097
0.528992
0.503377
0.495612
0.498591
0.434122
0.517328
0.446094
0.515387
0.515594
0.522948
0.492747
0.504223
0.430275
0.503773
0.534409
0.521937
0.532907
0.470513
0.485487
0.494207
0.484121
0.486871
0.498816
0.48745
0.466506
0.481584
0.501218
0.506834
0.483105
0.490495
0.473227
0.531752
0.492716
0.541415
0.480223
0.53068
0.463123
0.534304
0.470102
0.463583
0.494382
0.452671
0.498596
0.479412
0.488879
0.541619
0.458257
0.4492
0.522925
0.501635
0.522381
0.494713
0.506049
0.503011
0.460055
0.519326
0.456846
0.485119
0.512003
0.502547
0.499397
0.517807
0.510402
0.556406
0.536312
0.520102
0.479769
0.539724
0.451619
0.43391
0.490062
0.562955
0.538226
0.472168
0.507191
0.484899
0.51087
0.486164
0.540361
0.542815
0.45689
0.493419
0.448458
0.458901
0.502298
0.520364
0.500813
0.535777
0.520049
0.467909
0.523835
0.470638
0.478996
0.523883
0.510262
0.508707
0.485025
0.533
0.464931
0.531901
0.454901
0.464193
0.479975
0.529874
0.466968
0.47845
0.507978
0.502299
0.514247
0.509512
0.547926
0.513321
0.524337
0.515132
0.453294
0.560516
0.481301
0.482069
0.501597
0.51339
0.49533
0.481944
0.432571
0.507533
0.482005
0.46445
0.528654
0.599925
0.479838
0.518895
0.469814
0.507067
0.486784
0.491635
0.530478
0.499248
0.525048
0.466833
0.519869
0.50131
0.506015
0.469968
0.486692
0.48867
0.465589
0.455313
0.50384
0.477319
0.479633
0.50585
0.516452
0.497147
0.47488
0.47264
0.482242
0.460505
0.464442
0.435425
0.511409
0.45101
0.522422
0.468651
0.531078
0.485026
0.47303
0.488348
0.470803
0.448213
0.472947
0.451566
0.523142
0.509145
0.486748
0.538024
0.477769
0.508062
0.47917
0.493515
0.485098
0.50829
0.502276
0.514874
0.468407
0.509231
0.501966
0.503494
0.509932
0.518643
0.504813
0.546668
0.507673
0.502273
0.479851
0.523104
0.520614
0.497501
0.545557
0.483938
0.520324
0.495757
0.468974
0.529857
0.48276
0.476144
0.484989
0.527619
0.500788
0.500164
0.547156
0.536844
0.515311
0.519318
0.478481
0.551494
0.504741
0.496042
0.51768
0.538254
0.486268
0.504659
0.517574
0.517266
0.497557
0.46698
0.497833
0.546023
0.510705
0.517289
0.526529
0.480537
0.469831
0.492963
0.474662
0.475921
0.465296
0.473967
0.520066
0.433263
0.507827
0.493116
0.525457
0.560846
0.511303
0.476489
0.547459
0.476361
0.498989
0.512207
0.48852
0.501557
0.486848
0.499634
0.535591
0.477517
0.501055
0.484197
0.569899
0.522304
0.494049
0.535725
0.504724
0.524412
0.52784
0.488091
0.482513
0.492296
0.471002
0.504057
0.487761
0.535357
0.49276
0.525474
0.440989
0.488882
0.510293
0.485963
0.514452
0.534928
0.454643
0.501496
0.461761
0.504489
0.50658
0.533721
0.478597
0.526456
0.509807
0.477836
0.505353
0.521272
0.521512
0.571239
0.464157
0.484789
0.469467
0.548395
0.486422
0.549159
0.510062
0.484368
0.551094
0.481464
0.50654
0.538793
0.505109
0.507364
0.482867
0.513146
0.52751
0.458989
0.552801
0.512165
0.521937
0.509556
0.470853
0.535332
0.513164
0.536407
0.491879
0.559493
0.434646
0.458104
0.50712
0.470336
0.471609
0.488602
0.514846
0.491717
0.507848
0.533758
0.514816
0.516041
0.522824
0.494494
0.451593
0.499887
0.474405
0.478886
0.455044
0.49665
0.496622
0.479557
0.473295
0.497213
0.543755
0.50726
0.512357
0.451627
0.463026
0.494545
0.493144
0.506546
0.463966
0.52214
0.525662
0.465796
0.542724
0.4489
0.491602
0.526267
0.483317
0.456593
0.464547
0.522529
0.484711
0.476262
0.460678
0.491075
0.512776
0.493747
0.468887
0.465813
0.55008
0.597586
0.518312
0.488007
0.470397
0.487628
0.521246
0.486504
0.477371
0.520307
0.466299
0.487022
0.534623
0.450023
0.512234
0.521123
0.52083
0.531049
0.449981
0.496331
0.525591
0.532877
0.423787
0.480617
0.478785
0.522587
0.459403
0.500372
0.474644
0.513534
0.524974
0.469943
0.513837
0.494186
0.520464
0.538305
0.484889
0.531907
0.4687
0.524483
0.517759
0.49446
0.497986
0.49981
0.475341
0.475686
0.508064
0.464089
0.475943
0.479311
0.461347
0.497182
0.524132
0.525368
0.521816
0.508827
0.446963
0.494725
0.582052
0.469473
0.526491
0.574299
0.514968
0.475907
0.542208
0.461457
0.533047
0.519073
0.563205
0.513423
0.55281
0.495628
0.489597
0.553455
0.517482
0.486341
0.508367
0.468326
0.509655
0.482877
0.497999
0.515603
0.499489
0.483818
0.489237
0.480695
0.485904
0.465268
0.506167
0.52838
0.474403
0.496424
0.451409
0.516405
0.47439
0.485468
0.52254
0.508107
0.468303
0.492475
0.5145
0.464058
0.500306
0.531451
0.493643
0.564899
0.470026
0.518458
0.464581
0.49484
0.489657
0.520381
0.494016
0.521175
0.47989
0.488685
0.534084
0.529417
0.480711
0.503239
0.506463
0.498884
0.487344
0.487594
0.52037
0.473438
0.519825
0.490554
0.457812
0.537819
0.533529
0.46667
0.482374
0.445851
0.48948
0.52541
0.435779
0.506861
0.484676
0.488682
0.502446
0.502842
0.487625
0.518918
0.478739
0.439811
0.479569
0.465478
0.48739
0.464841
0.489097
0.448349
0.491519
0.524152
0.511233
0.502875
0.43475
0.498231
0.457212
0.517007
0.560296
0.540779
0.52119
0.496543
0.535557
0.481423
0.539163
0.501333
0.536209
0.423503
0.501624
0.479902
0.512211
0.523838
0.499991
0.504844
0.493547
0.528426
0.555206
0.500941
0.513365
0.465374
0.504474
0.486467
0.490199
0.509817
0.52506
0.565264
0.57274
0.479643
0.502261
0.473397
0.480006
0.512883
0.489652
0.450453
0.556162
0.561595
0.501671
0.461471
0.516569
0.517034
0.502494
0.505694
0.473621
0.526642
0.504022
0.479125
0.439814
0.519066
0.521526
0.438007
0.507174
0.466235
0.472424
0.48897
0.497703
0.528304
0.504314
0.469301
0.451761
0.461411
0.489604
0.490306
0.500538
0.535529
0.543619
0.568972
0.47287
0.500712
0.464085
0.462146
0.492409
0.49214
0.52669
0.519472
0.479171
0.484024
0.417036
0.496271
0.48706
0.510027
0.525279
0.517045
0.523115
0.50013
0.533391
0.518001
0.501769
0.486264
0.561376
0.444536
0.475957
0.516694
0.495407
0.476362
0.528619
0.503775
0.531158
0.485323
0.481639
0.508573
0.499283
0.489447
0.528607
0.496172
0.490823
0.495778
0.459461
0.50841
0.520957
0.542162
0.522533
0.49202
0.48834
0.487797
0.514532
0.517782
0.536974
0.550754
0.532847
0.445748
0.501147
0.547241
0.498792
0.444402
0.50685
0.510146
0.505732
0.485506
0.529736
0.505731
0.463026
0.527438
0.47607
0.4517
0.476329
0.558246
0.521532
0.542215
0.460793
0.503157
0.505504
0.430557
0.491729
0.482366
0.536603
0.504672
0.51967
0.528268
0.516226
0.536597
0.479998
0.47717
0.47538
0.520098
0.491482
0.457714
0.479214
0.511129
0.543124
0.540471
0.458294
0.504395
0.494931
0.511374
0.471697
0.536564
0.501629
0.48231
0.485332
0.522378
0.509361
0.50183
0.500629
0.470341
0.497469
0.468516
0.49339
0.516742
0.457432
0.507114
0.478002
0.459392
0.458583
0.513966
0.527455
0.459431
0.490784
0.554787
0.501075
0.465263
0.51406
0.50423
0.523041
0.471807
0.508021
0.537923
0.496996
0.473396
0.48142
0.445603
0.489204
0.494007
0.570828
0.511408
0.50886
0.508567
0.475606
0.518069
0.484704
0.478357
0.509952
0.442632
0.443585
0.486833
0.517416
0.540054
0.52952
0.470268
0.513716
0.484618
0.481566
0.456266
0.491497
0.493033
0.512593
0.521335
0.463363
0.467575
0.517792
0.570897
0.468124
0.46206
0.528612
0.522233
0.477534
0.4942
0.533078
0.478531
0.502563
0.521473
0.488489
0.499033
0.507387
0.51224
0.509429
0.497721
0.518928
0.481695
0.529742
0.545914
0.472702
0.538096
0.520752
0.540914
0.528006
0.458868
0.493761
0.510099
0.52505
0.496335
0.521748
0.52313
0.552528
0.514046
0.467869
0.467906
0.472339
0.442515
0.479083
0.468057
0.50965
0.524015
0.529364
0.549015
0.5372
0.477809
0.461195
0.463458
0.533956
0.476211
0.464037
0.514515
0.50505
0.502581
0.552447
0.450519
0.48925
0.531389
0.530559
0.454352
0.490903
0.50312
0.428002
0.571431
0.520353
0.492693
0.540848
0.478603
0.511638
0.515003
0.534631
0.4707
0.510275
0.55087
0.516676
0.518238
0.519941
0.513095
0.535967
0.542915
0.534356
0.483429
0.445407
0.489649
0.529097
0.521331
0.573349
0.495989
0.472601
0.501164
0.464783
0.482489
0.515304
0.535146
0.541549
0.539185
0.518459
0.478466
0.510983
0.528904
0.534063
0.554694
0.515617
0.473532
0.508467
0.507269
0.494011
0.481031
0.489741
0.518618
0.533311
0.501144
0.507128
0.519247
0.487164
0.51615
0.567976
0.511472
0.508475
0.528328
0.517973
0.510127
0.473704
0.50609
0.507873
0.478659
0.496711
0.472642
0.501648
0.486166
0.449007
0.492621
0.522844
0.492474
0.478995
0.487743
0.445039
0.487028
0.487613
0.469697
0.516355
0.502271
0.532483
0.487418
0.474107
0.522932
0.504511
0.507366
0.521979
0.476431
0.535578
0.474198
0.518624
0.484698
0.502702
0.506344
0.53353
0.487205
0.508467
0.501265
0.489826
0.503546
0.499292
0.490178
0.478041
0.508158
0.50077
0.484651
0.477111
0.472503
0.541102
0.494012
0.475447
0.532769
0.480528
0.536109
0.526142
0.498795
0.50176
0.512754
0.512601
0.525438
0.494214
0.549211
0.433546
0.445332
0.520838
0.472761
0.546758
0.524144
0.535824
0.483176
0.490385
0.4871
0.468611
0.47002
0.490129
0.516645
0.55184
0.490843
0.444603
0.519778
0.488072
0.517044
0.478111
0.519674
0.523771
0.563055
0.48429
0.490326
0.514638
0.441463
0.557149
0.50848
0.54977
0.471903
0.440276
0.426339
0.479593
0.484649
0.53352
0.507323
0.484195
0.539105
0.521611
0.483798
0.518601
0.497401
0.515412
0.507194
0.506518
0.586697
0.540104
0.507195
0.552975
0.485812
0.457698
0.494638
0.448199
0.45434
0.497065
0.517449
0.510878
0.455207
0.54914
0.491459
0.496635
0.506601
0.507536
0.511522
0.516282
0.486368
0.476275
0.507228
0.506302
0.478384
0.492934
0.484448
0.483954
0.500992
0.492371
0.491118
0.492609
0.478336
0.447208
0.468082
0.488978
0.484031
0.512468
0.510507
0.493296
0.500666
0.511544
0.518497
0.584415
0.426254
0.45875
0.480593
0.482384
0.479568
0.505648
0.455739
0.51725
0.531092
0.542845
0.458331
0.527734
0.503827
0.441167
0.504292
0.504346
0.527398
0.487154
0.536278
0.458744
0.549664
0.469708
0.485754
0.477205
0.500259
0.481402
0.516503
0.453936
0.46864
0.480272
0.521031
0.488816
0.478154
0.506163
0.499548
0.469463
0.448494
0.526936
0.467918
0.530943
0.486924
0.482808
0.494662
0.485613
0.520653
0.46279
0.470632
0.53138
0.540117
0.469103
0.511187
0.478201
0.475284
0.474645
0.477776
0.496974
0.500478
0.514271
0.494543
0.495633
0.44108
0.494056
0.471266
0.513275
0.531209
0.489949
0.540404
0.495497
0.524448
0.46273
0.464772
0.496947
0.517323
0.492012
0.502474
0.459123
0.489327
0.518364
0.496795
0.502373
0.493806
0.46557
0.550611
0.524941
0.477648
0.536115
0.50681
0.44576
0.475408
0.502607
0.511229
0.484785
0.470616
0.488111
0.488443
0.446465
0.527416
0.467347
0.45881
0.470335
0.472749
0.524828
0.5163
0.526792
0.484621
0.47681
0.455945
0.500903
0.466724
0.470052
0.50372
0.473571
0.488785
0.527197
0.508826
0.508196
0.515222
0.513409
0.437935
0.509839
0.457551
0.458414
0.570388
0.504783
0.489472
0.510792
0.462415
0.50352
0.499214
0.554334
0.474653
0.489755
0.492687
0.461946
0.52796
0.496538
0.459658
0.453886
0.510264
0.498269
0.531461
0.56488
0.543211
0.516894
0.506461
0.477449
0.485889
0.480213
0.48943
0.526245
0.46852
0.471795
0.5317
0.483114
0.475322
0.466572
0.478242
0.509398
0.490199
0.477048
0.526799
0.510236
0.52808
0.459321
0.499607
0.492924
0.520322
0.542844
0.532855
0.491798
0.459004
0.463805
0.453301
0.498897
0.525547
0.504265
0.507219
0.469232
0.518716
0.536089
0.508697
0.51495
0.520234
0.517152
0.495118
0.500569
0.559746
0.491108
0.541882
0.513363
0.517557
0.475419
0.519989
0.51542
0.490505
0.528229
0.576616
0.501107
0.456243
0.449473
0.501797
0.486186
0.514842
0.523214
0.535541
0.522938
0.516682
0.513106
0.462378
0.509678
0.501259
0.509417
0.526311
0.469872
0.478821
0.528758
0.480245
0.524363
0.530412
0.499739
0.495469
0.500415
0.508384
0.506123
0.462203
0.552613
0.520747
0.43618
0.463942
0.516224
0.493204
0.49552
0.479625
0.47781
0.520684
0.473479
0.531965
0.448264
0.500857
0.442811
0.503842
0.496209
0.477933
0.469824
0.518566
0.499753
0.437861
0.53065
0.474049
0.492088
0.480119
0.480105
0.498357
0.440746
0.512228
0.494813
0.547438
0.505503
0.455571
0.505552
0.545973
0.461837
0.4898
0.489192
0.50971
0.4963
0.540998
0.519906
0.494247
0.441985
0.515925
0.489416
0.469377
0.49243
0.45836
0.50466
0.508314
0.43473
0.459933
0.497189
0.500293
0.502344
0.534141
0.519957
0.50686
0.482421
0.487387
0.514751
0.525469
0.481962
0.491191
0.544378
0.507417
0.509452
0.485089
0.495096
0.524736
0.497536
0.49691
0.460862
0.489721
0.494663
0.490198
0.545872
0.526266
0.512103
0.465508
0.510644
0.555756
0.480545
0.518679
0.485135
0.499147
0.490487
0.483962
0.505364
0.538744
0.468241
0.466915
0.546821
0.473635
0.526206
0.521572
0.546407
0.522861
0.510936
0.492904
0.491088
0.482478
0.517415
0.523712
0.485874
0.484985
0.507437
0.473984
0.452992
0.481471
0.519212
0.510241
0.537938
0.59004
0.535162
0.503839
0.483403
0.510845
0.468457
0.520997
0.526983
0.469924
0.544504
0.506606
0.501953
0.500217
0.456821
0.546395
0.467879
0.536095
0.528164
0.49923
0.528473
0.48123
0.488223
0.523548
0.529066
0.482482
0.514123
0.508596
0.520508
0.4966
0.445001
0.576077
0.496777
0.503018
0.503124
0.488981
0.494063
0.565512
0.489993
0.462908
0.521061
0.483465
0.509452
0.525685
0.522724
0.49163
0.507822
0.487273
0.517935
0.462973
0.471236
0.479701
0.472894
0.478827
0.429676
0.505249
0.536283
0.458679
0.489616
0.544855
0.513679
0.468411
0.462661
0.522291
0.450494
0.485868
0.531553
0.500255
0.558061
0.49606
0.590158
0.511868
0.482756
0.43466
0.501021
0.496376
0.562648
0.444528
0.467978
0.465838
0.47144
0.513118
0.514167
0.520754
0.495378
0.479798
0.433617
0.466501
0.518523
0.482307
0.453019
0.463465
0.562579
0.508808
0.476271
0.501275
0.473916
0.497807
0.465826
0.572976
0.47074
0.509535
0.516461
0.510867
0.537689
0.453711
0.514887
0.498273
0.449684
0.492186
0.52214
0.500307
0.504678
0.549948
0.519778
0.476054
0.493806
0.483539
0.512433
0.507567
0.508925
0.546523
0.483584
0.473661
0.505195
0.480032
0.522463
0.488435
0.449155
0.479113
0.50412
0.466175
0.474971
0.500752
0.542792
0.505206
0.53389
0.49687
0.464015
0.47478
0.461247
0.472157
0.512042
0.488313
0.506876
0.475951
0.500474
0.547768
0.497075
0.537087
0.533503
0.47337
0.513702
0.485761
0.534616
0.507145
0.533923
0.517621
0.507283
0.457466
0.503184
0.471687
0.492334
0.474624
0.507301
0.486105
0.490871
0.455213
0.549186
0.504108
0.493568
0.503585
0.476211
0.544735
0.543991
0.51072
0.443648
0.460332
0.442695
0.484576
0.542782
0.501806
0.509966
0.526492
0.49224
0.459277
0.511235
0.453662
0.48005
0.485666
0.531026
0.508309
0.475057
0.44917
0.47647
0.546715
0.506936
0.522865
0.474823
0.505264
0.494562
0.510146
0.493704
0.536132
0.562883
0.500187
0.488891
0.565213
0.517417
0.554982
0.453662
0.51709
0.473048
0.522882
0.487957
0.500005
0.523982
0.422271
0.505092
0.480622
0.558308
0.517092
0.543998
0.490939
0.512029
0.50236
0.495849
0.530218
0.509451
0.507404
0.486206
0.580044
0.545015
0.519629
0.490033
0.449486
0.516353
0.483388
0.501339
0.486569
0.494906
0.574821
0.514954
0.523217
0.49478
0.561173
0.495749
0.446796
0.518531
0.484092
0.532722
0.500599
0.492019
0.50042
0.467559
0.501962
0.510185
0.507052
0.466533
0.542225
0.45194
0.485754
0.516158
0.517398
0.474591
0.532326
0.533086
0.516915
0.535237
0.543043
0.46757
0.517705
0.514785
0.457955
0.546727
0.550101
0.488834
0.489278
0.510716
0.47729
0.496785
0.497037
0.518813
0.459269
0.543024
0.49748
0.460748
0.461979
0.516963
0.508829
0.461119
0.44215
0.438719
0.493706
0.517254
0.492305
0.505063
0.537786
0.531979
0.547957
0.464976
0.518656
0.492831
0.499023
0.481916
0.487851
0.51886
0.512324
0.446275
0.509389
0.479902
0.486791
0.480068
0.523512
0.480582
0.488137
0.501527
0.474981
0.484843
0.474058
0.501864
0.484978
0.506878
0.498465
0.440424
0.486545
0.512379
0.51649
0.480692
0.538022
0.486378
0.479197
0.508937
0.479271
0.49791
0.499783
0.507892
0.46934
0.478027
0.496564
0.527416
0.495347
0.504472
0.477704
0.530724
0.504372
0.520191
0.525519
0.455622
0.4567
0.534527
0.522091
0.502494
0.5239
0.475352
0.471332
0.506388
0.506636
0.504808
0.504972
0.516999
0.529932
0.507397
0.49707
0.475413
0.549059
0.442139
0.505066
0.508788
0.533899
0.488361
0.491496
0.538583
0.496993
0.521023
0.438661
0.521095
0.505258
0.556402
0.418113
0.531936
0.507948
0.463777
0.510743
0.525538
0.472472
0.466403
0.503073
0.497599
0.427942
0.488883
0.514296
0.471492
0.484761
0.452218
0.537906
0.528161
0.500399
0.48634
0.515974
0.514268
0.496251
0.496355
0.52663
0.561471
0.452482
0.501267
0.463963
0.462915
0.4799
0.52974
0.488963
0.568084
0.502619
0.503412
0.50337
0.500689
0.507166
0.49912
0.517028
0.539819
0.453627
0.495121
0.505272
0.516495
0.519846
0.532826
0.511178
0.488165
0.521267
0.485834
0.461101
0.486351
0.468636
0.488607
0.472919
0.539148
0.491412
0.427002
0.497611
0.512579
0.493605
0.555422
0.512538
0.531866
0.468561
0.464531
0.512139
0.480841
0.472093
0.467958
0.481977
0.51687
0.511988
0.500827
0.484026
0.527376
0.485046
0.529456
0.533489
0.460453
0.531353
0.507023
0.535647
0.479339
0.514742
0.495969
0.540545
0.52144
0.477864
0.462038
0.521448
0.455868
0.486763
0.513878
0.516922
0.509132
0.507677
0.463662
0.494291
0.49356
0.53748
0.440136
0.487858
0.494638
0.498655
0.437985
0.482526
0.544486
0.472336
0.502788
0.550682
0.462084
0.4897
0.476313
0.508575
0.498166
0.47671
0.545193
0.460405
0.480425
0.520257
0.515804
0.460353
0.488929
0.483608
0.505086
0.470746
0.50925
0.524744
0.48058
0.526136
0.448349
0.521867
0.524641
0.484896
0.513903
0.495633
0.518017
0.512658
0.499287
0.542761
0.519037
0.475889
0.463503
0.553186
0.522681
0.529934
0.523543
0.500932
0.493016
0.494703
0.493216
0.507027
0.553752
0.479517
0.502644
0.529852
0.534982
0.544744
0.485947
0.531493
0.471409
0.51649
0.496645
0.495223
0.510075
0.519834
0.532694
0.44113
0.435423
0.500989
0.5172
0.477543
0.533505
0.478004
0.454695
0.456672
0.492322
0.520608
0.445363
0.503913
0.494028
0.507658
0.499012
0.547096
0.534157
0.5086
0.506856
0.527897
0.499709
0.462928
0.558289
0.446015
0.487886
0.522287
0.508576
0.478884
0.480473
0.523766
0.50143
0.498714
0.465148
0.508925
0.503976
0.513098
0.51337
0.454643
0.550938
0.528051
0.516662
0.428908
0.493605
0.486669
0.528584
0.461419
0.512921
0.454929
0.528848
0.538181
0.439882
0.468419
0.512781
0.484475
0.49698
0.518019
0.511661
0.473768
0.498097
0.493564
0.471617
0.519548
0.5088
0.484659
0.539741
0.43799
0.500712
0.485537
0.50263
0.488683
0.538988
0.512484
0.459288
0.479356
0.491442
0.539897
0.500139
0.490242
0.502883
0.462227
0.49601
0.505753
0.532833
0.473795
0.517687
0.479919
0.499887
0.51117
0.491014
0.461671
0.49909
0.473359
0.499644
0.477562
0.52755
0.528532
0.45976
0.4587
0.519151
0.462356
0.537811
0.464351
0.463375
0.435806
0.518737
0.507283
0.542804
0.528815
0.501493
0.517451
0.470132
0.531657
0.461973
0.505099
0.503773
0.508507
0.48715
0.49316
0.528603
0.518887
0.509409
0.544803
0.490564
0.456539
0.521427
0.459327
0.50454
0.511345
0.559549
0.488871
0.465984
0.519076
0.425751
0.465415
0.514909
0.586495
0.522935
0.469367
0.529769
0.486822
0.532061
0.468938
0.490481
0.524168
0.493442
0.505893
0.48814
0.450605
0.534639
0.573654
0.523545
0.511528
0.48239
0.431356
0.515644
0.531921
0.492007
0.510483
0.473382
0.517455
0.486594
0.476433
0.523526
0.52257
0.541198
0.552253
0.450937
0.537068
0.521526
0.530285
0.498005
0.510806
0.485505
0.498364
0.572658
0.50306
0.517038
0.482178
0.525747
0.487353
0.542334
0.49817
0.491964
0.480753
0.480573
0.545888
0.502889
0.519877
0.521979
0.514765
0.509007
0.533431
0.471911
0.505807
0.479467
0.476083
0.464064
0.491833
0.472649
0.490857
0.496389
0.555702
0.485432
0.507926
0.481056
0.514368
0.498008
0.453337
0.500176
0.48376
0.468507
0.479411
0.439307
0.495814
0.470129
0.503385
0.571404
0.499459
0.485131
0.4937
0.484283
0.50482
0.52591
0.480301
0.507152
0.525444
0.522352
0.507632
0.520671
0.546094
0.457104
0.488823
0.456806
0.534424
0.509224
0.478576
0.508616
0.489582
0.521421
0.528184
0.52597
0.461575
0.463514
0.487004
0.52426
0.483403
0.490162
0.540301
0.539759
0.559299
0.465112
0.475234
0.486975
0.453053
0.471527
0.523643
0.508084
0.540434
0.442296
0.545128
0.570129
0.529471
0.438042
0.586092
0.512826
0.434344
0.488749
0.544685
0.479913
0.439151
0.509318
0.524267
0.490309
0.519693
0.480719
0.537739
0.481439
0.463004
0.4321
0.531387
0.53736
0.545704
0.500137
0.537282
0.558045
0.48797
0.508761
0.512556
0.543319
0.481962
0.550067
0.471037
0.526019
0.495089
0.46901
0.524263
0.49111
0.530414
0.48555
0.485292
0.471522
0.454167
0.51475
0.480164
0.519111
0.494698
0.551797
0.499534
0.512041
0.49987
0.486464
0.478407
0.533242
0.48603
0.525697
0.523391
0.519997
0.507814
0.504525
0.491568
0.513522
0.494911
0.494285
0.510482
0.498656
0.491277
0.464072
0.5082
0.519329
0.486759
0.506819
0.515641
0.489221
0.541163
0.49763
0.439151
0.508204
0.51165
0.477348
0.466399
0.505207
0.432933
0.481474
0.474908
0.537257
0.509801
0.513436
0.508776
0.441694
0.500716
0.498591
0.462744
0.508352
0.540124
0.525816
0.475801
0.499277
0.439873
0.498826
0.459243
0.487325
0.517398
0.49233
0.486137
0.511517
0.505393
0.517579
0.513816
0.498076
0.528352
0.523488
0.491094
0.493286
0.474025
0.544102
0.479897
0.516864
0.464871
0.530513
0.46253
0.490827
0.474888
0.518887
0.493404
0.477065
0.487478
0.462125
0.517195
0.486356
0.488095
0.48249
0.492123
0.486039
0.484678
0.520702
0.453079
0.506175
0.496352
0.477601
0.495948
0.473971
0.485989
0.461385
0.498782
0.535286
0.463152
0.520683
0.496323
0.513989
0.492925
0.496483
0.456428
0.552371
0.511455
0.476723
0.454788
0.532169
0.509867
0.457897
0.494877
0.440513
0.532641
0.481416
0.482077
0.516973
0.440216
0.506219
0.508178
0.491291
0.488891
0.490927
0.473274
0.494954
