0.37309
0.497357
0.331991
0.565414
0.654329
0.448634
0.568669
0.410203
0.721548
0.0637929
0.544626
0.390309
0.768809
0.432924
0.418853
0.0461235
0.365238
0.406415
0.434213
0.632668
0.271284
0.581567
0.664782
0.62439
0.491476
0.903386
0.146078
0.346691
0.683571
0.573383
0.660665
0.291533
0.418504
0.66162
0.229365
0.164476
0.910228
0.461711
0.116003
0.288049
0.688934
0.706514
0.293406
0.619334
0.284977
0.310602
0.477427
0.965643
0.237201
0.502138
0.336567
0.666237
0.238182
0.86863
0.575946
0.383511
0.543903
0.842726
0.523051
0.275737
0.693985
0.433647
0.504479
0.0819
0.413682
0.352654
0.682612
0.733571
0.202121
0.514831
0.30151
0.504824
0.44705
0.521332
0.627585
0.859242
0.449244
0.725925
0.192098
0.32599
0.503683
0.225443
0.776364
0.643286
0.80962
0.477247
0.498595
0.68877
0.327116
0.348729
0.820843
0.636236
0.622516
0.497522
0.726501
0.721319
0.533651
0.558851
0.414437
0.657281
0.497177
0.410886
0.261262
0.370478
0.622165
0.516152
0.513205
0.635093
0.38732
0.451689
0.715892
0.285396
0.555714
0.794545
0.5437
0.319221
0.896962
0.750676
0.186642
0.888674
0.497036
0.444712
0.358822
0.731368
0.259653
0.228309
0.617333
0.472762
0.566866
0.294639
0.730217
0.345629
0.141458
0.470205
0.405133
0.440125
0.625741
0.0645087
0.457215
0.804298
0.286893
0.297977
0.905314
0.492565
0.554544
0.510643
0.829341
0.492891
0.325469
0.242718
0.530525
0.606998
0.289464
0.485954
0.642448
0.157519
0.444038
0.342302
0.591324
0.458295
0.162685
0.663031
0.307001
0.622806
0.353627
0.840191
0.662981
0.720609
0.43774
0.889196
0.688221
0.449175
0.315595
0.556133
0.602646
0.906358
0.810756
0.551103
0.510224
0.381438
0.489995
0.4245
0.574137
0.345774
0.178185
0.675959
0.55178
0.964345
0.706797
0.707035
0.327101
0.368356
0.305503
0.396925
0.245533
0.26134
0.605005
0.381768
0.115635
0.569881
0.309928
0.285557
0.493945
0.232789
0.309192
0.820287
0.19324
0.603544
0.0459639
0.319609
0.592487
0.314355
0.540466
0.512038
0.575672
0.40408
0.524291
0.248707
0.130076
0.842598
0.337859
0.216737
0.33511
0.0639167
0.578208
0.461019
0.510121
0.583902
0.734488
0.352972
0.672742
0.536913
0.225831
0.627792
0.509391
0.684495
0.0557237
0.0985277
0.547013
0.319019
0.259855
0.592651
0.629614
0.562369
0.372975
0.440783
0.270155
0.613718
0.78655
0.714906
0.44717
0.413894
0.548063
0.111633
0.296779
0.868048
0.555189
0.795194
0.855959
0.14091
0.412965
0.950571
0.90988
0.462198
0.374124
0.652005
0.757072
0.415009
0.1447
0.713287
0.36623
0.468988
0.812444
0.75507
0.22191
0.517179
0.289834
0.723647
0.551856
0.42672
0.481217
0.261512
0.229543
0.638347
0.771651
0.830607
0.547623
0.394754
0.509692
0.325873
0.435367
0.437853
0.467757
0.685299
0.831511
0.144167
0.0888091
0.706135
0.562851
0.50953
0.811008
0.112137
0.489687
0.254615
0.541236
0.634808
0.123759
0.436839
0.680265
0.826518
0.844335
0.802139
0.414671
0.538439
0.44174
0.74162
0.618667
0.75451
0.360209
0.867979
0.591621
0.555493
0.560022
0.413883
0.468291
0.758671
0.0654185
0.317039
0.579577
0.474436
0.415271
0.429514
0.581654
0.581141
0.753291
0.317953
0.173015
0.493116
0.875848
0.440302
0.451827
0.109535
0.564985
0.650839
0.611344
0.192068
0.877357
0.403782
0.494619
0.409596
0.315644
0.578892
0.572988
0.0566356
0.439079
0.534954
0.260666
0.456743
0.525244
0.649314
0.313486
0.370482
0.944774
0.464576
0.830148
0.464436
0.150246
0.442443
0.890134
0.613337
0.733934
0.511787
0.474762
0.629713
0.446999
0.153372
0.51138
0.297914
0.373357
0.442617
0.145277
0.21645
0.698682
0.499374
0.657826
0.393563
0.427478
0.703644
0.270829
0.309702
0.615902
0.413672
0.1727
0.699531
0.345826
0.592158
0.357493
0.435167
0.302162
0.666351
0.702058
0.608707
0.423336
0.451227
0.443679
0.7664
0.590355
0.563994
0.635622
0.20833
0.396911
0.519888
0.503865
0.499957
0.936492
0.813602
0.625674
0.663897
0.649818
0.742702
0.234927
0.312694
0.330757
0.849285
0.294254
0.211301
0.175557
0.557004
0.332856
0.42204
0.605128
0.355294
0.5004
0.676898
0.214627
0.33557
0.376939
0.661989
0.570573
0.331704
0.0900959
0.591382
0.230649
0.412524
0.584967
0.615779
0.601872
0.372676
0.588421
0.522868
0.372313
0.598402
0.235877
0.828932
0.306544
0.291042
0.373948
0.808622
0.528955
0.231405
0.486195
0.910369
0.376595
0.422748
0.895318
0.43576
0.251407
0.76278
0.81548
0.667614
0.450531
0.469255
0.456933
0.538402
0.657764
0.76549
0.704327
0.453228
0.483955
0.156686
0.298521
0.548634
0.373793
0.36336
0.734603
0.432424
0.423449
0.378629
0.597945
0.430206
0.775125
0.470246
0.188887
0.523634
0.857531
0.1689
0.427253
0.84575
0.117789
0.251355
0.830248
0.449267
0.12326
0.888238
0.47692
0.353577
0.62834
0.597718
0.436795
0.0788414
0.372697
0.409326
0.10169
0.653803
0.752396
0.371791
0.547425
0.557121
0.279536
0.34184
0.206537
0.232914
0.756855
0.423301
0.767668
0.48397
0.184579
0.577615
0.68536
0.930167
0.5836
0.327735
0.462086
0.480468
0.786266
0.379982
0.357574
0.433029
0.494575
0.399464
0.315656
0.582755
0.187811
0.417503
0.508049
0.889575
0.0876717
0.444954
0.283245
0.171474
0.912973
0.160387
0.476218
0.403933
0.631445
0.528566
0.426718
0.190272
0.839859
0.764635
0.376512
0.342084
0.506707
0.277725
0.12292
0.528688
0.442251
0.889504
0.556858
0.653421
0.582942
0.233484
0.15804
0.391161
0.454514
0.299895
0.367348
0.503003
0.850429
0.693595
0.228143
0.451429
0.915496
0.727118
0.13739
0.667613
0.681344
0.175892
0.163867
0.695402
0.75859
0.584802
0.391344
0.577695
0.499252
0.553692
0.533667
0.660996
0.546378
0.550065
0.841059
0.381135
0.715941
0.314845
0.547685
0.784287
0.490596
0.543186
0.478329
0.802791
0.772262
0.227062
0.271143
0.421191
0.69783
0.729117
0.732015
0.288893
0.480142
0.636884
0.705485
0.0573781
0.730873
0.421151
0.565485
0.75566
0.301513
0.56639
0.635957
0.574434
0.422262
0.694581
0.0953604
0.286213
0.426847
0.608773
0.839614
0.216526
0.634714
0.617126
0.293568
0.600851
0.842192
0.54531
0.802776
0.422267
0.429366
0.741936
0.557142
0.521587
0.429253
0.834679
0.510208
0.307337
0.626151
0.239993
0.537505
0.533364
0.742834
0.84565
0.166072
0.200894
0.519807
0.380883
0.149327
0.485328
0.697779
0.397648
0.492253
0.722933
0.799676
0.541326
0.823295
0.466399
0.609
0.844352
0.727535
0.207359
0.914257
0.510811
0.522078
0.246242
0.863439
0.558364
0.406752
0.773318
0.435148
0.29649
0.530332
0.928697
0.513466
0.379996
0.544871
0.787748
0.505405
0.644418
0.607619
0.505741
0.592752
0.255828
0.734888
0.573801
0.54794
0.562303
0.623833
0.422422
0.623366
0.190986
0.2947
0.645938
0.419136
0.441472
0.383235
0.36279
0.313313
0.754755
0.418298
0.58927
0.35101
0.597432
0.346046
0.431589
0.546878
0.186954
0.236929
0.775031
0.893138
0.447556
0.47315
0.739014
0.622795
0.139408
0.681191
0.553431
0.481436
0.451513
0.809576
0.41731
0.489956
0.550895
0.443826
0.546536
0.541168
0.625296
0.776339
0.591146
0.905128
0.342634
0.497609
0.587734
0.886744
0.457633
0.813733
0.615025
0.262808
0.633218
0.321777
0.756697
0.55795
0.44819
0.488483
0.125492
0.136384
0.261061
0.33035
0.420468
0.582772
0.647352
0.438474
0.454759
0.590177
0.598481
0.688727
0.717389
0.156528
0.476211
0.11186
0.878832
0.54271
0.402851
0.618341
0.0782283
0.629251
0.742758
0.635576
0.580266
0.793868
0.611181
0.249109
0.689009
0.538821
0.667045
0.0978882
0.502835
0.378381
0.411564
0.0964483
0.0840127
0.580953
0.944407
0.322432
0.515075
0.267834
0.20188
0.803792
0.524133
0.479621
0.755429
0.351264
0.208745
0.274085
0.684526
0.484902
0.723931
0.785383
0.661826
0.607953
0.898059
0.278087
0.352445
0.512565
0.762548
0.18438
0.359553
0.52443
0.561234
0.923359
0.479143
0.643742
0.225598
0.387919
0.247364
0.347082
0.553593
0.531509
0.197553
0.674127
0.133
0.0718497
0.452023
0.080314
0.814999
0.744701
0.835202
0.306292
0.448765
0.58316
0.469719
0.489429
0.612216
0.805993
0.254526
0.537509
0.792886
0.818717
0.732394
0.735816
0.436185
0.432799
0.871281
0.0828246
0.211991
0.381644
0.462134
0.369813
0.462516
0.288503
0.463092
0.619198
0.53216
0.365003
0.35426
0.361424
0.740691
0.557678
0.289508
0.528532
0.578258
0.410401
0.18766
0.293288
0.552202
0.512964
0.705684
0.696736
0.526849
0.387846
0.331177
0.853206
0.88624
0.36804
0.881335
0.327224
0.782563
0.479218
0.500922
0.718259
0.45878
0.566091
0.64873
0.898208
0.155652
0.590767
0.81388
0.226349
0.280544
0.554939
0.18363
0.413865
0.493414
0.448555
0.518834
0.803503
0.337901
0.572101
0.714708
0.565576
0.621623
0.383296
0.268657
0.204235
0.282176
0.497699
0.41145
0.876555
0.169853
0.217525
0.405714
0.282378
0.333826
0.515063
0.580112
0.541601
0.248689
0.582768
0.185793
0.672275
0.516463
0.961517
0.854878
0.520819
0.938469
0.207187
0.669204
0.483558
0.218949
0.642776
0.800996
0.680877
0.707477
0.14365
0.612876
0.610064
0.507106
0.621765
0.481134
0.392783
0.622097
0.445436
0.830433
0.851515
0.395201
0.594337
0.570539
0.529476
0.119887
0.46352
0.292427
0.445556
0.289011
0.415135
0.417096
0.895252
0.597719
0.755511
0.519778
0.727577
0.517209
0.214489
0.508102
0.37824
0.636036
0.65817
0.442174
0.358838
0.458194
0.630774
0.468076
0.565168
0.537704
0.522899
0.84202
0.715467
0.544018
0.445132
0.242288
0.411186
0.734739
0.7829
0.222955
0.235267
0.734472
0.509445
0.49514
0.862497
0.338188
0.889275
0.401004
0.824715
0.557365
0.571147
0.797324
0.159015
0.446624
0.769429
0.487006
0.399757
0.4611
0.0890242
0.863292
0.200411
0.39841
0.682111
0.163049
0.740102
0.918303
0.652619
0.787329
0.432971
0.731218
0.519225
0.275521
0.420718
0.842706
0.250781
0.828757
0.684414
0.746198
0.653236
0.338015
0.426204
0.242989
0.522341
0.382654
0.57261
0.802978
0.873044
0.454541
0.408036
0.798295
0.548806
0.808168
0.301576
0.698181
0.508241
0.67723
0.55468
0.333209
0.571965
0.80796
0.793584
0.690286
0.303838
0.683182
0.16917
0.555045
0.486727
0.778436
0.523397
0.345953
0.844014
0.392403
0.444271
0.543734
0.639735
0.639005
0.115517
0.714983
0.525982
0.320376
0.522273
0.866796
0.394932
0.560683
0.525432
0.610835
0.241341
0.512772
0.443962
0.336782
0.186417
0.581457
0.575722
0.641936
0.197305
0.527307
0.332829
0.417316
0.381461
0.576312
0.285262
0.653119
0.43956
0.399413
0.732174
0.192907
0.441392
0.604326
0.7475
0.755602
0.416357
0.266863
0.671712
0.908783
0.454479
0.526722
0.437081
0.326333
0.648825
0.123311
0.690956
0.191118
0.581436
0.30589
0.19706
0.740184
0.399336
0.235044
0.332104
0.774715
0.576902
0.571831
0.444901
0.663862
0.4335
0.197925
0.0925999
0.229982
0.284328
0.630267
0.280575
0.333937
0.495673
0.373252
0.536436
0.461048
0.118622
0.23395
0.530619
0.455159
0.350662
0.181024
0.484635
0.585571
0.541363
0.0978515
0.66764
0.836114
0.320375
0.419527
0.577224
0.193731
0.939682
0.593387
0.200562
0.472695
0.365679
0.802117
0.427011
0.491905
0.567696
0.496191
0.551515
0.505279
0.371619
0.487104
0.71182
0.736753
0.596508
0.287372
0.705147
0.687759
0.347048
0.496068
0.496053
0.548062
0.354025
0.556004
0.302647
0.797734
0.487026
0.276522
0.70035
0.223144
0.561915
0.73668
0.16717
0.717624
0.536499
0.429177
0.568799
0.196409
0.0942344
0.383329
0.803155
0.123169
0.0777692
0.484592
0.688263
0.488673
0.500694
0.613468
0.438351
0.109958
0.633912
0.215401
0.319415
0.17245
0.631841
0.556225
0.261904
0.431783
0.448663
0.111314
0.828188
0.756864
0.154242
0.385539
0.416851
0.747069
0.722777
0.447985
0.238093
0.680712
0.415978
0.820131
0.457157
0.494663
0.419292
0.340063
0.741544
0.404924
0.635402
0.340996
0.479339
0.595818
0.301853
0.523624
0.58996
0.75921
0.773595
0.414614
0.807365
0.218234
0.521272
0.810883
0.625309
0.253528
0.749482
0.49348
0.198275
0.604432
0.434433
0.541461
0.556074
0.57782
0.523765
0.361262
0.542816
0.504393
0.465082
0.383585
0.395334
0.751826
0.354622
0.344165
0.478478
0.655764
0.853342
0.119159
0.502947
0.288036
0.387371
0.47057
0.526306
0.283751
0.558981
0.610852
0.575745
0.406948
0.546287
0.530587
0.40648
0.572332
0.337368
0.813614
0.366748
0.248481
0.836189
0.37496
0.366116
0.444566
0.328009
0.794834
0.949122
0.392234
0.543214
0.886934
0.429818
0.369608
0.761215
0.604271
0.54482
0.707936
0.890794
0.413226
0.629615
0.476877
0.367069
0.301196
0.709416
0.514535
0.48093
0.105069
0.475583
0.978162
0.386285
0.666109
0.363932
0.366224
0.612575
0.432891
0.527424
0.586232
0.356205
0.727473
0.848626
0.107513
0.649449
0.421245
0.43425
0.315572
0.334972
0.78099
0.83971
0.439236
0.499786
0.411839
0.517391
0.469682
0.682263
0.86701
0.0769664
0.644802
0.187271
0.581942
0.600949
0.876234
0.553546
0.412778
0.666196
0.717779
0.0579113
0.551454
0.647308
0.437158
0.56068
0.856001
0.650686
0.693348
0.0458973
0.403216
0.552154
0.675831
0.647179
0.402176
0.399211
0.307122
0.281844
0.383055
0.338665
0.711669
0.520441
0.742466
0.519362
0.426737
0.477168
0.498688
0.628589
0.527515
0.732574
0.68181
0.439469
0.9059
0.3575
0.59231
0.722094
0.600018
0.664883
0.408105
0.0918219
0.680691
0.69037
0.328031
0.550741
0.433977
0.331114
0.509594
0.722634
0.691573
0.618535
0.433015
0.331035
0.634781
0.446372
0.789732
0.502923
0.313611
0.839776
0.130542
0.883812
0.34129
0.864508
0.514863
0.476259
0.605151
0.300102
0.287666
0.532704
0.507887
0.807359
0.679687
0.640665
0.527744
0.112946
0.421126
0.29118
0.299824
0.755013
0.428709
0.237471
0.129551
0.383429
0.356293
0.336293
0.557057
0.333485
0.328965
0.527478
0.193726
0.556903
0.559801
0.689484
0.0728444
0.484382
0.421596
0.65033
0.870997
0.255632
0.620607
0.0369121
0.429654
0.186835
0.216186
0.370153
0.677959
0.571462
0.622785
0.154931
0.189881
0.531217
0.348898
0.355298
0.600993
0.335286
0.172652
0.430653
0.281451
0.500326
0.356295
0.240971
0.385788
0.0276968
0.584096
0.852817
0.484196
0.758127
0.360341
0.164363
0.523732
0.145692
0.370052
0.793633
0.432597
0.579842
0.400203
0.353914
0.306522
0.305208
0.45709
0.359242
0.351814
0.669066
0.729538
0.776065
0.427507
0.499136
0.300655
0.776335
0.802614
0.413643
0.27268
0.830198
0.761535
0.487235
0.463602
0.351831
0.352354
0.104017
0.453722
0.258418
0.543973
0.569575
0.223567
0.348468
0.434811
0.440376
0.568213
0.607494
0.757878
0.381115
0.550062
0.286548
0.604266
0.272572
0.27383
0.6311
0.589139
0.295772
0.62492
0.559472
0.206057
0.259265
0.500156
0.729577
0.740191
0.485218
0.623063
0.550909
0.296624
0.723532
0.775478
0.466086
0.646881
0.642623
0.362818
0.686317
0.473237
0.343464
0.365766
0.454654
0.801213
0.540591
0.180568
0.60836
0.543367
0.782641
0.46978
0.517947
0.385561
0.462211
0.620651
0.650737
0.442427
0.402672
0.446472
0.610705
0.896733
0.941308
0.701754
0.591981
0.794794
0.643571
0.00497157
0.0467196
0.284286
0.70246
0.382697
0.491718
0.719067
0.0632029
0.766322
0.370817
0.717494
0.323932
0.365523
0.525801
0.22638
0.308708
0.304686
0.578332
0.510387
0.601521
0.370698
0.520438
0.332848
0.726171
0.775975
0.32535
0.941985
0.134295
0.0260688
0.250371
0.307618
0.381177
0.673671
0.419959
0.629293
0.561019
0.172489
0.509127
0.510308
0.181889
0.79686
0.387117
0.123186
0.579426
0.675447
0.618515
0.559373
0.93163
0.500868
0.430126
0.625501
0.138064
0.493383
0.833361
0.196847
0.59706
0.501914
0.858999
0.976232
0.525874
0.186413
0.441084
0.835261
0.568134
0.914594
0.414327
0.27123
0.408531
0.380064
0.334512
0.319239
0.651163
0.698238
0.181605
0.408596
0.48689
0.484631
0.217769
0.561329
0.578894
0.35171
0.611699
0.274851
0.794687
0.877353
0.515783
0.634687
0.838643
0.553668
0.651035
0.397572
0.463151
0.301878
0.532347
0.491359
0.547721
0.681799
0.583778
0.799593
0.410528
0.65279
0.443189
0.787517
0.445448
0.499283
0.350261
0.277132
0.710732
0.453009
0.493963
0.881187
0.800081
0.719712
0.137978
0.107519
0.748686
0.579414
0.675914
0.748257
0.92266
0.728344
0.779923
0.133985
0.0868243
0.300957
0.772754
0.601148
0.204298
0.075385
0.535612
0.649104
0.671581
0.37653
0.756348
0.728685
0.344638
0.780304
0.503826
0.571239
0.508856
0.150937
0.549367
0.20394
0.578324
0.493022
0.8816
0.563089
0.493945
0.473448
0.610561
0.464499
0.541181
0.580929
0.835952
0.457525
0.489038
0.593419
0.280333
0.837034
0.846956
0.54138
0.499267
0.837264
0.658264
0.102262
0.78255
0.588687
0.31511
0.347527
0.40063
0.557488
0.631544
0.76409
0.33566
0.181765
0.556987
0.362564
0.391415
0.398769
0.445656
0.652669
0.691061
0.46784
0.861013
0.58353
0.53311
0.443567
0.459705
0.823248
0.726843
0.524635
0.543876
0.692243
0.2802
0.346216
0.192356
0.789715
0.414092
0.329983
0.691807
0.477915
0.95998
0.306587
0.294688
0.615301
0.499535
0.434847
0.82109
0.50714
0.538133
0.392932
0.630358
0.584243
0.59733
0.227488
0.501322
0.292799
0.95456
0.70419
0.521223
0.200774
0.344607
0.714839
0.653318
0.61574
0.46463
0.214656
0.628694
0.484771
0.651358
0.543915
0.654356
0.722887
0.554537
0.30903
0.786527
0.218035
0.194763
0.231519
0.948316
0.880702
0.460435
0.525862
0.672596
0.91419
0.737369
0.631401
0.61522
0.447986
0.520172
0.480866
0.481333
0.227081
0.688752
0.659237
0.654891
0.749944
0.553579
0.823376
0.53217
0.460585
0.327641
0.381537
0.461874
0.650411
0.462732
0.601211
0.613981
0.384545
0.50626
0.576202
0.174031
0.761716
0.554059
0.559929
0.751261
0.204701
0.493895
0.344634
0.385049
0.250536
0.48884
0.529032
0.649888
0.66221
0.650885
0.379379
0.365908
0.38861
0.363258
0.648027
0.70086
0.319348
0.444975
0.664843
0.938968
0.896243
0.290171
0.278857
0.207964
0.509005
0.567961
0.22327
0.372536
0.671293
0.573322
0.809033
0.598083
0.371363
0.921308
0.540752
0.851254
0.521277
0.632272
0.402894
0.543329
0.524649
0.74105
0.55306
0.626088
0.798023
0.450909
0.289664
0.424122
0.528654
0.383829
0.78202
0.556393
0.583104
0.288847
0.541591
0.353047
0.526709
0.801685
0.518898
0.706301
0.571404
0.292079
0.626621
0.609188
0.102993
0.409917
0.795084
0.377066
0.46145
0.847416
0.674302
0.6047
0.721722
0.683278
0.470427
0.611604
0.548065
0.449481
0.625245
0.490992
0.474019
0.665544
0.426186
0.66708
0.518426
0.0534454
0.391453
0.783419
0.651266
0.679074
0.599848
0.502758
0.480779
0.348587
0.247182
0.573497
0.461166
0.836401
0.617586
0.138411
0.180725
0.559224
0.803605
0.73015
0.624999
0.468928
0.59686
0.414303
0.336716
0.393616
0.55506
0.460304
0.228025
0.435751
0.537976
0.495562
0.807236
0.390144
0.602937
0.312622
0.63636
0.513642
0.613916
0.43034
0.874586
0.730783
0.401169
0.227962
0.432366
0.283117
0.15449
0.865993
0.38717
0.734775
0.730561
0.494889
0.443837
0.39592
0.326927
0.443419
0.050765
0.520232
0.443166
0.6329
0.32401
0.456446
0.487769
0.461429
0.220273
0.283094
0.648716
0.278834
0.466745
0.592165
0.414933
0.368477
0.387263
0.16062
0.416483
0.490276
0.914631
0.872708
0.44215
0.274229
0.693614
0.583441
0.427516
0.825651
0.144908
0.253999
0.611642
0.512486
0.580984
0.34333
0.555131
0.273669
0.479869
0.501214
0.126744
0.429283
0.319405
0.232454
0.307955
0.515224
0.718279
0.479629
0.415478
0.537805
0.525719
0.425551
0.251561
0.796336
0.636909
0.0372853
0.547108
0.536248
0.883238
0.760566
0.477422
0.82558
0.196104
0.232929
0.575421
0.358432
0.822229
0.30788
0.56259
0.0719933
0.727578
0.456578
0.648823
0.625319
0.667903
0.329971
0.392717
0.623347
0.22739
0.36119
0.54882
0.183334
0.73015
0.440359
0.161318
0.602069
0.247079
0.603648
0.374998
0.729986
0.601106
0.731091
0.473963
0.514825
0.449908
0.643034
0.104317
0.380168
0.0752849
0.277058
0.833078
0.114358
0.454598
0.53558
0.590589
0.352765
0.667064
0.393474
0.295913
0.660965
0.556517
0.665025
0.420383
0.386283
0.565011
0.268947
0.57657
0.329384
0.499368
0.337494
0.655843
0.544359
0.670887
0.522104
0.233945
0.236991
0.30208
0.318751
0.439423
0.611445
0.562841
0.223622
0.387276
0.645405
0.501098
0.875267
0.40704
0.38499
0.448866
0.608162
0.585166
0.523523
0.930841
0.769254
0.619825
0.519056
0.242171
0.444159
0.470411
0.459296
0.532969
0.55187
0.579554
0.498358
0.306824
0.357854
0.744113
0.451078
0.361662
0.811146
0.57888
0.883808
0.550099
0.614852
0.446141
0.360005
0.370897
0.354887
0.419819
0.517567
0.370733
0.248885
0.337431
0.871341
0.209497
0.192281
0.0756704
0.777447
0.241012
0.413988
0.585256
0.370251
0.444476
0.483105
0.356
0.670541
0.391443
0.510352
0.393475
0.474324
0.240228
0.814936
0.248981
0.184122
0.56374
0.323166
0.416218
0.696998
0.404351
0.445799
0.48787
0.548764
0.36922
0.138262
0.535139
0.815411
0.205137
0.598681
0.278009
0.44645
0.708197
0.509897
0.75528
0.838655
0.468647
0.195093
0.481768
0.751523
0.851088
0.782406
0.628642
0.377447
0.630555
0.599481
0.464776
0.598536
0.431092
0.174294
0.450648
0.271268
0.464586
0.642327
0.275529
0.952162
0.48264
0.549423
0.579056
0.423932
0.518997
0.30977
0.653859
0.419008
0.728654
0.602545
0.34345
0.736073
0.408105
0.806467
0.361403
0.670854
0.14708
0.348876
0.782861
0.826701
0.140169
0.290012
0.692187
0.626241
0.505329
0.526337
0.229656
0.241524
0.316944
0.854861
0.387172
0.307347
0.584424
0.448631
0.393729
0.360517
0.483973
0.535046
0.517892
0.881047
0.690119
0.449798
0.589131
0.290015
0.532754
0.62105
0.161805
0.465271
0.562173
0.588
0.653856
0.382981
0.350757
0.482558
0.0751407
0.54849
0.551054
0.257892
0.678129
0.159089
0.679995
0.258835
0.253767
0.625691
0.126847
0.361681
0.195244
0.160981
0.53389
0.330305
0.294546
0.550075
0.504009
0.403705
0.395742
0.637872
0.273554
0.846746
0.735069
0.621779
0.314792
0.339538
0.534832
0.519156
0.503934
0.518604
0.609803
0.700698
0.587305
0.838885
0.357943
0.27441
0.877837
0.309859
0.764671
0.560698
0.378545
0.0494905
0.558489
0.557141
0.84545
0.41363
0.737268
0.951845
0.302367
0.555055
0.257547
0.133696
0.395339
0.611584
0.466003
0.532922
0.316998
0.112532
0.766318
0.484567
0.849823
0.847851
0.398653
0.52977
0.628466
0.457744
0.25335
0.264389
0.1675
0.658383
0.527952
0.340448
0.273599
0.449357
0.452028
0.149023
0.287686
0.856257
0.633286
0.45755
0.464893
0.531102
0.50183
0.672491
0.657526
0.534093
0.798926
0.584778
0.495985
0.446466
0.716099
0.19284
0.420874
0.479479
0.133499
0.527867
0.179774
0.140218
0.352233
0.503647
0.549787
0.418236
0.783099
0.736081
0.196605
0.323881
0.426904
0.200824
0.688851
0.66955
0.516838
0.62283
0.649001
0.386299
0.641214
0.865751
0.57503
0.459542
0.569103
0.287288
0.645804
0.625928
0.632214
0.383518
0.410174
0.286584
0.352525
0.438203
0.487579
0.38159
0.536844
0.571312
0.604032
0.448906
0.597753
0.936001
0.626599
0.574377
0.483934
0.325992
0.213967
0.26133
0.675277
0.184935
0.080584
0.329888
0.455566
0.911146
0.638993
0.597625
0.316986
0.387499
0.660488
0.438524
0.502586
0.250409
0.53212
0.725493
0.320844
0.141724
0.619157
0.5239
0.547563
0.774863
0.360589
0.914688
0.325982
0.646041
0.570055
0.350695
0.677293
0.719564
0.45833
0.688405
0.453709
0.492221
0.639858
0.648778
0.377362
0.562935
0.574497
0.659358
0.521486
0.451509
0.756025
0.563714
0.390733
0.275458
0.459988
0.624996
0.665464
0.797064
0.272286
0.304487
0.173812
0.665247
0.223123
0.0923509
0.679298
0.745081
0.669242
0.779096
0.223483
0.241443
0.828386
0.348947
0.29639
0.452128
0.620054
0.88439
0.458682
0.357646
0.442583
0.885399
0.289002
0.469204
0.25084
0.240411
0.147602
0.818353
0.253494
0.387634
0.504639
0.312377
0.520659
0.567201
0.594658
0.699615
0.842783
0.524198
0.662953
0.259986
0.631002
0.735707
0.480467
0.28119
0.330137
0.173393
0.601517
0.416162
0.125289
0.740585
0.517241
0.334379
0.317556
0.362495
0.375403
0.29586
0.526965
0.387116
0.835067
0.499204
0.412653
0.260805
0.35661
0.437438
0.263225
0.336562
0.573743
0.672196
0.860701
0.0315984
0.583683
0.851313
0.307311
0.606461
0.733339
0.259585
0.232414
0.544816
0.520708
0.126039
0.701039
0.714119
0.884589
0.292561
0.0742266
0.75707
0.621605
0.563098
0.24576
0.584276
0.693459
0.524152
0.484069
0.359961
0.462306
0.251926
0.674169
0.0519784
0.196634
0.866056
0.806234
0.783578
0.747217
0.682009
0.564532
0.505579
0.737489
0.428733
0.467093
0.55906
0.251813
0.553172
0.485779
0.46472
0.248502
0.199986
0.631014
0.414461
0.194394
0.281126
0.468036
0.102827
0.334796
0.496051
0.594714
0.406114
0.36662
0.390262
0.778046
0.504764
0.677761
0.521212
0.20291
0.579401
0.740227
0.304244
0.382243
0.414382
0.104219
0.354587
0.459142
0.369786
0.339966
0.646566
0.467713
0.861518
0.724446
0.730644
0.555726
0.291404
0.161096
0.696704
0.102977
0.51593
0.752538
0.700138
0.500335
0.409915
0.278105
0.524448
0.532911
0.716188
0.742753
0.676722
0.333814
0.579337
0.434565
0.452202
0.716437
0.277456
0.392449
0.405131
0.292063
0.60276
0.762733
0.419836
0.592916
0.657115
0.360645
0.520562
0.398368
0.344748
0.527989
0.577923
0.31528
0.562976
0.874597
0.425331
0.414526
0.585699
0.531037
0.738179
0.424227
0.719461
0.646982
0.735141
0.471578
0.865976
0.68937
0.76229
0.278962
0.408759
0.929118
0.49368
0.512147
0.572679
0.468099
0.664155
0.219705
0.557496
0.642248
0.28274
0.762866
0.147226
0.456445
0.709385
0.389289
0.767083
0.584155
0.367929
0.59495
0.301964
0.163697
0.509914
0.387991
0.590002
0.571452
0.403766
0.426502
0.171556
0.181395
0.409696
0.276535
0.494458
0.30006
0.569162
0.17961
0.704553
0.300247
0.643914
0.549042
0.364204
0.780664
0.142182
0.770195
0.277787
0.0699657
0.641801
0.726621
0.393068
0.552861
0.956675
0.474602
0.347398
0.491343
0.51889
0.39356
0.286079
0.142602
0.603578
0.114592
0.496871
0.43168
0.458171
0.855625
0.154609
0.442678
0.706787
0.620481
0.562526
0.4991
0.49748
0.911518
0.533875
0.477243
0.0720106
0.510034
0.714525
0.0514377
0.51415
0.449306
0.295825
0.591041
0.6752
0.784051
0.0542762
0.294357
0.129094
0.488261
0.418515
0.154474
0.5524
0.760942
0.63176
0.47473
0.40086
0.945518
0.771859
0.236452
0.577137
0.346887
0.409942
0.473273
0.829776
0.320207
0.454841
0.401385
0.35956
0.325586
0.690226
0.62956
0.764047
0.407205
0.172971
0.545828
0.610995
0.46011
0.465548
0.717222
0.61326
0.751398
0.56872
0.291599
0.721677
0.934111
0.554211
0.379726
0.554363
0.30915
0.437136
0.168326
0.23508
0.367013
0.61368
0.23783
0.82016
0.53005
0.654202
0.862842
0.189358
0.250682
0.63597
0.834487
0.114043
0.485465
0.857258
0.563557
0.461558
0.514753
0.434858
0.375071
0.42855
0.66663
0.108355
0.632055
0.435355
0.957337
0.414702
0.252552
0.293714
0.730807
0.456997
0.695104
0.535471
0.765472
0.384492
0.597006
0.464299
0.529284
0.140459
0.621318
0.73791
0.499043
0.352643
0.558982
0.552342
0.599762
0.470462
0.306504
0.0743651
0.329643
0.808595
0.41883
0.465421
0.694395
0.742353
0.42313
0.328686
0.658481
0.581524
0.320463
0.691673
0.812744
0.454096
0.552458
0.488896
0.55301
0.325131
0.699796
0.141846
0.516764
0.658692
0.349397
0.575545
0.832037
0.700486
0.594881
0.52829
0.271449
0.550611
0.395827
0.312071
0.368501
0.380321
0.59011
0.393095
0.47837
0.716944
0.109229
0.89765
0.434002
0.37844
0.151494
0.325568
0.602724
0.521229
0.16964
0.373842
0.47115
0.681384
0.57186
0.360675
0.541142
0.554941
0.641894
0.576466
0.693701
0.565712
0.469927
0.308961
0.873707
0.531182
0.839323
0.677114
0.731533
0.498169
0.759882
0.0583487
0.306065
0.458186
0.361555
0.444814
0.691921
0.391542
0.598712
0.595155
0.861245
0.443919
0.660541
0.329528
0.760369
0.24862
0.68084
0.79912
0.664988
0.892143
0.473165
0.405695
0.461338
0.49132
0.253502
0.594192
0.177777
0.500553
0.0927765
0.597402
0.446207
0.483323
0.534464
0.521893
0.202115
0.484057
0.627858
0.443706
0.45747
0.617413
0.302334
0.444312
0.116963
0.397622
0.13487
0.925959
0.439467
0.173834
0.5102
0.239412
0.439324
0.566527
0.59813
0.367546
0.417324
0.401958
0.287013
0.424566
0.848884
0.700722
0.240925
0.550505
0.138019
0.543145
0.726913
0.516624
0.564346
0.783737
0.268911
0.868112
0.641739
0.492153
0.483361
0.324525
0.499731
0.51598
0.672503
0.748564
0.202211
0.667161
0.720363
0.529334
0.290822
0.688019
0.54133
0.771112
0.702031
0.382293
0.340829
0.453453
0.340567
0.291278
0.889742
0.427829
0.527491
0.423207
0.368036
0.398843
0.146601
0.657463
0.22574
0.657138
0.607743
0.217734
0.217321
0.586307
0.222701
0.464324
0.579222
0.385105
0.289717
0.385164
0.760511
0.437784
0.899984
0.57464
0.60697
0.700255
0.463894
0.650135
0.364472
0.614901
0.569247
0.510747
0.395775
0.512544
0.330054
0.464714
0.418955
0.640185
0.572965
0.320005
0.399866
0.665107
0.269893
0.542814
0.687872
0.41564
0.699185
0.789622
0.0870064
0.821183
0.274037
0.557371
0.848184
0.524134
0.273824
0.365817
0.660681
0.0357336
0.841788
0.543979
0.642921
0.581606
0.248184
0.411027
0.55198
0.541231
0.636393
0.770167
0.428237
0.573906
0.701414
0.609921
0.473621
0.495667
0.582608
0.930857
0.506311
0.145311
0.462918
0.241413
0.84732
0.683308
0.762659
0.614508
0.453242
0.143597
0.672714
0.355867
0.505048
0.300222
0.485924
0.447521
0.448351
0.597808
0.560398
0.613519
0.0744987
0.288985
0.278034
0.518987
0.672095
0.534835
0.0543661
0.612891
0.32001
0.888855
0.803408
0.864106
0.531464
0.530853
0.134885
0.232748
0.351956
0.813404
0.439074
0.728399
0.508641
0.760403
0.608111
0.541197
0.509118
0.552527
0.642396
0.798994
0.36614
0.519461
0.276933
0.481206
0.573361
0.857486
0.578607
0.776483
0.642381
0.463591
0.799468
0.162439
0.758848
0.162979
0.631122
0.71271
0.158143
0.803674
0.482672
0.471817
0.145926
0.34525
0.341931
0.750086
0.235564
0.6428
0.483369
0.894132
0.226721
0.441797
0.729737
0.52843
0.820028
0.949123
0.239594
0.169127
0.116824
0.588488
0.421048
0.335877
0.678905
0.674194
0.674005
0.45475
0.303032
0.535442
0.48842
0.368794
0.4806
0.88531
0.362691
0.691835
0.173761
0.434863
0.480145
0.75475
0.437766
0.769902
0.772265
0.646461
0.21966
0.555471
0.626013
0.421236
0.892154
0.213874
0.405998
0.382158
0.705552
0.369615
0.502016
0.833921
0.699915
0.525585
0.357992
0.148617
0.49119
0.407544
0.716242
0.442074
0.416747
0.793858
0.481893
0.407685
0.772119
0.492581
0.279419
0.91486
0.416208
0.54414
0.78168
0.453436
0.490089
0.341304
0.579205
0.550534
0.099756
0.515853
0.2885
0.507945
0.772811
0.468736
0.177492
0.70119
0.125326
0.724168
0.483932
0.54034
0.184323
0.327763
0.570233
0.404364
0.181766
0.603338
0.354904
0.633666
0.722521
0.582541
0.628953
0.563956
0.461601
0.388501
0.693582
0.644902
0.545454
0.188226
0.201242
0.528954
0.246058
0.663095
0.391016
0.134933
0.144882
0.725649
0.324153
0.688035
0.374915
0.0673359
0.31929
0.586178
0.46871
0.339064
0.192005
0.379718
0.283812
0.483039
0.473139
0.710885
0.778004
0.560472
0.415322
0.623735
0.777156
0.680787
0.32472
0.525034
0.672892
0.699435
0.475648
0.449846
0.409167
0.0677117
0.801846
0.912485
0.384555
0.723166
0.273216
0.235015
0.629555
0.436003
0.392702
0.289709
0.889638
0.616255
0.309315
0.697321
0.193986
0.129455
0.429971
0.503526
0.814113
0.586491
0.674561
0.289211
0.668017
0.726005
0.510254
0.505064
0.305393
0.46236
0.399417
0.614476
0.656222
0.562136
0.146796
0.625975
0.227428
0.542643
0.281646
0.645364
0.368286
0.273652
0.655466
0.910857
0.714018
0.715963
0.664828
0.512865
0.355208
0.77692
0.512183
0.0774489
0.490991
0.086749
0.814342
0.625011
0.38407
0.736799
0.240762
0.413392
0.499134
0.630318
0.700434
0.715198
0.794085
0.441354
0.323846
0.758289
0.772645
0.495816
0.723472
0.354714
0.351537
0.375837
0.659464
0.387075
0.749479
0.285364
0.334356
0.271509
0.352516
0.53423
0.632966
0.682095
0.247049
0.43034
0.685644
0.456807
0.434638
0.533968
0.291856
0.593027
0.723094
0.768173
0.547605
0.458634
0.834702
0.705379
0.8227
0.27425
0.365309
0.79137
0.555611
0.346881
0.697104
0.728137
0.758464
0.13738
0.475765
0.859084
0.215732
0.52572
0.487017
0.651289
0.851706
0.689704
0.558739
0.336232
0.692194
0.650685
0.890591
0.379687
0.332525
0.173227
0.299893
0.868894
0.17536
0.537181
0.395143
0.435598
0.283106
0.737793
0.464879
0.462721
0.448871
0.2335
0.523927
0.181489
0.83552
0.435024
0.653794
0.852194
0.99246
0.698734
0.342531
0.781881
0.703651
0.0878439
0.366395
0.537384
0.227536
0.375328
0.147361
0.264029
0.110887
0.377457
0.529456
0.0962736
0.48111
0.418454
0.4196
0.118217
0.392092
0.726724
0.755276
0.560735
0.104165
0.55519
0.560906
0.396182
0.131801
0.317481
0.756465
0.451873
0.75978
0.165714
0.804228
0.511385
0.568459
0.780521
0.501628
0.416027
0.188481
0.340738
0.486287
0.495187
0.352899
0.284119
0.523447
0.572653
0.631258
0.0129935
0.274297
0.449127
0.346266
0.666438
0.553507
0.54419
0.452653
0.410497
0.504784
0.786242
0.524424
0.498879
0.188529
0.503628
0.327509
0.843699
0.114902
0.441677
0.308646
0.305702
0.724686
0.552356
0.795935
0.633471
0.333896
0.106971
0.292583
0.244083
0.448888
0.546028
0.575705
0.155844
0.618577
0.499329
0.890851
0.483683
0.736468
0.177044
0.730503
0.186362
0.262612
0.319225
0.445649
0.642912
0.249253
0.595657
0.57411
0.631609
0.426701
0.16986
0.798694
0.646423
0.455329
0.411913
0.706851
0.675101
0.533449
0.274568
0.647388
0.602808
0.504852
0.216331
0.559732
0.463282
0.250627
0.354131
0.411769
0.515219
0.0951567
0.488902
0.442852
0.717467
0.748312
0.116304
0.688921
0.511119
0.948915
0.503589
0.48759
0.364495
0.823478
0.839896
0.201221
0.122358
0.927645
0.445156
0.24936
0.350004
0.386859
0.462563
0.506276
0.429072
0.236747
0.384685
0.462768
0.364861
0.514804
0.508514
0.426123
0.44655
0.483891
0.730344
0.514616
0.262692
0.216828
0.410214
0.496126
0.652168
0.227734
0.471811
0.375037
0.39027
0.119939
0.608755
0.582749
0.269606
0.705364
0.934105
0.218309
0.351689
0.0917384
0.646217
0.785356
0.483225
0.330515
0.560633
0.884818
0.384152
0.544379
0.299088
0.419605
0.586658
0.776105
0.424689
0.126419
0.253497
0.724526
0.581282
0.80037
0.471023
0.152649
0.43906
0.492555
0.643113
0.109136
0.235938
0.746656
0.369711
0.664238
0.48047
0.659795
0.630773
0.623448
0.436481
0.315464
0.354226
0.744505
0.587947
0.474724
0.439905
0.144381
0.58617
0.948702
0.162719
0.701946
0.459094
0.734491
0.214666
0.492148
0.629121
0.509788
0.795653
0.478793
0.689977
0.71198
0.29038
0.416331
0.562388
0.745195
0.457965
0.267817
0.502779
0.62121
0.269243
0.597555
0.913213
0.468864
0.281354
0.596121
0.604811
0.386929
0.150792
0.054852
0.135372
0.674609
0.58939
0.564469
0.722084
0.538918
0.664226
0.932357
0.464232
0.450549
0.0592298
0.515654
0.459693
0.865571
0.711267
0.154339
0.0354341
0.0905007
0.669227
0.408993
0.619531
0.545613
0.453877
0.279236
0.749841
0.52618
0.767514
0.268352
0.602663
0.403214
0.418797
0.694304
0.600696
0.0882233
0.472402
0.693358
0.840863
0.776553
0.394236
0.55455
0.815164
0.466126
0.223708
0.216644
0.0897803
0.325867
0.357362
0.441967
0.418036
0.875773
0.373931
0.778598
0.195372
0.564299
0.159305
0.251768
0.373454
0.706765
0.695638
0.0389885
0.516569
0.804291
0.520924
0.593921
0.81
0.428611
0.168635
0.528633
0.376421
0.760769
0.746999
0.459506
0.74306
0.729322
0.710388
0.444803
0.758866
0.510309
0.189034
0.866254
0.199736
0.600068
0.579989
0.973175
0.365977
0.524421
0.438936
0.451108
0.606634
0.662513
0.812098
0.86465
0.410349
0.406493
0.597661
0.14764
0.451333
0.67399
0.103153
0.496594
0.0556874
0.529711
0.432672
0.518698
0.376302
0.45123
0.182556
0.192223
0.705268
0.450287
0.205409
0.512387
0.226486
0.55257
0.413958
0.831892
0.301292
0.121099
0.179402
0.535743
0.365259
0.341305
0.464465
0.324821
0.674904
0.104531
0.520516
0.515852
0.72079
0.695161
0.311499
0.291523
0.423115
0.470941
0.740626
0.463634
0.375166
0.317435
0.511929
0.394666
0.587297
0.535798
0.488237
0.710963
0.223761
0.73337
0.328215
0.447324
0.493617
0.395893
0.604988
0.424738
0.417687
0.53215
0.456027
0.511514
0.517495
0.602778
0.271207
0.565828
0.152341
0.402799
0.384658
0.861645
0.527662
0.608331
0.435585
0.327021
0.416711
0.58587
0.442313
0.510976
0.459145
0.517612
0.497686
0.639131
0.813821
0.785254
0.298383
0.716079
0.421476
0.394532
0.530745
0.610523
0.894498
0.821191
0.161006
0.57374
0.323798
0.411198
0.717357
0.366905
0.616248
0.143302
0.563517
0.119505
0.386821
0.962053
0.459217
0.274715
0.610773
0.547698
0.378316
0.575728
0.367246
0.800477
0.270614
0.606706
0.398302
0.450255
0.538181
0.548556
0.232127
0.20446
0.230986
0.327505
0.492934
0.207164
0.728579
0.34554
0.102071
0.467369
0.400283
0.295831
0.675855
0.576722
0.647231
0.363981
0.199
0.440408
0.751575
0.32167
0.125978
0.351721
0.934418
0.89235
0.490476
0.46695
0.467462
0.836732
0.529852
0.905461
0.691412
0.111757
0.328309
0.332248
0.244259
0.619934
0.67913
0.38027
0.200481
0.464596
0.542152
0.770894
0.405067
0.708794
0.417187
0.836736
0.431272
0.368218
0.824319
0.657066
0.684169
0.446608
0.415171
0.146927
0.585304
0.421335
0.578432
0.321077
0.50351
0.282252
0.531004
0.726954
0.539663
0.428499
0.0852832
0.760994
0.145343
0.372568
0.570426
0.21122
0.290868
0.141436
0.469444
0.179981
0.613992
0.291418
0.469601
0.539348
0.177677
0.37658
0.465379
0.570284
0.765205
0.456912
0.69704
0.623097
0.39046
0.857947
0.934069
0.562632
0.48848
0.684681
0.414752
0.480444
0.586273
0.579838
0.4038
0.807532
0.455193
0.593118
0.113941
0.485552
0.708629
0.511335
0.436091
0.273039
0.154465
0.529037
0.866473
0.480914
0.957649
0.77658
0.324878
0.12448
0.534498
0.358077
0.567061
0.614174
0.455339
0.755331
0.0590294
0.474958
0.636611
0.810156
0.502558
0.626451
0.564507
0.0417918
0.885843
0.783402
0.439841
0.640149
0.37346
0.517593
0.517416
0.305282
0.306968
0.392262
0.195376
0.554106
0.269763
0.635591
0.347918
0.58743
0.339674
0.46823
0.435979
0.60411
0.614304
0.73548
0.433967
0.518731
0.249894
0.361973
0.571614
0.314174
0.564457
0.597765
0.493164
0.51172
0.860815
0.226996
0.385929
0.76904
0.0528743
0.760326
0.289353
0.485653
0.482379
0.421644
0.49955
0.746754
0.380072
0.431171
0.340162
0.364465
0.501276
0.472501
0.851062
0.39537
0.178019
0.340003
0.816363
0.559048
0.43537
0.149624
0.305534
0.234778
0.294647
0.5854
0.492316
0.410591
0.39532
0.130387
0.772352
0.831369
0.130552
0.831876
0.692034
0.408821
0.471379
0.0790548
0.813025
0.351562
0.50634
0.62208
0.856404
0.577652
0.564613
0.447499
0.384327
0.501945
0.662118
0.355198
0.585033
0.181717
0.592883
0.429063
0.382543
0.866544
0.63349
0.546346
0.158678
0.827144
0.724569
0.278803
0.170347
0.534912
0.338536
0.252215
0.475095
0.815766
0.528902
0.243181
0.732032
0.215373
0.511948
0.113223
0.283455
0.554609
0.796441
0.768387
0.67601
0.798566
0.508884
0.321845
0.443553
0.520104
0.376573
0.600891
0.463882
0.549462
0.161372
0.721756
0.549245
0.455623
0.593855
0.304352
0.596479
0.410678
0.530859
0.676232
0.463657
0.0774468
0.628658
0.839411
0.80721
0.626202
0.530481
0.817282
0.373471
0.655508
0.457752
0.822548
0.669863
0.13542
0.585137
0.335418
0.947389
0.655404
0.579031
0.801573
0.604474
0.523322
0.191473
0.499289
0.975896
0.0482557
0.53152
0.658151
0.517309
0.780224
0.976047
0.562209
0.750168
0.354742
0.495603
0.654949
0.293821
0.830231
0.588103
0.118009
0.66636
0.401428
0.610168
0.172764
0.780129
0.545824
0.262528
0.571655
0.336046
0.894878
0.412722
0.214521
0.382405
0.63219
0.457321
0.592847
0.474348
0.297579
0.894076
0.485418
0.406046
0.367047
0.821145
0.263376
0.419025
0.679716
0.383984
0.474964
0.371006
0.587703
0.420656
0.848736
0.193949
0.182222
0.560438
0.47629
0.560041
0.67427
0.558274
0.726015
0.498121
0.430625
0.908064
0.147901
0.461361
0.797205
0.0732183
0.942785
0.509283
0.530085
0.472197
0.39308
0.826441
0.184273
0.164183
0.256049
0.679696
0.661188
0.678649
0.78892
0.712062
0.267326
0.530016
0.797416
0.641848
0.789836
0.60475
0.602695
0.790983
0.439391
0.476495
0.496082
0.273192
0.408534
0.497848
0.0320987
0.242822
0.914858
0.939649
0.535738
0.522693
0.46593
0.544191
0.692716
0.753056
0.467242
0.281103
0.768483
0.574141
0.263707
0.559508
0.830262
0.692273
0.567184
0.794899
0.134042
0.869691
0.141189
0.346692
0.340256
0.973241
0.650622
0.675985
0.526906
0.521194
0.420544
0.451223
0.68404
0.577416
0.150788
0.226274
0.114885
0.72225
0.49695
0.913165
0.625823
0.524033
0.712859
0.503074
0.361333
0.745858
0.6741
0.305518
0.897315
0.687116
0.832811
0.398829
0.468863
0.127174
0.324951
0.913697
0.884642
0.434421
0.42661
0.48386
0.162194
0.791622
0.735978
0.553051
0.553722
0.465085
0.695536
0.708919
0.917289
0.44292
0.770491
0.478571
0.578538
0.531609
0.537214
0.191292
0.460656
0.522834
0.910808
0.327857
0.110353
0.359345
0.0639861
0.482837
0.556418
0.593619
0.950373
0.677251
0.204755
0.312048
0.439904
0.168916
0.799076
0.115355
0.335736
0.263298
0.675645
0.538896
0.178799
0.85813
0.114674
0.702278
0.549692
0.705403
0.848372
0.887771
0.596241
0.325044
0.650972
0.444347
0.438334
0.514896
0.324835
0.673807
0.353211
0.805985
0.351733
0.215246
0.1671
0.21603
0.288122
0.395773
0.0990264
0.668885
0.79795
0.795032
0.659925
0.183778
0.199696
0.470686
0.592879
0.37423
0.513775
0.672423
0.767965
0.647723
0.259479
0.802722
0.570436
0.445594
0.676703
0.335675
0.491982
0.535503
0.622004
0.335969
0.56105
0.455283
0.443978
0.767261
0.518901
0.436454
0.89806
0.604812
0.453485
0.902177
0.554459
0.333001
0.286013
0.722018
0.393139
0.876276
0.717329
0.463713
0.287359
0.617681
0.290062
0.473346
0.703835
0.279207
0.877857
0.0585722
0.0449377
0.377159
0.865001
0.397058
0.688673
0.488023
0.712994
0.640758
0.927183
0.584437
0.675394
0.751907
0.495608
0.313012
0.116739
0.486894
0.874119
0.525889
0.617407
0.197088
0.634047
0.716816
0.804151
0.348473
0.236885
0.794954
0.606571
0.475436
0.598623
0.475278
0.586982
0.694417
0.419617
0.346856
0.653891
0.601615
0.253643
0.434385
0.657749
0.790168
0.340206
0.532521
0.629548
0.596678
0.423985
0.934409
0.567052
0.26253
0.573637
0.61777
0.457418
0.547266
0.623645
0.512876
0.705922
0.506846
0.756434
0.643392
0.477839
0.198101
0.683771
0.278683
0.53625
0.506519
0.443843
0.268718
0.811043
0.821348
0.311947
0.431173
0.327607
0.735089
0.611573
0.56635
0.568712
0.661832
0.601761
0.613587
0.719746
0.920127
0.626895
0.265581
0.28308
0.314062
0.287312
0.650584
0.178376
0.251359
0.875246
0.560402
0.382622
0.866187
0.419685
0.563087
0.547491
0.628295
0.433729
0.218608
0.376989
0.781096
0.601427
0.18409
0.220363
0.871672
0.673119
0.583714
0.0904108
0.621645
0.359126
0.459872
0.346685
0.0953894
0.727975
0.402008
0.718051
0.126587
0.692365
0.391305
0.403438
0.694076
0.889742
0.533057
0.3005
0.205884
0.734798
0.265074
0.702073
0.42432
0.288566
0.540367
0.184737
0.54648
0.284639
0.745492
0.703746
0.52531
0.824275
0.216544
0.202943
0.662268
0.337311
0.619714
0.335159
0.769937
0.474713
0.756531
0.264276
0.207515
0.492305
0.779516
0.557238
0.496586
0.15464
0.705343
0.189172
0.439113
0.501746
0.607754
0.36282
0.43322
0.267011
0.609473
0.615664
0.420634
0.120347
0.362321
0.207791
0.763858
0.374193
0.662038
0.573897
0.758416
0.420766
0.93312
0.583529
0.589452
0.614981
0.733692
0.535594
0.856982
0.979536
0.265666
0.419288
0.0393705
0.601187
0.471766
0.228318
0.471537
0.385091
0.503652
0.508163
0.475719
0.813843
0.692753
0.210313
0.379803
0.466911
0.633705
0.598353
0.475411
0.316422
0.602359
0.549215
0.654358
0.293463
0.489478
0.655577
0.469744
0.524824
0.430032
0.693093
0.353128
0.465421
0.516977
0.558276
0.18222
0.524945
0.68331
0.249879
0.484153
0.174553
0.62914
0.321793
0.6124
0.635357
0.346083
0.390698
0.422461
0.0604875
0.7807
0.421201
0.687775
0.18921
0.542166
0.838014
0.26416
0.521435
0.815808
0.789341
0.718293
0.363617
0.357221
0.299179
0.510101
0.693039
0.852725
0.693575
0.401312
0.516018
0.213198
0.291921
0.436662
0.250961
0.577362
0.137216
0.332844
0.45212
0.242778
0.484913
0.664434
0.493054
0.461784
0.510522
0.746417
0.660842
0.485043
0.872944
0.526036
0.504629
0.620191
0.379804
0.100132
0.162457
0.533023
0.327477
0.42666
0.609105
0.28476
0.674656
0.439272
0.292625
0.372998
0.185229
0.826259
0.499706
0.256501
0.78652
0.754234
0.578689
0.390598
0.274327
0.671439
0.461119
0.477405
0.393079
0.283016
0.948181
0.299911
0.395371
0.831547
0.623937
0.608354
0.400557
0.819372
0.566293
0.496448
0.417269
0.583122
0.864337
0.798226
0.631574
0.618697
0.825717
0.751539
0.20905
0.495781
0.648936
0.632217
0.0337424
0.476767
0.678441
0.330848
0.798247
0.591887
0.350104
0.418419
0.342158
0.45561
0.298151
0.130905
0.650771
0.360873
0.430977
0.433823
0.634502
0.568976
0.472058
0.890907
0.290432
0.134757
0.580927
0.299536
0.611422
0.529215
0.74276
0.415108
0.58067
0.606952
0.743454
0.493884
0.72839
0.679553
0.292284
0.52681
0.610984
0.631584
0.681514
0.139459
0.306754
0.162307
0.527455
0.395704
0.340916
0.672556
0.286882
0.787111
0.469736
0.466907
0.544595
0.86202
0.658553
0.177724
0.154716
0.227189
0.676061
0.66658
0.621098
0.74977
0.489018
0.670238
0.606123
0.822504
0.458037
0.306077
0.586078
0.715238
0.276442
0.524482
0.92521
0.320971
0.160619
0.693378
0.519453
0.514818
0.49171
0.222745
0.664739
0.879435
0.424853
0.484611
0.386988
0.524219
0.473426
0.225886
0.528424
0.324301
0.344756
0.0951826
0.012093
0.498406
0.470016
0.493406
0.509311
0.643626
0.518777
0.837225
0.632766
0.423636
0.335215
0.503298
0.325635
0.649825
0.444152
0.81874
0.26811
0.540675
0.725693
0.539591
0.610911
0.258896
0.757012
0.544392
0.667523
0.608703
0.681412
0.604771
0.553098
0.760206
0.445027
0.470742
0.894819
0.804738
0.283713
0.488087
0.774633
0.321771
0.928788
0.733009
0.432376
0.623063
0.651484
0.197796
0.471219
0.220076
0.842469
0.307949
0.633482
0.0784309
0.870711
0.631344
0.285708
0.486695
0.508357
0.695284
0.424509
0.30888
0.547488
0.461193
0.455311
0.312069
0.796205
0.804702
0.519631
0.79412
0.279354
0.301705
0.917365
0.395026
0.544003
0.30596
0.454902
0.647739
0.312852
0.137907
0.447436
0.427213
0.369524
0.613476
0.57747
0.884252
0.458851
0.369201
0.519214
0.508991
0.761874
0.178739
0.366899
0.342888
0.572912
0.277701
0.614169
0.542203
0.48377
0.49042
0.434599
0.546207
0.638072
0.950458
0.666543
0.48922
0.429767
0.455514
0.217601
0.554597
0.58192
0.877264
0.369981
0.312805
0.274149
0.580056
0.950044
0.1673
0.615499
0.184985
0.807001
0.3116
0.596637
0.333042
0.411948
0.560192
0.604834
0.467668
0.566916
0.25956
0.478754
0.0917155
0.957095
0.730334
0.68225
0.555393
0.707305
0.411471
0.586701
0.621021
0.258555
0.181608
0.7542
0.593003
0.768334
0.547101
0.746713
0.442067
0.328232
0.417529
0.45208
0.775631
0.71144
0.703008
0.455744
0.580431
0.501127
0.854852
0.464222
0.52046
0.200413
0.677188
0.263665
0.226192
0.410499
0.534792
0.454296
0.84489
0.490943
0.402319
0.727326
0.753956
0.646531
0.66227
0.613048
0.482576
0.354674
0.541747
0.0362739
0.637877
0.589486
0.377107
0.260091
0.800325
0.528181
0.395672
0.30549
0.194547
0.563882
0.247105
0.482962
0.636907
0.762725
0.390521
0.51941
0.765248
0.605583
0.596786
0.465868
0.489515
0.64557
0.359959
0.731644
0.768685
0.772883
0.32044
0.537564
0.859804
0.68923
0.532173
0.319315
0.44161
0.622869
0.730883
0.555901
0.0982955
0.303905
0.732214
0.123994
0.418753
0.885474
0.19577
0.734715
0.711355
0.508953
0.487846
0.712489
0.627982
0.853099
0.637841
0.536688
0.578407
0.332458
0.500848
0.278801
0.346984
0.104149
0.665782
0.802404
0.34359
0.684213
0.193568
0.785284
0.582841
0.22542
0.537291
0.261184
0.549666
0.752286
0.186933
0.287761
0.166497
0.393562
0.408568
0.11864
0.681416
0.797663
0.303319
0.504297
0.609182
0.722143
0.70592
0.568557
0.723588
0.470807
0.0769779
0.637837
0.570933
0.511221
0.310154
0.280186
0.723064
0.769887
0.454412
0.202713
0.934507
0.695441
0.694887
0.333384
0.455681
0.927187
0.727206
0.55809
0.666377
0.475202
0.847926
0.180569
0.405664
0.188294
0.606518
0.478073
0.829829
0.6684
0.45045
0.540168
0.406777
0.486809
0.453111
0.629246
0.432931
0.286431
0.34796
0.508694
0.670326
0.676796
0.897984
0.558783
0.435132
0.550008
0.456706
0.734516
0.701073
0.552459
0.685145
0.394134
0.818713
0.0278551
0.668973
0.383475
0.477356
0.392606
0.654356
0.409989
0.531836
0.317373
0.1976
0.43063
0.273312
0.288907
0.702358
0.537207
0.461012
0.484087
0.495628
0.429585
0.812877
0.854275
0.754595
0.534388
0.804025
0.174486
0.964158
0.739887
0.371812
0.299489
0.713395
0.217886
0.434974
0.284248
0.722743
0.611737
0.716802
0.398415
0.307977
0.366541
0.221197
0.49659
0.313995
0.467584
0.688504
0.725003
0.318464
0.398679
0.623404
0.698035
0.575995
0.478846
0.416871
0.641709
0.3903
0.431552
0.562174
0.669778
0.309986
0.557788
0.52952
0.550656
0.736322
0.509519
0.580688
0.816573
0.723516
0.672678
0.336183
0.562797
0.17309
0.564597
0.521155
0.524566
0.263302
0.398085
0.254176
0.0738779
0.540156
0.762885
0.490683
0.634127
0.493175
0.788061
0.80918
0.605377
0.745135
0.890006
0.63886
0.326455
0.937013
0.236146
0.631539
0.404045
0.388363
0.432141
0.396796
0.20031
0.53371
0.585583
0.323406
0.419532
0.602953
0.556642
0.527148
0.566306
0.710548
0.650134
0.48863
0.804428
0.363422
0.645414
0.0404762
0.0952426
0.457383
0.494703
0.806064
0.688372
0.260633
0.196945
0.926828
0.264108
0.640985
0.73309
0.150174
0.784696
0.635496
0.353576
0.563811
0.630294
0.348453
0.363673
0.458082
0.423514
0.438596
0.803281
0.622561
0.283373
0.722554
0.498338
0.480847
0.128417
0.331636
0.404851
0.228436
0.187921
0.278742
0.298004
0.583305
0.190336
0.739353
0.655035
0.699024
0.633302
0.665769
0.66491
0.653076
0.269151
0.533169
0.774603
0.31609
0.763965
0.456473
0.733673
0.816047
0.339256
0.567478
0.342251
0.658621
0.26318
0.496064
0.296636
0.767186
0.16549
0.569966
0.752322
0.611011
0.739406
0.0689433
0.723115
0.463741
0.680541
0.705147
0.159138
0.181282
0.344555
0.412825
0.640628
0.653365
0.433578
0.879392
0.415709
0.372836
0.609323
0.744409
0.430269
0.567459
0.281377
0.162307
0.366012
0.873169
0.449627
0.0954348
0.868641
0.537202
0.675421
0.108908
0.567823
0.695235
0.494088
0.42813
0.478407
0.201468
0.313764
0.342505
0.733684
0.574575
0.608697
0.0962854
0.398057
0.565741
0.48044
0.850387
0.780287
0.239093
0.392035
0.554899
0.783113
0.555514
0.418785
0.229205
0.500377
0.380785
0.683853
0.788196
0.467431
0.387179
0.310105
0.403821
0.434437
0.162176
0.900077
0.605524
0.685643
0.552716
0.763218
0.100476
0.664856
0.334122
0.486405
0.510826
0.572948
0.525398
0.663
0.871929
0.916911
0.406164
0.627801
0.875718
0.492749
0.238461
0.572349
0.569202
0.516315
0.760235
0.683993
0.440544
0.414518
0.953311
0.658967
0.499122
0.954631
0.392609
0.420883
0.463936
0.214107
0.568096
0.714726
0.636371
0.299172
0.349721
0.380221
0.729296
0.750452
0.0602947
0.733317
0.47077
0.644644
0.368245
0.816893
0.797963
0.474406
0.197391
0.46284
0.380001
0.726717
0.722637
0.185659
0.397024
0.456524
0.691325
0.834366
0.469439
0.604365
0.817733
0.617242
0.676333
0.641155
0.254122
0.509275
0.675905
0.228069
0.754847
0.293142
0.42749
0.725805
0.642605
0.618502
0.501844
0.543622
0.350703
0.259591
0.254045
0.713103
0.615251
0.17205
0.17846
0.527817
0.66811
0.788322
0.560656
0.48506
0.486411
0.620517
0.717695
0.437077
0.369599
0.489476
0.144452
0.64384
0.382472
0.689479
0.559653
0.114982
0.146771
0.231733
0.567416
0.689055
0.267126
0.85849
0.395121
0.594024
0.427335
0.739855
0.759119
0.674543
0.471506
0.53347
0.579114
0.756574
0.552486
0.215844
0.192921
0.642851
0.586233
0.11841
0.375463
0.238806
0.428118
0.724036
0.48758
0.217752
0.372058
0.24991
0.785383
0.277031
0.568351
0.544155
0.745411
0.541582
0.957517
0.779091
0.406019
0.471458
0.204131
0.467214
0.588593
0.436951
0.624054
0.527979
0.80162
0.696621
0.704105
0.0945231
0.205921
0.222596
0.683278
0.645768
0.737833
0.644615
0.67277
0.510811
0.607192
0.505537
0.354762
0.307288
0.72578
0.732932
0.702696
0.447724
0.405421
0.547831
0.760153
0.593834
0.786015
0.171229
0.614987
0.832683
0.164961
0.464217
0.744732
0.55333
0.252841
0.312981
0.540907
0.613003
0.594883
0.482829
0.186473
0.370276
0.776758
0.420156
0.421718
0.378826
0.826483
0.413521
0.546767
0.672659
0.446374
0.113008
0.192748
0.604624
0.303506
0.621661
0.219247
0.61473
0.427874
0.244315
0.438899
0.589838
0.67831
0.520738
0.439407
0.173842
0.503126
0.839548
0.683879
0.564062
0.39993
0.396423
0.599345
0.62055
0.702123
0.240627
0.464356
0.734797
0.648201
0.370446
0.411783
0.48659
0.506969
0.280266
0.500753
0.571386
0.410233
0.426231
0.385326
0.488348
0.363109
0.27298
0.653944
0.682915
0.618895
0.587065
0.397523
0.588817
0.797863
0.513606
0.3851
0.326102
0.699936
0.125921
0.30609
0.442604
0.687636
0.203136
0.262884
0.813726
0.231764
0.588591
0.71444
0.173363
0.662218
0.610545
0.379256
0.673071
0.354383
0.713574
0.512207
0.763467
0.872123
0.735134
0.749578
0.243117
0.47922
0.694237
0.414714
0.819902
0.2222
0.232171
0.692542
0.652898
0.350768
0.684657
0.52758
0.429547
0.375221
0.796295
0.468433
0.158705
0.353448
0.643403
0.728988
0.548358
0.710861
0.354699
0.506009
0.934427
0.775515
0.629477
0.784175
0.449745
0.214559
0.588062
0.676073
0.469957
0.187102
0.649495
0.786035
0.345745
0.782441
0.416532
0.653093
0.028417
0.691549
0.45825
0.519794
0.418597
0.56359
0.415636
0.929637
0.902483
0.507948
0.766696
0.555509
0.426394
0.583393
0.357495
0.733366
0.225075
0.82113
0.511682
0.57686
0.295559
0.813631
0.537101
0.599667
0.586368
0.551152
0.698619
0.403964
0.694201
0.17065
0.930125
0.38938
0.277439
0.522084
0.395241
0.462708
0.774586
0.447752
0.461632
0.750733
0.758259
0.58919
0.595223
0.510405
0.284055
0.562572
0.457383
0.681489
0.843572
0.918626
0.584415
0.586532
0.269313
0.116167
0.703652
0.571439
0.69195
0.729736
0.311218
0.320288
0.263476
0.871477
0.782547
0.676365
0.942388
0.58932
0.282363
0.161528
0.680325
0.605737
0.662454
0.711532
0.463544
0.729829
0.267792
0.361954
0.691543
0.401899
0.231115
0.563974
0.661369
0.534876
0.0612148
0.564965
0.73586
0.336876
0.768575
0.255758
0.438077
0.701558
0.288546
0.446643
0.411282
0.289348
0.498231
0.427137
0.617075
0.650526
0.776727
0.685855
0.440354
0.567659
0.233184
0.603792
0.623102
0.762639
0.828114
0.398597
0.808551
0.241195
0.338787
0.28363
0.461572
0.159649
0.489769
0.574339
0.581918
0.76284
0.111032
0.688312
0.269296
0.406081
0.879453
0.72233
0.698785
0.379288
0.591852
0.484984
0.565747
0.422751
0.163578
0.527089
0.699482
0.437464
0.246413
0.622074
0.466835
0.63262
0.563213
0.460292
0.479517
0.524557
0.384271
0.51943
0.589681
0.280583
0.531531
0.517192
0.270174
0.653036
0.438451
0.211169
0.204473
0.364249
0.792341
0.516063
0.396006
0.367608
0.366785
0.700202
0.661757
0.532282
0.813615
0.689607
0.208993
0.454867
0.532077
0.313927
0.673378
0.452392
0.617036
0.0617275
0.605198
0.0979962
0.915769
0.610249
0.537435
0.614035
0.279872
0.217361
0.683698
0.66717
0.7657
0.771295
0.705686
0.628231
0.826767
0.440723
0.699375
0.406034
0.466037
0.431078
0.303586
0.633688
0.320474
0.37606
0.815934
0.0681264
0.474141
0.532644
0.429481
0.132981
0.855261
0.859516
0.871946
0.261985
0.857726
0.751105
0.384702
0.513391
0.510154
0.813311
0.622123
0.528943
0.607702
0.22492
0.261713
0.470705
0.562832
0.748931
0.786724
0.197522
0.512841
0.850009
0.360914
0.584295
0.393141
0.51633
0.492914
0.347215
0.745025
0.263862
0.54952
0.438277
0.675821
0.265669
0.641719
0.673757
0.379002
0.58736
0.321611
0.398135
0.534648
0.683976
0.779191
0.683726
0.451351
0.414356
0.429465
0.885974
0.108467
0.50399
0.688234
0.662687
0.427551
0.594293
0.39015
0.753302
0.249773
0.83386
0.474781
0.569711
0.215451
0.160279
0.35356
0.764869
0.68361
0.235067
0.311022
0.624697
0.409649
0.627785
0.675702
0.542451
0.551895
0.263051
0.433204
0.704337
0.64375
0.504778
0.504287
0.670201
0.773829
0.379287
0.288726
0.374519
0.795046
0.130507
0.469012
0.487719
0.806633
0.264058
0.481484
0.64928
0.517718
0.369361
0.488586
0.816279
0.542239
0.614496
0.785999
0.300398
0.580564
0.458392
0.717395
0.492955
0.459934
0.548267
0.437324
0.678619
0.399208
0.680828
0.523664
0.392584
0.676458
0.452988
0.151881
0.516549
0.853848
0.205552
0.659701
0.54683
0.166325
0.470215
0.0703186
0.907991
0.55457
0.285292
0.351023
0.400839
0.420659
0.47067
0.483784
0.396502
0.767421
0.707045
0.81726
0.885933
0.240015
0.747127
0.361692
0.32988
0.575683
0.488044
0.199425
0.430286
0.564686
0.155186
0.407065
0.153488
0.329048
0.148069
0.710335
0.382823
0.446408
0.158033
0.35028
0.585055
0.388964
0.415731
0.394204
0.350803
0.977308
0.462914
0.543326
0.675042
0.42617
0.415222
0.327992
0.500149
0.280599
0.498411
0.447158
0.0795053
0.596657
0.450186
0.491012
0.326564
0.562082
0.848646
0.693395
0.568807
0.264637
0.451705
0.528947
0.442869
0.207089
0.135203
0.440887
0.164223
0.802641
0.545645
0.426096
0.805075
0.145045
0.132925
0.600261
0.55465
0.385962
0.333935
0.728456
0.590337
0.698363
0.249738
0.472226
0.512548
0.424784
0.448915
0.296372
0.460907
0.516531
0.216975
0.0973291
0.427123
0.480164
0.497659
0.824732
0.552382
0.445067
0.0752431
0.489141
0.491594
0.35162
0.737458
0.384673
0.613428
0.499289
0.69617
0.583934
0.169366
0.403915
0.377289
0.561218
0.222257
0.429201
0.839714
0.732523
0.339409
0.796059
0.20756
0.450106
0.781248
0.524254
0.601141
0.434159
0.579352
0.521687
0.380374
0.795441
0.222804
0.395971
0.0345616
0.711242
0.454492
0.494258
0.617012
0.638848
0.476055
0.352091
0.361387
0.953945
0.365162
0.700327
0.81442
0.340381
0.492065
0.693196
0.677039
0.476388
0.476559
0.752449
0.385482
0.51929
0.576469
0.243602
0.467588
0.694755
0.589584
0.402655
0.224383
0.14112
0.727103
0.728941
0.875516
0.66778
0.468453
0.434927
0.265676
0.534764
0.313644
0.331246
0.843882
0.457263
0.266442
0.473064
0.645165
0.790774
0.738675
0.68241
0.305273
0.35579
0.551963
0.601428
0.5036
0.332707
0.562375
0.321369
0.92153
0.696932
0.472399
0.664466
0.687804
0.317919
0.360062
0.745392
0.732825
0.973657
0.302566
0.311595
0.610173
0.707442
0.343743
0.548084
0.645341
0.631398
0.564459
0.846381
0.367712
0.516301
0.169426
0.23218
0.425538
0.402955
0.661264
0.865317
0.456774
0.783277
0.165922
0.38313
0.655556
0.62313
0.500871
0.398827
0.254391
0.0614185
0.639363
0.885191
0.77981
0.402547
0.380342
0.409294
0.659136
0.341583
0.597925
0.887948
0.627609
0.572961
0.745311
0.763984
0.631451
0.586615
0.611412
0.366604
0.283038
0.14101
0.327756
0.149635
0.332626
0.330569
0.631309
0.626567
0.376105
0.662442
0.93787
0.637782
0.365633
0.473512
0.584101
0.474939
0.336829
0.22373
0.719002
0.750506
0.537713
0.699771
0.216445
0.847186
0.693641
0.170583
0.508287
0.717012
0.467396
0.417292
0.620392
0.500273
0.63152
0.0967655
0.854598
0.577221
0.300107
0.862826
0.610164
0.685275
0.103505
0.408284
0.39163
0.612944
0.594808
0.728533
0.126989
0.904036
0.422231
0.798026
0.13588
0.599064
0.404406
0.797976
0.702631
0.699904
0.879111
0.350007
0.429817
0.388317
0.802987
0.352104
0.626575
0.72868
0.680979
0.485513
0.813922
0.696289
0.237943
0.872942
0.207475
0.373947
0.507295
0.761759
0.506729
0.75134
0.510417
0.428706
0.78203
0.76721
0.491979
0.733934
0.437819
0.500271
0.741661
0.409024
0.771438
0.298422
0.713754
0.344912
0.327113
0.891693
0.672441
0.698223
0.693841
0.323625
0.688936
0.796554
0.590516
0.656371
0.323215
0.476529
0.876263
0.554949
0.314173
0.389317
0.175292
0.56702
0.252864
0.508932
0.389615
0.239644
0.0581716
0.208611
0.596871
0.435198
0.812117
0.236418
0.73159
0.518878
0.599396
0.351996
0.346219
0.760837
0.498649
0.168796
0.571834
0.692621
0.761123
0.23872
0.483201
0.383252
0.714774
0.908695
0.470144
0.791473
0.63575
0.608304
0.559074
0.510852
0.665827
0.482326
0.988032
0.620556
0.49984
0.449384
0.26552
0.10875
0.747634
0.559523
0.359363
0.629206
0.426511
0.842512
0.154347
0.45285
0.385227
0.862563
0.393476
0.334495
0.106407
0.451992
0.676592
0.622428
0.669946
0.546627
0.529392
0.936916
0.453577
0.527671
0.477194
0.676274
0.617509
0.180713
0.611393
0.245636
0.457209
0.54194
0.484948
0.437177
0.685649
0.335175
0.638531
0.296962
0.465531
0.223099
0.111102
0.340852
0.593226
0.578417
0.579908
0.593484
0.498008
0.386453
0.237744
0.303793
0.445534
0.240929
0.440346
0.639425
0.254865
0.168699
0.138655
0.436288
0.502325
0.290415
0.58283
0.325915
0.646325
0.782347
0.519224
0.728154
0.697477
0.609012
0.599594
0.360833
0.684283
0.326903
0.182838
0.535239
0.769977
0.325184
0.281145
0.388003
0.516066
0.845391
0.92342
0.659079
0.394133
0.65418
0.274707
0.278382
0.171668
0.37128
0.250768
0.372948
0.717618
0.617779
0.192483
0.901298
0.83573
0.249884
0.584631
0.362834
0.672917
0.693326
0.498244
0.32339
0.418508
0.615396
0.4692
0.15889
0.525989
0.236619
0.541548
0.293796
0.568791
0.225806
0.538764
0.48896
0.316203
0.524196
0.656388
0.428027
0.618802
0.38937
0.578688
0.271383
0.634968
0.322574
0.659465
0.759773
0.444573
0.454182
0.633985
0.69063
0.947475
0.643654
0.381242
0.256775
0.422131
0.742638
0.730882
0.666646
0.134663
0.759089
0.654038
0.15692
0.100182
0.559015
0.504344
0.228509
0.587566
0.719553
0.825405
0.521317
0.218992
0.119077
0.115515
0.444745
0.970927
0.502455
0.382576
0.239118
0.571023
0.385152
0.366165
0.395515
0.124759
0.590213
0.570178
0.656002
0.084275
0.315817
0.473901
0.426925
0.518526
0.724491
0.313529
0.464909
0.533091
0.805875
0.5296
0.699689
0.3945
0.350485
0.812208
0.275057
0.389593
0.546551
0.394036
0.828198
0.406608
0.795838
0.201179
0.749959
0.322295
0.0417619
0.354288
0.696195
0.205146
0.320078
0.190308
0.457396
0.568209
0.529669
0.360426
0.340119
0.828378
0.503527
0.762047
0.218651
0.627448
0.0392626
0.646221
0.09458
0.861541
0.63241
0.22391
0.0855246
0.625197
0.436523
0.447294
0.730774
0.51629
0.270459
0.490024
0.31715
0.689853
0.478098
0.137081
0.398935
0.60275
0.550683
0.463628
0.231737
0.533968
0.501734
0.186517
0.372837
0.955024
0.689478
0.208338
0.855584
0.472868
0.70158
0.422353
0.717175
0.715646
0.234367
0.741468
0.0929241
0.34964
0.331219
0.451868
0.439153
0.495815
0.727834
0.493606
0.78134
0.70295
0.614335
0.516244
0.455884
0.301424
0.365939
0.265558
0.366368
0.702729
0.856851
0.658951
0.388989
0.571007
0.0830857
0.593745
0.833926
0.827044
0.334444
0.555935
0.447179
0.0670518
0.398889
0.598668
0.0265048
0.812442
0.360779
0.875878
0.306701
0.534337
0.490196
0.634198
0.222959
0.632633
0.371045
0.549418
0.682201
0.476389
0.386235
0.293948
0.333308
0.559745
0.461095
0.62085
0.797806
0.30522
0.117797
0.306469
0.669365
0.665257
0.258151
0.565758
0.354523
0.146562
0.688919
0.549349
0.59905
0.387819
0.153043
0.395477
0.430239
0.501157
0.645484
0.457413
0.913966
0.27688
0.363827
0.394358
0.875166
0.560649
0.463799
0.619553
0.423616
0.259109
0.83944
0.67951
0.386942
0.537497
0.834227
0.560832
0.258579
0.671588
0.788511
0.245302
0.752264
0.445628
0.580511
0.406662
0.355214
0.334367
0.886513
0.844751
0.5703
0.285061
0.599803
0.0863092
0.458341
0.520061
0.129926
0.656462
0.661096
0.396613
0.444243
0.508788
0.506344
0.453744
0.635967
0.167277
0.523847
0.317871
0.397449
0.476982
0.221876
0.547278
0.680056
0.545403
0.533476
0.723597
0.737597
0.769175
0.417724
0.610456
0.486059
0.712971
0.373825
0.076641
0.450798
0.777991
0.443767
0.627989
0.557533
0.288908
0.492664
0.513951
0.556721
0.341906
0.583605
0.441982
0.475049
0.663377
0.572303
0.189399
0.812541
0.82955
0.579398
0.784133
0.476042
0.232184
0.556069
0.428663
0.245687
0.46303
0.641596
0.444639
0.935524
0.353084
0.524569
0.335573
0.122773
0.589269
0.853796
0.802742
0.28208
0.324461
0.240127
0.440017
0.427467
0.461406
0.220884
0.720575
0.675872
0.621511
0.478489
0.65446
0.727586
0.505401
0.5264
0.33412
0.514056
0.113149
0.183259
0.222837
0.559629
0.32794
0.44745
0.398838
0.300286
0.503687
0.6147
0.542056
0.770351
0.208824
0.83574
0.642002
0.424491
0.935577
0.463001
0.362756
0.513767
0.431143
0.444259
0.159079
0.120202
0.455416
0.51984
0.354823
0.51904
0.539336
0.630106
0.483279
0.151325
0.387509
0.896019
0.127518
0.611862
0.417305
0.772789
0.616191
0.267015
0.751889
0.22093
0.140499
0.311753
0.333416
0.257552
0.922817
0.202985
0.177137
0.36166
0.358537
0.80103
0.809693
0.547777
0.127134
0.205876
0.717264
0.213695
0.424929
0.437894
0.431316
0.447632
0.570749
0.487527
0.232362
0.428069
0.83523
0.154617
0.857092
0.759485
0.555017
0.74018
0.185674
0.275823
0.895623
0.383365
0.485019
0.310405
0.520383
0.435204
0.889306
0.623867
0.866183
0.451731
0.379456
0.226975
0.66157
0.537965
0.483742
0.475787
0.435274
0.367664
0.243558
0.557599
0.23194
0.414978
0.326739
0.735498
0.312007
0.331602
0.117844
0.482078
0.462849
0.260104
0.669776
0.925126
0.551746
0.307369
0.337127
0.599601
0.141774
0.336832
0.110256
0.663054
0.409677
0.421069
0.440805
0.0884955
0.448664
0.201147
0.723556
0.626512
0.689204
0.315799
0.356487
0.521193
0.827305
0.567657
0.721817
0.408867
0.212402
0.683701
0.847416
0.698491
0.387694
0.493923
0.466821
0.765184
0.61411
0.388755
0.156933
0.813711
0.154714
0.407681
0.759748
0.0508282
0.636729
0.32567
0.127761
0.474352
0.484256
0.605557
0.466428
0.694327
0.712519
0.805757
0.387353
0.519309
0.423364
0.463893
0.551159
0.415576
0.717289
0.498792
0.342917
0.39042
0.656065
0.196092
0.750695
0.61517
0.258192
0.732503
0.439793
0.181588
0.813598
0.23775
0.120816
0.656533
0.8294
0.619438
0.597917
0.146411
0.619999
0.754952
0.793735
0.274389
0.777504
0.658423
0.582684
0.289723
0.606078
0.359716
0.458851
0.548182
0.294818
0.842793
0.749166
0.729828
0.551587
0.725163
0.177391
0.670584
0.717836
0.456359
0.370454
0.522363
0.867005
0.453409
0.572463
0.671586
0.476956
0.854955
0.448889
0.351691
0.515343
0.393533
0.470351
0.206575
0.47091
0.37102
0.360679
0.754667
0.547135
0.794672
0.50964
0.588454
0.456579
0.43295
0.654452
0.499205
0.682158
0.714684
0.319469
0.459873
0.808808
0.281573
0.626436
0.288937
0.532623
0.653751
0.190193
0.337942
0.394238
0.65522
0.385803
0.257852
0.557591
0.598662
0.289334
0.867342
0.176157
0.761489
0.459246
0.812284
0.828059
0.324942
0.839387
0.260221
0.737016
0.4843
0.508944
0.426842
0.651772
0.202707
0.496319
0.775515
0.691702
0.401955
0.243483
0.423037
0.0835175
0.810742
0.636148
0.553188
0.688153
0.764093
0.819917
0.494305
0.502921
0.587696
0.37401
0.365945
0.401203
0.380497
0.497069
0.945602
0.387437
0.398146
0.213222
0.209575
0.381427
0.614052
0.697867
0.444911
0.765791
0.56816
0.200297
0.249976
0.471423
0.546658
0.927039
0.311731
0.261203
0.788778
0.431611
0.689696
0.455626
0.447791
0.478984
0.495222
0.532904
0.628045
0.159049
0.354119
0.290548
0.698431
0.452779
0.0496352
0.586103
0.437594
0.122129
0.63037
0.766909
0.686647
0.590089
0.5847
0.415906
0.322755
0.48334
0.476919
0.443425
0.644558
0.440143
0.588221
0.21189
0.64554
0.231704
0.555838
0.42128
0.471993
0.30254
0.550795
0.568135
0.536302
0.78221
0.384817
0.706733
0.495874
0.154121
0.427621
0.476554
0.131294
0.597913
0.671399
0.620713
0.333529
0.493975
0.541818
0.361854
0.490511
0.40004
0.621422
0.505615
0.296732
0.198939
0.372748
0.171515
0.721781
0.630751
0.176316
0.457133
0.594781
0.45562
0.556555
0.217305
0.68316
0.188593
0.162895
0.664674
0.450237
0.585806
0.354284
0.535363
0.669949
0.346494
0.801809
0.661214
0.45599
0.905456
0.215491
0.512669
0.796936
0.788759
0.863903
0.701668
0.591105
0.229918
0.554204
0.867234
0.148502
0.463396
0.624897
0.669969
0.370616
0.264946
0.678182
0.36238
0.472511
0.12162
0.43443
0.572773
0.399976
0.648451
0.477273
0.804972
0.561023
0.454927
0.335618
0.329878
0.486793
0.249258
0.274103
0.307657
0.727608
0.335852
0.112709
0.392132
0.685079
0.775785
0.241329
0.597013
0.68944
0.593742
0.470763
0.521674
0.716876
0.334088
0.529732
0.701328
0.557768
0.313726
0.454218
0.494314
0.309097
0.775269
0.456637
0.678135
0.504384
0.830987
0.461172
0.929722
0.425323
0.629535
0.532765
0.468419
0.658888
0.473038
0.429978
0.279879
0.431269
0.408509
0.138178
0.44874
0.90805
0.534155
0.452834
0.612939
0.693581
0.711565
0.797058
0.478072
0.528592
0.548831
0.0342467
0.32798
0.657604
0.387348
0.184201
0.126733
0.551113
0.405318
0.496485
0.729394
0.304251
0.842184
0.457697
0.113449
0.554003
0.835389
0.567821
0.53422
0.831284
0.305644
0.496555
0.853264
0.365671
0.321193
0.406524
0.670962
0.545949
0.597981
0.570544
0.870517
0.477959
0.57127
0.557982
0.402625
0.340083
0.219268
0.135757
0.161184
0.676966
0.448631
0.375008
0.714458
0.0612032
0.435921
0.286185
0.343035
0.152897
0.274127
0.786411
0.614666
0.418492
0.723414
0.563261
0.169265
0.303748
0.439769
0.353389
0.1919
0.778572
0.813815
0.255965
0.659862
0.72419
0.47438
0.406305
0.628663
0.58798
0.567049
0.721081
0.27654
0.914514
0.406678
0.343075
0.64395
0.143143
0.0456038
0.278611
0.791284
0.532122
0.480718
0.345504
0.191023
0.712538
0.584782
0.525112
0.515783
0.826843
0.858176
0.850436
0.685791
0.529161
0.725828
0.517287
0.32521
0.668157
0.164615
0.0968185
0.365844
0.349261
0.599046
0.754758
0.594763
0.313785
0.43065
0.406267
0.370028
0.500664
0.320035
0.140262
0.567894
0.77101
0.267624
0.526489
0.533507
0.287823
0.766401
0.790878
0.273646
0.339117
0.136121
0.469288
0.50839
0.903507
0.825785
0.425747
0.452149
0.613888
0.351396
0.177514
0.500444
0.344545
0.591516
0.174164
0.467348
0.123984
0.383185
0.700844
0.532977
0.414902
0.30256
0.589208
0.590991
0.751732
0.594747
0.307232
0.556517
0.842039
0.463402
0.580108
0.37115
0.571015
0.231254
0.141178
0.74998
0.462856
0.285438
0.343237
0.470641
0.184018
0.797333
0.532057
0.622706
0.728188
0.7095
0.43984
0.42068
0.310983
0.271011
0.656305
0.506416
0.301764
0.310156
0.510216
0.45225
0.456003
0.62899
0.275184
0.525295
0.827335
0.407765
0.560399
0.481664
0.599973
0.738657
0.580594
0.414388
0.617742
0.215421
0.638944
0.527801
0.52249
0.920852
0.2913
0.626697
0.321402
0.814266
0.882093
0.643702
0.851503
0.376212
0.617749
0.587705
0.375216
0.387666
0.315809
0.469111
0.642977
0.19385
0.308206
0.769287
0.676051
0.512363
0.494374
0.796563
0.574718
0.261238
0.467405
0.761226
0.45287
0.203475
0.627971
0.809729
0.429535
0.415608
0.246279
0.451005
0.72912
0.758231
0.436916
0.263712
0.696952
0.611526
0.82231
0.404089
0.24674
0.643497
0.906667
0.542142
0.71239
0.2018
0.319779
0.399105
0.2228
0.488487
0.483326
0.370356
0.520307
0.541213
0.632649
0.726033
0.666518
0.644189
0.491934
0.871896
0.0855266
0.564453
0.586762
0.268591
0.703311
0.355287
0.576439
0.240391
0.623266
0.620443
0.546113
0.722567
0.493003
0.330336
0.656864
0.673575
0.417282
0.74136
0.568106
0.333384
0.893472
0.535917
0.56571
0.697939
0.39626
0.578732
0.352956
0.561564
0.460069
0.660155
0.533104
0.809735
0.0805641
0.537158
0.543901
0.478568
0.515808
0.402229
0.63736
0.637882
0.38996
0.219365
0.871878
0.572355
0.551868
0.649609
0.821762
0.657668
0.539292
0.44894
0.76549
0.469017
0.583994
0.654046
0.789662
0.480811
0.560829
0.376835
0.940743
0.317053
0.699371
0.662175
0.380356
0.0849386
0.692793
0.510667
0.617849
0.619954
0.398714
0.120845
0.212482
0.731731
0.806494
0.317511
0.46914
0.49121
0.38036
0.398173
0.552408
0.4168
0.553272
0.437699
0.682875
0.508935
0.414278
0.49905
0.559595
0.672983
0.712825
0.496768
0.453956
0.111114
0.764771
0.911206
0.332958
0.220847
0.649674
0.545102
0.2971
0.620487
0.776482
0.661092
0.818686
0.117065
0.770244
0.292779
0.139903
0.14625
0.91008
0.456144
0.567387
0.158035
0.537065
0.523835
0.54059
0.760733
0.929559
0.00806726
0.256289
0.388375
0.509299
0.524617
0.48027
0.657949
0.37265
0.325986
0.741367
0.564626
0.336088
0.288793
0.512529
0.601644
0.17718
0.456494
0.414227
0.50205
0.586766
0.548059
0.269216
0.290105
0.38596
0.799318
0.305374
0.263479
0.222136
0.332715
0.206391
0.470256
0.943181
0.694609
0.63169
0.385577
0.514433
0.185854
0.684519
0.489127
0.529473
0.11604
0.693226
0.266981
0.69161
0.383113
0.440112
0.286903
0.170925
0.737184
0.611858
0.510151
0.333427
0.310656
0.538228
0.415997
0.79545
0.543035
0.815045
0.843419
0.398466
0.0598874
0.495843
0.402805
0.421364
0.532133
0.833913
0.691884
0.393565
0.545764
0.64781
0.534498
0.420123
0.459434
0.53715
0.61845
0.283285
0.480282
0.505113
0.349141
0.76888
0.244562
0.702746
0.544399
0.774071
0.727591
0.505574
0.30905
0.366142
0.608255
0.511203
0.687321
0.358533
0.756977
0.788406
0.220088
0.642554
0.481371
0.487499
0.804403
0.867203
0.537798
0.567616
0.467365
0.450411
0.219189
0.462429
0.426923
0.836003
0.498746
0.757787
0.311219
0.219731
0.621722
0.539072
0.265761
0.719579
0.586255
0.306989
0.761448
0.629324
0.0631422
0.605548
0.238041
0.604247
0.772973
0.527442
0.624923
0.355005
0.471853
0.591576
0.520626
0.706233
0.4918
0.624173
0.629285
0.370044
0.358516
0.61018
0.691753
0.811558
0.905016
0.490178
0.439676
0.426462
0.746653
0.454087
0.573391
0.644852
0.389602
0.723393
0.627145
0.735143
0.652368
0.507905
0.603905
0.630317
0.353669
0.646107
0.817712
0.339362
0.579723
0.591041
0.481088
0.343554
0.380065
0.603772
0.482568
0.362575
0.455829
0.154125
0.386081
0.874453
0.56825
0.720884
0.64865
0.564309
0.544231
0.573949
0.483207
0.402891
0.518919
0.463064
0.489422
0.634776
0.785044
0.604475
0.54776
0.488219
0.199828
0.704558
0.527356
0.667154
0.988365
0.855862
0.39367
0.326219
0.62782
0.650874
0.521595
0.302147
0.295219
0.265236
0.0629618
0.543941
0.721021
0.67729
0.390279
0.52797
0.447717
0.725643
0.724806
0.178611
0.5197
0.820589
0.4757
0.671591
0.510284
0.606278
0.64076
0.645493
0.378469
0.519708
0.539244
0.629656
0.551147
0.233086
0.443594
0.479231
0.372636
0.532554
0.123099
0.603671
0.689703
0.179356
0.867631
0.507922
0.335117
0.374088
0.71849
0.445648
0.496199
0.425511
0.298696
0.245351
0.815273
0.327613
0.620211
0.759813
0.805019
0.635395
0.219965
0.757713
0.567831
0.760854
0.737445
0.549039
0.344961
0.0995196
0.422701
0.527803
0.932813
0.194137
0.888242
0.727921
0.543955
0.542713
0.338277
0.58787
0.402498
0.69087
0.115008
0.638746
0.47315
0.427104
0.246473
0.479298
0.744348
0.497207
0.459308
0.396457
0.504443
0.0706553
0.530638
0.263799
0.594476
0.522998
0.42213
0.579377
0.462164
0.602912
0.782514
0.201137
0.943665
0.769775
0.427266
0.328635
0.44049
0.825169
0.717751
0.882076
0.374276
0.538393
0.355807
0.158396
0.436155
0.92635
0.457812
0.65986
0.211752
0.464301
0.523384
0.605124
0.811701
0.436565
0.485388
0.514361
0.356959
0.966922
0.373796
0.565312
0.51072
0.732523
0.53232
0.313976
0.214751
0.611879
0.281214
0.187426
0.540306
0.92864
0.840995
0.938674
0.507184
0.437694
0.427567
0.740391
0.360975
0.846115
0.38845
0.587651
0.407804
0.803925
0.625955
0.22896
0.494562
0.620756
0.667823
0.491548
0.786348
0.820454
0.440818
0.471906
0.332357
0.114863
0.143371
0.320051
0.198706
0.450617
0.157239
0.732642
0.406455
0.536554
0.572424
0.566145
0.560051
0.689024
0.164167
0.390783
0.52933
0.398718
0.167544
0.217027
0.385366
0.40768
0.684988
0.246217
0.491601
0.432312
0.958275
0.274857
0.78452
0.235101
0.277564
0.736888
0.656517
0.505649
0.180894
0.930437
0.758779
0.520699
0.643348
0.610209
0.526563
0.756259
0.689648
0.394098
0.674571
0.745737
0.553771
0.190977
0.539604
0.360354
0.356801
0.762909
0.353323
0.640398
0.611626
0.552067
0.325021
0.72621
0.745762
0.655578
0.160238
0.821404
0.381529
0.781185
0.486735
0.495996
0.452005
0.438602
0.40148
0.776551
0.599492
0.64222
0.445109
0.819626
0.567605
0.354613
0.722451
0.298314
0.190138
0.398967
0.322458
0.581142
0.504212
0.577491
0.658428
0.767427
0.453743
0.346497
0.367937
0.27574
0.74986
0.132255
0.263665
0.372969
0.886576
0.636616
0.445675
0.224514
0.729488
0.468761
0.609326
0.123111
0.70107
0.586168
0.564945
0.536971
0.604986
0.488477
0.351215
0.827017
0.627783
0.528468
0.831099
0.771667
0.260067
0.298036
0.233323
0.540616
0.646043
0.766614
0.685315
0.371839
0.664441
0.0218333
0.108444
0.176924
0.496907
0.094125
0.40968
0.224277
0.517127
0.620696
0.482161
0.458228
0.583353
0.500795
0.421007
0.511374
0.401324
0.347229
0.587736
0.433349
0.527081
0.663468
0.737362
0.23008
0.726086
0.48826
0.576405
0.415575
0.7369
0.343071
0.65873
0.636934
0.206863
0.73067
0.183779
0.485972
0.600941
0.0634957
0.318124
0.456984
0.400054
0.415958
0.623874
0.700848
0.63711
0.710585
0.185654
0.509472
0.353435
0.0539023
0.47934
0.485476
0.695885
0.499547
0.389258
0.443086
0.447869
0.157782
0.55417
0.58498
0.554996
0.527516
0.101705
0.225961
0.483774
0.586312
0.80189
0.278639
0.382605
0.65721
0.229665
0.545261
0.413913
0.933405
0.55315
0.789561
0.55475
0.360281
0.413155
0.462275
0.511288
0.485756
0.338821
0.719758
0.516453
0.560457
0.326026
0.556369
0.209359
0.161463
0.572978
0.420936
0.408818
0.25473
0.547689
0.210067
0.323651
0.417274
0.489887
0.484818
0.473002
0.260676
0.776985
0.504339
0.37286
0.463775
0.575507
0.419717
0.682641
0.485639
0.657013
0.682326
0.357825
0.518791
0.341366
0.426727
0.477146
0.50521
0.547896
0.702511
0.84625
0.7456
0.295282
0.214061
0.490291
0.582394
0.506485
0.512794
0.57328
0.229723
0.127698
0.898725
0.385926
0.50834
0.308024
0.20939
0.508282
0.479143
0.329732
0.840626
0.35273
0.696077
0.692035
0.337689
0.80262
0.769411
0.816457
0.502405
0.448256
0.752531
0.417762
0.232962
0.181736
0.795363
0.178802
0.561488
0.398462
0.5943
0.251023
0.721212
0.431653
0.242088
0.538507
0.457362
0.216916
0.298106
0.433279
0.30565
0.704885
0.53181
0.56359
0.347453
0.544434
0.471673
0.531151
0.23532
0.20212
0.251794
0.492673
0.722099
0.543343
0.779953
0.634752
0.626723
0.535107
0.254651
0.36142
0.509684
0.273364
0.73877
0.309683
0.375067
0.740257
0.0617572
0.565054
0.30011
0.499941
0.664814
0.403716
0.298837
0.0967816
0.366682
0.443674
0.677869
0.736525
0.644809
0.466603
0.813694
0.560054
0.592358
0.333289
0.705919
0.536138
0.572235
0.474816
0.460358
0.294546
0.381717
0.662467
0.686741
0.46839
0.523683
0.68796
0.507552
0.509014
0.46342
0.491028
0.60445
0.681429
0.298376
0.418251
0.26219
0.633762
0.391811
0.402052
0.527518
0.66855
0.81112
0.45032
0.441849
0.875965
0.706098
0.641404
0.530882
0.561671
0.54211
0.255493
0.540719
0.593203
0.328534
0.92952
0.395082
0.676264
0.673118
0.874065
0.758063
0.513505
0.540442
0.041773
0.178271
0.65922
0.773628
0.256806
0.765176
0.180125
0.755421
0.671831
0.461479
0.0956518
0.183733
0.635638
0.413048
0.506846
0.687724
0.475506
0.364042
0.839382
0.141862
0.556774
0.44232
0.434936
0.66732
0.278949
0.311202
0.729529
0.541545
0.822265
0.507427
0.632025
0.0335059
0.202347
0.456138
0.536891
0.470044
0.704555
0.515574
0.636496
0.451879
0.511586
0.532759
0.692674
0.574807
0.442014
0.362251
0.660558
0.577868
0.495895
0.548101
0.278783
0.38467
0.500168
0.531156
0.214416
0.307987
0.740358
0.692273
0.568507
0.604891
0.83453
0.281022
0.738979
0.125542
0.562517
0.360644
0.616698
0.157446
0.205904
0.262091
0.140154
0.560941
0.54128
0.37929
0.469801
0.160633
0.379754
0.78189
0.627119
0.470091
0.294056
0.878251
0.522458
0.225911
0.631609
0.53372
0.229796
0.135838
0.476719
0.920654
0.836861
0.822934
0.500245
0.469618
0.157283
0.734816
0.342372
0.356716
0.865648
0.483057
0.588512
0.487755
0.98896
0.778706
0.751326
0.283416
0.0932001
0.438409
0.854967
0.441397
0.172827
0.474696
0.126517
0.755473
0.416315
0.512699
0.486555
0.409727
0.36486
0.710987
0.235314
0.17233
0.842893
0.820525
0.720359
0.536976
0.165969
0.256403
0.0712174
0.314099
0.778781
0.0489053
0.746305
0.152385
0.295922
0.0643881
0.581405
0.591923
0.4745
0.565593
0.0579686
0.202748
0.532651
0.586497
0.714868
0.621877
0.297726
0.404996
0.366638
0.360346
0.299672
0.301143
0.658847
0.347066
0.570698
0.355503
0.517256
0.495377
0.456438
0.350101
0.484688
0.566021
0.702088
0.655152
0.644432
0.341851
0.613794
0.489949
0.501496
0.234565
0.356373
0.502495
0.551191
0.488866
0.2782
0.383985
0.383615
0.2231
0.493022
0.404549
0.204371
0.362027
0.450446
0.819386
0.312574
0.862796
0.309675
0.610594
0.795843
0.337414
0.865815
0.338179
0.943444
0.394627
0.751393
0.929423
0.586919
0.144295
0.470861
0.343751
0.437321
0.650158
0.658866
0.644102
0.427138
0.945757
0.834436
0.612259
0.602693
0.575355
0.477846
0.639593
0.390624
0.268255
0.317954
0.937509
0.2788
0.175765
0.260551
0.0938693
0.169217
0.532456
0.351308
0.543261
0.587257
0.604671
0.467434
0.609806
0.2324
0.232153
0.831056
0.806497
0.634686
0.361067
0.448656
0.531087
0.487236
0.452854
0.464017
0.757199
0.697616
0.211476
0.600083
0.283839
0.967603
0.60943
0.589747
0.484004
0.267402
0.689124
0.6757
0.539599
0.406557
0.26296
0.467948
0.68845
0.213529
0.123097
0.39548
0.540593
0.445663
0.834621
0.813631
0.460262
0.414242
0.283677
0.622321
0.562495
0.386227
0.799838
0.233033
0.68336
0.17859
0.469981
0.263039
0.64239
0.403532
0.745375
0.820611
0.573186
0.233952
0.0783736
0.440464
0.530683
0.595438
0.547336
0.379238
0.303986
0.467707
0.281218
0.424794
0.35634
0.332887
0.749558
0.263767
0.443004
0.59905
0.48045
0.441377
0.269173
0.735212
0.422812
0.740097
0.380919
0.429223
0.236494
0.181199
0.377026
0.695855
0.601806
0.242472
0.184805
0.484908
0.282398
0.487956
0.347806
0.891929
0.470612
0.350521
0.89748
0.670639
0.894625
0.378882
0.514336
0.0749669
0.733619
0.588012
0.406727
0.443202
0.514211
0.44532
0.404262
0.0414134
0.451802
0.345656
0.492835
0.508578
0.200543
0.487858
0.202763
0.263038
0.899662
0.593855
0.468881
0.302517
0.893643
0.515441
0.433712
0.0858713
0.40796
0.61442
0.391211
0.615646
0.774359
0.457411
0.560331
0.600206
0.427845
0.26516
0.52836
0.472232
0.492614
0.720693
0.572481
0.521231
0.344996
0.2626
0.131475
0.614266
0.698151
0.755055
0.17741
0.518122
0.388207
0.353322
0.417746
0.685218
0.87319
0.566961
0.602639
0.425808
0.422097
0.182609
0.160889
0.327927
0.156014
0.186633
0.175779
0.811313
0.43326
0.0764334
0.406776
0.648203
0.33664
0.729139
0.703252
0.443243
0.49246
0.482506
0.206198
0.396813
0.31086
0.557355
0.54751
0.266844
0.452512
0.143327
0.185691
0.533091
0.206727
0.528512
0.4611
0.800858
0.523968
0.221969
0.08992
0.354953
0.578101
0.782137
0.58416
0.251247
0.585989
0.840537
0.799018
0.49427
0.476965
0.682536
0.626977
0.215805
0.464163
0.589621
0.196995
0.845432
0.687551
0.199727
0.41596
0.324237
0.563096
0.367615
0.61262
0.38899
0.270121
0.539172
0.0958881
0.209039
0.502847
0.939967
0.295396
0.825519
0.45087
0.277786
0.22026
0.590345
0.722763
0.424548
0.788467
0.330395
0.366776
0.690643
0.408236
0.604267
0.421117
0.378544
0.902261
0.386293
0.424571
0.774111
0.237303
0.551341
0.245633
0.366002
0.452307
0.2511
0.274252
0.211094
0.876469
0.199705
0.529285
0.50139
0.444829
0.710131
0.507278
0.62324
0.301388
0.482142
0.345558
0.598097
0.406178
0.483841
0.212449
0.0619412
0.724389
0.465361
0.384506
0.391369
0.603213
0.197153
0.621134
0.49819
0.537818
0.709535
0.698601
0.756003
0.629697
0.584221
0.876296
0.717491
0.516079
0.603611
0.480195
0.171519
0.675998
0.381865
0.668093
0.305437
0.316773
0.538101
0.569639
0.914606
0.827531
0.158906
0.631908
0.555345
0.411911
0.576356
0.259767
0.353047
0.0461804
0.603417
0.885719
0.294707
0.402216
0.689464
0.433946
0.559589
0.493458
0.820683
0.964966
0.612179
0.849698
0.440615
0.404684
0.461333
0.813661
0.439896
0.480715
0.628763
0.463922
0.572978
0.191552
0.380333
0.367744
0.233367
0.4209
0.804053
0.575684
0.780835
0.378049
0.344606
0.759942
0.750595
0.430951
0.899477
0.3618
0.476742
0.559944
0.471953
0.527608
0.694459
0.390441
0.293845
0.28717
0.510139
0.908482
0.588518
0.507279
0.403492
0.165866
0.784027
0.262383
0.409428
0.257438
0.504282
0.378089
0.237734
0.468445
0.477923
0.818517
0.648219
0.508928
0.558001
0.273152
0.679223
0.187732
0.676632
0.543241
0.452354
0.279172
0.33851
0.764029
0.809494
0.539622
0.407731
0.362185
0.485173
0.584925
0.404112
0.278107
0.346539
0.193377
0.328316
0.50173
0.241022
0.56728
0.507904
0.322601
0.409241
0.171295
0.61377
0.322651
0.662156
0.266498
0.157607
0.329017
0.558748
0.631835
0.614353
0.952359
0.346254
0.702319
0.73307
0.494481
0.343739
0.408556
0.38317
0.55671
0.343046
0.559197
0.196224
0.453352
0.486827
0.169416
0.189995
0.606126
0.578206
0.341926
0.390867
0.452766
0.5644
0.542394
0.285588
0.452618
0.634835
0.495051
0.239864
0.709752
0.501044
0.321137
0.375884
0.288671
0.547695
0.589563
0.523497
0.77763
0.443966
0.530449
0.140379
0.122395
0.799816
0.372965
0.618283
0.839375
0.419414
0.808531
0.439874
0.284188
0.223825
0.547601
0.76292
0.894021
0.195725
0.580866
0.485602
0.095228
0.380964
0.436778
0.336635
0.828256
0.541237
0.40488
0.688361
0.281443
0.715087
0.549213
0.789203
0.624126
0.589634
0.462457
0.530539
0.657625
0.686426
0.510121
0.707441
0.541009
0.584161
0.480739
0.855593
0.545552
0.39587
0.537347
0.39222
0.316046
0.394966
0.501313
0.485142
0.732513
0.54228
0.60319
0.284997
0.605468
0.556839
0.49745
0.427054
0.461611
0.654259
0.572629
0.776688
0.59646
0.114025
0.794525
0.411142
0.853718
0.486739
0.739702
0.430374
0.583911
0.415242
0.214844
0.334517
0.466254
0.597133
0.684564
0.471188
0.277258
0.604933
0.526975
0.660309
0.45978
0.37775
0.870869
0.725569
0.390267
0.459562
0.195504
0.752582
0.565714
0.311625
0.277537
0.757083
0.311569
0.927692
0.308464
0.2564
0.360341
0.397315
0.666368
0.398294
0.544304
0.500084
0.754418
0.693049
0.388789
0.0539307
0.260458
0.697188
0.63479
0.843754
0.688212
0.651393
0.247472
0.928342
0.63512
0.280329
0.648061
0.502623
0.761493
0.808356
0.525298
0.607796
0.624672
0.760855
0.534245
0.895464
0.785746
0.477759
0.57437
0.732353
0.719548
0.0967885
0.754949
0.135482
0.862711
0.648104
0.661838
0.131816
0.39271
0.743377
0.620319
0.452645
0.797297
0.524615
0.80719
0.422087
0.483481
0.29353
0.559868
0.35433
0.317108
0.790453
0.497494
0.523828
0.685918
0.361231
0.456308
0.731215
0.196814
0.431253
0.588554
0.121057
0.162196
0.415836
0.761765
0.244619
0.521661
0.659039
0.481141
0.250845
0.506488
0.671391
0.529559
0.26331
0.390477
0.948066
0.557344
0.653199
0.461502
0.693132
0.562397
0.4929
0.435558
0.40491
0.890533
0.606386
0.599659
0.760501
0.821644
0.573487
0.715402
0.271149
0.585442
0.740727
0.374376
0.575047
0.810985
0.570672
0.595745
0.296909
0.431232
0.687701
0.293088
0.236552
0.310151
0.336822
0.37292
0.619329
0.0835281
0.764126
0.502618
0.844567
0.469811
0.0960905
0.424925
0.555823
0.12585
0.305083
0.240813
0.668748
0.538579
0.485268
0.405255
0.781006
0.607765
0.697654
0.192095
0.519099
0.518356
0.124642
0.808035
0.495921
0.610169
0.142922
0.414582
0.494798
0.730795
0.789919
0.317732
0.393759
0.118009
0.313469
0.557875
0.769093
0.214854
0.742388
0.306302
0.445333
0.575223
0.351364
0.167159
0.220478
0.612623
0.33474
0.744746
0.166137
0.295551
0.459231
0.342843
0.574359
0.352135
0.563344
0.215605
0.31156
0.68683
0.88012
0.321676
0.739945
0.583524
0.851525
0.422772
0.027915
0.47649
0.795781
0.753661
0.328147
0.473069
0.491141
0.57548
0.377567
0.429187
0.194262
0.366451
0.45749
0.41734
0.252054
0.732289
0.891709
0.302841
0.559808
0.611809
0.601307
0.49203
0.584158
0.782253
0.36618
0.687053
0.321594
0.735251
0.540989
0.860704
0.4734
0.185761
0.353464
0.173277
0.268353
0.683564
0.311091
0.777809
0.501597
0.303879
0.631598
0.62192
0.542546
0.322233
0.310088
0.615711
0.674481
0.532325
0.238232
0.210962
0.683728
0.307645
0.660008
0.598332
0.292544
0.740795
0.143994
0.0642187
0.690021
0.437991
0.448174
0.267864
0.409142
0.170213
0.350658
0.806094
0.168448
0.318216
0.442721
0.0464481
0.569844
0.840462
0.123021
0.725788
0.187691
0.325443
0.566349
0.661831
0.87162
0.6713
0.393371
0.169867
0.72033
0.489107
0.0945064
0.697853
0.395288
0.698843
0.291659
0.393015
0.122255
0.365932
0.446387
0.40137
0.879361
0.466923
0.553636
0.658147
0.460932
0.620884
0.371728
0.534406
0.640232
0.63598
0.684791
0.519266
0.484147
0.650519
0.243818
0.961759
0.723657
0.337842
0.390626
0.720626
0.183902
0.287084
0.59319
0.622802
0.43693
0.673015
0.336121
0.470077
0.107819
0.639479
0.443615
0.834992
0.920346
0.37766
0.563559
0.493449
0.41548
0.185497
0.236058
0.557991
0.456102
0.275643
0.384795
0.566284
0.365562
0.653156
0.426885
0.458413
0.554037
0.539436
0.239004
0.397848
0.689212
0.615947
0.840867
0.406449
0.3363
0.355528
0.441306
0.3736
0.550247
0.354117
0.351319
0.429209
0.697355
0.778052
0.621323
0.739575
0.697687
0.599781
0.0945458
0.726101
0.656973
0.556194
0.620623
0.473839
0.688765
0.618381
0.375432
0.735213
0.721709
0.489643
0.644104
0.648559
0.580143
0.623771
0.694371
0.804415
0.460789
0.635912
0.496248
0.0913787
0.227945
0.358213
0.738522
0.685924
0.882743
0.52513
0.71154
0.427898
0.415269
0.300319
0.261438
0.638072
0.699783
0.60745
0.264107
0.55832
0.539874
0.563098
0.194929
0.491997
0.377882
0.757914
0.615656
0.48586
0.499579
0.344399
0.431683
0.585192
0.246033
0.580214
0.960883
0.640817
0.365653
0.364378
0.614822
0.564975
0.660937
0.17012
0.794688
0.604891
0.592749
0.603574
0.67445
0.447798
0.628321
0.507431
0.605714
0.0705613
0.0445364
0.293467
0.644166
0.656623
0.403558
0.504531
0.569639
0.461356
0.677567
0.71383
0.337459
0.451126
0.510581
0.389359
0.42202
0.271158
0.487826
0.717504
0.194326
0.503317
0.801609
0.405678
0.872176
0.75212
0.211889
0.669199
0.809638
0.282364
0.706195
0.850758
0.533065
0.479053
0.752431
0.329271
0.488799
0.578876
0.802749
0.705325
0.228253
0.783168
0.469876
0.557796
0.739215
0.484894
0.38402
0.387902
0.451235
0.391316
0.661906
0.651822
0.809095
0.260908
0.479859
0.473317
0.721624
0.879175
0.606994
0.350424
0.697005
0.433158
0.571015
0.517986
0.604645
0.604569
0.0705088
0.600407
0.358273
0.459946
0.308904
0.677832
0.38956
0.548095
0.302391
0.520597
0.223231
0.363072
0.463089
0.757212
0.487548
0.420403
0.302352
0.255974
0.48587
0.180273
0.744411
0.643691
0.617664
0.505175
0.258855
0.762198
0.557732
0.346822
0.572199
0.639833
0.877223
0.659821
0.0867018
0.503644
0.602821
0.569496
0.449443
0.379237
0.202461
0.665939
0.174981
0.696058
0.575545
0.540491
0.575929
0.81232
0.409869
0.563125
0.487557
0.518104
0.34284
0.613642
0.48009
0.579476
0.852877
0.273895
0.723451
0.536217
0.563033
0.386321
0.584778
0.53952
0.222356
0.444218
0.389041
0.424457
0.448078
0.217634
0.59518
0.791217
0.568304
0.612011
0.355755
0.785786
0.742927
0.367307
0.4965
0.273459
0.697151
0.591198
0.250756
0.722303
0.640895
0.0619017
0.680453
0.759575
0.469141
0.30718
0.690583
0.284231
0.361596
0.400109
0.660958
0.548139
0.1543
0.101192
0.411952
0.526717
0.696037
0.591848
0.0754785
0.846172
0.865604
0.298908
0.684991
0.536249
0.703912
0.626322
0.381785
0.699882
0.597239
0.491824
0.253409
0.35936
0.583577
0.707919
0.183711
0.380287
0.659456
0.880345
0.620791
0.631922
0.427447
0.666808
0.497863
0.524946
0.542245
0.954306
0.511165
0.597009
0.212132
0.325677
0.230531
0.664805
0.419266
0.520088
0.281641
0.175192
0.67313
0.436138
0.0820065
0.802337
0.476644
0.473327
0.711944
0.244073
0.754213
0.2595
0.0855593
0.194479
0.626924
0.407457
0.608485
0.260934
0.89673
0.455568
0.399157
0.553856
0.291868
0.162062
0.535531
0.160225
0.603233
0.404497
0.390271
0.382743
0.509239
0.492588
0.875485
0.600363
0.493741
0.177015
0.537817
0.582105
0.677806
0.24203
0.723559
0.174948
0.727193
0.603087
0.517351
0.493726
0.471065
0.46806
0.356849
0.835038
0.308784
0.596477
0.648961
0.481665
0.233002
0.179633
0.599706
0.435636
0.650329
0.262117
0.580435
0.347441
0.310853
0.500597
0.351895
0.345498
0.913853
0.724541
0.14974
0.175457
0.495414
0.782721
0.565414
0.488545
0.497937
0.580401
0.474114
0.59358
0.483649
0.69164
0.154111
0.535821
0.377857
0.287539
0.499009
0.629542
0.35668
0.43902
0.212389
0.247579
0.663988
0.440081
0.65099
0.449569
0.757424
0.725425
0.47746
0.350479
0.48809
0.610462
0.626746
0.0707026
0.546343
0.110408
0.708241
0.671314
0.343918
0.774321
0.584069
0.439634
0.78498
0.555143
0.298275
0.732734
0.0738498
0.440744
0.0687415
0.308538
0.406035
0.50897
0.474424
0.51688
0.50491
0.734681
0.368063
0.325035
0.467915
0.902047
0.700029
0.447461
0.459034
0.675608
0.19584
0.590267
0.0809623
0.351787
0.602505
0.473455
0.322649
0.679148
0.514414
0.513075
0.747309
0.652235
0.620834
0.32575
0.449032
0.614599
0.455907
0.884886
0.423533
0.311343
0.154428
0.656536
0.334081
0.553977
0.427261
0.435412
0.480716
0.900877
0.604527
0.948683
0.414669
0.315129
0.62535
0.28693
0.379102
0.621931
0.205632
0.337124
0.83446
0.388856
0.172163
0.572236
0.658049
0.6693
0.348161
0.604283
0.239034
0.676936
0.686223
0.565234
0.975331
0.484599
0.0571297
0.782394
0.552505
0.622903
0.194969
0.72163
0.377216
0.701575
