1 -5.84178e-22 -5.84178e-22 0
2 -6.07342e-22 -5.95761e-22 1.15823e-23
3 -6.02986e-22 -5.9817e-22 7.10769e-24
4 -6.10919e-22 -6.01356e-22 5.95138e-24
5 -5.92741e-22 -5.99633e-22 4.92141e-24
6 -6.36017e-22 -6.05698e-22 7.27465e-24
7 -6.46425e-22 -6.11515e-22 8.46471e-24
8 -5.92497e-22 -6.09138e-22 7.70649e-24
9 -6.12373e-22 -6.09497e-22 6.80598e-24
10 -6.39926e-22 -6.12541e-22 6.80553e-24
1 -5.99633e-22 -5.99633e-22 0
2 -6.25447e-22 -6.12541e-22 1.29072e-23
3 -6.78686e-22 -6.34589e-22 2.32739e-23
4 -6.08351e-22 -6.2803e-22 1.77164e-23
5 -6.89955e-22 -6.40414e-22 1.84857e-23
6 -6.53317e-22 -6.42565e-22 1.52459e-23
7 -5.99436e-22 -6.36403e-22 1.42825e-23
8 -6.68349e-22 -6.40396e-22 1.29976e-23
9 -6.9645e-22 -6.46626e-22 1.30455e-23
10 -7.57575e-22 -6.57719e-22 1.61011e-23
