0.0219752 0 0
0.0439504 0 0
0.0659257 0 0
0.0879009 0 0
0.109876 0 0
0.131851 0 0
0.153827 0 0
0.175802 0 0
0.197777 0 0
0.219752 0 0
0.241727 0 0
0.263703 0 0
0.285678 0 0
0.307653 0 0
0.329629 0.0545132 0.00757258
0.351604 0.309907 0.0241307
0.373578 0.540117 0.0338304
0.395553 0.604092 0.0389082
0.41753 0.528319 0.0239
0.439504 0.489345 0.0160242
0.461479 0.461268 0.0198467
0.483456 0.411359 0.0220187
0.50543 0.369172 0.0225866
0.527405 0.35344 0.0197014
0.549382 0.343216 0.0187311
0.571356 0.338256 0.0185222
0.593331 0.325981 0.0183798
0.615308 0.324846 0.0128333
0.637282 0.348956 0.0183386
0.659257 0.337021 0.0119457
0.681231 0.321163 0.01435
0.703208 0.351631 0.0142623
0.725183 0.356218 0.0166779
0.747157 0.342353 0.0123969
0.769134 0.351434 0.0123298
0.791109 0.318067 0.0104778
0.813083 0.303864 0.0139785
0.83506 0.30496 0.0119068
0.857035 0.299206 0.0100527
0.879009 0.315521 0.0126268
0.900983 0.316057 0.0142221
0.922961 0.324146 0.00927687
0.944935 0.331617 0.0115079
0.966909 0.340177 0.00826197
0.988887 0.333742 0.00742104
1.01086 0.339968 0.00739571
1.03283 0.324686 0.0110114
1.05481 0.331 0.0121626
1.07679 0.321836 0.00996764
1.09876 0.336154 0.00535065
1.12074 0.329789 0.0101025
1.14271 0.336426 0.00881073
1.16469 0.336298 0.00864096
1.18666 0.339189 0.00918459
1.20864 0.346752 0.00469826
1.23061 0.337656 0.00929825
1.25259 0.344077 0.00839834
1.27456 0.339289 0.00427254
1.29654 0.338086 0.00904461
1.31851 0.335286 0.00855301
1.34049 0.340928 0.00804154
1.36247 0.340479 0.00842816
1.38444 0.340629 0.00730184
1.40641 0.347062 0.0072659
1.42839 0.328458 0.00688578
1.45037 0.320937 0.00510925
1.47234 0.341785 0.00585908
1.49432 0.328627 0.00903768
1.51629 0.328566 0.0075873
1.53827 0.328765 0.00781657
1.56024 0.323996 0.0058532
1.58222 0.327851 0.00530635
1.60419 0.320852 0.0044675
1.62617 0.328632 0.00616366
1.64814 0.333332 0.00583705
1.67012 0.334149 0.00627677
1.69209 0.340184 0.00673268
1.71407 0.336486 0.00587398
1.73604 0.336354 0.00747538
1.75802 0.339802 0.00284901
1.78 0.329576 0.00489559
1.80197 0.346691 0.0107447
1.82394 0.340279 0.00607883
1.84592 0.337901 0.00547777
1.8679 0.330064 0.00439443
1.88987 0.334535 0.00538461
1.91184 0.338508 0.00459799
1.93382 0.33737 0.00333715
1.9558 0.3337 0.00623812
1.97777 0.32778 0.00490736
1.99975 0.32374 0.00492442
2.02172 0.322612 0.00362328
2.0437 0.319514 0.00489916
2.06567 0.322725 0.00542093
2.08765 0.331998 0.00625467
2.10962 0.323874 0.00571958
2.1316 0.322262 0.00407561
2.15357 0.330445 0.00510292
2.17555 0.336211 0.00719416
2.19752 0.329877 0.00495778
