1 4.57852e-21 4.57852e-21 0
2 4.61111e-21 4.59479e-21 1.62784e-23
3 4.4935e-21 4.56103e-21 3.50583e-23
4 4.34639e-21 4.50737e-21 5.91119e-23
5 4.56419e-21 4.51875e-21 4.71771e-23
6 4.3455e-21 4.48988e-21 4.81395e-23
7 4.40915e-21 4.47833e-21 4.22874e-23
8 4.44051e-21 4.4736e-21 3.69257e-23
9 4.61216e-21 4.48899e-21 3.60208e-23
10 4.33336e-21 4.47344e-21 3.57806e-23
1 4.51875e-21 4.51875e-21 0
2 4.42812e-21 4.47344e-21 4.52984e-23
3 4.52069e-21 4.4892e-21 3.05307e-23
4 4.49405e-21 4.49038e-21 2.16225e-23
5 4.42888e-21 4.47812e-21 2.07818e-23
6 4.41257e-21 4.46716e-21 2.01812e-23
7 4.46037e-21 4.46619e-21 1.70838e-23
8 4.48558e-21 4.46863e-21 1.49919e-23
9 4.49278e-21 4.47133e-21 1.34913e-23
10 4.33728e-21 4.45792e-21 1.80356e-23
