3.05933e-21 1.65678e-21
3.06781e-21 0.00511765
3.06953e-21 0.00313195
3.0721e-21 0.00270387
3.07001e-21 0.00244489
3.0761e-21 0.00418144
3.08164e-21 0.00486856
3.07919e-21 0.00446805
3.07948e-21 0.00394418
3.08246e-21 0.00396132
3.08211e-21 0.00358944
3.08182e-21 0.00328147
3.08157e-21 0.00302223
3.08136e-21 0.00280098
3.08117e-21 0.00260994
3.08101e-21 0.00244332
3.08087e-21 0.0022967
3.08074e-21 0.0021667
3.08063e-21 0.00205063
3.08053e-21 0.00194637
3.08044e-21 0.0018522
3.08035e-21 0.00176673
3.08028e-21 0.0016888
3.0802e-21 0.00161746
3.08014e-21 0.0015519
3.08008e-21 0.00149145
3.08003e-21 0.00143553
3.07997e-21 0.00138366
3.07993e-21 0.00133541
3.07988e-21 0.0012904
3.07984e-21 0.00124834
3.0798e-21 0.00120893
3.07977e-21 0.00117193
3.07973e-21 0.00113713
3.0797e-21 0.00110434
3.07967e-21 0.00107338
3.07964e-21 0.00104411
3.07961e-21 0.0010164
3.07958e-21 0.000990124
3.07956e-21 0.000965169
3.07954e-21 0.000941442
3.07951e-21 0.000918854
3.07949e-21 0.000897324
3.07947e-21 0.00087678
3.07945e-21 0.000857156
3.07943e-21 0.000838391
3.07942e-21 0.00082043
3.0794e-21 0.000803222
3.07938e-21 0.000786722
3.07937e-21 0.000770886
3.07935e-21 0.000755675
3.07934e-21 0.000741053
3.07932e-21 0.000726985
3.07931e-21 0.000713442
3.0793e-21 0.000700395
3.07928e-21 0.000687816
3.07927e-21 0.000675681
3.07926e-21 0.000663967
3.07925e-21 0.000652652
3.07924e-21 0.000641716
3.07923e-21 0.000631141
3.07922e-21 0.000620908
3.07921e-21 0.000611002
3.0792e-21 0.000601407
3.07919e-21 0.000592109
3.07918e-21 0.000583094
3.07917e-21 0.00057435
3.07916e-21 0.000565864
3.07915e-21 0.000557625
3.07915e-21 0.000549622
3.07914e-21 0.000541846
3.07913e-21 0.000534287
3.07912e-21 0.000526936
3.07912e-21 0.000519784
3.07911e-21 0.000512824
3.0791e-21 0.000506048
3.07909e-21 0.000499449
3.07909e-21 0.00049302
3.07908e-21 0.000486754
3.07908e-21 0.000480645
3.07907e-21 0.000474688
3.07906e-21 0.000468876
3.07906e-21 0.000463205
3.07905e-21 0.00045767
3.07905e-21 0.000452265
3.07904e-21 0.000446987
3.07904e-21 0.00044183
3.07903e-21 0.000436791
3.07903e-21 0.000431866
3.07902e-21 0.000427051
3.07902e-21 0.000422341
3.07901e-21 0.000417735
3.07901e-21 0.000413228
3.079e-21 0.000408817
3.079e-21 0.000404499
3.079e-21 0.000400271
3.07899e-21 0.000396131
3.07899e-21 0.000392076
3.07898e-21 0.000388103
3.07898e-21 0.00038421
