147.724 0
148.134 0.409422
148.217 0.25056
148.341 0.216309
148.24 0.195592
148.534 0.334518
148.802 0.389489
148.683 0.357449
148.697 0.315539
148.841 0.316907
148.824 0.287154
148.81 0.262515
148.798 0.241775
148.788 0.224074
148.779 0.208791
148.771 0.19546
148.765 0.183731
148.758 0.173331
148.753 0.164045
148.748 0.155704
148.744 0.148171
148.74 0.141333
148.736 0.135099
148.733 0.129391
148.729 0.124147
148.727 0.119311
148.724 0.114838
148.721 0.110688
148.719 0.106827
148.717 0.103227
148.715 0.0998621
148.713 0.0967093
148.711 0.0937496
148.71 0.0909656
148.708 0.0883423
148.707 0.085866
148.705 0.0835248
148.704 0.0813079
148.703 0.0792057
148.701 0.0772094
148.7 0.0753113
148.699 0.0735043
148.698 0.0717819
148.697 0.0701385
148.696 0.0685686
148.695 0.0670675
148.694 0.0656307
148.694 0.0642541
148.693 0.0629342
148.692 0.0616673
148.691 0.0604505
148.691 0.0592808
148.69 0.0581554
148.689 0.057072
148.689 0.0560283
148.688 0.055022
148.688 0.0540513
148.687 0.0531142
148.686 0.052209
148.686 0.0513342
148.685 0.0504882
148.685 0.0496696
148.684 0.0488772
148.684 0.0481097
148.683 0.0473659
148.683 0.0466447
148.683 0.0459452
148.682 0.0452663
148.682 0.0446072
148.681 0.0439671
148.681 0.043345
148.681 0.0427403
148.68 0.0421523
148.68 0.0415802
148.68 0.0410234
148.679 0.0404813
148.679 0.0399534
148.679 0.0394391
148.678 0.0389378
148.678 0.0384492
148.678 0.0379726
148.678 0.0375077
148.677 0.0370541
148.677 0.0366113
148.677 0.0361789
148.676 0.0357567
148.676 0.0353442
148.676 0.0349411
148.676 0.0345471
148.676 0.0341619
148.675 0.0337851
148.675 0.0334166
148.675 0.0330561
148.675 0.0327032
148.674 0.0323578
148.674 0.0320196
148.674 0.0316885
148.674 0.031364
148.674 0.0310462
148.673 0.0307348
