-5.89797e-22 1.65678e-21
-5.98362e-22 0.0051698
-6.00119e-22 0.00316754
-6.02702e-22 0.00272899
-6.00629e-22 0.00245632
-6.0672e-22 0.00418747
-6.12263e-22 0.00487026
-6.09815e-22 0.00446906
-6.10095e-22 0.00394496
-6.13092e-22 0.00396515
-6.12761e-22 0.00359218
-6.12485e-22 0.00328343
-6.12251e-22 0.0030236
-6.12051e-22 0.00280192
-6.11877e-22 0.00261055
-6.11725e-22 0.00244366
-6.11591e-22 0.00229685
-6.11472e-22 0.00216668
-6.11366e-22 0.00205048
-6.1127e-22 0.00194612
-6.11183e-22 0.00185187
-6.11104e-22 0.00176633
-6.11032e-22 0.00168835
-6.10966e-22 0.00161696
-6.10905e-22 0.00155137
-6.10849e-22 0.00149089
-6.10797e-22 0.00143495
-6.10749e-22 0.00138306
-6.10704e-22 0.00133479
-6.10662e-22 0.00128978
-6.10623e-22 0.0012477
-6.10586e-22 0.00120829
-6.10552e-22 0.00117129
-6.10519e-22 0.00113648
-6.10489e-22 0.00110369
-6.1046e-22 0.00107274
-6.10433e-22 0.00104347
-6.10407e-22 0.00101576
-6.10382e-22 0.000989484
-6.10359e-22 0.000964533
-6.10336e-22 0.000940809
-6.10315e-22 0.000918224
-6.10295e-22 0.000896699
-6.10276e-22 0.000876159
-6.10257e-22 0.00085654
-6.1024e-22 0.00083778
-6.10223e-22 0.000819824
-6.10207e-22 0.000802622
-6.10191e-22 0.000786127
-6.10176e-22 0.000770296
-6.10162e-22 0.000755091
-6.10148e-22 0.000740474
-6.10135e-22 0.000726412
-6.10122e-22 0.000712875
-6.1011e-22 0.000699832
-6.10098e-22 0.000687259
-6.10087e-22 0.000675129
-6.10076e-22 0.00066342
-6.10065e-22 0.000652111
-6.10055e-22 0.00064118
-6.10045e-22 0.00063061
-6.10035e-22 0.000620383
-6.10026e-22 0.000610482
-6.10017e-22 0.000600892
-6.10008e-22 0.000591599
-6.1e-22 0.000582589
-6.09991e-22 0.00057385
-6.09983e-22 0.000565368
-6.09976e-22 0.000557134
-6.09968e-22 0.000549136
-6.09961e-22 0.000541365
-6.09954e-22 0.00053381
-6.09947e-22 0.000526463
-6.0994e-22 0.000519316
-6.09933e-22 0.000512361
-6.09927e-22 0.000505589
-6.09921e-22 0.000498994
-6.09915e-22 0.000492568
-6.09909e-22 0.000486306
-6.09903e-22 0.000480202
-6.09897e-22 0.000474248
-6.09892e-22 0.000468441
-6.09887e-22 0.000462774
-6.09881e-22 0.000457242
-6.09876e-22 0.000451842
-6.09871e-22 0.000446567
-6.09866e-22 0.000441414
-6.09862e-22 0.000436378
-6.09857e-22 0.000431457
-6.09852e-22 0.000426645
-6.09848e-22 0.000421939
-6.09844e-22 0.000417335
-6.09839e-22 0.000412832
-6.09835e-22 0.000408424
-6.09831e-22 0.000404109
-6.09827e-22 0.000399885
-6.09823e-22 0.000395748
-6.09819e-22 0.000391696
-6.09816e-22 0.000387726
-6.09812e-22 0.000383835
