1 5.09942e-21 5.09942e-21 0
2 5.13571e-21 5.11754e-21 1.81304e-23
3 5.00472e-21 5.07993e-21 3.90468e-23
4 4.84087e-21 5.02017e-21 6.5837e-23
5 5.08346e-21 5.03285e-21 5.25444e-23
6 4.83989e-21 5.00069e-21 5.36163e-23
7 4.91078e-21 4.98782e-21 4.70984e-23
8 4.94571e-21 4.98256e-21 4.11268e-23
9 5.13688e-21 4.9997e-21 4.01189e-23
10 4.82637e-21 4.98238e-21 3.98513e-23
1 5.03285e-21 5.03285e-21 0
2 4.93191e-21 4.98238e-21 5.04519e-23
3 5.035e-21 4.99993e-21 3.40042e-23
4 5.00533e-21 5.00125e-21 2.40825e-23
5 4.93275e-21 4.98759e-21 2.31461e-23
6 4.91458e-21 4.97538e-21 2.24772e-23
7 4.96782e-21 4.9743e-21 1.90274e-23
8 4.9959e-21 4.97702e-21 1.66975e-23
9 5.00392e-21 4.98003e-21 1.50262e-23
10 4.83073e-21 4.9651e-21 2.00875e-23
