1 -7.98377e-22 -7.98377e-22 0
2 -8.30034e-22 -8.14207e-22 1.58292e-23
3 -8.24081e-22 -8.17499e-22 9.71385e-24
4 -8.34922e-22 -8.21853e-22 8.13355e-24
5 -8.10079e-22 -8.19498e-22 6.72593e-24
6 -8.69224e-22 -8.27788e-22 9.94202e-24
7 -8.83448e-22 -8.35737e-22 1.15684e-23
8 -8.09746e-22 -8.32488e-22 1.05322e-23
9 -8.3691e-22 -8.3298e-22 9.3015e-24
10 -8.74565e-22 -8.37139e-22 9.30089e-24
1 -8.19498e-22 -8.19498e-22 0
2 -8.54778e-22 -8.37139e-22 1.76398e-23
3 -9.27537e-22 -8.67272e-22 3.18077e-23
4 -8.31413e-22 -8.58308e-22 2.42124e-23
5 -9.42939e-22 -8.75233e-22 2.52637e-23
6 -8.92867e-22 -8.78172e-22 2.0836e-23
7 -8.19229e-22 -8.69751e-22 1.95194e-23
8 -9.13411e-22 -8.75208e-22 1.77633e-23
9 -9.51815e-22 -8.83722e-22 1.78288e-23
10 -1.03535e-21 -8.98883e-22 2.20048e-23
