0.0235264 0 0
0.0470528 0 0
0.0705792 0 0
0.0941056 0 0
0.117632 0 0
0.141158 0 0
0.164685 0 0
0.188211 0 0
0.211738 0 0
0.235264 0 0
0.258791 0 0
0.282317 0 0
0.305844 0 0
0.32937 0 0
0.352897 0.0583612 0.00810712
0.376423 0.331783 0.0258341
0.399949 0.578243 0.0362184
0.423474 0.646733 0.0416547
0.447003 0.565612 0.0255871
0.470528 0.523887 0.0171554
0.494054 0.493828 0.0212476
0.517583 0.440396 0.023573
0.541108 0.395231 0.0241809
0.564633 0.378389 0.0210921
0.588162 0.367443 0.0200533
0.611687 0.362133 0.0198297
0.635213 0.348992 0.0196771
0.658742 0.347776 0.0137392
0.682267 0.373588 0.0196331
0.705792 0.360811 0.0127889
0.729318 0.343833 0.0153629
0.752847 0.376452 0.015269
0.776372 0.381363 0.0178551
0.799897 0.366519 0.013272
0.823426 0.376241 0.0132001
0.846952 0.340519 0.0112174
0.870477 0.325313 0.0149652
0.894006 0.326487 0.0127473
0.917531 0.320327 0.0107623
0.941056 0.337793 0.0135181
0.964582 0.338367 0.015226
0.988111 0.347027 0.0099317
1.01164 0.355025 0.0123203
1.03516 0.364189 0.00884516
1.05869 0.3573 0.00794488
1.08222 0.363965 0.00791776
1.10574 0.347605 0.0117887
1.12927 0.354364 0.0130211
1.1528 0.344554 0.0106712
1.17632 0.359882 0.00572834
1.19985 0.353068 0.0108156
1.22337 0.360173 0.00943266
1.2469 0.360037 0.00925091
1.27043 0.363132 0.00983291
1.29395 0.371229 0.0050299
1.31748 0.361491 0.0099546
1.34101 0.368364 0.00899116
1.36453 0.363239 0.00457413
1.38806 0.361951 0.00968306
1.41158 0.358954 0.00915675
1.43511 0.364994 0.00860918
1.45864 0.364513 0.00902309
1.48216 0.364673 0.00781726
1.50569 0.37156 0.00777879
1.52922 0.351643 0.00737184
1.55274 0.343591 0.0054699
1.57627 0.365911 0.00627267
1.5998 0.351824 0.00967563
1.62332 0.351759 0.00812288
1.64685 0.351972 0.00836832
1.67038 0.346866 0.00626637
1.6939 0.350993 0.00568091
1.71743 0.343501 0.00478285
1.74096 0.35183 0.00659874
1.76448 0.356862 0.00624908
1.78801 0.357736 0.00671984
1.81153 0.364197 0.00720793
1.83506 0.360238 0.00628861
1.85859 0.360097 0.00800305
1.88211 0.363788 0.00305012
1.90564 0.35284 0.00524116
1.92917 0.371164 0.0115032
1.95269 0.364298 0.00650792
1.97622 0.361753 0.00586444
1.99975 0.353362 0.00470463
2.02327 0.358149 0.0057647
2.0468 0.362403 0.00492255
2.07033 0.361184 0.00357271
2.09385 0.357255 0.00667845
2.11738 0.350917 0.00525376
2.14091 0.346592 0.00527203
2.16443 0.345385 0.00387904
2.18796 0.342068 0.00524499
2.21149 0.345505 0.00580358
2.23501 0.355433 0.00669618
2.25854 0.346735 0.00612332
2.28206 0.34501 0.0043633
2.30559 0.35377 0.00546313
2.32912 0.359943 0.00770199
2.35264 0.353162 0.00530774
