1 4.19427e-19 4.19427e-19 0
2 4.20493e-19 4.1996e-19 5.33116e-22
3 4.21159e-19 4.2036e-19 5.04317e-22
4 4.23717e-19 4.21199e-19 9.11936e-22
5 4.21498e-19 4.21259e-19 7.08902e-22
6 4.21765e-19 4.21343e-19 5.84973e-22
7 4.20805e-19 4.21267e-19 5.00334e-22
8 4.21719e-19 4.21323e-19 4.36991e-22
9 4.21331e-19 4.21324e-19 3.85391e-22
10 4.21287e-19 4.21321e-19 3.44724e-22
1 4.21259e-19 4.21259e-19 0
2 4.21382e-19 4.21321e-19 6.16115e-23
3 4.22242e-19 4.21626e-19 3.08719e-22
4 4.21925e-19 4.21702e-19 2.30597e-22
5 4.22566e-19 4.21875e-19 2.48643e-22
6 4.21439e-19 4.21803e-19 2.15592e-22
7 4.21765e-19 4.21795e-19 1.82289e-22
8 4.21879e-19 4.21807e-19 1.58202e-22
9 4.22183e-19 4.2185e-19 1.45574e-22
10 4.21626e-19 4.21824e-19 1.3207e-22
