1 -1.11264e-20 -1.11264e-20 0
2 -1.11203e-20 -1.11233e-20 3.04648e-24
3 -1.11235e-20 -1.11234e-20 1.75973e-24
4 -1.11132e-20 -1.11208e-20 2.84499e-24
5 -1.11187e-20 -1.11204e-20 2.24498e-24
6 -1.11148e-20 -1.11195e-20 2.05719e-24
7 -1.11177e-20 -1.11192e-20 1.75781e-24
8 -1.11081e-20 -1.11178e-20 2.06521e-24
9 -1.11154e-20 -1.11175e-20 1.84032e-24
10 -1.1115e-20 -1.11173e-20 1.66501e-24
1 -1.11204e-20 -1.11204e-20 0
2 -1.11142e-20 -1.11173e-20 3.10263e-24
3 -1.11142e-20 -1.11163e-20 2.06058e-24
4 -1.11146e-20 -1.11159e-20 1.5174e-24
5 -1.11078e-20 -1.11142e-20 1.9939e-24
6 -1.11159e-20 -1.11145e-20 1.65185e-24
7 -1.11176e-20 -1.1115e-20 1.46505e-24
8 -1.11173e-20 -1.11153e-20 1.3005e-24
9 -1.11094e-20 -1.11146e-20 1.32034e-24
10 -1.11159e-20 -1.11147e-20 1.18762e-24
