0.00784258 0 0
0.0156852 0 0
0.0235278 0 0
0.0313703 0 0
0.0392129 0 0
0.0470557 0 0
0.0548981 0 0
0.0627405 0 0
0.0705833 0 0
0.0784258 0 0
0.0862685 0 0
0.094111 0 0
0.101954 0 0
0.109796 0 0
0.117639 0 0
0.125481 0 0
0.133324 0 0
0.141167 0 0
0.149009 0 0
0.156852 0 0
0.164694 0 0
0.172537 0 0
0.18038 0 0
0.188222 0 0
0.196065 0 0
0.203907 0 0
0.21175 0 0
0.219592 0 0
0.227435 0 0
0.235278 0 0
0.24312 0 0
0.250963 0 0
0.258805 0 0
0.266648 0 0
0.274491 0 0
0.282333 0 0
0.290176 0 0
0.298018 0 0
0.305861 2.37862e-05 2.37862e-05
0.313703 0.00108605 0.000351818
0.321546 0.0144162 0.00121579
0.329389 0.089132 0.00200026
0.337231 0.308257 0.00342227
0.345073 0.711368 0.00962985
0.352917 1.18772 0.00734264
0.36076 1.51196 0.0103849
0.368601 1.60238 0.0130484
0.376445 1.48966 0.0120334
0.384288 1.21081 0.00926279
0.392129 0.879349 0.00361899
0.399973 0.589948 0.00522893
0.407813 0.363909 0.00571829
0.415657 0.212339 0.00503435
0.423501 0.110643 0.00321204
0.431341 0.0554486 0.00292575
0.439185 0.0262052 0.00133778
0.447029 0.0142897 0.00102431
0.454869 0.0125691 0.00110671
0.462713 0.0189538 0.001212
0.470557 0.0350931 0.00203711
0.478397 0.0624862 0.00122496
0.486241 0.102013 0.00183578
0.494085 0.152872 0.00247706
0.501925 0.207895 0.00288317
0.509769 0.263725 0.0034356
0.517609 0.304865 0.00318573
0.525453 0.321476 0.00444689
0.533297 0.300737 0.00403345
0.541137 0.257992 0.0024767
0.548981 0.20914 0.00249934
0.556825 0.159991 0.00254968
0.564665 0.10688 0.00237994
0.572509 0.0729667 0.00174983
0.580353 0.0592457 0.00201172
0.588193 0.0775968 0.00184424
0.596037 0.137547 0.00324205
0.603881 0.245475 0.00324757
0.611721 0.393842 0.00258065
0.619565 0.576004 0.00466048
0.627405 0.744168 0.0037877
0.635249 0.869601 0.0058122
0.643093 0.917289 0.00762814
0.650933 0.855532 0.0074034
0.658777 0.718434 0.00281261
0.666621 0.566022 0.00437573
0.674461 0.401329 0.00400323
0.682305 0.262314 0.00342336
0.690149 0.176584 0.00241856
0.697989 0.139018 0.00216744
0.705833 0.150368 0.00166686
0.713677 0.193357 0.00087449
0.721517 0.252126 0.00232044
0.729361 0.303327 0.00243585
0.737202 0.337275 0.00244217
0.745045 0.337313 0.00317253
0.752889 0.309845 0.00261106
0.76073 0.26416 0.00216506
0.768573 0.21665 0.00186994
0.776417 0.189756 0.00229436
0.784258 0.189644 0.00250273
