1.89278e-21 1.65678e-21
1.89944e-21 0.0040209
1.90237e-21 0.00291743
1.90149e-21 0.00212959
1.90195e-21 0.00167273
1.90168e-21 0.00137526
1.90184e-21 0.00116619
1.90101e-21 0.00112823
1.90069e-21 0.00101391
1.90093e-21 0.000919039
1.91183e-21 0.00662898
1.92091e-21 0.0081643
1.92859e-21 0.00882646
1.93518e-21 0.00908718
1.94088e-21 0.00913422
1.94588e-21 0.00906039
1.95029e-21 0.00891666
1.9542e-21 0.00873281
1.95771e-21 0.00852695
1.96086e-21 0.00831038
1.96371e-21 0.00809023
1.96631e-21 0.00787106
1.96868e-21 0.00765574
1.97085e-21 0.00744606
1.97285e-21 0.00724307
1.97469e-21 0.00704735
1.9764e-21 0.00685918
1.97798e-21 0.00667858
1.97946e-21 0.00650546
1.98084e-21 0.00633964
1.98213e-21 0.00618088
1.98333e-21 0.00602888
1.98447e-21 0.00588335
1.98554e-21 0.00574399
1.98654e-21 0.00561049
1.9875e-21 0.00548257
1.9884e-21 0.00535992
1.98925e-21 0.00524227
1.99006e-21 0.00512937
1.99082e-21 0.00502095
1.99156e-21 0.00491679
1.99225e-21 0.00481665
1.99292e-21 0.00472033
1.99355e-21 0.00462762
1.99415e-21 0.00453835
1.99473e-21 0.00445233
1.99529e-21 0.0043694
1.99582e-21 0.00428941
1.99633e-21 0.0042122
1.99682e-21 0.00413765
1.99729e-21 0.00406562
1.99774e-21 0.00399599
1.99817e-21 0.00392864
1.99859e-21 0.00386348
1.999e-21 0.0038004
1.99939e-21 0.0037393
1.99976e-21 0.0036801
2.00012e-21 0.00362271
2.00047e-21 0.00356705
2.00081e-21 0.00351304
2.00114e-21 0.00346062
2.00146e-21 0.00340972
2.00176e-21 0.00336027
2.00206e-21 0.00331221
2.00235e-21 0.00326549
2.00263e-21 0.00322005
2.0029e-21 0.00317584
2.00316e-21 0.00313281
2.00342e-21 0.00309093
2.00367e-21 0.00305013
2.00391e-21 0.00301038
2.00414e-21 0.00297165
2.00437e-21 0.00293389
2.00459e-21 0.00289707
2.00481e-21 0.00286115
2.00502e-21 0.0028261
2.00522e-21 0.0027919
2.00542e-21 0.0027585
2.00562e-21 0.00272589
2.00581e-21 0.00269403
2.00599e-21 0.00266291
2.00617e-21 0.00263249
2.00635e-21 0.00260275
2.00652e-21 0.00257367
2.00669e-21 0.00254523
2.00685e-21 0.0025174
2.00701e-21 0.00249018
2.00717e-21 0.00246353
2.00732e-21 0.00243744
2.00747e-21 0.0024119
2.00762e-21 0.00238688
2.00776e-21 0.00236238
2.0079e-21 0.00233837
2.00804e-21 0.00231484
2.00817e-21 0.00229177
2.0083e-21 0.00226916
2.00843e-21 0.00224699
2.00856e-21 0.00222525
2.00868e-21 0.00220392
2.0088e-21 0.00218299
