91.3956 0
91.7173 0.321658
91.8586 0.233385
91.8163 0.17036
91.8385 0.133813
91.8256 0.110017
91.8332 0.0932914
91.793 0.0902549
91.7774 0.0811099
91.7893 0.0735209
92.3155 0.53033
92.7539 0.653158
93.1249 0.706132
93.4429 0.72699
93.7185 0.730753
93.9597 0.724847
94.1725 0.713348
94.3616 0.69864
94.5308 0.682171
94.6831 0.664844
94.8209 0.647232
94.9462 0.629698
95.0606 0.612473
95.1654 0.595697
95.2619 0.579458
95.3509 0.5638
95.4334 0.548746
95.5099 0.534298
95.5812 0.520448
95.6477 0.507182
95.71 0.494481
95.7683 0.48232
95.8231 0.470678
95.8747 0.459529
95.9233 0.448849
95.9693 0.438615
96.0127 0.428803
96.0539 0.419391
96.0929 0.410358
96.13 0.401685
96.1653 0.393351
96.1989 0.38534
96.231 0.377634
96.2616 0.370218
96.2908 0.363076
96.3188 0.356194
96.3455 0.34956
96.3712 0.34316
96.3958 0.336983
96.4194 0.331019
96.4421 0.325256
96.4639 0.319686
96.4849 0.314298
96.5051 0.309085
96.5246 0.304039
96.5434 0.299151
96.5616 0.294414
96.5791 0.289823
96.596 0.28537
96.6123 0.281049
96.6281 0.276856
96.6434 0.272783
96.6583 0.268827
96.6726 0.264982
96.6865 0.261245
96.7 0.257609
96.7131 0.254073
96.7258 0.250631
96.7381 0.247279
96.7501 0.244016
96.7618 0.240836
96.7731 0.237737
96.7841 0.234716
96.7948 0.23177
96.8052 0.228897
96.8154 0.226093
96.8253 0.223357
96.8349 0.220685
96.8443 0.218076
96.8535 0.215527
96.8624 0.213037
96.8711 0.210604
96.8796 0.208224
96.8879 0.205898
96.896 0.203623
96.9039 0.201397
96.9117 0.199219
96.9192 0.197087
96.9266 0.195
96.9339 0.192956
96.9409 0.190955
96.9478 0.188994
96.9546 0.187073
96.9612 0.185191
96.9677 0.183346
96.974 0.181537
96.9803 0.179763
96.9864 0.178023
96.9923 0.176317
96.9982 0.174643
