-9.21456e-21 1.65678e-21
-9.21437e-21 0.0001151
-9.21441e-21 7.17036e-05
-9.2146e-21 0.000126452
-9.2148e-21 0.000154254
-9.21452e-21 0.000209361
-9.21467e-21 0.000198058
-9.21453e-21 0.000191931
-9.21472e-21 0.000207087
-9.21461e-21 0.000196951
-9.21522e-21 0.000408475
-9.21573e-21 0.00048257
-9.21616e-21 0.00051403
-9.21653e-21 0.000525202
-9.21685e-21 0.000525482
-9.21713e-21 0.000519613
-9.21737e-21 0.000510227
-9.21759e-21 0.000498865
-9.21779e-21 0.000486464
-9.21796e-21 0.000473608
-9.21812e-21 0.000460663
-9.21827e-21 0.000447859
-9.2184e-21 0.000435341
-9.21852e-21 0.000423195
-9.21863e-21 0.00041147
-9.21874e-21 0.000400192
-9.21883e-21 0.000389369
-9.21892e-21 0.000378998
-9.219e-21 0.00036907
-9.21908e-21 0.000359572
-9.21915e-21 0.000350486
-9.21922e-21 0.000341796
-9.21928e-21 0.000333482
-9.21934e-21 0.000325526
-9.2194e-21 0.00031791
-9.21945e-21 0.000310615
-9.2195e-21 0.000303624
-9.21955e-21 0.000296922
-9.2196e-21 0.000290493
-9.21964e-21 0.000284321
-9.21968e-21 0.000278394
-9.21972e-21 0.000272697
-9.21975e-21 0.000267219
-9.21979e-21 0.000261949
-9.21982e-21 0.000256875
-9.21986e-21 0.000251986
-9.21989e-21 0.000247275
-9.21992e-21 0.000242731
-9.21995e-21 0.000238347
-9.21997e-21 0.000234114
-9.22e-21 0.000230024
-9.22002e-21 0.000226072
-9.22005e-21 0.00022225
-9.22007e-21 0.000218553
-9.22009e-21 0.000214974
-9.22012e-21 0.000211508
-9.22014e-21 0.00020815
-9.22016e-21 0.000204895
-9.22018e-21 0.000201739
-9.2202e-21 0.000198676
-9.22021e-21 0.000195704
-9.22023e-21 0.000192819
-9.22025e-21 0.000190016
-9.22027e-21 0.000187292
-9.22028e-21 0.000184644
-9.2203e-21 0.000182069
-9.22031e-21 0.000179564
-9.22033e-21 0.000177126
-9.22034e-21 0.000174752
-9.22036e-21 0.000172441
-9.22037e-21 0.00017019
-9.22038e-21 0.000167996
-9.2204e-21 0.000165857
-9.22041e-21 0.000163771
-9.22042e-21 0.000161737
-9.22043e-21 0.000159752
-9.22044e-21 0.000157815
-9.22045e-21 0.000155924
-9.22046e-21 0.000154078
-9.22048e-21 0.000152274
-9.22049e-21 0.000150512
-9.2205e-21 0.000148789
-9.22051e-21 0.000147106
-9.22052e-21 0.00014546
-9.22052e-21 0.00014385
-9.22053e-21 0.000142275
-9.22054e-21 0.000140734
-9.22055e-21 0.000139226
-9.22056e-21 0.000137749
-9.22057e-21 0.000136303
-9.22058e-21 0.000134888
-9.22058e-21 0.000133501
-9.22059e-21 0.000132142
-9.2206e-21 0.000130811
-9.22061e-21 0.000129505
-9.22061e-21 0.000128226
-9.22062e-21 0.000126971
-9.22063e-21 0.000125741
-9.22064e-21 0.000124534
-9.22064e-21 0.00012335
