-1.11073e-20 1.65678e-21
-1.11138e-20 0.00390535
-1.11168e-20 0.00288114
-1.11161e-20 0.00207865
-1.11168e-20 0.00165822
-1.11162e-20 0.00139322
-1.11165e-20 0.00119178
-1.11155e-20 0.00118832
-1.11154e-20 0.00105073
-1.11155e-20 0.000943385
-1.11271e-20 0.00699648
-1.11366e-20 0.00861859
-1.11448e-20 0.00931821
-1.11517e-20 0.00959376
-1.11577e-20 0.00964362
-1.1163e-20 0.0095658
-1.11677e-20 0.00941414
-1.11718e-20 0.0092201
-1.11755e-20 0.0090028
-1.11788e-20 0.00877418
-1.11818e-20 0.00854177
-1.11846e-20 0.0083104
-1.11871e-20 0.00808308
-1.11894e-20 0.00786171
-1.11915e-20 0.0076474
-1.11934e-20 0.00744078
-1.11952e-20 0.0072421
-1.11969e-20 0.00705143
-1.11985e-20 0.00686866
-1.11999e-20 0.00669359
-1.12013e-20 0.00652596
-1.12026e-20 0.00636548
-1.12038e-20 0.00621184
-1.12049e-20 0.0060647
-1.12059e-20 0.00592376
-1.12069e-20 0.00578869
-1.12079e-20 0.0056592
-1.12088e-20 0.00553499
-1.12097e-20 0.00541578
-1.12105e-20 0.00530131
-1.12112e-20 0.00519133
-1.1212e-20 0.0050856
-1.12127e-20 0.0049839
-1.12133e-20 0.00488603
-1.1214e-20 0.00479177
-1.12146e-20 0.00470095
-1.12152e-20 0.00461339
-1.12157e-20 0.00452893
-1.12163e-20 0.00444741
-1.12168e-20 0.0043687
-1.12173e-20 0.00429264
-1.12178e-20 0.00421913
-1.12182e-20 0.00414803
-1.12187e-20 0.00407923
-1.12191e-20 0.00401262
-1.12195e-20 0.00394812
-1.12199e-20 0.00388561
-1.12203e-20 0.00382501
-1.12207e-20 0.00376624
-1.1221e-20 0.00370922
-1.12214e-20 0.00365387
-1.12217e-20 0.00360013
-1.1222e-20 0.00354792
-1.12223e-20 0.00349718
-1.12226e-20 0.00344785
-1.12229e-20 0.00339987
-1.12232e-20 0.00335319
-1.12235e-20 0.00330776
-1.12238e-20 0.00326354
-1.1224e-20 0.00322046
-1.12243e-20 0.0031785
-1.12245e-20 0.0031376
-1.12248e-20 0.00309773
-1.1225e-20 0.00305886
-1.12252e-20 0.00302093
-1.12254e-20 0.00298393
-1.12257e-20 0.00294781
-1.12259e-20 0.00291255
-1.12261e-20 0.00287812
-1.12263e-20 0.00284448
-1.12265e-20 0.00281162
-1.12267e-20 0.0027795
-1.12269e-20 0.0027481
-1.1227e-20 0.0027174
-1.12272e-20 0.00268737
-1.12274e-20 0.00265799
-1.12276e-20 0.00262925
-1.12277e-20 0.00260111
-1.12279e-20 0.00257357
-1.1228e-20 0.0025466
-1.12282e-20 0.00252018
-1.12283e-20 0.00249431
-1.12285e-20 0.00246896
-1.12286e-20 0.00244411
-1.12288e-20 0.00241976
-1.12289e-20 0.00239589
-1.12291e-20 0.00237248
-1.12292e-20 0.00234952
-1.12293e-20 0.002327
-1.12294e-20 0.0023049
