1 -1.5206e-20 -1.5206e-20 0
2 -1.51977e-20 -1.52019e-20 4.16353e-24
3 -1.52021e-20 -1.5202e-20 2.40496e-24
4 -1.5188e-20 -1.51985e-20 3.88815e-24
5 -1.51955e-20 -1.51979e-20 3.06815e-24
6 -1.51902e-20 -1.51966e-20 2.81149e-24
7 -1.51941e-20 -1.51962e-20 2.40234e-24
8 -1.5181e-20 -1.51943e-20 2.82245e-24
9 -1.51911e-20 -1.5194e-20 2.5151e-24
10 -1.51906e-20 -1.51936e-20 2.27552e-24
1 -1.51979e-20 -1.51979e-20 0
2 -1.51894e-20 -1.51936e-20 4.24026e-24
3 -1.51895e-20 -1.51923e-20 2.81613e-24
4 -1.51899e-20 -1.51917e-20 2.07378e-24
5 -1.51807e-20 -1.51895e-20 2.725e-24
6 -1.51918e-20 -1.51899e-20 2.25753e-24
7 -1.51941e-20 -1.51905e-20 2.00223e-24
8 -1.51936e-20 -1.51909e-20 1.77736e-24
9 -1.51828e-20 -1.51899e-20 1.80446e-24
10 -1.51917e-20 -1.51901e-20 1.62308e-24
