0.00839617 0 0
0.0167924 0 0
0.0251885 0 0
0.0335847 0 0
0.0419808 0 0
0.0503772 0 0
0.0587733 0 0
0.0671693 0 0
0.0755657 0 0
0.0839617 0 0
0.0923581 0 0
0.100754 0 0
0.10915 0 0
0.117547 0 0
0.125943 0 0
0.134339 0 0
0.142735 0 0
0.151131 0 0
0.159527 0 0
0.167924 0 0
0.17632 0 0
0.184716 0 0
0.193112 0 0
0.201508 0 0
0.209905 0 0
0.218301 0 0
0.226697 0 0
0.235093 0 0
0.243489 0 0
0.251885 0 0
0.260281 0 0
0.268678 0 0
0.277074 0 0
0.28547 0 0
0.293866 0 0
0.302262 0 0
0.310659 0 0
0.319055 0 0
0.327451 2.54652e-05 2.54652e-05
0.335847 0.00116271 0.000376653
0.344244 0.0154338 0.00130161
0.35264 0.0954237 0.00214146
0.361036 0.330017 0.00366384
0.369431 0.761583 0.0103096
0.377828 1.27156 0.00786094
0.386226 1.61869 0.0111179
0.39462 1.71548 0.0139694
0.403017 1.59482 0.0128828
0.411415 1.29628 0.00991663
0.419808 0.94142 0.00387445
0.428206 0.631591 0.00559803
0.4366 0.389596 0.00612193
0.444997 0.227327 0.00538971
0.453395 0.118453 0.00343877
0.461789 0.0593626 0.00313227
0.470186 0.028055 0.00143221
0.478584 0.0152984 0.00109662
0.486977 0.0134563 0.00118483
0.495375 0.0202917 0.00129755
0.503772 0.0375703 0.0021809
0.512166 0.066897 0.00131143
0.520564 0.109214 0.00196537
0.528961 0.163663 0.00265191
0.537355 0.22257 0.00308669
0.545752 0.282341 0.00367811
0.554146 0.326385 0.00341061
0.562544 0.344169 0.00476079
0.570941 0.321966 0.00431817
0.579335 0.276203 0.00265152
0.587733 0.223903 0.00267576
0.59613 0.171284 0.00272965
0.604524 0.114425 0.00254793
0.612921 0.0781173 0.00187335
0.621319 0.0634277 0.00215373
0.629713 0.0830743 0.00197442
0.63811 0.147257 0.0034709
0.646508 0.262803 0.00347681
0.654902 0.421643 0.00276281
0.663299 0.616663 0.00498946
0.671693 0.796698 0.00405507
0.68009 0.930985 0.00622247
0.688488 0.982039 0.00816659
0.696882 0.915922 0.00792599
0.705279 0.769147 0.00301115
0.713677 0.605976 0.00468461
0.72207 0.429658 0.00428581
0.730468 0.280831 0.00366501
0.738865 0.189049 0.00258928
0.747259 0.148831 0.00232043
0.755657 0.160982 0.00178452
0.764054 0.207006 0.000936219
0.772448 0.269923 0.00248424
0.780846 0.324738 0.00260779
0.789239 0.361082 0.00261455
0.797637 0.361123 0.00339648
0.806034 0.331716 0.00279537
0.814428 0.282807 0.00231788
0.822826 0.231943 0.00200193
0.831223 0.203151 0.00245631
0.839617 0.203031 0.00267939
