1 4.67145e-19 4.67145e-19 0
2 4.68333e-19 4.67739e-19 5.93769e-22
3 4.69074e-19 4.68184e-19 5.61693e-22
4 4.71923e-19 4.69119e-19 1.01569e-21
5 4.69451e-19 4.69185e-19 7.89554e-22
6 4.69749e-19 4.69279e-19 6.51525e-22
7 4.6868e-19 4.69194e-19 5.57257e-22
8 4.69697e-19 4.69257e-19 4.86707e-22
9 4.69266e-19 4.69258e-19 4.29237e-22
10 4.69217e-19 4.69254e-19 3.83943e-22
1 4.69185e-19 4.69185e-19 0
2 4.69322e-19 4.69254e-19 6.8621e-23
3 4.7028e-19 4.69594e-19 3.43842e-22
4 4.69928e-19 4.69679e-19 2.56831e-22
5 4.70641e-19 4.69871e-19 2.76931e-22
6 4.69386e-19 4.69791e-19 2.4012e-22
7 4.69749e-19 4.69782e-19 2.03028e-22
8 4.69876e-19 4.69796e-19 1.76201e-22
9 4.70214e-19 4.69843e-19 1.62136e-22
10 4.69594e-19 4.69815e-19 1.47096e-22
