-4.94104 0
-5.00009 0.0590457
-4.99304 0.0348119
-4.99876 0.0252708
-4.99302 0.0203983
-4.9803 0.0209578
-4.97689 0.0180377
-4.9936 0.0228759
-4.98695 0.0212429
-4.98125 0.019835
-4.99141 0.0206154
-5.01038 0.0267201
-5.00878 0.0246305
-5.01516 0.0236776
-5.02061 0.0227074
-5.02133 0.0212531
-5.02463 0.0202345
-5.02555 0.0190993
-5.02405 0.0181283
-5.02214 0.0173032
-5.0227 0.0164679
-5.02245 0.0157034
-5.02057 0.0151235
-5.01922 0.0145423
-5.0191 0.013949
-5.01926 0.0134027
-5.02261 0.0133233
-5.02271 0.0128391
-5.01966 0.01276
-5.01814 0.0124207
-5.02142 0.0124543
-5.0232 0.0121897
-5.02398 0.0118398
-5.02422 0.0114888
-5.02386 0.0111615
-5.02376 0.0108475
-5.02445 0.0105733
-5.02306 0.0103849
-5.02287 0.010117
-5.02212 0.00988957
-5.02396 0.00981965
-5.02586 0.00976931
-5.0245 0.00963536
-5.02486 0.0094206
-5.02579 0.0092563
-5.02574 0.00905297
-5.02607 0.00886419
-5.02512 0.00872963
-5.02546 0.00855641
-5.02603 0.00840304
-5.02559 0.00824823
-5.02462 0.00814617
-5.02317 0.00812168
-5.02313 0.00796994
-5.02298 0.0078252
-5.02069 0.00801736
-5.01888 0.0080811
-5.01798 0.00799107
-5.01652 0.00799012
-5.01587 0.00788214
-5.01447 0.00787789
-5.01475 0.00775478
-5.01474 0.0076307
-5.01396 0.00755168
-5.0139 0.00743484
-5.01511 0.00742181
-5.01357 0.00747168
-5.0133 0.00736596
-5.01326 0.00725854
-5.01378 0.00717331
-5.01464 0.00712399
-5.01379 0.00707577
-5.01465 0.00703026
-5.01457 0.00693499
-5.01401 0.00686482
-5.01437 0.0067832
-5.01253 0.00694299
-5.01056 0.00713008
-5.00966 0.00709653
-5.00847 0.00710803
-5.0084 0.00702005
-5.00789 0.00695264
-5.00841 0.00688802
-5.0086 0.00680811
-5.00893 0.00673584
-5.00916 0.00666102
-5.00801 0.00668434
-5.00808 0.00660832
-5.00963 0.00671446
-5.00866 0.00670916
-5.00834 0.00664292
-5.00739 0.00663837
-5.00775 0.00657629
-5.00774 0.00650596
-5.00742 0.00644509
-5.00733 0.00637814
-5.00746 0.00631335
-5.00762 0.00625065
-5.00756 0.00618745
-5.00733 0.00612986
