1.07503 0
1.10111 0.0260823
1.09849 0.0152841
1.10106 0.0111071
1.10357 0.00896219
1.09691 0.00989204
1.09553 0.00847307
1.09211 0.00809482
1.09229 0.00714108
1.09137 0.00645322
1.09392 0.00637101
1.09605 0.00619279
1.09785 0.0059742
1.09939 0.00574222
1.10073 0.00551043
1.1019 0.00528567
1.10293 0.00507123
1.10385 0.00486848
1.10467 0.00467775
1.10541 0.00449881
1.10608 0.00433114
1.10669 0.00417408
1.10724 0.0040269
1.10775 0.00388888
1.10822 0.00375933
1.10865 0.00363759
1.10905 0.00352306
1.10942 0.00341517
1.10977 0.0033134
1.11009 0.00321728
1.11039 0.00312638
1.11067 0.00304031
1.11094 0.00295872
1.11119 0.00288127
1.11143 0.00280767
1.11165 0.00273765
1.11186 0.00267097
1.11206 0.00260739
1.11225 0.00254671
1.11243 0.00248875
1.1126 0.00243332
1.11276 0.00238027
1.11292 0.00232945
1.11307 0.00228073
1.11321 0.00223398
1.11335 0.00218908
1.11348 0.00214593
1.1136 0.00210443
1.11372 0.00206449
1.11383 0.00202603
1.11394 0.00198895
1.11405 0.0019532
1.11415 0.0019187
1.11425 0.00188539
1.11434 0.00185321
1.11444 0.0018221
1.11452 0.00179201
1.11461 0.00176289
1.11469 0.00173469
1.11477 0.00170738
1.11485 0.00168091
1.11492 0.00165524
1.11499 0.00163034
1.11506 0.00160617
1.11513 0.00158271
1.1152 0.00155992
1.11526 0.00153777
1.11532 0.00151624
1.11538 0.00149531
1.11544 0.00147494
1.11549 0.00145511
1.11555 0.00143581
1.1156 0.00141701
1.11566 0.0013987
1.11571 0.00138085
1.11576 0.00136345
1.1158 0.00134648
1.11585 0.00132993
1.1159 0.00131378
1.11594 0.00129801
1.11598 0.00128262
1.11603 0.00126759
1.11607 0.0012529
1.11611 0.00123855
1.11615 0.00122453
1.11618 0.00121081
1.11622 0.0011974
1.11626 0.00118429
1.11629 0.00117145
1.11633 0.00115889
1.11636 0.0011466
1.1164 0.00113456
1.11643 0.00112278
1.11646 0.00111123
1.11649 0.00109992
1.11652 0.00108884
1.11655 0.00107798
1.11658 0.00106733
1.11661 0.00105689
1.11664 0.00104666
