1.57032 0
1.62925 0.0589243
1.62379 0.0344553
1.63079 0.0253492
1.625 0.0204688
1.61249 0.0208763
1.60858 0.018072
1.625 0.0226818
1.61827 0.0211044
1.61254 0.0197276
1.62237 0.020371
1.64113 0.0264162
1.63944 0.0243582
1.64558 0.0233724
1.65076 0.0223668
1.65124 0.0209279
1.65435 0.019903
1.65518 0.0187827
1.65355 0.0178404
1.65166 0.0170301
1.65214 0.0162058
1.65182 0.0154549
1.64998 0.0148817
1.64871 0.0143044
1.64855 0.0137213
1.6487 0.0131838
1.65215 0.0131484
1.65231 0.0126711
1.64928 0.0125955
1.64774 0.0122651
1.65105 0.0123168
1.65283 0.0120577
1.65355 0.0117086
1.65377 0.0113612
1.65337 0.0110391
1.65319 0.0107296
1.65386 0.0104571
1.6525 0.0102688
1.65235 0.0100032
1.65158 0.00977998
1.65341 0.00971225
1.65525 0.00965528
1.65388 0.0095273
1.65425 0.0093156
1.6552 0.00915568
1.65518 0.00895447
1.6555 0.00876779
1.6545 0.00864102
1.6548 0.00846809
1.65535 0.00831533
1.65494 0.00816108
1.65402 0.00805505
1.65263 0.00802307
1.65258 0.00787324
1.65242 0.00773054
1.65015 0.00792115
1.64837 0.00798318
1.64745 0.00789765
1.64597 0.00790201
1.64537 0.00779294
1.64402 0.00778117
1.64433 0.00766094
1.64434 0.00753837
1.64357 0.00746013
1.64352 0.00734458
1.64472 0.00732984
1.64313 0.00739195
1.64285 0.00728792
1.64277 0.00718195
1.6433 0.00709855
1.64415 0.00704977
1.64329 0.00700422
1.64415 0.00696094
1.64415 0.00686623
1.64361 0.00679561
1.64396 0.0067148
1.64213 0.00687313
1.64018 0.00706055
1.63932 0.00702352
1.63817 0.0070292
1.63812 0.00694205
1.63762 0.00687504
1.63812 0.00680996
1.63829 0.0067305
1.63859 0.00665752
1.63882 0.00658357
1.63769 0.00660458
1.63778 0.0065297
1.63937 0.00664965
1.63843 0.00664161
1.63814 0.00657483
1.63718 0.00657279
1.63752 0.00651059
1.63751 0.00644097
1.63717 0.00638181
1.63704 0.00631625
1.63715 0.00625179
1.63735 0.00619067
1.6373 0.006128
1.63705 0.00607148
