3.11558 0
2.89872 0.216854
2.92588 0.128113
2.88669 0.0987043
2.87576 0.0772335
2.96603 0.110116
3.01766 0.106424
2.95133 0.113549
2.98091 0.104419
2.99776 0.0949024
2.93429 0.10676
2.84619 0.131379
2.85429 0.121123
2.81648 0.118339
2.78663 0.11414
2.79184 0.106896
2.78605 0.100578
2.78918 0.0948774
2.80271 0.0907603
2.81338 0.0867613
2.81241 0.0825321
2.81216 0.0786917
2.82119 0.0757326
2.82853 0.0728791
2.82693 0.0699214
2.82587 0.0671867
2.80991 0.0665913
2.81056 0.0641723
2.82475 0.0635249
2.82685 0.0614067
2.80399 0.0636383
2.79404 0.0624165
2.78608 0.0610164
2.78264 0.059295
2.78102 0.0575986
2.77877 0.056021
2.77269 0.054824
2.78067 0.053955
2.78257 0.0525877
2.78468 0.0512998
2.77374 0.0512168
2.76267 0.0511923
2.7677 0.0502397
2.76501 0.0491579
2.75846 0.0484976
2.75706 0.0474522
2.75388 0.0465408
2.7579 0.0457379
2.75627 0.0448243
2.75408 0.043973
2.76028 0.0435445
2.76645 0.0431435
2.77153 0.0426251
2.76954 0.0418756
2.76918 0.0411087
2.7796 0.041689
2.78761 0.0417285
2.79191 0.0412277
2.79983 0.0412887
2.80408 0.0408163
2.81091 0.0407193
2.80839 0.0401367
2.80841 0.0394945
2.81207 0.0390446
2.81194 0.0384395
2.80561 0.0383783
2.81213 0.0383585
2.81267 0.037794
2.8121 0.0372466
2.80704 0.0370569
2.80129 0.0369811
2.80433 0.03659
2.80014 0.0363272
2.79862 0.0358654
2.80237 0.0355826
2.80352 0.0351299
2.81497 0.0365138
2.8254 0.0375203
2.83014 0.0373444
2.83482 0.0371703
2.83508 0.0367095
2.8367 0.036295
2.83453 0.0359207
2.83348 0.0355059
2.83104 0.0351706
2.82923 0.0348062
2.83535 0.034943
2.83587 0.0345476
2.82969 0.0347119
2.83369 0.0345563
2.83583 0.034241
2.84236 0.0344917
2.84243 0.0341189
2.84251 0.0337541
2.84441 0.0334507
2.84633 0.0331557
2.84559 0.0328204
2.8439 0.0325275
2.84294 0.0322115
2.84439 0.0319207
