-3.36871 0
-3.37048 0.00176415
-3.3704 0.00102177
-3.37053 0.000734995
-3.37068 0.000588242
-3.37051 0.000509829
-3.37048 0.000431612
-3.3703 0.000417496
-3.37023 0.000374163
-3.37028 0.000337722
-3.3705 0.00037939
-3.37069 0.000393825
-3.37085 0.00039548
-3.37098 0.000390579
-3.3711 0.00038223
-3.3712 0.000372116
-3.37129 0.00036119
-3.37138 0.000350006
-3.37145 0.000338889
-3.37151 0.000328028
-3.37157 0.000317532
-3.37163 0.000307458
-3.37167 0.000297829
-3.37172 0.000288653
-3.37176 0.000279922
-3.3718 0.000271622
-3.37183 0.000263735
-3.37187 0.000256241
-3.3719 0.000249119
-3.37193 0.000242347
-3.37195 0.000235905
-3.37198 0.000229772
-3.372 0.00022393
-3.37202 0.000218361
-3.37204 0.000213048
-3.37206 0.000207975
-3.37208 0.000203128
-3.3721 0.000198492
-3.37212 0.000194055
-3.37213 0.000189806
-3.37215 0.000185733
-3.37216 0.000181825
-3.37217 0.000178074
-3.37219 0.000174471
-3.3722 0.000171007
-3.37221 0.000167675
-3.37222 0.000164468
-3.37223 0.000161378
-3.37224 0.0001584
-3.37226 0.000155528
-3.37226 0.000152757
-3.37227 0.000150081
-3.37228 0.000147496
-3.37229 0.000144997
-3.3723 0.00014258
-3.37231 0.000140241
-3.37232 0.000137976
-3.37232 0.000135783
-3.37233 0.000133658
-3.37234 0.000131597
-3.37234 0.000129598
-3.37235 0.000127659
-3.37236 0.000125776
-3.37236 0.000123947
-3.37237 0.00012217
-3.37238 0.000120443
-3.37238 0.000118764
-3.37239 0.00011713
-3.37239 0.000115541
-3.3724 0.000113993
-3.3724 0.000112486
-3.37241 0.000111019
-3.37241 0.000109589
-3.37242 0.000108195
-3.37242 0.000106835
-3.37242 0.00010551
-3.37243 0.000104216
-3.37243 0.000102954
-3.37244 0.000101722
-3.37244 0.000100518
-3.37244 9.93431e-05
-3.37245 9.81948e-05
-3.37245 9.70726e-05
-3.37246 9.59757e-05
-3.37246 9.49032e-05
-3.37246 9.38543e-05
-3.37247 9.28281e-05
-3.37247 9.18241e-05
-3.37247 9.08415e-05
-3.37248 8.98796e-05
-3.37248 8.89378e-05
-3.37248 8.80154e-05
-3.37248 8.71119e-05
-3.37249 8.62267e-05
-3.37249 8.53592e-05
-3.37249 8.4509e-05
-3.37249 8.36754e-05
-3.3725 8.28581e-05
-3.3725 8.20565e-05
-3.3725 8.12703e-05
