1 -9.04337e-21 -9.04337e-21 0
2 -9.07923e-21 -9.0613e-21 1.79247e-23
3 -9.0539e-21 -9.05883e-21 1.06387e-23
4 -9.03668e-21 -9.0533e-21 9.3413e-24
5 -9.06314e-21 -9.05527e-21 7.49871e-24
6 -9.04613e-21 -9.05375e-21 6.30924e-24
7 -9.05211e-21 -9.05351e-21 5.33734e-24
8 -9.04222e-21 -9.05209e-21 4.83312e-24
9 -9.06172e-21 -9.05317e-21 4.39419e-24
10 -9.07823e-21 -9.05567e-21 4.66212e-24
11 -9.04854e-21 -9.05502e-21 4.26645e-24
12 -9.0635e-21 -9.05573e-21 3.95844e-24
13 -9.04492e-21 -9.05491e-21 3.73496e-24
14 -9.0788e-21 -9.05661e-21 3.85625e-24
15 -9.0692e-21 -9.05744e-21 3.68698e-24
16 -9.06309e-21 -9.05781e-21 3.46687e-24
17 -9.04528e-21 -9.05706e-21 3.33887e-24
18 -9.06399e-21 -9.05744e-21 3.17134e-24
19 -9.06831e-21 -9.05802e-21 3.05372e-24
20 -9.04641e-21 -9.05744e-21 2.95463e-24
