1 6.00645e-20 6.00645e-20 0
2 5.62632e-20 5.81639e-20 1.90055e-21
3 6.00333e-20 5.87869e-20 1.26188e-21
4 6.06505e-20 5.92527e-20 1.00658e-21
5 5.80475e-20 5.90116e-20 8.16123e-22
6 6.0199e-20 5.92097e-20 6.95123e-22
7 5.97964e-20 5.92936e-20 5.93437e-22
8 6.00367e-20 5.93863e-20 5.22262e-22
9 5.75771e-20 5.91852e-20 5.0256e-22
10 5.49961e-20 5.87662e-20 6.14446e-22
11 5.91237e-20 5.87987e-20 5.56735e-22
12 5.69069e-20 5.8641e-20 5.32122e-22
13 6.00409e-20 5.87489e-20 5.01186e-22
14 5.55133e-20 5.85179e-20 5.18375e-22
15 5.71585e-20 5.84273e-20 4.91014e-22
16 5.80551e-20 5.84037e-20 4.59888e-22
17 5.96009e-20 5.84745e-20 4.37691e-22
18 5.80425e-20 5.84505e-20 4.13356e-22
19 5.56275e-20 5.83017e-20 4.18268e-22
20 5.9329e-20 5.83531e-20 4.00113e-22
