0.00872086 0 0
0.0174418 0 0
0.0261626 0 0
0.0348837 0 0
0.0436043 0 0
0.0523253 0 0
0.061046 0 0
0.069767 0 0
0.078488 0 0
0.0872086 0 0
0.0959296 0 0
0.104651 0 0
0.113371 0 0
0.122092 0 0
0.130813 0 0
0.139534 0 0
0.148255 0 0
0.156976 0 0
0.165697 0 0
0.174418 0 0
0.183138 0 0
0.191859 0 0
0.20058 0 0
0.209301 0 0
0.218022 0 0
0.226743 0 0
0.235464 0 0
0.244185 0 0
0.252906 0 0
0.261626 0 0
0.270347 0 0
0.279068 0 0
0.287789 0 0
0.29651 4.67697e-06 1.74484e-06
0.305231 0.000426703 1.66005e-05
0.313952 0.00763382 0.000103836
0.322673 0.0529506 0.000256751
0.331393 0.181025 0.000615638
0.340116 0.386937 0.000713096
0.348837 0.601732 0.00100425
0.357558 0.756996 0.000684559
0.366275 0.828294 0.000562938
0.374996 0.827424 0.000667253
0.383717 0.782881 0.000829403
0.392438 0.714918 0.00062902
0.401159 0.642909 0.000569497
0.40988 0.571948 0.000659226
0.418601 0.50882 0.000571863
0.427322 0.454628 0.000668919
0.436043 0.407167 0.000519704
0.444764 0.368169 0.00039015
0.453485 0.334866 0.000351298
0.462206 0.308289 0.000341445
0.470927 0.285419 0.000367747
0.479648 0.267382 0.000414389
0.488369 0.253458 0.000348279
0.49709 0.241498 0.000277619
0.505811 0.233187 0.000279569
0.514532 0.226653 0.000340153
0.523253 0.222808 0.000278639
0.531974 0.221494 0.000384135
0.540695 0.221242 0.000389783
0.549416 0.222789 0.000402057
0.558137 0.226252 0.000430596
0.566858 0.231645 0.000325459
0.575579 0.238568 0.000340894
0.5843 0.247261 0.000341197
0.593021 0.257668 0.000335795
0.601742 0.269433 0.000312873
0.61046 0.281872 0.000353556
0.619181 0.295525 0.000338949
0.627902 0.308974 0.000302203
0.636623 0.323359 0.000302453
0.645344 0.336681 0.000337265
0.654065 0.350139 0.000310268
0.662786 0.36278 0.000390623
0.671507 0.374119 0.000349292
0.680228 0.384941 0.000405443
0.688949 0.393319 0.000325359
0.69767 0.399741 0.000310584
0.706391 0.402886 0.000313351
0.715112 0.403298 0.000296632
0.723833 0.401683 0.00026658
0.732554 0.397069 0.000361471
0.741275 0.390276 0.000313959
0.749996 0.382493 0.000355174
0.758717 0.373595 0.000327286
0.767438 0.363735 0.000312411
0.776159 0.354365 0.000339151
0.78488 0.345437 0.000347562
0.793601 0.336694 0.000275542
0.802322 0.328335 0.000357983
0.811043 0.32128 0.000299365
0.819764 0.314997 0.000274689
0.828485 0.309859 0.00031137
0.837206 0.305555 0.000282539
0.845927 0.302533 0.000257322
0.854644 0.297944 0.000227532
0.863365 0.295201 0.000254303
0.872086 0.29525 0.000276604
