0.00933645 0 0
0.0186729 0 0
0.0280094 0 0
0.037346 0 0
0.0466823 0 0
0.0560189 0 0
0.0653551 0 0
0.0746917 0 0
0.0840283 0 0
0.0933645 0 0
0.102701 0 0
0.112038 0 0
0.121374 0 0
0.130711 0 0
0.140047 0 0
0.149383 0 0
0.15872 0 0
0.168057 0 0
0.177393 0 0
0.186729 0 0
0.196066 0 0
0.205402 0 0
0.214739 0 0
0.224075 0 0
0.233412 0 0
0.242748 0 0
0.252085 0 0
0.261421 0 0
0.270758 0 0
0.280094 0 0
0.289431 0 0
0.298767 0 0
0.308103 0 0
0.31744 5.00711e-06 1.868e-06
0.326776 0.000456824 1.77723e-05
0.336113 0.00817267 0.000111165
0.345449 0.0566883 0.000274875
0.354786 0.193803 0.000659095
0.364124 0.41425 0.000763432
0.37346 0.644207 0.00107514
0.382797 0.810431 0.000732881
0.39213 0.886762 0.000602675
0.401467 0.88583 0.000714354
0.410803 0.838143 0.000887949
0.42014 0.765383 0.000673422
0.429476 0.688291 0.000609696
0.438813 0.612321 0.00070576
0.44815 0.544737 0.00061223
0.457486 0.486719 0.000716137
0.466823 0.435908 0.000556389
0.476159 0.394157 0.00041769
0.485496 0.358503 0.000376096
0.494833 0.330051 0.000365547
0.504169 0.305567 0.000393706
0.513506 0.286257 0.00044364
0.522842 0.271349 0.000372863
0.532179 0.258545 0.000297216
0.541516 0.249647 0.000299303
0.550852 0.242651 0.000364164
0.560189 0.238536 0.000298308
0.569525 0.237129 0.000411251
0.578862 0.236859 0.000417297
0.588199 0.238516 0.000430437
0.597535 0.242222 0.000460991
0.606872 0.247996 0.000348433
0.616208 0.255409 0.000364957
0.625545 0.264715 0.000365281
0.634882 0.275856 0.000359498
0.644218 0.288452 0.000334958
0.653551 0.301769 0.000378513
0.662888 0.316386 0.000362875
0.672224 0.330784 0.000323535
0.681561 0.346185 0.000323803
0.690897 0.360447 0.000361072
0.700234 0.374854 0.000332169
0.709571 0.388388 0.000418196
0.718907 0.400527 0.000373948
0.728244 0.412114 0.000434063
0.73758 0.421082 0.000348326
0.746917 0.427958 0.000332507
0.756254 0.431325 0.00033547
0.76559 0.431766 0.00031757
0.774927 0.430037 0.000285397
0.784263 0.425097 0.000386987
0.7936 0.417825 0.000336121
0.802937 0.409493 0.000380245
0.812273 0.399967 0.000350389
0.82161 0.389411 0.000334464
0.830946 0.379379 0.000363091
0.840283 0.36982 0.000372095
0.84962 0.36046 0.000294993
0.858956 0.351511 0.000383252
0.868293 0.343959 0.000320497
0.877629 0.337233 0.000294079
0.886966 0.331731 0.000333349
0.896303 0.327124 0.000302483
0.905639 0.323888 0.000275485
0.914972 0.318975 0.000243593
0.924309 0.316039 0.000272253
0.933645 0.316091 0.000296129
