1 6.6898e-20 6.6898e-20 0
2 6.26642e-20 6.47811e-20 2.11677e-21
3 6.68633e-20 6.5475e-20 1.40544e-21
4 6.75506e-20 6.59938e-20 1.1211e-21
5 6.46515e-20 6.57253e-20 9.08972e-22
6 6.70478e-20 6.59459e-20 7.74206e-22
7 6.65994e-20 6.60393e-20 6.60952e-22
8 6.6867e-20 6.61426e-20 5.81679e-22
9 6.41276e-20 6.59187e-20 5.59736e-22
10 6.12529e-20 6.5452e-20 6.84351e-22
11 6.58501e-20 6.54882e-20 6.20074e-22
12 6.33811e-20 6.53126e-20 5.92661e-22
13 6.68717e-20 6.54328e-20 5.58205e-22
14 6.1829e-20 6.51755e-20 5.77351e-22
15 6.36614e-20 6.50745e-20 5.46876e-22
16 6.466e-20 6.50483e-20 5.12209e-22
17 6.63816e-20 6.51271e-20 4.87486e-22
18 6.46459e-20 6.51004e-20 4.60383e-22
19 6.19562e-20 6.49346e-20 4.65854e-22
20 6.60788e-20 6.49919e-20 4.45634e-22
