1 -1.23593e-20 -1.23593e-20 0
2 -1.24083e-20 -1.23838e-20 2.44971e-23
3 -1.23737e-20 -1.23804e-20 1.45396e-23
4 -1.23501e-20 -1.23728e-20 1.27664e-23
5 -1.23863e-20 -1.23755e-20 1.02482e-23
6 -1.2363e-20 -1.23735e-20 8.62263e-24
7 -1.23712e-20 -1.23731e-20 7.29437e-24
8 -1.23577e-20 -1.23712e-20 6.60526e-24
9 -1.23843e-20 -1.23727e-20 6.00539e-24
10 -1.24069e-20 -1.23761e-20 6.37157e-24
11 -1.23663e-20 -1.23752e-20 5.83082e-24
12 -1.23868e-20 -1.23762e-20 5.40987e-24
13 -1.23614e-20 -1.2375e-20 5.10444e-24
14 -1.24077e-20 -1.23774e-20 5.27021e-24
15 -1.23946e-20 -1.23785e-20 5.03887e-24
16 -1.23862e-20 -1.2379e-20 4.73806e-24
17 -1.23619e-20 -1.2378e-20 4.56313e-24
18 -1.23874e-20 -1.23785e-20 4.33416e-24
19 -1.23934e-20 -1.23793e-20 4.17342e-24
20 -1.23634e-20 -1.23785e-20 4.038e-24
