0 0
1 0
1.41103 0.00587803
1.73985 0.00819452
2.01096 0.00995449
2.24489 0.011531
2.46425 0.0129768
2.65141 0.0141707
2.83607 0.0152465
3.00555 0.0160835
3.16736 0.017278
3.31507 0.0182292
3.45688 0.0190095
3.59589 0.0199361
3.74111 0.0205581
3.86593 0.0212439
3.98628 0.0222023
4.11072 0.0229933
4.22474 0.0236413
4.3335 0.0243441
4.44473 0.0249721
4.56113 0.0255491
4.67364 0.0262511
4.78472 0.0268997
4.89073 0.0274881
4.99318 0.0280316
5.09291 0.0285133
5.18316 0.0290595
5.27752 0.0296305
5.38162 0.0301188
5.47041 0.0307509
5.55066 0.0311813
5.64644 0.0316619
5.72383 0.032279
5.81112 0.0327306
5.88805 0.033151
5.97787 0.0334906
6.05754 0.0340011
6.12695 0.0342673
6.20082 0.0347199
6.28286 0.0351309
6.37484 0.0356799
6.45551 0.0360575
6.53947 0.0366868
6.61458 0.0370607
6.69218 0.0375504
6.76635 0.0379775
6.83712 0.0383882
6.92258 0.0388918
6.98562 0.0392763
7.05447 0.0397073
7.13387 0.0401576
7.20107 0.0404059
7.27796 0.0410125
7.34525 0.0414852
7.41773 0.041811
7.47914 0.0421686
7.54536 0.0426345
7.62101 0.0430538
7.69305 0.0435436
7.75764 0.0438255
7.81575 0.0442064
7.87123 0.0444059
7.92933 0.0447485
7.9941 0.0452364
8.05394 0.0455648
8.12065 0.0458291
8.1839 0.0461412
8.24488 0.0466039
8.3074 0.0468368
8.362 0.0471033
8.41981 0.0475144
8.48185 0.0478394
8.53481 0.0481337
8.59729 0.0486379
8.65453 0.0488683
8.70625 0.0493504
8.76265 0.049639
8.81769 0.0500834
8.87101 0.0504351
8.91891 0.0506899
8.97772 0.0510541
9.03072 0.051291
9.08454 0.0515596
9.13403 0.0520781
9.19941 0.0525144
9.25158 0.0527122
9.30876 0.0530773
9.35612 0.0533285
9.418 0.0536208
9.47844 0.0539908
9.52894 0.0542717
9.58531 0.0544852
9.6267 0.0548817
9.67541 0.0553824
9.72813 0.0559134
9.77409 0.0559804
9.82457 0.0563529
9.87786 0.0565717
9.93274 0.0569169
9.98124 0.0570615
