0 0
1 0
1.41138 0.00553986
1.73338 0.00777035
2.00564 0.00949523
2.24094 0.0109287
2.44683 0.0121079
2.64102 0.0131721
2.81674 0.0142836
2.9951 0.0152953
3.15734 0.016293
3.31451 0.01727
3.45971 0.0182269
3.58854 0.0188828
3.732 0.0196168
3.86062 0.0204388
3.98532 0.0210185
4.10063 0.0215838
4.21495 0.0222096
4.33181 0.0229286
4.44709 0.0236127
4.56377 0.0242169
4.67303 0.0246556
4.78211 0.0252515
4.88547 0.0257245
4.98766 0.026322
5.09374 0.0269487
5.18714 0.027555
5.28466 0.0281495
5.37742 0.0286847
5.4678 0.02907
5.5739 0.0296058
5.66163 0.0300887
5.74822 0.0304654
5.83654 0.0308808
5.93109 0.0313009
6.02863 0.0318223
6.10927 0.0323453
6.17937 0.032724
6.26513 0.0331081
6.34834 0.0336696
6.42148 0.0338833
6.50584 0.0344216
6.58383 0.0347629
6.66435 0.0352387
6.74366 0.0358138
6.82492 0.036351
6.8964 0.0367449
6.9758 0.0372756
7.04948 0.037708
7.11078 0.0380465
7.17066 0.0382905
7.24369 0.0386791
7.32072 0.0390358
7.38914 0.0393618
7.45539 0.0396911
7.51331 0.0399817
7.58193 0.0402621
7.64978 0.0405774
7.71399 0.0409285
7.7892 0.0413192
7.85337 0.0417193
7.91095 0.0420714
7.98039 0.0423346
8.04514 0.0427168
8.10359 0.0429827
8.1719 0.0433513
8.22941 0.0437032
8.28068 0.0438621
8.34245 0.0443046
8.39207 0.0445205
8.45678 0.0448863
8.51793 0.0453372
8.57491 0.0456877
8.63633 0.04606
8.69005 0.0463831
8.74746 0.046623
8.80979 0.0469744
8.8689 0.0473739
8.91852 0.0477423
8.96962 0.0480883
9.0196 0.0483695
9.08191 0.0486751
9.1468 0.0491559
9.1886 0.04956
9.24988 0.0499022
9.30563 0.050037
9.35527 0.0501468
9.4052 0.0503008
9.45385 0.0504934
9.51183 0.0506783
9.5699 0.0510136
9.61909 0.0513605
9.68145 0.0516979
9.73413 0.0521005
9.78086 0.052454
9.83043 0.0527684
9.87895 0.053195
9.92039 0.0533927
9.97109 0.0535862
10.0173 0.0539813
