1.06226 0
0.980392 0.0818726
1.0326 0.0704295
0.998894 0.0601367
1.00267 0.0467346
1.00866 0.0386261
1.00589 0.0327625
1.00585 0.0283732
0.995994 0.0268932
0.988977 0.0250564
0.990506 0.0227159
0.986138 0.0211918
0.985987 0.0194942
0.986175 0.0180491
0.989088 0.0170535
0.983378 0.0169433
0.983918 0.0159246
0.985737 0.0151236
0.985782 0.0143056
0.988592 0.0138594
0.990628 0.0133392
0.992136 0.0128075
0.993606 0.012326
0.992936 0.0118203
0.99106 0.0114918
0.990955 0.0110414
0.989079 0.010789
0.988656 0.0104052
0.98799 0.010062
0.987856 0.00972177
0.989081 0.00948235
0.990118 0.00923962
0.98775 0.00926299
0.98994 0.00924954
0.991172 0.00906539
0.991558 0.00881846
0.990083 0.00870275
0.990577 0.00848502
0.990878 0.00827008
0.992105 0.0081535
0.992278 0.00795403
0.992282 0.00776234
0.992522 0.00758349
0.993491 0.00747223
0.993865 0.00731383
0.994179 0.00715995
0.994736 0.00702808
0.994885 0.00688173
0.994263 0.00676853
0.994708 0.00664672
0.994475 0.00651926
0.995301 0.00644585
0.994671 0.00635436
0.995537 0.00629545
0.996206 0.00621604
0.996387 0.00610669
0.995295 0.00609723
0.996398 0.00609185
0.997141 0.00603369
0.996606 0.00595637
0.998228 0.00607824
0.996842 0.00613784
0.996764 0.00604014
0.996815 0.00594523
0.996217 0.00588347
0.996227 0.00579365
0.994381 0.00599767
0.994588 0.00591246
0.993951 0.00586083
0.992195 0.00603754
0.99197 0.00595615
0.991883 0.00587349
0.991575 0.00580065
0.9931 0.0059215
0.99325 0.00584393
0.992574 0.00580597
0.993754 0.00585032
0.993042 0.00581865
0.992269 0.00579623
0.992013 0.00572903
0.990844 0.00577744
0.990379 0.00572547
0.990755 0.00566859
0.990917 0.00560302
0.992088 0.00565927
0.99209 0.00559308
0.99242 0.00553824
0.993416 0.00556479
0.994062 0.00553975
0.993776 0.00548529
0.995212 0.00561135
0.995992 0.00560464
0.996467 0.00556435
0.996517 0.00550507
0.997253 0.00549627
0.997581 0.0054486
0.997496 0.00539279
0.997946 0.00535636
0.998376 0.00531938
0.997939 0.00528403
