1.01242 0
1.01098 0.0014351
0.993751 0.0172496
0.988617 0.0132335
0.992075 0.0108181
0.99298 0.00887917
0.98837 0.008807
0.984936 0.00836458
0.98092 0.00839926
0.979472 0.00765082
0.979349 0.00692152
0.979912 0.00634347
0.978977 0.00590948
0.978101 0.00554086
0.976302 0.00546297
0.975377 0.00519312
0.977871 0.00547859
0.977391 0.00518749
0.976137 0.0050646
0.974853 0.00497332
0.975239 0.00474626
0.975454 0.00453051
0.97476 0.00438439
0.97577 0.00431751
0.975482 0.00415123
0.975417 0.00398889
0.974753 0.00389529
0.974152 0.00380155
0.973798 0.00368513
0.97408 0.00357131
0.973507 0.00350138
0.973678 0.0033945
0.973705 0.00329014
0.973922 0.00319929
0.973403 0.00314967
0.973715 0.00307685
0.974716 0.00315536
0.974343 0.00309369
0.974218 0.00301595
0.974447 0.00294849
0.975349 0.00301393
0.975053 0.00295609
0.97504 0.00288656
0.97464 0.0028484
0.974077 0.00284076
0.974063 0.00277835
0.973681 0.00274537
0.973265 0.00271947
0.973389 0.00266628
0.973372 0.00261246
0.974509 0.00280159
0.974055 0.00278436
0.974181 0.0027342
0.973883 0.00269953
0.973783 0.00265188
0.974037 0.00261644
0.975752 0.00308968
0.976034 0.00304905
0.975772 0.00300843
0.97636 0.00301577
0.976397 0.00296615
0.976001 0.0029447
0.975476 0.00294459
0.975222 0.00290939
0.975279 0.00286485
0.975351 0.00282203
0.975295 0.00278015
0.975859 0.00279643
0.975936 0.00275669
0.975909 0.00271717
0.975576 0.00269915
0.975551 0.00266152
0.97571 0.00262968
0.977665 0.00324773
0.977724 0.00320467
0.977814 0.00316352
0.97811 0.00313617
0.978047 0.00309636
0.978264 0.00306465
0.978551 0.0030396
0.978341 0.00300917
0.978201 0.00297553
0.978056 0.00294301
0.977934 0.00291033
0.977749 0.00288181
0.977861 0.00285028
0.977896 0.00281754
0.977672 0.00279433
0.977906 0.00277268
0.977936 0.00274186
0.978118 0.00271768
0.978189 0.00268891
0.978009 0.0026659
0.978024 0.00263743
0.979281 0.00289676
0.979294 0.00286645
0.979188 0.00283873
0.979441 0.00282095
0.979416 0.00279242
0.979471 0.00276491
