0.0747876 0
0.076595 0.00180736
0.0774619 0.00135662
0.078971 0.00178821
0.0801897 0.00184492
0.0787629 0.00207479
0.0783151 0.0018098
0.0792041 0.00180189
0.0789019 0.0016176
0.0779947 0.00170769
0.0780476 0.00154557
0.0790384 0.00172408
0.078943 0.00158879
0.0791052 0.00147984
0.0789658 0.0013847
0.078707 0.00132086
0.0785176 0.00125511
0.0785469 0.00118369
0.0786703 0.00112644
0.0786108 0.00107028
0.0784614 0.00102896
0.0783509 0.000987272
0.0783998 0.000944637
0.0786569 0.000940263
0.0789304 0.00094244
0.0788558 0.000908543
0.0788464 0.000874296
0.0788171 0.000843001
0.0787778 0.000814359
0.0788795 0.000793289
0.0790273 0.000781377
0.0791101 0.000761085
0.0792774 0.000756398
0.0791276 0.000748949
0.0792531 0.000737973
0.079252 0.000717181
0.079146 0.000705536
0.0791996 0.0006888
0.0791984 0.000670907
0.0793786 0.000678303
0.0792944 0.000666886
0.0792535 0.000652097
0.0794331 0.000661584
0.0794756 0.000647771
0.0794254 0.000635198
0.079642 0.000657908
0.0797537 0.000653374
0.0796762 0.000644294
0.0796533 0.000631425
0.0796599 0.000618704
0.0795352 0.000619154
0.0795023 0.000608019
0.07942 0.000602096
0.0793688 0.000593054
0.0793233 0.000583946
0.0792765 0.00057533
0.0795012 0.000608173
0.0795038 0.000597601
0.0795374 0.000588348
0.0795749 0.000579669
0.0795896 0.000570277
0.0796104 0.000561391
0.0794951 0.000564323
0.0795005 0.000555461
0.0795393 0.000548224
0.079604 0.000543721
0.0796378 0.000536607
0.0795337 0.000538794
0.0794874 0.000532945
0.0795794 0.000533277
0.079533 0.000527763
0.0795013 0.000521341
0.0795764 0.0005196
0.0794676 0.00052395
0.0793836 0.000523696
0.0794487 0.000520844
0.0793935 0.000516996
0.07931 0.000517101
0.0793363 0.000511191
0.0792822 0.00050765
0.079276 0.000501382
0.0793356 0.000498807
0.0793137 0.000493249
0.0793635 0.00048988
0.0793169 0.000486314
0.0793996 0.000487679
0.0793379 0.000485969
0.0793488 0.000480538
0.0793341 0.000475333
0.0794373 0.000481211
0.0793711 0.000480469
0.0793026 0.000480139
0.0793215 0.000475323
0.0792873 0.000471481
0.079302 0.000466725
0.0792707 0.0004629
0.0793022 0.00045919
0.0792599 0.000456448
0.079154 0.000464056
0.0791562 0.000459397
