1.81958 0
1.82045 0.0008664
1.82466 0.00423756
1.82321 0.00332756
1.81203 0.0114735
1.79553 0.0189737
1.78328 0.0201829
1.77883 0.018035
1.77889 0.0159055
1.77714 0.0143336
1.77698 0.0129661
1.77783 0.0118666
1.77909 0.0109879
1.77765 0.0102742
1.77296 0.0106524
1.76748 0.0113711
1.76403 0.0112239
1.76261 0.0106764
1.76357 0.0101438
1.76314 0.00963288
1.76277 0.00917024
1.76356 0.00877925
1.76463 0.00845682
1.76502 0.00810604
1.7642 0.00781759
1.76357 0.00753776
1.76355 0.00725322
1.76488 0.00711532
1.76702 0.00719158
1.76831 0.00706601
1.7684 0.00683482
1.7679 0.00663683
1.76864 0.00647548
1.76857 0.00628257
1.76848 0.00610107
1.76834 0.00593087
1.76694 0.00593507
1.76547 0.00595979
1.76486 0.00583711
1.76466 0.00569304
1.7638 0.0056178
1.76212 0.00573578
1.76063 0.00579317
1.7592 0.00583862
1.7576 0.00592856
1.7564 0.00592073
1.75541 0.00587718
1.75475 0.00579144
1.75437 0.00568441
1.75346 0.00564324
1.75218 0.00567898
1.75091 0.00571191
1.75073 0.00560581
1.75057 0.00550345
1.75007 0.00542555
1.74971 0.0053398
1.74945 0.00525178
1.74931 0.00516227
1.74873 0.00510678
1.74804 0.00506842
1.74748 0.00501656
1.74657 0.00501734
1.74545 0.00506248
1.74465 0.00504775
1.74427 0.00498382
1.7439 0.00492159
1.74303 0.00492471
1.74243 0.00488882
1.74296 0.00484664
1.74397 0.00488259
1.74447 0.00483882
1.74467 0.00477535
1.74444 0.00471477
1.74402 0.00467016
1.7437 0.00461856
1.7431 0.00459583
1.74211 0.00464236
1.74122 0.00466915
1.74065 0.00464516
1.74004 0.00462626
1.73969 0.00458247
1.73926 0.00454617
1.73868 0.00452908
1.73817 0.00450398
1.73786 0.00446151
1.73717 0.00446214
1.73672 0.00443397
1.73654 0.00438671
1.73682 0.0043461
1.7369 0.00429825
1.7366 0.0042612
1.73587 0.00427826
1.73547 0.00425047
1.73549 0.00420505
1.73555 0.00416105
1.73578 0.00412354
1.73585 0.00408137
1.73614 0.00405056
1.73693 0.00408524
1.73809 0.00420758
