1.21306 0
1.21363 0.0005781
1.21644 0.00282489
1.21547 0.00221834
1.20802 0.00764889
1.19702 0.0126491
1.18885 0.0134552
1.18589 0.0120233
1.18593 0.0106037
1.18476 0.00955569
1.18465 0.00864408
1.18522 0.00791102
1.18606 0.00732528
1.1851 0.00684943
1.18197 0.00710156
1.17832 0.00758072
1.17602 0.00748265
1.17508 0.0071176
1.17571 0.00676258
1.17543 0.00642194
1.17518 0.00611351
1.17571 0.00585285
1.17642 0.0056379
1.17668 0.00540404
1.17613 0.00521175
1.17571 0.00502519
1.1757 0.0048355
1.17659 0.00474356
1.17802 0.0047944
1.17887 0.00471069
1.17893 0.00455656
1.1786 0.00442457
1.17909 0.00431699
1.17904 0.00418839
1.17899 0.00406739
1.17889 0.00395392
1.17796 0.00395673
1.17698 0.00397321
1.17657 0.00389142
1.17644 0.00379537
1.17587 0.00374521
1.17474 0.00382386
1.17376 0.00386213
1.1728 0.00389243
1.17173 0.00395239
1.17093 0.00394716
1.17027 0.00391813
1.16983 0.00386097
1.16958 0.00378962
1.16898 0.00376217
1.16812 0.00378599
1.16727 0.00380795
1.16716 0.00373722
1.16705 0.00366898
1.16671 0.00361704
1.16647 0.00355988
1.1663 0.00350119
1.16621 0.00344152
1.16582 0.00340453
1.16536 0.00337896
1.16499 0.00334438
1.16438 0.0033449
1.16364 0.00337499
1.1631 0.00336517
1.16284 0.00332256
1.1626 0.00328107
1.16202 0.00328315
1.16162 0.00325922
1.16197 0.00323111
1.16265 0.00325507
1.16298 0.00322589
1.16311 0.00318358
1.16296 0.00314319
1.16268 0.00311345
1.16246 0.00307905
1.16207 0.0030639
1.16141 0.00309492
1.16081 0.00311278
1.16043 0.00309679
1.16003 0.00308419
1.15979 0.00305499
1.15951 0.00303079
1.15912 0.0030194
1.15878 0.00300267
1.15857 0.00297435
1.15811 0.00297477
1.15781 0.00295599
1.1577 0.00292448
1.15788 0.00289741
1.15793 0.00286551
1.15773 0.00284081
1.15724 0.00285218
1.15698 0.00283366
1.15699 0.00280338
1.15704 0.00277404
1.15718 0.00274904
1.15723 0.00272092
1.15743 0.00270038
1.15795 0.0027235
1.15873 0.00280506
