1.3298 0
1.32987 7.367e-05
1.32993 7.31554e-05
1.32993 5.17567e-05
1.32996 4.68431e-05
1.32996 3.83521e-05
1.32996 3.24167e-05
1.32996 2.80859e-05
1.32998 2.99824e-05
1.32999 2.79682e-05
1.33 2.73678e-05
1.33 2.64548e-05
1.33001 2.54241e-05
1.33002 2.43692e-05
1.33002 2.33364e-05
1.33003 2.23475e-05
1.33003 2.14122e-05
1.33004 2.05335e-05
1.33004 1.97109e-05
1.33004 1.8942e-05
1.33005 1.82238e-05
1.33005 1.75526e-05
1.33005 1.6925e-05
1.33005 1.63374e-05
1.33005 1.57868e-05
1.33006 1.527e-05
1.33006 1.47844e-05
1.33006 1.43273e-05
1.33006 1.38966e-05
1.33006 1.34901e-05
1.33006 1.3106e-05
1.33006 1.27426e-05
1.33007 1.23982e-05
1.33007 1.20715e-05
1.33007 1.17612e-05
1.33007 1.14661e-05
1.33007 1.11851e-05
1.33007 1.09174e-05
1.33007 1.0662e-05
1.33007 1.04181e-05
1.33007 1.01849e-05
1.33007 9.9618e-06
1.33007 9.74813e-06
1.33007 9.54333e-06
1.33007 9.34686e-06
1.33008 9.15823e-06
1.33008 8.97698e-06
1.33008 8.80271e-06
1.33008 8.635e-06
1.33008 8.47352e-06
1.33008 8.31791e-06
1.33008 8.16787e-06
1.33008 8.0231e-06
1.33008 7.88334e-06
1.33008 7.74834e-06
1.33008 7.61785e-06
1.33008 7.49165e-06
1.33008 7.36954e-06
1.33008 7.25133e-06
1.33008 7.13683e-06
1.33008 7.02587e-06
1.33008 6.91828e-06
1.33008 6.81393e-06
1.33008 6.71266e-06
1.33008 6.61435e-06
1.33008 6.51886e-06
1.33008 6.42607e-06
1.33008 6.33588e-06
1.33008 6.24818e-06
1.33008 6.16286e-06
1.33008 6.07983e-06
1.33008 5.99901e-06
1.33008 5.92029e-06
1.33008 5.84361e-06
1.33008 5.76888e-06
1.33008 5.69603e-06
1.33009 5.62499e-06
1.33009 5.5557e-06
1.33009 5.48809e-06
1.33009 5.4221e-06
1.33009 5.35767e-06
1.33009 5.29476e-06
1.33009 5.2333e-06
1.33009 5.17324e-06
1.33009 5.11455e-06
1.33009 5.05717e-06
1.33009 5.00106e-06
1.33009 4.94618e-06
1.33009 4.89248e-06
1.33009 4.83994e-06
1.33009 4.78851e-06
1.33009 4.73816e-06
1.33009 4.68886e-06
1.33009 4.64057e-06
1.33009 4.59326e-06
1.33009 4.54691e-06
1.33009 4.50148e-06
1.33009 4.45695e-06
1.33009 4.41329e-06
1.33009 4.37047e-06
