-0.48981 0
-0.490682 0.0008721
-0.494882 0.00423007
-0.493414 0.0033322
-0.482222 0.0114859
-0.465719 0.0189808
-0.453464 0.0201875
-0.44902 0.0180387
-0.449077 0.0159088
-0.447327 0.0143365
-0.447166 0.0129688
-0.448011 0.011869
-0.449273 0.0109906
-0.447838 0.010276
-0.443153 0.0106518
-0.437677 0.0113696
-0.434231 0.0112222
-0.432816 0.0106746
-0.43377 0.0101421
-0.433339 0.00963127
-0.432963 0.00916888
-0.43375 0.00877748
-0.434813 0.00845436
-0.435195 0.00810344
-0.434377 0.00781554
-0.43374 0.00753583
-0.433723 0.00725138
-0.435052 0.00711283
-0.437188 0.00718786
-0.438472 0.00706175
-0.438556 0.00683067
-0.438052 0.00663293
-0.438795 0.00647153
-0.438719 0.00627877
-0.438627 0.00609742
-0.438482 0.00592742
-0.437079 0.00593304
-0.435609 0.00595916
-0.434992 0.00583701
-0.434782 0.0056931
-0.433923 0.00561849
-0.432233 0.00573776
-0.430748 0.00579606
-0.429312 0.00584203
-0.427705 0.00593252
-0.426504 0.00592514
-0.425512 0.00588196
-0.424847 0.00579642
-0.424468 0.00568949
-0.423555 0.00564885
-0.422266 0.00568509
-0.420991 0.00571859
-0.420813 0.00561248
-0.420646 0.0055101
-0.420144 0.00543228
-0.419783 0.00534656
-0.41952 0.00525851
-0.41938 0.00516895
-0.418801 0.00511345
-0.418109 0.00507488
-0.417546 0.00502272
-0.416642 0.00502305
-0.415523 0.00506767
-0.414717 0.00505255
-0.414341 0.00498843
-0.413973 0.00492603
-0.413105 0.0049289
-0.412505 0.00489278
-0.413038 0.00485067
-0.41405 0.00488675
-0.414546 0.00484297
-0.414747 0.00477946
-0.414524 0.00471884
-0.414095 0.00467428
-0.413774 0.00462272
-0.413179 0.0046001
-0.412189 0.00464676
-0.411292 0.00467369
-0.410717 0.00464987
-0.410111 0.00463118
-0.409755 0.00458743
-0.409329 0.00455117
-0.408742 0.00453413
-0.408229 0.00450907
-0.407918 0.0044666
-0.407232 0.00446725
-0.406776 0.00443912
-0.406601 0.00439186
-0.406878 0.00435107
-0.406955 0.00430313
-0.406655 0.00426613
-0.405919 0.00428334
-0.405521 0.00425559
-0.40554 0.00421012
-0.405603 0.00416604
-0.405825 0.00412842
-0.405891 0.00408617
-0.406189 0.0040552
-0.406972 0.00408963
-0.408132 0.00421164
