1 1.17054e-19 1.17054e-19 0
2 1.04892e-19 1.10973e-19 6.08144e-21
3 1.09212e-19 1.10386e-19 3.55984e-21
4 1.08366e-19 1.09881e-19 2.56736e-21
5 1.08531e-19 1.09611e-19 2.00692e-21
6 1.04132e-19 1.08698e-19 1.8759e-21
7 1.01418e-19 1.07658e-19 1.89605e-21
8 1.08773e-19 1.07797e-19 1.64793e-21
9 9.91217e-20 1.06833e-19 1.74395e-21
10 1.03686e-19 1.06519e-19 1.59127e-21
1 1.09611e-19 1.09611e-19 0
2 1.03426e-19 1.06519e-19 3.09231e-21
3 1.05337e-19 1.06125e-19 1.82829e-21
4 1.02271e-19 1.05161e-19 1.61232e-21
5 1.06395e-19 1.05408e-19 1.27306e-21
6 1.14511e-19 1.06925e-19 1.83911e-21
7 1.12403e-19 1.07708e-19 1.7402e-21
8 1.05553e-19 1.07439e-19 1.53094e-21
9 1.10513e-19 1.0778e-19 1.39272e-21
10 1.12249e-19 1.08227e-19 1.32343e-21
