0.00872086 0 0
0.0174418 0 0
0.0261626 0 0
0.0348837 0 0
0.0436043 0 0
0.0523253 0 0
0.061046 0 0
0.069767 0 0
0.078488 0 0
0.0872086 0 0
0.0959296 0 0
0.104651 0 0
0.113371 0 0
0.122092 0 0
0.130813 0 0
0.139534 0 0
0.148255 0 0
0.156976 0 0
0.165697 0 0
0.174418 0 0
0.183138 0 0
0.191859 0 0
0.20058 0 0
0.209301 0 0
0.218022 0 0
0.226743 0 0
0.235464 0 0
0.244185 0 0
0.252906 0 0
0.261626 0 0
0.270347 0 0
0.279068 0 0
0.287789 0 0
0.29651 0 0
0.305231 0.000235584 0.000130224
0.313952 0.00615631 0.000502537
0.322673 0.0441782 0.00231719
0.331393 0.172485 0.00505815
0.340116 0.375608 0.00442853
0.348837 0.598097 0.0120668
0.357558 0.76076 0.00732346
0.366275 0.820638 0.00750951
0.374996 0.81496 0.00655989
0.383717 0.780188 0.00662289
0.392438 0.719148 0.00758734
0.401159 0.650927 0.011583
0.40988 0.583641 0.00920893
0.418601 0.522005 0.011359
0.427322 0.45867 0.00785961
0.436043 0.417561 0.00606234
0.444764 0.368999 0.00473113
0.453485 0.339953 0.00573808
0.462206 0.307772 0.00709634
0.470927 0.283512 0.004872
0.479648 0.264315 0.00310362
0.488369 0.261668 0.00283802
0.49709 0.248358 0.00248668
0.505811 0.234973 0.00388977
0.514532 0.228431 0.00364375
0.523253 0.223974 0.00256569
0.531974 0.22249 0.00321963
0.540695 0.219104 0.0035974
0.549416 0.22206 0.00421202
0.558137 0.219064 0.00296181
0.566858 0.223196 0.00328251
0.575579 0.227738 0.00285411
0.5843 0.24059 0.00479373
0.593021 0.258168 0.00416976
0.601742 0.269172 0.00531039
0.61046 0.284872 0.00449109
0.619181 0.298144 0.00413702
0.627902 0.310262 0.00343359
0.636623 0.324349 0.00339723
0.645344 0.333641 0.00305961
0.654065 0.344733 0.00428628
0.662786 0.355844 0.00428883
0.671507 0.366272 0.0034764
0.680228 0.384271 0.00460744
0.688949 0.398164 0.00314228
0.69767 0.398868 0.00387233
0.706391 0.40152 0.00505189
0.715112 0.413321 0.00529822
0.723833 0.407364 0.00639292
0.732554 0.399619 0.00570812
0.741275 0.388215 0.00348225
0.749996 0.385332 0.00404138
0.758717 0.380895 0.00312676
0.767438 0.370199 0.0051289
0.776159 0.354368 0.00246103
0.78488 0.342492 0.00327001
0.793601 0.33648 0.00290087
0.802322 0.328269 0.00262263
0.811043 0.323675 0.00335155
0.819764 0.318889 0.00460095
0.828485 0.315163 0.00303876
0.837206 0.304819 0.00334469
0.845927 0.30025 0.00319248
0.854644 0.29539 0.00318751
0.863365 0.295806 0.00419118
0.872086 0.29233 0.00386175
