1 -8.3293e-21 -8.3293e-21 0
2 -8.40439e-21 -8.36685e-21 3.75449e-23
3 -8.41319e-21 -8.3823e-21 2.66175e-23
4 -8.40421e-21 -8.38777e-21 1.96023e-23
5 -8.41272e-21 -8.39276e-21 1.59824e-23
6 -8.38391e-21 -8.39128e-21 1.31327e-23
7 -8.44488e-21 -8.39894e-21 1.34833e-23
8 -8.41269e-21 -8.40066e-21 1.18025e-23
9 -8.44987e-21 -8.40613e-21 1.17576e-23
10 -8.40634e-21 -8.40614e-21 1.05163e-23
1 -8.39276e-21 -8.39276e-21 0
2 -8.41953e-21 -8.40614e-21 1.33875e-23
3 -8.41327e-21 -8.40853e-21 8.08566e-24
4 -8.42715e-21 -8.41319e-21 7.37498e-24
5 -8.41176e-21 -8.4129e-21 5.71963e-24
6 -8.37433e-21 -8.40648e-21 7.94483e-24
7 -8.38008e-21 -8.4027e-21 7.70077e-24
8 -8.40245e-21 -8.40267e-21 6.66915e-24
9 -8.37493e-21 -8.39958e-21 6.64015e-24
10 -8.39397e-21 -8.39902e-21 5.96569e-24
