121.98 0
124.301 2.32068
125.127 1.57443
125.52 1.18055
125.82 0.962214
125.803 0.785826
126.179 0.763206
126.287 0.669821
126.581 0.659543
126.594 0.590065
126.078 0.742533
125.648 0.80282
125.284 0.823323
124.972 0.823631
124.701 0.813041
124.465 0.796484
124.256 0.776747
124.07 0.755469
123.904 0.733638
123.755 0.711851
123.62 0.690472
123.497 0.669714
123.384 0.649699
123.282 0.630488
123.187 0.612104
123.1 0.594544
123.019 0.57779
122.944 0.561816
122.874 0.546589
122.808 0.532074
122.747 0.518233
122.69 0.505032
122.636 0.492433
122.586 0.480404
122.538 0.46891
122.493 0.457922
122.45 0.447409
122.41 0.437345
122.372 0.427703
122.335 0.41846
122.301 0.409592
122.268 0.401079
122.236 0.3929
122.206 0.385038
122.177 0.377476
122.15 0.370196
122.124 0.363185
122.099 0.356428
122.074 0.349912
122.051 0.343625
122.029 0.337555
122.008 0.331692
121.987 0.326025
121.967 0.320545
121.948 0.315244
121.93 0.310112
121.912 0.305141
121.895 0.300326
121.878 0.295658
121.862 0.291131
121.846 0.286738
121.831 0.282475
121.817 0.278335
121.803 0.274313
121.789 0.270405
121.776 0.266605
121.763 0.262909
121.751 0.259314
121.739 0.255814
121.727 0.252407
121.715 0.249089
121.704 0.245856
121.693 0.242706
121.683 0.239634
121.673 0.236639
121.663 0.233717
121.653 0.230865
121.644 0.228082
121.634 0.225365
121.625 0.222712
121.617 0.220119
121.608 0.217586
121.6 0.215111
121.592 0.212691
121.584 0.210324
121.576 0.208009
121.568 0.205744
121.561 0.203528
121.554 0.201359
121.547 0.199235
121.54 0.197155
121.533 0.195118
121.526 0.193123
121.52 0.191168
121.513 0.189252
121.507 0.187374
121.501 0.185532
121.495 0.183726
121.489 0.181955
121.483 0.180218
