2.52617e-21 1.65678e-21
2.57423e-21 0.0290084
2.59135e-21 0.0196804
2.59949e-21 0.0147569
2.60569e-21 0.0120277
2.60534e-21 0.00982285
2.61313e-21 0.00954012
2.61538e-21 0.00837281
2.62145e-21 0.00824429
2.62173e-21 0.00737582
2.61104e-21 0.00928136
2.60213e-21 0.0100348
2.59459e-21 0.010291
2.58813e-21 0.0102949
2.58253e-21 0.0101625
2.57763e-21 0.00995551
2.57331e-21 0.0097088
2.56947e-21 0.00944284
2.56603e-21 0.00916996
2.56293e-21 0.00889763
2.56013e-21 0.0086304
2.55759e-21 0.00837094
2.55526e-21 0.00812077
2.55313e-21 0.00788064
2.55117e-21 0.00765085
2.54936e-21 0.00743136
2.54769e-21 0.00722195
2.54613e-21 0.00702228
2.54469e-21 0.00683196
2.54333e-21 0.00665052
2.54207e-21 0.00647753
2.54088e-21 0.00631252
2.53977e-21 0.00615505
2.53872e-21 0.00600469
2.53773e-21 0.00586103
2.5368e-21 0.00572368
2.53592e-21 0.00559228
2.53508e-21 0.00546648
2.53429e-21 0.00534597
2.53354e-21 0.00523043
2.53282e-21 0.00511959
2.53214e-21 0.00501318
2.53148e-21 0.00491096
2.53086e-21 0.00481269
2.53027e-21 0.00471816
2.5297e-21 0.00462717
2.52916e-21 0.00453954
2.52864e-21 0.00445508
2.52814e-21 0.00437364
2.52766e-21 0.00429505
2.52719e-21 0.00421918
2.52675e-21 0.0041459
2.52632e-21 0.00407507
2.52591e-21 0.00400657
2.52552e-21 0.0039403
2.52514e-21 0.00387616
2.52477e-21 0.00381404
2.52441e-21 0.00375384
2.52407e-21 0.0036955
2.52374e-21 0.00363891
2.52341e-21 0.00358401
2.5231e-21 0.00353072
2.5228e-21 0.00347897
2.52251e-21 0.0034287
2.52223e-21 0.00337985
2.52195e-21 0.00333236
2.52169e-21 0.00328617
2.52143e-21 0.00324122
2.52118e-21 0.00319749
2.52094e-21 0.0031549
2.5207e-21 0.00311342
2.52047e-21 0.00307302
2.52025e-21 0.00303363
2.52003e-21 0.00299524
2.51982e-21 0.0029578
2.51961e-21 0.00292128
2.51941e-21 0.00288564
2.51921e-21 0.00285085
2.51902e-21 0.00281689
2.51884e-21 0.00278372
2.51865e-21 0.00275132
2.51848e-21 0.00271966
2.5183e-21 0.00268872
2.51814e-21 0.00265847
2.51797e-21 0.00262889
2.51781e-21 0.00259995
2.51765e-21 0.00257164
2.5175e-21 0.00254394
2.51735e-21 0.00251683
2.5172e-21 0.00249028
2.51706e-21 0.00246429
2.51692e-21 0.00243883
2.51678e-21 0.00241389
2.51665e-21 0.00238945
2.51652e-21 0.0023655
2.51639e-21 0.00234202
2.51626e-21 0.00231901
2.51614e-21 0.00229644
2.51602e-21 0.0022743
2.5159e-21 0.00225258
