-5.7801e-21 1.65678e-21
-5.78224e-21 0.0012909
-5.78267e-21 0.000789493
-5.78277e-21 0.000561372
-5.78246e-21 0.000473429
-5.78252e-21 0.00038835
-5.78285e-21 0.000383329
-5.78244e-21 0.000412837
-5.78247e-21 0.000364472
-5.78218e-21 0.000369573
-5.78177e-21 0.000415613
-5.78143e-21 0.000431618
-5.78114e-21 0.000433538
-5.7809e-21 0.00042823
-5.78068e-21 0.000419121
-5.7805e-21 0.000408063
-5.78033e-21 0.000396105
-5.78018e-21 0.000383858
-5.78005e-21 0.000371679
-5.77993e-21 0.000359779
-5.77983e-21 0.000348276
-5.77973e-21 0.000337233
-5.77964e-21 0.000326679
-5.77956e-21 0.000316619
-5.77948e-21 0.000307046
-5.77941e-21 0.000297946
-5.77935e-21 0.000289298
-5.77929e-21 0.000281081
-5.77923e-21 0.000273271
-5.77918e-21 0.000265845
-5.77913e-21 0.00025878
-5.77909e-21 0.000252054
-5.77905e-21 0.000245648
-5.77901e-21 0.00023954
-5.77897e-21 0.000233713
-5.77893e-21 0.000228149
-5.7789e-21 0.000222832
-5.77887e-21 0.000217748
-5.77884e-21 0.000212881
-5.77881e-21 0.00020822
-5.77878e-21 0.000203753
-5.77875e-21 0.000199467
-5.77873e-21 0.000195353
-5.77871e-21 0.000191401
-5.77868e-21 0.000187601
-5.77866e-21 0.000183947
-5.77864e-21 0.000180428
-5.77862e-21 0.000177039
-5.7786e-21 0.000173773
-5.77858e-21 0.000170622
-5.77857e-21 0.000167582
-5.77855e-21 0.000164647
-5.77853e-21 0.000161811
-5.77852e-21 0.00015907
-5.7785e-21 0.000156418
-5.77849e-21 0.000153853
-5.77847e-21 0.000151369
-5.77846e-21 0.000148963
-5.77845e-21 0.000146631
-5.77843e-21 0.000144371
-5.77842e-21 0.000142178
-5.77841e-21 0.000140051
-5.7784e-21 0.000137985
-5.77839e-21 0.000135979
-5.77838e-21 0.00013403
-5.77836e-21 0.000132135
-5.77835e-21 0.000130293
-5.77834e-21 0.000128501
-5.77833e-21 0.000126757
-5.77833e-21 0.00012506
-5.77832e-21 0.000123407
-5.77831e-21 0.000121797
-5.7783e-21 0.000120228
-5.77829e-21 0.000118699
-5.77828e-21 0.000117208
-5.77827e-21 0.000115753
-5.77827e-21 0.000114334
-5.77826e-21 0.00011295
-5.77825e-21 0.000111598
-5.77825e-21 0.000110278
-5.77824e-21 0.000108988
-5.77823e-21 0.000107729
-5.77822e-21 0.000106498
-5.77822e-21 0.000105294
-5.77821e-21 0.000104118
-5.77821e-21 0.000102967
-5.7782e-21 0.000101841
-5.77819e-21 0.00010074
-5.77819e-21 9.9662e-05
-5.77818e-21 9.86068e-05
-5.77818e-21 9.75735e-05
-5.77817e-21 9.65617e-05
-5.77817e-21 9.55705e-05
-5.77816e-21 9.45993e-05
-5.77816e-21 9.36477e-05
-5.77815e-21 9.27149e-05
-5.77815e-21 9.18005e-05
-5.77814e-21 9.09038e-05
-5.77814e-21 9.00245e-05
-5.77813e-21 8.91619e-05
