-8.30627e-21 1.65678e-21
-8.35647e-21 0.0302994
-8.37403e-21 0.0204522
-8.38226e-21 0.0152917
-8.38815e-21 0.0123669
-8.38786e-21 0.0100991
-8.39598e-21 0.00984097
-8.39782e-21 0.00859481
-8.40392e-21 0.00842741
-8.40391e-21 0.0075377
-8.39281e-21 0.00955922
-8.38356e-21 0.0103597
-8.37573e-21 0.0106364
-8.36902e-21 0.0106475
-8.36321e-21 0.0105153
-8.35812e-21 0.0103044
-8.35363e-21 0.0100514
-8.34964e-21 0.00977784
-8.34607e-21 0.00949665
-8.34286e-21 0.00921572
-8.33995e-21 0.00893982
-8.33731e-21 0.00867178
-8.33489e-21 0.00841322
-8.33268e-21 0.00816495
-8.33065e-21 0.00792729
-8.32877e-21 0.00770023
-8.32703e-21 0.00748356
-8.32541e-21 0.00727694
-8.32391e-21 0.00707995
-8.32251e-21 0.00689215
-8.32119e-21 0.00671305
-8.31996e-21 0.00654221
-8.31881e-21 0.00637916
-8.31772e-21 0.00622346
-8.31669e-21 0.00607468
-8.31572e-21 0.00593244
-8.31481e-21 0.00579634
-8.31394e-21 0.00566605
-8.31311e-21 0.00554121
-8.31233e-21 0.00542153
-8.31159e-21 0.00530671
-8.31088e-21 0.00519647
-8.3102e-21 0.00509057
-8.30956e-21 0.00498876
-8.30894e-21 0.00489083
-8.30835e-21 0.00479655
-8.30778e-21 0.00470575
-8.30724e-21 0.00461824
-8.30672e-21 0.00453385
-8.30623e-21 0.00445243
-8.30575e-21 0.00437381
-8.30529e-21 0.00429787
-8.30484e-21 0.00422447
-8.30442e-21 0.00415349
-8.304e-21 0.00408482
-8.30361e-21 0.00401834
-8.30323e-21 0.00395396
-8.30286e-21 0.00389159
-8.3025e-21 0.00383112
-8.30215e-21 0.00377247
-8.30182e-21 0.00371557
-8.3015e-21 0.00366035
-8.30119e-21 0.00360672
-8.30088e-21 0.00355462
-8.30059e-21 0.00350398
-8.3003e-21 0.00345476
-8.30003e-21 0.00340688
-8.29976e-21 0.00336031
-8.2995e-21 0.00331497
-8.29925e-21 0.00327083
-8.299e-21 0.00322784
-8.29876e-21 0.00318596
-8.29853e-21 0.00314514
-8.2983e-21 0.00310535
-8.29808e-21 0.00306654
-8.29787e-21 0.00302868
-8.29766e-21 0.00299174
-8.29746e-21 0.00295569
-8.29726e-21 0.00292048
-8.29707e-21 0.0028861
-8.29688e-21 0.00285252
-8.29669e-21 0.0028197
-8.29652e-21 0.00278762
-8.29634e-21 0.00275627
-8.29617e-21 0.0027256
-8.296e-21 0.00269561
-8.29584e-21 0.00266627
-8.29568e-21 0.00263755
-8.29552e-21 0.00260944
-8.29537e-21 0.00258193
-8.29522e-21 0.00255498
-8.29508e-21 0.00252859
-8.29493e-21 0.00250274
-8.29479e-21 0.0024774
-8.29466e-21 0.00245258
-8.29452e-21 0.00242824
-8.29439e-21 0.00240438
-8.29426e-21 0.00238098
-8.29414e-21 0.00235803
-8.29401e-21 0.00233552
