0.00933645 0 0
0.0186729 0 0
0.0280094 0 0
0.037346 0 0
0.0466823 0 0
0.0560189 0 0
0.0653551 0 0
0.0746917 0 0
0.0840283 0 0
0.0933645 0 0
0.102701 0 0
0.112038 0 0
0.121374 0 0
0.130711 0 0
0.140047 0 0
0.149383 0 0
0.15872 0 0
0.168057 0 0
0.177393 0 0
0.186729 0 0
0.196066 0 0
0.205402 0 0
0.214739 0 0
0.224075 0 0
0.233412 0 0
0.242748 0 0
0.252085 0 0
0.261421 0 0
0.270758 0 0
0.280094 0 0
0.289431 0 0
0.298767 0 0
0.308103 0 0
0.31744 0 0
0.326776 0.000252214 0.000139416
0.336113 0.00659088 0.00053801
0.345449 0.0472967 0.00248076
0.354786 0.18466 0.00541519
0.364124 0.402122 0.00474114
0.37346 0.640316 0.0129186
0.382797 0.814461 0.00784041
0.39213 0.878565 0.0080396
0.401467 0.872486 0.00702294
0.410803 0.83526 0.00709039
0.42014 0.769911 0.00812291
0.429476 0.696874 0.0124006
0.438813 0.624839 0.00985898
0.44815 0.558853 0.0121608
0.457486 0.491047 0.00841441
0.466823 0.447036 0.00649027
0.476159 0.395046 0.0050651
0.485496 0.36395 0.00614312
0.494833 0.329497 0.00759726
0.504169 0.303524 0.0052159
0.513506 0.282972 0.0033227
0.522842 0.280139 0.00303836
0.532179 0.265889 0.00266221
0.541516 0.251559 0.00416434
0.550852 0.244555 0.00390095
0.560189 0.239784 0.0027468
0.569525 0.238195 0.00344689
0.578862 0.23457 0.00385134
0.588199 0.237735 0.00450934
0.597535 0.234527 0.00317088
0.606872 0.238951 0.00351422
0.616208 0.243814 0.00305557
0.625545 0.257573 0.00513211
0.634882 0.276392 0.0044641
0.644218 0.288172 0.00568524
0.653551 0.304981 0.00480811
0.662888 0.319189 0.00442904
0.672224 0.332163 0.00367596
0.681561 0.347244 0.00363703
0.690897 0.357192 0.00327558
0.700234 0.369067 0.00458884
0.709571 0.380962 0.00459157
0.718907 0.392126 0.00372179
0.728244 0.411396 0.00493267
0.73758 0.426269 0.00336409
0.746917 0.427023 0.00414567
0.756254 0.429862 0.00540849
0.76559 0.442497 0.00567221
0.774927 0.436119 0.00684418
0.784263 0.427827 0.00611105
0.7936 0.415619 0.00372805
0.802937 0.412532 0.00432665
0.812273 0.407782 0.00334747
0.82161 0.39633 0.00549094
0.830946 0.379383 0.00263475
0.840283 0.366668 0.00350083
0.84962 0.360232 0.00310563
0.858956 0.351441 0.00280776
0.868293 0.346522 0.00358813
0.877629 0.341399 0.00492572
0.886966 0.33741 0.00325326
0.896303 0.326336 0.00358079
0.905639 0.321444 0.00341783
0.914972 0.316241 0.00341251
0.924309 0.316687 0.00448703
0.933645 0.312965 0.00413435
