1 -1.13834e-20 -1.13834e-20 0
2 -1.1486e-20 -1.14347e-20 5.13114e-23
3 -1.1498e-20 -1.14558e-20 3.63772e-23
4 -1.14857e-20 -1.14633e-20 2.67899e-23
5 -1.14974e-20 -1.14701e-20 2.18426e-23
6 -1.1458e-20 -1.14681e-20 1.79481e-23
7 -1.15413e-20 -1.14785e-20 1.84271e-23
8 -1.14973e-20 -1.14809e-20 1.61301e-23
9 -1.15482e-20 -1.14884e-20 1.60687e-23
10 -1.14887e-20 -1.14884e-20 1.43723e-23
1 -1.14701e-20 -1.14701e-20 0
2 -1.15067e-20 -1.14884e-20 1.82962e-23
3 -1.14981e-20 -1.14917e-20 1.10504e-23
4 -1.15171e-20 -1.1498e-20 1.00791e-23
5 -1.14961e-20 -1.14976e-20 7.81683e-24
6 -1.14449e-20 -1.14889e-20 1.08579e-23
7 -1.14528e-20 -1.14837e-20 1.05244e-23
8 -1.14833e-20 -1.14836e-20 9.1145e-24
9 -1.14457e-20 -1.14794e-20 9.07487e-24
10 -1.14718e-20 -1.14787e-20 8.15311e-24
