1 1.30372e-19 1.30372e-19 0
2 1.16825e-19 1.23598e-19 6.77332e-21
3 1.21637e-19 1.22945e-19 3.96484e-21
4 1.20695e-19 1.22382e-19 2.85945e-21
5 1.20878e-19 1.22081e-19 2.23525e-21
6 1.15979e-19 1.21064e-19 2.08932e-21
7 1.12957e-19 1.19906e-19 2.11176e-21
8 1.21148e-19 1.20061e-19 1.83542e-21
9 1.10399e-19 1.18988e-19 1.94236e-21
10 1.15483e-19 1.18637e-19 1.77231e-21
1 1.22081e-19 1.22081e-19 0
2 1.15193e-19 1.18637e-19 3.44412e-21
3 1.17321e-19 1.18198e-19 2.03629e-21
4 1.13906e-19 1.17126e-19 1.79576e-21
5 1.185e-19 1.174e-19 1.4179e-21
6 1.27539e-19 1.1909e-19 2.04834e-21
7 1.25191e-19 1.19962e-19 1.93818e-21
8 1.17562e-19 1.19662e-19 1.70511e-21
9 1.23086e-19 1.20042e-19 1.55117e-21
10 1.2502e-19 1.2054e-19 1.474e-21
