3.13067 0
3.13143 0.00075178
3.1302 0.00130413
3.13589 0.00577075
3.13817 0.00501794
3.13713 0.00422775
3.13452 0.00442761
3.1375 0.00485661
3.14093 0.00548733
3.13988 0.00501799
3.14002 0.00454093
3.14023 0.00415064
3.14009 0.00382043
3.14085 0.00361775
3.1414 0.0034123
3.14119 0.00319867
3.14159 0.00303135
3.14212 0.00290599
3.1424 0.00276293
3.14198 0.00265502
3.14126 0.00262563
3.14116 0.00250531
3.14098 0.00240044
3.14127 0.00231584
3.14118 0.00222324
3.14157 0.00217234
3.14152 0.00209091
3.14126 0.00203172
3.14184 0.00204454
3.14201 0.00198239
3.14228 0.00193609
3.14211 0.00188215
3.14225 0.00182936
3.14211 0.00177981
3.14212 0.00172826
3.14193 0.00169079
3.14227 0.00167886
3.14258 0.00166353
3.14256 0.00162045
3.14276 0.00159237
3.14279 0.00155322
3.14292 0.00152213
3.14298 0.00148747
3.1428 0.00146475
3.14301 0.00144674
3.14308 0.00141668
3.14333 0.00140887
3.1429 0.00144447
3.14313 0.00143329
3.14306 0.00140611
3.14306 0.00137827
3.14266 0.00141014
3.14244 0.00140028
3.14223 0.00139016
3.14237 0.00137146
3.14264 0.00137427
3.14251 0.00135683
3.14249 0.00133332
3.14248 0.00131057
3.14237 0.00129301
3.14229 0.00127422
3.14226 0.00125383
3.14219 0.00123562
3.14227 0.00121844
3.14208 0.00121441
3.14199 0.00119959
3.14198 0.00118156
3.142 0.00116415
3.14191 0.00115033
3.14192 0.00113383
3.14196 0.00111826
3.14194 0.00110277
3.14207 0.00109612
3.14213 0.00108272
3.14218 0.00106937
3.14212 0.00105722
3.14191 0.00106441
3.14172 0.00106684
3.14152 0.00107194
3.14158 0.00105983
3.14163 0.00104807
3.14175 0.00104232
3.14167 0.00103259
3.1415 0.00103517
3.14167 0.00103673
3.14153 0.00103381
3.14162 0.00102614
3.14168 0.0010158
3.14167 0.00100436
3.14155 0.00100036
3.14147 0.000992529
3.14145 0.000981926
3.14152 0.000974088
3.1417 0.000980833
3.14169 0.000970526
3.14169 0.000960364
3.14174 0.000951849
3.14177 0.000942383
3.14184 0.000935376
3.14197 0.000935812
