1 3.2018e-19 3.2018e-19 0
2 3.18471e-19 3.19326e-19 8.546e-22
3 3.20254e-19 3.19635e-19 5.82427e-22
4 3.18958e-19 3.19466e-19 4.45202e-22
5 3.18743e-19 3.19321e-19 3.73949e-22
6 3.19583e-19 3.19365e-19 3.08416e-22
7 3.19048e-19 3.1932e-19 2.64557e-22
8 3.20151e-19 3.19424e-19 2.51607e-22
9 3.19624e-19 3.19446e-19 2.23009e-22
10 3.20749e-19 3.19576e-19 2.38263e-22
11 3.22882e-19 3.19877e-19 3.69781e-22
12 3.18361e-19 3.19751e-19 3.60408e-22
13 3.2029e-19 3.19792e-19 3.34113e-22
14 3.19745e-19 3.19788e-19 3.09346e-22
15 3.21143e-19 3.19879e-19 3.01817e-22
16 3.21743e-19 3.19995e-19 3.05422e-22
17 3.21385e-19 3.20077e-19 2.98311e-22
18 3.20245e-19 3.20086e-19 2.81405e-22
19 3.21634e-19 3.20168e-19 2.78371e-22
20 3.18641e-19 3.20092e-19 2.74894e-22
