1 -1.25021e-20 -1.25021e-20 0
2 -1.25141e-20 -1.25081e-20 6.02436e-24
3 -1.25021e-20 -1.25061e-20 4.00874e-24
4 -1.25104e-20 -1.25072e-20 3.02768e-24
5 -1.25126e-20 -1.25083e-20 2.58385e-24
6 -1.25067e-20 -1.2508e-20 2.12487e-24
7 -1.25104e-20 -1.25084e-20 1.8293e-24
8 -1.2503e-20 -1.25077e-20 1.71816e-24
9 -1.25067e-20 -1.25076e-20 1.51957e-24
10 -1.24983e-20 -1.25067e-20 1.64481e-24
11 -1.24834e-20 -1.25045e-20 2.58487e-24
12 -1.25152e-20 -1.25054e-20 2.5222e-24
13 -1.25022e-20 -1.25052e-20 2.33327e-24
14 -1.25057e-20 -1.25052e-20 2.16052e-24
15 -1.24958e-20 -1.25046e-20 2.10749e-24
16 -1.24911e-20 -1.25037e-20 2.14299e-24
17 -1.24941e-20 -1.25032e-20 2.09072e-24
18 -1.2502e-20 -1.25031e-20 1.9723e-24
19 -1.24911e-20 -1.25025e-20 1.96921e-24
20 -1.25132e-20 -1.2503e-20 1.94395e-24
