0.00784258 0 0
0.0156852 0 0
0.0235278 0 0
0.0313703 0 0
0.0392129 0 0
0.0470557 0 0
0.0548981 0 0
0.0627405 0 0
0.0705833 0 0
0.0784258 0 0
0.0862685 0 0
0.094111 0 0
0.101954 0 0
0.109796 0 0
0.117639 0 0
0.125481 0 0
0.133324 0 0
0.141167 0 0
0.149009 0 0
0.156852 0 0
0.164694 0 0
0.172537 0 0
0.18038 0 0
0.188222 0 0
0.196065 0 0
0.203907 0 0
0.21175 0 0
0.219592 0 0
0.227435 0 0
0.235278 0 0
0.24312 0 0
0.250963 0 0
0.258805 0 0
0.266648 0 0
0.274491 0 0
0.282333 0 0
0.290176 0 0
0.298018 0 0
0.305861 2.78298e-05 3.72154e-06
0.313703 0.00111999 2.06551e-05
0.321546 0.0153818 9.54621e-05
0.329389 0.0951306 0.000355592
0.337231 0.326688 0.00063885
0.345073 0.727206 0.000740302
0.352917 1.17941 0.000804178
0.36076 1.50453 0.000602606
0.368601 1.59487 0.00108306
0.376445 1.46477 0.00115053
0.384288 1.19418 0.000899626
0.392129 0.880212 0.000841211
0.399973 0.593548 0.000371562
0.407813 0.370386 0.000421138
0.415657 0.213934 0.00038401
0.423501 0.115733 0.000303396
0.431341 0.0589577 0.000291879
0.439185 0.0290816 0.000182088
0.447029 0.0160471 0.000105045
0.454869 0.0137248 0.000106563
0.462713 0.0198805 0.000149423
0.470557 0.0347276 0.000175766
0.478397 0.0605163 0.000170105
0.486241 0.0990199 0.00020266
0.494085 0.149364 0.000218869
0.501925 0.207087 0.000188539
0.509769 0.262919 0.000276148
0.517609 0.304081 0.00034544
0.525453 0.320356 0.000320793
0.533297 0.306969 0.000407096
0.541137 0.266988 0.000239818
0.548981 0.211839 0.000199349
0.556825 0.153699 0.000193421
0.564665 0.104727 0.000204384
0.572509 0.072609 0.00023202
0.580353 0.0634151 0.00024775
0.588193 0.084352 0.000321589
0.596037 0.143781 0.000410203
0.603881 0.248203 0.000378685
0.611721 0.396624 0.000298697
0.619565 0.572574 0.000276906
0.627405 0.740972 0.000488502
0.635249 0.861584 0.0005372
0.643093 0.900986 0.000703542
0.650933 0.849306 0.000763722
0.658777 0.724278 0.000527772
0.666621 0.561316 0.000280043
0.674461 0.398755 0.000367129
0.682305 0.266312 0.000349581
0.690149 0.180155 0.000441126
0.697989 0.144207 0.000331071
0.705833 0.153148 0.000290084
0.713677 0.19524 0.000204988
0.721517 0.25226 0.000162557
0.729361 0.304968 0.000145151
0.737202 0.337818 0.000345311
0.745045 0.340513 0.000380698
0.752889 0.306085 0.000264914
0.76073 0.259936 0.000169919
0.768573 0.217838 0.000246897
0.776417 0.190322 0.000296935
0.784258 0.191002 0.000352349
