1 3.56607e-19 3.56607e-19 0
2 3.54703e-19 3.55655e-19 9.51827e-22
3 3.56689e-19 3.56e-19 6.48689e-22
4 3.55246e-19 3.55811e-19 4.95853e-22
5 3.55006e-19 3.5565e-19 4.16493e-22
6 3.55941e-19 3.55699e-19 3.43505e-22
7 3.55346e-19 3.55648e-19 2.94655e-22
8 3.56575e-19 3.55764e-19 2.80232e-22
9 3.55987e-19 3.55789e-19 2.4838e-22
10 3.5724e-19 3.55934e-19 2.6537e-22
11 3.59616e-19 3.56269e-19 4.11851e-22
12 3.54581e-19 3.56128e-19 4.01411e-22
13 3.56729e-19 3.56174e-19 3.72125e-22
14 3.56123e-19 3.56171e-19 3.4454e-22
15 3.57679e-19 3.56271e-19 3.36154e-22
16 3.58348e-19 3.56401e-19 3.4017e-22
17 3.57948e-19 3.56492e-19 3.3225e-22
18 3.56679e-19 3.56502e-19 3.1342e-22
19 3.58226e-19 3.56593e-19 3.10041e-22
20 3.54893e-19 3.56508e-19 3.06169e-22
