0.00839617 0 0
0.0167924 0 0
0.0251885 0 0
0.0335847 0 0
0.0419808 0 0
0.0503772 0 0
0.0587733 0 0
0.0671693 0 0
0.0755657 0 0
0.0839617 0 0
0.0923581 0 0
0.100754 0 0
0.10915 0 0
0.117547 0 0
0.125943 0 0
0.134339 0 0
0.142735 0 0
0.151131 0 0
0.159527 0 0
0.167924 0 0
0.17632 0 0
0.184716 0 0
0.193112 0 0
0.201508 0 0
0.209905 0 0
0.218301 0 0
0.226697 0 0
0.235093 0 0
0.243489 0 0
0.251885 0 0
0.260281 0 0
0.268678 0 0
0.277074 0 0
0.28547 0 0
0.293866 0 0
0.302262 0 0
0.310659 0 0
0.319055 0 0
0.327451 2.97942e-05 3.98423e-06
0.335847 0.00119905 2.21131e-05
0.344244 0.0164676 0.000102201
0.35264 0.101846 0.000380693
0.361036 0.349748 0.000683945
0.369431 0.778538 0.000792559
0.377828 1.26267 0.000860944
0.386226 1.61073 0.000645143
0.39462 1.70745 0.00115951
0.403017 1.56816 0.00123174
0.411415 1.27847 0.000963129
0.419808 0.942345 0.000900591
0.428206 0.635446 0.00039779
0.4366 0.396531 0.000450865
0.444997 0.229035 0.000411116
0.453395 0.123902 0.000324812
0.461789 0.0631194 0.000312482
0.470186 0.0311344 0.000194941
0.478584 0.0171799 0.00011246
0.486977 0.0146936 0.000114085
0.495375 0.0212838 0.00015997
0.503772 0.037179 0.000188173
0.512166 0.064788 0.000182112
0.520564 0.10601 0.000216965
0.528961 0.159908 0.000234318
0.537355 0.221704 0.000201848
0.545752 0.281478 0.000295641
0.554146 0.325545 0.000369824
0.562544 0.34297 0.000343437
0.570941 0.328637 0.000435832
0.579335 0.285835 0.000256747
0.587733 0.226792 0.00021342
0.59613 0.164548 0.000207074
0.604524 0.11212 0.000218811
0.612921 0.0777344 0.000248398
0.621319 0.0678915 0.000265238
0.629713 0.0903062 0.000344289
0.63811 0.153931 0.000439159
0.646508 0.265724 0.000405416
0.654902 0.424621 0.000319781
0.663299 0.612991 0.000296452
0.671693 0.793276 0.000522984
0.68009 0.922401 0.00057512
0.688488 0.964585 0.000753203
0.696882 0.909257 0.000817631
0.705279 0.775404 0.000565026
0.713677 0.600939 0.000299811
0.72207 0.426903 0.000393044
0.730468 0.28511 0.000374258
0.738865 0.192872 0.000472265
0.747259 0.154387 0.00035444
0.755657 0.163958 0.000310561
0.764054 0.209021 0.000219458
0.772448 0.270067 0.000174031
0.780846 0.326495 0.000155397
0.789239 0.361664 0.000369686
0.797637 0.36455 0.000407571
0.806034 0.327691 0.000283614
0.814428 0.278285 0.000181914
0.822826 0.233215 0.000264325
0.831223 0.203756 0.000317895
0.839617 0.204484 0.00037722
