1 -1.70862e-20 -1.70862e-20 0
2 -1.71026e-20 -1.70944e-20 8.23329e-24
3 -1.70862e-20 -1.70917e-20 5.47861e-24
4 -1.70975e-20 -1.70931e-20 4.13783e-24
5 -1.71006e-20 -1.70946e-20 3.53125e-24
6 -1.70925e-20 -1.70943e-20 2.90399e-24
7 -1.70976e-20 -1.70948e-20 2.50004e-24
8 -1.70875e-20 -1.70938e-20 2.34815e-24
9 -1.70924e-20 -1.70937e-20 2.07675e-24
10 -1.7081e-20 -1.70924e-20 2.2479e-24
11 -1.70606e-20 -1.70895e-20 3.53266e-24
12 -1.71041e-20 -1.70908e-20 3.447e-24
13 -1.70863e-20 -1.70904e-20 3.18881e-24
14 -1.70911e-20 -1.70905e-20 2.95271e-24
15 -1.70776e-20 -1.70896e-20 2.88023e-24
16 -1.70712e-20 -1.70884e-20 2.92876e-24
17 -1.70753e-20 -1.70877e-20 2.85732e-24
18 -1.7086e-20 -1.70876e-20 2.69547e-24
19 -1.70712e-20 -1.70867e-20 2.69126e-24
20 -1.71014e-20 -1.70875e-20 2.65673e-24
