-5.50803 0
-5.50793 0.00010125
-5.5084 0.000476417
-5.50814 0.000426593
-5.50791 0.000401617
-5.50802 0.000344704
-5.50812 0.000310433
-5.50801 0.000292434
-5.50804 0.000260231
-5.50794 0.000255697
-5.5082 0.000350248
-5.50842 0.000387646
-5.5086 0.00040193
-5.50876 0.000404649
-5.5089 0.000401111
-5.50902 0.000394096
-5.50913 0.000385167
-5.50922 0.000375246
-5.50931 0.000364889
-5.50938 0.000354439
-5.50945 0.000344104
-5.50951 0.000334014
-5.50957 0.000324242
-5.50962 0.000314832
-5.50967 0.000305802
-5.50972 0.000297158
-5.50976 0.000288895
-5.5098 0.000281005
-5.50983 0.000273473
-5.50987 0.000266285
-5.5099 0.000259424
-5.50993 0.000252873
-5.50995 0.000246617
-5.50998 0.00024064
-5.51 0.000234925
-5.51003 0.000229457
-5.51005 0.000224224
-5.51007 0.000219212
-5.51009 0.000214408
-5.51011 0.0002098
-5.51012 0.000205378
-5.51014 0.000201132
-5.51016 0.000197051
-5.51017 0.000193127
-5.51019 0.000189351
-5.5102 0.000185715
-5.51021 0.000182213
-5.51023 0.000178837
-5.51024 0.000175581
-5.51025 0.000172438
-5.51026 0.000169404
-5.51027 0.000166472
-5.51028 0.000163638
-5.51029 0.000160897
-5.5103 0.000158244
-5.51031 0.000155676
-5.51032 0.000153189
-5.51033 0.000150779
-5.51034 0.000148442
-5.51035 0.000146176
-5.51036 0.000143977
-5.51036 0.000141842
-5.51037 0.000139769
-5.51038 0.000137755
-5.51038 0.000135797
-5.51039 0.000133894
-5.5104 0.000132042
-5.5104 0.000130241
-5.51041 0.000128488
-5.51042 0.00012678
-5.51042 0.000125117
-5.51043 0.000123497
-5.51043 0.000121918
-5.51044 0.000120378
-5.51044 0.000118877
-5.51045 0.000117412
-5.51045 0.000115983
-5.51046 0.000114587
-5.51046 0.000113225
-5.51047 0.000111894
-5.51047 0.000110594
-5.51048 0.000109324
-5.51048 0.000108083
-5.51049 0.000106869
-5.51049 0.000105682
-5.51049 0.000104521
-5.5105 0.000103385
-5.5105 0.000102273
-5.5105 0.000101185
-5.51051 0.000100119
-5.51051 9.9076e-05
-5.51052 9.80541e-05
-5.51052 9.70529e-05
-5.51052 9.60719e-05
-5.51053 9.51104e-05
-5.51053 9.41679e-05
-5.51053 9.32439e-05
-5.51053 9.23377e-05
-5.51054 9.14488e-05
-5.51054 9.05769e-05
