-6.67591 0
-6.67859 0.002682
-6.6797 0.00190616
-6.68145 0.00220637
-6.67958 0.00253236
-6.68182 0.00304723
-6.68201 0.00258227
-6.68144 0.00230667
-6.68313 0.00264458
-6.68184 0.00269751
-6.68206 0.00245034
-6.68225 0.00224468
-6.68241 0.00207089
-6.68254 0.00192209
-6.68266 0.00179325
-6.68276 0.00168059
-6.68285 0.00158126
-6.68294 0.00149302
-6.68301 0.00141411
-6.68307 0.00134312
-6.68313 0.00127892
-6.68319 0.00122058
-6.68323 0.00116733
-6.68328 0.00111853
-6.68332 0.00107365
-6.68336 0.00103223
-6.68339 0.00099389
-6.68343 0.000958296
-6.68346 0.000925163
-6.68349 0.000894245
-6.68351 0.000865327
-6.68354 0.00083822
-6.68356 0.00081276
-6.68358 0.000788802
-6.6836 0.000766215
-6.68362 0.000744886
-6.68364 0.000724713
-6.68366 0.000705603
-6.68368 0.000687476
-6.68369 0.000670256
-6.68371 0.000653878
-6.68372 0.000638282
-6.68373 0.000623412
-6.68375 0.000609219
-6.68376 0.000595658
-6.68377 0.000582688
-6.68378 0.00057027
-6.68379 0.000558371
-6.6838 0.000546958
-6.68382 0.000536002
-6.68382 0.000525477
-6.68383 0.000515357
-6.68384 0.00050562
-6.68385 0.000496243
-6.68386 0.000487208
-6.68387 0.000478497
-6.68388 0.000470091
-6.68388 0.000461975
-6.68389 0.000454135
-6.6839 0.000446557
-6.6839 0.000439228
-6.68391 0.000432135
-6.68392 0.000425267
-6.68392 0.000418615
-6.68393 0.000412167
-6.68394 0.000405915
-6.68394 0.00039985
-6.68395 0.000393963
-6.68395 0.000388248
-6.68396 0.000382695
-6.68396 0.0003773
-6.68397 0.000372054
-6.68397 0.000366952
-6.68398 0.000361988
-6.68398 0.000357157
-6.68398 0.000352453
-6.68399 0.000347871
-6.68399 0.000343407
-6.684 0.000339056
-6.684 0.000334814
-6.684 0.000330677
-6.68401 0.00032664
-6.68401 0.000322701
-6.68402 0.000318856
-6.68402 0.000315102
-6.68402 0.000311435
-6.68403 0.000307852
-6.68403 0.000304351
-6.68403 0.000300928
-6.68404 0.000297582
-6.68404 0.000294309
-6.68404 0.000291107
-6.68404 0.000287975
-6.68405 0.000284909
-6.68405 0.000281907
-6.68405 0.000278969
-6.68405 0.00027609
-6.68406 0.000273271
-6.68406 0.000270509
-6.68406 0.000267802
