1.16788 0
1.17066 0.00278354
1.1713 0.00172943
1.17331 0.00235159
1.17167 0.00245133
1.1738 0.00292447
1.17388 0.00247296
1.17343 0.00218848
1.17509 0.00254254
1.1739 0.00256706
1.17386 0.00232232
1.17383 0.00212023
1.1738 0.00195052
1.17378 0.00180599
1.17376 0.00168141
1.17374 0.00157291
1.17372 0.00147758
1.17371 0.00139314
1.1737 0.00131784
1.17368 0.00125027
1.17367 0.00118928
1.17366 0.00113398
1.17366 0.00108358
1.17365 0.00103748
1.17364 0.000995143
1.17363 0.000956126
1.17363 0.000920053
1.17362 0.000886603
1.17362 0.000855501
1.17361 0.000826507
1.17361 0.000799414
1.1736 0.000774041
1.1736 0.00075023
1.1736 0.00072784
1.17359 0.000706748
1.17359 0.000686844
1.17359 0.000668031
1.17358 0.00065022
1.17358 0.000633335
1.17358 0.000617305
1.17357 0.000602066
1.17357 0.000587562
1.17357 0.00057374
1.17357 0.000560553
1.17357 0.000547959
1.17356 0.000535918
1.17356 0.000524396
1.17356 0.000513358
1.17356 0.000502776
1.17356 0.000492621
1.17355 0.000482868
1.17355 0.000473493
1.17355 0.000464476
1.17355 0.000455796
1.17355 0.000447435
1.17355 0.000439374
1.17355 0.000431599
1.17354 0.000424095
1.17354 0.000416846
1.17354 0.000409842
1.17354 0.000403069
1.17354 0.000396516
1.17354 0.000390173
1.17354 0.00038403
1.17354 0.000378077
1.17353 0.000372305
1.17353 0.000366708
1.17353 0.000361276
1.17353 0.000356003
1.17353 0.000350881
1.17353 0.000345905
1.17353 0.000341068
1.17353 0.000336365
1.17353 0.000331789
1.17353 0.000327336
1.17353 0.000323001
1.17353 0.00031878
1.17352 0.000314667
1.17352 0.000310659
1.17352 0.000306752
1.17352 0.000302942
1.17352 0.000299225
1.17352 0.000295599
1.17352 0.000292059
1.17352 0.000288604
1.17352 0.000285229
1.17352 0.000281932
1.17352 0.00027871
1.17352 0.000275561
1.17352 0.000272483
1.17352 0.000269472
1.17352 0.000266528
1.17352 0.000263647
1.17352 0.000260827
1.17352 0.000258068
1.17351 0.000255366
1.17351 0.00025272
1.17351 0.000250128
1.17351 0.000247589
1.17351 0.000245101
