0.778587 0
0.780443 0.00185541
0.780869 0.0011528
0.782208 0.00156762
0.781114 0.00163412
0.782536 0.00194959
0.78259 0.00164859
0.78229 0.00145895
0.783393 0.00169502
0.782599 0.00171136
0.782573 0.0015482
0.782552 0.00141347
0.782533 0.00130033
0.782518 0.00120398
0.782504 0.00112092
0.782492 0.00104859
0.782482 0.000985038
0.782472 0.00092875
0.782464 0.000878549
0.782457 0.000833498
0.78245 0.000792844
0.782444 0.000755972
0.782438 0.000722378
0.782433 0.000691644
0.782428 0.000663419
0.782424 0.000637407
0.78242 0.000613359
0.782416 0.000591059
0.782412 0.000570325
0.782409 0.000550996
0.782406 0.000532934
0.782403 0.000516019
0.7824 0.000500145
0.782398 0.000485219
0.782395 0.000471158
0.782393 0.000457888
0.782391 0.000445346
0.782389 0.000433473
0.782387 0.000422216
0.782385 0.00041153
0.782384 0.000401371
0.782382 0.000391701
0.78238 0.000382487
0.782379 0.000373696
0.782377 0.0003653
0.782376 0.000357273
0.782375 0.000349591
0.782373 0.000342233
0.782372 0.000335178
0.782371 0.000328408
0.78237 0.000321906
0.782369 0.000315657
0.782368 0.000309646
0.782367 0.000303859
0.782366 0.000298285
0.782365 0.000292911
0.782364 0.000287728
0.782363 0.000282725
0.782362 0.000277893
0.782362 0.000273223
0.782361 0.000268708
0.78236 0.000264339
0.782359 0.000260111
0.782359 0.000256015
0.782358 0.000252047
0.782357 0.000248199
0.782357 0.000244468
0.782356 0.000240847
0.782355 0.000237331
0.782355 0.000233917
0.782354 0.000230599
0.782354 0.000227375
0.782353 0.000224239
0.782353 0.000221189
0.782352 0.00021822
0.782352 0.00021533
0.782351 0.000212516
0.782351 0.000209774
0.78235 0.000207102
0.78235 0.000204498
0.782349 0.000201958
0.782349 0.00019948
0.782348 0.000197063
0.782348 0.000194703
0.782348 0.000192399
0.782347 0.000190149
0.782347 0.000187951
0.782346 0.000185803
0.782346 0.000183704
0.782346 0.000181652
0.782345 0.000179645
0.782345 0.000177682
0.782345 0.000175761
0.782344 0.000173882
0.782344 0.000172042
0.782344 0.000170241
0.782343 0.000168477
0.782343 0.000166749
0.782343 0.000165056
0.782343 0.000163398
