9.74995 0
10.21 0.460064
10.3524 0.301366
10.1589 0.287864
10.1771 0.223724
10.1818 0.182732
10.2369 0.163954
10.1928 0.14869
10.1269 0.146729
10.1725 0.13891
10.1533 0.127102
10.133 0.117795
10.1878 0.121437
10.194 0.112601
10.1422 0.116932
10.131 0.109956
10.148 0.10469
10.1544 0.0989074
10.1777 0.0964115
10.1721 0.0916352
10.1618 0.0877657
10.171 0.0841789
10.1664 0.0805637
10.163 0.0772106
10.1592 0.0741522
10.1691 0.0719243
10.1741 0.0693858
10.1697 0.0670062
10.1511 0.0672717
10.1736 0.0687845
10.1759 0.0665675
10.1645 0.0654585
10.1615 0.0635127
10.1642 0.0616759
10.1606 0.059998
10.1607 0.0583077
10.1591 0.0567336
10.1562 0.0552947
10.1626 0.0542354
10.1577 0.0530867
10.154 0.0519074
10.1515 0.0507193
10.1573 0.0498635
10.1563 0.0487265
10.1633 0.0481415
10.1664 0.0471867
10.1492 0.0492913
10.1473 0.0482895
10.1629 0.0498085
10.1671 0.0489814
10.1584 0.0487984
10.1635 0.0481196
10.1657 0.0472578
10.1536 0.0479449
10.1614 0.0477109
10.1609 0.0468543
10.1669 0.046419
10.1683 0.0456322
10.1637 0.0450882
10.155 0.0451696
10.158 0.0445247
10.1618 0.0439642
10.1614 0.0432623
10.1583 0.0426916
10.1545 0.0422071
10.1573 0.0416601
10.1549 0.0411026
10.1476 0.0411589
10.1547 0.0411712
10.1545 0.0405789
10.1548 0.0400039
10.1549 0.0394447
10.1528 0.0389569
10.151 0.0384719
10.1502 0.0379641
10.1573 0.0381457
10.1569 0.0376492
10.1528 0.0373911
10.149 0.0371134
10.1556 0.0372339
10.1527 0.0368824
10.1463 0.0369927
10.1459 0.0365459
10.1486 0.0362046
10.153 0.0360508
10.1501 0.0357478
10.1519 0.0353798
10.1548 0.0350929
10.1513 0.0348653
10.1456 0.0349503
10.1513 0.035027
10.1552 0.0348618
10.1512 0.0347129
10.1484 0.034455
10.1513 0.0342099
10.1522 0.033864
10.1488 0.0336776
10.1493 0.0333352
10.1509 0.0330341
10.1525 0.0327404
