1 -0.440878 0
2 -0.441704 0.000826247
3 -0.440044 0.00172803
4 -0.438042 0.00234517
5 -0.438425 0.0018565
6 -0.439023 0.00162961
7 -0.438079 0.00166981
8 -0.438592 0.00153453
9 -0.43832 0.00138049
10 -0.438504 0.00124844
11 -0.43888 0.00119009
12 -0.439323 0.00117337
13 -0.439976 0.00126153
14 -0.440968 0.00153196
15 -0.440878 0.00142902
16 -0.440936 0.00133802
17 -0.441286 0.00130459
18 -0.441732 0.00130822
19 -0.442024 0.00127143
20 -0.44213 0.00121088
21 -0.441941 0.00116725
22 -0.44234 0.00118227
23 -0.442451 0.00113517
24 -0.442006 0.00117431
25 -0.442092 0.00112963
26 -0.442228 0.00109374
27 -0.442299 0.00105486
28 -0.442428 0.00102469
29 -0.442051 0.00105846
30 -0.441968 0.00102587
31 -0.441874 0.00099675
32 -0.442021 0.000976368
33 -0.442292 0.000984084
34 -0.442158 0.000964035
35 -0.442326 0.00095106
36 -0.442423 0.000929331
37 -0.442231 0.00092398
38 -0.442294 0.000901519
39 -0.442356 0.000880278
40 -0.442276 0.000861676
41 -0.442327 0.000841974
42 -0.44245 0.000830799
43 -0.442366 0.000815634
44 -0.442473 0.0008041
45 -0.442529 0.000787988
46 -0.442546 0.000770872
47 -0.442626 0.000758497
48 -0.442828 0.000769345
49 -0.442998 0.000772428
50 -0.443126 0.000767669
51 -0.443068 0.000754743
52 -0.442977 0.000745588
53 -0.443012 0.000732197
54 -0.44295 0.00072116
55 -0.442708 0.000748066
56 -0.442669 0.000735639
57 -0.442699 0.000723228
58 -0.442802 0.000718097
59 -0.44286 0.000708235
60 -0.443039 0.000719003
61 -0.443075 0.000708015
62 -0.443116 0.000697693
63 -0.443067 0.000688279
64 -0.443039 0.000678003
65 -0.443083 0.000668913
66 -0.443198 0.00066871
67 -0.443244 0.000660246
68 -0.443336 0.000656981
69 -0.443403 0.000650893
70 -0.443426 0.00064193
71 -0.443275 0.000650684
72 -0.443289 0.000641734
73 -0.443236 0.000635076
74 -0.44327 0.000627344
75 -0.443352 0.000624365
76 -0.44327 0.000621501
77 -0.443235 0.000614405
78 -0.443276 0.000607896
79 -0.443276 0.000600152
80 -0.443301 0.000593115
81 -0.443289 0.000585854
82 -0.443259 0.000579472
83 -0.443274 0.000572653
84 -0.443229 0.000567595
85 -0.443109 0.000573479
86 -0.443205 0.000574753
87 -0.443154 0.00057043
88 -0.443127 0.000564543
89 -0.443213 0.000564785
90 -0.443209 0.000558492
91 -0.443174 0.000553399
92 -0.443233 0.000550548
93 -0.443309 0.000549848
94 -0.443342 0.000544958
95 -0.443328 0.000539379
96 -0.443416 0.000540917
97 -0.443388 0.000536017
98 -0.443337 0.000532976
99 -0.443324 0.000527726
100 -0.443316 0.000522478
