0.0219752 0 0
0.0439504 0 0
0.0659257 0 0
0.0879009 0 0
0.109876 0 0
0.131851 0 0
0.153827 0 0
0.175802 0 0
0.197777 0 0
0.219752 0 0
0.241727 0 0
0.263703 0 0
0.285678 0 0
0.307653 0.000259388 2.67637e-05
0.329629 0.0445203 0.000280403
0.351604 0.318393 0.000953904
0.373578 0.617885 0.00140596
0.395553 0.692281 0.00165555
0.41753 0.637442 0.00146437
0.439504 0.563326 0.000970635
0.461479 0.498994 0.00127793
0.483456 0.452074 0.00104899
0.50543 0.416619 0.00116069
0.527405 0.391874 0.000607063
0.549382 0.373691 0.000720929
0.571356 0.36072 0.000698098
0.593331 0.35172 0.000562421
0.615308 0.345787 0.000708166
0.637282 0.342567 0.00059704
0.659257 0.338949 0.000483364
0.681231 0.338203 0.000447335
0.703208 0.338276 0.000361145
0.725183 0.3378 0.000612262
0.747157 0.337287 0.000484599
0.769134 0.336752 0.000483864
0.791109 0.335934 0.000403825
0.813083 0.334212 0.000465276
0.83506 0.333311 0.000498858
0.857035 0.3313 0.000271218
0.879009 0.330292 0.000392323
0.900983 0.329159 0.000278594
0.922961 0.327745 0.000294511
0.944935 0.328389 0.000427251
0.966909 0.327608 0.000436033
0.988887 0.326964 0.000325231
1.01086 0.326802 0.000355507
1.03283 0.326381 0.000335376
1.05481 0.326595 0.000266504
1.07679 0.326326 0.000302724
1.09876 0.326226 0.000336591
1.12074 0.326242 0.000351958
1.14271 0.326077 0.000286061
1.16469 0.325936 0.000213639
1.18666 0.325926 0.000281477
1.20864 0.325585 0.000263416
1.23061 0.326166 0.000241243
1.25259 0.325518 0.000253028
1.27456 0.326017 0.000267049
1.29654 0.325824 0.00026488
1.31851 0.325599 0.000218266
1.34049 0.325934 0.000150392
1.36247 0.325915 0.000279184
1.38444 0.325909 0.000210501
1.40641 0.32608 0.000252216
1.42839 0.326029 0.00020251
1.45037 0.325885 0.000203781
1.47234 0.326327 0.000236734
1.49432 0.326271 0.00018435
1.51629 0.326162 0.000213928
1.53827 0.326541 0.000211918
1.56024 0.326347 0.000263401
1.58222 0.326788 0.000220759
1.60419 0.326569 0.00018607
1.62617 0.327026 0.000190906
1.64814 0.326961 0.000187723
1.67012 0.326934 0.000226976
1.69209 0.327051 0.000169297
1.71407 0.327009 0.000230552
1.73604 0.326812 0.000180379
1.75802 0.327151 0.000216488
1.78 0.327341 0.00017063
1.80197 0.327062 0.000202021
1.82394 0.327339 0.000146828
1.84592 0.327822 0.000178327
1.8679 0.327473 0.000253174
1.88987 0.327312 0.000178414
1.91184 0.327482 0.000232687
1.93382 0.328015 0.00019954
1.9558 0.32779 0.000168637
1.97777 0.327958 0.00016078
1.99975 0.327799 0.000174955
2.02172 0.32821 0.000152301
2.0437 0.328022 0.000151298
2.06567 0.327914 0.000119246
2.08765 0.328542 0.000177512
2.10962 0.328339 0.00012648
2.1316 0.328265 0.000126799
2.15357 0.328746 0.000154607
2.17555 0.328652 0.000190211
2.19752 0.328449 0.000132383
