1 -6.8781e-22 -6.8781e-22 0
2 -6.8557e-22 -6.8669e-22 1.11958e-24
3 -6.85843e-22 -6.86408e-22 7.05382e-25
4 -6.86471e-22 -6.86423e-22 4.99033e-25
5 -6.91415e-22 -6.87422e-22 1.07058e-24
6 -6.87876e-22 -6.87497e-22 8.77382e-25
7 -6.88613e-22 -6.87657e-22 7.58466e-25
8 -6.81226e-22 -6.86852e-22 1.03817e-24
9 -6.88014e-22 -6.86981e-22 9.24623e-25
10 -6.87758e-22 -6.87059e-22 8.30642e-25
11 -6.87585e-22 -6.87107e-22 7.52855e-25
12 -6.87657e-22 -6.87154e-22 6.88784e-25
13 -6.84528e-22 -6.86952e-22 6.65006e-25
14 -6.87752e-22 -6.87008e-22 6.18326e-25
15 -6.90514e-22 -6.87242e-22 6.21264e-25
16 -6.81295e-22 -6.8687e-22 6.89851e-25
17 -6.86531e-22 -6.86851e-22 6.48311e-25
18 -6.86943e-22 -6.86856e-22 6.11253e-25
19 -6.85424e-22 -6.86779e-22 5.83077e-25
20 -6.88865e-22 -6.86884e-22 5.629e-25
