1 2.06808e-21 2.06808e-21 0
2 2.0576e-21 2.06284e-21 5.24045e-24
3 2.07227e-21 2.06598e-21 4.36186e-24
4 2.0648e-21 2.06569e-21 3.09847e-24
5 2.06883e-21 2.06631e-21 2.48095e-24
6 2.06049e-21 2.06534e-21 2.24674e-24
7 2.06061e-21 2.06467e-21 2.01567e-24
8 2.07917e-21 2.06648e-21 2.51634e-24
9 2.06383e-21 2.06618e-21 2.23862e-24
10 2.06026e-21 2.06559e-21 2.08815e-24
11 2.07126e-21 2.06611e-21 1.95772e-24
12 2.06573e-21 2.06607e-21 1.78742e-24
13 2.06252e-21 2.0658e-21 1.6668e-24
14 2.06914e-21 2.06604e-21 1.5615e-24
15 2.06701e-21 2.0661e-21 1.45511e-24
16 2.07663e-21 2.06676e-21 1.51165e-24
17 2.06695e-21 2.06677e-21 1.41999e-24
18 2.05102e-21 2.0659e-21 1.59953e-24
19 2.06199e-21 2.06569e-21 1.52694e-24
20 2.06836e-21 2.06583e-21 1.45474e-24
