1 2.30337e-21 2.30337e-21 0
2 2.29169e-21 2.29753e-21 5.83665e-24
3 2.30803e-21 2.30103e-21 4.8581e-24
4 2.29971e-21 2.3007e-21 3.45098e-24
5 2.3042e-21 2.3014e-21 2.76321e-24
6 2.2949e-21 2.30031e-21 2.50235e-24
7 2.29504e-21 2.29956e-21 2.24499e-24
8 2.31571e-21 2.30158e-21 2.80263e-24
9 2.29863e-21 2.30125e-21 2.49331e-24
10 2.29465e-21 2.3006e-21 2.32571e-24
11 2.3069e-21 2.30117e-21 2.18044e-24
12 2.30075e-21 2.30113e-21 1.99077e-24
13 2.29717e-21 2.30083e-21 1.85643e-24
14 2.30455e-21 2.30109e-21 1.73915e-24
15 2.30217e-21 2.30116e-21 1.62066e-24
16 2.31288e-21 2.3019e-21 1.68363e-24
17 2.30211e-21 2.30191e-21 1.58154e-24
18 2.28436e-21 2.30093e-21 1.78151e-24
19 2.29658e-21 2.3007e-21 1.70066e-24
20 2.30368e-21 2.30085e-21 1.62024e-24
