1 -9.40007e-22 -9.40007e-22 0
2 -9.36945e-22 -9.38476e-22 1.5301e-24
3 -9.37319e-22 -9.38091e-22 9.64022e-25
4 -9.38177e-22 -9.38112e-22 6.82012e-25
5 -9.44934e-22 -9.39477e-22 1.46312e-24
6 -9.40097e-22 -9.39579e-22 1.19909e-24
7 -9.41105e-22 -9.39798e-22 1.03657e-24
8 -9.31009e-22 -9.38698e-22 1.41883e-24
9 -9.40285e-22 -9.38875e-22 1.26365e-24
10 -9.39937e-22 -9.38981e-22 1.13521e-24
11 -9.39699e-22 -9.39047e-22 1.0289e-24
12 -9.39798e-22 -9.3911e-22 9.41338e-25
13 -9.35521e-22 -9.38834e-22 9.08841e-25
14 -9.39928e-22 -9.38911e-22 8.45046e-25
15 -9.43702e-22 -9.3923e-22 8.4906e-25
16 -9.31104e-22 -9.38723e-22 9.42796e-25
17 -9.38259e-22 -9.38696e-22 8.86024e-25
18 -9.38823e-22 -9.38703e-22 8.3538e-25
19 -9.36746e-22 -9.38598e-22 7.96871e-25
20 -9.41449e-22 -9.38741e-22 7.69297e-25
