0.0235264 0 0
0.0470528 0 0
0.0705792 0 0
0.0941056 0 0
0.117632 0 0
0.141158 0 0
0.164685 0 0
0.188211 0 0
0.211738 0 0
0.235264 0 0
0.258791 0 0
0.282317 0 0
0.305844 0 0
0.32937 0.000277698 2.8653e-05
0.352897 0.0476629 0.000300197
0.376423 0.340868 0.00102124
0.399949 0.661501 0.0015052
0.423474 0.741148 0.00177241
0.447003 0.682438 0.00156774
0.470528 0.60309 0.00103915
0.494054 0.534217 0.00136813
0.517583 0.483985 0.00112304
0.541108 0.446027 0.00124262
0.564633 0.419535 0.000649915
0.588162 0.400069 0.000771818
0.611687 0.386182 0.000747376
0.635213 0.376547 0.000602122
0.658742 0.370195 0.000758154
0.682267 0.366748 0.000639184
0.705792 0.362875 0.000517484
0.729318 0.362077 0.000478911
0.752847 0.362154 0.000386637
0.776372 0.361645 0.00065548
0.799897 0.361095 0.000518806
0.823426 0.360523 0.000518019
0.846952 0.359647 0.00043233
0.870477 0.357803 0.000498119
0.894006 0.356839 0.000534072
0.917531 0.354686 0.000290362
0.941056 0.353607 0.000420016
0.964582 0.352393 0.000298259
0.988111 0.35088 0.0003153
1.01164 0.35157 0.00045741
1.03516 0.350734 0.000466812
1.05869 0.350044 0.000348189
1.08222 0.349871 0.000380602
1.10574 0.34942 0.00035905
1.12927 0.349649 0.000285316
1.1528 0.34936 0.000324092
1.17632 0.349254 0.000360351
1.19985 0.34927 0.000376802
1.22337 0.349094 0.000306254
1.2469 0.348943 0.000228719
1.27043 0.348932 0.000301346
1.29395 0.348567 0.00028201
1.31748 0.34919 0.000258271
1.34101 0.348496 0.000270888
1.36453 0.34903 0.0002859
1.38806 0.348824 0.000283577
1.41158 0.348582 0.000233673
1.43511 0.348941 0.000161008
1.45864 0.348921 0.000298891
1.48216 0.348914 0.00022536
1.50569 0.349097 0.000270019
1.52922 0.349043 0.000216805
1.55274 0.348888 0.000218166
1.57627 0.349362 0.000253444
1.5998 0.349302 0.000197363
1.62332 0.349185 0.000229029
1.64685 0.349591 0.000226876
1.67038 0.349384 0.000281994
1.6939 0.349855 0.000236342
1.71743 0.349621 0.000199205
1.74096 0.35011 0.000204381
1.76448 0.350041 0.000200974
1.78801 0.350012 0.000242998
1.81153 0.350137 0.000181248
1.83506 0.350092 0.000246826
1.85859 0.349882 0.000193112
1.88211 0.350244 0.00023177
1.90564 0.350448 0.000182674
1.92917 0.350148 0.000216282
1.95269 0.350445 0.000157192
1.97622 0.350962 0.000190914
1.99975 0.350589 0.000271045
2.02327 0.350416 0.000191008
2.0468 0.350598 0.000249112
2.07033 0.351169 0.000213625
2.09385 0.350928 0.00018054
2.11738 0.351108 0.000172129
2.14091 0.350938 0.000187305
2.16443 0.351378 0.000163052
2.18796 0.351176 0.000161978
2.21149 0.351061 0.000127663
2.23501 0.351734 0.000190042
2.25854 0.351516 0.000135408
2.28206 0.351437 0.000135749
2.30559 0.351951 0.000165521
2.32912 0.351851 0.000203637
2.35264 0.351633 0.000141727
